2022-02-07 09:29:29,480 INFO ('Client samples sizes:', array([ 730, 1400,  894, 1101,  663, 1359,  780, 1018,  490, 1136, 1994,
        946,  461, 1197,  -43,  613, 1428,  413,  534,  912, 1373, 1566,
       1480,  378,  462,  306, 1325, 1286,  773, 1189,  777, 1802,  683,
        527,  919, 1953, 1732, 1014,  547, 1974, 1054,  587,  721,   72,
        948,  449, 2113, 1219, 1530, 1214]), 'total:', 49999)
2022-02-07 09:29:44,295 INFO ROUND 1
2022-02-07 09:30:16,107 INFO ROUND 2
2022-02-07 09:30:47,986 INFO ROUND 3
2022-02-07 09:31:20,258 INFO ROUND 4
2022-02-07 09:31:52,762 INFO ROUND 5
2022-02-07 09:32:27,465 INFO Server -> Test: Loss 1.814 | Accuracy = 34.810
2022-02-07 09:32:27,523 INFO ROUND 6
2022-02-07 09:32:59,539 INFO ROUND 7
2022-02-07 09:33:32,014 INFO ROUND 8
2022-02-07 09:34:04,530 INFO ROUND 9
2022-02-07 09:34:37,251 INFO ROUND 10
2022-02-07 09:35:15,424 INFO Server -> Test: Loss 1.513 | Accuracy = 44.190
2022-02-07 09:35:15,511 INFO ROUND 11
2022-02-07 09:35:48,589 INFO ROUND 12
2022-02-07 09:36:21,951 INFO ROUND 13
2022-02-07 09:36:55,268 INFO ROUND 14
2022-02-07 09:37:28,717 INFO ROUND 15
2022-02-07 09:38:04,864 INFO Server -> Test: Loss 1.374 | Accuracy = 49.870
2022-02-07 09:38:04,925 INFO ROUND 16
2022-02-07 09:38:38,517 INFO ROUND 17
2022-02-07 09:39:13,381 INFO ROUND 18
2022-02-07 09:39:47,395 INFO ROUND 19
2022-02-07 09:40:21,310 INFO ROUND 20
2022-02-07 09:40:58,117 INFO Server -> Test: Loss 1.272 | Accuracy = 53.920
2022-02-07 09:40:58,199 INFO ROUND 21
2022-02-07 09:41:32,383 INFO ROUND 22
2022-02-07 09:42:06,632 INFO ROUND 23
2022-02-07 09:42:40,947 INFO ROUND 24
2022-02-07 09:43:15,567 INFO ROUND 25
2022-02-07 09:43:52,826 INFO Server -> Test: Loss 1.198 | Accuracy = 57.440
2022-02-07 09:43:52,884 INFO ROUND 26
2022-02-07 09:44:27,852 INFO ROUND 27
2022-02-07 09:45:02,829 INFO ROUND 28
2022-02-07 09:45:37,857 INFO ROUND 29
2022-02-07 09:46:13,140 INFO ROUND 30
2022-02-07 09:46:51,523 INFO Server -> Test: Loss 1.136 | Accuracy = 59.450
2022-02-07 09:46:51,584 INFO ROUND 31
2022-02-07 09:47:26,825 INFO ROUND 32
2022-02-07 09:48:01,763 INFO ROUND 33
2022-02-07 09:48:37,480 INFO ROUND 34
2022-02-07 09:49:13,636 INFO ROUND 35
2022-02-07 09:49:52,757 INFO Server -> Test: Loss 1.094 | Accuracy = 61.680
2022-02-07 09:49:52,818 INFO ROUND 36
2022-02-07 09:50:29,063 INFO ROUND 37
2022-02-07 09:51:05,297 INFO ROUND 38
2022-02-07 09:51:42,093 INFO ROUND 39
2022-02-07 09:52:19,662 INFO ROUND 40
2022-02-07 09:53:00,451 INFO Server -> Test: Loss 1.054 | Accuracy = 63.120
2022-02-07 09:53:00,514 INFO ROUND 41
2022-02-07 09:53:38,881 INFO ROUND 42
2022-02-07 09:54:17,310 INFO ROUND 43
2022-02-07 09:54:55,996 INFO ROUND 44
2022-02-07 09:55:34,941 INFO ROUND 45
2022-02-07 09:56:16,880 INFO Server -> Test: Loss 1.016 | Accuracy = 64.860
2022-02-07 09:56:16,959 INFO ROUND 46
2022-02-07 09:56:56,269 INFO ROUND 47
2022-02-07 09:57:35,611 INFO ROUND 48
2022-02-07 09:58:14,983 INFO ROUND 49
2022-02-07 09:58:54,458 INFO ROUND 50
2022-02-07 09:59:38,416 INFO Server -> Test: Loss 0.999 | Accuracy = 65.870
2022-02-07 09:59:38,487 INFO ROUND 51
2022-02-07 10:00:18,148 INFO ROUND 52
2022-02-07 10:00:57,835 INFO ROUND 53
2022-02-07 10:01:37,712 INFO ROUND 54
2022-02-07 10:02:17,809 INFO ROUND 55
2022-02-07 10:03:00,601 INFO Server -> Test: Loss 0.976 | Accuracy = 66.610
2022-02-07 10:03:00,666 INFO ROUND 56
2022-02-07 10:03:41,013 INFO ROUND 57
2022-02-07 10:04:21,350 INFO ROUND 58
2022-02-07 10:05:01,951 INFO ROUND 59
2022-02-07 10:05:42,631 INFO ROUND 60
2022-02-07 10:06:26,170 INFO Server -> Test: Loss 0.969 | Accuracy = 67.450
2022-02-07 10:06:26,233 INFO ROUND 61
2022-02-07 10:07:07,463 INFO ROUND 62
2022-02-07 10:07:48,769 INFO ROUND 63
2022-02-07 10:08:30,470 INFO ROUND 64
2022-02-07 10:09:12,166 INFO ROUND 65
2022-02-07 10:09:57,050 INFO Server -> Test: Loss 0.974 | Accuracy = 67.850
2022-02-07 10:09:57,107 INFO ROUND 66
2022-02-07 10:10:39,472 INFO ROUND 67
2022-02-07 10:11:22,001 INFO ROUND 68
2022-02-07 10:12:04,609 INFO ROUND 69
2022-02-07 10:12:46,771 INFO ROUND 70
2022-02-07 10:13:31,958 INFO Server -> Test: Loss 0.966 | Accuracy = 68.100
2022-02-07 10:13:32,027 INFO ROUND 71
2022-02-07 10:14:14,656 INFO ROUND 72
2022-02-07 10:14:57,401 INFO ROUND 73
2022-02-07 10:15:40,421 INFO ROUND 74
2022-02-07 10:16:23,274 INFO ROUND 75
2022-02-07 10:17:09,239 INFO Server -> Test: Loss 0.969 | Accuracy = 68.870
2022-02-07 10:17:09,303 INFO ROUND 76
2022-02-07 10:17:52,520 INFO ROUND 77
2022-02-07 10:18:35,819 INFO ROUND 78
2022-02-07 10:19:19,327 INFO ROUND 79
2022-02-07 10:20:03,283 INFO ROUND 80
2022-02-07 10:20:49,481 INFO Server -> Test: Loss 0.978 | Accuracy = 68.930
2022-02-07 10:20:49,543 INFO ROUND 81
2022-02-07 10:21:32,002 INFO ROUND 82
2022-02-07 10:22:14,940 INFO ROUND 83
2022-02-07 10:22:57,835 INFO ROUND 84
2022-02-07 10:23:41,250 INFO ROUND 85
2022-02-07 10:24:29,109 INFO Server -> Test: Loss 0.964 | Accuracy = 69.390
2022-02-07 10:24:29,170 INFO ROUND 86
2022-02-07 10:25:12,397 INFO ROUND 87
2022-02-07 10:25:55,709 INFO ROUND 88
2022-02-07 10:26:39,073 INFO ROUND 89
2022-02-07 10:27:22,713 INFO ROUND 90
2022-02-07 10:28:09,070 INFO Server -> Test: Loss 0.979 | Accuracy = 69.740
2022-02-07 10:28:09,134 INFO ROUND 91
2022-02-07 10:28:52,869 INFO ROUND 92
2022-02-07 10:29:36,967 INFO ROUND 93
2022-02-07 10:30:21,288 INFO ROUND 94
2022-02-07 10:31:05,618 INFO ROUND 95
2022-02-07 10:31:52,754 INFO Server -> Test: Loss 0.989 | Accuracy = 69.870
2022-02-07 10:31:52,814 INFO ROUND 96
2022-02-07 10:32:37,946 INFO ROUND 97
2022-02-07 10:33:22,726 INFO ROUND 98
2022-02-07 10:34:07,689 INFO ROUND 99
2022-02-07 10:34:53,118 INFO ROUND 100
2022-02-07 10:35:41,463 INFO Server -> Test: Loss 1.004 | Accuracy = 70.140
2022-02-07 10:35:41,543 INFO ROUND 101
2022-02-07 10:36:27,287 INFO ROUND 102
2022-02-07 10:37:13,162 INFO ROUND 103
2022-02-07 10:37:58,787 INFO ROUND 104
2022-02-07 10:38:44,665 INFO ROUND 105
2022-02-07 10:39:33,764 INFO Server -> Test: Loss 1.026 | Accuracy = 69.810
2022-02-07 10:39:33,823 INFO ROUND 106
2022-02-07 10:40:20,264 INFO ROUND 107
2022-02-07 10:41:06,845 INFO ROUND 108
2022-02-07 10:41:53,454 INFO ROUND 109
2022-02-07 10:42:40,224 INFO ROUND 110
2022-02-07 10:43:29,852 INFO Server -> Test: Loss 1.048 | Accuracy = 70.180
2022-02-07 10:43:29,913 INFO ROUND 111
2022-02-07 10:44:16,630 INFO ROUND 112
2022-02-07 10:45:03,470 INFO ROUND 113
2022-02-07 10:45:50,328 INFO ROUND 114
2022-02-07 10:46:37,300 INFO ROUND 115
2022-02-07 10:47:27,245 INFO Server -> Test: Loss 1.061 | Accuracy = 70.270
2022-02-07 10:47:27,301 INFO ROUND 116
2022-02-07 10:48:14,646 INFO ROUND 117
2022-02-07 10:49:02,309 INFO ROUND 118
2022-02-07 10:49:49,965 INFO ROUND 119
2022-02-07 10:50:37,820 INFO ROUND 120
2022-02-07 10:51:28,718 INFO Server -> Test: Loss 1.090 | Accuracy = 70.260
2022-02-07 10:51:28,780 INFO ROUND 121
2022-02-07 10:52:17,119 INFO ROUND 122
2022-02-07 10:53:05,552 INFO ROUND 123
2022-02-07 10:53:54,126 INFO ROUND 124
2022-02-07 10:54:43,275 INFO ROUND 125
2022-02-07 10:55:35,221 INFO Server -> Test: Loss 1.097 | Accuracy = 70.200
2022-02-07 10:55:35,280 INFO ROUND 126
2022-02-07 10:56:24,275 INFO ROUND 127
2022-02-07 10:57:12,991 INFO ROUND 128
2022-02-07 10:58:04,388 INFO ROUND 129
2022-02-07 10:58:53,873 INFO ROUND 130
2022-02-07 10:59:46,380 INFO Server -> Test: Loss 1.167 | Accuracy = 69.490
2022-02-07 10:59:46,452 INFO ROUND 131
2022-02-07 11:00:36,806 INFO ROUND 132
2022-02-07 11:01:27,359 INFO ROUND 133
2022-02-07 11:02:18,210 INFO ROUND 134
2022-02-07 11:03:09,250 INFO ROUND 135
2022-02-07 11:04:04,503 INFO Server -> Test: Loss 1.172 | Accuracy = 69.940
2022-02-07 11:04:04,566 INFO ROUND 136
2022-02-07 11:04:56,911 INFO ROUND 137
2022-02-07 11:05:48,292 INFO ROUND 138
2022-02-07 11:06:39,570 INFO ROUND 139
2022-02-07 11:07:30,256 INFO ROUND 140
2022-02-07 11:08:23,783 INFO Server -> Test: Loss 1.187 | Accuracy = 69.850
2022-02-07 11:08:23,867 INFO ROUND 141
2022-02-07 11:09:14,608 INFO ROUND 142
2022-02-07 11:10:05,649 INFO ROUND 143
2022-02-07 11:10:56,373 INFO ROUND 144
2022-02-07 11:11:47,388 INFO ROUND 145
2022-02-07 11:12:41,249 INFO Server -> Test: Loss 1.210 | Accuracy = 69.930
2022-02-07 11:12:41,316 INFO ROUND 146
2022-02-07 11:13:32,656 INFO ROUND 147
2022-02-07 11:14:24,493 INFO ROUND 148
2022-02-07 11:15:16,030 INFO ROUND 149
2022-02-07 11:16:08,028 INFO ROUND 150
2022-02-07 11:17:03,022 INFO Server -> Test: Loss 1.258 | Accuracy = 69.660
2022-02-07 11:17:03,108 INFO ROUND 151
2022-02-07 11:17:55,145 INFO ROUND 152
2022-02-07 11:18:47,278 INFO ROUND 153
2022-02-07 11:19:39,561 INFO ROUND 154
2022-02-07 11:20:31,893 INFO ROUND 155
2022-02-07 11:21:27,107 INFO Server -> Test: Loss 1.292 | Accuracy = 69.710
2022-02-07 11:21:27,180 INFO ROUND 156
2022-02-07 11:22:20,102 INFO ROUND 157
2022-02-07 11:23:12,889 INFO ROUND 158
2022-02-07 11:24:05,245 INFO ROUND 159
2022-02-07 11:24:57,908 INFO ROUND 160
2022-02-07 11:25:53,335 INFO Server -> Test: Loss 1.321 | Accuracy = 69.900
2022-02-07 11:25:53,411 INFO ROUND 161
2022-02-07 11:26:46,241 INFO ROUND 162
2022-02-07 11:27:39,920 INFO ROUND 163
2022-02-07 11:28:33,777 INFO ROUND 164
2022-02-07 11:29:28,553 INFO ROUND 165
2022-02-07 11:30:26,354 INFO Server -> Test: Loss 1.333 | Accuracy = 70.010
2022-02-07 11:30:26,417 INFO ROUND 166
2022-02-07 11:31:22,091 INFO ROUND 167
2022-02-07 11:32:17,020 INFO ROUND 168
2022-02-07 11:33:11,921 INFO ROUND 169
2022-02-07 11:34:06,719 INFO ROUND 170
2022-02-07 11:35:04,666 INFO Server -> Test: Loss 1.378 | Accuracy = 69.880
2022-02-07 11:35:04,723 INFO ROUND 171
2022-02-07 11:36:00,480 INFO ROUND 172
2022-02-07 11:36:55,875 INFO ROUND 173
2022-02-07 11:37:51,416 INFO ROUND 174
2022-02-07 11:38:49,903 INFO ROUND 175
2022-02-07 11:39:50,310 INFO Server -> Test: Loss 1.411 | Accuracy = 70.200
2022-02-07 11:39:50,370 INFO ROUND 176
2022-02-07 11:40:47,630 INFO ROUND 177
2022-02-07 11:41:45,071 INFO ROUND 178
2022-02-07 11:42:42,207 INFO ROUND 179
2022-02-07 11:43:40,052 INFO ROUND 180
2022-02-07 11:44:43,806 INFO Server -> Test: Loss 1.413 | Accuracy = 69.980
2022-02-07 11:44:43,871 INFO ROUND 181
2022-02-07 11:45:42,668 INFO ROUND 182
2022-02-07 11:46:42,100 INFO ROUND 183
2022-02-07 11:47:41,107 INFO ROUND 184
2022-02-07 11:48:39,390 INFO ROUND 185
2022-02-07 11:49:41,027 INFO Server -> Test: Loss 1.424 | Accuracy = 70.010
2022-02-07 11:49:41,086 INFO ROUND 186
2022-02-07 11:50:39,685 INFO ROUND 187
2022-02-07 11:51:38,392 INFO ROUND 188
2022-02-07 11:52:36,758 INFO ROUND 189
2022-02-07 11:53:35,335 INFO ROUND 190
2022-02-07 11:54:37,045 INFO Server -> Test: Loss 1.470 | Accuracy = 70.060
2022-02-07 11:54:37,101 INFO ROUND 191
2022-02-07 11:55:35,756 INFO ROUND 192
2022-02-07 11:56:34,177 INFO ROUND 193
2022-02-07 11:57:33,559 INFO ROUND 194
2022-02-07 11:58:33,963 INFO ROUND 195
2022-02-07 11:59:38,064 INFO Server -> Test: Loss 1.486 | Accuracy = 69.890
2022-02-07 11:59:38,122 INFO ROUND 196
2022-02-07 12:00:39,009 INFO ROUND 197
2022-02-07 12:01:39,983 INFO ROUND 198
2022-02-07 12:02:41,470 INFO ROUND 199
2022-02-07 12:03:43,845 INFO ROUND 200
2022-02-07 12:04:49,079 INFO Server -> Test: Loss 1.502 | Accuracy = 69.920
2022-02-07 12:04:49,138 INFO ROUND 201
2022-02-07 12:05:51,054 INFO ROUND 202
2022-02-07 12:06:51,981 INFO ROUND 203
2022-02-07 12:07:52,870 INFO ROUND 204
2022-02-07 12:08:54,100 INFO ROUND 205
2022-02-07 12:09:58,208 INFO Server -> Test: Loss 1.529 | Accuracy = 69.740
2022-02-07 12:09:58,273 INFO ROUND 206
2022-02-07 12:10:59,387 INFO ROUND 207
2022-02-07 12:12:00,557 INFO ROUND 208
2022-02-07 12:13:02,312 INFO ROUND 209
2022-02-07 12:14:04,095 INFO ROUND 210
2022-02-07 12:15:08,794 INFO Server -> Test: Loss 1.547 | Accuracy = 69.970
2022-02-07 12:15:08,859 INFO ROUND 211
2022-02-07 12:16:11,090 INFO ROUND 212
2022-02-07 12:17:12,915 INFO ROUND 213
2022-02-07 12:18:15,224 INFO ROUND 214
2022-02-07 12:19:17,595 INFO ROUND 215
2022-02-07 12:20:23,122 INFO Server -> Test: Loss 1.557 | Accuracy = 69.820
2022-02-07 12:20:23,179 INFO ROUND 216
2022-02-07 12:21:25,721 INFO ROUND 217
2022-02-07 12:39:08,057 INFO ('Client samples sizes:', array([1078, 1479,  911, 1181,  594,  409,  403, 1028, 1479, 1020, 1412,
        515, 1427,  814,  600,  732,  718,  656, 2026,    1, 1339, 1156,
       1068, 1068,  951,  880,  223,  887, 2074,  438,  850,  446, 1000,
       1778, 1563,  170, 1637, 1215,  813,  852,  636, 1240,  419,  521,
       1400, 1067,  845, 2187,  883, 1910]), 'total:', 49999)
2022-02-07 12:39:20,107 INFO ROUND 216
2022-02-07 12:39:43,550 INFO ROUND 217
2022-02-07 12:40:06,543 INFO ROUND 218
2022-02-07 12:40:29,568 INFO ROUND 219
2022-02-07 12:40:52,806 INFO ROUND 220
2022-02-07 12:41:17,848 INFO Server -> Test: Loss 1.351 | Accuracy = 70.240
2022-02-07 12:41:17,896 INFO ROUND 221
2022-02-07 12:41:41,166 INFO ROUND 222
2022-02-07 12:42:04,433 INFO ROUND 223
2022-02-07 12:42:27,864 INFO ROUND 224
2022-02-07 12:42:51,325 INFO ROUND 225
2022-02-07 12:43:16,862 INFO Server -> Test: Loss 1.413 | Accuracy = 70.550
2022-02-07 12:43:16,909 INFO ROUND 226
2022-02-07 12:43:40,484 INFO ROUND 227
2022-02-07 12:44:04,006 INFO ROUND 228
2022-02-07 12:44:27,448 INFO ROUND 229
2022-02-07 12:44:51,171 INFO ROUND 230
2022-02-07 12:45:16,996 INFO Server -> Test: Loss 1.467 | Accuracy = 70.720
2022-02-07 12:45:17,044 INFO ROUND 231
2022-02-07 12:45:40,929 INFO ROUND 232
2022-02-07 12:46:04,967 INFO ROUND 233
2022-02-07 12:46:29,094 INFO ROUND 234
2022-02-07 12:46:53,413 INFO ROUND 235
2022-02-07 12:47:20,862 INFO Server -> Test: Loss 1.527 | Accuracy = 70.730
2022-02-07 12:47:20,909 INFO ROUND 236
2022-02-07 12:47:45,335 INFO ROUND 237
2022-02-07 12:48:11,308 INFO ROUND 238
2022-02-07 12:48:36,068 INFO ROUND 239
2022-02-07 12:49:00,965 INFO ROUND 240
2022-02-07 12:49:27,728 INFO Server -> Test: Loss 1.544 | Accuracy = 70.510
2022-02-07 12:49:27,794 INFO ROUND 241
2022-02-07 12:49:52,593 INFO ROUND 242
2022-02-07 12:50:17,542 INFO ROUND 243
2022-02-07 12:50:42,602 INFO ROUND 244
2022-02-07 12:51:07,746 INFO ROUND 245
2022-02-07 12:51:34,884 INFO Server -> Test: Loss 1.584 | Accuracy = 70.680
2022-02-07 12:51:34,933 INFO ROUND 246
2022-02-07 12:52:00,369 INFO ROUND 247
2022-02-07 12:52:25,903 INFO ROUND 248
2022-02-07 12:52:51,592 INFO ROUND 249
2022-02-07 12:53:17,213 INFO ROUND 250
2022-02-07 12:53:44,891 INFO Server -> Test: Loss 1.601 | Accuracy = 70.620
2022-02-07 12:53:44,939 INFO ROUND 251
2022-02-07 12:54:10,960 INFO ROUND 252
2022-02-07 12:54:37,030 INFO ROUND 253
2022-02-07 12:55:03,089 INFO ROUND 254
2022-02-07 12:55:29,500 INFO ROUND 255
2022-02-07 12:55:57,655 INFO Server -> Test: Loss 1.644 | Accuracy = 70.640
2022-02-07 12:55:57,709 INFO ROUND 256
2022-02-07 12:56:24,093 INFO ROUND 257
2022-02-07 12:56:50,721 INFO ROUND 258
2022-02-07 12:57:17,459 INFO ROUND 259
2022-02-07 12:57:44,491 INFO ROUND 260
2022-02-07 12:58:13,229 INFO Server -> Test: Loss 1.658 | Accuracy = 70.610
2022-02-07 12:58:13,277 INFO ROUND 261
2022-02-07 12:58:40,361 INFO ROUND 262
2022-02-07 12:59:07,722 INFO ROUND 263
2022-02-07 12:59:35,034 INFO ROUND 264
2022-02-07 13:00:02,428 INFO ROUND 265
2022-02-07 13:00:32,297 INFO Server -> Test: Loss 1.661 | Accuracy = 70.520
2022-02-07 13:00:32,343 INFO ROUND 266
2022-02-07 13:01:00,276 INFO ROUND 267
2022-02-07 13:01:27,979 INFO ROUND 268
2022-02-07 13:01:55,915 INFO ROUND 269
2022-02-07 13:02:23,854 INFO ROUND 270
2022-02-07 13:02:55,127 INFO Server -> Test: Loss 1.678 | Accuracy = 70.790
2022-02-07 13:02:55,173 INFO ROUND 271
2022-02-07 13:03:23,579 INFO ROUND 272
2022-02-07 13:03:51,895 INFO ROUND 273
2022-02-07 13:04:20,160 INFO ROUND 274
2022-02-07 13:04:48,816 INFO ROUND 275
2022-02-07 13:05:19,224 INFO Server -> Test: Loss 1.678 | Accuracy = 70.730
2022-02-07 13:05:19,271 INFO ROUND 276
2022-02-07 13:05:47,918 INFO ROUND 277
2022-02-07 13:06:16,630 INFO ROUND 278
2022-02-07 13:06:45,533 INFO ROUND 279
2022-02-07 13:07:14,562 INFO ROUND 280
2022-02-07 13:07:45,483 INFO Server -> Test: Loss 1.691 | Accuracy = 70.740
2022-02-07 13:07:45,550 INFO ROUND 281
2022-02-07 13:08:14,759 INFO ROUND 282
2022-02-07 13:08:44,081 INFO ROUND 283
2022-02-07 13:09:13,587 INFO ROUND 284
2022-02-07 13:09:43,318 INFO ROUND 285
2022-02-07 13:10:14,885 INFO Server -> Test: Loss 1.704 | Accuracy = 70.530
2022-02-07 13:10:14,931 INFO ROUND 286
2022-02-07 13:10:44,757 INFO ROUND 287
2022-02-07 13:11:14,925 INFO ROUND 288
2022-02-07 13:11:45,199 INFO ROUND 289
2022-02-07 13:12:15,550 INFO ROUND 290
2022-02-07 13:12:48,050 INFO Server -> Test: Loss 1.701 | Accuracy = 70.490
2022-02-07 13:12:48,103 INFO ROUND 291
2022-02-07 13:13:18,841 INFO ROUND 292
2022-02-07 13:13:49,385 INFO ROUND 293
2022-02-07 13:14:20,027 INFO ROUND 294
2022-02-07 13:14:50,819 INFO ROUND 295
2022-02-07 13:15:23,626 INFO Server -> Test: Loss 1.700 | Accuracy = 70.690
2022-02-07 13:15:23,673 INFO ROUND 296
2022-02-07 13:15:54,794 INFO ROUND 297
2022-02-07 13:16:25,889 INFO ROUND 298
2022-02-07 13:16:57,362 INFO ROUND 299
2022-02-07 13:17:28,758 INFO ROUND 300
2022-02-07 13:18:02,672 INFO Server -> Test: Loss 1.706 | Accuracy = 70.590
2022-02-07 13:18:02,718 INFO ROUND 301
2022-02-07 13:18:34,607 INFO ROUND 302
2022-02-07 13:19:06,439 INFO ROUND 303
2022-02-07 13:19:38,320 INFO ROUND 304
2022-02-07 13:20:10,394 INFO ROUND 305
2022-02-07 13:20:45,470 INFO Server -> Test: Loss 1.700 | Accuracy = 70.560
2022-02-07 13:20:45,533 INFO ROUND 306
2022-02-07 13:21:19,030 INFO ROUND 307
2022-02-07 13:21:51,760 INFO ROUND 308
2022-02-07 13:22:24,568 INFO ROUND 309
2022-02-07 13:22:57,625 INFO ROUND 310
2022-02-07 13:23:32,498 INFO Server -> Test: Loss 1.699 | Accuracy = 70.670
2022-02-07 13:23:32,546 INFO ROUND 311
