2022-02-06 23:30:04,695 INFO ('Client samples sizes:', array([1173,  940,  975,  769,  764,  955,  914, 1225, 1083,  569, 1318,
       1364,  910,  856, 1303, 1006,  945,  982, 1263,  882,  832,  941,
        973, 1242, 1194,  675, 1038,  787,  960, 1083, 1170,  955, 1070,
        942, 1348, 1175,  929,  709,  779,  989,  861, 1366,  813, 1068,
       1344,  535,  860,  995, 1089, 1087]), 'total:', 50005)
2022-02-06 23:30:17,179 INFO ROUND 1
2022-02-06 23:30:44,206 INFO ROUND 2
2022-02-06 23:31:11,154 INFO ROUND 3
2022-02-06 23:31:38,207 INFO ROUND 4
2022-02-06 23:32:05,441 INFO ROUND 5
2022-02-06 23:32:42,812 INFO Server -> Train: Loss 2.180 | Accuracy = 18.684
2022-02-06 23:32:45,029 INFO Server -> Test: Loss 2.178 | Accuracy = 18.860
2022-02-06 23:32:45,061 INFO ROUND 6
2022-02-06 23:33:12,105 INFO ROUND 7
2022-02-06 23:33:39,289 INFO ROUND 8
2022-02-06 23:34:06,220 INFO ROUND 9
2022-02-06 23:34:33,335 INFO ROUND 10
2022-02-06 23:35:10,924 INFO Server -> Train: Loss 2.166 | Accuracy = 13.934
2022-02-06 23:35:13,088 INFO Server -> Test: Loss 2.165 | Accuracy = 14.100
2022-02-06 23:35:13,121 INFO ROUND 11
2022-02-06 23:35:42,073 INFO ROUND 12
2022-02-06 23:36:09,622 INFO ROUND 13
2022-02-06 23:36:37,548 INFO ROUND 14
2022-02-06 23:37:05,328 INFO ROUND 15
2022-02-06 23:37:43,484 INFO Server -> Train: Loss 2.184 | Accuracy = 16.614
2022-02-06 23:37:45,616 INFO Server -> Test: Loss 2.182 | Accuracy = 17.000
2022-02-06 23:37:45,649 INFO ROUND 16
2022-02-06 23:38:13,911 INFO ROUND 17
2022-02-06 23:38:42,166 INFO ROUND 18
2022-02-06 23:39:11,614 INFO ROUND 19
2022-02-06 23:39:39,913 INFO ROUND 20
2022-02-06 23:40:18,913 INFO Server -> Train: Loss 1.821 | Accuracy = 31.180
2022-02-06 23:40:21,093 INFO Server -> Test: Loss 1.824 | Accuracy = 30.640
2022-02-06 23:40:21,126 INFO ROUND 21
2022-02-06 23:40:49,879 INFO ROUND 22
2022-02-06 23:41:18,558 INFO ROUND 23
2022-02-06 23:41:47,383 INFO ROUND 24
2022-02-06 23:42:16,639 INFO ROUND 25
2022-02-06 23:42:56,209 INFO Server -> Train: Loss 1.840 | Accuracy = 32.776
2022-02-06 23:42:58,395 INFO Server -> Test: Loss 1.844 | Accuracy = 32.130
2022-02-06 23:42:58,427 INFO ROUND 26
2022-02-06 23:43:27,548 INFO ROUND 27
2022-02-06 23:43:56,866 INFO ROUND 28
2022-02-06 23:44:26,167 INFO ROUND 29
2022-02-06 23:44:55,721 INFO ROUND 30
2022-02-06 23:45:35,572 INFO Server -> Train: Loss 1.739 | Accuracy = 34.968
2022-02-06 23:45:37,751 INFO Server -> Test: Loss 1.744 | Accuracy = 34.490
2022-02-06 23:45:37,784 INFO ROUND 31
2022-02-06 23:46:07,481 INFO ROUND 32
2022-02-06 23:46:37,310 INFO ROUND 33
2022-02-06 23:47:07,129 INFO ROUND 34
2022-02-06 23:47:37,393 INFO ROUND 35
2022-02-06 23:48:17,876 INFO Server -> Train: Loss 1.658 | Accuracy = 42.456
2022-02-06 23:48:20,095 INFO Server -> Test: Loss 1.660 | Accuracy = 42.190
2022-02-06 23:48:20,131 INFO ROUND 36
2022-02-06 23:48:50,700 INFO ROUND 37
2022-02-06 23:49:21,053 INFO ROUND 38
2022-02-06 23:49:51,302 INFO ROUND 39
2022-02-06 23:50:21,871 INFO ROUND 40
2022-02-06 23:51:02,979 INFO Server -> Train: Loss 1.668 | Accuracy = 41.256
2022-02-06 23:51:05,177 INFO Server -> Test: Loss 1.674 | Accuracy = 40.900
2022-02-06 23:51:05,209 INFO ROUND 41
2022-02-06 23:51:36,239 INFO ROUND 42
2022-02-06 23:52:07,254 INFO ROUND 43
2022-02-06 23:52:38,466 INFO ROUND 44
2022-02-06 23:53:09,681 INFO ROUND 45
2022-02-06 23:53:51,497 INFO Server -> Train: Loss 1.600 | Accuracy = 42.390
2022-02-06 23:53:53,692 INFO Server -> Test: Loss 1.617 | Accuracy = 41.990
2022-02-06 23:53:53,726 INFO ROUND 46
2022-02-06 23:54:25,278 INFO ROUND 47
2022-02-06 23:54:56,858 INFO ROUND 48
2022-02-06 23:55:28,539 INFO ROUND 49
2022-02-06 23:56:00,482 INFO ROUND 50
2022-02-06 23:56:44,321 INFO Server -> Train: Loss 1.666 | Accuracy = 40.606
2022-02-06 23:56:46,570 INFO Server -> Test: Loss 1.684 | Accuracy = 39.550
2022-02-06 23:56:46,603 INFO ROUND 51
2022-02-06 23:57:18,715 INFO ROUND 52
2022-02-06 23:57:50,735 INFO ROUND 53
2022-02-06 23:58:22,675 INFO ROUND 54
2022-02-06 23:58:54,800 INFO ROUND 55
2022-02-06 23:59:37,323 INFO Server -> Train: Loss 1.803 | Accuracy = 36.328
2022-02-06 23:59:39,497 INFO Server -> Test: Loss 1.836 | Accuracy = 35.370
2022-02-06 23:59:39,529 INFO ROUND 56
2022-02-07 00:00:12,035 INFO ROUND 57
2022-02-07 00:00:44,719 INFO ROUND 58
2022-02-07 00:01:17,373 INFO ROUND 59
2022-02-07 00:01:50,071 INFO ROUND 60
2022-02-07 00:02:33,047 INFO Server -> Train: Loss 1.680 | Accuracy = 40.214
2022-02-07 00:02:35,208 INFO Server -> Test: Loss 1.716 | Accuracy = 39.170
2022-02-07 00:02:35,239 INFO ROUND 61
2022-02-07 00:03:08,174 INFO ROUND 62
2022-02-07 00:03:41,003 INFO ROUND 63
2022-02-07 00:04:14,049 INFO ROUND 64
2022-02-07 00:04:47,331 INFO ROUND 65
2022-02-07 00:05:30,871 INFO Server -> Train: Loss 1.471 | Accuracy = 47.934
2022-02-07 00:05:33,074 INFO Server -> Test: Loss 1.514 | Accuracy = 46.230
2022-02-07 00:05:33,122 INFO ROUND 66
2022-02-07 00:06:07,083 INFO ROUND 67
2022-02-07 00:06:40,685 INFO ROUND 68
2022-02-07 00:07:14,651 INFO ROUND 69
2022-02-07 00:07:48,631 INFO ROUND 70
2022-02-07 00:08:32,816 INFO Server -> Train: Loss 1.571 | Accuracy = 45.928
2022-02-07 00:08:35,045 INFO Server -> Test: Loss 1.615 | Accuracy = 44.550
2022-02-07 00:08:35,076 INFO ROUND 71
2022-02-07 00:09:09,344 INFO ROUND 72
2022-02-07 00:09:43,641 INFO ROUND 73
2022-02-07 00:10:18,167 INFO ROUND 74
2022-02-07 00:10:52,763 INFO ROUND 75
2022-02-07 00:11:37,723 INFO Server -> Train: Loss 1.646 | Accuracy = 42.070
2022-02-07 00:11:39,950 INFO Server -> Test: Loss 1.705 | Accuracy = 40.360
2022-02-07 00:11:39,988 INFO ROUND 76
2022-02-07 00:12:14,911 INFO ROUND 77
2022-02-07 00:12:49,859 INFO ROUND 78
2022-02-07 00:13:24,948 INFO ROUND 79
2022-02-07 00:14:00,147 INFO ROUND 80
2022-02-07 00:14:45,446 INFO Server -> Train: Loss 1.385 | Accuracy = 51.328
2022-02-07 00:14:47,652 INFO Server -> Test: Loss 1.467 | Accuracy = 48.930
2022-02-07 00:14:47,685 INFO ROUND 81
2022-02-07 00:15:23,227 INFO ROUND 82
2022-02-07 00:15:58,718 INFO ROUND 83
2022-02-07 00:16:34,587 INFO ROUND 84
2022-02-07 00:17:11,787 INFO ROUND 85
2022-02-07 00:17:58,084 INFO Server -> Train: Loss 1.415 | Accuracy = 49.844
2022-02-07 00:18:00,324 INFO Server -> Test: Loss 1.500 | Accuracy = 47.100
2022-02-07 00:18:00,358 INFO ROUND 86
2022-02-07 00:18:36,495 INFO ROUND 87
2022-02-07 00:19:12,918 INFO ROUND 88
2022-02-07 00:19:49,327 INFO ROUND 89
2022-02-07 00:20:25,854 INFO ROUND 90
2022-02-07 00:21:12,726 INFO Server -> Train: Loss 1.533 | Accuracy = 46.784
2022-02-07 00:21:14,986 INFO Server -> Test: Loss 1.625 | Accuracy = 44.030
2022-02-07 00:21:15,032 INFO ROUND 91
2022-02-07 00:21:52,050 INFO ROUND 92
2022-02-07 00:22:29,114 INFO ROUND 93
2022-02-07 00:23:06,104 INFO ROUND 94
2022-02-07 00:23:43,107 INFO ROUND 95
2022-02-07 00:24:30,264 INFO Server -> Train: Loss 1.477 | Accuracy = 49.530
2022-02-07 00:24:32,513 INFO Server -> Test: Loss 1.586 | Accuracy = 46.600
2022-02-07 00:24:32,545 INFO ROUND 96
2022-02-07 00:25:09,966 INFO ROUND 97
2022-02-07 00:25:47,303 INFO ROUND 98
2022-02-07 00:26:24,757 INFO ROUND 99
2022-02-07 00:27:02,749 INFO ROUND 100
2022-02-07 00:27:50,996 INFO Server -> Train: Loss 1.460 | Accuracy = 52.484
2022-02-07 00:27:53,262 INFO Server -> Test: Loss 1.590 | Accuracy = 48.710
2022-02-07 00:27:53,304 INFO ROUND 101
2022-02-07 00:28:31,593 INFO ROUND 102
2022-02-07 00:29:09,678 INFO ROUND 103
2022-02-07 00:29:47,999 INFO ROUND 104
2022-02-07 00:30:26,506 INFO ROUND 105
2022-02-07 00:31:15,310 INFO Server -> Train: Loss 1.354 | Accuracy = 53.420
2022-02-07 00:31:17,596 INFO Server -> Test: Loss 1.511 | Accuracy = 48.500
2022-02-07 00:31:17,628 INFO ROUND 106
2022-02-07 00:31:56,418 INFO ROUND 107
2022-02-07 00:32:34,976 INFO ROUND 108
2022-02-07 00:33:13,865 INFO ROUND 109
2022-02-07 00:33:52,829 INFO ROUND 110
2022-02-07 00:34:42,025 INFO Server -> Train: Loss 1.458 | Accuracy = 51.950
2022-02-07 00:34:44,342 INFO Server -> Test: Loss 1.632 | Accuracy = 48.060
2022-02-07 00:34:44,374 INFO ROUND 111
2022-02-07 00:35:23,937 INFO ROUND 112
2022-02-07 00:36:03,531 INFO ROUND 113
2022-02-07 00:36:42,959 INFO ROUND 114
2022-02-07 00:37:22,819 INFO ROUND 115
2022-02-07 00:38:12,557 INFO Server -> Train: Loss 1.450 | Accuracy = 49.802
2022-02-07 00:38:14,858 INFO Server -> Test: Loss 1.620 | Accuracy = 45.930
2022-02-07 00:38:14,906 INFO ROUND 116
2022-02-07 00:38:54,697 INFO ROUND 117
2022-02-07 00:39:34,681 INFO ROUND 118
2022-02-07 00:40:14,708 INFO ROUND 119
2022-02-07 00:40:54,974 INFO ROUND 120
2022-02-07 00:41:45,382 INFO Server -> Train: Loss 1.304 | Accuracy = 54.814
2022-02-07 00:41:47,690 INFO Server -> Test: Loss 1.469 | Accuracy = 50.750
2022-02-07 00:41:47,723 INFO ROUND 121
2022-02-07 00:42:28,418 INFO ROUND 122
2022-02-07 00:43:08,865 INFO ROUND 123
2022-02-07 00:43:49,444 INFO ROUND 124
2022-02-07 00:44:30,264 INFO ROUND 125
2022-02-07 00:45:21,804 INFO Server -> Train: Loss 1.148 | Accuracy = 60.200
2022-02-07 00:45:24,132 INFO Server -> Test: Loss 1.365 | Accuracy = 53.760
2022-02-07 00:45:24,165 INFO ROUND 126
2022-02-07 00:46:06,646 INFO ROUND 127
2022-02-07 00:46:49,196 INFO ROUND 128
2022-02-07 00:47:31,004 INFO ROUND 129
2022-02-07 00:48:12,497 INFO ROUND 130
2022-02-07 00:49:04,205 INFO Server -> Train: Loss 1.622 | Accuracy = 45.464
2022-02-07 00:49:06,522 INFO Server -> Test: Loss 1.841 | Accuracy = 40.190
2022-02-07 00:49:06,554 INFO ROUND 131
2022-02-07 00:49:48,206 INFO ROUND 132
2022-02-07 00:50:30,254 INFO ROUND 133
2022-02-07 00:51:12,200 INFO ROUND 134
2022-02-07 00:51:54,312 INFO ROUND 135
2022-02-07 00:52:46,665 INFO Server -> Train: Loss 1.121 | Accuracy = 61.736
2022-02-07 00:52:48,976 INFO Server -> Test: Loss 1.376 | Accuracy = 54.840
2022-02-07 00:52:49,007 INFO ROUND 136
2022-02-07 00:53:31,476 INFO ROUND 137
2022-02-07 00:54:13,804 INFO ROUND 138
2022-02-07 00:54:56,225 INFO ROUND 139
2022-02-07 00:55:39,190 INFO ROUND 140
2022-02-07 00:56:32,410 INFO Server -> Train: Loss 1.614 | Accuracy = 46.734
2022-02-07 00:56:34,740 INFO Server -> Test: Loss 1.868 | Accuracy = 41.390
2022-02-07 00:56:34,787 INFO ROUND 141
2022-02-07 00:57:17,743 INFO ROUND 142
2022-02-07 00:58:00,939 INFO ROUND 143
2022-02-07 00:58:44,332 INFO ROUND 144
2022-02-07 00:59:27,795 INFO ROUND 145
2022-02-07 01:00:21,554 INFO Server -> Train: Loss 1.085 | Accuracy = 63.188
2022-02-07 01:00:23,863 INFO Server -> Test: Loss 1.379 | Accuracy = 55.920
2022-02-07 01:00:23,895 INFO ROUND 146
2022-02-07 01:01:07,640 INFO ROUND 147
2022-02-07 01:01:51,436 INFO ROUND 148
2022-02-07 01:02:35,484 INFO ROUND 149
2022-02-07 01:03:19,234 INFO ROUND 150
2022-02-07 01:04:13,560 INFO Server -> Train: Loss 1.240 | Accuracy = 59.650
2022-02-07 01:04:15,915 INFO Server -> Test: Loss 1.523 | Accuracy = 52.690
2022-02-07 01:04:15,947 INFO ROUND 151
2022-02-07 01:05:00,347 INFO ROUND 152
2022-02-07 01:05:45,018 INFO ROUND 153
2022-02-07 01:06:29,667 INFO ROUND 154
2022-02-07 01:07:14,440 INFO ROUND 155
2022-02-07 01:08:09,733 INFO Server -> Train: Loss 1.325 | Accuracy = 55.958
2022-02-07 01:08:12,070 INFO Server -> Test: Loss 1.612 | Accuracy = 48.970
2022-02-07 01:08:12,102 INFO ROUND 156
2022-02-07 01:08:57,396 INFO ROUND 157
2022-02-07 01:09:42,616 INFO ROUND 158
2022-02-07 01:10:28,208 INFO ROUND 159
2022-02-07 01:11:13,852 INFO ROUND 160
2022-02-07 01:12:09,807 INFO Server -> Train: Loss 1.193 | Accuracy = 59.634
2022-02-07 01:12:12,244 INFO Server -> Test: Loss 1.537 | Accuracy = 52.290
2022-02-07 01:12:12,275 INFO ROUND 161
2022-02-07 01:12:57,972 INFO ROUND 162
2022-02-07 01:13:43,969 INFO ROUND 163
2022-02-07 01:14:29,981 INFO ROUND 164
2022-02-07 01:15:16,055 INFO ROUND 165
2022-02-07 01:16:12,607 INFO Server -> Train: Loss 1.185 | Accuracy = 60.376
2022-02-07 01:16:15,012 INFO Server -> Test: Loss 1.510 | Accuracy = 51.960
2022-02-07 01:16:15,052 INFO ROUND 166
2022-02-07 01:17:01,392 INFO ROUND 167
2022-02-07 01:17:48,032 INFO ROUND 168
2022-02-07 01:18:34,913 INFO ROUND 169
2022-02-07 01:19:21,603 INFO ROUND 170
2022-02-07 01:20:18,530 INFO Server -> Train: Loss 1.143 | Accuracy = 60.870
2022-02-07 01:20:20,871 INFO Server -> Test: Loss 1.444 | Accuracy = 53.050
2022-02-07 01:20:20,903 INFO ROUND 171
2022-02-07 01:21:07,977 INFO ROUND 172
2022-02-07 01:21:55,038 INFO ROUND 173
2022-02-07 01:22:42,243 INFO ROUND 174
2022-02-07 01:23:29,423 INFO ROUND 175
2022-02-07 01:24:27,178 INFO Server -> Train: Loss 1.259 | Accuracy = 59.016
2022-02-07 01:24:29,586 INFO Server -> Test: Loss 1.597 | Accuracy = 51.640
2022-02-07 01:24:29,618 INFO ROUND 176
2022-02-07 01:25:17,171 INFO ROUND 177
2022-02-07 01:26:04,840 INFO ROUND 178
2022-02-07 01:26:52,637 INFO ROUND 179
2022-02-07 01:27:43,522 INFO ROUND 180
2022-02-07 01:28:42,271 INFO Server -> Train: Loss 1.144 | Accuracy = 60.990
2022-02-07 01:28:44,689 INFO Server -> Test: Loss 1.524 | Accuracy = 51.670
2022-02-07 01:28:44,722 INFO ROUND 181
2022-02-07 01:29:33,423 INFO ROUND 182
2022-02-07 01:30:21,989 INFO ROUND 183
2022-02-07 01:31:10,753 INFO ROUND 184
2022-02-07 01:31:59,619 INFO ROUND 185
2022-02-07 01:32:58,717 INFO Server -> Train: Loss 1.163 | Accuracy = 60.524
2022-02-07 01:33:01,161 INFO Server -> Test: Loss 1.537 | Accuracy = 52.540
2022-02-07 01:33:01,194 INFO ROUND 186
2022-02-07 01:33:50,419 INFO ROUND 187
2022-02-07 01:34:39,625 INFO ROUND 188
2022-02-07 01:35:28,724 INFO ROUND 189
2022-02-07 01:36:17,998 INFO ROUND 190
2022-02-07 01:37:17,806 INFO Server -> Train: Loss 1.164 | Accuracy = 61.196
2022-02-07 01:37:20,281 INFO Server -> Test: Loss 1.602 | Accuracy = 51.560
2022-02-07 01:37:20,313 INFO ROUND 191
2022-02-07 01:38:09,924 INFO ROUND 192
2022-02-07 01:38:59,683 INFO ROUND 193
2022-02-07 01:39:49,636 INFO ROUND 194
2022-02-07 01:40:39,561 INFO ROUND 195
2022-02-07 01:41:40,106 INFO Server -> Train: Loss nan | Accuracy = 10.000
2022-02-07 01:41:42,577 INFO Server -> Test: Loss nan | Accuracy = 10.000
2022-02-07 01:41:42,611 INFO ROUND 196
2022-02-07 01:42:33,069 INFO ROUND 197
2022-02-07 01:43:23,554 INFO ROUND 198
2022-02-07 01:44:14,447 INFO ROUND 199
2022-02-07 01:45:05,293 INFO ROUND 200
2022-02-07 01:46:06,674 INFO Server -> Train: Loss nan | Accuracy = 10.000
2022-02-07 01:46:09,146 INFO Server -> Test: Loss nan | Accuracy = 10.000
2022-02-07 01:46:09,183 INFO ROUND 201
2022-02-07 01:47:00,540 INFO ROUND 202
2022-02-07 01:47:51,705 INFO ROUND 203
2022-02-07 01:48:43,110 INFO ROUND 204
2022-02-07 01:49:34,507 INFO ROUND 205
2022-02-07 01:50:36,343 INFO Server -> Train: Loss nan | Accuracy = 10.000
2022-02-07 01:50:38,820 INFO Server -> Test: Loss nan | Accuracy = 10.000
2022-02-07 01:50:38,853 INFO ROUND 206
2022-02-07 01:51:30,613 INFO ROUND 207
2022-02-07 01:52:22,548 INFO ROUND 208
2022-02-07 01:53:14,454 INFO ROUND 209
2022-02-07 01:54:06,556 INFO ROUND 210
2022-02-07 01:55:09,328 INFO Server -> Train: Loss nan | Accuracy = 10.000
2022-02-07 01:55:11,793 INFO Server -> Test: Loss nan | Accuracy = 10.000
2022-02-07 01:55:11,825 INFO ROUND 211
2022-02-07 01:56:04,360 INFO ROUND 212
2022-02-07 01:56:56,769 INFO ROUND 213
2022-02-07 01:57:49,371 INFO ROUND 214
2022-02-07 01:58:42,067 INFO ROUND 215
2022-02-07 01:59:45,308 INFO Server -> Train: Loss nan | Accuracy = 10.000
2022-02-07 01:59:47,784 INFO Server -> Test: Loss nan | Accuracy = 10.000
2022-02-07 01:59:47,817 INFO ROUND 216
2022-02-07 02:00:40,818 INFO ROUND 217
2022-02-07 02:01:33,991 INFO ROUND 218
2022-02-07 02:02:26,914 INFO ROUND 219
2022-02-07 02:03:20,141 INFO ROUND 220
2022-02-07 02:04:23,756 INFO Server -> Train: Loss nan | Accuracy = 10.000
2022-02-07 02:04:26,239 INFO Server -> Test: Loss nan | Accuracy = 10.000
2022-02-07 02:04:26,272 INFO ROUND 221
2022-02-07 02:05:19,943 INFO ROUND 222
2022-02-07 02:06:13,788 INFO ROUND 223
2022-02-07 02:07:07,560 INFO ROUND 224
2022-02-07 02:08:01,622 INFO ROUND 225
2022-02-07 02:09:06,114 INFO Server -> Train: Loss nan | Accuracy = 10.000
2022-02-07 02:09:08,620 INFO Server -> Test: Loss nan | Accuracy = 10.000
2022-02-07 02:09:08,668 INFO ROUND 226
2022-02-07 02:10:03,394 INFO ROUND 227
2022-02-07 02:10:57,815 INFO ROUND 228
2022-02-07 02:11:52,175 INFO ROUND 229
2022-02-07 02:12:46,756 INFO ROUND 230
2022-02-07 02:13:51,695 INFO Server -> Train: Loss nan | Accuracy = 10.000
2022-02-07 02:13:54,246 INFO Server -> Test: Loss nan | Accuracy = 10.000
2022-02-07 02:13:54,278 INFO ROUND 231
2022-02-07 02:14:49,073 INFO ROUND 232
2022-02-07 02:15:44,250 INFO ROUND 233
2022-02-07 02:16:39,292 INFO ROUND 234
2022-02-07 02:17:34,396 INFO ROUND 235
2022-02-07 02:18:40,110 INFO Server -> Train: Loss nan | Accuracy = 10.000
2022-02-07 02:18:42,656 INFO Server -> Test: Loss nan | Accuracy = 10.000
2022-02-07 02:18:42,689 INFO ROUND 236
