2022-02-07 09:33:03,703 INFO ('Client samples sizes:', array([ 840, 1265,  839,  947,  999, 1030, 1270, 1118,  867,  899, 1209,
        746, 1097, 1010,  853,  485, 1166,  875, 1230,  985,  968,  855,
       1216, 1036, 1132,  739,  963,  391, 1190,  831, 1358, 1088,  754,
       1068,  998,  930,  747,  911, 1179, 1090, 1347,  884, 1206,  996,
       1567,  719,  825, 1259,  987, 1034]), 'total:', 49998)
2022-02-07 09:33:16,147 INFO ROUND 1
2022-02-07 09:33:39,544 INFO ROUND 2
2022-02-07 09:34:03,166 INFO ROUND 3
2022-02-07 09:34:26,613 INFO ROUND 4
2022-02-07 09:34:50,318 INFO ROUND 5
2022-02-07 09:35:22,772 INFO Server -> Train: Loss 1.864 | Accuracy = 30.946
2022-02-07 09:35:24,656 INFO Server -> Test: Loss 1.855 | Accuracy = 31.860
2022-02-07 09:35:24,687 INFO ROUND 6
2022-02-07 09:35:48,548 INFO ROUND 7
2022-02-07 09:36:12,056 INFO ROUND 8
2022-02-07 09:36:35,840 INFO ROUND 9
2022-02-07 09:36:59,910 INFO ROUND 10
2022-02-07 09:37:32,732 INFO Server -> Train: Loss 1.572 | Accuracy = 41.726
2022-02-07 09:37:34,628 INFO Server -> Test: Loss 1.575 | Accuracy = 41.820
2022-02-07 09:37:34,681 INFO ROUND 11
2022-02-07 09:37:58,681 INFO ROUND 12
2022-02-07 09:38:22,448 INFO ROUND 13
2022-02-07 09:38:46,628 INFO ROUND 14
2022-02-07 09:39:10,979 INFO ROUND 15
2022-02-07 09:39:43,937 INFO Server -> Train: Loss 1.425 | Accuracy = 48.096
2022-02-07 09:39:45,783 INFO Server -> Test: Loss 1.438 | Accuracy = 47.630
2022-02-07 09:39:45,816 INFO ROUND 16
2022-02-07 09:40:10,090 INFO ROUND 17
2022-02-07 09:40:34,406 INFO ROUND 18
2022-02-07 09:40:58,885 INFO ROUND 19
2022-02-07 09:41:23,321 INFO ROUND 20
2022-02-07 09:41:56,786 INFO Server -> Train: Loss 1.376 | Accuracy = 50.526
2022-02-07 09:41:58,655 INFO Server -> Test: Loss 1.410 | Accuracy = 49.240
2022-02-07 09:41:58,687 INFO ROUND 21
2022-02-07 09:42:24,452 INFO ROUND 22
2022-02-07 09:42:49,351 INFO ROUND 23
2022-02-07 09:43:14,325 INFO ROUND 24
2022-02-07 09:43:39,377 INFO ROUND 25
2022-02-07 09:44:13,276 INFO Server -> Train: Loss 1.214 | Accuracy = 56.424
2022-02-07 09:44:15,150 INFO Server -> Test: Loss 1.265 | Accuracy = 54.590
2022-02-07 09:44:15,202 INFO ROUND 26
2022-02-07 09:44:40,580 INFO ROUND 27
2022-02-07 09:45:06,189 INFO ROUND 28
2022-02-07 09:45:31,692 INFO ROUND 29
2022-02-07 09:45:57,487 INFO ROUND 30
2022-02-07 09:46:32,028 INFO Server -> Train: Loss 1.143 | Accuracy = 59.308
2022-02-07 09:46:33,873 INFO Server -> Test: Loss 1.223 | Accuracy = 57.010
2022-02-07 09:46:33,907 INFO ROUND 31
2022-02-07 09:46:59,826 INFO ROUND 32
2022-02-07 09:47:25,833 INFO ROUND 33
2022-02-07 09:47:51,896 INFO ROUND 34
2022-02-07 09:48:18,110 INFO ROUND 35
2022-02-07 09:48:53,862 INFO Server -> Train: Loss 1.065 | Accuracy = 62.148
2022-02-07 09:48:55,827 INFO Server -> Test: Loss 1.172 | Accuracy = 58.900
2022-02-07 09:48:55,859 INFO ROUND 36
2022-02-07 09:49:22,293 INFO ROUND 37
2022-02-07 09:49:49,127 INFO ROUND 38
2022-02-07 09:50:15,773 INFO ROUND 39
2022-02-07 09:50:42,669 INFO ROUND 40
2022-02-07 09:51:18,465 INFO Server -> Train: Loss 0.997 | Accuracy = 64.936
2022-02-07 09:51:20,354 INFO Server -> Test: Loss 1.130 | Accuracy = 60.510
2022-02-07 09:51:20,388 INFO ROUND 41
2022-02-07 09:51:47,499 INFO ROUND 42
2022-02-07 09:52:14,828 INFO ROUND 43
2022-02-07 09:52:42,193 INFO ROUND 44
2022-02-07 09:53:09,652 INFO ROUND 45
2022-02-07 09:53:46,607 INFO Server -> Train: Loss 0.937 | Accuracy = 67.290
2022-02-07 09:53:48,542 INFO Server -> Test: Loss 1.115 | Accuracy = 61.650
2022-02-07 09:53:48,574 INFO ROUND 46
2022-02-07 09:54:16,203 INFO ROUND 47
2022-02-07 09:54:44,063 INFO ROUND 48
2022-02-07 09:55:12,464 INFO ROUND 49
2022-02-07 09:55:41,118 INFO ROUND 50
2022-02-07 09:56:18,519 INFO Server -> Train: Loss 0.874 | Accuracy = 69.422
2022-02-07 09:56:20,437 INFO Server -> Test: Loss 1.086 | Accuracy = 62.770
2022-02-07 09:56:20,471 INFO ROUND 51
2022-02-07 09:56:49,394 INFO ROUND 52
2022-02-07 09:57:18,025 INFO ROUND 53
2022-02-07 09:57:46,946 INFO ROUND 54
2022-02-07 09:58:17,867 INFO ROUND 55
2022-02-07 09:58:56,061 INFO Server -> Train: Loss 0.835 | Accuracy = 71.108
2022-02-07 09:58:57,952 INFO Server -> Test: Loss 1.086 | Accuracy = 63.070
2022-02-07 09:58:57,983 INFO ROUND 56
2022-02-07 09:59:27,304 INFO ROUND 57
2022-02-07 09:59:56,606 INFO ROUND 58
2022-02-07 10:00:25,592 INFO ROUND 59
2022-02-07 10:00:54,776 INFO ROUND 60
2022-02-07 10:01:32,772 INFO Server -> Train: Loss 0.773 | Accuracy = 73.292
2022-02-07 10:01:34,775 INFO Server -> Test: Loss 1.082 | Accuracy = 64.560
2022-02-07 10:01:34,807 INFO ROUND 61
2022-02-07 10:02:04,392 INFO ROUND 62
2022-02-07 10:02:33,958 INFO ROUND 63
2022-02-07 10:03:04,035 INFO ROUND 64
2022-02-07 10:03:33,924 INFO ROUND 65
2022-02-07 10:04:12,800 INFO Server -> Train: Loss 0.758 | Accuracy = 73.760
2022-02-07 10:04:14,753 INFO Server -> Test: Loss 1.125 | Accuracy = 63.630
2022-02-07 10:04:14,799 INFO ROUND 66
2022-02-07 10:04:45,268 INFO ROUND 67
2022-02-07 10:05:15,195 INFO ROUND 68
2022-02-07 10:05:45,386 INFO ROUND 69
2022-02-07 10:06:16,099 INFO ROUND 70
2022-02-07 10:06:55,483 INFO Server -> Train: Loss 0.667 | Accuracy = 77.316
2022-02-07 10:06:57,445 INFO Server -> Test: Loss 1.083 | Accuracy = 66.020
2022-02-07 10:06:57,476 INFO ROUND 71
2022-02-07 10:07:28,405 INFO ROUND 72
2022-02-07 10:07:59,452 INFO ROUND 73
2022-02-07 10:08:30,225 INFO ROUND 74
2022-02-07 10:09:01,358 INFO ROUND 75
2022-02-07 10:09:41,634 INFO Server -> Train: Loss 0.651 | Accuracy = 77.798
2022-02-07 10:09:43,587 INFO Server -> Test: Loss 1.147 | Accuracy = 65.630
2022-02-07 10:09:43,618 INFO ROUND 76
2022-02-07 10:10:14,875 INFO ROUND 77
2022-02-07 10:10:46,259 INFO ROUND 78
2022-02-07 10:11:17,789 INFO ROUND 79
2022-02-07 10:11:49,276 INFO ROUND 80
2022-02-07 10:12:30,168 INFO Server -> Train: Loss 0.605 | Accuracy = 79.232
2022-02-07 10:12:32,146 INFO Server -> Test: Loss 1.124 | Accuracy = 65.470
2022-02-07 10:12:32,187 INFO ROUND 81
2022-02-07 10:13:04,263 INFO ROUND 82
2022-02-07 10:13:36,005 INFO ROUND 83
2022-02-07 10:14:07,984 INFO ROUND 84
2022-02-07 10:14:40,214 INFO ROUND 85
2022-02-07 10:15:21,757 INFO Server -> Train: Loss 0.554 | Accuracy = 81.072
2022-02-07 10:15:23,712 INFO Server -> Test: Loss 1.139 | Accuracy = 66.380
2022-02-07 10:15:23,743 INFO ROUND 86
2022-02-07 10:15:56,234 INFO ROUND 87
2022-02-07 10:16:28,659 INFO ROUND 88
2022-02-07 10:17:03,137 INFO ROUND 89
2022-02-07 10:17:36,134 INFO ROUND 90
2022-02-07 10:18:17,882 INFO Server -> Train: Loss 0.510 | Accuracy = 82.596
2022-02-07 10:18:19,830 INFO Server -> Test: Loss 1.160 | Accuracy = 66.490
2022-02-07 10:18:19,861 INFO ROUND 91
2022-02-07 10:18:53,258 INFO ROUND 92
2022-02-07 10:19:26,553 INFO ROUND 93
2022-02-07 10:19:59,848 INFO ROUND 94
2022-02-07 10:20:33,158 INFO ROUND 95
2022-02-07 10:21:15,708 INFO Server -> Train: Loss 0.492 | Accuracy = 83.148
2022-02-07 10:21:17,665 INFO Server -> Test: Loss 1.174 | Accuracy = 66.270
2022-02-07 10:21:17,696 INFO ROUND 96
2022-02-07 10:21:51,473 INFO ROUND 97
2022-02-07 10:22:25,525 INFO ROUND 98
2022-02-07 10:22:59,443 INFO ROUND 99
2022-02-07 10:23:33,350 INFO ROUND 100
2022-02-07 10:24:16,812 INFO Server -> Train: Loss 0.473 | Accuracy = 83.870
2022-02-07 10:24:18,788 INFO Server -> Test: Loss 1.253 | Accuracy = 66.300
2022-02-07 10:24:18,819 INFO ROUND 101
2022-02-07 10:24:53,607 INFO ROUND 102
2022-02-07 10:25:28,219 INFO ROUND 103
2022-02-07 10:26:03,068 INFO ROUND 104
2022-02-07 10:26:38,079 INFO ROUND 105
2022-02-07 10:27:22,239 INFO Server -> Train: Loss 0.459 | Accuracy = 84.140
2022-02-07 10:27:24,237 INFO Server -> Test: Loss 1.274 | Accuracy = 66.020
2022-02-07 10:27:24,269 INFO ROUND 106
2022-02-07 10:27:59,822 INFO ROUND 107
2022-02-07 10:28:35,199 INFO ROUND 108
2022-02-07 10:29:10,991 INFO ROUND 109
2022-02-07 10:29:46,626 INFO ROUND 110
2022-02-07 10:30:31,472 INFO Server -> Train: Loss 0.371 | Accuracy = 87.376
2022-02-07 10:30:33,550 INFO Server -> Test: Loss 1.251 | Accuracy = 67.330
2022-02-07 10:30:33,581 INFO ROUND 111
2022-02-07 10:31:09,874 INFO ROUND 112
2022-02-07 10:31:45,955 INFO ROUND 113
2022-02-07 10:32:22,140 INFO ROUND 114
2022-02-07 10:32:58,698 INFO ROUND 115
2022-02-07 10:33:44,048 INFO Server -> Train: Loss 0.375 | Accuracy = 87.092
2022-02-07 10:33:46,100 INFO Server -> Test: Loss 1.323 | Accuracy = 66.220
2022-02-07 10:33:46,132 INFO ROUND 116
2022-02-07 10:34:22,937 INFO ROUND 117
2022-02-07 10:34:59,467 INFO ROUND 118
2022-02-07 10:35:36,409 INFO ROUND 119
2022-02-07 10:36:13,469 INFO ROUND 120
2022-02-07 10:36:59,931 INFO Server -> Train: Loss 0.356 | Accuracy = 87.724
2022-02-07 10:37:01,929 INFO Server -> Test: Loss 1.400 | Accuracy = 66.310
2022-02-07 10:37:01,961 INFO ROUND 121
2022-02-07 10:37:38,771 INFO ROUND 122
2022-02-07 10:38:15,771 INFO ROUND 123
2022-02-07 10:38:52,782 INFO ROUND 124
2022-02-07 10:39:29,671 INFO ROUND 125
2022-02-07 10:40:15,714 INFO Server -> Train: Loss 0.342 | Accuracy = 88.216
2022-02-07 10:40:17,736 INFO Server -> Test: Loss 1.378 | Accuracy = 66.100
2022-02-07 10:40:17,768 INFO ROUND 126
2022-02-07 10:40:55,397 INFO ROUND 127
2022-02-07 10:41:32,812 INFO ROUND 128
2022-02-07 10:42:10,342 INFO ROUND 129
2022-02-07 10:42:48,076 INFO ROUND 130
2022-02-07 10:43:37,391 INFO Server -> Train: Loss 0.269 | Accuracy = 90.750
2022-02-07 10:43:39,435 INFO Server -> Test: Loss 1.361 | Accuracy = 67.140
2022-02-07 10:43:39,478 INFO ROUND 131
2022-02-07 10:44:18,148 INFO ROUND 132
2022-02-07 10:44:56,918 INFO ROUND 133
2022-02-07 10:45:35,708 INFO ROUND 134
2022-02-07 10:46:14,561 INFO ROUND 135
2022-02-07 10:47:02,706 INFO Server -> Train: Loss 0.256 | Accuracy = 91.284
2022-02-07 10:47:04,747 INFO Server -> Test: Loss 1.408 | Accuracy = 66.840
2022-02-07 10:47:04,780 INFO ROUND 136
2022-02-07 10:47:44,206 INFO ROUND 137
2022-02-07 10:48:23,465 INFO ROUND 138
2022-02-07 10:49:02,478 INFO ROUND 139
2022-02-07 10:49:41,883 INFO ROUND 140
2022-02-07 10:50:30,488 INFO Server -> Train: Loss 0.243 | Accuracy = 91.718
2022-02-07 10:50:32,546 INFO Server -> Test: Loss 1.419 | Accuracy = 66.960
2022-02-07 10:50:32,579 INFO ROUND 141
2022-02-07 10:51:12,599 INFO ROUND 142
2022-02-07 10:51:52,463 INFO ROUND 143
2022-02-07 10:52:32,709 INFO ROUND 144
2022-02-07 10:53:13,166 INFO ROUND 145
2022-02-07 10:54:02,969 INFO Server -> Train: Loss 0.231 | Accuracy = 92.108
2022-02-07 10:54:05,040 INFO Server -> Test: Loss 1.469 | Accuracy = 66.920
2022-02-07 10:54:05,074 INFO ROUND 146
2022-02-07 10:54:45,707 INFO ROUND 147
2022-02-07 10:55:26,398 INFO ROUND 148
2022-02-07 10:56:07,241 INFO ROUND 149
2022-02-07 10:56:47,812 INFO ROUND 150
2022-02-07 10:57:37,762 INFO Server -> Train: Loss 0.204 | Accuracy = 93.194
2022-02-07 10:57:39,929 INFO Server -> Test: Loss 1.475 | Accuracy = 67.150
2022-02-07 10:57:39,962 INFO ROUND 151
2022-02-07 10:58:21,205 INFO ROUND 152
2022-02-07 10:59:02,701 INFO ROUND 153
2022-02-07 10:59:44,267 INFO ROUND 154
2022-02-07 11:00:25,898 INFO ROUND 155
2022-02-07 11:01:16,176 INFO Server -> Train: Loss 0.203 | Accuracy = 93.228
2022-02-07 11:01:18,288 INFO Server -> Test: Loss 1.520 | Accuracy = 66.670
2022-02-07 11:01:18,333 INFO ROUND 156
2022-02-07 11:01:59,687 INFO ROUND 157
2022-02-07 11:02:40,998 INFO ROUND 158
2022-02-07 11:03:22,618 INFO ROUND 159
2022-02-07 11:04:04,495 INFO ROUND 160
2022-02-07 11:04:55,888 INFO Server -> Train: Loss 0.175 | Accuracy = 94.196
2022-02-07 11:04:58,006 INFO Server -> Test: Loss 1.506 | Accuracy = 67.070
2022-02-07 11:04:58,038 INFO ROUND 161
2022-02-07 11:05:40,619 INFO ROUND 162
2022-02-07 11:06:23,140 INFO ROUND 163
2022-02-07 11:07:05,966 INFO ROUND 164
2022-02-07 11:07:48,942 INFO ROUND 165
2022-02-07 11:08:41,343 INFO Server -> Train: Loss 0.164 | Accuracy = 94.536
2022-02-07 11:08:43,442 INFO Server -> Test: Loss 1.588 | Accuracy = 67.210
2022-02-07 11:08:43,475 INFO ROUND 166
2022-02-07 11:09:26,831 INFO ROUND 167
2022-02-07 11:10:09,894 INFO ROUND 168
2022-02-07 11:10:53,250 INFO ROUND 169
2022-02-07 11:11:36,699 INFO ROUND 170
2022-02-07 11:12:29,304 INFO Server -> Train: Loss 0.157 | Accuracy = 94.816
2022-02-07 11:12:31,419 INFO Server -> Test: Loss 1.556 | Accuracy = 67.510
2022-02-07 11:12:31,451 INFO ROUND 171
2022-02-07 11:13:15,208 INFO ROUND 172
2022-02-07 11:13:58,657 INFO ROUND 173
2022-02-07 11:14:42,345 INFO ROUND 174
2022-02-07 11:15:26,086 INFO ROUND 175
2022-02-07 11:16:19,099 INFO Server -> Train: Loss 0.164 | Accuracy = 94.566
2022-02-07 11:16:21,237 INFO Server -> Test: Loss 1.523 | Accuracy = 66.590
2022-02-07 11:16:21,268 INFO ROUND 176
2022-02-07 11:17:05,395 INFO ROUND 177
2022-02-07 11:17:49,543 INFO ROUND 178
2022-02-07 11:18:33,825 INFO ROUND 179
2022-02-07 11:19:18,596 INFO ROUND 180
2022-02-07 11:20:12,282 INFO Server -> Train: Loss 0.153 | Accuracy = 94.928
2022-02-07 11:20:14,370 INFO Server -> Test: Loss 1.558 | Accuracy = 66.910
2022-02-07 11:20:14,402 INFO ROUND 181
2022-02-07 11:21:01,326 INFO ROUND 182
2022-02-07 11:21:46,352 INFO ROUND 183
2022-02-07 11:22:31,412 INFO ROUND 184
2022-02-07 11:23:16,308 INFO ROUND 185
2022-02-07 11:24:11,037 INFO Server -> Train: Loss 0.134 | Accuracy = 95.670
2022-02-07 11:24:13,175 INFO Server -> Test: Loss 1.603 | Accuracy = 67.330
2022-02-07 11:24:13,208 INFO ROUND 186
2022-02-07 11:24:58,700 INFO ROUND 187
2022-02-07 11:25:44,160 INFO ROUND 188
2022-02-07 11:26:30,420 INFO ROUND 189
2022-02-07 11:27:16,745 INFO ROUND 190
2022-02-07 11:28:12,318 INFO Server -> Train: Loss 0.135 | Accuracy = 95.772
2022-02-07 11:28:14,493 INFO Server -> Test: Loss 1.602 | Accuracy = 67.440
2022-02-07 11:28:14,525 INFO ROUND 191
2022-02-07 11:29:01,123 INFO ROUND 192
2022-02-07 11:29:47,994 INFO ROUND 193
2022-02-07 11:30:34,669 INFO ROUND 194
2022-02-07 11:31:21,728 INFO ROUND 195
2022-02-07 11:32:17,737 INFO Server -> Train: Loss 0.114 | Accuracy = 96.402
2022-02-07 11:32:19,931 INFO Server -> Test: Loss 1.665 | Accuracy = 67.360
2022-02-07 11:32:19,965 INFO ROUND 196
2022-02-07 11:33:07,246 INFO ROUND 197
2022-02-07 11:33:54,943 INFO ROUND 198
2022-02-07 11:34:42,767 INFO ROUND 199
2022-02-07 11:35:31,026 INFO ROUND 200
2022-02-07 11:36:27,951 INFO Server -> Train: Loss 0.105 | Accuracy = 96.778
2022-02-07 11:36:30,090 INFO Server -> Test: Loss 1.697 | Accuracy = 67.330
2022-02-07 11:36:30,138 INFO ROUND 201
2022-02-07 11:37:17,813 INFO ROUND 202
2022-02-07 11:38:05,828 INFO ROUND 203
2022-02-07 11:38:54,089 INFO ROUND 204
2022-02-07 11:39:42,312 INFO ROUND 205
2022-02-07 11:40:39,846 INFO Server -> Train: Loss 0.107 | Accuracy = 96.714
2022-02-07 11:40:42,089 INFO Server -> Test: Loss 1.685 | Accuracy = 67.060
2022-02-07 11:40:42,120 INFO ROUND 206
2022-02-07 11:41:30,094 INFO ROUND 207
2022-02-07 11:42:18,601 INFO ROUND 208
2022-02-07 11:43:07,215 INFO ROUND 209
2022-02-07 11:43:55,899 INFO ROUND 210
2022-02-07 11:44:53,948 INFO Server -> Train: Loss 0.097 | Accuracy = 97.080
2022-02-07 11:44:56,110 INFO Server -> Test: Loss 1.681 | Accuracy = 67.450
2022-02-07 11:44:56,145 INFO ROUND 211
2022-02-07 11:45:45,325 INFO ROUND 212
2022-02-07 11:46:34,478 INFO ROUND 213
2022-02-07 11:47:24,002 INFO ROUND 214
2022-02-07 11:48:13,017 INFO ROUND 215
2022-02-07 11:49:11,509 INFO Server -> Train: Loss 0.099 | Accuracy = 97.124
2022-02-07 11:49:13,681 INFO Server -> Test: Loss 1.653 | Accuracy = 67.370
2022-02-07 11:49:13,712 INFO ROUND 216
2022-02-07 11:50:03,323 INFO ROUND 217
2022-02-07 11:50:52,928 INFO ROUND 218
2022-02-07 11:51:42,816 INFO ROUND 219
2022-02-07 11:52:32,705 INFO ROUND 220
2022-02-07 11:53:32,233 INFO Server -> Train: Loss 0.079 | Accuracy = 97.886
2022-02-07 11:53:34,447 INFO Server -> Test: Loss 1.715 | Accuracy = 67.650
2022-02-07 11:53:34,479 INFO ROUND 221
2022-02-07 11:54:24,727 INFO ROUND 222
2022-02-07 11:55:15,295 INFO ROUND 223
2022-02-07 11:56:05,935 INFO ROUND 224
2022-02-07 11:56:56,535 INFO ROUND 225
2022-02-07 11:57:56,608 INFO Server -> Train: Loss 0.087 | Accuracy = 97.528
2022-02-07 11:57:58,926 INFO Server -> Test: Loss 1.741 | Accuracy = 66.990
2022-02-07 11:57:58,957 INFO ROUND 226
2022-02-07 11:58:50,403 INFO ROUND 227
2022-02-07 11:59:41,927 INFO ROUND 228
2022-02-07 12:00:33,079 INFO ROUND 229
2022-02-07 12:01:24,285 INFO ROUND 230
2022-02-07 12:02:25,093 INFO Server -> Train: Loss 0.070 | Accuracy = 98.220
2022-02-07 12:02:27,280 INFO Server -> Test: Loss 1.733 | Accuracy = 67.710
2022-02-07 12:02:27,311 INFO ROUND 231
