2022-02-05 22:14:40,169 INFO ('Client samples sizes:', array([1000, 1000, 1000, 1000, 1000, 1000, 1000, 1000, 1000, 1000, 1000,
       1000, 1000, 1000, 1000, 1000, 1000, 1000, 1000, 1000, 1000, 1000,
       1000, 1000, 1000, 1000, 1000, 1000, 1000, 1000, 1000, 1000, 1000,
       1000, 1000, 1000, 1000, 1000, 1000, 1000, 1000, 1000, 1000, 1000,
       1000, 1000, 1000, 1000, 1000, 1000]), 'total:', 50000)
2022-02-05 22:14:52,757 INFO ROUND 1
2022-02-05 22:16:26,675 INFO [AFTER AVG]
2022-02-05 22:16:37,590 INFO Server -> Train: Loss 2.111 | Accuracy = 27.256
2022-02-05 22:16:37,591 INFO ROUND 2
2022-02-05 22:18:14,515 INFO [AFTER AVG]
2022-02-05 22:18:25,404 INFO Server -> Train: Loss 1.778 | Accuracy = 34.724
2022-02-05 22:18:25,405 INFO ROUND 3
2022-02-05 22:20:02,859 INFO [AFTER AVG]
2022-02-05 22:20:13,656 INFO Server -> Train: Loss 1.582 | Accuracy = 41.478
2022-02-05 22:20:13,656 INFO ROUND 4
2022-02-05 22:21:51,852 INFO [AFTER AVG]
2022-02-05 22:22:02,737 INFO Server -> Train: Loss 1.460 | Accuracy = 46.186
2022-02-05 22:22:02,737 INFO ROUND 5
2022-02-05 22:23:43,182 INFO [AFTER AVG]
2022-02-05 22:23:53,730 INFO Server -> Train: Loss 1.373 | Accuracy = 49.996
2022-02-05 22:23:53,730 INFO ROUND 6
2022-02-05 22:25:32,064 INFO [AFTER AVG]
2022-02-05 22:25:42,665 INFO Server -> Train: Loss 1.330 | Accuracy = 51.628
2022-02-05 22:25:42,666 INFO ROUND 7
2022-02-05 22:27:22,516 INFO [AFTER AVG]
2022-02-05 22:27:33,180 INFO Server -> Train: Loss 1.270 | Accuracy = 54.442
2022-02-05 22:27:33,180 INFO ROUND 8
2022-02-05 22:29:14,260 INFO [AFTER AVG]
2022-02-05 22:29:24,798 INFO Server -> Train: Loss 1.218 | Accuracy = 56.828
2022-02-05 22:29:24,799 INFO ROUND 9
2022-02-05 22:31:07,484 INFO [AFTER AVG]
2022-02-05 22:31:17,986 INFO Server -> Train: Loss 1.178 | Accuracy = 59.028
2022-02-05 22:31:17,986 INFO ROUND 10
2022-02-05 22:33:01,466 INFO [AFTER AVG]
2022-02-05 22:33:11,970 INFO Server -> Train: Loss 1.154 | Accuracy = 60.602
2022-02-05 22:33:11,970 INFO ROUND 11
2022-02-05 22:34:57,293 INFO [AFTER AVG]
2022-02-05 22:35:07,897 INFO Server -> Train: Loss 1.113 | Accuracy = 62.482
2022-02-05 22:35:07,898 INFO ROUND 12
2022-02-05 22:36:54,365 INFO [AFTER AVG]
2022-02-05 22:37:05,014 INFO Server -> Train: Loss 1.083 | Accuracy = 63.726
2022-02-05 22:37:05,015 INFO ROUND 13
2022-02-05 22:38:52,313 INFO [AFTER AVG]
2022-02-05 22:39:02,993 INFO Server -> Train: Loss 1.048 | Accuracy = 65.100
2022-02-05 22:39:02,993 INFO ROUND 14
2022-02-05 22:40:52,781 INFO [AFTER AVG]
2022-02-05 22:41:03,391 INFO Server -> Train: Loss 1.016 | Accuracy = 66.320
2022-02-05 22:41:03,392 INFO ROUND 15
2022-02-05 22:42:52,854 INFO [AFTER AVG]
2022-02-05 22:43:03,333 INFO Server -> Train: Loss 0.973 | Accuracy = 67.448
2022-02-05 22:43:05,641 INFO Server -> Test: Loss 1.182 | Accuracy = 62.860
2022-02-05 22:43:05,688 INFO ROUND 16
2022-02-05 22:44:56,309 INFO [AFTER AVG]
2022-02-05 22:45:06,863 INFO Server -> Train: Loss 0.947 | Accuracy = 68.436
2022-02-05 22:45:06,864 INFO ROUND 17
2022-02-05 22:46:58,475 INFO [AFTER AVG]
2022-02-05 22:47:08,881 INFO Server -> Train: Loss 0.918 | Accuracy = 69.440
2022-02-05 22:47:08,881 INFO ROUND 18
2022-02-05 22:49:01,913 INFO [AFTER AVG]
2022-02-05 22:49:12,311 INFO Server -> Train: Loss 0.882 | Accuracy = 70.424
2022-02-05 22:49:12,311 INFO ROUND 19
2022-02-05 22:51:07,219 INFO [AFTER AVG]
2022-02-05 22:51:17,841 INFO Server -> Train: Loss 0.855 | Accuracy = 71.308
2022-02-05 22:51:17,841 INFO ROUND 20
2022-02-05 22:53:14,919 INFO [AFTER AVG]
2022-02-05 22:53:25,438 INFO Server -> Train: Loss 0.829 | Accuracy = 72.160
2022-02-05 22:53:25,439 INFO ROUND 21
2022-02-05 22:55:23,605 INFO [AFTER AVG]
2022-02-05 22:55:34,318 INFO Server -> Train: Loss 0.801 | Accuracy = 72.942
2022-02-05 22:55:34,319 INFO ROUND 22
2022-02-05 22:57:33,683 INFO [AFTER AVG]
2022-02-05 22:57:44,434 INFO Server -> Train: Loss 0.781 | Accuracy = 73.612
2022-02-05 22:57:44,435 INFO ROUND 23
2022-02-05 22:59:44,030 INFO [AFTER AVG]
2022-02-05 22:59:54,593 INFO Server -> Train: Loss 0.759 | Accuracy = 74.336
2022-02-05 22:59:54,593 INFO ROUND 24
2022-02-05 23:01:57,582 INFO [AFTER AVG]
2022-02-05 23:02:08,162 INFO Server -> Train: Loss 0.733 | Accuracy = 75.046
2022-02-05 23:02:08,162 INFO ROUND 25
2022-02-05 23:04:10,473 INFO [AFTER AVG]
2022-02-05 23:04:20,980 INFO Server -> Train: Loss 0.716 | Accuracy = 75.618
2022-02-05 23:04:20,981 INFO ROUND 26
2022-02-05 23:06:26,999 INFO [AFTER AVG]
2022-02-05 23:06:37,749 INFO Server -> Train: Loss 0.693 | Accuracy = 76.326
2022-02-05 23:06:37,750 INFO ROUND 27
2022-02-05 23:08:45,993 INFO [AFTER AVG]
2022-02-05 23:08:56,690 INFO Server -> Train: Loss 0.671 | Accuracy = 77.018
2022-02-05 23:08:56,690 INFO ROUND 28
2022-02-05 23:11:06,253 INFO [AFTER AVG]
2022-02-05 23:11:16,654 INFO Server -> Train: Loss 0.651 | Accuracy = 77.694
2022-02-05 23:11:16,655 INFO ROUND 29
2022-02-05 23:13:25,323 INFO [AFTER AVG]
2022-02-05 23:13:35,728 INFO Server -> Train: Loss 0.634 | Accuracy = 78.244
2022-02-05 23:13:35,729 INFO ROUND 30
2022-02-05 23:15:45,581 INFO [AFTER AVG]
2022-02-05 23:15:56,075 INFO Server -> Train: Loss 0.617 | Accuracy = 78.838
2022-02-05 23:15:58,439 INFO Server -> Test: Loss 1.136 | Accuracy = 66.580
2022-02-05 23:15:58,488 INFO ROUND 31
2022-02-05 23:18:09,304 INFO [AFTER AVG]
2022-02-05 23:18:19,729 INFO Server -> Train: Loss 0.596 | Accuracy = 79.456
2022-02-05 23:18:19,730 INFO ROUND 32
2022-02-05 23:20:31,232 INFO [AFTER AVG]
2022-02-05 23:20:41,579 INFO Server -> Train: Loss 0.580 | Accuracy = 80.012
2022-02-05 23:20:41,579 INFO ROUND 33
2022-02-05 23:22:55,611 INFO [AFTER AVG]
2022-02-05 23:23:06,230 INFO Server -> Train: Loss 0.564 | Accuracy = 80.542
2022-02-05 23:23:06,231 INFO ROUND 34
2022-02-05 23:25:21,727 INFO [AFTER AVG]
2022-02-05 23:25:32,238 INFO Server -> Train: Loss 0.552 | Accuracy = 80.868
2022-02-05 23:25:32,239 INFO ROUND 35
2022-02-05 23:27:49,440 INFO [AFTER AVG]
2022-02-05 23:28:00,197 INFO Server -> Train: Loss 0.532 | Accuracy = 81.508
2022-02-05 23:28:00,198 INFO ROUND 36
2022-02-06 00:04:41,261 INFO ('Client samples sizes:', array([1000, 1000, 1000, 1000, 1000, 1000, 1000, 1000, 1000, 1000, 1000,
       1000, 1000, 1000, 1000, 1000, 1000, 1000, 1000, 1000, 1000, 1000,
       1000, 1000, 1000, 1000, 1000, 1000, 1000, 1000, 1000, 1000, 1000,
       1000, 1000, 1000, 1000, 1000, 1000, 1000, 1000, 1000, 1000, 1000,
       1000, 1000, 1000, 1000, 1000, 1000]), 'total:', 50000)
2022-02-06 00:04:57,302 INFO ROUND 31
2022-02-06 00:06:59,148 INFO [AFTER AVG]
2022-02-06 00:07:14,836 INFO Server -> Train: Loss 0.607 | Accuracy = 79.084
2022-02-06 00:07:14,836 INFO ROUND 32
2022-02-06 00:09:18,476 INFO [AFTER AVG]
2022-02-06 00:09:34,136 INFO Server -> Train: Loss 0.571 | Accuracy = 80.404
2022-02-06 00:09:34,137 INFO ROUND 33
2022-02-06 00:11:40,180 INFO [AFTER AVG]
2022-02-06 00:11:56,021 INFO Server -> Train: Loss 0.551 | Accuracy = 80.950
2022-02-06 00:11:56,021 INFO ROUND 34
2022-02-06 00:14:03,889 INFO [AFTER AVG]
2022-02-06 00:14:19,617 INFO Server -> Train: Loss 0.533 | Accuracy = 81.642
2022-02-06 00:14:19,617 INFO ROUND 35
2022-02-06 00:16:30,120 INFO [AFTER AVG]
2022-02-06 00:16:45,831 INFO Server -> Train: Loss 0.512 | Accuracy = 82.294
2022-02-06 00:16:45,831 INFO ROUND 36
2022-02-06 00:18:56,720 INFO [AFTER AVG]
2022-02-06 00:19:12,457 INFO Server -> Train: Loss 0.497 | Accuracy = 82.706
2022-02-06 00:19:12,457 INFO ROUND 37
2022-02-06 00:21:24,991 INFO [AFTER AVG]
2022-02-06 00:21:40,719 INFO Server -> Train: Loss 0.478 | Accuracy = 83.360
2022-02-06 00:21:40,719 INFO ROUND 38
2022-02-06 00:23:54,791 INFO [AFTER AVG]
2022-02-06 00:24:10,217 INFO Server -> Train: Loss 0.455 | Accuracy = 84.174
2022-02-06 00:24:10,217 INFO ROUND 39
2022-02-06 00:26:26,658 INFO [AFTER AVG]
2022-02-06 00:26:42,228 INFO Server -> Train: Loss 0.445 | Accuracy = 84.576
2022-02-06 00:26:42,229 INFO ROUND 40
2022-02-06 00:29:00,039 INFO [AFTER AVG]
2022-02-06 00:29:15,557 INFO Server -> Train: Loss 0.429 | Accuracy = 85.052
2022-02-06 00:29:15,559 INFO ROUND 41
2022-02-06 00:31:34,988 INFO [AFTER AVG]
2022-02-06 00:31:50,663 INFO Server -> Train: Loss 0.418 | Accuracy = 85.400
2022-02-06 00:31:50,663 INFO ROUND 42
2022-02-06 00:34:11,514 INFO [AFTER AVG]
2022-02-06 00:34:27,190 INFO Server -> Train: Loss 0.402 | Accuracy = 85.950
2022-02-06 00:34:27,190 INFO ROUND 43
2022-02-06 00:36:48,751 INFO [AFTER AVG]
2022-02-06 00:37:04,292 INFO Server -> Train: Loss 0.391 | Accuracy = 86.274
2022-02-06 00:37:04,294 INFO ROUND 44
2022-02-06 00:39:30,600 INFO [AFTER AVG]
2022-02-06 00:39:46,241 INFO Server -> Train: Loss 0.375 | Accuracy = 86.912
2022-02-06 00:39:46,243 INFO ROUND 45
2022-02-06 00:42:13,434 INFO [AFTER AVG]
2022-02-06 00:42:29,042 INFO Server -> Train: Loss 0.360 | Accuracy = 87.472
2022-02-06 00:42:32,383 INFO Server -> Test: Loss 1.178 | Accuracy = 67.490
2022-02-06 00:42:32,452 INFO ROUND 46
2022-02-06 00:45:00,646 INFO [AFTER AVG]
2022-02-06 00:45:16,193 INFO Server -> Train: Loss 0.351 | Accuracy = 87.668
2022-02-06 00:45:16,193 INFO ROUND 47
2022-02-06 00:47:47,316 INFO [AFTER AVG]
2022-02-06 00:48:02,966 INFO Server -> Train: Loss 0.336 | Accuracy = 88.286
2022-02-06 00:48:02,967 INFO ROUND 48
2022-02-06 00:50:36,535 INFO [AFTER AVG]
2022-02-06 00:50:52,096 INFO Server -> Train: Loss 0.329 | Accuracy = 88.460
2022-02-06 00:50:52,096 INFO ROUND 49
2022-02-06 00:53:28,015 INFO [AFTER AVG]
2022-02-06 00:53:43,928 INFO Server -> Train: Loss 0.317 | Accuracy = 89.030
2022-02-06 00:53:43,929 INFO ROUND 50
2022-02-06 00:56:22,584 INFO [AFTER AVG]
2022-02-06 00:56:38,482 INFO Server -> Train: Loss 0.304 | Accuracy = 89.316
2022-02-06 00:56:38,483 INFO ROUND 51
2022-02-06 00:59:18,313 INFO [AFTER AVG]
2022-02-06 00:59:33,891 INFO Server -> Train: Loss 0.296 | Accuracy = 89.720
2022-02-06 00:59:33,892 INFO ROUND 52
2022-02-06 01:02:16,172 INFO [AFTER AVG]
2022-02-06 01:02:31,830 INFO Server -> Train: Loss 0.282 | Accuracy = 90.336
2022-02-06 01:02:31,831 INFO ROUND 53
2022-02-06 01:05:15,833 INFO [AFTER AVG]
2022-02-06 01:05:31,612 INFO Server -> Train: Loss 0.275 | Accuracy = 90.532
2022-02-06 01:05:31,613 INFO ROUND 54
2022-02-06 01:08:19,423 INFO [AFTER AVG]
2022-02-06 01:08:35,298 INFO Server -> Train: Loss 0.266 | Accuracy = 90.736
2022-02-06 01:08:35,299 INFO ROUND 55
2022-02-06 01:11:22,479 INFO [AFTER AVG]
2022-02-06 01:11:38,217 INFO Server -> Train: Loss 0.255 | Accuracy = 91.254
2022-02-06 01:11:38,219 INFO ROUND 56
2022-02-06 01:14:27,523 INFO [AFTER AVG]
2022-02-06 01:14:43,121 INFO Server -> Train: Loss 0.246 | Accuracy = 91.556
2022-02-06 01:14:43,121 INFO ROUND 57
2022-02-06 01:17:34,226 INFO [AFTER AVG]
2022-02-06 01:17:49,884 INFO Server -> Train: Loss 0.236 | Accuracy = 91.914
2022-02-06 01:17:49,885 INFO ROUND 58
2022-02-06 01:20:43,541 INFO [AFTER AVG]
2022-02-06 01:20:59,296 INFO Server -> Train: Loss 0.228 | Accuracy = 92.272
2022-02-06 01:20:59,297 INFO ROUND 59
2022-02-06 01:23:55,400 INFO [AFTER AVG]
2022-02-06 01:24:11,118 INFO Server -> Train: Loss 0.219 | Accuracy = 92.620
2022-02-06 01:24:11,119 INFO ROUND 60
2022-02-06 01:27:09,076 INFO [AFTER AVG]
2022-02-06 01:27:24,861 INFO Server -> Train: Loss 0.211 | Accuracy = 92.898
2022-02-06 01:27:28,267 INFO Server -> Test: Loss 1.338 | Accuracy = 67.280
2022-02-06 01:27:28,330 INFO ROUND 61
2022-02-06 01:30:27,821 INFO [AFTER AVG]
2022-02-06 01:30:43,617 INFO Server -> Train: Loss 0.201 | Accuracy = 93.286
2022-02-06 01:30:43,619 INFO ROUND 62
2022-02-06 01:33:45,257 INFO [AFTER AVG]
2022-02-06 01:34:01,007 INFO Server -> Train: Loss 0.197 | Accuracy = 93.488
2022-02-06 01:34:01,008 INFO ROUND 63
2022-02-06 01:37:03,967 INFO [AFTER AVG]
2022-02-06 01:37:19,591 INFO Server -> Train: Loss 0.191 | Accuracy = 93.600
2022-02-06 01:37:19,592 INFO ROUND 64
2022-02-06 01:40:24,427 INFO [AFTER AVG]
2022-02-06 01:40:40,159 INFO Server -> Train: Loss 0.184 | Accuracy = 93.898
2022-02-06 01:40:40,160 INFO ROUND 65
2022-02-06 01:43:46,386 INFO [AFTER AVG]
2022-02-06 01:44:02,155 INFO Server -> Train: Loss 0.176 | Accuracy = 94.320
2022-02-06 01:44:02,157 INFO ROUND 66
2022-02-06 01:47:14,060 INFO [AFTER AVG]
2022-02-06 01:47:29,911 INFO Server -> Train: Loss 0.172 | Accuracy = 94.450
2022-02-06 01:47:29,911 INFO ROUND 67
2022-02-06 01:50:43,001 INFO [AFTER AVG]
2022-02-06 01:50:58,950 INFO Server -> Train: Loss 0.165 | Accuracy = 94.648
2022-02-06 01:50:58,952 INFO ROUND 68
2022-02-06 01:54:12,953 INFO [AFTER AVG]
2022-02-06 01:54:29,007 INFO Server -> Train: Loss 0.158 | Accuracy = 94.920
2022-02-06 01:54:29,007 INFO ROUND 69
2022-02-06 01:57:45,393 INFO [AFTER AVG]
2022-02-06 01:58:01,530 INFO Server -> Train: Loss 0.151 | Accuracy = 95.090
2022-02-06 01:58:01,531 INFO ROUND 70
2022-02-06 02:01:19,359 INFO [AFTER AVG]
2022-02-06 02:01:35,268 INFO Server -> Train: Loss 0.147 | Accuracy = 95.412
2022-02-06 02:01:35,269 INFO ROUND 71
2022-02-06 02:04:54,480 INFO [AFTER AVG]
2022-02-06 02:05:10,392 INFO Server -> Train: Loss 0.147 | Accuracy = 95.292
2022-02-06 02:05:10,392 INFO ROUND 72
2022-02-06 02:08:31,933 INFO [AFTER AVG]
2022-02-06 02:08:47,791 INFO Server -> Train: Loss 0.136 | Accuracy = 95.676
2022-02-06 02:08:47,793 INFO ROUND 73
2022-02-06 02:12:12,066 INFO [AFTER AVG]
2022-02-06 02:12:27,989 INFO Server -> Train: Loss 0.130 | Accuracy = 95.972
2022-02-06 02:12:27,991 INFO ROUND 74
2022-02-06 02:15:54,198 INFO [AFTER AVG]
2022-02-06 02:16:10,116 INFO Server -> Train: Loss 0.127 | Accuracy = 96.166
2022-02-06 02:16:10,117 INFO ROUND 75
2022-02-06 02:19:38,322 INFO [AFTER AVG]
2022-02-06 02:19:54,196 INFO Server -> Train: Loss 0.123 | Accuracy = 96.316
2022-02-06 02:19:57,733 INFO Server -> Test: Loss 1.495 | Accuracy = 67.310
2022-02-06 02:19:57,806 INFO ROUND 76
2022-02-06 02:23:28,809 INFO [AFTER AVG]
2022-02-06 02:23:44,905 INFO Server -> Train: Loss 0.119 | Accuracy = 96.442
2022-02-06 02:23:44,906 INFO ROUND 77
2022-02-06 10:44:18,944 INFO ('Client samples sizes:', array([1000, 1000, 1000, 1000, 1000, 1000, 1000, 1000, 1000, 1000, 1000,
       1000, 1000, 1000, 1000, 1000, 1000, 1000, 1000, 1000, 1000, 1000,
       1000, 1000, 1000, 1000, 1000, 1000, 1000, 1000, 1000, 1000, 1000,
       1000, 1000, 1000, 1000, 1000, 1000, 1000, 1000, 1000, 1000, 1000,
       1000, 1000, 1000, 1000, 1000, 1000]), 'total:', 50000)
2022-02-06 10:44:34,307 INFO ROUND 76
2022-02-06 10:46:38,222 INFO [AFTER AVG]
2022-02-06 10:46:54,251 INFO Server -> Train: Loss 0.202 | Accuracy = 94.124
2022-02-06 10:46:54,251 INFO ROUND 77
2022-02-06 10:49:01,572 INFO [AFTER AVG]
2022-02-06 10:49:17,851 INFO Server -> Train: Loss 0.133 | Accuracy = 96.354
2022-02-06 10:49:17,852 INFO ROUND 78
2022-02-06 10:51:26,392 INFO [AFTER AVG]
2022-02-06 10:51:42,619 INFO Server -> Train: Loss 0.120 | Accuracy = 96.782
2022-02-06 10:51:42,619 INFO ROUND 79
2022-02-06 10:53:52,357 INFO [AFTER AVG]
2022-02-06 10:54:08,548 INFO Server -> Train: Loss 0.110 | Accuracy = 97.168
2022-02-06 10:54:08,549 INFO ROUND 80
2022-02-06 10:56:21,555 INFO [AFTER AVG]
2022-02-06 10:56:37,664 INFO Server -> Train: Loss 0.100 | Accuracy = 97.496
2022-02-06 10:56:37,666 INFO ROUND 81
2022-02-06 10:58:50,786 INFO [AFTER AVG]
2022-02-06 10:59:06,860 INFO Server -> Train: Loss 0.096 | Accuracy = 97.528
2022-02-06 10:59:06,862 INFO ROUND 82
2022-02-06 11:01:21,659 INFO [AFTER AVG]
2022-02-06 11:01:37,806 INFO Server -> Train: Loss 0.087 | Accuracy = 97.912
2022-02-06 11:01:37,807 INFO ROUND 83
2022-02-06 11:03:54,573 INFO [AFTER AVG]
2022-02-06 11:04:10,513 INFO Server -> Train: Loss 0.078 | Accuracy = 98.088
2022-02-06 11:04:10,514 INFO ROUND 84
2022-02-06 11:06:28,939 INFO [AFTER AVG]
2022-02-06 11:06:45,067 INFO Server -> Train: Loss 0.075 | Accuracy = 98.292
2022-02-06 11:06:45,067 INFO ROUND 85
2022-02-06 11:09:05,789 INFO [AFTER AVG]
2022-02-06 11:09:21,785 INFO Server -> Train: Loss 0.071 | Accuracy = 98.432
2022-02-06 11:09:21,786 INFO ROUND 86
2022-02-06 11:11:44,467 INFO [AFTER AVG]
2022-02-06 11:12:00,602 INFO Server -> Train: Loss 0.066 | Accuracy = 98.596
2022-02-06 11:12:00,603 INFO ROUND 87
2022-02-06 11:14:23,935 INFO [AFTER AVG]
2022-02-06 11:14:39,836 INFO Server -> Train: Loss 0.063 | Accuracy = 98.732
2022-02-06 11:14:39,837 INFO ROUND 88
2022-02-06 11:17:03,971 INFO [AFTER AVG]
2022-02-06 11:17:20,104 INFO Server -> Train: Loss 0.060 | Accuracy = 98.852
2022-02-06 11:17:20,105 INFO ROUND 89
2022-02-06 11:19:48,415 INFO [AFTER AVG]
2022-02-06 11:20:04,355 INFO Server -> Train: Loss 0.056 | Accuracy = 98.920
2022-02-06 11:20:04,356 INFO ROUND 90
2022-02-06 11:22:32,335 INFO [AFTER AVG]
2022-02-06 11:22:48,514 INFO Server -> Train: Loss 0.055 | Accuracy = 98.942
2022-02-06 11:22:51,879 INFO Server -> Test: Loss 1.563 | Accuracy = 67.890
2022-02-06 11:22:51,947 INFO ROUND 91
2022-02-06 11:33:03,414 INFO ('Client samples sizes:', array([1000, 1000, 1000, 1000, 1000, 1000, 1000, 1000, 1000, 1000, 1000,
       1000, 1000, 1000, 1000, 1000, 1000, 1000, 1000, 1000, 1000, 1000,
       1000, 1000, 1000, 1000, 1000, 1000, 1000, 1000, 1000, 1000, 1000,
       1000, 1000, 1000, 1000, 1000, 1000, 1000, 1000, 1000, 1000, 1000,
       1000, 1000, 1000, 1000, 1000, 1000]), 'total:', 50000)
2022-02-06 11:33:19,030 INFO ROUND 91
2022-02-06 11:35:19,491 INFO [AFTER AVG]
2022-02-06 11:35:35,194 INFO Server -> Train: Loss 0.088 | Accuracy = 98.296
2022-02-06 11:35:35,194 INFO ROUND 92
2022-02-06 11:37:38,811 INFO [AFTER AVG]
2022-02-06 11:37:54,752 INFO Server -> Train: Loss 0.062 | Accuracy = 98.920
2022-02-06 11:37:54,753 INFO ROUND 93
2022-02-06 11:39:59,297 INFO [AFTER AVG]
2022-02-06 11:40:15,297 INFO Server -> Train: Loss 0.054 | Accuracy = 99.066
2022-02-06 11:40:15,297 INFO ROUND 94
2022-02-06 11:42:20,695 INFO [AFTER AVG]
2022-02-06 11:42:36,361 INFO Server -> Train: Loss 0.050 | Accuracy = 99.268
2022-02-06 11:42:36,362 INFO ROUND 95
2022-02-06 11:44:43,895 INFO [AFTER AVG]
2022-02-06 11:44:59,425 INFO Server -> Train: Loss 0.044 | Accuracy = 99.382
2022-02-06 11:44:59,426 INFO ROUND 96
2022-02-06 11:47:08,263 INFO [AFTER AVG]
2022-02-06 11:47:23,898 INFO Server -> Train: Loss 0.041 | Accuracy = 99.438
2022-02-06 11:47:23,898 INFO ROUND 97
2022-02-06 11:49:33,840 INFO [AFTER AVG]
2022-02-06 11:49:49,566 INFO Server -> Train: Loss 0.038 | Accuracy = 99.560
2022-02-06 11:49:49,567 INFO ROUND 98
2022-02-06 11:52:02,768 INFO [AFTER AVG]
2022-02-06 11:52:18,912 INFO Server -> Train: Loss 0.036 | Accuracy = 99.574
2022-02-06 11:52:18,912 INFO ROUND 99
2022-02-06 11:54:33,728 INFO [AFTER AVG]
2022-02-06 11:54:49,666 INFO Server -> Train: Loss 0.033 | Accuracy = 99.640
2022-02-06 11:54:49,666 INFO ROUND 100
2022-02-06 11:57:05,865 INFO [AFTER AVG]
2022-02-06 11:57:21,738 INFO Server -> Train: Loss 0.031 | Accuracy = 99.692
2022-02-06 11:57:21,739 INFO ROUND 101
2022-02-06 11:59:39,515 INFO [AFTER AVG]
2022-02-06 11:59:55,451 INFO Server -> Train: Loss 0.031 | Accuracy = 99.694
2022-02-06 11:59:55,452 INFO ROUND 102
2022-02-06 12:02:17,686 INFO [AFTER AVG]
2022-02-06 12:02:33,774 INFO Server -> Train: Loss 0.029 | Accuracy = 99.720
2022-02-06 12:02:33,775 INFO ROUND 103
2022-02-06 12:04:56,622 INFO [AFTER AVG]
2022-02-06 12:05:12,572 INFO Server -> Train: Loss 0.030 | Accuracy = 99.758
2022-02-06 12:05:12,573 INFO ROUND 104
2022-02-06 12:07:39,006 INFO [AFTER AVG]
2022-02-06 12:07:54,856 INFO Server -> Train: Loss 0.028 | Accuracy = 99.738
2022-02-06 12:07:54,857 INFO ROUND 105
2022-02-06 12:10:20,680 INFO [AFTER AVG]
2022-02-06 12:10:36,810 INFO Server -> Train: Loss 0.026 | Accuracy = 99.796
2022-02-06 12:10:40,216 INFO Server -> Test: Loss 1.672 | Accuracy = 68.040
2022-02-06 12:10:40,291 INFO ROUND 106
2022-02-06 12:13:07,678 INFO [AFTER AVG]
2022-02-06 12:13:23,710 INFO Server -> Train: Loss 0.025 | Accuracy = 99.796
2022-02-06 12:13:23,710 INFO ROUND 107
2022-02-06 12:15:54,005 INFO [AFTER AVG]
2022-02-06 12:16:09,830 INFO Server -> Train: Loss 0.024 | Accuracy = 99.808
2022-02-06 12:16:09,831 INFO ROUND 108
2022-02-06 12:18:40,692 INFO [AFTER AVG]
2022-02-06 12:18:56,592 INFO Server -> Train: Loss 0.024 | Accuracy = 99.814
2022-02-06 12:18:56,593 INFO ROUND 109
2022-02-06 12:21:28,309 INFO [AFTER AVG]
2022-02-06 12:21:43,984 INFO Server -> Train: Loss 0.023 | Accuracy = 99.840
2022-02-06 12:21:43,985 INFO ROUND 110
2022-02-06 12:24:19,899 INFO [AFTER AVG]
2022-02-06 12:24:35,491 INFO Server -> Train: Loss 0.023 | Accuracy = 99.862
2022-02-06 12:24:35,492 INFO ROUND 111
2022-02-06 12:27:10,824 INFO [AFTER AVG]
2022-02-06 12:27:26,774 INFO Server -> Train: Loss 0.023 | Accuracy = 99.850
2022-02-06 12:27:26,774 INFO ROUND 112
2022-02-06 12:30:06,028 INFO [AFTER AVG]
2022-02-06 12:30:21,984 INFO Server -> Train: Loss 0.022 | Accuracy = 99.876
2022-02-06 12:30:21,984 INFO ROUND 113
2022-02-06 12:32:59,433 INFO [AFTER AVG]
2022-02-06 12:33:14,853 INFO Server -> Train: Loss 0.021 | Accuracy = 99.886
2022-02-06 12:33:14,854 INFO ROUND 114
2022-02-06 12:35:53,997 INFO [AFTER AVG]
2022-02-06 12:36:09,679 INFO Server -> Train: Loss 0.021 | Accuracy = 99.916
2022-02-06 12:36:09,680 INFO ROUND 115
2022-02-06 12:38:51,510 INFO [AFTER AVG]
2022-02-06 12:39:07,018 INFO Server -> Train: Loss 0.021 | Accuracy = 99.888
2022-02-06 12:39:07,018 INFO ROUND 116
2022-02-06 12:41:50,282 INFO [AFTER AVG]
2022-02-06 12:42:05,929 INFO Server -> Train: Loss 0.021 | Accuracy = 99.914
2022-02-06 12:42:05,929 INFO ROUND 117
2022-02-06 12:44:49,748 INFO [AFTER AVG]
2022-02-06 12:45:05,390 INFO Server -> Train: Loss 0.020 | Accuracy = 99.916
2022-02-06 12:45:05,391 INFO ROUND 118
2022-02-06 12:47:50,253 INFO [AFTER AVG]
2022-02-06 12:48:05,883 INFO Server -> Train: Loss 0.020 | Accuracy = 99.938
2022-02-06 12:48:05,883 INFO ROUND 119
2022-02-06 12:50:52,588 INFO [AFTER AVG]
2022-02-06 12:51:08,134 INFO Server -> Train: Loss 0.019 | Accuracy = 99.930
2022-02-06 12:51:08,135 INFO ROUND 120
2022-02-06 12:53:58,063 INFO [AFTER AVG]
2022-02-06 12:54:13,802 INFO Server -> Train: Loss 0.019 | Accuracy = 99.944
2022-02-06 12:54:17,248 INFO Server -> Test: Loss 1.718 | Accuracy = 68.040
2022-02-06 12:54:17,312 INFO ROUND 121
2022-02-06 12:57:09,240 INFO [AFTER AVG]
2022-02-06 12:57:24,913 INFO Server -> Train: Loss 0.019 | Accuracy = 99.932
2022-02-06 12:57:24,915 INFO ROUND 122
2022-02-06 13:00:20,336 INFO [AFTER AVG]
2022-02-06 13:00:36,270 INFO Server -> Train: Loss 0.019 | Accuracy = 99.950
2022-02-06 13:00:36,271 INFO ROUND 123
2022-02-06 13:03:36,450 INFO [AFTER AVG]
2022-02-06 13:03:52,511 INFO Server -> Train: Loss 0.019 | Accuracy = 99.954
2022-02-06 13:03:52,513 INFO ROUND 124
2022-02-06 13:06:52,688 INFO [AFTER AVG]
2022-02-06 13:07:08,963 INFO Server -> Train: Loss 0.018 | Accuracy = 99.942
2022-02-06 13:07:08,965 INFO ROUND 125
2022-02-06 13:10:11,219 INFO [AFTER AVG]
2022-02-06 13:10:27,185 INFO Server -> Train: Loss 0.018 | Accuracy = 99.944
2022-02-06 13:10:27,185 INFO ROUND 126
2022-02-06 13:13:33,834 INFO [AFTER AVG]
2022-02-06 13:13:49,914 INFO Server -> Train: Loss 0.018 | Accuracy = 99.936
2022-02-06 13:13:49,915 INFO ROUND 127
2022-02-06 13:16:58,012 INFO [AFTER AVG]
2022-02-06 13:17:14,040 INFO Server -> Train: Loss 0.018 | Accuracy = 99.952
2022-02-06 13:17:14,042 INFO ROUND 128
2022-02-06 13:20:23,672 INFO [AFTER AVG]
2022-02-06 13:20:39,932 INFO Server -> Train: Loss 0.018 | Accuracy = 99.952
2022-02-06 13:20:39,934 INFO ROUND 129
2022-02-06 13:23:52,680 INFO [AFTER AVG]
2022-02-06 13:24:08,927 INFO Server -> Train: Loss 0.018 | Accuracy = 99.956
2022-02-06 13:24:08,929 INFO ROUND 130
2022-02-06 13:27:24,262 INFO [AFTER AVG]
2022-02-06 13:27:40,504 INFO Server -> Train: Loss 0.018 | Accuracy = 99.942
2022-02-06 13:27:40,505 INFO ROUND 131
2022-02-06 13:30:56,259 INFO [AFTER AVG]
2022-02-06 13:31:12,227 INFO Server -> Train: Loss 0.018 | Accuracy = 99.946
2022-02-06 13:31:12,229 INFO ROUND 132
2022-02-06 13:34:28,670 INFO [AFTER AVG]
2022-02-06 13:34:44,442 INFO Server -> Train: Loss 0.017 | Accuracy = 99.956
2022-02-06 13:34:44,443 INFO ROUND 133
2022-02-06 13:38:01,506 INFO [AFTER AVG]
2022-02-06 13:38:17,574 INFO Server -> Train: Loss 0.018 | Accuracy = 99.952
2022-02-06 13:38:17,575 INFO ROUND 134
2022-02-06 13:41:33,789 INFO [AFTER AVG]
2022-02-06 13:41:49,849 INFO Server -> Train: Loss 0.018 | Accuracy = 99.958
2022-02-06 13:41:49,851 INFO ROUND 135
2022-02-06 14:27:21,404 INFO ('Client samples sizes:', array([1000, 1000, 1000, 1000, 1000, 1000, 1000, 1000, 1000, 1000, 1000,
       1000, 1000, 1000, 1000, 1000, 1000, 1000, 1000, 1000, 1000, 1000,
       1000, 1000, 1000, 1000, 1000, 1000, 1000, 1000, 1000, 1000, 1000,
       1000, 1000, 1000, 1000, 1000, 1000, 1000, 1000, 1000, 1000, 1000,
       1000, 1000, 1000, 1000, 1000, 1000]), 'total:', 50000)
2022-02-06 14:27:40,889 INFO ROUND 121
2022-02-06 14:29:28,395 INFO [AFTER AVG]
2022-02-06 14:29:41,612 INFO Server -> Train: Loss 0.043 | Accuracy = 99.736
2022-02-06 14:29:41,614 INFO ROUND 122
2022-02-06 14:31:31,509 INFO [AFTER AVG]
2022-02-06 14:31:45,041 INFO Server -> Train: Loss 0.030 | Accuracy = 99.890
2022-02-06 14:31:45,042 INFO ROUND 123
2022-02-06 14:33:36,836 INFO [AFTER AVG]
2022-02-06 14:33:50,106 INFO Server -> Train: Loss 0.026 | Accuracy = 99.922
2022-02-06 14:33:50,107 INFO ROUND 124
2022-02-06 14:35:42,245 INFO [AFTER AVG]
2022-02-06 14:35:55,413 INFO Server -> Train: Loss 0.022 | Accuracy = 99.934
2022-02-06 14:35:55,415 INFO ROUND 125
2022-02-06 14:37:52,620 INFO [AFTER AVG]
2022-02-06 14:38:05,854 INFO Server -> Train: Loss 0.020 | Accuracy = 99.940
2022-02-06 14:38:05,854 INFO ROUND 126
2022-02-06 14:40:01,731 INFO [AFTER AVG]
2022-02-06 14:40:14,885 INFO Server -> Train: Loss 0.019 | Accuracy = 99.954
2022-02-06 14:40:14,887 INFO ROUND 127
2022-02-06 14:42:10,976 INFO [AFTER AVG]
2022-02-06 14:42:24,298 INFO Server -> Train: Loss 0.018 | Accuracy = 99.954
2022-02-06 14:42:24,299 INFO ROUND 128
2022-02-06 14:44:23,334 INFO [AFTER AVG]
2022-02-06 14:44:36,757 INFO Server -> Train: Loss 0.017 | Accuracy = 99.962
2022-02-06 14:44:36,758 INFO ROUND 129
2022-02-06 14:46:37,575 INFO [AFTER AVG]
2022-02-06 14:46:50,876 INFO Server -> Train: Loss 0.017 | Accuracy = 99.960
2022-02-06 14:46:50,877 INFO ROUND 130
2022-02-06 14:48:51,974 INFO [AFTER AVG]
2022-02-06 14:49:05,162 INFO Server -> Train: Loss 0.017 | Accuracy = 99.966
2022-02-06 14:49:05,164 INFO ROUND 131
2022-02-06 14:51:08,912 INFO [AFTER AVG]
2022-02-06 14:51:22,141 INFO Server -> Train: Loss 0.016 | Accuracy = 99.960
2022-02-06 14:51:22,141 INFO ROUND 132
2022-02-06 14:53:27,203 INFO [AFTER AVG]
2022-02-06 14:53:40,460 INFO Server -> Train: Loss 0.016 | Accuracy = 99.974
2022-02-06 14:53:40,460 INFO ROUND 133
2022-02-06 14:55:47,402 INFO [AFTER AVG]
2022-02-06 14:56:00,772 INFO Server -> Train: Loss 0.015 | Accuracy = 99.978
2022-02-06 14:56:00,773 INFO ROUND 134
2022-02-06 14:58:11,912 INFO [AFTER AVG]
2022-02-06 14:58:25,383 INFO Server -> Train: Loss 0.015 | Accuracy = 99.980
2022-02-06 14:58:25,384 INFO ROUND 135
2022-02-06 15:00:34,880 INFO [AFTER AVG]
2022-02-06 15:00:48,073 INFO Server -> Train: Loss 0.015 | Accuracy = 99.970
2022-02-06 15:00:50,874 INFO Server -> Test: Loss 1.689 | Accuracy = 68.400
2022-02-06 15:00:50,933 INFO ROUND 136
2022-02-06 15:03:01,374 INFO [AFTER AVG]
2022-02-06 15:03:14,340 INFO Server -> Train: Loss 0.015 | Accuracy = 99.976
2022-02-06 15:03:14,341 INFO ROUND 137
2022-02-06 15:05:26,943 INFO [AFTER AVG]
2022-02-06 15:05:40,093 INFO Server -> Train: Loss 0.015 | Accuracy = 99.976
2022-02-06 15:05:40,094 INFO ROUND 138
2022-02-06 15:07:53,563 INFO [AFTER AVG]
2022-02-06 15:08:06,561 INFO Server -> Train: Loss 0.015 | Accuracy = 99.980
2022-02-06 15:08:06,561 INFO ROUND 139
2022-02-06 15:10:21,908 INFO [AFTER AVG]
2022-02-06 15:10:34,931 INFO Server -> Train: Loss 0.015 | Accuracy = 99.974
2022-02-06 15:10:34,932 INFO ROUND 140
2022-02-06 15:12:52,052 INFO [AFTER AVG]
2022-02-06 15:13:05,229 INFO Server -> Train: Loss 0.015 | Accuracy = 99.974
2022-02-06 15:13:05,231 INFO ROUND 141
2022-02-06 15:15:25,982 INFO [AFTER AVG]
2022-02-06 15:15:39,577 INFO Server -> Train: Loss 0.014 | Accuracy = 99.976
2022-02-06 15:15:39,578 INFO ROUND 142
2022-02-06 15:18:03,534 INFO [AFTER AVG]
2022-02-06 15:18:16,931 INFO Server -> Train: Loss 0.015 | Accuracy = 99.980
2022-02-06 15:18:16,932 INFO ROUND 143
2022-02-06 15:20:44,113 INFO [AFTER AVG]
2022-02-06 15:20:57,496 INFO Server -> Train: Loss 0.015 | Accuracy = 99.982
2022-02-06 15:20:57,496 INFO ROUND 144
2022-02-06 15:23:24,475 INFO [AFTER AVG]
2022-02-06 15:23:38,309 INFO Server -> Train: Loss 0.015 | Accuracy = 99.974
2022-02-06 15:23:38,310 INFO ROUND 145
2022-02-06 15:26:08,957 INFO [AFTER AVG]
2022-02-06 15:26:22,489 INFO Server -> Train: Loss 0.015 | Accuracy = 99.984
2022-02-06 15:26:22,490 INFO ROUND 146
2022-02-06 15:28:55,041 INFO [AFTER AVG]
2022-02-06 15:29:08,591 INFO Server -> Train: Loss 0.014 | Accuracy = 99.980
2022-02-06 15:29:08,592 INFO ROUND 147
2022-02-06 15:31:39,960 INFO [AFTER AVG]
2022-02-06 15:31:53,218 INFO Server -> Train: Loss 0.014 | Accuracy = 99.988
2022-02-06 15:31:53,220 INFO ROUND 148
2022-02-06 15:34:25,405 INFO [AFTER AVG]
2022-02-06 15:34:38,393 INFO Server -> Train: Loss 0.014 | Accuracy = 99.984
2022-02-06 15:34:38,395 INFO ROUND 149
2022-02-06 15:37:09,617 INFO [AFTER AVG]
2022-02-06 15:37:22,493 INFO Server -> Train: Loss 0.014 | Accuracy = 99.980
2022-02-06 15:37:22,494 INFO ROUND 150
2022-02-06 15:39:55,153 INFO [AFTER AVG]
2022-02-06 15:40:08,132 INFO Server -> Train: Loss 0.014 | Accuracy = 99.978
2022-02-06 15:40:10,968 INFO Server -> Test: Loss 1.688 | Accuracy = 68.360
2022-02-06 15:40:11,026 INFO ROUND 151
2022-02-06 15:42:45,182 INFO [AFTER AVG]
2022-02-06 15:42:57,972 INFO Server -> Train: Loss 0.014 | Accuracy = 99.982
2022-02-06 15:42:57,973 INFO ROUND 152
2022-02-06 15:45:33,481 INFO [AFTER AVG]
2022-02-06 15:45:46,173 INFO Server -> Train: Loss 0.015 | Accuracy = 99.982
2022-02-06 15:45:46,173 INFO ROUND 153
2022-02-06 15:48:23,431 INFO [AFTER AVG]
2022-02-06 15:48:36,552 INFO Server -> Train: Loss 0.014 | Accuracy = 99.986
2022-02-06 15:48:36,553 INFO ROUND 154
2022-02-06 15:51:16,224 INFO [AFTER AVG]
2022-02-06 15:51:29,199 INFO Server -> Train: Loss 0.014 | Accuracy = 99.986
2022-02-06 15:51:29,200 INFO ROUND 155
2022-02-06 15:54:12,142 INFO [AFTER AVG]
2022-02-06 15:54:25,111 INFO Server -> Train: Loss 0.014 | Accuracy = 99.988
2022-02-06 15:54:25,111 INFO ROUND 156
2022-02-06 15:57:07,020 INFO [AFTER AVG]
2022-02-06 15:57:20,014 INFO Server -> Train: Loss 0.015 | Accuracy = 99.986
2022-02-06 15:57:20,016 INFO ROUND 157
2022-02-06 16:00:03,156 INFO [AFTER AVG]
2022-02-06 16:00:15,889 INFO Server -> Train: Loss 0.015 | Accuracy = 99.990
2022-02-06 16:00:15,890 INFO ROUND 158
2022-02-06 16:03:00,942 INFO [AFTER AVG]
2022-02-06 16:03:13,918 INFO Server -> Train: Loss 0.015 | Accuracy = 99.992
2022-02-06 16:03:13,919 INFO ROUND 159
2022-02-06 16:06:00,763 INFO [AFTER AVG]
2022-02-06 16:06:13,785 INFO Server -> Train: Loss 0.015 | Accuracy = 99.986
2022-02-06 16:06:13,785 INFO ROUND 160
2022-02-06 16:09:02,590 INFO [AFTER AVG]
2022-02-06 16:09:15,545 INFO Server -> Train: Loss 0.015 | Accuracy = 99.982
2022-02-06 16:09:15,545 INFO ROUND 161
2022-02-06 16:12:06,564 INFO [AFTER AVG]
2022-02-06 16:12:19,499 INFO Server -> Train: Loss 0.015 | Accuracy = 99.992
2022-02-06 16:12:19,501 INFO ROUND 162
2022-02-06 16:15:09,634 INFO [AFTER AVG]
2022-02-06 16:15:22,321 INFO Server -> Train: Loss 0.015 | Accuracy = 99.988
2022-02-06 16:15:22,321 INFO ROUND 163
2022-02-06 16:18:15,091 INFO [AFTER AVG]
2022-02-06 16:18:27,905 INFO Server -> Train: Loss 0.015 | Accuracy = 99.980
2022-02-06 16:18:27,906 INFO ROUND 164
2022-02-06 16:21:27,534 INFO [AFTER AVG]
2022-02-06 16:21:41,360 INFO Server -> Train: Loss 0.015 | Accuracy = 99.980
2022-02-06 16:21:41,362 INFO ROUND 165
2022-02-06 16:24:45,301 INFO [AFTER AVG]
2022-02-06 16:24:59,144 INFO Server -> Train: Loss 0.015 | Accuracy = 99.978
2022-02-06 16:25:02,249 INFO Server -> Test: Loss 1.639 | Accuracy = 68.430
2022-02-06 16:25:02,306 INFO ROUND 166
2022-02-06 18:53:34,590 INFO ('Client samples sizes:', array([1000, 1000, 1000, 1000, 1000, 1000, 1000, 1000, 1000, 1000, 1000,
       1000, 1000, 1000, 1000, 1000, 1000, 1000, 1000, 1000, 1000, 1000,
       1000, 1000, 1000, 1000, 1000, 1000, 1000, 1000, 1000, 1000, 1000,
       1000, 1000, 1000, 1000, 1000, 1000, 1000, 1000, 1000, 1000, 1000,
       1000, 1000, 1000, 1000, 1000, 1000]), 'total:', 50000)
2022-02-06 18:53:49,898 INFO ROUND 166
2022-02-06 18:55:37,775 INFO [AFTER AVG]
2022-02-06 18:55:51,070 INFO Server -> Train: Loss 0.066 | Accuracy = 99.626
2022-02-06 18:55:51,071 INFO ROUND 167
2022-02-06 18:57:42,039 INFO [AFTER AVG]
2022-02-06 18:57:55,579 INFO Server -> Train: Loss 0.030 | Accuracy = 99.922
2022-02-06 18:57:55,580 INFO ROUND 168
2022-02-06 18:59:45,492 INFO [AFTER AVG]
2022-02-06 18:59:58,696 INFO Server -> Train: Loss 0.022 | Accuracy = 99.964
2022-02-06 18:59:58,697 INFO ROUND 169
2022-02-06 19:01:49,673 INFO [AFTER AVG]
2022-02-06 19:02:02,618 INFO Server -> Train: Loss 0.019 | Accuracy = 99.974
2022-02-06 19:02:02,619 INFO ROUND 170
2022-02-06 19:03:56,341 INFO [AFTER AVG]
2022-02-06 19:04:09,329 INFO Server -> Train: Loss 0.017 | Accuracy = 99.974
2022-02-06 19:04:09,329 INFO ROUND 171
2022-02-06 19:06:03,415 INFO [AFTER AVG]
2022-02-06 19:06:16,465 INFO Server -> Train: Loss 0.016 | Accuracy = 99.978
2022-02-06 19:06:16,466 INFO ROUND 172
2022-02-06 19:08:12,327 INFO [AFTER AVG]
2022-02-06 19:08:25,912 INFO Server -> Train: Loss 0.016 | Accuracy = 99.984
2022-02-06 19:08:25,913 INFO ROUND 173
2022-02-06 19:10:23,929 INFO [AFTER AVG]
2022-02-06 19:10:37,023 INFO Server -> Train: Loss 0.015 | Accuracy = 99.986
2022-02-06 19:10:37,025 INFO ROUND 174
2022-02-06 19:12:35,083 INFO [AFTER AVG]
2022-02-06 19:12:48,180 INFO Server -> Train: Loss 0.015 | Accuracy = 99.988
2022-02-06 19:12:48,181 INFO ROUND 175
2022-02-06 19:14:49,029 INFO [AFTER AVG]
2022-02-06 19:15:02,096 INFO Server -> Train: Loss 0.015 | Accuracy = 99.986
2022-02-06 19:15:02,097 INFO ROUND 176
2022-02-06 19:17:03,598 INFO [AFTER AVG]
2022-02-06 19:17:16,579 INFO Server -> Train: Loss 0.014 | Accuracy = 99.992
2022-02-06 19:17:16,580 INFO ROUND 177
2022-02-06 19:19:19,485 INFO [AFTER AVG]
2022-02-06 19:19:32,519 INFO Server -> Train: Loss 0.015 | Accuracy = 99.988
2022-02-06 19:19:32,520 INFO ROUND 178
2022-02-06 19:21:38,465 INFO [AFTER AVG]
2022-02-06 19:21:51,724 INFO Server -> Train: Loss 0.014 | Accuracy = 99.986
2022-02-06 19:21:51,725 INFO ROUND 179
2022-02-06 19:24:01,045 INFO [AFTER AVG]
2022-02-06 19:24:14,268 INFO Server -> Train: Loss 0.014 | Accuracy = 99.988
2022-02-06 19:24:14,268 INFO ROUND 180
2022-02-06 19:26:23,242 INFO [AFTER AVG]
2022-02-06 19:26:36,219 INFO Server -> Train: Loss 0.014 | Accuracy = 99.994
2022-02-06 19:26:38,991 INFO Server -> Test: Loss 1.588 | Accuracy = 68.430
2022-02-06 19:26:39,049 INFO ROUND 181
2022-02-06 19:28:51,533 INFO [AFTER AVG]
2022-02-06 19:29:04,837 INFO Server -> Train: Loss 0.014 | Accuracy = 99.988
2022-02-06 19:29:04,838 INFO ROUND 182
