2022-02-08 21:44:17,102 INFO Client samples sizes: [1000 1000 1000 1000 1000 1000 1000 1000 1000 1000 1000 1000 1000 1000
 1000 1000 1000 1000 1000 1000 1000 1000 1000 1000 1000 1000 1000 1000
 1000 1000 1000 1000 1000 1000 1000 1000 1000 1000 1000 1000 1000 1000
 1000 1000 1000 1000 1000 1000 1000 1000], total: 50000
2022-02-08 21:44:28,600 INFO ROUND 1
2022-02-08 21:44:54,360 INFO ROUND 2
2022-02-08 21:45:19,891 INFO ROUND 3
2022-02-08 21:45:45,698 INFO ROUND 4
2022-02-08 21:46:11,259 INFO ROUND 5
2022-02-08 21:46:46,460 INFO Server -> Train: Loss 1.454 | Accuracy = 46.498
2022-02-08 21:46:48,471 INFO Server -> Test: Loss 1.456 | Accuracy = 46.590
2022-02-08 21:46:48,518 INFO ROUND 6
2022-02-08 21:47:14,332 INFO ROUND 7
2022-02-08 21:47:39,884 INFO ROUND 8
2022-02-08 21:48:05,503 INFO ROUND 9
2022-02-08 21:48:31,396 INFO ROUND 10
2022-02-08 21:49:07,260 INFO Server -> Train: Loss 1.207 | Accuracy = 56.308
2022-02-08 21:49:09,323 INFO Server -> Test: Loss 1.222 | Accuracy = 55.890
2022-02-08 21:49:09,373 INFO ROUND 11
2022-02-08 21:49:35,752 INFO ROUND 12
2022-02-08 21:50:02,411 INFO ROUND 13
2022-02-08 21:50:29,912 INFO ROUND 14
2022-02-08 21:50:58,654 INFO ROUND 15
2022-02-08 21:51:36,220 INFO Server -> Train: Loss 1.074 | Accuracy = 61.340
2022-02-08 21:51:38,250 INFO Server -> Test: Loss 1.102 | Accuracy = 60.320
2022-02-08 21:51:38,299 INFO ROUND 16
2022-02-08 21:52:05,122 INFO ROUND 17
2022-02-08 21:52:32,513 INFO ROUND 18
2022-02-08 21:52:59,500 INFO ROUND 19
2022-02-08 21:53:26,401 INFO ROUND 20
2022-02-08 21:54:03,233 INFO Server -> Train: Loss 0.984 | Accuracy = 64.664
2022-02-08 21:54:05,277 INFO Server -> Test: Loss 1.024 | Accuracy = 62.890
2022-02-08 21:54:05,326 INFO ROUND 21
2022-02-08 21:54:32,408 INFO ROUND 22
2022-02-08 21:54:59,685 INFO ROUND 23
2022-02-08 21:55:26,892 INFO ROUND 24
2022-02-08 21:55:54,039 INFO ROUND 25
2022-02-08 21:56:30,852 INFO Server -> Train: Loss 0.921 | Accuracy = 67.216
2022-02-08 21:56:32,881 INFO Server -> Test: Loss 0.973 | Accuracy = 65.530
2022-02-08 21:56:32,929 INFO ROUND 26
2022-02-08 21:57:00,270 INFO ROUND 27
2022-02-08 21:57:27,714 INFO ROUND 28
2022-02-08 21:57:55,315 INFO ROUND 29
2022-02-08 21:58:22,915 INFO ROUND 30
2022-02-08 21:59:01,313 INFO Server -> Train: Loss 0.853 | Accuracy = 69.456
2022-02-08 21:59:03,381 INFO Server -> Test: Loss 0.917 | Accuracy = 67.520
2022-02-08 21:59:03,431 INFO ROUND 31
2022-02-08 21:59:31,509 INFO ROUND 32
2022-02-08 21:59:59,796 INFO ROUND 33
2022-02-08 22:00:28,055 INFO ROUND 34
2022-02-08 22:00:56,334 INFO ROUND 35
2022-02-08 22:01:34,143 INFO Server -> Train: Loss 0.819 | Accuracy = 70.936
2022-02-08 22:01:36,159 INFO Server -> Test: Loss 0.896 | Accuracy = 68.540
2022-02-08 22:01:36,226 INFO ROUND 36
2022-02-08 22:02:04,789 INFO ROUND 37
2022-02-08 22:02:33,485 INFO ROUND 38
2022-02-08 22:03:02,246 INFO ROUND 39
2022-02-08 22:03:30,977 INFO ROUND 40
2022-02-08 22:04:09,666 INFO Server -> Train: Loss 0.778 | Accuracy = 72.492
2022-02-08 22:04:11,742 INFO Server -> Test: Loss 0.868 | Accuracy = 69.530
2022-02-08 22:04:11,794 INFO ROUND 41
2022-02-08 22:04:40,778 INFO ROUND 42
2022-02-08 22:05:10,231 INFO ROUND 43
2022-02-08 22:05:39,564 INFO ROUND 44
2022-02-08 22:06:09,307 INFO ROUND 45
2022-02-08 22:06:48,410 INFO Server -> Train: Loss 0.743 | Accuracy = 73.646
2022-02-08 22:06:50,498 INFO Server -> Test: Loss 0.846 | Accuracy = 70.090
2022-02-08 22:06:50,547 INFO ROUND 46
2022-02-08 22:07:20,350 INFO ROUND 47
2022-02-08 22:07:50,321 INFO ROUND 48
2022-02-08 22:08:20,318 INFO ROUND 49
2022-02-08 22:08:52,366 INFO ROUND 50
2022-02-08 22:09:32,182 INFO Server -> Train: Loss 0.677 | Accuracy = 76.040
2022-02-08 22:09:34,245 INFO Server -> Test: Loss 0.800 | Accuracy = 72.210
2022-02-08 22:09:34,293 INFO ROUND 51
2022-02-08 22:10:04,756 INFO ROUND 52
2022-02-08 22:10:35,223 INFO ROUND 53
2022-02-08 22:11:05,831 INFO ROUND 54
2022-02-08 22:11:36,501 INFO ROUND 55
2022-02-08 22:12:17,426 INFO Server -> Train: Loss 0.655 | Accuracy = 76.658
2022-02-08 22:12:19,540 INFO Server -> Test: Loss 0.795 | Accuracy = 72.270
2022-02-08 22:12:19,589 INFO ROUND 56
2022-02-08 22:12:50,541 INFO ROUND 57
2022-02-08 22:13:21,599 INFO ROUND 58
2022-02-08 22:13:52,780 INFO ROUND 59
2022-02-08 22:14:24,090 INFO ROUND 60
2022-02-08 22:15:05,277 INFO Server -> Train: Loss 0.626 | Accuracy = 77.972
2022-02-08 22:15:07,351 INFO Server -> Test: Loss 0.783 | Accuracy = 73.130
2022-02-08 22:15:07,400 INFO ROUND 61
2022-02-08 22:15:39,190 INFO ROUND 62
2022-02-08 22:16:10,735 INFO ROUND 63
2022-02-08 22:16:42,335 INFO ROUND 64
2022-02-08 22:17:14,237 INFO ROUND 65
2022-02-08 22:17:55,748 INFO Server -> Train: Loss 0.601 | Accuracy = 78.570
2022-02-08 22:17:57,843 INFO Server -> Test: Loss 0.777 | Accuracy = 73.520
2022-02-08 22:17:57,894 INFO ROUND 66
2022-02-08 22:18:30,165 INFO ROUND 67
2022-02-08 22:19:02,461 INFO ROUND 68
2022-02-08 22:19:34,933 INFO ROUND 69
2022-02-08 22:20:07,426 INFO ROUND 70
2022-02-08 22:20:49,677 INFO Server -> Train: Loss 0.569 | Accuracy = 79.904
2022-02-08 22:20:51,805 INFO Server -> Test: Loss 0.760 | Accuracy = 73.870
2022-02-08 22:20:51,860 INFO ROUND 71
2022-02-08 22:21:24,761 INFO ROUND 72
2022-02-08 22:21:57,553 INFO ROUND 73
2022-02-08 22:22:30,500 INFO ROUND 74
2022-02-08 22:23:03,729 INFO ROUND 75
2022-02-08 22:23:46,254 INFO Server -> Train: Loss 0.547 | Accuracy = 80.452
2022-02-08 22:23:48,346 INFO Server -> Test: Loss 0.758 | Accuracy = 73.990
2022-02-08 22:23:48,395 INFO ROUND 76
2022-02-08 22:24:21,757 INFO ROUND 77
2022-02-08 22:24:55,400 INFO ROUND 78
2022-02-08 22:25:29,073 INFO ROUND 79
2022-02-08 22:26:02,916 INFO ROUND 80
2022-02-08 22:26:46,165 INFO Server -> Train: Loss 0.532 | Accuracy = 81.034
2022-02-08 22:26:48,274 INFO Server -> Test: Loss 0.762 | Accuracy = 74.110
2022-02-08 22:26:48,332 INFO ROUND 81
2022-02-08 22:27:22,436 INFO ROUND 82
2022-02-08 22:27:56,664 INFO ROUND 83
2022-02-08 22:28:32,442 INFO ROUND 84
2022-02-08 22:29:07,025 INFO ROUND 85
2022-02-08 22:29:51,225 INFO Server -> Train: Loss 0.522 | Accuracy = 81.282
2022-02-08 22:29:53,347 INFO Server -> Test: Loss 0.770 | Accuracy = 74.000
2022-02-08 22:29:53,405 INFO ROUND 86
2022-02-08 22:30:28,480 INFO ROUND 87
2022-02-08 22:31:03,743 INFO ROUND 88
2022-02-08 22:31:38,692 INFO ROUND 89
2022-02-08 22:32:14,057 INFO ROUND 90
2022-02-08 22:32:58,974 INFO Server -> Train: Loss 0.479 | Accuracy = 82.896
2022-02-08 22:33:01,100 INFO Server -> Test: Loss 0.752 | Accuracy = 74.680
2022-02-08 22:33:01,148 INFO ROUND 91
2022-02-08 22:33:36,896 INFO ROUND 92
2022-02-08 22:34:12,755 INFO ROUND 93
2022-02-08 22:34:49,052 INFO ROUND 94
2022-02-08 22:35:26,813 INFO ROUND 95
2022-02-08 22:36:14,495 INFO Server -> Train: Loss 0.445 | Accuracy = 84.090
2022-02-08 22:36:16,838 INFO Server -> Test: Loss 0.737 | Accuracy = 75.680
2022-02-08 22:36:16,892 INFO ROUND 96
2022-02-08 22:36:53,812 INFO ROUND 97
2022-02-08 22:37:30,134 INFO ROUND 98
2022-02-08 22:38:06,311 INFO ROUND 99
2022-02-08 22:38:42,646 INFO ROUND 100
2022-02-08 22:39:28,797 INFO Server -> Train: Loss 0.432 | Accuracy = 84.498
2022-02-08 22:39:30,907 INFO Server -> Test: Loss 0.744 | Accuracy = 75.180
2022-02-08 22:39:30,954 INFO ROUND 101
2022-02-08 22:40:07,577 INFO ROUND 102
2022-02-08 22:40:44,346 INFO ROUND 103
2022-02-08 22:41:21,179 INFO ROUND 104
2022-02-08 22:41:58,428 INFO ROUND 105
2022-02-08 22:42:45,234 INFO Server -> Train: Loss 0.394 | Accuracy = 86.114
2022-02-08 22:42:47,372 INFO Server -> Test: Loss 0.735 | Accuracy = 75.960
2022-02-08 22:42:47,421 INFO ROUND 106
2022-02-08 22:43:25,033 INFO ROUND 107
2022-02-08 22:44:02,785 INFO ROUND 108
2022-02-08 22:44:40,461 INFO ROUND 109
2022-02-08 22:45:18,211 INFO ROUND 110
2022-02-08 22:46:05,771 INFO Server -> Train: Loss 0.383 | Accuracy = 86.482
2022-02-08 22:46:07,996 INFO Server -> Test: Loss 0.734 | Accuracy = 75.940
2022-02-08 22:46:08,046 INFO ROUND 111
2022-02-08 22:46:46,099 INFO ROUND 112
2022-02-08 22:47:24,158 INFO ROUND 113
2022-02-08 22:48:02,356 INFO ROUND 114
2022-02-08 22:48:40,725 INFO ROUND 115
2022-02-08 22:49:28,966 INFO Server -> Train: Loss 0.367 | Accuracy = 86.974
2022-02-08 22:49:31,161 INFO Server -> Test: Loss 0.745 | Accuracy = 75.960
2022-02-08 22:49:31,209 INFO ROUND 116
2022-02-08 22:50:09,892 INFO ROUND 117
2022-02-08 22:50:48,588 INFO ROUND 118
2022-02-08 22:51:27,815 INFO ROUND 119
2022-02-08 22:52:07,291 INFO ROUND 120
2022-02-08 22:52:56,356 INFO Server -> Train: Loss 0.351 | Accuracy = 87.606
2022-02-08 22:52:58,556 INFO Server -> Test: Loss 0.749 | Accuracy = 75.800
2022-02-08 22:52:58,604 INFO ROUND 121
2022-02-08 22:53:38,176 INFO ROUND 122
2022-02-08 22:54:17,706 INFO ROUND 123
2022-02-08 22:54:57,486 INFO ROUND 124
2022-02-08 22:55:37,371 INFO ROUND 125
2022-02-08 22:56:27,117 INFO Server -> Train: Loss 0.329 | Accuracy = 88.384
2022-02-08 22:56:29,343 INFO Server -> Test: Loss 0.747 | Accuracy = 76.180
2022-02-08 22:56:29,394 INFO ROUND 126
2022-02-08 22:57:09,726 INFO ROUND 127
2022-02-08 22:57:52,408 INFO ROUND 128
2022-02-08 22:58:32,931 INFO ROUND 129
2022-02-08 22:59:13,676 INFO ROUND 130
2022-02-08 23:00:04,135 INFO Server -> Train: Loss 0.319 | Accuracy = 88.634
2022-02-08 23:00:06,363 INFO Server -> Test: Loss 0.750 | Accuracy = 76.060
2022-02-08 23:00:06,413 INFO ROUND 131
2022-02-08 23:00:47,231 INFO ROUND 132
2022-02-08 23:01:28,476 INFO ROUND 133
2022-02-08 23:02:10,007 INFO ROUND 134
2022-02-08 23:02:52,364 INFO ROUND 135
2022-02-08 23:03:45,876 INFO Server -> Train: Loss 0.306 | Accuracy = 89.176
2022-02-08 23:03:48,313 INFO Server -> Test: Loss 0.765 | Accuracy = 75.970
2022-02-08 23:03:48,364 INFO ROUND 136
2022-02-08 23:04:31,288 INFO ROUND 137
2022-02-08 23:05:13,174 INFO ROUND 138
2022-02-08 23:05:55,237 INFO ROUND 139
2022-02-08 23:06:37,281 INFO ROUND 140
2022-02-08 23:07:29,181 INFO Server -> Train: Loss 0.278 | Accuracy = 90.158
2022-02-08 23:07:31,408 INFO Server -> Test: Loss 0.754 | Accuracy = 76.380
2022-02-08 23:07:31,458 INFO ROUND 141
2022-02-08 23:08:13,730 INFO ROUND 142
2022-02-08 23:08:55,915 INFO ROUND 143
2022-02-08 23:09:38,232 INFO ROUND 144
2022-02-08 23:10:20,816 INFO ROUND 145
2022-02-08 23:11:13,393 INFO Server -> Train: Loss 0.283 | Accuracy = 89.860
2022-02-08 23:11:15,636 INFO Server -> Test: Loss 0.783 | Accuracy = 76.190
2022-02-08 23:11:15,703 INFO ROUND 146
2022-02-08 23:11:58,569 INFO ROUND 147
2022-02-08 23:12:41,367 INFO ROUND 148
2022-02-08 23:13:24,375 INFO ROUND 149
2022-02-08 23:14:07,270 INFO ROUND 150
2022-02-08 23:15:00,243 INFO Server -> Train: Loss 0.256 | Accuracy = 90.984
2022-02-08 23:15:02,520 INFO Server -> Test: Loss 0.770 | Accuracy = 76.170
2022-02-08 23:15:02,569 INFO ROUND 151
2022-02-08 23:15:46,197 INFO ROUND 152
2022-02-08 23:16:29,922 INFO ROUND 153
2022-02-08 23:17:13,569 INFO ROUND 154
2022-02-08 23:17:57,329 INFO ROUND 155
2022-02-08 23:18:50,923 INFO Server -> Train: Loss 0.264 | Accuracy = 90.550
2022-02-08 23:18:53,182 INFO Server -> Test: Loss 0.803 | Accuracy = 76.230
2022-02-08 23:18:53,246 INFO ROUND 156
2022-02-08 23:19:37,448 INFO ROUND 157
2022-02-08 23:20:21,854 INFO ROUND 158
2022-02-08 23:21:06,229 INFO ROUND 159
2022-02-08 23:21:50,550 INFO ROUND 160
2022-02-08 23:22:45,098 INFO Server -> Train: Loss 0.228 | Accuracy = 92.134
2022-02-08 23:22:47,386 INFO Server -> Test: Loss 0.786 | Accuracy = 76.430
2022-02-08 23:22:47,434 INFO ROUND 161
2022-02-08 23:23:32,347 INFO ROUND 162
2022-02-08 23:24:18,519 INFO ROUND 163
2022-02-08 23:25:03,892 INFO ROUND 164
2022-02-08 23:25:49,622 INFO ROUND 165
2022-02-08 23:26:45,388 INFO Server -> Train: Loss 0.212 | Accuracy = 92.696
2022-02-08 23:26:47,695 INFO Server -> Test: Loss 0.793 | Accuracy = 76.750
2022-02-08 23:26:47,745 INFO ROUND 166
2022-02-08 23:27:34,034 INFO ROUND 167
2022-02-08 23:28:19,639 INFO ROUND 168
2022-02-08 23:29:05,294 INFO ROUND 169
2022-02-08 23:29:51,123 INFO ROUND 170
2022-02-08 23:30:47,176 INFO Server -> Train: Loss 0.244 | Accuracy = 91.020
2022-02-08 23:30:49,524 INFO Server -> Test: Loss 0.848 | Accuracy = 75.840
2022-02-08 23:30:49,573 INFO ROUND 171
2022-02-08 23:31:36,147 INFO ROUND 172
2022-02-08 23:32:23,048 INFO ROUND 173
2022-02-08 23:33:09,661 INFO ROUND 174
2022-02-08 23:33:56,392 INFO ROUND 175
2022-02-08 23:34:53,200 INFO Server -> Train: Loss 0.210 | Accuracy = 92.654
2022-02-08 23:34:55,517 INFO Server -> Test: Loss 0.833 | Accuracy = 76.270
2022-02-08 23:34:55,565 INFO ROUND 176
2022-02-08 23:35:42,790 INFO ROUND 177
2022-02-08 23:36:32,503 INFO ROUND 178
2022-02-08 23:37:19,769 INFO ROUND 179
2022-02-08 23:38:06,921 INFO ROUND 180
2022-02-08 23:39:04,205 INFO Server -> Train: Loss 0.191 | Accuracy = 93.246
2022-02-08 23:39:06,521 INFO Server -> Test: Loss 0.811 | Accuracy = 76.650
2022-02-08 23:39:06,568 INFO ROUND 181
2022-02-08 23:39:54,201 INFO ROUND 182
2022-02-08 23:40:41,874 INFO ROUND 183
2022-02-08 23:41:29,889 INFO ROUND 184
2022-02-08 23:42:17,719 INFO ROUND 185
2022-02-08 23:43:15,429 INFO Server -> Train: Loss 0.190 | Accuracy = 93.270
2022-02-08 23:43:17,821 INFO Server -> Test: Loss 0.841 | Accuracy = 76.520
2022-02-08 23:43:17,889 INFO ROUND 186
2022-02-08 23:44:06,159 INFO ROUND 187
2022-02-08 23:44:54,835 INFO ROUND 188
2022-02-08 23:45:43,526 INFO ROUND 189
2022-02-08 23:46:32,130 INFO ROUND 190
2022-02-08 23:47:30,285 INFO Server -> Train: Loss 0.205 | Accuracy = 92.628
2022-02-08 23:47:32,611 INFO Server -> Test: Loss 0.876 | Accuracy = 75.890
2022-02-08 23:47:32,660 INFO ROUND 191
2022-02-08 23:48:21,104 INFO ROUND 192
2022-02-08 23:49:09,683 INFO ROUND 193
2022-02-08 23:49:58,216 INFO ROUND 194
2022-02-08 23:50:47,202 INFO ROUND 195
2022-02-08 23:51:45,952 INFO Server -> Train: Loss 0.169 | Accuracy = 94.092
2022-02-08 23:51:48,341 INFO Server -> Test: Loss 0.847 | Accuracy = 76.670
2022-02-08 23:51:48,411 INFO ROUND 196
2022-02-08 23:52:37,801 INFO ROUND 197
2022-02-08 23:53:26,961 INFO ROUND 198
2022-02-08 23:54:16,410 INFO ROUND 199
2022-02-08 23:55:06,224 INFO ROUND 200
2022-02-08 23:56:05,809 INFO Server -> Train: Loss 0.152 | Accuracy = 94.834
2022-02-08 23:56:08,121 INFO Server -> Test: Loss 0.854 | Accuracy = 76.550
2022-02-08 23:56:08,169 INFO ROUND 201
2022-02-08 23:56:58,004 INFO ROUND 202
2022-02-08 23:57:48,188 INFO ROUND 203
2022-02-08 23:58:38,425 INFO ROUND 204
2022-02-08 23:59:28,495 INFO ROUND 205
2022-02-09 00:00:28,579 INFO Server -> Train: Loss 0.147 | Accuracy = 95.092
2022-02-09 00:00:30,920 INFO Server -> Test: Loss 0.853 | Accuracy = 76.510
2022-02-09 00:00:30,971 INFO ROUND 206
2022-02-09 00:01:21,330 INFO ROUND 207
2022-02-09 00:02:11,661 INFO ROUND 208
2022-02-09 00:03:02,451 INFO ROUND 209
2022-02-09 00:03:53,326 INFO ROUND 210
2022-02-09 00:04:54,144 INFO Server -> Train: Loss 0.151 | Accuracy = 94.812
2022-02-09 00:04:56,501 INFO Server -> Test: Loss 0.882 | Accuracy = 76.310
2022-02-09 00:04:56,548 INFO ROUND 211
2022-02-09 00:05:47,921 INFO ROUND 212
2022-02-09 00:06:39,927 INFO ROUND 213
2022-02-09 00:07:32,229 INFO ROUND 214
2022-02-09 00:08:24,727 INFO ROUND 215
2022-02-09 00:09:27,419 INFO Server -> Train: Loss 0.138 | Accuracy = 95.398
2022-02-09 00:09:29,847 INFO Server -> Test: Loss 0.876 | Accuracy = 76.570
2022-02-09 00:09:29,897 INFO ROUND 216
2022-02-09 00:10:22,363 INFO ROUND 217
2022-02-09 00:11:15,003 INFO ROUND 218
2022-02-09 00:12:07,819 INFO ROUND 219
2022-02-09 00:13:00,791 INFO ROUND 220
2022-02-09 00:14:04,416 INFO Server -> Train: Loss 0.143 | Accuracy = 95.134
2022-02-09 00:14:06,860 INFO Server -> Test: Loss 0.895 | Accuracy = 76.360
2022-02-09 00:14:06,911 INFO ROUND 221
2022-02-09 00:15:01,083 INFO ROUND 222
2022-02-09 00:15:54,224 INFO ROUND 223
2022-02-09 00:16:47,481 INFO ROUND 224
2022-02-09 00:17:40,837 INFO ROUND 225
2022-02-09 00:18:44,460 INFO Server -> Train: Loss 0.128 | Accuracy = 95.706
2022-02-09 00:18:46,890 INFO Server -> Test: Loss 0.906 | Accuracy = 76.550
2022-02-09 00:18:46,940 INFO ROUND 226
2022-02-09 00:19:40,708 INFO ROUND 227
2022-02-09 00:20:34,536 INFO ROUND 228
2022-02-09 00:21:28,188 INFO ROUND 229
2022-02-09 00:22:22,154 INFO ROUND 230
2022-02-09 00:23:27,023 INFO Server -> Train: Loss 0.127 | Accuracy = 95.846
2022-02-09 00:23:29,489 INFO Server -> Test: Loss 0.915 | Accuracy = 76.270
2022-02-09 00:23:29,542 INFO ROUND 231
2022-02-09 00:24:24,633 INFO ROUND 232
2022-02-09 00:25:19,848 INFO ROUND 233
2022-02-09 00:26:15,363 INFO ROUND 234
2022-02-09 00:27:10,847 INFO ROUND 235
2022-02-09 00:28:16,654 INFO Server -> Train: Loss 0.108 | Accuracy = 96.592
2022-02-09 00:28:19,169 INFO Server -> Test: Loss 0.891 | Accuracy = 76.820
2022-02-09 00:28:19,220 INFO ROUND 236
2022-02-09 00:29:15,263 INFO ROUND 237
2022-02-09 00:30:10,606 INFO ROUND 238
2022-02-09 00:31:05,992 INFO ROUND 239
2022-02-09 00:32:05,178 INFO ROUND 240
2022-02-09 00:33:11,998 INFO Server -> Train: Loss 0.125 | Accuracy = 95.688
2022-02-09 00:33:14,557 INFO Server -> Test: Loss 0.942 | Accuracy = 76.460
2022-02-09 00:33:14,630 INFO ROUND 241
2022-02-09 00:34:11,907 INFO ROUND 242
2022-02-09 00:35:09,174 INFO ROUND 243
2022-02-09 00:36:05,616 INFO ROUND 244
2022-02-09 00:37:02,274 INFO ROUND 245
2022-02-09 00:38:08,950 INFO Server -> Train: Loss 0.097 | Accuracy = 97.056
2022-02-09 00:38:11,479 INFO Server -> Test: Loss 0.906 | Accuracy = 76.880
2022-02-09 00:38:11,531 INFO ROUND 246
2022-02-09 00:39:08,734 INFO ROUND 247
2022-02-09 00:40:05,666 INFO ROUND 248
2022-02-09 00:41:02,766 INFO ROUND 249
2022-02-09 00:41:59,766 INFO ROUND 250
2022-02-09 00:43:07,457 INFO Server -> Train: Loss 0.102 | Accuracy = 96.874
2022-02-09 00:43:09,924 INFO Server -> Test: Loss 0.933 | Accuracy = 76.340
2022-02-09 00:43:09,972 INFO ROUND 251
2022-02-09 00:44:07,516 INFO ROUND 252
2022-02-09 00:45:05,007 INFO ROUND 253
2022-02-09 00:46:02,812 INFO ROUND 254
2022-02-09 00:47:00,323 INFO ROUND 255
2022-02-09 00:48:07,592 INFO Server -> Train: Loss 0.094 | Accuracy = 97.058
2022-02-09 00:48:10,118 INFO Server -> Test: Loss 0.942 | Accuracy = 76.450
2022-02-09 00:48:10,169 INFO ROUND 256
2022-02-09 00:49:07,867 INFO ROUND 257
2022-02-09 00:50:05,821 INFO ROUND 258
2022-02-09 00:51:06,339 INFO ROUND 259
2022-02-09 00:52:05,549 INFO ROUND 260
2022-02-09 00:53:13,319 INFO Server -> Train: Loss 0.084 | Accuracy = 97.598
2022-02-09 00:53:15,731 INFO Server -> Test: Loss 0.923 | Accuracy = 76.950
2022-02-09 00:53:15,779 INFO ROUND 261
2022-02-09 00:54:13,711 INFO ROUND 262
2022-02-09 00:55:11,645 INFO ROUND 263
2022-02-09 00:56:10,537 INFO ROUND 264
2022-02-09 00:57:08,942 INFO ROUND 265
2022-02-09 00:58:18,568 INFO Server -> Train: Loss 0.082 | Accuracy = 97.616
2022-02-09 00:58:21,236 INFO Server -> Test: Loss 0.948 | Accuracy = 76.670
2022-02-09 00:58:21,287 INFO ROUND 266
2022-02-09 00:59:22,233 INFO ROUND 267
2022-02-09 01:00:22,533 INFO ROUND 268
2022-02-09 01:01:22,839 INFO ROUND 269
2022-02-09 01:02:23,668 INFO ROUND 270
2022-02-09 01:03:34,816 INFO Server -> Train: Loss 0.078 | Accuracy = 97.744
2022-02-09 01:03:37,397 INFO Server -> Test: Loss 0.948 | Accuracy = 76.890
2022-02-09 01:03:37,447 INFO ROUND 271
2022-02-09 01:04:38,310 INFO ROUND 272
2022-02-09 01:05:39,312 INFO ROUND 273
2022-02-09 01:06:40,843 INFO ROUND 274
2022-02-09 01:07:42,380 INFO ROUND 275
2022-02-09 01:08:53,911 INFO Server -> Train: Loss 0.077 | Accuracy = 97.734
2022-02-09 01:08:56,454 INFO Server -> Test: Loss 0.956 | Accuracy = 76.660
2022-02-09 01:08:56,522 INFO ROUND 276
2022-02-09 01:09:58,116 INFO ROUND 277
2022-02-09 01:10:59,904 INFO ROUND 278
2022-02-09 01:12:01,636 INFO ROUND 279
2022-02-09 01:13:03,599 INFO ROUND 280
2022-02-09 01:14:16,504 INFO Server -> Train: Loss 0.083 | Accuracy = 97.436
2022-02-09 01:14:19,075 INFO Server -> Test: Loss 0.973 | Accuracy = 76.570
2022-02-09 01:14:19,130 INFO ROUND 281
2022-02-09 01:15:21,639 INFO ROUND 282
2022-02-09 01:16:23,957 INFO ROUND 283
2022-02-09 01:17:27,068 INFO ROUND 284
2022-02-09 01:18:29,839 INFO ROUND 285
2022-02-09 01:19:43,226 INFO Server -> Train: Loss 0.071 | Accuracy = 98.010
2022-02-09 01:19:45,822 INFO Server -> Test: Loss 0.969 | Accuracy = 76.770
2022-02-09 01:19:45,872 INFO ROUND 286
2022-02-09 01:20:48,662 INFO ROUND 287
2022-02-09 01:21:50,852 INFO ROUND 288
2022-02-09 01:22:53,412 INFO ROUND 289
2022-02-09 01:23:55,955 INFO ROUND 290
2022-02-09 01:25:08,894 INFO Server -> Train: Loss 0.073 | Accuracy = 97.872
2022-02-09 01:25:11,512 INFO Server -> Test: Loss 0.964 | Accuracy = 76.910
2022-02-09 01:25:11,574 INFO ROUND 291
2022-02-09 01:26:14,448 INFO ROUND 292
2022-02-09 01:27:17,473 INFO ROUND 293
2022-02-09 01:28:20,360 INFO ROUND 294
2022-02-09 01:29:23,666 INFO ROUND 295
2022-02-09 01:30:36,999 INFO Server -> Train: Loss 0.063 | Accuracy = 98.412
2022-02-09 01:30:39,595 INFO Server -> Test: Loss 0.962 | Accuracy = 76.640
2022-02-09 01:30:39,644 INFO ROUND 296
2022-02-09 01:31:43,518 INFO ROUND 297
2022-02-09 01:32:47,133 INFO ROUND 298
2022-02-09 01:33:50,863 INFO ROUND 299
2022-02-09 01:34:54,889 INFO ROUND 300
2022-02-09 01:36:10,073 INFO Server -> Train: Loss 0.077 | Accuracy = 97.526
2022-02-09 01:36:12,674 INFO Server -> Test: Loss 1.001 | Accuracy = 76.520
2022-02-09 01:36:12,725 INFO ROUND 301
2022-02-09 01:37:17,027 INFO ROUND 302
2022-02-09 01:38:21,281 INFO ROUND 303
2022-02-09 01:39:25,602 INFO ROUND 304
2022-02-09 01:40:30,280 INFO ROUND 305
2022-02-09 01:41:45,200 INFO Server -> Train: Loss 0.062 | Accuracy = 98.388
2022-02-09 01:41:47,757 INFO Server -> Test: Loss 0.978 | Accuracy = 76.460
2022-02-09 01:41:47,806 INFO ROUND 306
2022-02-09 01:42:52,828 INFO ROUND 307
2022-02-09 01:43:58,568 INFO ROUND 308
2022-02-09 01:45:04,090 INFO ROUND 309
2022-02-09 01:46:09,680 INFO ROUND 310
2022-02-09 01:47:25,340 INFO Server -> Train: Loss 0.058 | Accuracy = 98.462
2022-02-09 01:47:27,990 INFO Server -> Test: Loss 0.981 | Accuracy = 76.910
2022-02-09 01:47:28,063 INFO ROUND 311
2022-02-09 01:48:33,495 INFO ROUND 312
2022-02-09 01:49:38,894 INFO ROUND 313
2022-02-09 01:50:44,423 INFO ROUND 314
2022-02-09 01:51:54,598 INFO ROUND 315
2022-02-09 01:53:12,595 INFO Server -> Train: Loss 0.082 | Accuracy = 97.432
2022-02-09 01:53:15,242 INFO Server -> Test: Loss 1.028 | Accuracy = 76.180
2022-02-09 01:53:15,293 INFO ROUND 316
2022-02-09 01:54:22,657 INFO ROUND 317
2022-02-09 01:55:28,584 INFO ROUND 318
2022-02-09 01:56:34,760 INFO ROUND 319
2022-02-09 01:57:41,731 INFO ROUND 320
2022-02-09 01:58:58,883 INFO Server -> Train: Loss 0.051 | Accuracy = 98.772
2022-02-09 01:59:01,532 INFO Server -> Test: Loss 0.976 | Accuracy = 77.020
2022-02-09 01:59:01,583 INFO ROUND 321
2022-02-09 02:00:09,223 INFO ROUND 322
2022-02-09 02:01:17,363 INFO ROUND 323
2022-02-09 02:02:25,244 INFO ROUND 324
2022-02-09 02:03:32,897 INFO ROUND 325
2022-02-09 02:04:50,964 INFO Server -> Train: Loss 0.053 | Accuracy = 98.752
2022-02-09 02:04:53,604 INFO Server -> Test: Loss 0.997 | Accuracy = 76.640
2022-02-09 02:04:53,655 INFO ROUND 326
2022-02-09 02:06:01,273 INFO ROUND 327
2022-02-09 02:07:08,876 INFO ROUND 328
2022-02-09 02:08:17,180 INFO ROUND 329
2022-02-09 02:09:25,229 INFO ROUND 330
2022-02-09 02:10:43,612 INFO Server -> Train: Loss 0.051 | Accuracy = 98.718
2022-02-09 02:10:46,344 INFO Server -> Test: Loss 1.003 | Accuracy = 76.700
2022-02-09 02:10:46,395 INFO ROUND 331
2022-02-09 02:11:54,859 INFO ROUND 332
2022-02-09 02:13:03,715 INFO ROUND 333
2022-02-09 02:14:13,301 INFO ROUND 334
2022-02-09 02:15:22,715 INFO ROUND 335
2022-02-09 02:16:41,853 INFO Server -> Train: Loss 0.050 | Accuracy = 98.842
2022-02-09 02:16:44,542 INFO Server -> Test: Loss 1.008 | Accuracy = 76.660
2022-02-09 02:16:44,604 INFO ROUND 336
2022-02-09 02:17:53,905 INFO ROUND 337
2022-02-09 02:19:03,288 INFO ROUND 338
2022-02-09 02:20:13,023 INFO ROUND 339
2022-02-09 02:21:22,999 INFO ROUND 340
2022-02-09 02:22:42,849 INFO Server -> Train: Loss 0.060 | Accuracy = 98.296
2022-02-09 02:22:45,458 INFO Server -> Test: Loss 1.029 | Accuracy = 76.370
2022-02-09 02:22:45,507 INFO ROUND 341
2022-02-09 02:23:55,399 INFO ROUND 342
2022-02-09 02:25:06,112 INFO ROUND 343
2022-02-09 02:26:17,103 INFO ROUND 344
2022-02-09 02:27:27,857 INFO ROUND 345
2022-02-09 02:28:49,280 INFO Server -> Train: Loss 0.044 | Accuracy = 99.030
2022-02-09 02:28:52,059 INFO Server -> Test: Loss 0.995 | Accuracy = 76.870
2022-02-09 02:28:52,121 INFO ROUND 346
2022-02-09 02:30:02,543 INFO ROUND 347
2022-02-09 02:31:12,816 INFO ROUND 348
2022-02-09 02:32:22,926 INFO ROUND 349
2022-02-09 02:33:33,691 INFO ROUND 350
2022-02-09 02:34:55,053 INFO Server -> Train: Loss 0.051 | Accuracy = 98.742
2022-02-09 02:34:57,692 INFO Server -> Test: Loss 1.018 | Accuracy = 76.580
2022-02-09 02:34:57,745 INFO ROUND 351
2022-02-09 02:36:08,637 INFO ROUND 352
2022-02-09 02:37:19,551 INFO ROUND 353
2022-02-09 02:38:31,151 INFO ROUND 354
2022-02-09 02:39:42,707 INFO ROUND 355
2022-02-09 02:41:04,576 INFO Server -> Train: Loss 0.045 | Accuracy = 99.028
2022-02-09 02:41:07,302 INFO Server -> Test: Loss 1.007 | Accuracy = 76.770
2022-02-09 02:41:07,360 INFO ROUND 356
2022-02-09 02:42:18,882 INFO ROUND 357
2022-02-09 02:43:30,572 INFO ROUND 358
2022-02-09 02:44:41,888 INFO ROUND 359
2022-02-09 02:45:53,843 INFO ROUND 360
2022-02-09 02:47:15,962 INFO Server -> Train: Loss 0.046 | Accuracy = 98.982
2022-02-09 02:47:18,633 INFO Server -> Test: Loss 1.028 | Accuracy = 76.740
2022-02-09 02:47:18,684 INFO ROUND 361
2022-02-09 02:48:30,804 INFO ROUND 362
2022-02-09 02:49:42,852 INFO ROUND 363
2022-02-09 02:50:55,233 INFO ROUND 364
2022-02-09 02:52:07,930 INFO ROUND 365
2022-02-09 02:53:31,726 INFO Server -> Train: Loss 0.044 | Accuracy = 99.062
2022-02-09 02:53:34,458 INFO Server -> Test: Loss 1.017 | Accuracy = 76.670
2022-02-09 02:53:34,516 INFO ROUND 366
2022-02-09 02:54:47,459 INFO ROUND 367
2022-02-09 02:55:59,932 INFO ROUND 368
2022-02-09 02:57:12,487 INFO ROUND 369
