2022-02-08 23:30:56,355 INFO Client samples sizes: [2265 1249 1759  525  939  133  971 1678  739  682 1499 1681  652 2103
  823 1268 1132  547 1325 1628  581  772  709 1260 1052 1326  705 1139
 1217  995 1036 1110 1348  506 1061  348   49  909 1155 1277  787  -25
  470 1422  924  802 1054 1072  265 1079], total: 50003
2022-02-08 23:31:07,325 INFO ROUND 1
2022-02-08 23:31:31,430 INFO ROUND 2
2022-02-08 23:31:55,244 INFO ROUND 3
2022-02-08 23:32:19,124 INFO ROUND 4
2022-02-08 23:32:42,965 INFO ROUND 5
2022-02-08 23:33:16,180 INFO Server -> Train: Loss 1.402 | Accuracy = 48.728
2022-02-08 23:33:18,023 INFO Server -> Test: Loss 1.411 | Accuracy = 48.620
2022-02-08 23:33:18,068 INFO ROUND 6
2022-02-08 23:33:41,832 INFO ROUND 7
2022-02-08 23:34:06,123 INFO ROUND 8
2022-02-08 23:34:30,558 INFO ROUND 9
2022-02-08 23:34:54,815 INFO ROUND 10
2022-02-08 23:35:28,345 INFO Server -> Train: Loss 1.221 | Accuracy = 55.872
2022-02-08 23:35:30,242 INFO Server -> Test: Loss 1.244 | Accuracy = 54.990
2022-02-08 23:35:30,289 INFO ROUND 11
2022-02-08 23:35:55,114 INFO ROUND 12
2022-02-08 23:36:19,491 INFO ROUND 13
2022-02-08 23:36:44,481 INFO ROUND 14
2022-02-08 23:37:09,522 INFO ROUND 15
2022-02-08 23:37:43,117 INFO Server -> Train: Loss 1.063 | Accuracy = 62.016
2022-02-08 23:37:44,973 INFO Server -> Test: Loss 1.103 | Accuracy = 60.950
2022-02-08 23:37:45,021 INFO ROUND 16
2022-02-08 23:38:09,963 INFO ROUND 17
2022-02-08 23:38:35,270 INFO ROUND 18
2022-02-08 23:39:00,044 INFO ROUND 19
2022-02-08 23:39:25,476 INFO ROUND 20
2022-02-08 23:40:00,863 INFO Server -> Train: Loss 1.002 | Accuracy = 64.050
2022-02-08 23:40:02,710 INFO Server -> Test: Loss 1.054 | Accuracy = 62.710
2022-02-08 23:40:02,760 INFO ROUND 21
2022-02-08 23:40:28,139 INFO ROUND 22
2022-02-08 23:40:53,544 INFO ROUND 23
2022-02-08 23:41:19,011 INFO ROUND 24
2022-02-08 23:41:44,726 INFO ROUND 25
2022-02-08 23:42:19,470 INFO Server -> Train: Loss 0.906 | Accuracy = 67.630
2022-02-08 23:42:21,426 INFO Server -> Test: Loss 0.978 | Accuracy = 65.480
2022-02-08 23:42:21,474 INFO ROUND 26
2022-02-08 23:42:47,522 INFO ROUND 27
2022-02-08 23:43:13,409 INFO ROUND 28
2022-02-08 23:43:39,718 INFO ROUND 29
2022-02-08 23:44:05,760 INFO ROUND 30
2022-02-08 23:44:40,976 INFO Server -> Train: Loss 0.823 | Accuracy = 70.706
2022-02-08 23:44:42,898 INFO Server -> Test: Loss 0.909 | Accuracy = 68.470
2022-02-08 23:44:42,946 INFO ROUND 31
2022-02-08 23:45:09,275 INFO ROUND 32
2022-02-08 23:45:35,586 INFO ROUND 33
2022-02-08 23:46:02,292 INFO ROUND 34
2022-02-08 23:46:28,654 INFO ROUND 35
2022-02-08 23:47:04,129 INFO Server -> Train: Loss 0.791 | Accuracy = 72.076
2022-02-08 23:47:06,009 INFO Server -> Test: Loss 0.890 | Accuracy = 69.480
2022-02-08 23:47:06,059 INFO ROUND 36
2022-02-08 23:47:32,932 INFO ROUND 37
2022-02-08 23:47:59,931 INFO ROUND 38
2022-02-08 23:48:26,969 INFO ROUND 39
2022-02-08 23:48:54,101 INFO ROUND 40
2022-02-08 23:49:30,322 INFO Server -> Train: Loss 0.735 | Accuracy = 73.978
2022-02-08 23:49:32,199 INFO Server -> Test: Loss 0.851 | Accuracy = 70.610
2022-02-08 23:49:32,246 INFO ROUND 41
2022-02-08 23:49:59,495 INFO ROUND 42
2022-02-08 23:50:27,104 INFO ROUND 43
2022-02-08 23:50:54,343 INFO ROUND 44
2022-02-08 23:51:22,038 INFO ROUND 45
2022-02-08 23:51:58,645 INFO Server -> Train: Loss 0.697 | Accuracy = 75.298
2022-02-08 23:52:00,588 INFO Server -> Test: Loss 0.829 | Accuracy = 71.610
2022-02-08 23:52:00,635 INFO ROUND 46
2022-02-08 23:52:28,533 INFO ROUND 47
2022-02-08 23:52:56,738 INFO ROUND 48
2022-02-08 23:53:24,836 INFO ROUND 49
2022-02-08 23:53:52,974 INFO ROUND 50
2022-02-08 23:54:30,063 INFO Server -> Train: Loss 0.683 | Accuracy = 75.850
2022-02-08 23:54:31,963 INFO Server -> Test: Loss 0.837 | Accuracy = 71.420
2022-02-08 23:54:32,010 INFO ROUND 51
2022-02-08 23:55:00,725 INFO ROUND 52
2022-02-08 23:55:29,579 INFO ROUND 53
2022-02-08 23:56:00,173 INFO ROUND 54
2022-02-08 23:56:29,135 INFO ROUND 55
2022-02-08 23:57:07,161 INFO Server -> Train: Loss 0.645 | Accuracy = 77.290
2022-02-08 23:57:09,182 INFO Server -> Test: Loss 0.814 | Accuracy = 72.280
2022-02-08 23:57:09,230 INFO ROUND 56
2022-02-08 23:57:38,615 INFO ROUND 57
2022-02-08 23:58:07,669 INFO ROUND 58
2022-02-08 23:58:37,172 INFO ROUND 59
2022-02-08 23:59:06,512 INFO ROUND 60
2022-02-08 23:59:44,843 INFO Server -> Train: Loss 0.621 | Accuracy = 78.138
2022-02-08 23:59:46,756 INFO Server -> Test: Loss 0.810 | Accuracy = 72.450
2022-02-08 23:59:46,816 INFO ROUND 61
2022-02-09 00:00:16,783 INFO ROUND 62
2022-02-09 00:00:46,446 INFO ROUND 63
2022-02-09 00:01:16,462 INFO ROUND 64
2022-02-09 00:01:46,503 INFO ROUND 65
2022-02-09 00:02:25,349 INFO Server -> Train: Loss 0.593 | Accuracy = 79.062
2022-02-09 00:02:27,468 INFO Server -> Test: Loss 0.806 | Accuracy = 72.880
2022-02-09 00:02:27,515 INFO ROUND 66
2022-02-09 00:02:57,914 INFO ROUND 67
2022-02-09 00:03:28,442 INFO ROUND 68
2022-02-09 00:03:59,221 INFO ROUND 69
2022-02-09 00:04:29,917 INFO ROUND 70
2022-02-09 00:05:09,652 INFO Server -> Train: Loss 0.545 | Accuracy = 80.852
2022-02-09 00:05:11,582 INFO Server -> Test: Loss 0.775 | Accuracy = 74.330
2022-02-09 00:05:11,646 INFO ROUND 71
2022-02-09 00:05:42,432 INFO ROUND 72
2022-02-09 00:06:13,466 INFO ROUND 73
2022-02-09 00:06:44,702 INFO ROUND 74
2022-02-09 00:07:15,854 INFO ROUND 75
2022-02-09 00:07:56,326 INFO Server -> Train: Loss 0.511 | Accuracy = 81.906
2022-02-09 00:07:58,267 INFO Server -> Test: Loss 0.759 | Accuracy = 74.880
2022-02-09 00:07:58,316 INFO ROUND 76
2022-02-09 00:08:29,975 INFO ROUND 77
2022-02-09 00:09:01,783 INFO ROUND 78
2022-02-09 00:09:33,614 INFO ROUND 79
2022-02-09 00:10:05,532 INFO ROUND 80
2022-02-09 00:10:46,441 INFO Server -> Train: Loss 0.506 | Accuracy = 82.192
2022-02-09 00:10:48,360 INFO Server -> Test: Loss 0.775 | Accuracy = 74.660
2022-02-09 00:10:48,406 INFO ROUND 81
2022-02-09 00:11:20,814 INFO ROUND 82
2022-02-09 00:11:53,194 INFO ROUND 83
2022-02-09 00:12:25,755 INFO ROUND 84
2022-02-09 00:12:58,469 INFO ROUND 85
2022-02-09 00:13:40,116 INFO Server -> Train: Loss 0.458 | Accuracy = 83.842
2022-02-09 00:13:42,097 INFO Server -> Test: Loss 0.742 | Accuracy = 75.520
2022-02-09 00:13:42,145 INFO ROUND 86
2022-02-09 00:14:15,130 INFO ROUND 87
2022-02-09 00:14:48,727 INFO ROUND 88
2022-02-09 00:15:23,265 INFO ROUND 89
2022-02-09 00:15:56,522 INFO ROUND 90
2022-02-09 00:16:39,304 INFO Server -> Train: Loss 0.437 | Accuracy = 84.640
2022-02-09 00:16:41,266 INFO Server -> Test: Loss 0.740 | Accuracy = 75.450
2022-02-09 00:16:41,312 INFO ROUND 91
2022-02-09 00:17:14,925 INFO ROUND 92
2022-02-09 00:17:48,643 INFO ROUND 93
2022-02-09 00:18:22,631 INFO ROUND 94
2022-02-09 00:18:56,722 INFO ROUND 95
2022-02-09 00:19:39,792 INFO Server -> Train: Loss 0.432 | Accuracy = 84.722
2022-02-09 00:19:41,772 INFO Server -> Test: Loss 0.763 | Accuracy = 75.340
2022-02-09 00:19:41,820 INFO ROUND 96
2022-02-09 00:20:16,044 INFO ROUND 97
2022-02-09 00:20:50,091 INFO ROUND 98
2022-02-09 00:21:24,343 INFO ROUND 99
2022-02-09 00:21:58,701 INFO ROUND 100
2022-02-09 00:22:42,169 INFO Server -> Train: Loss 0.404 | Accuracy = 85.698
2022-02-09 00:22:44,170 INFO Server -> Test: Loss 0.759 | Accuracy = 75.810
2022-02-09 00:22:44,221 INFO ROUND 101
2022-02-09 00:23:18,844 INFO ROUND 102
2022-02-09 00:23:53,624 INFO ROUND 103
2022-02-09 00:24:28,763 INFO ROUND 104
2022-02-09 00:25:03,710 INFO ROUND 105
2022-02-09 00:25:47,929 INFO Server -> Train: Loss 0.379 | Accuracy = 86.662
2022-02-09 00:25:49,951 INFO Server -> Test: Loss 0.749 | Accuracy = 75.780
2022-02-09 00:25:49,997 INFO ROUND 106
2022-02-09 00:26:25,427 INFO ROUND 107
2022-02-09 00:27:00,935 INFO ROUND 108
2022-02-09 00:27:36,683 INFO ROUND 109
2022-02-09 00:28:12,356 INFO ROUND 110
2022-02-09 00:28:57,314 INFO Server -> Train: Loss 0.357 | Accuracy = 87.420
2022-02-09 00:28:59,277 INFO Server -> Test: Loss 0.750 | Accuracy = 76.080
2022-02-09 00:28:59,326 INFO ROUND 111
2022-02-09 00:29:35,195 INFO ROUND 112
2022-02-09 00:30:11,279 INFO ROUND 113
2022-02-09 00:30:47,440 INFO ROUND 114
2022-02-09 00:31:23,680 INFO ROUND 115
2022-02-09 00:32:09,273 INFO Server -> Train: Loss 0.338 | Accuracy = 88.146
2022-02-09 00:32:11,372 INFO Server -> Test: Loss 0.748 | Accuracy = 76.270
2022-02-09 00:32:11,419 INFO ROUND 116
2022-02-09 00:32:47,933 INFO ROUND 117
2022-02-09 00:33:24,608 INFO ROUND 118
2022-02-09 00:34:01,327 INFO ROUND 119
2022-02-09 00:34:38,318 INFO ROUND 120
2022-02-09 00:35:24,305 INFO Server -> Train: Loss 0.331 | Accuracy = 88.320
2022-02-09 00:35:26,305 INFO Server -> Test: Loss 0.763 | Accuracy = 76.160
2022-02-09 00:35:26,351 INFO ROUND 121
2022-02-09 00:36:03,567 INFO ROUND 122
2022-02-09 00:36:41,115 INFO ROUND 123
2022-02-09 00:37:18,602 INFO ROUND 124
2022-02-09 00:37:56,076 INFO ROUND 125
2022-02-09 00:38:42,790 INFO Server -> Train: Loss 0.321 | Accuracy = 88.752
2022-02-09 00:38:44,877 INFO Server -> Test: Loss 0.782 | Accuracy = 75.940
2022-02-09 00:38:44,936 INFO ROUND 126
2022-02-09 00:39:22,930 INFO ROUND 127
2022-02-09 00:40:01,111 INFO ROUND 128
2022-02-09 00:40:39,305 INFO ROUND 129
2022-02-09 00:41:17,285 INFO ROUND 130
2022-02-09 00:42:06,942 INFO Server -> Train: Loss 0.300 | Accuracy = 89.508
2022-02-09 00:42:08,982 INFO Server -> Test: Loss 0.777 | Accuracy = 76.230
2022-02-09 00:42:09,032 INFO ROUND 131
2022-02-09 00:42:48,199 INFO ROUND 132
2022-02-09 00:43:27,169 INFO ROUND 133
2022-02-09 00:44:06,593 INFO ROUND 134
2022-02-09 00:44:45,915 INFO ROUND 135
2022-02-09 00:45:34,197 INFO Server -> Train: Loss 0.279 | Accuracy = 90.376
2022-02-09 00:45:36,272 INFO Server -> Test: Loss 0.780 | Accuracy = 76.120
2022-02-09 00:45:36,342 INFO ROUND 136
2022-02-09 00:46:15,654 INFO ROUND 137
2022-02-09 00:46:55,483 INFO ROUND 138
2022-02-09 00:47:35,418 INFO ROUND 139
2022-02-09 00:48:15,352 INFO ROUND 140
2022-02-09 00:49:04,298 INFO Server -> Train: Loss 0.265 | Accuracy = 90.708
2022-02-09 00:49:06,390 INFO Server -> Test: Loss 0.788 | Accuracy = 76.530
2022-02-09 00:49:06,437 INFO ROUND 141
2022-02-09 00:49:46,443 INFO ROUND 142
2022-02-09 00:50:26,585 INFO ROUND 143
2022-02-09 00:51:07,036 INFO ROUND 144
2022-02-09 00:51:47,348 INFO ROUND 145
2022-02-09 00:52:37,085 INFO Server -> Train: Loss 0.269 | Accuracy = 90.514
2022-02-09 00:52:39,121 INFO Server -> Test: Loss 0.812 | Accuracy = 75.930
2022-02-09 00:52:39,176 INFO ROUND 146
2022-02-09 00:53:19,885 INFO ROUND 147
2022-02-09 00:54:00,528 INFO ROUND 148
2022-02-09 00:54:41,183 INFO ROUND 149
2022-02-09 00:55:22,262 INFO ROUND 150
2022-02-09 00:56:12,206 INFO Server -> Train: Loss 0.239 | Accuracy = 91.816
2022-02-09 00:56:14,301 INFO Server -> Test: Loss 0.803 | Accuracy = 76.320
2022-02-09 00:56:14,348 INFO ROUND 151
2022-02-09 00:56:55,665 INFO ROUND 152
2022-02-09 00:57:36,736 INFO ROUND 153
2022-02-09 00:58:18,035 INFO ROUND 154
2022-02-09 00:58:59,721 INFO ROUND 155
2022-02-09 00:59:50,569 INFO Server -> Train: Loss 0.229 | Accuracy = 92.158
2022-02-09 00:59:52,620 INFO Server -> Test: Loss 0.808 | Accuracy = 76.300
2022-02-09 00:59:52,668 INFO ROUND 156
2022-02-09 01:00:34,516 INFO ROUND 157
2022-02-09 01:01:16,449 INFO ROUND 158
2022-02-09 01:01:58,607 INFO ROUND 159
2022-02-09 01:02:40,825 INFO ROUND 160
2022-02-09 01:03:32,196 INFO Server -> Train: Loss 0.226 | Accuracy = 92.092
2022-02-09 01:03:34,392 INFO Server -> Test: Loss 0.829 | Accuracy = 76.130
2022-02-09 01:03:34,439 INFO ROUND 161
2022-02-09 01:04:16,595 INFO ROUND 162
2022-02-09 01:04:58,787 INFO ROUND 163
2022-02-09 01:05:41,633 INFO ROUND 164
2022-02-09 01:06:24,273 INFO ROUND 165
2022-02-09 01:07:16,056 INFO Server -> Train: Loss 0.208 | Accuracy = 92.924
2022-02-09 01:07:18,181 INFO Server -> Test: Loss 0.824 | Accuracy = 76.480
2022-02-09 01:07:18,230 INFO ROUND 166
2022-02-09 01:08:01,641 INFO ROUND 167
2022-02-09 01:08:45,079 INFO ROUND 168
2022-02-09 01:09:28,198 INFO ROUND 169
2022-02-09 01:10:11,656 INFO ROUND 170
2022-02-09 01:11:04,382 INFO Server -> Train: Loss 0.186 | Accuracy = 93.780
2022-02-09 01:11:06,530 INFO Server -> Test: Loss 0.816 | Accuracy = 76.530
2022-02-09 01:11:06,577 INFO ROUND 171
2022-02-09 01:11:50,239 INFO ROUND 172
2022-02-09 01:12:34,208 INFO ROUND 173
2022-02-09 01:13:18,405 INFO ROUND 174
2022-02-09 01:14:02,404 INFO ROUND 175
2022-02-09 01:14:55,548 INFO Server -> Train: Loss 0.179 | Accuracy = 94.064
2022-02-09 01:14:57,733 INFO Server -> Test: Loss 0.823 | Accuracy = 76.490
2022-02-09 01:14:57,785 INFO ROUND 176
2022-02-09 01:15:42,360 INFO ROUND 177
2022-02-09 01:16:26,362 INFO ROUND 178
2022-02-09 01:17:10,558 INFO ROUND 179
2022-02-09 01:17:54,977 INFO ROUND 180
2022-02-09 01:18:48,507 INFO Server -> Train: Loss 0.181 | Accuracy = 93.776
2022-02-09 01:18:50,568 INFO Server -> Test: Loss 0.867 | Accuracy = 75.860
2022-02-09 01:18:50,615 INFO ROUND 181
2022-02-09 01:19:38,090 INFO ROUND 182
2022-02-09 01:20:23,035 INFO ROUND 183
2022-02-09 01:21:08,100 INFO ROUND 184
2022-02-09 01:21:53,148 INFO ROUND 185
2022-02-09 01:22:47,546 INFO Server -> Train: Loss 0.155 | Accuracy = 94.992
2022-02-09 01:22:49,741 INFO Server -> Test: Loss 0.838 | Accuracy = 76.460
2022-02-09 01:22:49,790 INFO ROUND 186
2022-02-09 01:23:35,202 INFO ROUND 187
2022-02-09 01:24:20,787 INFO ROUND 188
2022-02-09 01:25:06,502 INFO ROUND 189
2022-02-09 01:25:52,289 INFO ROUND 190
2022-02-09 01:26:47,193 INFO Server -> Train: Loss 0.146 | Accuracy = 95.286
2022-02-09 01:26:49,428 INFO Server -> Test: Loss 0.848 | Accuracy = 76.650
2022-02-09 01:26:49,479 INFO ROUND 191
2022-02-09 01:27:35,773 INFO ROUND 192
2022-02-09 01:28:22,342 INFO ROUND 193
2022-02-09 01:29:08,872 INFO ROUND 194
2022-02-09 01:29:55,812 INFO ROUND 195
2022-02-09 01:30:51,797 INFO Server -> Train: Loss 0.150 | Accuracy = 95.050
2022-02-09 01:30:53,931 INFO Server -> Test: Loss 0.872 | Accuracy = 76.260
2022-02-09 01:30:53,980 INFO ROUND 196
2022-02-09 01:31:41,206 INFO ROUND 197
2022-02-09 01:32:28,249 INFO ROUND 198
2022-02-09 01:33:15,453 INFO ROUND 199
2022-02-09 01:34:02,725 INFO ROUND 200
2022-02-09 01:34:59,686 INFO Server -> Train: Loss 0.138 | Accuracy = 95.666
2022-02-09 01:35:01,912 INFO Server -> Test: Loss 0.874 | Accuracy = 76.240
2022-02-09 01:35:01,959 INFO ROUND 201
2022-02-09 01:35:49,830 INFO ROUND 202
2022-02-09 01:36:37,311 INFO ROUND 203
2022-02-09 01:37:25,430 INFO ROUND 204
2022-02-09 01:38:13,580 INFO ROUND 205
2022-02-09 01:39:10,811 INFO Server -> Train: Loss 0.127 | Accuracy = 95.928
2022-02-09 01:39:12,969 INFO Server -> Test: Loss 0.881 | Accuracy = 76.490
2022-02-09 01:39:13,018 INFO ROUND 206
2022-02-09 01:40:01,467 INFO ROUND 207
2022-02-09 01:40:50,026 INFO ROUND 208
2022-02-09 01:41:38,508 INFO ROUND 209
2022-02-09 01:42:27,417 INFO ROUND 210
2022-02-09 01:43:25,472 INFO Server -> Train: Loss 0.125 | Accuracy = 96.010
2022-02-09 01:43:27,691 INFO Server -> Test: Loss 0.895 | Accuracy = 76.250
2022-02-09 01:43:27,739 INFO ROUND 211
2022-02-09 01:44:16,782 INFO ROUND 212
2022-02-09 01:45:06,106 INFO ROUND 213
2022-02-09 01:45:55,448 INFO ROUND 214
2022-02-09 01:46:44,788 INFO ROUND 215
2022-02-09 01:47:43,499 INFO Server -> Train: Loss 0.121 | Accuracy = 96.098
2022-02-09 01:47:45,779 INFO Server -> Test: Loss 0.905 | Accuracy = 76.340
2022-02-09 01:47:45,826 INFO ROUND 216
2022-02-09 01:48:35,435 INFO ROUND 217
2022-02-09 01:49:25,122 INFO ROUND 218
2022-02-09 01:50:15,021 INFO ROUND 219
2022-02-09 01:51:04,688 INFO ROUND 220
2022-02-09 01:52:04,468 INFO Server -> Train: Loss 0.107 | Accuracy = 96.756
2022-02-09 01:52:06,675 INFO Server -> Test: Loss 0.896 | Accuracy = 76.500
2022-02-09 01:52:06,722 INFO ROUND 221
2022-02-09 01:52:56,862 INFO ROUND 222
2022-02-09 01:53:46,862 INFO ROUND 223
2022-02-09 01:54:37,323 INFO ROUND 224
2022-02-09 01:55:27,598 INFO ROUND 225
2022-02-09 01:56:27,172 INFO Server -> Train: Loss 0.096 | Accuracy = 97.208
2022-02-09 01:56:29,339 INFO Server -> Test: Loss 0.904 | Accuracy = 76.580
2022-02-09 01:56:29,392 INFO ROUND 226
2022-02-09 01:57:20,396 INFO ROUND 227
2022-02-09 01:58:10,852 INFO ROUND 228
2022-02-09 01:59:02,273 INFO ROUND 229
2022-02-09 01:59:53,662 INFO ROUND 230
2022-02-09 02:00:54,093 INFO Server -> Train: Loss 0.102 | Accuracy = 96.894
2022-02-09 02:00:56,381 INFO Server -> Test: Loss 0.939 | Accuracy = 76.270
2022-02-09 02:00:56,440 INFO ROUND 231
2022-02-09 02:01:47,778 INFO ROUND 232
2022-02-09 02:02:39,644 INFO ROUND 233
2022-02-09 02:03:31,269 INFO ROUND 234
2022-02-09 02:04:23,094 INFO ROUND 235
2022-02-09 02:05:24,979 INFO Server -> Train: Loss 0.098 | Accuracy = 96.954
2022-02-09 02:05:27,239 INFO Server -> Test: Loss 0.935 | Accuracy = 76.330
2022-02-09 02:05:27,292 INFO ROUND 236
2022-02-09 02:06:19,712 INFO ROUND 237
2022-02-09 02:07:11,953 INFO ROUND 238
2022-02-09 02:08:04,727 INFO ROUND 239
2022-02-09 02:08:57,524 INFO ROUND 240
2022-02-09 02:09:59,499 INFO Server -> Train: Loss 0.090 | Accuracy = 97.366
2022-02-09 02:10:01,921 INFO Server -> Test: Loss 0.949 | Accuracy = 76.360
2022-02-09 02:10:01,981 INFO ROUND 241
2022-02-09 02:10:55,234 INFO ROUND 242
2022-02-09 02:11:48,707 INFO ROUND 243
2022-02-09 02:12:42,152 INFO ROUND 244
2022-02-09 02:13:37,658 INFO ROUND 245
2022-02-09 02:14:42,459 INFO Server -> Train: Loss 0.081 | Accuracy = 97.722
2022-02-09 02:14:44,765 INFO Server -> Test: Loss 0.940 | Accuracy = 76.340
2022-02-09 02:14:44,812 INFO ROUND 246
2022-02-09 02:15:38,153 INFO ROUND 247
2022-02-09 02:16:32,051 INFO ROUND 248
2022-02-09 02:17:25,967 INFO ROUND 249
2022-02-09 02:18:19,754 INFO ROUND 250
