2022-02-09 23:42:31,973 INFO Client samples sizes: [ 851  254  487  931 1606 1824  999 1687 1187  728  846 1148  837  268
 1125 1743  821  634  747 1113 1257 1436 1324  348  649  983 1237 1031
  424 1093 1362 1240 1017 1050  860  815  871 1208 1150  983 1340 1618
  707  751  904  754 1637  909  935  271], total: 50000
2022-02-09 23:42:45,171 INFO ROUND 1
2022-02-09 23:43:08,916 INFO ROUND 2
2022-02-09 23:43:32,538 INFO ROUND 3
2022-02-09 23:43:56,285 INFO ROUND 4
2022-02-09 23:44:20,038 INFO ROUND 5
2022-02-09 23:44:52,652 INFO Server -> Train: Loss 1.464 | Accuracy = 44.400
2022-02-09 23:44:54,535 INFO Server -> Test: Loss 1.474 | Accuracy = 44.270
2022-02-09 23:44:54,582 INFO ROUND 6
2022-02-09 23:45:18,716 INFO ROUND 7
2022-02-09 23:45:42,850 INFO ROUND 8
2022-02-09 23:46:06,934 INFO ROUND 9
2022-02-09 23:46:31,020 INFO ROUND 10
2022-02-09 23:47:04,182 INFO Server -> Train: Loss 1.236 | Accuracy = 55.250
2022-02-09 23:47:06,032 INFO Server -> Test: Loss 1.262 | Accuracy = 54.530
2022-02-09 23:47:06,083 INFO ROUND 11
2022-02-09 23:47:30,527 INFO ROUND 12
2022-02-09 23:47:54,852 INFO ROUND 13
2022-02-09 23:48:19,224 INFO ROUND 14
2022-02-09 23:48:43,619 INFO ROUND 15
2022-02-09 23:49:17,046 INFO Server -> Train: Loss 1.092 | Accuracy = 60.210
2022-02-09 23:49:18,893 INFO Server -> Test: Loss 1.128 | Accuracy = 59.120
2022-02-09 23:49:18,943 INFO ROUND 16
2022-02-09 23:49:43,695 INFO ROUND 17
2022-02-09 23:50:08,385 INFO ROUND 18
2022-02-09 23:50:33,185 INFO ROUND 19
2022-02-09 23:50:58,022 INFO ROUND 20
2022-02-09 23:51:33,539 INFO Server -> Train: Loss 1.003 | Accuracy = 64.408
2022-02-09 23:51:35,427 INFO Server -> Test: Loss 1.053 | Accuracy = 63.010
2022-02-09 23:51:35,480 INFO ROUND 21
2022-02-09 23:52:00,798 INFO ROUND 22
2022-02-09 23:52:26,204 INFO ROUND 23
2022-02-09 23:52:51,591 INFO ROUND 24
2022-02-09 23:53:17,243 INFO ROUND 25
2022-02-09 23:53:51,682 INFO Server -> Train: Loss 0.921 | Accuracy = 67.164
2022-02-09 23:53:53,554 INFO Server -> Test: Loss 0.985 | Accuracy = 65.490
2022-02-09 23:53:53,606 INFO ROUND 26
2022-02-09 23:54:19,240 INFO ROUND 27
2022-02-09 23:54:44,891 INFO ROUND 28
2022-02-09 23:55:11,013 INFO ROUND 29
2022-02-09 23:55:37,059 INFO ROUND 30
2022-02-09 23:56:12,435 INFO Server -> Train: Loss 0.910 | Accuracy = 68.086
2022-02-09 23:56:14,306 INFO Server -> Test: Loss 0.988 | Accuracy = 65.990
2022-02-09 23:56:14,358 INFO ROUND 31
2022-02-09 23:56:41,042 INFO ROUND 32
2022-02-09 23:57:09,089 INFO ROUND 33
2022-02-09 23:57:36,433 INFO ROUND 34
2022-02-09 23:58:02,979 INFO ROUND 35
2022-02-09 23:58:38,405 INFO Server -> Train: Loss 0.824 | Accuracy = 70.928
2022-02-09 23:58:40,306 INFO Server -> Test: Loss 0.916 | Accuracy = 68.040
2022-02-09 23:58:40,377 INFO ROUND 36
2022-02-09 23:59:07,140 INFO ROUND 37
2022-02-09 23:59:34,049 INFO ROUND 38
2022-02-10 00:00:01,378 INFO ROUND 39
2022-02-10 00:00:28,639 INFO ROUND 40
2022-02-10 00:01:04,812 INFO Server -> Train: Loss 0.749 | Accuracy = 73.510
2022-02-10 00:01:06,694 INFO Server -> Test: Loss 0.856 | Accuracy = 70.030
2022-02-10 00:01:06,744 INFO ROUND 41
2022-02-10 00:01:34,403 INFO ROUND 42
2022-02-10 00:02:01,876 INFO ROUND 43
2022-02-10 00:02:29,298 INFO ROUND 44
2022-02-10 00:02:56,865 INFO ROUND 45
2022-02-10 00:03:33,404 INFO Server -> Train: Loss 0.721 | Accuracy = 74.658
2022-02-10 00:03:35,302 INFO Server -> Test: Loss 0.850 | Accuracy = 70.970
2022-02-10 00:03:35,353 INFO ROUND 46
2022-02-10 00:04:03,490 INFO ROUND 47
2022-02-10 00:04:31,755 INFO ROUND 48
2022-02-10 00:05:00,111 INFO ROUND 49
2022-02-10 00:05:28,375 INFO ROUND 50
2022-02-10 00:06:05,436 INFO Server -> Train: Loss 0.680 | Accuracy = 76.124
2022-02-10 00:06:07,331 INFO Server -> Test: Loss 0.824 | Accuracy = 71.430
2022-02-10 00:06:07,382 INFO ROUND 51
2022-02-10 00:06:35,863 INFO ROUND 52
2022-02-10 00:07:04,972 INFO ROUND 53
2022-02-10 00:07:35,467 INFO ROUND 54
2022-02-10 00:08:04,620 INFO ROUND 55
2022-02-10 00:08:42,952 INFO Server -> Train: Loss 0.648 | Accuracy = 77.178
2022-02-10 00:08:44,909 INFO Server -> Test: Loss 0.808 | Accuracy = 71.980
2022-02-10 00:08:44,957 INFO ROUND 56
2022-02-10 00:09:14,247 INFO ROUND 57
2022-02-10 00:09:43,578 INFO ROUND 58
2022-02-10 00:10:13,353 INFO ROUND 59
2022-02-10 00:10:42,605 INFO ROUND 60
2022-02-10 00:11:21,125 INFO Server -> Train: Loss 0.622 | Accuracy = 78.138
2022-02-10 00:11:23,024 INFO Server -> Test: Loss 0.800 | Accuracy = 72.420
2022-02-10 00:11:23,074 INFO ROUND 61
2022-02-10 00:11:52,879 INFO ROUND 62
2022-02-10 00:12:22,640 INFO ROUND 63
2022-02-10 00:12:52,479 INFO ROUND 64
2022-02-10 00:13:22,572 INFO ROUND 65
2022-02-10 00:14:01,268 INFO Server -> Train: Loss 0.597 | Accuracy = 79.092
2022-02-10 00:14:03,199 INFO Server -> Test: Loss 0.796 | Accuracy = 73.220
2022-02-10 00:14:03,250 INFO ROUND 66
2022-02-10 00:14:33,701 INFO ROUND 67
2022-02-10 00:15:04,573 INFO ROUND 68
2022-02-10 00:15:35,544 INFO ROUND 69
2022-02-10 00:16:06,776 INFO ROUND 70
2022-02-10 00:16:46,538 INFO Server -> Train: Loss 0.563 | Accuracy = 80.330
2022-02-10 00:16:48,469 INFO Server -> Test: Loss 0.779 | Accuracy = 73.770
2022-02-10 00:16:48,540 INFO ROUND 71
2022-02-10 00:17:19,742 INFO ROUND 72
2022-02-10 00:17:50,969 INFO ROUND 73
2022-02-10 00:18:22,359 INFO ROUND 74
2022-02-10 00:18:53,677 INFO ROUND 75
2022-02-10 00:19:33,929 INFO Server -> Train: Loss 0.527 | Accuracy = 81.436
2022-02-10 00:19:35,854 INFO Server -> Test: Loss 0.760 | Accuracy = 74.150
2022-02-10 00:19:35,905 INFO ROUND 76
2022-02-10 00:20:07,757 INFO ROUND 77
2022-02-10 00:20:39,520 INFO ROUND 78
2022-02-10 00:21:11,417 INFO ROUND 79
2022-02-10 00:21:43,703 INFO ROUND 80
2022-02-10 00:22:25,045 INFO Server -> Train: Loss 0.495 | Accuracy = 82.734
2022-02-10 00:22:26,990 INFO Server -> Test: Loss 0.753 | Accuracy = 74.550
2022-02-10 00:22:27,051 INFO ROUND 81
2022-02-10 00:22:59,606 INFO ROUND 82
2022-02-10 00:23:32,002 INFO ROUND 83
2022-02-10 00:24:04,765 INFO ROUND 84
2022-02-10 00:24:37,573 INFO ROUND 85
2022-02-10 00:25:19,499 INFO Server -> Train: Loss 0.478 | Accuracy = 83.318
2022-02-10 00:25:21,460 INFO Server -> Test: Loss 0.751 | Accuracy = 74.860
2022-02-10 00:25:21,511 INFO ROUND 86
2022-02-10 00:25:54,508 INFO ROUND 87
2022-02-10 00:26:29,145 INFO ROUND 88
2022-02-10 00:27:02,893 INFO ROUND 89
2022-02-10 00:27:36,690 INFO ROUND 90
2022-02-10 00:28:19,591 INFO Server -> Train: Loss 0.459 | Accuracy = 84.110
2022-02-10 00:28:21,587 INFO Server -> Test: Loss 0.748 | Accuracy = 75.250
2022-02-10 00:28:21,640 INFO ROUND 91
2022-02-10 00:28:55,655 INFO ROUND 92
2022-02-10 00:29:29,685 INFO ROUND 93
2022-02-10 00:30:03,969 INFO ROUND 94
2022-02-10 00:30:38,218 INFO ROUND 95
2022-02-10 00:31:21,320 INFO Server -> Train: Loss 0.434 | Accuracy = 84.908
2022-02-10 00:31:23,332 INFO Server -> Test: Loss 0.749 | Accuracy = 75.280
2022-02-10 00:31:23,381 INFO ROUND 96
2022-02-10 00:31:58,132 INFO ROUND 97
2022-02-10 00:32:32,961 INFO ROUND 98
2022-02-10 00:33:07,412 INFO ROUND 99
2022-02-10 00:33:41,813 INFO ROUND 100
2022-02-10 00:34:25,565 INFO Server -> Train: Loss 0.428 | Accuracy = 84.968
2022-02-10 00:34:27,598 INFO Server -> Test: Loss 0.763 | Accuracy = 75.150
2022-02-10 00:34:27,648 INFO ROUND 101
2022-02-10 00:35:03,071 INFO ROUND 102
2022-02-10 00:35:38,126 INFO ROUND 103
2022-02-10 00:36:13,481 INFO ROUND 104
2022-02-10 00:36:48,644 INFO ROUND 105
2022-02-10 00:37:32,993 INFO Server -> Train: Loss 0.396 | Accuracy = 86.234
2022-02-10 00:37:35,055 INFO Server -> Test: Loss 0.757 | Accuracy = 75.720
2022-02-10 00:37:35,107 INFO ROUND 106
2022-02-10 00:38:11,046 INFO ROUND 107
2022-02-10 00:38:47,422 INFO ROUND 108
2022-02-10 00:39:23,436 INFO ROUND 109
2022-02-10 00:39:59,374 INFO ROUND 110
2022-02-10 00:40:44,800 INFO Server -> Train: Loss 0.377 | Accuracy = 86.938
2022-02-10 00:40:46,829 INFO Server -> Test: Loss 0.758 | Accuracy = 75.640
2022-02-10 00:40:46,881 INFO ROUND 111
2022-02-10 00:41:23,549 INFO ROUND 112
2022-02-10 00:41:59,977 INFO ROUND 113
2022-02-10 00:42:36,297 INFO ROUND 114
2022-02-10 00:43:12,880 INFO ROUND 115
2022-02-10 00:43:58,702 INFO Server -> Train: Loss 0.373 | Accuracy = 86.972
2022-02-10 00:44:00,727 INFO Server -> Test: Loss 0.774 | Accuracy = 75.390
2022-02-10 00:44:00,777 INFO ROUND 116
2022-02-10 00:44:37,865 INFO ROUND 117
2022-02-10 00:45:15,057 INFO ROUND 118
2022-02-10 00:45:52,412 INFO ROUND 119
2022-02-10 00:46:29,560 INFO ROUND 120
2022-02-10 00:47:15,927 INFO Server -> Train: Loss 0.333 | Accuracy = 88.464
2022-02-10 00:47:17,980 INFO Server -> Test: Loss 0.744 | Accuracy = 76.160
2022-02-10 00:47:18,029 INFO ROUND 121
2022-02-10 00:47:55,622 INFO ROUND 122
2022-02-10 00:48:33,097 INFO ROUND 123
2022-02-10 00:49:10,764 INFO ROUND 124
2022-02-10 00:49:48,214 INFO ROUND 125
2022-02-10 00:50:35,496 INFO Server -> Train: Loss 0.338 | Accuracy = 88.104
2022-02-10 00:50:37,567 INFO Server -> Test: Loss 0.790 | Accuracy = 75.890
2022-02-10 00:50:37,617 INFO ROUND 126
2022-02-10 00:51:15,851 INFO ROUND 127
2022-02-10 00:51:54,143 INFO ROUND 128
2022-02-10 00:52:32,876 INFO ROUND 129
2022-02-10 00:53:12,968 INFO ROUND 130
2022-02-10 00:54:01,305 INFO Server -> Train: Loss 0.315 | Accuracy = 89.086
2022-02-10 00:54:03,313 INFO Server -> Test: Loss 0.777 | Accuracy = 76.070
2022-02-10 00:54:03,362 INFO ROUND 131
2022-02-10 00:54:42,268 INFO ROUND 132
2022-02-10 00:55:21,447 INFO ROUND 133
2022-02-10 00:56:00,090 INFO ROUND 134
2022-02-10 00:56:38,820 INFO ROUND 135
2022-02-10 00:57:27,154 INFO Server -> Train: Loss 0.290 | Accuracy = 90.050
2022-02-10 00:57:29,150 INFO Server -> Test: Loss 0.772 | Accuracy = 75.990
2022-02-10 00:57:29,201 INFO ROUND 136
2022-02-10 00:58:08,416 INFO ROUND 137
2022-02-10 00:58:47,970 INFO ROUND 138
2022-02-10 00:59:27,436 INFO ROUND 139
2022-02-10 01:00:06,925 INFO ROUND 140
2022-02-10 01:00:55,650 INFO Server -> Train: Loss 0.280 | Accuracy = 90.502
2022-02-10 01:00:57,724 INFO Server -> Test: Loss 0.773 | Accuracy = 76.270
2022-02-10 01:00:57,776 INFO ROUND 141
2022-02-10 01:01:37,870 INFO ROUND 142
2022-02-10 01:02:17,773 INFO ROUND 143
2022-02-10 01:02:57,908 INFO ROUND 144
2022-02-10 01:03:38,455 INFO ROUND 145
2022-02-10 01:04:27,872 INFO Server -> Train: Loss 0.260 | Accuracy = 91.096
2022-02-10 01:04:29,957 INFO Server -> Test: Loss 0.776 | Accuracy = 76.540
2022-02-10 01:04:30,012 INFO ROUND 146
2022-02-10 01:05:11,020 INFO ROUND 147
2022-02-10 01:05:51,572 INFO ROUND 148
2022-02-10 01:06:32,853 INFO ROUND 149
2022-02-10 01:07:13,935 INFO ROUND 150
2022-02-10 01:08:04,221 INFO Server -> Train: Loss 0.285 | Accuracy = 89.824
2022-02-10 01:08:06,341 INFO Server -> Test: Loss 0.841 | Accuracy = 75.600
2022-02-10 01:08:06,389 INFO ROUND 151
2022-02-10 01:08:48,004 INFO ROUND 152
2022-02-10 01:09:29,467 INFO ROUND 153
2022-02-10 01:10:11,136 INFO ROUND 154
2022-02-10 01:10:53,123 INFO ROUND 155
2022-02-10 01:11:43,995 INFO Server -> Train: Loss 0.245 | Accuracy = 91.462
2022-02-10 01:11:46,055 INFO Server -> Test: Loss 0.813 | Accuracy = 76.020
2022-02-10 01:11:46,103 INFO ROUND 156
2022-02-10 01:12:28,086 INFO ROUND 157
2022-02-10 01:13:10,230 INFO ROUND 158
2022-02-10 01:13:52,398 INFO ROUND 159
2022-02-10 01:14:34,684 INFO ROUND 160
2022-02-10 01:15:26,068 INFO Server -> Train: Loss 0.231 | Accuracy = 92.238
2022-02-10 01:15:28,127 INFO Server -> Test: Loss 0.807 | Accuracy = 76.230
2022-02-10 01:15:28,177 INFO ROUND 161
2022-02-10 01:16:10,775 INFO ROUND 162
2022-02-10 01:16:53,383 INFO ROUND 163
2022-02-10 01:17:37,045 INFO ROUND 164
2022-02-10 01:18:19,986 INFO ROUND 165
2022-02-10 01:19:12,354 INFO Server -> Train: Loss 0.213 | Accuracy = 92.764
2022-02-10 01:19:14,550 INFO Server -> Test: Loss 0.806 | Accuracy = 76.280
2022-02-10 01:19:14,604 INFO ROUND 166
2022-02-10 01:19:57,816 INFO ROUND 167
2022-02-10 01:20:40,972 INFO ROUND 168
2022-02-10 01:21:24,323 INFO ROUND 169
2022-02-10 01:22:07,681 INFO ROUND 170
2022-02-10 01:23:00,154 INFO Server -> Train: Loss 0.208 | Accuracy = 92.966
2022-02-10 01:23:02,356 INFO Server -> Test: Loss 0.826 | Accuracy = 76.520
2022-02-10 01:23:02,408 INFO ROUND 171
2022-02-10 01:23:46,288 INFO ROUND 172
2022-02-10 01:24:30,112 INFO ROUND 173
2022-02-10 01:25:14,194 INFO ROUND 174
2022-02-10 01:25:58,387 INFO ROUND 175
2022-02-10 01:26:51,565 INFO Server -> Train: Loss 0.202 | Accuracy = 93.166
2022-02-10 01:26:53,696 INFO Server -> Test: Loss 0.849 | Accuracy = 76.060
2022-02-10 01:26:53,745 INFO ROUND 176
2022-02-10 01:27:38,173 INFO ROUND 177
2022-02-10 01:28:22,701 INFO ROUND 178
2022-02-10 01:29:07,711 INFO ROUND 179
2022-02-10 01:29:52,863 INFO ROUND 180
2022-02-10 01:30:46,840 INFO Server -> Train: Loss 0.185 | Accuracy = 93.972
2022-02-10 01:30:48,949 INFO Server -> Test: Loss 0.824 | Accuracy = 76.460
2022-02-10 01:30:49,005 INFO ROUND 181
2022-02-10 01:31:37,047 INFO ROUND 182
2022-02-10 01:32:22,199 INFO ROUND 183
2022-02-10 01:33:07,354 INFO ROUND 184
2022-02-10 01:33:52,969 INFO ROUND 185
2022-02-10 01:34:47,406 INFO Server -> Train: Loss 0.169 | Accuracy = 94.554
2022-02-10 01:34:49,529 INFO Server -> Test: Loss 0.837 | Accuracy = 76.410
2022-02-10 01:34:49,579 INFO ROUND 186
2022-02-10 01:35:35,511 INFO ROUND 187
2022-02-10 01:36:21,300 INFO ROUND 188
2022-02-10 01:37:06,925 INFO ROUND 189
2022-02-10 01:37:53,003 INFO ROUND 190
2022-02-10 01:38:48,384 INFO Server -> Train: Loss 0.187 | Accuracy = 93.554
2022-02-10 01:38:50,539 INFO Server -> Test: Loss 0.885 | Accuracy = 75.700
2022-02-10 01:38:50,591 INFO ROUND 191
2022-02-10 01:39:36,892 INFO ROUND 192
2022-02-10 01:40:23,538 INFO ROUND 193
2022-02-10 01:41:09,942 INFO ROUND 194
2022-02-10 01:41:56,673 INFO ROUND 195
2022-02-10 01:42:52,775 INFO Server -> Train: Loss 0.152 | Accuracy = 95.232
2022-02-10 01:42:54,983 INFO Server -> Test: Loss 0.860 | Accuracy = 76.320
2022-02-10 01:42:55,035 INFO ROUND 196
2022-02-10 01:43:42,305 INFO ROUND 197
2022-02-10 01:44:29,598 INFO ROUND 198
2022-02-10 01:45:17,110 INFO ROUND 199
2022-02-10 01:46:04,419 INFO ROUND 200
2022-02-10 01:47:01,105 INFO Server -> Train: Loss 0.141 | Accuracy = 95.648
2022-02-10 01:47:03,257 INFO Server -> Test: Loss 0.856 | Accuracy = 76.680
2022-02-10 01:47:03,310 INFO ROUND 201
2022-02-10 01:47:50,910 INFO ROUND 202
2022-02-10 01:48:38,468 INFO ROUND 203
2022-02-10 01:49:26,193 INFO ROUND 204
2022-02-10 01:50:14,476 INFO ROUND 205
2022-02-10 01:51:11,855 INFO Server -> Train: Loss 0.150 | Accuracy = 95.070
2022-02-10 01:51:14,060 INFO Server -> Test: Loss 0.882 | Accuracy = 76.280
2022-02-10 01:51:14,110 INFO ROUND 206
2022-02-10 01:52:02,162 INFO ROUND 207
2022-02-10 01:52:50,587 INFO ROUND 208
2022-02-10 01:53:39,269 INFO ROUND 209
2022-02-10 01:54:27,431 INFO ROUND 210
2022-02-10 01:55:25,100 INFO Server -> Train: Loss 0.142 | Accuracy = 95.368
2022-02-10 01:55:27,242 INFO Server -> Test: Loss 0.907 | Accuracy = 75.910
2022-02-10 01:55:27,298 INFO ROUND 211
2022-02-10 01:56:16,102 INFO ROUND 212
2022-02-10 01:57:04,575 INFO ROUND 213
2022-02-10 01:57:53,551 INFO ROUND 214
2022-02-10 01:58:42,717 INFO ROUND 215
2022-02-10 01:59:40,725 INFO Server -> Train: Loss 0.123 | Accuracy = 96.230
2022-02-10 01:59:42,887 INFO Server -> Test: Loss 0.887 | Accuracy = 76.480
2022-02-10 01:59:42,937 INFO ROUND 216
2022-02-10 02:00:32,055 INFO ROUND 217
2022-02-10 02:01:21,304 INFO ROUND 218
2022-02-10 02:02:10,753 INFO ROUND 219
2022-02-10 02:03:00,263 INFO ROUND 220
2022-02-10 02:03:59,267 INFO Server -> Train: Loss 0.116 | Accuracy = 96.422
2022-02-10 02:04:01,499 INFO Server -> Test: Loss 0.898 | Accuracy = 76.740
2022-02-10 02:04:01,549 INFO ROUND 221
2022-02-10 02:04:51,751 INFO ROUND 222
2022-02-10 02:05:41,853 INFO ROUND 223
2022-02-10 02:06:32,021 INFO ROUND 224
2022-02-10 02:07:22,440 INFO ROUND 225
2022-02-10 02:08:22,374 INFO Server -> Train: Loss 0.106 | Accuracy = 97.032
2022-02-10 02:08:24,568 INFO Server -> Test: Loss 0.881 | Accuracy = 76.680
2022-02-10 02:08:24,624 INFO ROUND 226
2022-02-10 02:09:15,449 INFO ROUND 227
2022-02-10 02:10:06,130 INFO ROUND 228
2022-02-10 02:10:57,046 INFO ROUND 229
2022-02-10 02:11:47,960 INFO ROUND 230
2022-02-10 02:12:48,098 INFO Server -> Train: Loss 0.101 | Accuracy = 97.108
2022-02-10 02:12:50,274 INFO Server -> Test: Loss 0.909 | Accuracy = 76.950
2022-02-10 02:12:50,324 INFO ROUND 231
2022-02-10 02:13:41,903 INFO ROUND 232
2022-02-10 02:14:33,382 INFO ROUND 233
2022-02-10 02:15:25,288 INFO ROUND 234
2022-02-10 02:16:17,192 INFO ROUND 235
2022-02-10 02:17:18,143 INFO Server -> Train: Loss 0.098 | Accuracy = 97.260
2022-02-10 02:17:20,344 INFO Server -> Test: Loss 0.916 | Accuracy = 76.320
2022-02-10 02:17:20,395 INFO ROUND 236
2022-02-10 02:18:12,809 INFO ROUND 237
2022-02-10 02:19:04,982 INFO ROUND 238
2022-02-10 02:19:57,244 INFO ROUND 239
2022-02-10 02:20:49,458 INFO ROUND 240
2022-02-10 02:21:50,788 INFO Server -> Train: Loss 0.094 | Accuracy = 97.420
2022-02-10 02:21:52,958 INFO Server -> Test: Loss 0.919 | Accuracy = 76.640
2022-02-10 02:21:53,008 INFO ROUND 241
2022-02-10 02:22:49,293 INFO ROUND 242
2022-02-10 02:23:42,449 INFO ROUND 243
2022-02-10 02:24:35,924 INFO ROUND 244
2022-02-10 02:25:29,200 INFO ROUND 245
2022-02-10 02:26:32,178 INFO Server -> Train: Loss 0.086 | Accuracy = 97.816
2022-02-10 02:26:34,385 INFO Server -> Test: Loss 0.912 | Accuracy = 76.640
2022-02-10 02:26:34,442 INFO ROUND 246
2022-02-10 02:27:27,495 INFO ROUND 247
2022-02-10 02:28:20,856 INFO ROUND 248
2022-02-10 02:29:13,874 INFO ROUND 249
2022-02-10 02:30:07,513 INFO ROUND 250
2022-02-10 02:31:10,329 INFO Server -> Train: Loss 0.087 | Accuracy = 97.570
2022-02-10 02:31:12,603 INFO Server -> Test: Loss 0.939 | Accuracy = 76.480
2022-02-10 02:31:12,655 INFO ROUND 251
2022-02-10 02:32:06,793 INFO ROUND 252
2022-02-10 02:33:00,690 INFO ROUND 253
2022-02-10 02:33:54,987 INFO ROUND 254
2022-02-10 02:34:49,114 INFO ROUND 255
2022-02-10 02:35:52,935 INFO Server -> Train: Loss 0.109 | Accuracy = 96.616
2022-02-10 02:35:55,120 INFO Server -> Test: Loss 0.995 | Accuracy = 75.390
2022-02-10 02:35:55,173 INFO ROUND 256
2022-02-10 02:36:49,594 INFO ROUND 257
2022-02-10 02:37:43,935 INFO ROUND 258
2022-02-10 02:38:38,428 INFO ROUND 259
2022-02-10 02:39:33,134 INFO ROUND 260
2022-02-10 02:40:37,089 INFO Server -> Train: Loss 0.075 | Accuracy = 98.200
2022-02-10 02:40:39,293 INFO Server -> Test: Loss 0.926 | Accuracy = 76.410
2022-02-10 02:40:39,346 INFO ROUND 261
2022-02-10 02:41:34,150 INFO ROUND 262
2022-02-10 02:42:29,235 INFO ROUND 263
2022-02-10 02:43:24,054 INFO ROUND 264
2022-02-10 02:44:19,557 INFO ROUND 265
2022-02-10 02:45:24,377 INFO Server -> Train: Loss 0.075 | Accuracy = 98.036
2022-02-10 02:45:26,667 INFO Server -> Test: Loss 0.970 | Accuracy = 76.260
2022-02-10 02:45:26,719 INFO ROUND 266
2022-02-10 02:46:23,557 INFO ROUND 267
2022-02-10 02:47:19,321 INFO ROUND 268
2022-02-10 02:48:15,103 INFO ROUND 269
2022-02-10 02:49:11,244 INFO ROUND 270
2022-02-10 02:50:16,416 INFO Server -> Train: Loss 0.083 | Accuracy = 97.766
2022-02-10 02:50:18,710 INFO Server -> Test: Loss 0.986 | Accuracy = 75.860
2022-02-10 02:50:18,758 INFO ROUND 271
2022-02-10 02:51:14,761 INFO ROUND 272
2022-02-10 02:52:10,812 INFO ROUND 273
2022-02-10 02:53:06,941 INFO ROUND 274
2022-02-10 02:54:03,192 INFO ROUND 275
2022-02-10 02:55:09,184 INFO Server -> Train: Loss 0.072 | Accuracy = 98.204
2022-02-10 02:55:11,498 INFO Server -> Test: Loss 0.959 | Accuracy = 76.300
2022-02-10 02:55:11,546 INFO ROUND 276
2022-02-10 02:56:08,632 INFO ROUND 277
2022-02-10 02:57:05,966 INFO ROUND 278
2022-02-10 02:58:03,497 INFO ROUND 279
2022-02-10 02:59:01,340 INFO ROUND 280
2022-02-10 03:00:08,215 INFO Server -> Train: Loss 0.060 | Accuracy = 98.634
2022-02-10 03:00:10,530 INFO Server -> Test: Loss 0.968 | Accuracy = 76.710
2022-02-10 03:00:10,581 INFO ROUND 281
2022-02-10 03:01:08,579 INFO ROUND 282
2022-02-10 03:02:06,350 INFO ROUND 283
2022-02-10 03:03:04,423 INFO ROUND 284
2022-02-10 03:04:02,733 INFO ROUND 285
2022-02-10 03:05:10,304 INFO Server -> Train: Loss 0.059 | Accuracy = 98.770
2022-02-10 03:05:12,649 INFO Server -> Test: Loss 0.963 | Accuracy = 76.730
2022-02-10 03:05:12,699 INFO ROUND 286
2022-02-10 03:06:10,820 INFO ROUND 287
2022-02-10 03:07:09,428 INFO ROUND 288
2022-02-10 03:08:08,226 INFO ROUND 289
2022-02-10 03:09:07,139 INFO ROUND 290
2022-02-10 03:10:15,002 INFO Server -> Train: Loss 0.060 | Accuracy = 98.632
2022-02-10 03:10:17,347 INFO Server -> Test: Loss 0.964 | Accuracy = 76.630
2022-02-10 03:10:17,396 INFO ROUND 291
2022-02-10 03:11:16,309 INFO ROUND 292
2022-02-10 03:12:15,334 INFO ROUND 293
2022-02-10 03:13:14,516 INFO ROUND 294
2022-02-10 03:14:13,693 INFO ROUND 295
2022-02-10 03:15:22,076 INFO Server -> Train: Loss 0.059 | Accuracy = 98.740
2022-02-10 03:15:24,348 INFO Server -> Test: Loss 0.995 | Accuracy = 76.240
2022-02-10 03:15:24,399 INFO ROUND 296
2022-02-10 03:16:24,286 INFO ROUND 297
2022-02-10 03:17:23,900 INFO ROUND 298
2022-02-10 03:18:23,997 INFO ROUND 299
2022-02-10 03:19:23,553 INFO ROUND 300
2022-02-10 03:20:32,537 INFO Server -> Train: Loss 0.077 | Accuracy = 97.820
2022-02-10 03:20:34,845 INFO Server -> Test: Loss 1.040 | Accuracy = 75.680
2022-02-10 03:20:34,896 INFO ROUND 301
2022-02-10 03:21:34,856 INFO ROUND 302
2022-02-10 03:22:35,081 INFO ROUND 303
2022-02-10 03:23:36,043 INFO ROUND 304
2022-02-10 03:24:36,154 INFO ROUND 305
2022-02-10 03:25:45,693 INFO Server -> Train: Loss 0.051 | Accuracy = 99.042
2022-02-10 03:25:47,995 INFO Server -> Test: Loss 0.987 | Accuracy = 76.690
2022-02-10 03:25:48,045 INFO ROUND 306
2022-02-10 03:26:48,408 INFO ROUND 307
2022-02-10 03:27:48,966 INFO ROUND 308
2022-02-10 03:28:49,488 INFO ROUND 309
2022-02-10 03:29:49,981 INFO ROUND 310
2022-02-10 03:30:59,859 INFO Server -> Train: Loss 0.054 | Accuracy = 98.798
2022-02-10 03:31:02,264 INFO Server -> Test: Loss 1.012 | Accuracy = 76.550
2022-02-10 03:31:02,331 INFO ROUND 311
2022-02-10 03:32:03,597 INFO ROUND 312
2022-02-10 03:33:04,583 INFO ROUND 313
2022-02-10 03:34:06,261 INFO ROUND 314
2022-02-10 03:35:07,879 INFO ROUND 315
2022-02-10 03:36:18,657 INFO Server -> Train: Loss 0.048 | Accuracy = 99.138
2022-02-10 03:36:20,986 INFO Server -> Test: Loss 0.987 | Accuracy = 76.490
2022-02-10 03:36:21,036 INFO ROUND 316
2022-02-10 03:37:25,895 INFO ROUND 317
2022-02-10 03:38:28,203 INFO ROUND 318
2022-02-10 03:39:30,642 INFO ROUND 319
2022-02-10 03:40:33,114 INFO ROUND 320
2022-02-10 03:41:44,473 INFO Server -> Train: Loss 0.044 | Accuracy = 99.134
2022-02-10 03:41:46,816 INFO Server -> Test: Loss 0.994 | Accuracy = 76.620
2022-02-10 03:41:46,884 INFO ROUND 321
2022-02-10 03:42:49,580 INFO ROUND 322
2022-02-10 03:43:52,334 INFO ROUND 323
2022-02-10 03:44:55,111 INFO ROUND 324
2022-02-10 03:45:57,988 INFO ROUND 325
2022-02-10 03:47:09,905 INFO Server -> Train: Loss 0.050 | Accuracy = 98.938
2022-02-10 03:47:12,207 INFO Server -> Test: Loss 1.022 | Accuracy = 76.140
2022-02-10 03:47:12,257 INFO ROUND 326
2022-02-10 03:48:15,592 INFO ROUND 327
2022-02-10 03:49:19,115 INFO ROUND 328
2022-02-10 03:50:23,398 INFO ROUND 329
2022-02-10 03:51:27,414 INFO ROUND 330
2022-02-10 03:52:40,682 INFO Server -> Train: Loss 0.039 | Accuracy = 99.390
2022-02-10 03:52:43,142 INFO Server -> Test: Loss 0.990 | Accuracy = 76.620
2022-02-10 03:52:43,192 INFO ROUND 331
2022-02-10 03:53:47,329 INFO ROUND 332
2022-02-10 03:54:51,144 INFO ROUND 333
2022-02-10 03:55:55,398 INFO ROUND 334
2022-02-10 03:56:59,516 INFO ROUND 335
2022-02-10 03:58:13,370 INFO Server -> Train: Loss 0.045 | Accuracy = 99.118
2022-02-10 03:58:15,745 INFO Server -> Test: Loss 1.030 | Accuracy = 76.350
2022-02-10 03:58:15,794 INFO ROUND 336
2022-02-10 03:59:20,326 INFO ROUND 337
2022-02-10 04:00:25,006 INFO ROUND 338
2022-02-10 04:01:29,986 INFO ROUND 339
2022-02-10 04:02:34,649 INFO ROUND 340
2022-02-10 04:03:48,838 INFO Server -> Train: Loss 0.037 | Accuracy = 99.440
2022-02-10 04:03:51,213 INFO Server -> Test: Loss 1.001 | Accuracy = 76.710
2022-02-10 04:03:51,263 INFO ROUND 341
2022-02-10 04:04:56,925 INFO ROUND 342
2022-02-10 04:06:02,289 INFO ROUND 343
2022-02-10 04:07:07,573 INFO ROUND 344
2022-02-10 04:08:13,207 INFO ROUND 345
2022-02-10 04:09:28,211 INFO Server -> Train: Loss 0.038 | Accuracy = 99.368
2022-02-10 04:09:30,579 INFO Server -> Test: Loss 1.016 | Accuracy = 76.470
2022-02-10 04:09:30,629 INFO ROUND 346
2022-02-10 04:10:36,698 INFO ROUND 347
2022-02-10 04:11:42,298 INFO ROUND 348
2022-02-10 04:12:48,187 INFO ROUND 349
2022-02-10 04:13:54,171 INFO ROUND 350
2022-02-10 04:15:09,545 INFO Server -> Train: Loss 0.034 | Accuracy = 99.530
2022-02-10 04:15:12,036 INFO Server -> Test: Loss 1.019 | Accuracy = 76.520
2022-02-10 04:15:12,090 INFO ROUND 351
2022-02-10 04:16:18,906 INFO ROUND 352
2022-02-10 04:17:25,502 INFO ROUND 353
2022-02-10 04:18:31,942 INFO ROUND 354
2022-02-10 04:19:38,454 INFO ROUND 355
2022-02-10 04:20:54,793 INFO Server -> Train: Loss 0.034 | Accuracy = 99.544
2022-02-10 04:20:57,161 INFO Server -> Test: Loss 1.022 | Accuracy = 76.700
2022-02-10 04:20:57,223 INFO ROUND 356
2022-02-10 04:22:04,522 INFO ROUND 357
2022-02-10 04:23:11,755 INFO ROUND 358
2022-02-10 04:24:18,745 INFO ROUND 359
2022-02-10 04:25:26,696 INFO ROUND 360
2022-02-10 04:26:43,755 INFO Server -> Train: Loss 0.035 | Accuracy = 99.504
2022-02-10 04:26:46,290 INFO Server -> Test: Loss 1.030 | Accuracy = 76.470
2022-02-10 04:26:46,339 INFO ROUND 361
2022-02-10 04:27:54,527 INFO ROUND 362
2022-02-10 04:29:02,753 INFO ROUND 363
2022-02-10 04:30:11,529 INFO ROUND 364
2022-02-10 04:31:20,734 INFO ROUND 365
2022-02-10 04:32:38,957 INFO Server -> Train: Loss 0.032 | Accuracy = 99.608
2022-02-10 04:32:41,471 INFO Server -> Test: Loss 1.009 | Accuracy = 76.680
2022-02-10 04:32:41,522 INFO ROUND 366
2022-02-10 04:33:50,327 INFO ROUND 367
2022-02-10 04:34:59,049 INFO ROUND 368
2022-02-10 04:36:08,403 INFO ROUND 369
2022-02-10 04:37:17,406 INFO ROUND 370
2022-02-10 04:38:36,016 INFO Server -> Train: Loss 0.032 | Accuracy = 99.498
2022-02-10 04:38:38,391 INFO Server -> Test: Loss 1.031 | Accuracy = 76.820
2022-02-10 04:38:38,448 INFO ROUND 371
2022-02-10 04:39:47,778 INFO ROUND 372
2022-02-10 04:40:56,972 INFO ROUND 373
2022-02-10 04:42:06,622 INFO ROUND 374
2022-02-10 04:43:16,206 INFO ROUND 375
2022-02-10 04:44:34,814 INFO Server -> Train: Loss 0.031 | Accuracy = 99.618
2022-02-10 04:44:37,244 INFO Server -> Test: Loss 1.020 | Accuracy = 76.480
2022-02-10 04:44:37,293 INFO ROUND 376
2022-02-10 04:45:46,990 INFO ROUND 377
2022-02-10 04:46:56,995 INFO ROUND 378
2022-02-10 04:48:06,777 INFO ROUND 379
2022-02-10 04:49:17,117 INFO ROUND 380
2022-02-10 04:50:36,212 INFO Server -> Train: Loss 0.032 | Accuracy = 99.518
2022-02-10 04:50:38,686 INFO Server -> Test: Loss 1.021 | Accuracy = 76.830
2022-02-10 04:50:38,736 INFO ROUND 381
2022-02-10 04:51:49,854 INFO ROUND 382
2022-02-10 04:53:00,428 INFO ROUND 383
2022-02-10 04:54:10,839 INFO ROUND 384
2022-02-10 04:55:21,772 INFO ROUND 385
2022-02-10 04:56:42,149 INFO Server -> Train: Loss 0.030 | Accuracy = 99.588
2022-02-10 04:56:44,649 INFO Server -> Test: Loss 1.020 | Accuracy = 76.570
2022-02-10 04:56:44,700 INFO ROUND 386
2022-02-10 04:57:55,610 INFO ROUND 387
2022-02-10 04:59:06,605 INFO ROUND 388
2022-02-10 05:00:17,687 INFO ROUND 389
2022-02-10 05:01:28,725 INFO ROUND 390
2022-02-10 05:02:50,070 INFO Server -> Train: Loss 0.028 | Accuracy = 99.622
2022-02-10 05:02:52,648 INFO Server -> Test: Loss 1.022 | Accuracy = 76.630
2022-02-10 05:02:52,714 INFO ROUND 391
2022-02-10 05:04:04,719 INFO ROUND 392
2022-02-10 05:05:16,500 INFO ROUND 393
2022-02-10 05:06:28,456 INFO ROUND 394
2022-02-10 05:07:40,074 INFO ROUND 395
2022-02-10 05:09:01,542 INFO Server -> Train: Loss 0.026 | Accuracy = 99.724
2022-02-10 05:09:03,989 INFO Server -> Test: Loss 1.012 | Accuracy = 76.660
2022-02-10 05:09:04,039 INFO ROUND 396
2022-02-10 05:10:16,280 INFO ROUND 397
2022-02-10 05:11:28,665 INFO ROUND 398
2022-02-10 05:12:41,141 INFO ROUND 399
2022-02-10 05:13:53,370 INFO ROUND 400
2022-02-10 05:15:15,611 INFO Server -> Train: Loss 0.040 | Accuracy = 99.302
2022-02-10 05:15:18,097 INFO Server -> Test: Loss 1.067 | Accuracy = 75.510
2022-02-10 05:15:18,150 INFO ROUND 401
2022-02-10 05:16:31,057 INFO ROUND 402
2022-02-10 05:17:44,053 INFO ROUND 403
2022-02-10 05:18:56,900 INFO ROUND 404
2022-02-10 05:20:10,107 INFO ROUND 405
2022-02-10 05:21:32,751 INFO Server -> Train: Loss 0.028 | Accuracy = 99.730
2022-02-10 05:21:35,264 INFO Server -> Test: Loss 1.029 | Accuracy = 76.710
2022-02-10 05:21:35,320 INFO ROUND 406
2022-02-10 05:22:48,716 INFO ROUND 407
2022-02-10 05:24:05,721 INFO ROUND 408
2022-02-10 05:25:19,447 INFO ROUND 409
2022-02-10 05:26:33,810 INFO ROUND 410
2022-02-10 05:27:57,643 INFO Server -> Train: Loss 0.025 | Accuracy = 99.774
2022-02-10 05:28:00,093 INFO Server -> Test: Loss 1.020 | Accuracy = 76.750
2022-02-10 05:28:00,152 INFO ROUND 411
2022-02-10 05:29:14,550 INFO ROUND 412
2022-02-10 05:30:28,910 INFO ROUND 413
2022-02-10 05:31:43,102 INFO ROUND 414
2022-02-10 05:32:57,925 INFO ROUND 415
2022-02-10 05:34:22,284 INFO Server -> Train: Loss 0.033 | Accuracy = 99.574
2022-02-10 05:34:24,900 INFO Server -> Test: Loss 1.058 | Accuracy = 76.080
2022-02-10 05:34:24,952 INFO ROUND 416
2022-02-10 05:35:40,188 INFO ROUND 417
2022-02-10 05:36:55,642 INFO ROUND 418
2022-02-10 05:38:11,597 INFO ROUND 419
2022-02-10 05:39:27,212 INFO ROUND 420
2022-02-10 05:40:52,138 INFO Server -> Train: Loss 0.026 | Accuracy = 99.694
2022-02-10 05:40:54,707 INFO Server -> Test: Loss 1.024 | Accuracy = 76.660
2022-02-10 05:40:54,758 INFO ROUND 421
2022-02-10 05:42:10,901 INFO ROUND 422
2022-02-10 05:43:26,911 INFO ROUND 423
2022-02-10 05:44:42,513 INFO ROUND 424
2022-02-10 05:45:58,117 INFO ROUND 425
2022-02-10 05:47:23,285 INFO Server -> Train: Loss 0.025 | Accuracy = 99.748
2022-02-10 05:47:25,888 INFO Server -> Test: Loss 1.033 | Accuracy = 76.750
2022-02-10 05:47:25,938 INFO ROUND 426
2022-02-10 05:48:42,358 INFO ROUND 427
2022-02-10 05:49:58,657 INFO ROUND 428
2022-02-10 05:51:15,867 INFO ROUND 429
2022-02-10 05:52:32,297 INFO ROUND 430
2022-02-10 05:53:59,339 INFO Server -> Train: Loss 0.022 | Accuracy = 99.794
2022-02-10 05:54:01,816 INFO Server -> Test: Loss 1.025 | Accuracy = 76.690
2022-02-10 05:54:01,867 INFO ROUND 431
2022-02-10 05:55:19,273 INFO ROUND 432
2022-02-10 05:56:36,218 INFO ROUND 433
2022-02-10 05:57:53,180 INFO ROUND 434
2022-02-10 05:59:10,171 INFO ROUND 435
2022-02-10 06:00:37,101 INFO Server -> Train: Loss 0.026 | Accuracy = 99.710
2022-02-10 06:00:39,723 INFO Server -> Test: Loss 1.040 | Accuracy = 76.430
2022-02-10 06:00:39,773 INFO ROUND 436
2022-02-10 06:01:57,934 INFO ROUND 437
2022-02-10 06:03:15,608 INFO ROUND 438
2022-02-10 06:04:33,069 INFO ROUND 439
2022-02-10 06:05:51,154 INFO ROUND 440
2022-02-10 06:07:18,391 INFO Server -> Train: Loss 0.022 | Accuracy = 99.848
2022-02-10 06:07:20,958 INFO Server -> Test: Loss 1.022 | Accuracy = 76.710
2022-02-10 06:07:21,018 INFO ROUND 441
2022-02-10 06:08:39,377 INFO ROUND 442
2022-02-10 06:09:57,769 INFO ROUND 443
2022-02-10 06:11:15,650 INFO ROUND 444
2022-02-10 06:12:33,867 INFO ROUND 445
2022-02-10 06:14:02,395 INFO Server -> Train: Loss 0.021 | Accuracy = 99.832
2022-02-10 06:14:05,017 INFO Server -> Test: Loss 1.025 | Accuracy = 76.870
2022-02-10 06:14:05,066 INFO ROUND 446
2022-02-10 06:15:23,327 INFO ROUND 447
2022-02-10 06:16:41,675 INFO ROUND 448
2022-02-10 06:18:00,076 INFO ROUND 449
2022-02-10 06:19:19,153 INFO ROUND 450
2022-02-10 06:20:47,691 INFO Server -> Train: Loss 0.024 | Accuracy = 99.718
2022-02-10 06:20:50,245 INFO Server -> Test: Loss 1.025 | Accuracy = 76.840
2022-02-10 06:20:50,296 INFO ROUND 451
2022-02-10 06:22:09,816 INFO ROUND 452
2022-02-10 06:23:28,674 INFO ROUND 453
2022-02-10 06:24:48,040 INFO ROUND 454
2022-02-10 06:26:08,084 INFO ROUND 455
2022-02-10 06:27:36,831 INFO Server -> Train: Loss 0.022 | Accuracy = 99.872
2022-02-10 06:27:39,461 INFO Server -> Test: Loss 1.005 | Accuracy = 76.740
2022-02-10 06:27:39,519 INFO ROUND 456
2022-02-10 06:28:59,742 INFO ROUND 457
2022-02-10 06:30:19,694 INFO ROUND 458
2022-02-10 06:31:40,478 INFO ROUND 459
2022-02-10 06:33:01,456 INFO ROUND 460
2022-02-10 06:34:31,766 INFO Server -> Train: Loss 0.021 | Accuracy = 99.836
2022-02-10 06:34:34,297 INFO Server -> Test: Loss 1.011 | Accuracy = 76.960
2022-02-10 06:34:34,348 INFO ROUND 461
2022-02-10 06:35:55,387 INFO ROUND 462
2022-02-10 06:37:16,235 INFO ROUND 463
2022-02-10 06:38:37,299 INFO ROUND 464
2022-02-10 06:39:59,056 INFO ROUND 465
2022-02-10 06:41:29,910 INFO Server -> Train: Loss 0.023 | Accuracy = 99.736
2022-02-10 06:41:32,536 INFO Server -> Test: Loss 1.011 | Accuracy = 76.740
2022-02-10 06:41:32,587 INFO ROUND 466
2022-02-10 06:42:53,717 INFO ROUND 467
2022-02-10 06:44:15,205 INFO ROUND 468
2022-02-10 06:45:37,430 INFO ROUND 469
2022-02-10 06:46:59,419 INFO ROUND 470
2022-02-10 06:48:31,514 INFO Server -> Train: Loss 0.019 | Accuracy = 99.832
2022-02-10 06:48:34,198 INFO Server -> Test: Loss 1.020 | Accuracy = 77.040
2022-02-10 06:48:34,249 INFO ROUND 471
2022-02-10 06:49:56,865 INFO ROUND 472
2022-02-10 06:51:19,678 INFO ROUND 473
2022-02-10 06:52:42,203 INFO ROUND 474
2022-02-10 06:54:04,751 INFO ROUND 475
2022-02-10 06:55:37,634 INFO Server -> Train: Loss 0.024 | Accuracy = 99.804
2022-02-10 06:55:40,367 INFO Server -> Test: Loss 1.048 | Accuracy = 76.380
2022-02-10 06:55:40,418 INFO ROUND 476
2022-02-10 06:57:03,277 INFO ROUND 477
2022-02-10 06:58:26,239 INFO ROUND 478
2022-02-10 06:59:49,516 INFO ROUND 479
2022-02-10 07:01:13,091 INFO ROUND 480
2022-02-10 07:02:45,768 INFO Server -> Train: Loss 0.021 | Accuracy = 99.812
2022-02-10 07:02:48,456 INFO Server -> Test: Loss 1.025 | Accuracy = 76.660
2022-02-10 07:02:48,525 INFO ROUND 481
2022-02-10 07:04:12,486 INFO ROUND 482
2022-02-10 07:05:36,025 INFO ROUND 483
2022-02-10 07:06:59,646 INFO ROUND 484
2022-02-10 07:08:23,529 INFO ROUND 485
2022-02-10 07:09:56,512 INFO Server -> Train: Loss 0.019 | Accuracy = 99.900
2022-02-10 07:09:59,279 INFO Server -> Test: Loss 1.014 | Accuracy = 76.940
2022-02-10 07:09:59,331 INFO ROUND 486
2022-02-10 07:11:23,684 INFO ROUND 487
2022-02-10 07:12:48,140 INFO ROUND 488
2022-02-10 07:14:13,152 INFO ROUND 489
2022-02-10 07:15:37,995 INFO ROUND 490
2022-02-10 07:17:12,698 INFO Server -> Train: Loss 0.020 | Accuracy = 99.892
2022-02-10 07:17:15,477 INFO Server -> Test: Loss 1.007 | Accuracy = 76.950
2022-02-10 07:17:15,536 INFO ROUND 491
2022-02-10 07:18:41,368 INFO ROUND 492
2022-02-10 07:20:06,664 INFO ROUND 493
2022-02-10 07:21:31,622 INFO ROUND 494
2022-02-10 07:22:57,006 INFO ROUND 495
2022-02-10 07:24:32,289 INFO Server -> Train: Loss 0.019 | Accuracy = 99.848
2022-02-10 07:24:35,046 INFO Server -> Test: Loss 1.010 | Accuracy = 77.010
2022-02-10 07:24:35,095 INFO ROUND 496
2022-02-10 07:26:00,498 INFO ROUND 497
2022-02-10 07:27:25,980 INFO ROUND 498
2022-02-10 07:28:51,601 INFO ROUND 499
2022-02-10 07:30:17,316 INFO ROUND 500
2022-02-10 07:31:52,761 INFO Server -> Train: Loss 0.024 | Accuracy = 99.812
2022-02-10 07:31:55,424 INFO Server -> Test: Loss 1.036 | Accuracy = 76.380
2022-02-10 07:31:55,481 INFO ROUND 501
2022-02-10 07:33:22,265 INFO ROUND 502
2022-02-10 07:34:49,093 INFO ROUND 503
2022-02-10 07:36:15,363 INFO ROUND 504
2022-02-10 07:37:41,458 INFO ROUND 505
2022-02-10 07:39:17,970 INFO Server -> Train: Loss 0.020 | Accuracy = 99.790
2022-02-10 07:39:20,627 INFO Server -> Test: Loss 1.001 | Accuracy = 77.010
