2022-02-06 23:19:59,089 INFO ('Client samples sizes:', array([1210,  870,  876,  716,  816, 1092,  707,  865,  835,  438,  982,
       1137, 1326, 1522,  969, 1357, 1221, 1253, 1484, 1197,  830,  944,
       1373,  970,  998,  794,  252,  988, 1153, 1169, 1082,  700,  716,
        714, 1044, 1084, 1049,  640, 1111, 1040,  824, 1224, 1264,  997,
        802, 1333, 1327,  877,  815, 1012]), 'total:', 49999)
2022-02-06 23:20:10,705 INFO ROUND 1
2022-02-06 23:20:34,932 INFO ROUND 2
2022-02-06 23:20:58,667 INFO ROUND 3
2022-02-06 23:21:22,478 INFO ROUND 4
2022-02-06 23:21:46,277 INFO ROUND 5
2022-02-06 23:22:19,406 INFO Server -> Train: Loss 1.820 | Accuracy = 33.194
2022-02-06 23:22:21,307 INFO Server -> Test: Loss 1.813 | Accuracy = 33.960
2022-02-06 23:22:21,337 INFO ROUND 6
2022-02-06 23:22:45,270 INFO ROUND 7
2022-02-06 23:23:09,168 INFO ROUND 8
2022-02-06 23:23:33,607 INFO ROUND 9
2022-02-06 23:23:57,911 INFO ROUND 10
2022-02-06 23:24:31,676 INFO Server -> Train: Loss 1.524 | Accuracy = 43.748
2022-02-06 23:24:33,568 INFO Server -> Test: Loss 1.525 | Accuracy = 44.020
2022-02-06 23:24:33,605 INFO ROUND 11
2022-02-06 23:24:58,212 INFO ROUND 12
2022-02-06 23:25:22,829 INFO ROUND 13
2022-02-06 23:25:47,798 INFO ROUND 14
2022-02-06 23:26:12,662 INFO ROUND 15
2022-02-06 23:26:46,811 INFO Server -> Train: Loss 1.376 | Accuracy = 49.536
2022-02-06 23:26:48,745 INFO Server -> Test: Loss 1.387 | Accuracy = 49.470
2022-02-06 23:26:48,781 INFO ROUND 16
2022-02-06 23:27:13,736 INFO ROUND 17
2022-02-06 23:27:38,942 INFO ROUND 18
2022-02-06 23:28:04,239 INFO ROUND 19
2022-02-06 23:28:30,695 INFO ROUND 20
2022-02-06 23:29:05,599 INFO Server -> Train: Loss 1.270 | Accuracy = 54.044
2022-02-06 23:29:07,503 INFO Server -> Test: Loss 1.294 | Accuracy = 53.480
2022-02-06 23:29:07,536 INFO ROUND 21
2022-02-06 23:29:33,314 INFO ROUND 22
2022-02-06 23:29:58,533 INFO ROUND 23
2022-02-06 23:30:24,248 INFO ROUND 24
2022-02-06 23:30:50,014 INFO ROUND 25
2022-02-06 23:31:24,942 INFO Server -> Train: Loss 1.174 | Accuracy = 57.696
2022-02-06 23:31:26,918 INFO Server -> Test: Loss 1.212 | Accuracy = 56.360
2022-02-06 23:31:26,950 INFO ROUND 26
2022-02-06 23:31:53,214 INFO ROUND 27
2022-02-06 23:32:19,567 INFO ROUND 28
2022-02-06 23:32:45,923 INFO ROUND 29
2022-02-06 23:33:12,229 INFO ROUND 30
2022-02-06 23:33:47,868 INFO Server -> Train: Loss 1.090 | Accuracy = 60.684
2022-02-06 23:33:49,787 INFO Server -> Test: Loss 1.146 | Accuracy = 58.810
2022-02-06 23:33:49,821 INFO ROUND 31
2022-02-06 23:34:16,694 INFO ROUND 32
2022-02-06 23:34:43,257 INFO ROUND 33
2022-02-06 23:35:09,881 INFO ROUND 34
2022-02-06 23:35:36,742 INFO ROUND 35
2022-02-06 23:36:13,028 INFO Server -> Train: Loss 1.020 | Accuracy = 63.452
2022-02-06 23:36:14,964 INFO Server -> Test: Loss 1.102 | Accuracy = 60.800
2022-02-06 23:36:14,997 INFO ROUND 36
2022-02-06 23:36:42,139 INFO ROUND 37
2022-02-06 23:37:09,359 INFO ROUND 38
2022-02-06 23:37:36,702 INFO ROUND 39
2022-02-06 23:38:04,127 INFO ROUND 40
2022-02-06 23:38:40,823 INFO Server -> Train: Loss 0.943 | Accuracy = 66.656
2022-02-06 23:38:42,772 INFO Server -> Test: Loss 1.053 | Accuracy = 63.000
2022-02-06 23:38:42,804 INFO ROUND 41
2022-02-06 23:39:10,471 INFO ROUND 42
2022-02-06 23:39:38,158 INFO ROUND 43
2022-02-06 23:40:06,062 INFO ROUND 44
2022-02-06 23:40:34,040 INFO ROUND 45
2022-02-06 23:41:10,757 INFO Server -> Train: Loss 0.883 | Accuracy = 68.956
2022-02-06 23:41:12,692 INFO Server -> Test: Loss 1.024 | Accuracy = 64.520
2022-02-06 23:41:12,725 INFO ROUND 46
2022-02-06 23:41:40,846 INFO ROUND 47
2022-02-06 23:42:08,824 INFO ROUND 48
2022-02-06 23:42:36,977 INFO ROUND 49
2022-02-06 23:43:05,249 INFO ROUND 50
2022-02-06 23:43:42,698 INFO Server -> Train: Loss 0.835 | Accuracy = 70.534
2022-02-06 23:43:44,632 INFO Server -> Test: Loss 1.009 | Accuracy = 65.160
2022-02-06 23:43:44,668 INFO ROUND 51
2022-02-06 23:44:13,430 INFO ROUND 52
2022-02-06 23:44:43,823 INFO ROUND 53
2022-02-06 23:45:12,758 INFO ROUND 54
2022-02-06 23:45:41,620 INFO ROUND 55
2022-02-06 23:46:19,401 INFO Server -> Train: Loss 0.782 | Accuracy = 72.248
2022-02-06 23:46:21,327 INFO Server -> Test: Loss 0.989 | Accuracy = 66.550
2022-02-06 23:46:21,360 INFO ROUND 56
2022-02-06 23:46:50,601 INFO ROUND 57
2022-02-06 23:47:19,757 INFO ROUND 58
2022-02-06 23:47:49,190 INFO ROUND 59
2022-02-06 23:48:18,653 INFO ROUND 60
2022-02-06 23:48:57,035 INFO Server -> Train: Loss 0.742 | Accuracy = 73.816
2022-02-06 23:48:58,991 INFO Server -> Test: Loss 0.990 | Accuracy = 66.620
2022-02-06 23:48:59,025 INFO ROUND 61
2022-02-06 23:49:28,766 INFO ROUND 62
2022-02-06 23:49:58,698 INFO ROUND 63
2022-02-06 23:50:28,635 INFO ROUND 64
2022-02-06 23:50:58,453 INFO ROUND 65
2022-02-06 23:51:37,632 INFO Server -> Train: Loss 0.682 | Accuracy = 76.026
2022-02-06 23:51:39,607 INFO Server -> Test: Loss 0.964 | Accuracy = 68.140
2022-02-06 23:51:39,639 INFO ROUND 66
2022-02-06 23:52:09,962 INFO ROUND 67
2022-02-06 23:52:40,345 INFO ROUND 68
2022-02-06 23:53:11,015 INFO ROUND 69
2022-02-06 23:53:41,662 INFO ROUND 70
2022-02-06 23:54:21,538 INFO Server -> Train: Loss 0.651 | Accuracy = 77.166
2022-02-06 23:54:23,502 INFO Server -> Test: Loss 0.977 | Accuracy = 67.780
2022-02-06 23:54:23,533 INFO ROUND 71
2022-02-06 23:54:54,485 INFO ROUND 72
2022-02-06 23:55:25,634 INFO ROUND 73
2022-02-06 23:55:56,894 INFO ROUND 74
2022-02-06 23:56:28,086 INFO ROUND 75
2022-02-06 23:57:08,512 INFO Server -> Train: Loss 0.597 | Accuracy = 79.098
2022-02-06 23:57:10,469 INFO Server -> Test: Loss 0.967 | Accuracy = 68.820
2022-02-06 23:57:10,501 INFO ROUND 76
2022-02-06 23:57:42,104 INFO ROUND 77
2022-02-06 23:58:14,034 INFO ROUND 78
2022-02-06 23:58:45,831 INFO ROUND 79
2022-02-06 23:59:17,620 INFO ROUND 80
2022-02-06 23:59:58,376 INFO Server -> Train: Loss 0.567 | Accuracy = 79.994
2022-02-07 00:00:00,380 INFO Server -> Test: Loss 0.979 | Accuracy = 68.720
2022-02-07 00:00:00,413 INFO ROUND 81
2022-02-07 00:00:32,492 INFO ROUND 82
2022-02-07 00:01:04,665 INFO ROUND 83
2022-02-07 00:01:36,970 INFO ROUND 84
2022-02-07 00:02:09,458 INFO ROUND 85
2022-02-07 00:02:50,681 INFO Server -> Train: Loss 0.538 | Accuracy = 81.018
2022-02-07 00:02:52,616 INFO Server -> Test: Loss 0.994 | Accuracy = 68.810
2022-02-07 00:02:52,648 INFO ROUND 86
2022-02-07 00:03:25,201 INFO ROUND 87
2022-02-07 00:04:00,217 INFO ROUND 88
2022-02-07 00:04:33,076 INFO ROUND 89
2022-02-07 00:05:05,905 INFO ROUND 90
2022-02-07 00:05:47,718 INFO Server -> Train: Loss 0.497 | Accuracy = 82.480
2022-02-07 00:05:49,634 INFO Server -> Test: Loss 1.004 | Accuracy = 69.090
2022-02-07 00:05:49,665 INFO ROUND 91
2022-02-07 00:06:22,620 INFO ROUND 92
2022-02-07 00:06:55,740 INFO ROUND 93
2022-02-07 00:07:29,143 INFO ROUND 94
2022-02-07 00:08:02,591 INFO ROUND 95
2022-02-07 00:08:45,481 INFO Server -> Train: Loss 0.450 | Accuracy = 84.146
2022-02-07 00:08:47,496 INFO Server -> Test: Loss 1.006 | Accuracy = 69.000
2022-02-07 00:08:47,527 INFO ROUND 96
2022-02-07 00:09:21,618 INFO ROUND 97
2022-02-07 00:09:55,841 INFO ROUND 98
2022-02-07 00:10:30,415 INFO ROUND 99
2022-02-07 00:11:04,633 INFO ROUND 100
2022-02-07 00:11:47,606 INFO Server -> Train: Loss 0.419 | Accuracy = 85.340
2022-02-07 00:11:49,547 INFO Server -> Test: Loss 1.030 | Accuracy = 69.370
2022-02-07 00:11:49,579 INFO ROUND 101
2022-02-07 00:12:23,954 INFO ROUND 102
2022-02-07 00:12:58,472 INFO ROUND 103
2022-02-07 00:13:32,956 INFO ROUND 104
2022-02-07 00:14:07,471 INFO ROUND 105
2022-02-07 00:14:51,161 INFO Server -> Train: Loss 0.402 | Accuracy = 85.824
2022-02-07 00:14:53,147 INFO Server -> Test: Loss 1.053 | Accuracy = 69.070
2022-02-07 00:14:53,178 INFO ROUND 106
2022-02-07 00:15:28,080 INFO ROUND 107
2022-02-07 00:16:02,929 INFO ROUND 108
2022-02-07 00:16:38,033 INFO ROUND 109
2022-02-07 00:17:13,277 INFO ROUND 110
2022-02-07 00:17:57,462 INFO Server -> Train: Loss 0.352 | Accuracy = 87.746
2022-02-07 00:17:59,466 INFO Server -> Test: Loss 1.054 | Accuracy = 69.730
2022-02-07 00:17:59,497 INFO ROUND 111
2022-02-07 00:18:34,881 INFO ROUND 112
2022-02-07 00:19:10,490 INFO ROUND 113
2022-02-07 00:19:45,974 INFO ROUND 114
2022-02-07 00:20:21,739 INFO ROUND 115
2022-02-07 00:21:06,201 INFO Server -> Train: Loss 0.344 | Accuracy = 88.076
2022-02-07 00:21:08,181 INFO Server -> Test: Loss 1.112 | Accuracy = 69.280
2022-02-07 00:21:08,212 INFO ROUND 116
2022-02-07 00:21:44,236 INFO ROUND 117
2022-02-07 00:22:20,155 INFO ROUND 118
2022-02-07 00:22:56,483 INFO ROUND 119
2022-02-07 00:23:32,647 INFO ROUND 120
2022-02-07 00:24:17,734 INFO Server -> Train: Loss 0.311 | Accuracy = 89.424
2022-02-07 00:24:19,745 INFO Server -> Test: Loss 1.102 | Accuracy = 69.560
2022-02-07 00:24:19,776 INFO ROUND 121
2022-02-07 00:24:56,302 INFO ROUND 122
2022-02-07 00:25:33,147 INFO ROUND 123
2022-02-07 00:26:10,012 INFO ROUND 124
2022-02-07 00:26:46,894 INFO ROUND 125
2022-02-07 00:27:32,714 INFO Server -> Train: Loss 0.273 | Accuracy = 90.752
2022-02-07 00:27:34,723 INFO Server -> Test: Loss 1.130 | Accuracy = 69.670
2022-02-07 00:27:34,755 INFO ROUND 126
2022-02-07 00:28:12,064 INFO ROUND 127
2022-02-07 00:28:49,196 INFO ROUND 128
2022-02-07 00:29:26,535 INFO ROUND 129
2022-02-07 00:30:04,952 INFO ROUND 130
2022-02-07 00:30:52,870 INFO Server -> Train: Loss 0.271 | Accuracy = 90.604
2022-02-07 00:30:54,885 INFO Server -> Test: Loss 1.208 | Accuracy = 69.380
2022-02-07 00:30:54,917 INFO ROUND 131
2022-02-07 00:31:32,945 INFO ROUND 132
2022-02-07 00:32:11,056 INFO ROUND 133
2022-02-07 00:32:49,188 INFO ROUND 134
2022-02-07 00:33:27,802 INFO ROUND 135
2022-02-07 00:34:15,178 INFO Server -> Train: Loss 0.228 | Accuracy = 92.398
2022-02-07 00:34:17,202 INFO Server -> Test: Loss 1.201 | Accuracy = 69.630
2022-02-07 00:34:17,233 INFO ROUND 136
2022-02-07 00:34:55,808 INFO ROUND 137
2022-02-07 00:35:34,528 INFO ROUND 138
2022-02-07 00:36:13,324 INFO ROUND 139
2022-02-07 00:36:52,158 INFO ROUND 140
2022-02-07 00:37:40,109 INFO Server -> Train: Loss 0.218 | Accuracy = 92.634
2022-02-07 00:37:42,171 INFO Server -> Test: Loss 1.233 | Accuracy = 69.460
2022-02-07 00:37:42,202 INFO ROUND 141
2022-02-07 00:38:21,484 INFO ROUND 142
2022-02-07 00:39:00,659 INFO ROUND 143
2022-02-07 00:39:40,263 INFO ROUND 144
2022-02-07 00:40:19,905 INFO ROUND 145
2022-02-07 00:41:08,824 INFO Server -> Train: Loss 0.219 | Accuracy = 92.580
2022-02-07 00:41:10,945 INFO Server -> Test: Loss 1.293 | Accuracy = 68.790
2022-02-07 00:41:10,977 INFO ROUND 146
2022-02-07 00:41:51,010 INFO ROUND 147
2022-02-07 00:42:30,907 INFO ROUND 148
2022-02-07 00:43:11,048 INFO ROUND 149
2022-02-07 00:43:51,533 INFO ROUND 150
2022-02-07 00:44:40,877 INFO Server -> Train: Loss 0.177 | Accuracy = 94.344
2022-02-07 00:44:42,918 INFO Server -> Test: Loss 1.277 | Accuracy = 69.550
2022-02-07 00:44:42,951 INFO ROUND 151
2022-02-07 00:45:23,404 INFO ROUND 152
2022-02-07 00:46:03,999 INFO ROUND 153
2022-02-07 00:46:44,723 INFO ROUND 154
2022-02-07 00:47:25,716 INFO ROUND 155
2022-02-07 00:48:15,840 INFO Server -> Train: Loss 0.181 | Accuracy = 93.880
2022-02-07 00:48:17,942 INFO Server -> Test: Loss 1.338 | Accuracy = 68.880
2022-02-07 00:48:17,975 INFO ROUND 156
2022-02-07 00:48:59,328 INFO ROUND 157
2022-02-07 00:49:40,630 INFO ROUND 158
2022-02-07 00:50:22,150 INFO ROUND 159
2022-02-07 00:51:03,864 INFO ROUND 160
2022-02-07 00:51:54,553 INFO Server -> Train: Loss 0.164 | Accuracy = 94.486
2022-02-07 00:51:56,742 INFO Server -> Test: Loss 1.386 | Accuracy = 69.220
2022-02-07 00:51:56,778 INFO ROUND 161
2022-02-07 00:52:38,618 INFO ROUND 162
2022-02-07 00:53:20,868 INFO ROUND 163
2022-02-07 00:54:02,974 INFO ROUND 164
2022-02-07 00:54:45,079 INFO ROUND 165
2022-02-07 00:55:36,091 INFO Server -> Train: Loss 0.138 | Accuracy = 95.788
2022-02-07 00:55:38,236 INFO Server -> Test: Loss 1.361 | Accuracy = 69.580
2022-02-07 00:55:38,277 INFO ROUND 166
2022-02-07 00:56:20,811 INFO ROUND 167
2022-02-07 00:57:03,295 INFO ROUND 168
2022-02-07 00:57:45,972 INFO ROUND 169
2022-02-07 00:58:28,783 INFO ROUND 170
2022-02-07 00:59:20,816 INFO Server -> Train: Loss 0.125 | Accuracy = 96.176
2022-02-07 00:59:22,906 INFO Server -> Test: Loss 1.416 | Accuracy = 69.480
2022-02-07 00:59:22,937 INFO ROUND 171
2022-02-07 01:00:05,973 INFO ROUND 172
2022-02-07 01:00:48,982 INFO ROUND 173
2022-02-07 01:01:31,951 INFO ROUND 174
2022-02-07 01:02:15,309 INFO ROUND 175
2022-02-07 01:03:07,589 INFO Server -> Train: Loss 0.127 | Accuracy = 95.972
2022-02-07 01:03:09,701 INFO Server -> Test: Loss 1.407 | Accuracy = 69.410
2022-02-07 01:03:09,732 INFO ROUND 176
2022-02-07 01:03:53,340 INFO ROUND 177
2022-02-07 01:04:37,462 INFO ROUND 178
2022-02-07 01:05:21,395 INFO ROUND 179
2022-02-07 01:06:05,599 INFO ROUND 180
2022-02-07 01:07:01,179 INFO Server -> Train: Loss 0.139 | Accuracy = 95.392
2022-02-07 01:07:03,273 INFO Server -> Test: Loss 1.472 | Accuracy = 68.900
2022-02-07 01:07:03,304 INFO ROUND 181
2022-02-07 01:07:47,662 INFO ROUND 182
2022-02-07 01:08:31,960 INFO ROUND 183
2022-02-07 01:09:16,637 INFO ROUND 184
2022-02-07 01:10:01,242 INFO ROUND 185
2022-02-07 01:10:54,834 INFO Server -> Train: Loss 0.103 | Accuracy = 97.070
2022-02-07 01:10:56,995 INFO Server -> Test: Loss 1.438 | Accuracy = 69.730
2022-02-07 01:10:57,029 INFO ROUND 186
2022-02-07 01:11:42,001 INFO ROUND 187
2022-02-07 01:12:26,966 INFO ROUND 188
2022-02-07 01:13:12,012 INFO ROUND 189
2022-02-07 01:13:57,013 INFO ROUND 190
2022-02-07 01:14:51,192 INFO Server -> Train: Loss 0.094 | Accuracy = 97.312
2022-02-07 01:14:53,376 INFO Server -> Test: Loss 1.491 | Accuracy = 69.540
2022-02-07 01:14:53,407 INFO ROUND 191
2022-02-07 01:15:38,949 INFO ROUND 192
2022-02-07 01:16:24,603 INFO ROUND 193
2022-02-07 01:17:10,475 INFO ROUND 194
2022-02-07 01:17:56,307 INFO ROUND 195
2022-02-07 01:18:51,467 INFO Server -> Train: Loss 0.083 | Accuracy = 97.764
2022-02-07 01:18:53,608 INFO Server -> Test: Loss 1.510 | Accuracy = 69.500
2022-02-07 01:18:53,640 INFO ROUND 196
2022-02-07 01:19:39,893 INFO ROUND 197
2022-02-07 01:20:26,094 INFO ROUND 198
2022-02-07 01:21:12,294 INFO ROUND 199
2022-02-07 01:21:58,724 INFO ROUND 200
2022-02-07 01:22:54,376 INFO Server -> Train: Loss 0.085 | Accuracy = 97.606
2022-02-07 01:22:56,563 INFO Server -> Test: Loss 1.541 | Accuracy = 69.270
2022-02-07 01:22:56,611 INFO ROUND 201
2022-02-07 01:23:43,468 INFO ROUND 202
2022-02-07 01:24:30,283 INFO ROUND 203
2022-02-07 01:25:17,226 INFO ROUND 204
2022-02-07 01:26:04,296 INFO ROUND 205
2022-02-07 01:27:00,513 INFO Server -> Train: Loss 0.071 | Accuracy = 98.212
2022-02-07 01:27:02,661 INFO Server -> Test: Loss 1.572 | Accuracy = 69.430
2022-02-07 01:27:02,693 INFO ROUND 206
2022-02-07 01:27:50,282 INFO ROUND 207
2022-02-07 01:28:37,871 INFO ROUND 208
2022-02-07 01:29:25,294 INFO ROUND 209
2022-02-07 01:30:13,067 INFO ROUND 210
2022-02-07 01:31:09,884 INFO Server -> Train: Loss 0.069 | Accuracy = 98.198
2022-02-07 01:31:12,103 INFO Server -> Test: Loss 1.576 | Accuracy = 69.430
2022-02-07 01:31:12,138 INFO ROUND 211
2022-02-07 01:32:00,218 INFO ROUND 212
2022-02-07 01:32:48,310 INFO ROUND 213
2022-02-07 01:33:36,926 INFO ROUND 214
2022-02-07 01:34:25,681 INFO ROUND 215
2022-02-07 01:35:23,553 INFO Server -> Train: Loss 0.070 | Accuracy = 98.232
2022-02-07 01:35:25,707 INFO Server -> Test: Loss 1.607 | Accuracy = 69.120
2022-02-07 01:35:25,739 INFO ROUND 216
2022-02-07 01:36:14,380 INFO ROUND 217
2022-02-07 01:37:03,371 INFO ROUND 218
2022-02-07 01:37:52,388 INFO ROUND 219
2022-02-07 01:38:41,309 INFO ROUND 220
2022-02-07 01:39:39,588 INFO Server -> Train: Loss 0.053 | Accuracy = 98.934
2022-02-07 01:39:41,772 INFO Server -> Test: Loss 1.588 | Accuracy = 69.550
2022-02-07 01:39:41,803 INFO ROUND 221
2022-02-07 01:40:31,260 INFO ROUND 222
2022-02-07 01:41:20,562 INFO ROUND 223
2022-02-07 01:42:09,949 INFO ROUND 224
2022-02-07 01:42:59,727 INFO ROUND 225
2022-02-07 01:43:58,404 INFO Server -> Train: Loss 0.053 | Accuracy = 98.836
2022-02-07 01:44:00,575 INFO Server -> Test: Loss 1.635 | Accuracy = 69.450
2022-02-07 01:44:00,615 INFO ROUND 226
2022-02-07 01:44:50,174 INFO ROUND 227
2022-02-07 01:45:40,299 INFO ROUND 228
2022-02-07 01:46:30,405 INFO ROUND 229
2022-02-07 01:47:20,592 INFO ROUND 230
2022-02-07 01:48:19,999 INFO Server -> Train: Loss 0.050 | Accuracy = 99.038
2022-02-07 01:48:22,202 INFO Server -> Test: Loss 1.588 | Accuracy = 69.750
2022-02-07 01:48:22,233 INFO ROUND 231
2022-02-07 01:49:12,536 INFO ROUND 232
2022-02-07 01:50:02,956 INFO ROUND 233
2022-02-07 01:50:53,589 INFO ROUND 234
2022-02-07 01:51:44,160 INFO ROUND 235
2022-02-07 01:52:44,115 INFO Server -> Train: Loss 0.048 | Accuracy = 99.126
2022-02-07 01:52:46,272 INFO Server -> Test: Loss 1.634 | Accuracy = 69.640
2022-02-07 01:52:46,303 INFO ROUND 236
2022-02-07 01:53:37,240 INFO ROUND 237
2022-02-07 01:54:28,373 INFO ROUND 238
2022-02-07 01:55:19,656 INFO ROUND 239
2022-02-07 01:56:11,587 INFO ROUND 240
2022-02-07 01:57:12,760 INFO Server -> Train: Loss 0.040 | Accuracy = 99.348
2022-02-07 01:57:14,961 INFO Server -> Test: Loss 1.635 | Accuracy = 69.910
2022-02-07 01:57:14,994 INFO ROUND 241
2022-02-07 01:58:06,855 INFO ROUND 242
2022-02-07 01:58:58,593 INFO ROUND 243
2022-02-07 01:59:53,627 INFO ROUND 244
2022-02-07 02:00:45,541 INFO ROUND 245
2022-02-07 02:01:46,953 INFO Server -> Train: Loss 0.041 | Accuracy = 99.294
2022-02-07 02:01:49,139 INFO Server -> Test: Loss 1.646 | Accuracy = 69.660
2022-02-07 02:01:49,172 INFO ROUND 246
2022-02-07 02:02:41,529 INFO ROUND 247
2022-02-07 02:03:33,580 INFO ROUND 248
2022-02-07 02:14:28,319 INFO ('Client samples sizes:', array([1113, 1307,  542, 1005, 1021,  951,  957,  999, 1067,  984,  990,
       1190,  923,  992,  936, 1217, 1077, 1418, 1265, 1086,  363, 1489,
        940,  661,  992,  712,  428,  913,  862,  983,  894,  688,  884,
        679, 1076,  769,  813, 1156, 1445, 1269, 1092, 1343, 1002,  870,
       1315,  953, 1122, 1095, 1015, 1135]), 'total:', 49998)
2022-02-07 02:14:40,961 INFO ROUND 246
2022-02-07 02:15:03,832 INFO ROUND 247
2022-02-07 02:15:26,671 INFO ROUND 248
2022-02-07 02:15:49,508 INFO ROUND 249
2022-02-07 02:16:12,281 INFO ROUND 250
2022-02-07 02:16:43,966 INFO Server -> Train: Loss 0.050 | Accuracy = 99.364
2022-02-07 02:16:46,097 INFO Server -> Test: Loss 1.437 | Accuracy = 70.010
2022-02-07 02:16:46,428 INFO ROUND 251
2022-02-07 02:17:09,627 INFO ROUND 252
2022-02-07 02:17:35,141 INFO ROUND 253
2022-02-07 02:17:58,712 INFO ROUND 254
2022-02-07 02:18:22,648 INFO ROUND 255
2022-02-07 02:18:55,667 INFO Server -> Train: Loss 0.035 | Accuracy = 99.600
2022-02-07 02:18:57,549 INFO Server -> Test: Loss 1.533 | Accuracy = 70.080
2022-02-07 02:18:57,582 INFO ROUND 256
2022-02-07 02:19:21,619 INFO ROUND 257
2022-02-07 02:19:45,697 INFO ROUND 258
2022-02-07 02:20:09,912 INFO ROUND 259
2022-02-07 02:20:34,245 INFO ROUND 260
2022-02-07 02:21:07,585 INFO Server -> Train: Loss 0.026 | Accuracy = 99.782
2022-02-07 02:21:09,496 INFO Server -> Test: Loss 1.588 | Accuracy = 70.240
2022-02-07 02:21:09,529 INFO ROUND 261
2022-02-07 02:21:34,101 INFO ROUND 262
2022-02-07 02:21:58,716 INFO ROUND 263
2022-02-07 02:22:23,420 INFO ROUND 264
2022-02-07 02:22:48,269 INFO ROUND 265
2022-02-07 02:23:22,645 INFO Server -> Train: Loss 0.022 | Accuracy = 99.842
2022-02-07 02:23:24,618 INFO Server -> Test: Loss 1.620 | Accuracy = 70.470
2022-02-07 02:23:24,651 INFO ROUND 266
2022-02-07 02:23:50,630 INFO ROUND 267
2022-02-07 02:24:15,292 INFO ROUND 268
2022-02-07 02:24:39,920 INFO ROUND 269
2022-02-07 02:25:04,632 INFO ROUND 270
2022-02-07 02:25:38,799 INFO Server -> Train: Loss 0.019 | Accuracy = 99.892
2022-02-07 02:25:40,704 INFO Server -> Test: Loss 1.671 | Accuracy = 70.310
2022-02-07 02:25:40,746 INFO ROUND 271
2022-02-07 02:26:06,416 INFO ROUND 272
2022-02-07 02:26:31,721 INFO ROUND 273
2022-02-07 02:26:56,798 INFO ROUND 274
2022-02-07 02:27:21,995 INFO ROUND 275
2022-02-07 02:27:56,312 INFO Server -> Train: Loss 0.016 | Accuracy = 99.932
2022-02-07 02:27:58,174 INFO Server -> Test: Loss 1.703 | Accuracy = 70.650
2022-02-07 02:27:58,207 INFO ROUND 276
2022-02-07 02:28:23,667 INFO ROUND 277
2022-02-07 02:28:49,220 INFO ROUND 278
2022-02-07 02:29:14,921 INFO ROUND 279
2022-02-07 02:29:40,767 INFO ROUND 280
2022-02-07 02:30:15,533 INFO Server -> Train: Loss 0.015 | Accuracy = 99.952
2022-02-07 02:30:17,410 INFO Server -> Test: Loss 1.715 | Accuracy = 70.420
2022-02-07 02:30:17,442 INFO ROUND 281
2022-02-07 02:30:43,619 INFO ROUND 282
2022-02-07 02:31:09,714 INFO ROUND 283
2022-02-07 02:31:36,134 INFO ROUND 284
2022-02-07 02:32:02,564 INFO ROUND 285
2022-02-07 02:32:37,914 INFO Server -> Train: Loss 0.015 | Accuracy = 99.968
2022-02-07 02:32:39,801 INFO Server -> Test: Loss 1.738 | Accuracy = 70.230
2022-02-07 02:32:39,836 INFO ROUND 286
2022-02-07 02:33:06,582 INFO ROUND 287
2022-02-07 02:33:33,318 INFO ROUND 288
2022-02-07 02:34:00,262 INFO ROUND 289
2022-02-07 02:34:27,290 INFO ROUND 290
2022-02-07 02:35:03,054 INFO Server -> Train: Loss 0.013 | Accuracy = 99.962
2022-02-07 02:35:04,946 INFO Server -> Test: Loss 1.733 | Accuracy = 70.440
2022-02-07 02:35:04,979 INFO ROUND 291
2022-02-07 02:35:32,174 INFO ROUND 292
2022-02-07 02:35:59,586 INFO ROUND 293
2022-02-07 02:36:27,016 INFO ROUND 294
2022-02-07 02:36:54,772 INFO ROUND 295
2022-02-07 02:37:31,193 INFO Server -> Train: Loss 0.013 | Accuracy = 99.974
2022-02-07 02:37:33,063 INFO Server -> Test: Loss 1.768 | Accuracy = 70.370
2022-02-07 02:37:33,095 INFO ROUND 296
2022-02-07 02:38:01,010 INFO ROUND 297
2022-02-07 02:38:28,958 INFO ROUND 298
2022-02-07 02:38:57,087 INFO ROUND 299
2022-02-07 02:39:26,619 INFO ROUND 300
2022-02-07 02:40:03,751 INFO Server -> Train: Loss 0.014 | Accuracy = 99.974
2022-02-07 02:40:05,646 INFO Server -> Test: Loss 1.741 | Accuracy = 70.120
2022-02-07 02:40:05,678 INFO ROUND 301
2022-02-07 02:40:34,106 INFO ROUND 302
2022-02-07 02:41:02,475 INFO ROUND 303
2022-02-07 02:41:30,884 INFO ROUND 304
2022-02-07 02:41:59,401 INFO ROUND 305
2022-02-07 02:42:37,083 INFO Server -> Train: Loss 0.012 | Accuracy = 99.982
2022-02-07 02:42:38,999 INFO Server -> Test: Loss 1.745 | Accuracy = 70.420
2022-02-07 02:42:39,032 INFO ROUND 306
2022-02-07 02:43:08,014 INFO ROUND 307
2022-02-07 02:43:37,068 INFO ROUND 308
2022-02-07 02:44:06,194 INFO ROUND 309
2022-02-07 02:44:35,393 INFO ROUND 310
2022-02-07 02:45:13,351 INFO Server -> Train: Loss 0.011 | Accuracy = 99.994
2022-02-07 02:45:15,241 INFO Server -> Test: Loss 1.774 | Accuracy = 70.570
2022-02-07 02:45:15,272 INFO ROUND 311
2022-02-07 02:45:44,594 INFO ROUND 312
2022-02-07 02:46:14,038 INFO ROUND 313
2022-02-07 02:46:43,850 INFO ROUND 314
2022-02-07 02:47:13,672 INFO ROUND 315
2022-02-07 02:47:52,766 INFO Server -> Train: Loss 0.011 | Accuracy = 99.994
2022-02-07 02:47:54,696 INFO Server -> Test: Loss 1.771 | Accuracy = 70.580
2022-02-07 02:47:54,728 INFO ROUND 316
2022-02-07 02:48:26,463 INFO ROUND 317
2022-02-07 02:48:57,464 INFO ROUND 318
2022-02-07 02:49:28,612 INFO ROUND 319
2022-02-07 02:49:59,047 INFO ROUND 320
2022-02-07 02:50:38,210 INFO Server -> Train: Loss 0.011 | Accuracy = 99.970
2022-02-07 02:50:40,129 INFO Server -> Test: Loss 1.758 | Accuracy = 70.420
2022-02-07 02:50:40,175 INFO ROUND 321
2022-02-07 02:51:10,744 INFO ROUND 322
2022-02-07 02:51:41,352 INFO ROUND 323
2022-02-07 02:52:12,151 INFO ROUND 324
2022-02-07 02:52:42,979 INFO ROUND 325
2022-02-07 02:53:22,874 INFO Server -> Train: Loss 0.010 | Accuracy = 99.984
2022-02-07 02:53:24,778 INFO Server -> Test: Loss 1.772 | Accuracy = 70.540
2022-02-07 02:53:24,810 INFO ROUND 326
2022-02-07 02:53:56,062 INFO ROUND 327
2022-02-07 02:54:27,374 INFO ROUND 328
2022-02-07 02:54:58,783 INFO ROUND 329
2022-02-07 02:55:30,303 INFO ROUND 330
2022-02-07 02:56:10,596 INFO Server -> Train: Loss 0.009 | Accuracy = 99.998
2022-02-07 02:56:12,531 INFO Server -> Test: Loss 1.772 | Accuracy = 70.530
2022-02-07 02:56:12,562 INFO ROUND 331
2022-02-07 02:56:44,517 INFO ROUND 332
2022-02-07 02:57:18,830 INFO ROUND 333
2022-02-07 02:57:50,891 INFO ROUND 334
2022-02-07 02:58:23,143 INFO ROUND 335
2022-02-07 02:59:04,912 INFO Server -> Train: Loss 0.009 | Accuracy = 99.998
2022-02-07 02:59:06,872 INFO Server -> Test: Loss 1.781 | Accuracy = 70.600
2022-02-07 02:59:06,905 INFO ROUND 336
2022-02-07 02:59:39,916 INFO ROUND 337
2022-02-07 03:00:12,559 INFO ROUND 338
2022-02-07 03:00:45,201 INFO ROUND 339
2022-02-07 03:01:18,160 INFO ROUND 340
2022-02-07 03:01:59,826 INFO Server -> Train: Loss 0.009 | Accuracy = 99.998
2022-02-07 03:02:01,791 INFO Server -> Test: Loss 1.770 | Accuracy = 70.540
2022-02-07 03:02:01,822 INFO ROUND 341
2022-02-07 03:02:35,088 INFO ROUND 342
2022-02-07 03:03:08,222 INFO ROUND 343
2022-02-07 03:03:41,452 INFO ROUND 344
2022-02-07 03:04:15,067 INFO ROUND 345
2022-02-07 03:04:57,145 INFO Server -> Train: Loss 0.009 | Accuracy = 99.998
2022-02-07 03:04:59,096 INFO Server -> Test: Loss 1.771 | Accuracy = 70.500
2022-02-07 03:04:59,127 INFO ROUND 346
2022-02-07 10:24:47,126 INFO ('Client samples sizes:', array([1443, 1485,  960,  839, 1076, 1174,  811,  621,  744, 1206, 1274,
       1322, 1362, 1153,  945,  769,  945,  798, 1033,  912, 1400, 1066,
       1192,  951, 1271,  870,  757, 1051,  751,  914, 1319,  355, 1003,
       1264, 1092, 1294,  830, 1350,  829,  473, 1011,  758,  907,  722,
        811, 1097, 1165,  891,  975,  760]), 'total:', 50001)
2022-02-07 10:24:59,149 INFO ROUND 346
2022-02-07 10:25:24,426 INFO ROUND 347
2022-02-07 10:25:47,989 INFO ROUND 348
2022-02-07 10:26:11,809 INFO ROUND 349
2022-02-07 10:26:35,499 INFO ROUND 350
2022-02-07 10:27:08,427 INFO Server -> Train: Loss 0.011 | Accuracy = 99.986
2022-02-07 10:27:10,630 INFO Server -> Test: Loss 1.677 | Accuracy = 70.450
2022-02-07 10:27:10,909 INFO ROUND 351
2022-02-07 10:27:35,088 INFO ROUND 352
2022-02-07 10:27:59,716 INFO ROUND 353
2022-02-07 10:28:24,197 INFO ROUND 354
2022-02-07 10:28:48,644 INFO ROUND 355
2022-02-07 10:29:22,653 INFO Server -> Train: Loss 0.009 | Accuracy = 99.992
2022-02-07 10:29:24,640 INFO Server -> Test: Loss 1.696 | Accuracy = 70.790
2022-02-07 10:29:24,692 INFO ROUND 356
2022-02-07 10:29:49,747 INFO ROUND 357
2022-02-07 10:30:14,216 INFO ROUND 358
2022-02-07 10:30:38,654 INFO ROUND 359
2022-02-07 10:31:03,246 INFO ROUND 360
2022-02-07 10:31:36,413 INFO Server -> Train: Loss 0.009 | Accuracy = 99.996
2022-02-07 10:31:38,270 INFO Server -> Test: Loss 1.722 | Accuracy = 70.490
2022-02-07 10:31:38,317 INFO ROUND 361
2022-02-07 10:32:02,728 INFO ROUND 362
2022-02-07 10:32:27,447 INFO ROUND 363
2022-02-07 10:32:52,024 INFO ROUND 364
2022-02-07 10:33:16,976 INFO ROUND 365
2022-02-07 10:33:51,658 INFO Server -> Train: Loss 0.008 | Accuracy = 99.990
2022-02-07 10:33:53,525 INFO Server -> Test: Loss 1.737 | Accuracy = 70.660
2022-02-07 10:33:53,573 INFO ROUND 366
2022-02-07 10:34:18,584 INFO ROUND 367
2022-02-07 10:34:43,687 INFO ROUND 368
2022-02-07 10:35:08,788 INFO ROUND 369
2022-02-07 10:35:34,018 INFO ROUND 370
2022-02-07 10:36:08,955 INFO Server -> Train: Loss 0.008 | Accuracy = 99.994
2022-02-07 10:36:10,925 INFO Server -> Test: Loss 1.727 | Accuracy = 70.610
2022-02-07 10:36:10,972 INFO ROUND 371
2022-02-07 10:36:37,144 INFO ROUND 372
2022-02-07 10:37:03,162 INFO ROUND 373
2022-02-07 10:37:29,614 INFO ROUND 374
2022-02-07 10:37:55,897 INFO ROUND 375
2022-02-07 10:38:31,513 INFO Server -> Train: Loss 0.007 | Accuracy = 100.000
2022-02-07 10:38:33,466 INFO Server -> Test: Loss 1.737 | Accuracy = 70.650
2022-02-07 10:38:33,513 INFO ROUND 376
2022-02-07 10:38:59,741 INFO ROUND 377
2022-02-07 10:39:26,244 INFO ROUND 378
2022-02-07 10:39:54,113 INFO ROUND 379
2022-02-07 10:40:22,072 INFO ROUND 380
2022-02-07 10:40:59,114 INFO Server -> Train: Loss 0.007 | Accuracy = 100.000
2022-02-07 10:41:01,094 INFO Server -> Test: Loss 1.737 | Accuracy = 70.750
2022-02-07 10:41:01,141 INFO ROUND 381
2022-02-07 10:41:28,329 INFO ROUND 382
2022-02-07 10:41:55,650 INFO ROUND 383
2022-02-07 10:42:23,080 INFO ROUND 384
2022-02-07 10:42:50,828 INFO ROUND 385
2022-02-07 10:43:27,786 INFO Server -> Train: Loss 0.007 | Accuracy = 100.000
2022-02-07 10:43:29,763 INFO Server -> Test: Loss 1.740 | Accuracy = 70.760
2022-02-07 10:43:29,813 INFO ROUND 386
2022-02-07 10:43:58,114 INFO ROUND 387
2022-02-07 10:44:26,465 INFO ROUND 388
2022-02-07 10:44:54,884 INFO ROUND 389
2022-02-07 10:45:23,450 INFO ROUND 390
2022-02-07 10:46:01,064 INFO Server -> Train: Loss 0.007 | Accuracy = 100.000
2022-02-07 10:46:03,083 INFO Server -> Test: Loss 1.750 | Accuracy = 70.720
2022-02-07 10:46:03,149 INFO ROUND 391
2022-02-07 10:46:31,688 INFO ROUND 392
2022-02-07 10:47:00,256 INFO ROUND 393
2022-02-07 10:47:28,869 INFO ROUND 394
2022-02-07 10:47:57,700 INFO ROUND 395
2022-02-07 10:48:35,168 INFO Server -> Train: Loss 0.007 | Accuracy = 100.000
2022-02-07 10:48:37,059 INFO Server -> Test: Loss 1.750 | Accuracy = 70.680
2022-02-07 10:48:37,106 INFO ROUND 396
2022-02-07 10:49:07,273 INFO ROUND 397
2022-02-07 10:49:36,129 INFO ROUND 398
2022-02-07 10:50:04,879 INFO ROUND 399
2022-02-07 10:50:34,023 INFO ROUND 400
2022-02-07 10:51:12,199 INFO Server -> Train: Loss 0.007 | Accuracy = 100.000
2022-02-07 10:51:14,108 INFO Server -> Test: Loss 1.761 | Accuracy = 70.880
2022-02-07 10:51:14,154 INFO ROUND 401
2022-02-07 10:51:43,229 INFO ROUND 402
2022-02-07 10:52:12,531 INFO ROUND 403
2022-02-07 10:52:41,958 INFO ROUND 404
2022-02-07 10:53:11,435 INFO ROUND 405
2022-02-07 10:53:49,813 INFO Server -> Train: Loss 0.007 | Accuracy = 100.000
2022-02-07 10:53:51,764 INFO Server -> Test: Loss 1.757 | Accuracy = 70.960
2022-02-07 10:53:51,810 INFO ROUND 406
2022-02-07 10:54:21,433 INFO ROUND 407
2022-02-07 10:54:51,157 INFO ROUND 408
2022-02-07 10:55:21,168 INFO ROUND 409
2022-02-07 10:55:51,078 INFO ROUND 410
2022-02-07 10:56:30,309 INFO Server -> Train: Loss 0.007 | Accuracy = 100.000
2022-02-07 10:56:32,282 INFO Server -> Test: Loss 1.745 | Accuracy = 70.660
2022-02-07 10:56:32,334 INFO ROUND 411
2022-02-07 10:57:02,703 INFO ROUND 412
2022-02-07 10:57:33,238 INFO ROUND 413
2022-02-07 10:58:03,748 INFO ROUND 414
2022-02-07 10:58:34,625 INFO ROUND 415
2022-02-07 10:59:14,277 INFO Server -> Train: Loss 0.007 | Accuracy = 100.000
2022-02-07 10:59:16,211 INFO Server -> Test: Loss 1.753 | Accuracy = 70.850
2022-02-07 10:59:16,262 INFO ROUND 416
2022-02-07 10:59:46,821 INFO ROUND 417
2022-02-07 11:00:18,031 INFO ROUND 418
2022-02-07 11:00:49,520 INFO ROUND 419
2022-02-07 11:01:21,036 INFO ROUND 420
2022-02-07 11:02:02,299 INFO Server -> Train: Loss 0.007 | Accuracy = 100.000
2022-02-07 11:02:04,345 INFO Server -> Test: Loss 1.743 | Accuracy = 70.870
2022-02-07 11:02:04,393 INFO ROUND 421
2022-02-07 11:02:36,738 INFO ROUND 422
2022-02-07 11:03:09,033 INFO ROUND 423
2022-02-07 11:03:41,726 INFO ROUND 424
2022-02-07 11:04:14,517 INFO ROUND 425
2022-02-07 11:04:56,587 INFO Server -> Train: Loss 0.007 | Accuracy = 100.000
2022-02-07 11:04:58,725 INFO Server -> Test: Loss 1.740 | Accuracy = 70.740
2022-02-07 11:04:58,776 INFO ROUND 426
2022-02-07 11:05:31,601 INFO ROUND 427
2022-02-07 11:06:04,866 INFO ROUND 428
2022-02-07 11:06:37,720 INFO ROUND 429
2022-02-07 11:07:10,904 INFO ROUND 430
2022-02-07 11:07:53,583 INFO Server -> Train: Loss 0.007 | Accuracy = 100.000
2022-02-07 11:07:55,622 INFO Server -> Test: Loss 1.735 | Accuracy = 70.800
2022-02-07 11:07:55,671 INFO ROUND 431
2022-02-07 11:08:31,181 INFO ROUND 432
2022-02-07 11:09:04,846 INFO ROUND 433
2022-02-07 11:09:38,598 INFO ROUND 434
2022-02-07 11:10:12,352 INFO ROUND 435
2022-02-07 11:10:55,687 INFO Server -> Train: Loss 0.007 | Accuracy = 100.000
2022-02-07 11:10:57,738 INFO Server -> Test: Loss 1.712 | Accuracy = 70.820
2022-02-07 11:10:57,785 INFO ROUND 436
2022-02-07 11:11:31,881 INFO ROUND 437
2022-02-07 11:12:06,268 INFO ROUND 438
2022-02-07 11:12:40,749 INFO ROUND 439
2022-02-07 11:13:15,162 INFO ROUND 440
2022-02-07 11:13:58,989 INFO Server -> Train: Loss 0.007 | Accuracy = 99.998
2022-02-07 11:14:01,002 INFO Server -> Test: Loss 1.720 | Accuracy = 70.550
2022-02-07 11:14:01,051 INFO ROUND 441
2022-02-07 11:14:35,753 INFO ROUND 442
2022-02-07 11:15:10,668 INFO ROUND 443
2022-02-07 11:15:45,528 INFO ROUND 444
2022-02-07 11:16:20,595 INFO ROUND 445
2022-02-07 11:17:05,185 INFO Server -> Train: Loss 0.007 | Accuracy = 99.998
2022-02-07 11:17:07,262 INFO Server -> Test: Loss 1.717 | Accuracy = 70.880
2022-02-07 11:17:07,330 INFO ROUND 446
2022-02-07 11:17:42,554 INFO ROUND 447
2022-02-07 11:18:17,457 INFO ROUND 448
2022-02-07 11:18:52,577 INFO ROUND 449
2022-02-07 11:19:28,022 INFO ROUND 450
2022-02-07 11:20:12,508 INFO Server -> Train: Loss 0.007 | Accuracy = 100.000
2022-02-07 11:20:14,576 INFO Server -> Test: Loss 1.690 | Accuracy = 70.820
2022-02-07 11:20:14,624 INFO ROUND 451
2022-02-07 11:20:50,386 INFO ROUND 452
2022-02-07 11:21:26,105 INFO ROUND 453
2022-02-07 11:22:01,790 INFO ROUND 454
2022-02-07 11:22:37,512 INFO ROUND 455
2022-02-07 11:23:22,577 INFO Server -> Train: Loss 0.007 | Accuracy = 99.998
2022-02-07 11:23:24,605 INFO Server -> Test: Loss 1.699 | Accuracy = 70.900
2022-02-07 11:23:24,673 INFO ROUND 456
2022-02-07 11:24:00,925 INFO ROUND 457
2022-02-07 11:24:37,401 INFO ROUND 458
2022-02-07 11:25:13,813 INFO ROUND 459
2022-02-07 11:25:50,337 INFO ROUND 460
2022-02-07 11:26:36,085 INFO Server -> Train: Loss 0.007 | Accuracy = 100.000
2022-02-07 11:26:38,203 INFO Server -> Test: Loss 1.685 | Accuracy = 70.680
2022-02-07 11:26:38,251 INFO ROUND 461
2022-02-07 11:27:15,145 INFO ROUND 462
2022-02-07 11:27:51,880 INFO ROUND 463
2022-02-07 11:28:28,952 INFO ROUND 464
2022-02-07 11:29:05,973 INFO ROUND 465
2022-02-07 11:29:52,504 INFO Server -> Train: Loss 0.009 | Accuracy = 99.984
2022-02-07 11:29:54,637 INFO Server -> Test: Loss 1.637 | Accuracy = 70.380
2022-02-07 11:29:54,686 INFO ROUND 466
2022-02-07 11:30:32,626 INFO ROUND 467
2022-02-07 11:31:10,700 INFO ROUND 468
2022-02-07 11:31:48,995 INFO ROUND 469
2022-02-07 11:32:27,500 INFO ROUND 470
2022-02-07 11:33:15,296 INFO Server -> Train: Loss 0.007 | Accuracy = 100.000
2022-02-07 11:33:17,437 INFO Server -> Test: Loss 1.650 | Accuracy = 70.740
2022-02-07 11:33:17,485 INFO ROUND 471
