2022-02-09 12:12:38,471 INFO Client samples sizes: [1000 1000 1000 1000 1000 1000 1000 1000 1000 1000 1000 1000 1000 1000
 1000 1000 1000 1000 1000 1000 1000 1000 1000 1000 1000 1000 1000 1000
 1000 1000 1000 1000 1000 1000 1000 1000 1000 1000 1000 1000 1000 1000
 1000 1000 1000 1000 1000 1000 1000 1000], total: 50000
2022-02-09 12:12:49,598 INFO ROUND 1
2022-02-09 12:13:12,939 INFO ROUND 2
2022-02-09 12:13:36,486 INFO ROUND 3
2022-02-09 12:13:59,873 INFO ROUND 4
2022-02-09 12:14:23,261 INFO ROUND 5
2022-02-09 12:14:55,738 INFO Server -> Train: Loss 1.886 | Accuracy = 30.586
2022-02-09 12:14:57,633 INFO Server -> Test: Loss 1.879 | Accuracy = 32.080
2022-02-09 12:14:57,680 INFO ROUND 6
2022-02-09 12:15:21,202 INFO ROUND 7
2022-02-09 12:15:44,821 INFO ROUND 8
2022-02-09 12:16:08,495 INFO ROUND 9
2022-02-09 12:16:32,212 INFO ROUND 10
2022-02-09 12:17:04,958 INFO Server -> Train: Loss 1.572 | Accuracy = 42.872
2022-02-09 12:17:06,855 INFO Server -> Test: Loss 1.570 | Accuracy = 42.690
2022-02-09 12:17:06,908 INFO ROUND 11
2022-02-09 12:17:30,852 INFO ROUND 12
2022-02-09 12:17:54,968 INFO ROUND 13
2022-02-09 12:18:19,031 INFO ROUND 14
2022-02-09 12:18:43,047 INFO ROUND 15
2022-02-09 12:19:15,959 INFO Server -> Train: Loss 1.447 | Accuracy = 46.958
2022-02-09 12:19:17,840 INFO Server -> Test: Loss 1.454 | Accuracy = 46.770
2022-02-09 12:19:17,887 INFO ROUND 16
2022-02-09 12:19:42,150 INFO ROUND 17
2022-02-09 12:20:06,297 INFO ROUND 18
2022-02-09 12:20:30,586 INFO ROUND 19
2022-02-09 12:20:55,018 INFO ROUND 20
2022-02-09 12:21:28,391 INFO Server -> Train: Loss 1.387 | Accuracy = 49.294
2022-02-09 12:21:30,469 INFO Server -> Test: Loss 1.402 | Accuracy = 49.090
2022-02-09 12:21:30,522 INFO ROUND 21
2022-02-09 12:21:56,166 INFO ROUND 22
2022-02-09 12:22:20,837 INFO ROUND 23
2022-02-09 12:22:45,606 INFO ROUND 24
2022-02-09 12:23:10,329 INFO ROUND 25
2022-02-09 12:23:44,388 INFO Server -> Train: Loss 1.271 | Accuracy = 53.640
2022-02-09 12:23:46,275 INFO Server -> Test: Loss 1.297 | Accuracy = 53.160
2022-02-09 12:23:46,323 INFO ROUND 26
2022-02-09 12:24:11,651 INFO ROUND 27
2022-02-09 12:24:36,882 INFO ROUND 28
2022-02-09 12:25:02,154 INFO ROUND 29
2022-02-09 12:25:27,701 INFO ROUND 30
2022-02-09 12:26:02,364 INFO Server -> Train: Loss 1.175 | Accuracy = 57.624
2022-02-09 12:26:04,282 INFO Server -> Test: Loss 1.205 | Accuracy = 56.410
2022-02-09 12:26:04,329 INFO ROUND 31
2022-02-09 12:26:29,911 INFO ROUND 32
2022-02-09 12:26:55,563 INFO ROUND 33
2022-02-09 12:27:21,456 INFO ROUND 34
2022-02-09 12:27:47,384 INFO ROUND 35
2022-02-09 12:28:22,145 INFO Server -> Train: Loss 1.134 | Accuracy = 59.472
2022-02-09 12:28:24,040 INFO Server -> Test: Loss 1.176 | Accuracy = 57.780
2022-02-09 12:28:24,098 INFO ROUND 36
2022-02-09 12:28:50,284 INFO ROUND 37
2022-02-09 12:29:16,446 INFO ROUND 38
2022-02-09 12:29:42,739 INFO ROUND 39
2022-02-09 12:30:09,455 INFO ROUND 40
2022-02-09 12:30:44,940 INFO Server -> Train: Loss 1.086 | Accuracy = 61.002
2022-02-09 12:30:46,814 INFO Server -> Test: Loss 1.140 | Accuracy = 59.230
2022-02-09 12:30:46,864 INFO ROUND 41
2022-02-09 12:31:13,634 INFO ROUND 42
2022-02-09 12:31:40,542 INFO ROUND 43
2022-02-09 12:32:07,469 INFO ROUND 44
2022-02-09 12:32:34,487 INFO ROUND 45
2022-02-09 12:33:10,730 INFO Server -> Train: Loss 0.996 | Accuracy = 64.516
2022-02-09 12:33:12,643 INFO Server -> Test: Loss 1.067 | Accuracy = 62.160
2022-02-09 12:33:12,717 INFO ROUND 46
2022-02-09 12:33:40,210 INFO ROUND 47
2022-02-09 12:34:07,739 INFO ROUND 48
2022-02-09 12:34:35,381 INFO ROUND 49
2022-02-09 12:35:03,185 INFO ROUND 50
2022-02-09 12:35:40,128 INFO Server -> Train: Loss 0.970 | Accuracy = 65.032
2022-02-09 12:35:42,022 INFO Server -> Test: Loss 1.057 | Accuracy = 62.440
2022-02-09 12:35:42,070 INFO ROUND 51
2022-02-09 12:36:10,204 INFO ROUND 52
2022-02-09 12:36:38,230 INFO ROUND 53
2022-02-09 12:37:06,587 INFO ROUND 54
2022-02-09 12:37:36,624 INFO ROUND 55
2022-02-09 12:38:13,962 INFO Server -> Train: Loss 0.896 | Accuracy = 68.376
2022-02-09 12:38:15,877 INFO Server -> Test: Loss 1.003 | Accuracy = 65.240
2022-02-09 12:38:15,924 INFO ROUND 56
2022-02-09 12:38:44,519 INFO ROUND 57
2022-02-09 12:39:13,194 INFO ROUND 58
2022-02-09 12:39:42,034 INFO ROUND 59
2022-02-09 12:40:10,822 INFO ROUND 60
2022-02-09 12:40:48,778 INFO Server -> Train: Loss 0.870 | Accuracy = 68.876
2022-02-09 12:40:50,717 INFO Server -> Test: Loss 1.002 | Accuracy = 64.780
2022-02-09 12:40:50,763 INFO ROUND 61
2022-02-09 12:41:19,946 INFO ROUND 62
2022-02-09 12:41:49,163 INFO ROUND 63
2022-02-09 12:42:18,587 INFO ROUND 64
2022-02-09 12:42:48,021 INFO ROUND 65
2022-02-09 12:43:26,404 INFO Server -> Train: Loss 0.816 | Accuracy = 70.882
2022-02-09 12:43:28,345 INFO Server -> Test: Loss 0.977 | Accuracy = 65.980
2022-02-09 12:43:28,393 INFO ROUND 66
2022-02-09 12:43:58,116 INFO ROUND 67
2022-02-09 12:44:27,776 INFO ROUND 68
2022-02-09 12:44:57,920 INFO ROUND 69
2022-02-09 12:45:27,936 INFO ROUND 70
2022-02-09 12:46:07,056 INFO Server -> Train: Loss 0.801 | Accuracy = 71.912
2022-02-09 12:46:08,986 INFO Server -> Test: Loss 0.996 | Accuracy = 66.100
2022-02-09 12:46:09,035 INFO ROUND 71
2022-02-09 12:46:39,662 INFO ROUND 72
2022-02-09 12:47:10,180 INFO ROUND 73
2022-02-09 12:47:40,746 INFO ROUND 74
2022-02-09 12:48:11,467 INFO ROUND 75
2022-02-09 12:48:51,164 INFO Server -> Train: Loss 0.732 | Accuracy = 74.114
2022-02-09 12:48:53,122 INFO Server -> Test: Loss 0.949 | Accuracy = 67.920
2022-02-09 12:48:53,168 INFO ROUND 76
2022-02-09 12:49:24,209 INFO ROUND 77
2022-02-09 12:49:55,332 INFO ROUND 78
2022-02-09 12:50:26,612 INFO ROUND 79
2022-02-09 12:50:57,888 INFO ROUND 80
2022-02-09 12:51:38,348 INFO Server -> Train: Loss 0.673 | Accuracy = 76.202
2022-02-09 12:51:40,313 INFO Server -> Test: Loss 0.925 | Accuracy = 68.820
2022-02-09 12:51:40,359 INFO ROUND 81
2022-02-09 12:52:12,032 INFO ROUND 82
2022-02-09 12:52:43,818 INFO ROUND 83
2022-02-09 12:53:15,762 INFO ROUND 84
2022-02-09 12:53:47,740 INFO ROUND 85
2022-02-09 12:54:28,715 INFO Server -> Train: Loss 0.632 | Accuracy = 77.686
2022-02-09 12:54:30,679 INFO Server -> Test: Loss 0.930 | Accuracy = 69.360
2022-02-09 12:54:30,726 INFO ROUND 86
2022-02-09 12:55:03,077 INFO ROUND 87
2022-02-09 12:55:35,390 INFO ROUND 88
2022-02-09 12:56:07,897 INFO ROUND 89
2022-02-09 12:56:42,460 INFO ROUND 90
2022-02-09 12:57:24,595 INFO Server -> Train: Loss 0.597 | Accuracy = 78.910
2022-02-09 12:57:26,586 INFO Server -> Test: Loss 0.923 | Accuracy = 69.820
2022-02-09 12:57:26,633 INFO ROUND 91
2022-02-09 12:57:59,891 INFO ROUND 92
2022-02-09 12:58:33,129 INFO ROUND 93
2022-02-09 12:59:06,372 INFO ROUND 94
2022-02-09 12:59:39,817 INFO ROUND 95
2022-02-09 13:00:22,211 INFO Server -> Train: Loss 0.564 | Accuracy = 80.078
2022-02-09 13:00:24,217 INFO Server -> Test: Loss 0.920 | Accuracy = 69.720
2022-02-09 13:00:24,264 INFO ROUND 96
2022-02-09 13:00:57,906 INFO ROUND 97
2022-02-09 13:01:31,963 INFO ROUND 98
2022-02-09 13:02:06,066 INFO ROUND 99
2022-02-09 13:02:40,263 INFO ROUND 100
2022-02-09 13:03:23,650 INFO Server -> Train: Loss 0.532 | Accuracy = 81.238
2022-02-09 13:03:25,700 INFO Server -> Test: Loss 0.945 | Accuracy = 69.810
2022-02-09 13:03:25,754 INFO ROUND 101
2022-02-09 13:04:00,369 INFO ROUND 102
2022-02-09 13:04:34,941 INFO ROUND 103
2022-02-09 13:05:09,777 INFO ROUND 104
2022-02-09 13:05:44,662 INFO ROUND 105
2022-02-09 13:06:28,618 INFO Server -> Train: Loss 0.521 | Accuracy = 81.566
2022-02-09 13:06:30,681 INFO Server -> Test: Loss 0.964 | Accuracy = 69.070
2022-02-09 13:06:30,728 INFO ROUND 106
2022-02-09 13:07:06,222 INFO ROUND 107
2022-02-09 13:07:41,621 INFO ROUND 108
2022-02-09 13:08:17,076 INFO ROUND 109
2022-02-09 13:08:52,706 INFO ROUND 110
2022-02-09 13:09:37,520 INFO Server -> Train: Loss 0.471 | Accuracy = 83.248
2022-02-09 13:09:39,580 INFO Server -> Test: Loss 0.952 | Accuracy = 70.030
2022-02-09 13:09:39,641 INFO ROUND 111
2022-02-09 13:10:15,313 INFO ROUND 112
2022-02-09 13:10:50,981 INFO ROUND 113
2022-02-09 13:11:26,691 INFO ROUND 114
2022-02-09 13:12:02,576 INFO ROUND 115
2022-02-09 13:12:47,543 INFO Server -> Train: Loss 0.434 | Accuracy = 84.610
2022-02-09 13:12:49,538 INFO Server -> Test: Loss 0.970 | Accuracy = 69.890
2022-02-09 13:12:49,584 INFO ROUND 116
2022-02-09 13:13:25,632 INFO ROUND 117
2022-02-09 13:14:01,653 INFO ROUND 118
2022-02-09 13:14:37,943 INFO ROUND 119
2022-02-09 13:15:14,233 INFO ROUND 120
2022-02-09 13:15:59,573 INFO Server -> Train: Loss 0.401 | Accuracy = 85.746
2022-02-09 13:16:01,614 INFO Server -> Test: Loss 0.972 | Accuracy = 70.580
2022-02-09 13:16:01,680 INFO ROUND 121
2022-02-09 13:16:38,263 INFO ROUND 122
2022-02-09 13:17:14,862 INFO ROUND 123
2022-02-09 13:17:51,747 INFO ROUND 124
2022-02-09 13:18:28,790 INFO ROUND 125
2022-02-09 13:19:14,755 INFO Server -> Train: Loss 0.398 | Accuracy = 85.818
2022-02-09 13:19:16,778 INFO Server -> Test: Loss 1.012 | Accuracy = 70.150
2022-02-09 13:19:16,825 INFO ROUND 126
2022-02-09 13:19:54,024 INFO ROUND 127
2022-02-09 13:20:31,468 INFO ROUND 128
2022-02-09 13:21:09,327 INFO ROUND 129
2022-02-09 13:21:47,526 INFO ROUND 130
2022-02-09 13:22:34,353 INFO Server -> Train: Loss 0.386 | Accuracy = 86.336
2022-02-09 13:22:36,462 INFO Server -> Test: Loss 1.063 | Accuracy = 69.720
2022-02-09 13:22:36,527 INFO ROUND 131
2022-02-09 13:23:14,710 INFO ROUND 132
2022-02-09 13:23:54,709 INFO ROUND 133
2022-02-09 13:24:33,061 INFO ROUND 134
2022-02-09 13:25:11,571 INFO ROUND 135
2022-02-09 13:25:59,074 INFO Server -> Train: Loss 0.352 | Accuracy = 87.516
2022-02-09 13:26:01,106 INFO Server -> Test: Loss 1.065 | Accuracy = 70.020
2022-02-09 13:26:01,153 INFO ROUND 136
2022-02-09 13:26:39,881 INFO ROUND 137
2022-02-09 13:27:18,726 INFO ROUND 138
2022-02-09 13:27:57,812 INFO ROUND 139
2022-02-09 13:28:36,970 INFO ROUND 140
2022-02-09 13:29:25,423 INFO Server -> Train: Loss 0.355 | Accuracy = 87.482
2022-02-09 13:29:27,500 INFO Server -> Test: Loss 1.147 | Accuracy = 69.420
2022-02-09 13:29:27,565 INFO ROUND 141
2022-02-09 13:30:06,940 INFO ROUND 142
2022-02-09 13:30:46,654 INFO ROUND 143
2022-02-09 13:31:26,186 INFO ROUND 144
2022-02-09 13:32:05,953 INFO ROUND 145
2022-02-09 13:32:54,637 INFO Server -> Train: Loss 0.326 | Accuracy = 88.352
2022-02-09 13:32:56,772 INFO Server -> Test: Loss 1.125 | Accuracy = 68.940
2022-02-09 13:32:56,823 INFO ROUND 146
2022-02-09 13:33:37,101 INFO ROUND 147
2022-02-09 13:34:17,281 INFO ROUND 148
2022-02-09 13:34:57,748 INFO ROUND 149
2022-02-09 13:35:38,059 INFO ROUND 150
2022-02-09 13:36:27,647 INFO Server -> Train: Loss 0.272 | Accuracy = 90.638
2022-02-09 13:36:29,718 INFO Server -> Test: Loss 1.098 | Accuracy = 70.220
2022-02-09 13:36:29,779 INFO ROUND 151
2022-02-09 13:37:10,439 INFO ROUND 152
2022-02-09 13:37:51,108 INFO ROUND 153
2022-02-09 13:38:31,982 INFO ROUND 154
2022-02-09 13:39:12,958 INFO ROUND 155
2022-02-09 13:40:03,137 INFO Server -> Train: Loss 0.266 | Accuracy = 90.776
2022-02-09 13:40:05,228 INFO Server -> Test: Loss 1.160 | Accuracy = 70.010
2022-02-09 13:40:05,274 INFO ROUND 156
2022-02-09 13:40:46,556 INFO ROUND 157
2022-02-09 13:41:27,880 INFO ROUND 158
2022-02-09 13:42:09,370 INFO ROUND 159
2022-02-09 13:42:50,833 INFO ROUND 160
2022-02-09 13:43:41,803 INFO Server -> Train: Loss 0.256 | Accuracy = 90.940
2022-02-09 13:43:43,938 INFO Server -> Test: Loss 1.209 | Accuracy = 69.500
2022-02-09 13:43:43,987 INFO ROUND 161
2022-02-09 13:44:25,999 INFO ROUND 162
2022-02-09 13:45:07,954 INFO ROUND 163
2022-02-09 13:45:50,783 INFO ROUND 164
2022-02-09 13:46:33,235 INFO ROUND 165
2022-02-09 13:47:25,070 INFO Server -> Train: Loss 0.222 | Accuracy = 92.486
2022-02-09 13:47:27,191 INFO Server -> Test: Loss 1.183 | Accuracy = 70.300
2022-02-09 13:47:27,237 INFO ROUND 166
2022-02-09 13:48:10,305 INFO ROUND 167
2022-02-09 13:48:53,140 INFO ROUND 168
2022-02-09 13:49:36,326 INFO ROUND 169
2022-02-09 13:50:19,560 INFO ROUND 170
2022-02-09 13:51:12,222 INFO Server -> Train: Loss 0.212 | Accuracy = 92.668
2022-02-09 13:51:14,378 INFO Server -> Test: Loss 1.246 | Accuracy = 69.840
2022-02-09 13:51:14,444 INFO ROUND 171
2022-02-09 13:51:58,312 INFO ROUND 172
2022-02-09 13:52:42,257 INFO ROUND 173
2022-02-09 13:53:26,317 INFO ROUND 174
2022-02-09 13:54:10,580 INFO ROUND 175
2022-02-09 13:55:04,173 INFO Server -> Train: Loss 0.213 | Accuracy = 92.672
2022-02-09 13:55:06,318 INFO Server -> Test: Loss 1.270 | Accuracy = 69.990
2022-02-09 13:55:06,364 INFO ROUND 176
2022-02-09 13:55:50,943 INFO ROUND 177
2022-02-09 13:56:35,472 INFO ROUND 178
2022-02-09 13:57:20,079 INFO ROUND 179
2022-02-09 13:58:04,979 INFO ROUND 180
2022-02-09 13:58:59,177 INFO Server -> Train: Loss 0.191 | Accuracy = 93.548
2022-02-09 13:59:01,361 INFO Server -> Test: Loss 1.304 | Accuracy = 69.800
2022-02-09 13:59:01,420 INFO ROUND 181
2022-02-09 13:59:46,589 INFO ROUND 182
2022-02-09 14:00:31,337 INFO ROUND 183
2022-02-09 14:01:18,704 INFO ROUND 184
2022-02-09 14:02:03,803 INFO ROUND 185
2022-02-09 14:02:58,437 INFO Server -> Train: Loss 0.186 | Accuracy = 93.646
2022-02-09 14:03:00,568 INFO Server -> Test: Loss 1.319 | Accuracy = 69.790
2022-02-09 14:03:00,614 INFO ROUND 186
2022-02-09 14:03:45,790 INFO ROUND 187
2022-02-09 14:04:31,462 INFO ROUND 188
2022-02-09 14:05:16,591 INFO ROUND 189
2022-02-09 14:06:02,058 INFO ROUND 190
2022-02-09 14:06:56,658 INFO Server -> Train: Loss 0.162 | Accuracy = 94.692
2022-02-09 14:06:58,812 INFO Server -> Test: Loss 1.316 | Accuracy = 70.230
2022-02-09 14:06:58,860 INFO ROUND 191
2022-02-09 14:07:44,673 INFO ROUND 192
2022-02-09 14:08:30,456 INFO ROUND 193
2022-02-09 14:09:16,246 INFO ROUND 194
2022-02-09 14:10:02,233 INFO ROUND 195
2022-02-09 14:10:57,335 INFO Server -> Train: Loss 0.153 | Accuracy = 95.090
2022-02-09 14:10:59,478 INFO Server -> Test: Loss 1.353 | Accuracy = 70.070
2022-02-09 14:10:59,523 INFO ROUND 196
2022-02-09 14:11:45,899 INFO ROUND 197
2022-02-09 14:12:32,391 INFO ROUND 198
2022-02-09 14:13:19,235 INFO ROUND 199
2022-02-09 14:14:06,339 INFO ROUND 200
2022-02-09 14:15:02,509 INFO Server -> Train: Loss 0.167 | Accuracy = 94.282
2022-02-09 14:15:04,698 INFO Server -> Test: Loss 1.378 | Accuracy = 69.710
2022-02-09 14:15:04,745 INFO ROUND 201
2022-02-09 14:15:51,813 INFO ROUND 202
2022-02-09 14:16:38,729 INFO ROUND 203
2022-02-09 14:17:25,762 INFO ROUND 204
2022-02-09 14:18:13,043 INFO ROUND 205
2022-02-09 14:19:09,497 INFO Server -> Train: Loss 0.129 | Accuracy = 96.078
2022-02-09 14:19:11,703 INFO Server -> Test: Loss 1.389 | Accuracy = 69.880
2022-02-09 14:19:11,750 INFO ROUND 206
2022-02-09 14:19:59,331 INFO ROUND 207
2022-02-09 14:20:46,933 INFO ROUND 208
2022-02-09 14:21:34,840 INFO ROUND 209
2022-02-09 14:22:23,285 INFO ROUND 210
2022-02-09 14:23:20,681 INFO Server -> Train: Loss 0.177 | Accuracy = 93.752
2022-02-09 14:23:22,854 INFO Server -> Test: Loss 1.460 | Accuracy = 69.030
2022-02-09 14:23:22,901 INFO ROUND 211
2022-02-09 14:24:11,122 INFO ROUND 212
2022-02-09 14:24:59,466 INFO ROUND 213
2022-02-09 14:25:47,803 INFO ROUND 214
2022-02-09 14:26:36,154 INFO ROUND 215
2022-02-09 14:27:33,748 INFO Server -> Train: Loss 0.129 | Accuracy = 95.884
2022-02-09 14:27:35,937 INFO Server -> Test: Loss 1.430 | Accuracy = 70.170
2022-02-09 14:27:35,986 INFO ROUND 216
2022-02-09 14:28:24,635 INFO ROUND 217
2022-02-09 14:29:13,343 INFO ROUND 218
2022-02-09 14:30:02,323 INFO ROUND 219
2022-02-09 14:30:51,277 INFO ROUND 220
2022-02-09 14:31:49,422 INFO Server -> Train: Loss 0.123 | Accuracy = 96.210
2022-02-09 14:31:51,596 INFO Server -> Test: Loss 1.400 | Accuracy = 70.080
2022-02-09 14:31:51,643 INFO ROUND 221
2022-02-09 14:32:40,856 INFO ROUND 222
2022-02-09 14:33:30,168 INFO ROUND 223
2022-02-09 14:34:19,855 INFO ROUND 224
2022-02-09 14:35:09,733 INFO ROUND 225
2022-02-09 14:36:08,914 INFO Server -> Train: Loss 0.118 | Accuracy = 96.330
2022-02-09 14:36:11,099 INFO Server -> Test: Loss 1.449 | Accuracy = 69.710
2022-02-09 14:36:11,147 INFO ROUND 226
2022-02-09 14:37:01,530 INFO ROUND 227
2022-02-09 14:37:51,910 INFO ROUND 228
2022-02-09 14:38:42,487 INFO ROUND 229
2022-02-09 14:39:32,867 INFO ROUND 230
2022-02-09 14:40:32,600 INFO Server -> Train: Loss 0.110 | Accuracy = 96.660
2022-02-09 14:40:34,823 INFO Server -> Test: Loss 1.456 | Accuracy = 69.740
2022-02-09 14:40:34,872 INFO ROUND 231
2022-02-09 14:41:25,731 INFO ROUND 232
2022-02-09 14:42:16,496 INFO ROUND 233
2022-02-09 14:43:07,122 INFO ROUND 234
2022-02-09 14:43:58,481 INFO ROUND 235
2022-02-09 14:44:58,768 INFO Server -> Train: Loss 0.112 | Accuracy = 96.356
2022-02-09 14:45:01,001 INFO Server -> Test: Loss 1.534 | Accuracy = 69.860
2022-02-09 14:45:01,051 INFO ROUND 236
2022-02-09 14:45:52,766 INFO ROUND 237
2022-02-09 14:46:44,272 INFO ROUND 238
2022-02-09 14:47:36,191 INFO ROUND 239
2022-02-09 14:48:27,782 INFO ROUND 240
2022-02-09 14:49:28,655 INFO Server -> Train: Loss 0.101 | Accuracy = 97.000
2022-02-09 14:49:30,895 INFO Server -> Test: Loss 1.536 | Accuracy = 69.830
2022-02-09 14:49:30,941 INFO ROUND 241
2022-02-09 14:50:23,240 INFO ROUND 242
2022-02-09 14:51:15,330 INFO ROUND 243
2022-02-09 14:52:07,889 INFO ROUND 244
2022-02-09 14:53:00,399 INFO ROUND 245
2022-02-09 14:54:02,001 INFO Server -> Train: Loss 0.081 | Accuracy = 97.832
2022-02-09 14:54:04,278 INFO Server -> Test: Loss 1.524 | Accuracy = 70.000
2022-02-09 14:54:04,330 INFO ROUND 246
2022-02-09 14:54:56,787 INFO ROUND 247
2022-02-09 14:55:52,054 INFO ROUND 248
2022-02-09 14:56:44,644 INFO ROUND 249
2022-02-09 14:57:37,652 INFO ROUND 250
2022-02-09 14:58:39,751 INFO Server -> Train: Loss 0.067 | Accuracy = 98.508
2022-02-09 14:58:42,008 INFO Server -> Test: Loss 1.488 | Accuracy = 70.620
2022-02-09 14:58:42,055 INFO ROUND 251
2022-02-09 14:59:35,261 INFO ROUND 252
2022-02-09 15:00:28,311 INFO ROUND 253
2022-02-09 15:01:21,902 INFO ROUND 254
2022-02-09 15:02:15,402 INFO ROUND 255
2022-02-09 15:03:18,126 INFO Server -> Train: Loss 0.080 | Accuracy = 97.962
2022-02-09 15:03:20,419 INFO Server -> Test: Loss 1.501 | Accuracy = 69.880
2022-02-09 15:03:20,468 INFO ROUND 256
2022-02-09 15:04:14,138 INFO ROUND 257
2022-02-09 15:05:07,897 INFO ROUND 258
2022-02-09 15:06:01,891 INFO ROUND 259
2022-02-09 15:06:56,080 INFO ROUND 260
2022-02-09 15:07:59,498 INFO Server -> Train: Loss 0.068 | Accuracy = 98.446
2022-02-09 15:08:01,777 INFO Server -> Test: Loss 1.500 | Accuracy = 70.320
2022-02-09 15:08:01,824 INFO ROUND 261
2022-02-09 15:08:56,272 INFO ROUND 262
2022-02-09 15:09:50,615 INFO ROUND 263
2022-02-09 15:10:44,926 INFO ROUND 264
2022-02-09 15:11:39,474 INFO ROUND 265
2022-02-09 15:12:43,469 INFO Server -> Train: Loss 0.068 | Accuracy = 98.348
2022-02-09 15:12:45,787 INFO Server -> Test: Loss 1.519 | Accuracy = 70.480
2022-02-09 15:12:45,834 INFO ROUND 266
2022-02-09 15:13:40,840 INFO ROUND 267
2022-02-09 15:14:35,902 INFO ROUND 268
2022-02-09 15:15:30,796 INFO ROUND 269
2022-02-09 15:16:26,043 INFO ROUND 270
2022-02-09 15:17:30,908 INFO Server -> Train: Loss 0.081 | Accuracy = 97.776
2022-02-09 15:17:33,240 INFO Server -> Test: Loss 1.559 | Accuracy = 69.830
2022-02-09 15:17:33,287 INFO ROUND 271
2022-02-09 15:18:29,360 INFO ROUND 272
2022-02-09 15:19:25,599 INFO ROUND 273
2022-02-09 15:20:21,698 INFO ROUND 274
2022-02-09 15:21:18,066 INFO ROUND 275
2022-02-09 15:21:39,255 INFO Client samples sizes: [1000 1000 1000 1000 1000 1000 1000 1000 1000 1000 1000 1000 1000 1000
 1000 1000 1000 1000 1000 1000 1000 1000 1000 1000 1000 1000 1000 1000
 1000 1000 1000 1000 1000 1000 1000 1000 1000 1000 1000 1000 1000 1000
 1000 1000 1000 1000 1000 1000 1000 1000], total: 50000
2022-02-09 15:21:45,519 INFO ROUND 271
2022-02-09 15:22:10,319 INFO ROUND 272
2022-02-09 15:22:34,173 INFO ROUND 273
2022-02-09 15:22:58,330 INFO ROUND 274
2022-02-09 15:23:22,262 INFO ROUND 275
2022-02-09 15:23:55,523 INFO Server -> Train: Loss 0.058 | Accuracy = 99.062
2022-02-09 15:23:57,533 INFO Server -> Test: Loss 1.351 | Accuracy = 70.550
2022-02-09 15:23:57,581 INFO ROUND 276
2022-02-09 15:24:21,965 INFO ROUND 277
2022-02-09 15:24:46,220 INFO ROUND 278
2022-02-09 15:25:10,726 INFO ROUND 279
2022-02-09 15:25:35,404 INFO ROUND 280
2022-02-09 15:26:08,851 INFO Server -> Train: Loss 0.040 | Accuracy = 99.506
2022-02-09 15:26:10,723 INFO Server -> Test: Loss 1.437 | Accuracy = 70.680
2022-02-09 15:26:10,771 INFO ROUND 281
2022-02-09 15:26:35,485 INFO ROUND 282
2022-02-09 15:27:00,472 INFO ROUND 283
2022-02-09 15:27:25,377 INFO ROUND 284
2022-02-09 15:27:50,360 INFO ROUND 285
2022-02-09 15:28:24,095 INFO Server -> Train: Loss 0.033 | Accuracy = 99.634
2022-02-09 15:28:25,967 INFO Server -> Test: Loss 1.494 | Accuracy = 70.870
2022-02-09 15:28:26,024 INFO ROUND 286
2022-02-09 15:28:51,097 INFO ROUND 287
2022-02-09 15:29:16,323 INFO ROUND 288
2022-02-09 15:29:41,428 INFO ROUND 289
2022-02-09 15:30:06,615 INFO ROUND 290
2022-02-09 15:30:41,139 INFO Server -> Train: Loss 0.026 | Accuracy = 99.764
2022-02-09 15:30:43,142 INFO Server -> Test: Loss 1.546 | Accuracy = 71.030
2022-02-09 15:30:43,191 INFO ROUND 291
2022-02-09 15:31:10,250 INFO ROUND 292
2022-02-09 15:31:35,887 INFO ROUND 293
2022-02-09 15:32:01,769 INFO ROUND 294
2022-02-09 15:32:27,503 INFO ROUND 295
2022-02-09 15:33:02,053 INFO Server -> Train: Loss 0.022 | Accuracy = 99.832
2022-02-09 15:33:03,931 INFO Server -> Test: Loss 1.588 | Accuracy = 70.950
2022-02-09 15:33:03,989 INFO ROUND 296
2022-02-09 15:33:30,180 INFO ROUND 297
2022-02-09 15:33:56,383 INFO ROUND 298
2022-02-09 15:34:22,613 INFO ROUND 299
2022-02-09 15:34:48,930 INFO ROUND 300
2022-02-09 15:35:24,397 INFO Server -> Train: Loss 0.021 | Accuracy = 99.882
2022-02-09 15:35:26,297 INFO Server -> Test: Loss 1.592 | Accuracy = 70.950
2022-02-09 15:35:26,344 INFO ROUND 301
2022-02-09 15:35:52,848 INFO ROUND 302
2022-02-09 15:36:19,419 INFO ROUND 303
2022-02-09 15:36:46,172 INFO ROUND 304
2022-02-09 15:37:13,184 INFO ROUND 305
2022-02-09 15:37:49,147 INFO Server -> Train: Loss 0.018 | Accuracy = 99.914
2022-02-09 15:37:51,039 INFO Server -> Test: Loss 1.621 | Accuracy = 71.080
2022-02-09 15:37:51,103 INFO ROUND 306
2022-02-09 15:38:18,233 INFO ROUND 307
2022-02-09 15:38:45,476 INFO ROUND 308
2022-02-09 15:39:12,835 INFO ROUND 309
2022-02-09 15:39:40,299 INFO ROUND 310
2022-02-09 15:40:16,802 INFO Server -> Train: Loss 0.017 | Accuracy = 99.942
2022-02-09 15:40:18,702 INFO Server -> Test: Loss 1.660 | Accuracy = 70.900
2022-02-09 15:40:18,749 INFO ROUND 311
2022-02-09 15:40:46,486 INFO ROUND 312
2022-02-09 15:41:14,332 INFO ROUND 313
2022-02-09 15:41:42,301 INFO ROUND 314
2022-02-09 15:42:10,403 INFO ROUND 315
2022-02-09 15:42:47,535 INFO Server -> Train: Loss 0.016 | Accuracy = 99.928
2022-02-09 15:42:49,433 INFO Server -> Test: Loss 1.674 | Accuracy = 71.060
2022-02-09 15:42:49,495 INFO ROUND 316
2022-02-09 15:43:17,866 INFO ROUND 317
2022-02-09 15:43:46,123 INFO ROUND 318
2022-02-09 15:44:14,629 INFO ROUND 319
2022-02-09 15:44:43,142 INFO ROUND 320
2022-02-09 15:45:20,681 INFO Server -> Train: Loss 0.014 | Accuracy = 99.976
2022-02-09 15:45:22,596 INFO Server -> Test: Loss 1.672 | Accuracy = 71.030
2022-02-09 15:45:22,642 INFO ROUND 321
2022-02-09 15:45:51,494 INFO ROUND 322
2022-02-09 15:46:22,108 INFO ROUND 323
2022-02-09 15:46:51,212 INFO ROUND 324
2022-02-09 15:47:20,448 INFO ROUND 325
2022-02-09 15:47:58,635 INFO Server -> Train: Loss 0.013 | Accuracy = 99.976
2022-02-09 15:48:00,565 INFO Server -> Test: Loss 1.686 | Accuracy = 71.080
2022-02-09 15:48:00,629 INFO ROUND 326
2022-02-09 15:48:29,963 INFO ROUND 327
2022-02-09 15:48:59,448 INFO ROUND 328
2022-02-09 15:49:29,038 INFO ROUND 329
2022-02-09 15:49:58,883 INFO ROUND 330
2022-02-09 15:50:37,650 INFO Server -> Train: Loss 0.013 | Accuracy = 99.978
2022-02-09 15:50:39,585 INFO Server -> Test: Loss 1.666 | Accuracy = 71.090
2022-02-09 15:50:39,636 INFO ROUND 331
2022-02-09 15:51:09,776 INFO ROUND 332
2022-02-09 15:51:40,024 INFO ROUND 333
2022-02-09 15:52:10,835 INFO ROUND 334
2022-02-09 15:52:41,852 INFO ROUND 335
2022-02-09 15:53:21,331 INFO Server -> Train: Loss 0.013 | Accuracy = 99.990
2022-02-09 15:53:23,271 INFO Server -> Test: Loss 1.689 | Accuracy = 71.110
2022-02-09 15:53:23,334 INFO ROUND 336
2022-02-09 15:53:54,150 INFO ROUND 337
2022-02-09 15:54:24,956 INFO ROUND 338
2022-02-09 15:54:55,943 INFO ROUND 339
2022-02-09 15:55:27,038 INFO ROUND 340
2022-02-09 15:56:07,133 INFO Server -> Train: Loss 0.012 | Accuracy = 99.990
2022-02-09 15:56:09,092 INFO Server -> Test: Loss 1.694 | Accuracy = 71.040
2022-02-09 15:56:09,139 INFO ROUND 341
2022-02-09 15:56:40,460 INFO ROUND 342
2022-02-09 15:57:11,874 INFO ROUND 343
2022-02-09 15:57:43,494 INFO ROUND 344
2022-02-09 15:58:15,204 INFO ROUND 345
2022-02-09 15:58:55,793 INFO Server -> Train: Loss 0.011 | Accuracy = 99.990
2022-02-09 15:58:57,744 INFO Server -> Test: Loss 1.702 | Accuracy = 71.170
2022-02-09 15:58:57,813 INFO ROUND 346
2022-02-09 15:59:29,766 INFO ROUND 347
2022-02-09 16:00:01,769 INFO ROUND 348
2022-02-09 16:00:34,350 INFO ROUND 349
2022-02-09 16:01:06,682 INFO ROUND 350
2022-02-09 16:01:47,942 INFO Server -> Train: Loss 0.011 | Accuracy = 99.992
2022-02-09 16:01:49,888 INFO Server -> Test: Loss 1.708 | Accuracy = 71.160
2022-02-09 16:01:49,934 INFO ROUND 351
2022-02-09 16:02:22,563 INFO ROUND 352
2022-02-09 16:02:55,237 INFO ROUND 353
2022-02-09 16:03:28,146 INFO ROUND 354
2022-02-09 16:04:00,982 INFO ROUND 355
2022-02-09 16:04:42,717 INFO Server -> Train: Loss 0.011 | Accuracy = 99.996
2022-02-09 16:04:44,673 INFO Server -> Test: Loss 1.709 | Accuracy = 71.110
2022-02-09 16:04:44,735 INFO ROUND 356
2022-02-09 16:05:17,870 INFO ROUND 357
2022-02-09 16:05:53,054 INFO ROUND 358
2022-02-09 16:06:26,455 INFO ROUND 359
2022-02-09 16:06:59,980 INFO ROUND 360
2022-02-09 16:07:42,470 INFO Server -> Train: Loss 0.010 | Accuracy = 99.990
2022-02-09 16:07:44,452 INFO Server -> Test: Loss 1.715 | Accuracy = 71.140
2022-02-09 16:07:44,506 INFO ROUND 361
2022-02-09 16:08:18,581 INFO ROUND 362
2022-02-09 16:08:52,563 INFO ROUND 363
2022-02-09 16:09:26,726 INFO ROUND 364
2022-02-09 16:10:01,030 INFO ROUND 365
2022-02-09 16:10:44,328 INFO Server -> Train: Loss 0.010 | Accuracy = 100.000
2022-02-09 16:10:46,334 INFO Server -> Test: Loss 1.702 | Accuracy = 71.040
2022-02-09 16:10:46,390 INFO ROUND 366
2022-02-09 16:11:21,223 INFO ROUND 367
2022-02-09 16:11:55,842 INFO ROUND 368
2022-02-09 16:12:30,810 INFO ROUND 369
2022-02-09 16:13:05,687 INFO ROUND 370
2022-02-09 16:13:49,593 INFO Server -> Train: Loss 0.010 | Accuracy = 99.994
2022-02-09 16:13:51,618 INFO Server -> Test: Loss 1.702 | Accuracy = 70.980
2022-02-09 16:13:51,666 INFO ROUND 371
2022-02-09 16:14:26,936 INFO ROUND 372
2022-02-09 16:15:02,265 INFO ROUND 373
2022-02-09 16:15:37,568 INFO ROUND 374
2022-02-09 16:16:13,439 INFO ROUND 375
2022-02-09 16:16:57,951 INFO Server -> Train: Loss 0.010 | Accuracy = 99.998
2022-02-09 16:16:59,944 INFO Server -> Test: Loss 1.696 | Accuracy = 71.120
2022-02-09 16:16:59,994 INFO ROUND 376
2022-02-09 16:17:35,686 INFO ROUND 377
2022-02-09 16:18:11,478 INFO ROUND 378
2022-02-09 16:18:47,458 INFO ROUND 379
2022-02-09 16:19:23,541 INFO ROUND 380
2022-02-09 16:20:08,473 INFO Server -> Train: Loss 0.010 | Accuracy = 99.996
2022-02-09 16:20:10,488 INFO Server -> Test: Loss 1.695 | Accuracy = 71.030
2022-02-09 16:20:10,535 INFO ROUND 381
2022-02-09 16:20:46,942 INFO ROUND 382
2022-02-09 16:21:23,601 INFO ROUND 383
2022-02-09 16:22:00,273 INFO ROUND 384
2022-02-09 16:22:37,163 INFO ROUND 385
2022-02-09 16:23:22,797 INFO Server -> Train: Loss 0.010 | Accuracy = 99.998
2022-02-09 16:23:24,826 INFO Server -> Test: Loss 1.695 | Accuracy = 71.170
2022-02-09 16:23:24,877 INFO ROUND 386
2022-02-09 16:24:01,954 INFO ROUND 387
2022-02-09 16:24:39,029 INFO ROUND 388
2022-02-09 16:25:16,232 INFO ROUND 389
2022-02-09 16:25:53,675 INFO ROUND 390
2022-02-09 16:26:39,978 INFO Server -> Train: Loss 0.010 | Accuracy = 100.000
2022-02-09 16:26:41,999 INFO Server -> Test: Loss 1.674 | Accuracy = 71.070
2022-02-09 16:26:42,049 INFO ROUND 391
2022-02-09 16:27:19,820 INFO ROUND 392
2022-02-09 16:27:57,548 INFO ROUND 393
2022-02-09 16:28:35,490 INFO ROUND 394
2022-02-09 16:29:13,542 INFO ROUND 395
2022-02-09 16:30:00,552 INFO Server -> Train: Loss 0.010 | Accuracy = 99.998
2022-02-09 16:30:02,654 INFO Server -> Test: Loss 1.684 | Accuracy = 71.330
2022-02-09 16:30:02,702 INFO ROUND 396
2022-02-09 16:30:41,059 INFO ROUND 397
2022-02-09 16:31:19,598 INFO ROUND 398
2022-02-09 16:31:58,141 INFO ROUND 399
2022-02-09 16:32:36,688 INFO ROUND 400
2022-02-09 16:33:26,888 INFO Server -> Train: Loss 0.009 | Accuracy = 100.000
2022-02-09 16:33:28,972 INFO Server -> Test: Loss 1.684 | Accuracy = 71.210
2022-02-09 16:33:29,037 INFO ROUND 401
2022-02-09 16:34:08,052 INFO ROUND 402
