2022-02-06 22:22:20,256 INFO ('Client samples sizes:', array([1000, 1000, 1000, 1000, 1000, 1000, 1000, 1000, 1000, 1000, 1000,
       1000, 1000, 1000, 1000, 1000, 1000, 1000, 1000, 1000, 1000, 1000,
       1000, 1000, 1000, 1000, 1000, 1000, 1000, 1000, 1000, 1000, 1000,
       1000, 1000, 1000, 1000, 1000, 1000, 1000, 1000, 1000, 1000, 1000,
       1000, 1000, 1000, 1000, 1000, 1000]), 'total:', 50000)
2022-02-06 22:22:31,058 INFO ROUND 1
2022-02-06 22:23:03,521 INFO ROUND 2
2022-02-06 22:23:35,537 INFO ROUND 3
2022-02-06 22:24:06,799 INFO ROUND 4
2022-02-06 22:24:38,538 INFO ROUND 5
2022-02-06 22:25:13,153 INFO Server -> Test: Loss 1.705 | Accuracy = 38.840
2022-02-06 22:25:13,208 INFO ROUND 6
2022-02-06 22:25:45,314 INFO ROUND 7
2022-02-06 22:26:17,421 INFO ROUND 8
2022-02-06 22:26:49,731 INFO ROUND 9
2022-02-06 22:27:22,228 INFO ROUND 10
2022-02-06 22:27:57,736 INFO Server -> Test: Loss 1.445 | Accuracy = 48.130
2022-02-06 22:27:57,815 INFO ROUND 11
2022-02-06 22:28:31,033 INFO ROUND 12
2022-02-06 22:29:04,399 INFO ROUND 13
2022-02-06 22:29:37,152 INFO ROUND 14
2022-02-06 22:30:10,105 INFO ROUND 15
2022-02-06 22:30:46,163 INFO Server -> Test: Loss 1.301 | Accuracy = 52.960
2022-02-06 22:30:46,223 INFO ROUND 16
2022-02-06 22:31:19,640 INFO ROUND 17
2022-02-06 22:31:52,972 INFO ROUND 18
2022-02-06 22:32:28,234 INFO ROUND 19
2022-02-06 22:33:02,064 INFO ROUND 20
2022-02-06 22:33:38,603 INFO Server -> Test: Loss 1.186 | Accuracy = 57.360
2022-02-06 22:33:38,659 INFO ROUND 21
2022-02-06 22:34:12,426 INFO ROUND 22
2022-02-06 22:34:46,658 INFO ROUND 23
2022-02-06 22:35:21,175 INFO ROUND 24
2022-02-06 22:35:56,320 INFO ROUND 25
2022-02-06 22:36:34,331 INFO Server -> Test: Loss 1.103 | Accuracy = 60.860
2022-02-06 22:36:34,390 INFO ROUND 26
2022-02-06 22:37:09,529 INFO ROUND 27
2022-02-06 22:37:45,072 INFO ROUND 28
2022-02-06 22:38:20,628 INFO ROUND 29
2022-02-06 22:38:56,065 INFO ROUND 30
2022-02-06 22:39:34,481 INFO Server -> Test: Loss 1.038 | Accuracy = 63.800
2022-02-06 22:39:34,539 INFO ROUND 31
2022-02-06 22:40:10,476 INFO ROUND 32
2022-02-06 22:40:46,102 INFO ROUND 33
2022-02-06 22:41:21,827 INFO ROUND 34
2022-02-06 22:41:57,891 INFO ROUND 35
2022-02-06 22:42:36,853 INFO Server -> Test: Loss 0.998 | Accuracy = 65.450
2022-02-06 22:42:36,941 INFO ROUND 36
2022-02-06 22:43:13,183 INFO ROUND 37
2022-02-06 22:43:49,682 INFO ROUND 38
2022-02-06 22:44:26,140 INFO ROUND 39
2022-02-06 22:45:02,666 INFO ROUND 40
2022-02-06 22:45:42,134 INFO Server -> Test: Loss 0.965 | Accuracy = 66.910
2022-02-06 22:45:42,194 INFO ROUND 41
2022-02-06 22:46:19,443 INFO ROUND 42
2022-02-06 22:46:57,073 INFO ROUND 43
2022-02-06 22:47:34,703 INFO ROUND 44
2022-02-06 22:48:12,568 INFO ROUND 45
2022-02-06 22:48:53,675 INFO Server -> Test: Loss 0.931 | Accuracy = 68.410
2022-02-06 22:48:53,763 INFO ROUND 46
2022-02-06 22:49:32,175 INFO ROUND 47
2022-02-06 22:50:10,435 INFO ROUND 48
2022-02-06 22:50:49,023 INFO ROUND 49
2022-02-06 22:51:27,451 INFO ROUND 50
2022-02-06 22:52:10,423 INFO Server -> Test: Loss 0.921 | Accuracy = 69.410
2022-02-06 22:52:10,486 INFO ROUND 51
2022-02-06 22:52:49,419 INFO ROUND 52
2022-02-06 22:53:28,229 INFO ROUND 53
2022-02-06 22:54:07,314 INFO ROUND 54
2022-02-06 22:54:46,497 INFO ROUND 55
2022-02-06 22:55:28,831 INFO Server -> Test: Loss 0.906 | Accuracy = 70.210
2022-02-06 22:55:28,893 INFO ROUND 56
2022-02-06 22:56:08,769 INFO ROUND 57
2022-02-06 22:56:49,059 INFO ROUND 58
2022-02-06 22:57:29,382 INFO ROUND 59
2022-02-06 22:58:10,316 INFO ROUND 60
2022-02-06 22:58:54,407 INFO Server -> Test: Loss 0.909 | Accuracy = 70.790
2022-02-06 22:58:54,467 INFO ROUND 61
2022-02-06 22:59:36,002 INFO ROUND 62
2022-02-06 23:00:17,760 INFO ROUND 63
2022-02-06 23:00:59,729 INFO ROUND 64
2022-02-06 23:01:40,748 INFO ROUND 65
2022-02-06 23:02:24,830 INFO Server -> Test: Loss 0.900 | Accuracy = 71.310
2022-02-06 23:02:24,890 INFO ROUND 66
2022-02-06 23:03:06,575 INFO ROUND 67
2022-02-06 23:03:48,497 INFO ROUND 68
2022-02-06 23:04:30,732 INFO ROUND 69
2022-02-06 23:05:13,036 INFO ROUND 70
2022-02-06 23:05:58,938 INFO Server -> Test: Loss 0.905 | Accuracy = 71.480
2022-02-06 23:05:59,026 INFO ROUND 71
2022-02-06 23:06:42,185 INFO ROUND 72
2022-02-06 23:07:24,924 INFO ROUND 73
2022-02-06 23:08:07,504 INFO ROUND 74
2022-02-06 23:08:50,213 INFO ROUND 75
2022-02-06 23:09:36,293 INFO Server -> Test: Loss 0.922 | Accuracy = 71.720
2022-02-06 23:09:36,355 INFO ROUND 76
2022-02-06 23:10:19,489 INFO ROUND 77
2022-02-06 23:11:02,844 INFO ROUND 78
2022-02-06 23:11:46,543 INFO ROUND 79
2022-02-06 23:12:31,291 INFO ROUND 80
2022-02-06 23:13:17,701 INFO Server -> Test: Loss 0.931 | Accuracy = 71.870
2022-02-06 23:13:17,760 INFO ROUND 81
2022-02-06 23:14:01,216 INFO ROUND 82
2022-02-06 23:14:44,651 INFO ROUND 83
2022-02-06 23:15:28,625 INFO ROUND 84
2022-02-06 23:16:12,929 INFO ROUND 85
2022-02-06 23:17:02,840 INFO Server -> Test: Loss 0.961 | Accuracy = 71.720
2022-02-06 23:17:02,903 INFO ROUND 86
2022-02-06 23:17:48,107 INFO ROUND 87
2022-02-06 23:18:33,373 INFO ROUND 88
2022-02-06 23:19:17,611 INFO ROUND 89
2022-02-06 23:20:02,689 INFO ROUND 90
2022-02-06 23:20:50,315 INFO Server -> Test: Loss 0.983 | Accuracy = 71.950
2022-02-06 23:20:50,378 INFO ROUND 91
2022-02-06 23:21:35,642 INFO ROUND 92
2022-02-06 23:22:21,021 INFO ROUND 93
2022-02-06 23:23:07,027 INFO ROUND 94
2022-02-06 23:23:53,450 INFO ROUND 95
2022-02-06 23:24:41,997 INFO Server -> Test: Loss 1.020 | Accuracy = 71.710
2022-02-06 23:24:42,081 INFO ROUND 96
2022-02-06 23:25:27,463 INFO ROUND 97
2022-02-06 23:26:13,077 INFO ROUND 98
2022-02-06 23:26:59,130 INFO ROUND 99
2022-02-06 23:27:45,643 INFO ROUND 100
2022-02-06 23:28:35,355 INFO Server -> Test: Loss 1.064 | Accuracy = 71.940
2022-02-06 23:28:35,414 INFO ROUND 101
2022-02-06 23:29:22,521 INFO ROUND 102
2022-02-06 23:30:08,951 INFO ROUND 103
2022-02-06 23:30:54,810 INFO ROUND 104
2022-02-06 23:31:40,889 INFO ROUND 105
2022-02-06 23:32:30,244 INFO Server -> Test: Loss 1.109 | Accuracy = 71.720
2022-02-06 23:32:30,302 INFO ROUND 106
2022-02-06 23:33:17,270 INFO ROUND 107
2022-02-06 23:34:04,521 INFO ROUND 108
2022-02-06 23:34:52,376 INFO ROUND 109
2022-02-06 23:35:39,494 INFO ROUND 110
2022-02-06 23:36:28,967 INFO Server -> Test: Loss 1.162 | Accuracy = 71.670
2022-02-06 23:36:29,025 INFO ROUND 111
2022-02-06 23:37:16,487 INFO ROUND 112
2022-02-06 23:38:04,335 INFO ROUND 113
2022-02-06 23:38:52,483 INFO ROUND 114
2022-02-06 23:39:41,128 INFO ROUND 115
2022-02-06 23:40:32,993 INFO Server -> Test: Loss 1.209 | Accuracy = 71.660
2022-02-06 23:40:33,053 INFO ROUND 116
2022-02-06 23:41:21,025 INFO ROUND 117
2022-02-06 23:42:09,031 INFO ROUND 118
2022-02-06 23:42:57,446 INFO ROUND 119
2022-02-06 23:43:46,296 INFO ROUND 120
2022-02-06 23:44:38,514 INFO Server -> Test: Loss 1.259 | Accuracy = 71.820
2022-02-06 23:44:38,591 INFO ROUND 121
2022-02-06 23:45:28,112 INFO ROUND 122
2022-02-06 23:46:18,241 INFO ROUND 123
2022-02-06 23:47:07,053 INFO ROUND 124
2022-02-06 23:47:56,001 INFO ROUND 125
2022-02-06 23:48:48,527 INFO Server -> Test: Loss 1.335 | Accuracy = 71.730
2022-02-06 23:48:48,594 INFO ROUND 126
2022-02-06 23:49:38,462 INFO ROUND 127
2022-02-06 23:50:28,947 INFO ROUND 128
2022-02-06 23:51:21,800 INFO ROUND 129
2022-02-06 23:52:12,035 INFO ROUND 130
2022-02-06 23:53:03,834 INFO Server -> Test: Loss 1.380 | Accuracy = 71.900
2022-02-06 23:53:03,890 INFO ROUND 131
2022-02-06 23:53:52,714 INFO ROUND 132
2022-02-06 23:54:42,064 INFO ROUND 133
2022-02-06 23:55:31,227 INFO ROUND 134
2022-02-06 23:56:20,672 INFO ROUND 135
2022-02-06 23:57:14,645 INFO Server -> Test: Loss 1.439 | Accuracy = 71.530
2022-02-06 23:57:14,709 INFO ROUND 136
2022-02-06 23:58:07,229 INFO ROUND 137
2022-02-06 23:58:58,347 INFO ROUND 138
2022-02-06 23:59:49,237 INFO ROUND 139
2022-02-07 00:00:40,501 INFO ROUND 140
2022-02-07 00:01:35,943 INFO Server -> Test: Loss 1.508 | Accuracy = 71.910
2022-02-07 00:01:36,003 INFO ROUND 141
2022-02-07 00:02:29,056 INFO ROUND 142
2022-02-07 00:03:21,044 INFO ROUND 143
2022-02-07 00:04:12,762 INFO ROUND 144
2022-02-07 00:05:03,881 INFO ROUND 145
2022-02-07 00:05:59,325 INFO Server -> Test: Loss 1.555 | Accuracy = 71.660
2022-02-07 00:05:59,384 INFO ROUND 146
2022-02-07 00:06:52,959 INFO ROUND 147
2022-02-07 00:07:46,762 INFO ROUND 148
2022-02-07 00:08:40,256 INFO ROUND 149
2022-02-07 00:09:34,096 INFO ROUND 150
2022-02-07 00:10:31,984 INFO Server -> Test: Loss 1.588 | Accuracy = 71.860
2022-02-07 00:10:32,052 INFO ROUND 151
2022-02-07 00:11:28,391 INFO ROUND 152
2022-02-07 00:12:21,637 INFO ROUND 153
2022-02-07 00:13:15,144 INFO ROUND 154
2022-02-07 00:14:08,992 INFO ROUND 155
2022-02-07 00:15:07,015 INFO Server -> Test: Loss 1.628 | Accuracy = 71.710
2022-02-07 00:15:07,096 INFO ROUND 156
2022-02-07 00:16:01,105 INFO ROUND 157
2022-02-07 00:16:54,824 INFO ROUND 158
2022-02-07 00:17:48,654 INFO ROUND 159
2022-02-07 00:18:42,614 INFO ROUND 160
2022-02-07 00:19:39,441 INFO Server -> Test: Loss 1.662 | Accuracy = 71.730
2022-02-07 00:19:39,502 INFO ROUND 161
2022-02-07 00:20:33,347 INFO ROUND 162
2022-02-07 00:21:28,372 INFO ROUND 163
2022-02-07 00:22:24,106 INFO ROUND 164
2022-02-07 00:23:19,574 INFO ROUND 165
2022-02-07 00:24:17,594 INFO Server -> Test: Loss 1.668 | Accuracy = 71.690
2022-02-07 00:24:17,649 INFO ROUND 166
2022-02-07 00:25:12,127 INFO ROUND 167
2022-02-07 00:26:06,744 INFO ROUND 168
2022-02-07 00:27:02,157 INFO ROUND 169
2022-02-07 00:27:57,160 INFO ROUND 170
2022-02-07 00:28:55,294 INFO Server -> Test: Loss 1.704 | Accuracy = 71.740
2022-02-07 00:28:55,352 INFO ROUND 171
2022-02-07 00:29:50,832 INFO ROUND 172
2022-02-07 00:30:46,489 INFO ROUND 173
2022-02-07 00:31:43,587 INFO ROUND 174
2022-02-07 00:32:40,370 INFO ROUND 175
2022-02-07 00:33:39,783 INFO Server -> Test: Loss 1.713 | Accuracy = 71.590
2022-02-07 00:33:39,846 INFO ROUND 176
2022-02-07 00:34:37,053 INFO ROUND 177
2022-02-07 00:35:33,864 INFO ROUND 178
2022-02-07 00:36:31,264 INFO ROUND 179
2022-02-07 00:37:27,984 INFO ROUND 180
2022-02-07 00:38:28,768 INFO Server -> Test: Loss 1.728 | Accuracy = 71.840
2022-02-07 00:38:28,827 INFO ROUND 181
2022-02-07 00:39:29,142 INFO ROUND 182
2022-02-07 00:40:26,361 INFO ROUND 183
2022-02-07 00:41:23,285 INFO ROUND 184
2022-02-07 00:42:20,527 INFO ROUND 185
2022-02-07 00:43:20,892 INFO Server -> Test: Loss 1.734 | Accuracy = 71.790
2022-02-07 00:43:20,947 INFO ROUND 186
2022-02-07 00:44:18,419 INFO ROUND 187
2022-02-07 00:45:16,511 INFO ROUND 188
2022-02-07 00:46:15,196 INFO ROUND 189
2022-02-07 00:47:14,233 INFO ROUND 190
2022-02-07 00:48:15,970 INFO Server -> Test: Loss 1.745 | Accuracy = 71.800
2022-02-07 00:48:16,043 INFO ROUND 191
2022-02-07 00:49:14,670 INFO ROUND 192
2022-02-07 00:50:14,058 INFO ROUND 193
2022-02-07 00:51:12,905 INFO ROUND 194
2022-02-07 00:52:12,753 INFO ROUND 195
2022-02-07 00:53:14,871 INFO Server -> Test: Loss 1.750 | Accuracy = 71.770
2022-02-07 00:53:14,933 INFO ROUND 196
2022-02-07 00:54:15,089 INFO ROUND 197
2022-02-07 00:55:15,712 INFO ROUND 198
2022-02-07 00:56:15,514 INFO ROUND 199
2022-02-07 00:57:15,428 INFO ROUND 200
2022-02-07 00:58:18,641 INFO Server -> Test: Loss 1.754 | Accuracy = 71.710
2022-02-07 00:58:18,699 INFO ROUND 201
2022-02-07 00:59:19,864 INFO ROUND 202
2022-02-07 01:00:19,991 INFO ROUND 203
2022-02-07 01:01:20,119 INFO ROUND 204
2022-02-07 01:02:20,309 INFO ROUND 205
2022-02-07 01:03:23,640 INFO Server -> Test: Loss 1.756 | Accuracy = 71.730
2022-02-07 01:03:23,704 INFO ROUND 206
2022-02-07 01:04:24,492 INFO ROUND 207
2022-02-07 01:05:25,791 INFO ROUND 208
2022-02-07 01:06:26,780 INFO ROUND 209
2022-02-07 01:07:27,836 INFO ROUND 210
2022-02-07 01:08:32,456 INFO Server -> Test: Loss 1.762 | Accuracy = 71.900
2022-02-07 01:08:32,515 INFO ROUND 211
2022-02-07 01:09:35,002 INFO ROUND 212
2022-02-07 01:10:36,601 INFO ROUND 213
2022-02-07 01:11:38,291 INFO ROUND 214
2022-02-07 01:12:39,944 INFO ROUND 215
2022-02-07 01:13:45,381 INFO Server -> Test: Loss 1.762 | Accuracy = 71.770
2022-02-07 01:13:45,438 INFO ROUND 216
2022-02-07 01:14:47,980 INFO ROUND 217
2022-02-07 01:15:50,300 INFO ROUND 218
2022-02-07 01:16:52,858 INFO ROUND 219
2022-02-07 01:17:55,405 INFO ROUND 220
2022-02-07 01:19:01,278 INFO Server -> Test: Loss 1.758 | Accuracy = 71.740
2022-02-07 01:19:01,342 INFO ROUND 221
2022-02-07 01:20:04,523 INFO ROUND 222
2022-02-07 01:21:07,810 INFO ROUND 223
2022-02-07 01:22:11,127 INFO ROUND 224
2022-02-07 01:23:14,848 INFO ROUND 225
2022-02-07 01:24:22,127 INFO Server -> Test: Loss 1.758 | Accuracy = 71.700
2022-02-07 01:24:22,209 INFO ROUND 226
2022-02-07 01:25:25,994 INFO ROUND 227
2022-02-07 01:26:29,560 INFO ROUND 228
2022-02-07 01:27:33,396 INFO ROUND 229
2022-02-07 01:28:37,273 INFO ROUND 230
2022-02-07 01:29:44,584 INFO Server -> Test: Loss 1.757 | Accuracy = 71.800
2022-02-07 01:29:44,639 INFO ROUND 231
2022-02-07 01:30:48,917 INFO ROUND 232
2022-02-07 01:31:53,321 INFO ROUND 233
2022-02-07 01:32:57,982 INFO ROUND 234
2022-02-07 01:34:03,064 INFO ROUND 235
2022-02-07 01:35:11,348 INFO Server -> Test: Loss 1.756 | Accuracy = 71.680
2022-02-07 01:35:11,405 INFO ROUND 236
2022-02-07 01:36:16,592 INFO ROUND 237
2022-02-07 01:37:21,752 INFO ROUND 238
2022-02-07 01:38:26,930 INFO ROUND 239
2022-02-07 01:39:32,486 INFO ROUND 240
2022-02-07 01:40:41,131 INFO Server -> Test: Loss 1.755 | Accuracy = 71.750
2022-02-07 01:40:41,189 INFO ROUND 241
2022-02-07 01:41:46,907 INFO ROUND 242
2022-02-07 01:42:52,891 INFO ROUND 243
2022-02-07 01:43:59,234 INFO ROUND 244
2022-02-07 01:45:05,981 INFO ROUND 245
2022-02-07 01:46:19,329 INFO Server -> Test: Loss 1.753 | Accuracy = 71.680
2022-02-07 01:46:19,386 INFO ROUND 246
2022-02-07 01:47:27,394 INFO ROUND 247
2022-02-07 01:48:35,447 INFO ROUND 248
2022-02-07 01:49:43,387 INFO ROUND 249
2022-02-07 01:50:51,527 INFO ROUND 250
2022-02-07 01:52:02,574 INFO Server -> Test: Loss 1.751 | Accuracy = 71.690
2022-02-07 01:52:02,629 INFO ROUND 251
2022-02-07 01:53:11,102 INFO ROUND 252
2022-02-07 01:54:19,544 INFO ROUND 253
2022-02-07 01:55:28,830 INFO ROUND 254
2022-02-07 01:56:39,038 INFO ROUND 255
2022-02-07 01:57:51,527 INFO Server -> Test: Loss 1.747 | Accuracy = 71.830
2022-02-07 01:57:51,585 INFO ROUND 256
2022-02-07 01:59:01,263 INFO ROUND 257
2022-02-07 02:00:10,411 INFO ROUND 258
2022-02-07 02:01:19,819 INFO ROUND 259
2022-02-07 02:15:46,861 INFO ('Client samples sizes:', array([1000, 1000, 1000, 1000, 1000, 1000, 1000, 1000, 1000, 1000, 1000,
       1000, 1000, 1000, 1000, 1000, 1000, 1000, 1000, 1000, 1000, 1000,
       1000, 1000, 1000, 1000, 1000, 1000, 1000, 1000, 1000, 1000, 1000,
       1000, 1000, 1000, 1000, 1000, 1000, 1000, 1000, 1000, 1000, 1000,
       1000, 1000, 1000, 1000, 1000, 1000]), 'total:', 50000)
2022-02-07 02:15:58,598 INFO ROUND 256
2022-02-07 02:16:25,591 INFO ROUND 257
2022-02-07 02:16:51,900 INFO ROUND 258
2022-02-07 02:17:18,612 INFO ROUND 259
2022-02-07 02:17:45,559 INFO ROUND 260
2022-02-07 02:18:14,511 INFO Server -> Test: Loss 1.743 | Accuracy = 71.740
2022-02-07 02:18:14,560 INFO ROUND 261
2022-02-07 02:18:41,531 INFO ROUND 262
2022-02-07 02:19:08,406 INFO ROUND 263
2022-02-07 02:19:35,421 INFO ROUND 264
2022-02-07 02:20:02,787 INFO ROUND 265
2022-02-07 02:20:32,196 INFO Server -> Test: Loss 1.743 | Accuracy = 71.690
2022-02-07 02:20:32,246 INFO ROUND 266
2022-02-07 02:20:59,715 INFO ROUND 267
2022-02-07 02:21:27,133 INFO ROUND 268
2022-02-07 02:21:54,848 INFO ROUND 269
2022-02-07 02:22:22,508 INFO ROUND 270
2022-02-07 02:22:52,145 INFO Server -> Test: Loss 1.737 | Accuracy = 71.780
2022-02-07 02:22:52,194 INFO ROUND 271
2022-02-07 02:23:19,960 INFO ROUND 272
2022-02-07 02:23:49,220 INFO ROUND 273
2022-02-07 02:24:17,155 INFO ROUND 274
2022-02-07 02:24:45,318 INFO ROUND 275
2022-02-07 02:25:15,604 INFO Server -> Test: Loss 1.735 | Accuracy = 71.690
2022-02-07 02:25:15,652 INFO ROUND 276
2022-02-07 02:25:43,849 INFO ROUND 277
2022-02-07 02:26:12,211 INFO ROUND 278
2022-02-07 02:26:40,851 INFO ROUND 279
2022-02-07 02:27:09,581 INFO ROUND 280
2022-02-07 02:27:40,459 INFO Server -> Test: Loss 1.731 | Accuracy = 71.640
2022-02-07 02:27:40,514 INFO ROUND 281
2022-02-07 02:28:09,537 INFO ROUND 282
2022-02-07 02:28:38,531 INFO ROUND 283
2022-02-07 02:29:07,376 INFO ROUND 284
2022-02-07 02:29:36,458 INFO ROUND 285
2022-02-07 02:30:07,828 INFO Server -> Test: Loss 1.726 | Accuracy = 71.710
2022-02-07 02:30:07,875 INFO ROUND 286
2022-02-07 02:30:37,417 INFO ROUND 287
2022-02-07 02:31:07,205 INFO ROUND 288
2022-02-07 02:31:36,770 INFO ROUND 289
2022-02-07 02:32:06,514 INFO ROUND 290
2022-02-07 02:32:38,779 INFO Server -> Test: Loss 1.723 | Accuracy = 71.630
2022-02-07 02:32:38,835 INFO ROUND 291
2022-02-07 02:33:09,025 INFO ROUND 292
2022-02-07 02:33:38,848 INFO ROUND 293
2022-02-07 02:34:09,078 INFO ROUND 294
2022-02-07 02:34:39,386 INFO ROUND 295
2022-02-07 02:35:11,759 INFO Server -> Test: Loss 1.721 | Accuracy = 71.770
2022-02-07 02:35:11,827 INFO ROUND 296
2022-02-07 02:35:42,220 INFO ROUND 297
2022-02-07 02:36:12,558 INFO ROUND 298
2022-02-07 02:36:43,388 INFO ROUND 299
2022-02-07 02:37:14,197 INFO ROUND 300
2022-02-07 02:37:47,223 INFO Server -> Test: Loss 1.716 | Accuracy = 71.660
2022-02-07 02:37:47,271 INFO ROUND 301
2022-02-07 02:38:18,524 INFO ROUND 302
2022-02-07 02:38:49,534 INFO ROUND 303
2022-02-07 02:39:20,670 INFO ROUND 304
2022-02-07 02:39:54,009 INFO ROUND 305
2022-02-07 02:40:27,609 INFO Server -> Test: Loss 1.708 | Accuracy = 71.590
2022-02-07 02:40:27,656 INFO ROUND 306
2022-02-07 02:40:59,642 INFO ROUND 307
2022-02-07 02:41:31,185 INFO ROUND 308
2022-02-07 02:42:02,947 INFO ROUND 309
2022-02-07 02:42:35,091 INFO ROUND 310
2022-02-07 02:43:09,090 INFO Server -> Test: Loss 1.710 | Accuracy = 71.740
2022-02-07 02:43:09,143 INFO ROUND 311
2022-02-07 02:43:41,345 INFO ROUND 312
2022-02-07 02:44:13,601 INFO ROUND 313
2022-02-07 02:44:46,043 INFO ROUND 314
2022-02-07 02:45:18,408 INFO ROUND 315
2022-02-07 02:45:53,204 INFO Server -> Test: Loss 1.706 | Accuracy = 71.680
2022-02-07 02:45:53,267 INFO ROUND 316
2022-02-07 02:46:26,184 INFO ROUND 317
2022-02-07 02:46:58,857 INFO ROUND 318
2022-02-07 02:47:31,808 INFO ROUND 319
2022-02-07 02:48:04,901 INFO ROUND 320
2022-02-07 02:48:40,109 INFO Server -> Test: Loss 1.698 | Accuracy = 71.550
2022-02-07 02:48:40,158 INFO ROUND 321
2022-02-07 02:49:13,833 INFO ROUND 322
2022-02-07 02:49:47,090 INFO ROUND 323
2022-02-07 02:50:20,740 INFO ROUND 324
2022-02-07 02:50:54,512 INFO ROUND 325
2022-02-07 02:51:30,464 INFO Server -> Test: Loss 1.697 | Accuracy = 71.660
2022-02-07 02:51:30,511 INFO ROUND 326
2022-02-07 02:52:04,670 INFO ROUND 327
2022-02-07 02:52:38,813 INFO ROUND 328
2022-02-07 02:53:13,097 INFO ROUND 329
2022-02-07 02:53:47,292 INFO ROUND 330
2022-02-07 02:54:24,110 INFO Server -> Test: Loss 1.694 | Accuracy = 71.620
2022-02-07 02:54:24,161 INFO ROUND 331
2022-02-07 02:54:58,795 INFO ROUND 332
2022-02-07 02:55:33,702 INFO ROUND 333
2022-02-07 02:56:08,632 INFO ROUND 334
2022-02-07 02:56:43,550 INFO ROUND 335
2022-02-07 02:57:20,718 INFO Server -> Test: Loss 1.693 | Accuracy = 71.560
2022-02-07 02:57:20,766 INFO ROUND 336
2022-02-07 02:57:55,841 INFO ROUND 337
2022-02-07 02:58:31,210 INFO ROUND 338
2022-02-07 02:59:06,543 INFO ROUND 339
2022-02-07 02:59:43,190 INFO ROUND 340
2022-02-07 03:00:21,113 INFO Server -> Test: Loss 1.691 | Accuracy = 71.620
2022-02-07 03:00:21,182 INFO ROUND 341
2022-02-07 03:00:57,242 INFO ROUND 342
2022-02-07 03:01:33,379 INFO ROUND 343
2022-02-07 03:02:09,642 INFO ROUND 344
2022-02-07 03:02:46,209 INFO ROUND 345
2022-02-07 03:03:24,883 INFO Server -> Test: Loss 1.684 | Accuracy = 71.640
2022-02-07 03:03:24,938 INFO ROUND 346
2022-02-07 03:04:01,652 INFO ROUND 347
2022-02-07 03:04:38,352 INFO ROUND 348
2022-02-07 03:05:15,368 INFO ROUND 349
2022-02-07 03:05:52,164 INFO ROUND 350
2022-02-07 03:06:31,594 INFO Server -> Test: Loss 1.571 | Accuracy = 71.560
2022-02-07 03:06:31,642 INFO ROUND 351
2022-02-07 03:07:08,855 INFO ROUND 352
2022-02-07 03:07:46,374 INFO ROUND 353
2022-02-07 03:08:23,663 INFO ROUND 354
2022-02-07 03:09:01,160 INFO ROUND 355
2022-02-07 03:09:41,104 INFO Server -> Test: Loss 1.459 | Accuracy = 71.430
2022-02-07 03:09:41,152 INFO ROUND 356
2022-02-07 03:10:19,222 INFO ROUND 357
2022-02-07 03:10:57,410 INFO ROUND 358
2022-02-07 03:11:35,529 INFO ROUND 359
2022-02-07 03:12:13,746 INFO ROUND 360
2022-02-07 03:12:54,151 INFO Server -> Test: Loss 1.268 | Accuracy = 71.450
2022-02-07 03:12:54,199 INFO ROUND 361
2022-02-07 03:13:32,658 INFO ROUND 362
2022-02-07 03:14:11,449 INFO ROUND 363
2022-02-07 03:14:50,417 INFO ROUND 364
2022-02-07 03:15:29,265 INFO ROUND 365
2022-02-07 03:16:10,723 INFO Server -> Test: Loss 1.486 | Accuracy = 72.270
2022-02-07 03:16:10,778 INFO ROUND 366
2022-02-07 03:16:50,250 INFO ROUND 367
2022-02-07 03:17:29,516 INFO ROUND 368
2022-02-07 03:18:08,895 INFO ROUND 369
2022-02-07 03:18:48,759 INFO ROUND 370
2022-02-07 03:19:30,759 INFO Server -> Test: Loss 1.559 | Accuracy = 72.200
2022-02-07 03:19:30,814 INFO ROUND 371
2022-02-07 03:20:10,832 INFO ROUND 372
2022-02-07 03:20:50,880 INFO ROUND 373
2022-02-07 03:21:30,973 INFO ROUND 374
2022-02-07 03:22:11,205 INFO ROUND 375
2022-02-07 03:22:54,056 INFO Server -> Test: Loss 1.595 | Accuracy = 72.040
2022-02-07 03:22:54,104 INFO ROUND 376
2022-02-07 03:23:34,632 INFO ROUND 377
2022-02-07 03:24:15,323 INFO ROUND 378
2022-02-07 03:24:56,126 INFO ROUND 379
2022-02-07 03:25:37,060 INFO ROUND 380
2022-02-07 03:26:22,751 INFO Server -> Test: Loss 1.607 | Accuracy = 72.020
2022-02-07 03:26:22,799 INFO ROUND 381
2022-02-07 03:27:04,014 INFO ROUND 382
2022-02-07 03:27:45,312 INFO ROUND 383
2022-02-07 03:28:26,919 INFO ROUND 384
2022-02-07 03:29:08,670 INFO ROUND 385
2022-02-07 03:29:52,823 INFO Server -> Test: Loss 1.620 | Accuracy = 72.070
2022-02-07 03:29:52,870 INFO ROUND 386
2022-02-07 03:30:34,978 INFO ROUND 387
2022-02-07 03:31:16,960 INFO ROUND 388
2022-02-07 03:31:58,766 INFO ROUND 389
2022-02-07 03:32:41,002 INFO ROUND 390
2022-02-07 03:33:25,642 INFO Server -> Test: Loss 1.626 | Accuracy = 71.960
2022-02-07 03:33:25,691 INFO ROUND 391
2022-02-07 03:34:08,420 INFO ROUND 392
2022-02-07 03:34:51,043 INFO ROUND 393
2022-02-07 03:35:33,847 INFO ROUND 394
2022-02-07 03:36:16,675 INFO ROUND 395
2022-02-07 03:37:01,874 INFO Server -> Test: Loss 1.630 | Accuracy = 71.800
2022-02-07 03:37:01,922 INFO ROUND 396
2022-02-07 03:37:45,133 INFO ROUND 397
2022-02-07 03:38:28,290 INFO ROUND 398
2022-02-07 03:39:11,548 INFO ROUND 399
2022-02-07 03:39:54,735 INFO ROUND 400
2022-02-07 03:40:40,727 INFO Server -> Test: Loss 1.633 | Accuracy = 71.870
2022-02-07 03:40:40,774 INFO ROUND 401
2022-02-07 03:41:24,755 INFO ROUND 402
2022-02-07 03:42:08,387 INFO ROUND 403
2022-02-07 03:42:52,632 INFO ROUND 404
2022-02-07 03:43:36,879 INFO ROUND 405
2022-02-07 03:44:23,405 INFO Server -> Test: Loss 1.630 | Accuracy = 71.810
2022-02-07 03:44:23,451 INFO ROUND 406
2022-02-07 03:45:07,894 INFO ROUND 407
2022-02-07 03:45:52,606 INFO ROUND 408
2022-02-07 03:46:37,244 INFO ROUND 409
2022-02-07 03:47:22,002 INFO ROUND 410
2022-02-07 03:48:08,971 INFO Server -> Test: Loss 1.633 | Accuracy = 71.800
2022-02-07 03:48:09,020 INFO ROUND 411
2022-02-07 03:48:53,959 INFO ROUND 412
2022-02-07 03:49:38,955 INFO ROUND 413
2022-02-07 03:50:24,203 INFO ROUND 414
2022-02-07 03:51:09,775 INFO ROUND 415
2022-02-07 03:51:57,803 INFO Server -> Test: Loss 1.631 | Accuracy = 71.800
2022-02-07 03:51:57,853 INFO ROUND 416
2022-02-07 03:52:43,551 INFO ROUND 417
2022-02-07 03:53:29,468 INFO ROUND 418
2022-02-07 03:54:15,173 INFO ROUND 419
2022-02-07 03:55:01,464 INFO ROUND 420
2022-02-07 03:55:49,812 INFO Server -> Test: Loss 1.630 | Accuracy = 71.690
2022-02-07 03:55:49,861 INFO ROUND 421
2022-02-07 03:56:36,260 INFO ROUND 422
2022-02-07 03:57:22,675 INFO ROUND 423
2022-02-07 03:58:08,967 INFO ROUND 424
2022-02-07 03:58:55,497 INFO ROUND 425
2022-02-07 03:59:44,691 INFO Server -> Test: Loss 1.628 | Accuracy = 71.760
2022-02-07 03:59:44,761 INFO ROUND 426
2022-02-07 04:00:31,901 INFO ROUND 427
2022-02-07 04:01:18,784 INFO ROUND 428
2022-02-07 04:02:05,687 INFO ROUND 429
2022-02-07 04:02:52,766 INFO ROUND 430
2022-02-07 04:03:42,386 INFO Server -> Test: Loss 1.626 | Accuracy = 71.790
2022-02-07 04:03:42,434 INFO ROUND 431
2022-02-07 04:04:32,200 INFO ROUND 432
2022-02-07 04:05:20,206 INFO ROUND 433
2022-02-07 04:06:08,194 INFO ROUND 434
2022-02-07 04:06:55,910 INFO ROUND 435
2022-02-07 04:07:46,406 INFO Server -> Test: Loss 1.623 | Accuracy = 71.750
2022-02-07 04:07:46,454 INFO ROUND 436
2022-02-07 04:08:34,562 INFO ROUND 437
2022-02-07 04:09:22,874 INFO ROUND 438
2022-02-07 04:10:11,723 INFO ROUND 439
2022-02-07 04:11:00,704 INFO ROUND 440
2022-02-07 04:11:51,846 INFO Server -> Test: Loss 1.623 | Accuracy = 71.720
2022-02-07 04:11:51,894 INFO ROUND 441
2022-02-07 04:12:40,936 INFO ROUND 442
2022-02-07 04:13:30,212 INFO ROUND 443
2022-02-07 04:14:19,324 INFO ROUND 444
2022-02-07 04:15:08,778 INFO ROUND 445
2022-02-07 04:16:00,692 INFO Server -> Test: Loss 1.620 | Accuracy = 71.700
2022-02-07 04:16:00,744 INFO ROUND 446
2022-02-07 04:16:50,703 INFO ROUND 447
2022-02-07 04:17:40,226 INFO ROUND 448
2022-02-07 04:18:30,302 INFO ROUND 449
2022-02-07 04:19:20,468 INFO ROUND 450
