2022-02-09 18:39:04,008 INFO Client samples sizes: [1000 1000 1000 1000 1000 1000 1000 1000 1000 1000 1000 1000 1000 1000
 1000 1000 1000 1000 1000 1000 1000 1000 1000 1000 1000 1000 1000 1000
 1000 1000 1000 1000 1000 1000 1000 1000 1000 1000 1000 1000 1000 1000
 1000 1000 1000 1000 1000 1000 1000 1000], total: 50000
2022-02-09 18:39:18,692 INFO ROUND 1
2022-02-09 18:39:43,212 INFO ROUND 2
2022-02-09 18:40:08,023 INFO ROUND 3
2022-02-09 18:40:32,677 INFO ROUND 4
2022-02-09 18:40:57,493 INFO ROUND 5
2022-02-09 18:41:31,622 INFO Server -> Train: Loss 1.481 | Accuracy = 44.658
2022-02-09 18:41:33,710 INFO Server -> Test: Loss 1.488 | Accuracy = 44.850
2022-02-09 18:41:33,760 INFO ROUND 6
2022-02-09 18:41:58,912 INFO ROUND 7
2022-02-09 18:42:23,858 INFO ROUND 8
2022-02-09 18:42:48,938 INFO ROUND 9
2022-02-09 18:43:14,228 INFO ROUND 10
2022-02-09 18:43:48,959 INFO Server -> Train: Loss 1.214 | Accuracy = 55.668
2022-02-09 18:43:51,085 INFO Server -> Test: Loss 1.238 | Accuracy = 54.970
2022-02-09 18:43:51,163 INFO ROUND 11
2022-02-09 18:44:16,480 INFO ROUND 12
2022-02-09 18:44:41,892 INFO ROUND 13
2022-02-09 18:45:07,378 INFO ROUND 14
2022-02-09 18:45:33,195 INFO ROUND 15
2022-02-09 18:46:08,161 INFO Server -> Train: Loss 1.083 | Accuracy = 61.000
2022-02-09 18:46:10,066 INFO Server -> Test: Loss 1.116 | Accuracy = 60.210
2022-02-09 18:46:10,117 INFO ROUND 16
2022-02-09 18:46:35,792 INFO ROUND 17
2022-02-09 18:47:01,453 INFO ROUND 18
2022-02-09 18:47:28,798 INFO ROUND 19
2022-02-09 18:47:54,762 INFO ROUND 20
2022-02-09 18:48:29,890 INFO Server -> Train: Loss 0.968 | Accuracy = 65.560
2022-02-09 18:48:31,829 INFO Server -> Test: Loss 1.011 | Accuracy = 64.340
2022-02-09 18:48:31,880 INFO ROUND 21
2022-02-09 18:48:58,387 INFO ROUND 22
2022-02-09 18:49:24,436 INFO ROUND 23
2022-02-09 18:49:50,707 INFO ROUND 24
2022-02-09 18:50:16,934 INFO ROUND 25
2022-02-09 18:50:52,005 INFO Server -> Train: Loss 0.946 | Accuracy = 66.292
2022-02-09 18:50:53,968 INFO Server -> Test: Loss 1.004 | Accuracy = 64.140
2022-02-09 18:50:54,020 INFO ROUND 26
2022-02-09 18:51:20,425 INFO ROUND 27
2022-02-09 18:51:46,833 INFO ROUND 28
2022-02-09 18:52:13,815 INFO ROUND 29
2022-02-09 18:52:42,327 INFO ROUND 30
2022-02-09 18:53:19,006 INFO Server -> Train: Loss 0.829 | Accuracy = 70.700
2022-02-09 18:53:20,942 INFO Server -> Test: Loss 0.901 | Accuracy = 68.180
2022-02-09 18:53:20,993 INFO ROUND 31
2022-02-09 18:53:48,605 INFO ROUND 32
2022-02-09 18:54:16,208 INFO ROUND 33
2022-02-09 18:54:44,051 INFO ROUND 34
2022-02-09 18:55:11,804 INFO ROUND 35
2022-02-09 18:55:48,743 INFO Server -> Train: Loss 0.789 | Accuracy = 72.108
2022-02-09 18:55:50,785 INFO Server -> Test: Loss 0.875 | Accuracy = 69.260
2022-02-09 18:55:50,836 INFO ROUND 36
2022-02-09 18:56:19,313 INFO ROUND 37
2022-02-09 18:56:47,622 INFO ROUND 38
2022-02-09 18:57:16,985 INFO ROUND 39
2022-02-09 18:57:46,047 INFO ROUND 40
2022-02-09 18:58:23,893 INFO Server -> Train: Loss 0.735 | Accuracy = 74.046
2022-02-09 18:58:25,861 INFO Server -> Test: Loss 0.839 | Accuracy = 70.610
2022-02-09 18:58:25,913 INFO ROUND 41
2022-02-09 18:58:55,254 INFO ROUND 42
2022-02-09 18:59:24,206 INFO ROUND 43
2022-02-09 18:59:53,127 INFO ROUND 44
2022-02-09 19:00:22,090 INFO ROUND 45
2022-02-09 19:01:00,506 INFO Server -> Train: Loss 0.680 | Accuracy = 76.212
2022-02-09 19:01:02,541 INFO Server -> Test: Loss 0.800 | Accuracy = 72.340
2022-02-09 19:01:02,596 INFO ROUND 46
2022-02-09 19:01:31,934 INFO ROUND 47
2022-02-09 19:02:01,268 INFO ROUND 48
2022-02-09 19:02:30,912 INFO ROUND 49
2022-02-09 19:03:00,632 INFO ROUND 50
2022-02-09 19:03:41,676 INFO Server -> Train: Loss 0.656 | Accuracy = 77.176
2022-02-09 19:03:43,656 INFO Server -> Test: Loss 0.789 | Accuracy = 72.640
2022-02-09 19:03:43,707 INFO ROUND 51
2022-02-09 19:04:14,078 INFO ROUND 52
2022-02-09 19:04:44,246 INFO ROUND 53
2022-02-09 19:05:14,429 INFO ROUND 54
2022-02-09 19:05:44,518 INFO ROUND 55
2022-02-09 19:06:24,093 INFO Server -> Train: Loss 0.631 | Accuracy = 77.994
2022-02-09 19:06:26,103 INFO Server -> Test: Loss 0.786 | Accuracy = 72.730
2022-02-09 19:06:26,185 INFO ROUND 56
2022-02-09 19:06:56,735 INFO ROUND 57
2022-02-09 19:07:27,553 INFO ROUND 58
2022-02-09 19:07:58,239 INFO ROUND 59
2022-02-09 19:08:29,087 INFO ROUND 60
2022-02-09 19:09:09,463 INFO Server -> Train: Loss 0.588 | Accuracy = 79.602
2022-02-09 19:09:11,450 INFO Server -> Test: Loss 0.758 | Accuracy = 73.930
2022-02-09 19:09:11,506 INFO ROUND 61
2022-02-09 19:09:42,767 INFO ROUND 62
2022-02-09 19:10:14,144 INFO ROUND 63
2022-02-09 19:10:45,241 INFO ROUND 64
2022-02-09 19:11:16,822 INFO ROUND 65
2022-02-09 19:11:57,621 INFO Server -> Train: Loss 0.560 | Accuracy = 80.598
2022-02-09 19:11:59,656 INFO Server -> Test: Loss 0.751 | Accuracy = 74.370
2022-02-09 19:11:59,707 INFO ROUND 66
2022-02-09 19:12:30,963 INFO ROUND 67
2022-02-09 19:13:02,474 INFO ROUND 68
2022-02-09 19:13:33,602 INFO ROUND 69
2022-02-09 19:14:05,010 INFO ROUND 70
2022-02-09 19:14:45,194 INFO Server -> Train: Loss 0.531 | Accuracy = 81.570
2022-02-09 19:14:47,102 INFO Server -> Test: Loss 0.746 | Accuracy = 74.610
2022-02-09 19:14:47,162 INFO ROUND 71
2022-02-09 19:15:19,141 INFO ROUND 72
2022-02-09 19:15:50,904 INFO ROUND 73
2022-02-09 19:16:23,504 INFO ROUND 74
2022-02-09 19:16:56,442 INFO ROUND 75
2022-02-09 19:17:37,489 INFO Server -> Train: Loss 0.532 | Accuracy = 81.476
2022-02-09 19:17:39,464 INFO Server -> Test: Loss 0.765 | Accuracy = 73.880
2022-02-09 19:17:39,515 INFO ROUND 76
2022-02-09 19:18:11,782 INFO ROUND 77
2022-02-09 19:18:44,088 INFO ROUND 78
2022-02-09 19:19:16,546 INFO ROUND 79
2022-02-09 19:19:49,178 INFO ROUND 80
2022-02-09 19:20:30,719 INFO Server -> Train: Loss 0.471 | Accuracy = 83.784
2022-02-09 19:20:32,757 INFO Server -> Test: Loss 0.721 | Accuracy = 75.630
2022-02-09 19:20:32,819 INFO ROUND 81
2022-02-09 19:21:05,693 INFO ROUND 82
2022-02-09 19:21:38,504 INFO ROUND 83
2022-02-09 19:22:11,316 INFO ROUND 84
2022-02-09 19:22:44,611 INFO ROUND 85
2022-02-09 19:23:29,183 INFO Server -> Train: Loss 0.451 | Accuracy = 84.512
2022-02-09 19:23:31,210 INFO Server -> Test: Loss 0.717 | Accuracy = 75.640
2022-02-09 19:23:31,259 INFO ROUND 86
2022-02-09 19:24:05,372 INFO ROUND 87
2022-02-09 19:24:39,257 INFO ROUND 88
2022-02-09 19:25:13,745 INFO ROUND 89
2022-02-09 19:25:47,918 INFO ROUND 90
2022-02-09 19:26:31,239 INFO Server -> Train: Loss 0.436 | Accuracy = 84.942
2022-02-09 19:26:33,244 INFO Server -> Test: Loss 0.726 | Accuracy = 75.370
2022-02-09 19:26:33,293 INFO ROUND 91
2022-02-09 19:27:07,942 INFO ROUND 92
2022-02-09 19:27:42,620 INFO ROUND 93
2022-02-09 19:28:17,367 INFO ROUND 94
2022-02-09 19:28:52,381 INFO ROUND 95
2022-02-09 19:29:36,300 INFO Server -> Train: Loss 0.404 | Accuracy = 86.012
2022-02-09 19:29:38,345 INFO Server -> Test: Loss 0.718 | Accuracy = 76.060
2022-02-09 19:29:38,401 INFO ROUND 96
2022-02-09 19:30:13,356 INFO ROUND 97
2022-02-09 19:30:48,537 INFO ROUND 98
2022-02-09 19:31:23,524 INFO ROUND 99
2022-02-09 19:31:58,912 INFO ROUND 100
2022-02-09 19:32:43,391 INFO Server -> Train: Loss 0.380 | Accuracy = 86.870
2022-02-09 19:32:45,491 INFO Server -> Test: Loss 0.720 | Accuracy = 76.230
2022-02-09 19:32:45,554 INFO ROUND 101
2022-02-09 19:33:20,901 INFO ROUND 102
2022-02-09 19:33:56,597 INFO ROUND 103
2022-02-09 19:34:32,200 INFO ROUND 104
2022-02-09 19:35:08,058 INFO ROUND 105
2022-02-09 19:35:52,924 INFO Server -> Train: Loss 0.370 | Accuracy = 87.246
2022-02-09 19:35:54,973 INFO Server -> Test: Loss 0.730 | Accuracy = 76.080
2022-02-09 19:35:55,023 INFO ROUND 106
2022-02-09 19:36:31,028 INFO ROUND 107
2022-02-09 19:37:06,883 INFO ROUND 108
2022-02-09 19:37:43,313 INFO ROUND 109
2022-02-09 19:38:19,684 INFO ROUND 110
2022-02-09 19:39:05,288 INFO Server -> Train: Loss 0.344 | Accuracy = 88.226
2022-02-09 19:39:07,395 INFO Server -> Test: Loss 0.725 | Accuracy = 76.430
2022-02-09 19:39:07,464 INFO ROUND 111
2022-02-09 19:39:44,060 INFO ROUND 112
2022-02-09 19:40:20,766 INFO ROUND 113
2022-02-09 19:40:57,933 INFO ROUND 114
2022-02-09 19:41:34,887 INFO ROUND 115
2022-02-09 19:42:20,846 INFO Server -> Train: Loss 0.325 | Accuracy = 88.968
2022-02-09 19:42:22,869 INFO Server -> Test: Loss 0.718 | Accuracy = 76.780
2022-02-09 19:42:22,920 INFO ROUND 116
2022-02-09 19:43:00,564 INFO ROUND 117
2022-02-09 19:43:37,961 INFO ROUND 118
2022-02-09 19:44:15,747 INFO ROUND 119
2022-02-09 19:44:53,201 INFO ROUND 120
2022-02-09 19:45:40,039 INFO Server -> Train: Loss 0.307 | Accuracy = 89.588
2022-02-09 19:45:42,132 INFO Server -> Test: Loss 0.730 | Accuracy = 76.760
2022-02-09 19:45:42,197 INFO ROUND 121
2022-02-09 19:46:20,160 INFO ROUND 122
2022-02-09 19:46:58,233 INFO ROUND 123
2022-02-09 19:47:36,091 INFO ROUND 124
2022-02-09 19:48:14,279 INFO ROUND 125
2022-02-09 19:49:01,526 INFO Server -> Train: Loss 0.290 | Accuracy = 90.052
2022-02-09 19:49:03,579 INFO Server -> Test: Loss 0.738 | Accuracy = 77.020
2022-02-09 19:49:03,629 INFO ROUND 126
2022-02-09 19:49:43,809 INFO ROUND 127
2022-02-09 19:50:22,338 INFO ROUND 128
2022-02-09 19:51:01,095 INFO ROUND 129
2022-02-09 19:51:39,935 INFO ROUND 130
2022-02-09 19:52:28,086 INFO Server -> Train: Loss 0.297 | Accuracy = 89.828
2022-02-09 19:52:30,131 INFO Server -> Test: Loss 0.769 | Accuracy = 76.040
2022-02-09 19:52:30,180 INFO ROUND 131
2022-02-09 19:53:09,477 INFO ROUND 132
2022-02-09 19:53:48,914 INFO ROUND 133
2022-02-09 19:54:28,371 INFO ROUND 134
2022-02-09 19:55:08,325 INFO ROUND 135
2022-02-09 19:55:57,264 INFO Server -> Train: Loss 0.257 | Accuracy = 91.448
2022-02-09 19:55:59,363 INFO Server -> Test: Loss 0.736 | Accuracy = 77.070
2022-02-09 19:55:59,413 INFO ROUND 136
2022-02-09 19:56:39,562 INFO ROUND 137
2022-02-09 19:57:19,571 INFO ROUND 138
2022-02-09 19:57:59,833 INFO ROUND 139
2022-02-09 19:58:40,486 INFO ROUND 140
2022-02-09 19:59:30,182 INFO Server -> Train: Loss 0.239 | Accuracy = 92.012
2022-02-09 19:59:32,269 INFO Server -> Test: Loss 0.753 | Accuracy = 77.150
2022-02-09 19:59:32,318 INFO ROUND 141
2022-02-09 20:00:13,228 INFO ROUND 142
2022-02-09 20:00:54,116 INFO ROUND 143
2022-02-09 20:01:35,101 INFO ROUND 144
2022-02-09 20:02:15,951 INFO ROUND 145
2022-02-09 20:03:06,006 INFO Server -> Train: Loss 0.227 | Accuracy = 92.368
2022-02-09 20:03:08,053 INFO Server -> Test: Loss 0.762 | Accuracy = 77.150
2022-02-09 20:03:08,103 INFO ROUND 146
2022-02-09 20:03:49,639 INFO ROUND 147
2022-02-09 20:04:30,924 INFO ROUND 148
2022-02-09 20:05:12,350 INFO ROUND 149
2022-02-09 20:05:54,099 INFO ROUND 150
2022-02-09 20:06:45,152 INFO Server -> Train: Loss 0.211 | Accuracy = 92.834
2022-02-09 20:06:47,324 INFO Server -> Test: Loss 0.775 | Accuracy = 77.080
2022-02-09 20:06:47,373 INFO ROUND 151
2022-02-09 20:07:30,043 INFO ROUND 152
2022-02-09 20:08:13,658 INFO ROUND 153
2022-02-09 20:08:56,683 INFO ROUND 154
2022-02-09 20:09:39,066 INFO ROUND 155
2022-02-09 20:10:30,131 INFO Server -> Train: Loss 0.202 | Accuracy = 93.314
2022-02-09 20:10:32,216 INFO Server -> Test: Loss 0.785 | Accuracy = 76.850
2022-02-09 20:10:32,266 INFO ROUND 156
2022-02-09 20:11:14,765 INFO ROUND 157
2022-02-09 20:11:57,070 INFO ROUND 158
2022-02-09 20:12:39,743 INFO ROUND 159
2022-02-09 20:13:22,125 INFO ROUND 160
2022-02-09 20:14:14,290 INFO Server -> Train: Loss 0.183 | Accuracy = 94.040
2022-02-09 20:14:16,392 INFO Server -> Test: Loss 0.786 | Accuracy = 77.280
2022-02-09 20:14:16,441 INFO ROUND 161
2022-02-09 20:14:59,759 INFO ROUND 162
2022-02-09 20:15:43,631 INFO ROUND 163
2022-02-09 20:16:26,897 INFO ROUND 164
2022-02-09 20:17:10,454 INFO ROUND 165
2022-02-09 20:18:03,144 INFO Server -> Train: Loss 0.190 | Accuracy = 93.640
2022-02-09 20:18:05,268 INFO Server -> Test: Loss 0.815 | Accuracy = 77.100
2022-02-09 20:18:05,319 INFO ROUND 166
2022-02-09 20:18:49,270 INFO ROUND 167
2022-02-09 20:19:33,110 INFO ROUND 168
2022-02-09 20:20:17,153 INFO ROUND 169
2022-02-09 20:21:01,182 INFO ROUND 170
2022-02-09 20:21:54,680 INFO Server -> Train: Loss 0.167 | Accuracy = 94.564
2022-02-09 20:21:56,821 INFO Server -> Test: Loss 0.812 | Accuracy = 77.110
2022-02-09 20:21:56,873 INFO ROUND 171
2022-02-09 20:22:41,409 INFO ROUND 172
2022-02-09 20:23:25,888 INFO ROUND 173
2022-02-09 20:24:10,391 INFO ROUND 174
2022-02-09 20:24:55,185 INFO ROUND 175
2022-02-09 20:25:51,167 INFO Server -> Train: Loss 0.156 | Accuracy = 94.974
2022-02-09 20:25:53,290 INFO Server -> Test: Loss 0.810 | Accuracy = 77.200
2022-02-09 20:25:53,339 INFO ROUND 176
2022-02-09 20:26:38,293 INFO ROUND 177
2022-02-09 20:27:23,491 INFO ROUND 178
2022-02-09 20:28:08,813 INFO ROUND 179
2022-02-09 20:28:54,427 INFO ROUND 180
2022-02-09 20:29:49,239 INFO Server -> Train: Loss 0.174 | Accuracy = 94.230
2022-02-09 20:29:51,400 INFO Server -> Test: Loss 0.849 | Accuracy = 76.150
2022-02-09 20:29:51,452 INFO ROUND 181
2022-02-09 20:30:37,492 INFO ROUND 182
2022-02-09 20:31:23,677 INFO ROUND 183
2022-02-09 20:32:09,853 INFO ROUND 184
2022-02-09 20:32:56,402 INFO ROUND 185
2022-02-09 20:33:52,022 INFO Server -> Train: Loss 0.148 | Accuracy = 95.262
2022-02-09 20:33:54,173 INFO Server -> Test: Loss 0.843 | Accuracy = 76.310
2022-02-09 20:33:54,223 INFO ROUND 186
2022-02-09 20:34:40,704 INFO ROUND 187
2022-02-09 20:35:27,300 INFO ROUND 188
2022-02-09 20:36:14,190 INFO ROUND 189
2022-02-09 20:37:00,972 INFO ROUND 190
2022-02-09 20:37:57,014 INFO Server -> Train: Loss 0.133 | Accuracy = 95.896
2022-02-09 20:37:59,143 INFO Server -> Test: Loss 0.844 | Accuracy = 77.110
2022-02-09 20:37:59,193 INFO ROUND 191
2022-02-09 20:38:46,053 INFO ROUND 192
2022-02-09 20:39:33,698 INFO ROUND 193
2022-02-09 20:40:21,201 INFO ROUND 194
2022-02-09 20:41:08,856 INFO ROUND 195
2022-02-09 20:42:05,716 INFO Server -> Train: Loss 0.121 | Accuracy = 96.448
2022-02-09 20:42:07,933 INFO Server -> Test: Loss 0.849 | Accuracy = 77.170
2022-02-09 20:42:07,984 INFO ROUND 196
2022-02-09 20:42:55,947 INFO ROUND 197
2022-02-09 20:43:43,771 INFO ROUND 198
2022-02-09 20:44:32,082 INFO ROUND 199
2022-02-09 20:45:20,353 INFO ROUND 200
2022-02-09 20:46:17,861 INFO Server -> Train: Loss 0.117 | Accuracy = 96.508
2022-02-09 20:46:20,004 INFO Server -> Test: Loss 0.869 | Accuracy = 76.820
2022-02-09 20:46:20,054 INFO ROUND 201
2022-02-09 20:47:08,472 INFO ROUND 202
2022-02-09 20:47:57,311 INFO ROUND 203
2022-02-09 20:48:45,866 INFO ROUND 204
2022-02-09 20:49:34,691 INFO ROUND 205
2022-02-09 20:50:32,819 INFO Server -> Train: Loss 0.112 | Accuracy = 96.726
2022-02-09 20:50:35,019 INFO Server -> Test: Loss 0.872 | Accuracy = 76.690
2022-02-09 20:50:35,070 INFO ROUND 206
2022-02-09 20:51:24,132 INFO ROUND 207
2022-02-09 20:52:13,043 INFO ROUND 208
2022-02-09 20:53:02,479 INFO ROUND 209
2022-02-09 20:53:52,193 INFO ROUND 210
2022-02-09 20:54:51,150 INFO Server -> Train: Loss 0.106 | Accuracy = 96.982
2022-02-09 20:54:53,375 INFO Server -> Test: Loss 0.879 | Accuracy = 76.810
2022-02-09 20:54:53,424 INFO ROUND 211
2022-02-09 20:55:43,264 INFO ROUND 212
2022-02-09 20:56:33,315 INFO ROUND 213
2022-02-09 20:57:23,247 INFO ROUND 214
2022-02-09 20:58:13,412 INFO ROUND 215
2022-02-09 20:59:12,864 INFO Server -> Train: Loss 0.101 | Accuracy = 97.052
2022-02-09 20:59:15,055 INFO Server -> Test: Loss 0.897 | Accuracy = 76.880
2022-02-09 20:59:15,104 INFO ROUND 216
2022-02-09 21:00:05,542 INFO ROUND 217
2022-02-09 21:00:56,025 INFO ROUND 218
2022-02-09 21:01:46,313 INFO ROUND 219
2022-02-09 21:02:36,983 INFO ROUND 220
2022-02-09 21:03:36,642 INFO Server -> Train: Loss 0.094 | Accuracy = 97.390
2022-02-09 21:03:38,826 INFO Server -> Test: Loss 0.900 | Accuracy = 76.610
2022-02-09 21:03:38,878 INFO ROUND 221
2022-02-09 21:04:30,003 INFO ROUND 222
2022-02-09 21:05:21,008 INFO ROUND 223
2022-02-09 21:06:12,071 INFO ROUND 224
2022-02-09 21:07:03,100 INFO ROUND 225
2022-02-09 21:08:03,886 INFO Server -> Train: Loss 0.086 | Accuracy = 97.630
2022-02-09 21:08:06,102 INFO Server -> Test: Loss 0.914 | Accuracy = 76.750
2022-02-09 21:08:06,165 INFO ROUND 226
2022-02-09 21:08:58,334 INFO ROUND 227
2022-02-09 21:09:50,293 INFO ROUND 228
2022-02-09 21:10:42,242 INFO ROUND 229
2022-02-09 21:11:34,110 INFO ROUND 230
2022-02-09 21:12:35,526 INFO Server -> Train: Loss 0.080 | Accuracy = 97.876
2022-02-09 21:12:37,805 INFO Server -> Test: Loss 0.912 | Accuracy = 76.840
2022-02-09 21:12:37,859 INFO ROUND 231
2022-02-09 21:13:30,564 INFO ROUND 232
2022-02-09 21:14:23,334 INFO ROUND 233
2022-02-09 21:15:15,807 INFO ROUND 234
2022-02-09 21:16:08,586 INFO ROUND 235
2022-02-09 21:17:10,610 INFO Server -> Train: Loss 0.083 | Accuracy = 97.798
2022-02-09 21:17:12,837 INFO Server -> Test: Loss 0.925 | Accuracy = 76.740
2022-02-09 21:17:12,888 INFO ROUND 236
2022-02-09 21:18:08,740 INFO ROUND 237
2022-02-09 21:19:02,341 INFO ROUND 238
2022-02-09 21:19:55,888 INFO ROUND 239
2022-02-09 21:20:49,408 INFO ROUND 240
2022-02-09 21:21:52,520 INFO Server -> Train: Loss 0.075 | Accuracy = 98.116
2022-02-09 21:21:54,855 INFO Server -> Test: Loss 0.931 | Accuracy = 76.890
2022-02-09 21:21:54,920 INFO ROUND 241
2022-02-09 21:22:48,588 INFO ROUND 242
2022-02-09 21:23:42,360 INFO ROUND 243
2022-02-09 21:24:36,260 INFO ROUND 244
2022-02-09 21:25:30,337 INFO ROUND 245
2022-02-09 21:26:34,302 INFO Server -> Train: Loss 0.067 | Accuracy = 98.360
2022-02-09 21:26:36,533 INFO Server -> Test: Loss 0.928 | Accuracy = 77.000
2022-02-09 21:26:36,587 INFO ROUND 246
2022-02-09 21:27:31,276 INFO ROUND 247
2022-02-09 21:28:25,903 INFO ROUND 248
2022-02-09 21:29:20,410 INFO ROUND 249
2022-02-09 21:30:15,121 INFO ROUND 250
2022-02-09 21:31:19,646 INFO Server -> Train: Loss 0.069 | Accuracy = 98.286
2022-02-09 21:31:21,952 INFO Server -> Test: Loss 0.941 | Accuracy = 76.670
2022-02-09 21:31:22,023 INFO ROUND 251
2022-02-09 21:32:17,694 INFO ROUND 252
2022-02-09 21:33:12,978 INFO ROUND 253
2022-02-09 21:34:08,661 INFO ROUND 254
2022-02-09 21:35:04,344 INFO ROUND 255
2022-02-09 21:36:08,878 INFO Server -> Train: Loss 0.066 | Accuracy = 98.404
2022-02-09 21:36:11,116 INFO Server -> Test: Loss 0.943 | Accuracy = 76.830
2022-02-09 21:36:11,165 INFO ROUND 256
2022-02-09 21:37:06,321 INFO ROUND 257
2022-02-09 21:38:01,842 INFO ROUND 258
2022-02-09 21:38:57,593 INFO ROUND 259
2022-02-09 21:39:53,661 INFO ROUND 260
2022-02-09 21:40:59,861 INFO Server -> Train: Loss 0.060 | Accuracy = 98.650
2022-02-09 21:41:02,256 INFO Server -> Test: Loss 0.946 | Accuracy = 76.820
2022-02-09 21:41:02,328 INFO ROUND 261
2022-02-09 21:41:59,534 INFO ROUND 262
2022-02-09 21:42:56,373 INFO ROUND 263
2022-02-09 21:43:53,574 INFO ROUND 264
2022-02-09 21:44:50,652 INFO ROUND 265
2022-02-09 21:45:57,137 INFO Server -> Train: Loss 0.061 | Accuracy = 98.538
2022-02-09 21:45:59,572 INFO Server -> Test: Loss 0.962 | Accuracy = 76.470
2022-02-09 21:45:59,627 INFO ROUND 266
2022-02-09 21:46:56,690 INFO ROUND 267
2022-02-09 21:47:54,226 INFO ROUND 268
2022-02-09 21:48:51,729 INFO ROUND 269
2022-02-09 21:49:49,533 INFO ROUND 270
2022-02-09 21:50:57,150 INFO Server -> Train: Loss 0.055 | Accuracy = 98.742
2022-02-09 21:50:59,452 INFO Server -> Test: Loss 0.986 | Accuracy = 76.630
2022-02-09 21:50:59,515 INFO ROUND 271
2022-02-09 21:51:57,206 INFO ROUND 272
2022-02-09 21:52:55,500 INFO ROUND 273
2022-02-09 21:53:54,511 INFO ROUND 274
2022-02-09 21:54:52,696 INFO ROUND 275
2022-02-09 21:56:01,044 INFO Server -> Train: Loss 0.054 | Accuracy = 98.764
2022-02-09 21:56:03,394 INFO Server -> Test: Loss 0.975 | Accuracy = 76.920
2022-02-09 21:56:03,443 INFO ROUND 276
2022-02-09 21:57:02,648 INFO ROUND 277
2022-02-09 21:58:01,594 INFO ROUND 278
2022-02-09 21:59:01,410 INFO ROUND 279
2022-02-09 22:00:01,066 INFO ROUND 280
2022-02-09 22:01:09,723 INFO Server -> Train: Loss 0.050 | Accuracy = 98.932
2022-02-09 22:01:12,152 INFO Server -> Test: Loss 0.968 | Accuracy = 76.930
2022-02-09 22:01:12,202 INFO ROUND 281
2022-02-09 22:02:11,791 INFO ROUND 282
2022-02-09 22:03:11,657 INFO ROUND 283
2022-02-09 22:04:11,933 INFO ROUND 284
2022-02-09 22:05:11,755 INFO ROUND 285
2022-02-09 22:06:21,330 INFO Server -> Train: Loss 0.045 | Accuracy = 99.132
2022-02-09 22:06:23,794 INFO Server -> Test: Loss 0.982 | Accuracy = 76.810
2022-02-09 22:06:23,848 INFO ROUND 286
2022-02-09 22:07:24,313 INFO ROUND 287
2022-02-09 22:08:24,780 INFO ROUND 288
2022-02-09 22:09:25,368 INFO ROUND 289
2022-02-09 22:10:26,344 INFO ROUND 290
2022-02-09 22:11:36,455 INFO Server -> Train: Loss 0.046 | Accuracy = 99.118
2022-02-09 22:11:38,848 INFO Server -> Test: Loss 0.999 | Accuracy = 76.670
2022-02-09 22:11:38,898 INFO ROUND 291
2022-02-09 22:12:39,858 INFO ROUND 292
2022-02-09 22:13:40,870 INFO ROUND 293
2022-02-09 22:14:42,003 INFO ROUND 294
2022-02-09 22:15:43,012 INFO ROUND 295
2022-02-09 22:16:53,866 INFO Server -> Train: Loss 0.045 | Accuracy = 99.132
2022-02-09 22:16:56,228 INFO Server -> Test: Loss 0.984 | Accuracy = 76.770
2022-02-09 22:16:56,276 INFO ROUND 296
2022-02-09 22:17:57,759 INFO ROUND 297
2022-02-09 22:18:59,428 INFO ROUND 298
2022-02-09 22:20:01,352 INFO ROUND 299
2022-02-09 22:21:03,466 INFO ROUND 300
2022-02-09 22:22:15,000 INFO Server -> Train: Loss 0.042 | Accuracy = 99.164
2022-02-09 22:22:17,486 INFO Server -> Test: Loss 1.009 | Accuracy = 76.760
2022-02-09 22:22:17,543 INFO ROUND 301
2022-02-09 22:23:20,647 INFO ROUND 302
2022-02-09 22:24:23,519 INFO ROUND 303
2022-02-09 22:25:26,231 INFO ROUND 304
2022-02-09 22:26:29,264 INFO ROUND 305
2022-02-09 22:27:41,926 INFO Server -> Train: Loss 0.042 | Accuracy = 99.070
2022-02-09 22:27:44,332 INFO Server -> Test: Loss 1.021 | Accuracy = 76.650
2022-02-09 22:27:44,383 INFO ROUND 306
2022-02-09 22:28:47,853 INFO ROUND 307
2022-02-09 22:29:51,226 INFO ROUND 308
2022-02-09 22:30:54,657 INFO ROUND 309
2022-02-09 22:31:58,715 INFO ROUND 310
2022-02-09 22:33:12,029 INFO Server -> Train: Loss 0.036 | Accuracy = 99.422
2022-02-09 22:33:14,505 INFO Server -> Test: Loss 0.988 | Accuracy = 77.060
2022-02-09 22:33:14,556 INFO ROUND 311
2022-02-09 22:34:23,165 INFO ROUND 312
2022-02-09 22:35:27,067 INFO ROUND 313
2022-02-09 22:36:31,161 INFO ROUND 314
2022-02-09 22:37:34,787 INFO ROUND 315
2022-02-09 22:38:48,297 INFO Server -> Train: Loss 0.035 | Accuracy = 99.402
2022-02-09 22:38:50,846 INFO Server -> Test: Loss 1.007 | Accuracy = 76.990
2022-02-09 22:38:50,897 INFO ROUND 316
2022-02-09 22:39:55,154 INFO ROUND 317
2022-02-09 22:40:59,175 INFO ROUND 318
2022-02-09 22:42:03,762 INFO ROUND 319
2022-02-09 22:43:07,614 INFO ROUND 320
2022-02-09 22:44:21,295 INFO Server -> Train: Loss 0.035 | Accuracy = 99.416
2022-02-09 22:44:23,748 INFO Server -> Test: Loss 1.011 | Accuracy = 77.000
2022-02-09 22:44:23,800 INFO ROUND 321
2022-02-09 22:45:28,337 INFO ROUND 322
2022-02-09 22:46:33,104 INFO ROUND 323
2022-02-09 22:47:38,209 INFO ROUND 324
2022-02-09 22:48:43,308 INFO ROUND 325
2022-02-09 22:49:57,899 INFO Server -> Train: Loss 0.033 | Accuracy = 99.484
2022-02-09 22:50:00,382 INFO Server -> Test: Loss 1.008 | Accuracy = 76.980
2022-02-09 22:50:00,451 INFO ROUND 326
2022-02-09 22:51:06,255 INFO ROUND 327
2022-02-09 22:52:11,571 INFO ROUND 328
2022-02-09 22:53:17,146 INFO ROUND 329
2022-02-09 22:54:22,882 INFO ROUND 330
