2022-02-09 18:39:13,839 INFO Client samples sizes: [1000 1000 1000 1000 1000 1000 1000 1000 1000 1000 1000 1000 1000 1000
 1000 1000 1000 1000 1000 1000 1000 1000 1000 1000 1000 1000 1000 1000
 1000 1000 1000 1000 1000 1000 1000 1000 1000 1000 1000 1000 1000 1000
 1000 1000 1000 1000 1000 1000 1000 1000], total: 50000
2022-02-09 18:39:31,423 INFO ROUND 1
2022-02-09 18:39:58,476 INFO ROUND 2
2022-02-09 18:40:25,375 INFO ROUND 3
2022-02-09 18:40:52,256 INFO ROUND 4
2022-02-09 18:41:19,399 INFO ROUND 5
2022-02-09 18:41:56,932 INFO Server -> Train: Loss 1.732 | Accuracy = 37.534
2022-02-09 18:41:59,112 INFO Server -> Test: Loss 1.731 | Accuracy = 37.680
2022-02-09 18:41:59,161 INFO ROUND 6
2022-02-09 18:42:26,767 INFO ROUND 7
2022-02-09 18:42:54,402 INFO ROUND 8
2022-02-09 18:43:22,406 INFO ROUND 9
2022-02-09 18:43:50,527 INFO ROUND 10
2022-02-09 18:44:28,347 INFO Server -> Train: Loss 1.645 | Accuracy = 41.024
2022-02-09 18:44:30,480 INFO Server -> Test: Loss 1.650 | Accuracy = 40.360
2022-02-09 18:44:30,549 INFO ROUND 11
2022-02-09 18:44:58,515 INFO ROUND 12
2022-02-09 18:45:26,384 INFO ROUND 13
2022-02-09 18:45:54,290 INFO ROUND 14
2022-02-09 18:46:23,082 INFO ROUND 15
2022-02-09 18:47:01,765 INFO Server -> Train: Loss 1.600 | Accuracy = 41.000
2022-02-09 18:47:03,940 INFO Server -> Test: Loss 1.610 | Accuracy = 40.800
2022-02-09 18:47:03,996 INFO ROUND 16
2022-02-09 18:47:32,263 INFO ROUND 17
2022-02-09 18:48:02,319 INFO ROUND 18
2022-02-09 18:48:30,854 INFO ROUND 19
2022-02-09 18:48:59,405 INFO ROUND 20
2022-02-09 18:49:37,968 INFO Server -> Train: Loss 1.483 | Accuracy = 43.914
2022-02-09 18:49:40,189 INFO Server -> Test: Loss 1.497 | Accuracy = 43.690
2022-02-09 18:49:40,241 INFO ROUND 21
2022-02-09 18:50:08,907 INFO ROUND 22
2022-02-09 18:50:37,662 INFO ROUND 23
2022-02-09 18:51:06,430 INFO ROUND 24
2022-02-09 18:51:35,180 INFO ROUND 25
2022-02-09 18:52:14,381 INFO Server -> Train: Loss 1.394 | Accuracy = 49.096
2022-02-09 18:52:16,513 INFO Server -> Test: Loss 1.414 | Accuracy = 48.470
2022-02-09 18:52:16,566 INFO ROUND 26
2022-02-09 18:52:45,693 INFO ROUND 27
2022-02-09 18:53:14,826 INFO ROUND 28
2022-02-09 18:53:44,503 INFO ROUND 29
2022-02-09 18:54:13,912 INFO ROUND 30
2022-02-09 18:54:53,634 INFO Server -> Train: Loss 1.260 | Accuracy = 53.144
2022-02-09 18:54:55,739 INFO Server -> Test: Loss 1.286 | Accuracy = 52.060
2022-02-09 18:54:55,793 INFO ROUND 31
2022-02-09 18:55:25,433 INFO ROUND 32
2022-02-09 18:55:55,229 INFO ROUND 33
2022-02-09 18:56:24,915 INFO ROUND 34
2022-02-09 18:56:54,771 INFO ROUND 35
2022-02-09 18:57:34,676 INFO Server -> Train: Loss 1.222 | Accuracy = 57.466
2022-02-09 18:57:36,770 INFO Server -> Test: Loss 1.250 | Accuracy = 56.460
2022-02-09 18:57:36,820 INFO ROUND 36
2022-02-09 18:58:07,069 INFO ROUND 37
2022-02-09 18:58:37,416 INFO ROUND 38
2022-02-09 18:59:07,744 INFO ROUND 39
2022-02-09 18:59:38,397 INFO ROUND 40
2022-02-09 19:00:19,632 INFO Server -> Train: Loss 1.220 | Accuracy = 55.106
2022-02-09 19:00:21,840 INFO Server -> Test: Loss 1.250 | Accuracy = 53.390
2022-02-09 19:00:21,892 INFO ROUND 41
2022-02-09 19:00:52,911 INFO ROUND 42
2022-02-09 19:01:23,707 INFO ROUND 43
2022-02-09 19:01:55,008 INFO ROUND 44
2022-02-09 19:02:26,053 INFO ROUND 45
2022-02-09 19:03:07,331 INFO Server -> Train: Loss 1.137 | Accuracy = 59.840
2022-02-09 19:03:09,484 INFO Server -> Test: Loss 1.172 | Accuracy = 58.320
2022-02-09 19:03:09,533 INFO ROUND 46
2022-02-09 19:03:40,986 INFO ROUND 47
2022-02-09 19:04:12,641 INFO ROUND 48
2022-02-09 19:04:44,390 INFO ROUND 49
2022-02-09 19:05:18,176 INFO ROUND 50
2022-02-09 19:06:00,226 INFO Server -> Train: Loss 1.055 | Accuracy = 62.922
2022-02-09 19:06:02,459 INFO Server -> Test: Loss 1.099 | Accuracy = 61.000
2022-02-09 19:06:02,509 INFO ROUND 51
2022-02-09 19:06:35,292 INFO ROUND 52
2022-02-09 19:07:07,951 INFO ROUND 53
2022-02-09 19:07:40,580 INFO ROUND 54
2022-02-09 19:08:13,304 INFO ROUND 55
2022-02-09 19:08:56,289 INFO Server -> Train: Loss 1.023 | Accuracy = 63.860
2022-02-09 19:08:58,449 INFO Server -> Test: Loss 1.071 | Accuracy = 62.500
2022-02-09 19:08:58,499 INFO ROUND 56
2022-02-09 19:09:31,087 INFO ROUND 57
2022-02-09 19:10:03,624 INFO ROUND 58
2022-02-09 19:10:36,388 INFO ROUND 59
2022-02-09 19:11:09,301 INFO ROUND 60
2022-02-09 19:11:52,584 INFO Server -> Train: Loss 1.016 | Accuracy = 65.172
2022-02-09 19:11:54,834 INFO Server -> Test: Loss 1.067 | Accuracy = 62.450
2022-02-09 19:11:54,883 INFO ROUND 61
2022-02-09 19:12:28,469 INFO ROUND 62
2022-02-09 19:13:01,854 INFO ROUND 63
2022-02-09 19:13:35,246 INFO ROUND 64
2022-02-09 19:14:08,949 INFO ROUND 65
2022-02-09 19:14:52,901 INFO Server -> Train: Loss 0.993 | Accuracy = 65.358
2022-02-09 19:14:55,182 INFO Server -> Test: Loss 1.048 | Accuracy = 63.060
2022-02-09 19:14:55,246 INFO ROUND 66
2022-02-09 19:15:29,460 INFO ROUND 67
2022-02-09 19:16:03,575 INFO ROUND 68
2022-02-09 19:16:37,787 INFO ROUND 69
2022-02-09 19:17:11,921 INFO ROUND 70
2022-02-09 19:17:56,214 INFO Server -> Train: Loss 0.954 | Accuracy = 66.288
2022-02-09 19:17:58,448 INFO Server -> Test: Loss 1.021 | Accuracy = 63.400
2022-02-09 19:17:58,497 INFO ROUND 71
2022-02-09 19:18:32,652 INFO ROUND 72
2022-02-09 19:19:07,349 INFO ROUND 73
2022-02-09 19:19:42,433 INFO ROUND 74
2022-02-09 19:20:17,977 INFO ROUND 75
2022-02-09 19:21:04,111 INFO Server -> Train: Loss 1.031 | Accuracy = 62.806
2022-02-09 19:21:06,415 INFO Server -> Test: Loss 1.103 | Accuracy = 60.720
2022-02-09 19:21:06,483 INFO ROUND 76
2022-02-09 19:21:42,290 INFO ROUND 77
2022-02-09 19:22:18,000 INFO ROUND 78
2022-02-09 19:22:53,684 INFO ROUND 79
2022-02-09 19:23:29,650 INFO ROUND 80
2022-02-09 19:24:15,834 INFO Server -> Train: Loss 0.949 | Accuracy = 66.624
2022-02-09 19:24:18,106 INFO Server -> Test: Loss 1.019 | Accuracy = 63.730
2022-02-09 19:24:18,161 INFO ROUND 81
2022-02-09 19:24:54,466 INFO ROUND 82
2022-02-09 19:25:30,733 INFO ROUND 83
2022-02-09 19:26:09,047 INFO ROUND 84
2022-02-09 19:26:45,846 INFO ROUND 85
2022-02-09 19:27:33,012 INFO Server -> Train: Loss 0.877 | Accuracy = 69.234
2022-02-09 19:27:35,335 INFO Server -> Test: Loss 0.957 | Accuracy = 66.020
2022-02-09 19:27:35,386 INFO ROUND 86
2022-02-09 19:28:12,402 INFO ROUND 87
2022-02-09 19:28:48,781 INFO ROUND 88
2022-02-09 19:29:24,996 INFO ROUND 89
2022-02-09 19:30:01,575 INFO ROUND 90
2022-02-09 19:30:47,996 INFO Server -> Train: Loss 0.834 | Accuracy = 70.612
2022-02-09 19:30:50,201 INFO Server -> Test: Loss 0.927 | Accuracy = 67.130
2022-02-09 19:30:50,249 INFO ROUND 91
2022-02-09 19:31:26,988 INFO ROUND 92
2022-02-09 19:32:03,918 INFO ROUND 93
2022-02-09 19:32:40,783 INFO ROUND 94
2022-02-09 19:33:17,875 INFO ROUND 95
2022-02-09 19:34:05,221 INFO Server -> Train: Loss 0.899 | Accuracy = 67.892
2022-02-09 19:34:07,468 INFO Server -> Test: Loss 0.993 | Accuracy = 65.330
2022-02-09 19:34:07,540 INFO ROUND 96
2022-02-09 19:34:44,863 INFO ROUND 97
2022-02-09 19:35:22,335 INFO ROUND 98
2022-02-09 19:35:59,812 INFO ROUND 99
2022-02-09 19:36:37,333 INFO ROUND 100
2022-02-09 19:37:25,141 INFO Server -> Train: Loss 0.837 | Accuracy = 70.572
2022-02-09 19:37:27,396 INFO Server -> Test: Loss 0.951 | Accuracy = 66.440
2022-02-09 19:37:27,447 INFO ROUND 101
2022-02-09 19:38:05,564 INFO ROUND 102
2022-02-09 19:38:43,986 INFO ROUND 103
2022-02-09 19:39:22,250 INFO ROUND 104
2022-02-09 19:40:00,603 INFO ROUND 105
2022-02-09 19:40:49,093 INFO Server -> Train: Loss 0.861 | Accuracy = 69.178
2022-02-09 19:40:51,391 INFO Server -> Test: Loss 0.975 | Accuracy = 65.290
2022-02-09 19:40:51,444 INFO ROUND 106
2022-02-09 19:41:29,941 INFO ROUND 107
2022-02-09 19:42:08,470 INFO ROUND 108
2022-02-09 19:42:47,317 INFO ROUND 109
2022-02-09 19:43:26,193 INFO ROUND 110
2022-02-09 19:44:15,285 INFO Server -> Train: Loss 0.800 | Accuracy = 70.930
2022-02-09 19:44:17,545 INFO Server -> Test: Loss 0.922 | Accuracy = 66.590
2022-02-09 19:44:17,594 INFO ROUND 111
2022-02-09 19:44:56,748 INFO ROUND 112
2022-02-09 19:45:35,931 INFO ROUND 113
2022-02-09 19:46:15,286 INFO ROUND 114
2022-02-09 19:46:54,680 INFO ROUND 115
2022-02-09 19:47:44,316 INFO Server -> Train: Loss 0.713 | Accuracy = 75.462
2022-02-09 19:47:46,560 INFO Server -> Test: Loss 0.847 | Accuracy = 70.500
2022-02-09 19:47:46,611 INFO ROUND 116
2022-02-09 19:48:26,393 INFO ROUND 117
2022-02-09 19:49:06,486 INFO ROUND 118
2022-02-09 19:49:46,432 INFO ROUND 119
2022-02-09 19:50:26,685 INFO ROUND 120
2022-02-09 19:51:16,977 INFO Server -> Train: Loss 0.826 | Accuracy = 69.692
2022-02-09 19:51:19,220 INFO Server -> Test: Loss 0.976 | Accuracy = 65.510
2022-02-09 19:51:19,270 INFO ROUND 121
2022-02-09 19:51:59,822 INFO ROUND 122
2022-02-09 19:52:40,341 INFO ROUND 123
2022-02-09 19:53:23,187 INFO ROUND 124
2022-02-09 19:54:04,747 INFO ROUND 125
2022-02-09 19:54:56,432 INFO Server -> Train: Loss 0.689 | Accuracy = 76.420
2022-02-09 19:54:58,731 INFO Server -> Test: Loss 0.833 | Accuracy = 71.250
2022-02-09 19:54:58,781 INFO ROUND 126
2022-02-09 19:55:40,483 INFO ROUND 127
2022-02-09 19:56:22,214 INFO ROUND 128
2022-02-09 19:57:03,847 INFO ROUND 129
2022-02-09 19:57:45,799 INFO ROUND 130
2022-02-09 19:58:38,176 INFO Server -> Train: Loss 0.827 | Accuracy = 69.764
2022-02-09 19:58:40,505 INFO Server -> Test: Loss 0.988 | Accuracy = 65.060
2022-02-09 19:58:40,555 INFO ROUND 131
2022-02-09 19:59:23,069 INFO ROUND 132
2022-02-09 20:00:05,385 INFO ROUND 133
2022-02-09 20:00:47,867 INFO ROUND 134
2022-02-09 20:01:30,379 INFO ROUND 135
2022-02-09 20:02:22,956 INFO Server -> Train: Loss 0.721 | Accuracy = 74.234
2022-02-09 20:02:25,246 INFO Server -> Test: Loss 0.891 | Accuracy = 68.820
2022-02-09 20:02:25,295 INFO ROUND 136
2022-02-09 20:03:07,950 INFO ROUND 137
2022-02-09 20:03:50,972 INFO ROUND 138
2022-02-09 20:04:34,024 INFO ROUND 139
2022-02-09 20:05:16,943 INFO ROUND 140
2022-02-09 20:06:10,289 INFO Server -> Train: Loss 0.925 | Accuracy = 68.598
2022-02-09 20:06:12,589 INFO Server -> Test: Loss 1.116 | Accuracy = 63.170
2022-02-09 20:06:12,639 INFO ROUND 141
2022-02-09 20:06:56,125 INFO ROUND 142
2022-02-09 20:07:40,040 INFO ROUND 143
2022-02-09 20:08:24,345 INFO ROUND 144
2022-02-09 20:09:08,636 INFO ROUND 145
2022-02-09 20:10:03,398 INFO Server -> Train: Loss 0.624 | Accuracy = 78.320
2022-02-09 20:10:05,753 INFO Server -> Test: Loss 0.813 | Accuracy = 71.990
2022-02-09 20:10:05,803 INFO ROUND 146
2022-02-09 20:10:49,701 INFO ROUND 147
2022-02-09 20:11:33,499 INFO ROUND 148
2022-02-09 20:12:17,626 INFO ROUND 149
2022-02-09 20:13:01,950 INFO ROUND 150
2022-02-09 20:13:56,441 INFO Server -> Train: Loss 0.683 | Accuracy = 75.784
2022-02-09 20:13:58,725 INFO Server -> Test: Loss 0.883 | Accuracy = 69.530
2022-02-09 20:13:58,774 INFO ROUND 151
2022-02-09 20:14:43,236 INFO ROUND 152
2022-02-09 20:15:27,737 INFO ROUND 153
2022-02-09 20:16:12,685 INFO ROUND 154
2022-02-09 20:16:57,708 INFO ROUND 155
2022-02-09 20:17:53,764 INFO Server -> Train: Loss 0.619 | Accuracy = 79.224
2022-02-09 20:17:56,156 INFO Server -> Test: Loss 0.817 | Accuracy = 71.980
2022-02-09 20:17:56,224 INFO ROUND 156
2022-02-09 20:18:41,976 INFO ROUND 157
2022-02-09 20:19:27,834 INFO ROUND 158
2022-02-09 20:20:12,983 INFO ROUND 159
2022-02-09 20:20:58,247 INFO ROUND 160
2022-02-09 20:21:54,386 INFO Server -> Train: Loss 0.613 | Accuracy = 78.412
2022-02-09 20:21:56,721 INFO Server -> Test: Loss 0.831 | Accuracy = 71.590
2022-02-09 20:21:56,770 INFO ROUND 161
2022-02-09 20:22:42,731 INFO ROUND 162
2022-02-09 20:23:28,624 INFO ROUND 163
2022-02-09 20:24:14,835 INFO ROUND 164
2022-02-09 20:25:01,078 INFO ROUND 165
2022-02-09 20:25:57,391 INFO Server -> Train: Loss 0.632 | Accuracy = 77.504
2022-02-09 20:25:59,860 INFO Server -> Test: Loss 0.856 | Accuracy = 70.300
2022-02-09 20:25:59,909 INFO ROUND 166
2022-02-09 20:26:46,296 INFO ROUND 167
2022-02-09 20:27:32,854 INFO ROUND 168
2022-02-09 20:28:19,157 INFO ROUND 169
2022-02-09 20:29:05,821 INFO ROUND 170
2022-02-09 20:30:02,972 INFO Server -> Train: Loss 0.706 | Accuracy = 74.284
2022-02-09 20:30:05,369 INFO Server -> Test: Loss 0.942 | Accuracy = 67.060
2022-02-09 20:30:05,427 INFO ROUND 171
2022-02-09 20:30:52,917 INFO ROUND 172
2022-02-09 20:31:40,054 INFO ROUND 173
2022-02-09 20:32:27,302 INFO ROUND 174
2022-02-09 20:33:16,697 INFO ROUND 175
2022-02-09 20:34:14,497 INFO Server -> Train: Loss 0.592 | Accuracy = 79.442
2022-02-09 20:34:16,872 INFO Server -> Test: Loss 0.836 | Accuracy = 71.720
2022-02-09 20:34:16,924 INFO ROUND 176
2022-02-09 20:35:04,797 INFO ROUND 177
2022-02-09 20:35:52,373 INFO ROUND 178
2022-02-09 20:36:40,336 INFO ROUND 179
2022-02-09 20:37:28,237 INFO ROUND 180
2022-02-09 20:38:26,474 INFO Server -> Train: Loss 0.649 | Accuracy = 77.314
2022-02-09 20:38:28,865 INFO Server -> Test: Loss 0.904 | Accuracy = 69.270
2022-02-09 20:38:28,916 INFO ROUND 181
2022-02-09 20:39:17,173 INFO ROUND 182
2022-02-09 20:40:05,372 INFO ROUND 183
2022-02-09 20:40:53,685 INFO ROUND 184
2022-02-09 20:41:42,359 INFO ROUND 185
2022-02-09 20:42:41,489 INFO Server -> Train: Loss 0.600 | Accuracy = 79.060
2022-02-09 20:42:43,862 INFO Server -> Test: Loss 0.844 | Accuracy = 71.020
2022-02-09 20:42:43,932 INFO ROUND 186
2022-02-09 20:43:33,003 INFO ROUND 187
2022-02-09 20:44:22,242 INFO ROUND 188
2022-02-09 20:45:11,427 INFO ROUND 189
2022-02-09 20:46:00,605 INFO ROUND 190
2022-02-09 20:46:59,969 INFO Server -> Train: Loss 0.637 | Accuracy = 78.542
2022-02-09 20:47:02,376 INFO Server -> Test: Loss 0.919 | Accuracy = 69.640
2022-02-09 20:47:02,427 INFO ROUND 191
2022-02-09 20:47:51,880 INFO ROUND 192
2022-02-09 20:48:41,457 INFO ROUND 193
2022-02-09 20:49:30,937 INFO ROUND 194
2022-02-09 20:50:20,322 INFO ROUND 195
2022-02-09 20:51:20,650 INFO Server -> Train: Loss 0.544 | Accuracy = 81.264
2022-02-09 20:51:23,017 INFO Server -> Test: Loss 0.822 | Accuracy = 71.630
2022-02-09 20:51:23,083 INFO ROUND 196
2022-02-09 20:52:13,405 INFO ROUND 197
2022-02-09 20:53:03,846 INFO ROUND 198
2022-02-09 20:53:54,082 INFO ROUND 199
2022-02-09 20:54:44,730 INFO ROUND 200
2022-02-09 20:55:45,743 INFO Server -> Train: Loss 0.812 | Accuracy = 72.972
2022-02-09 20:55:48,172 INFO Server -> Test: Loss 1.136 | Accuracy = 64.970
2022-02-09 20:55:48,221 INFO ROUND 201
2022-02-09 20:56:38,955 INFO ROUND 202
2022-02-09 20:57:29,593 INFO ROUND 203
2022-02-09 20:58:20,475 INFO ROUND 204
2022-02-09 20:59:11,223 INFO ROUND 205
2022-02-09 21:00:12,237 INFO Server -> Train: Loss 0.518 | Accuracy = 81.956
2022-02-09 21:00:14,600 INFO Server -> Test: Loss 0.824 | Accuracy = 72.540
2022-02-09 21:00:14,669 INFO ROUND 206
2022-02-09 21:01:06,267 INFO ROUND 207
2022-02-09 21:01:57,870 INFO ROUND 208
2022-02-09 21:02:49,336 INFO ROUND 209
2022-02-09 21:03:41,336 INFO ROUND 210
2022-02-09 21:04:43,597 INFO Server -> Train: Loss 0.515 | Accuracy = 82.036
2022-02-09 21:04:46,029 INFO Server -> Test: Loss 0.831 | Accuracy = 71.770
2022-02-09 21:04:46,082 INFO ROUND 211
2022-02-09 21:05:38,430 INFO ROUND 212
2022-02-09 21:06:30,601 INFO ROUND 213
2022-02-09 21:07:22,849 INFO ROUND 214
2022-02-09 21:08:15,294 INFO ROUND 215
2022-02-09 21:09:17,919 INFO Server -> Train: Loss 0.574 | Accuracy = 79.156
2022-02-09 21:09:20,309 INFO Server -> Test: Loss 0.900 | Accuracy = 69.890
2022-02-09 21:09:20,372 INFO ROUND 216
2022-02-09 21:10:13,343 INFO ROUND 217
2022-02-09 21:11:05,808 INFO ROUND 218
2022-02-09 21:11:58,651 INFO ROUND 219
2022-02-09 21:12:51,497 INFO ROUND 220
2022-02-09 21:13:54,566 INFO Server -> Train: Loss 0.489 | Accuracy = 83.058
2022-02-09 21:13:56,969 INFO Server -> Test: Loss 0.814 | Accuracy = 72.200
2022-02-09 21:13:57,024 INFO ROUND 221
2022-02-09 21:14:50,272 INFO ROUND 222
2022-02-09 21:15:43,328 INFO ROUND 223
2022-02-09 21:16:36,449 INFO ROUND 224
2022-02-09 21:17:29,826 INFO ROUND 225
2022-02-09 21:18:34,020 INFO Server -> Train: Loss 0.558 | Accuracy = 79.804
2022-02-09 21:18:36,440 INFO Server -> Test: Loss 0.914 | Accuracy = 70.110
2022-02-09 21:18:36,507 INFO ROUND 226
2022-02-09 21:19:30,376 INFO ROUND 227
2022-02-09 21:20:24,073 INFO ROUND 228
2022-02-09 21:21:18,010 INFO ROUND 229
2022-02-09 21:22:12,283 INFO ROUND 230
2022-02-09 21:23:16,616 INFO Server -> Train: Loss 0.481 | Accuracy = 83.310
2022-02-09 21:23:19,055 INFO Server -> Test: Loss 0.845 | Accuracy = 71.990
2022-02-09 21:23:19,105 INFO ROUND 231
2022-02-09 21:24:13,573 INFO ROUND 232
2022-02-09 21:25:08,165 INFO ROUND 233
2022-02-09 21:26:02,627 INFO ROUND 234
2022-02-09 21:26:57,370 INFO ROUND 235
2022-02-09 21:28:06,059 INFO Server -> Train: Loss 0.526 | Accuracy = 80.634
2022-02-09 21:28:08,489 INFO Server -> Test: Loss 0.879 | Accuracy = 69.870
2022-02-09 21:28:08,555 INFO ROUND 236
2022-02-09 21:29:03,784 INFO ROUND 237
2022-02-09 21:29:58,787 INFO ROUND 238
2022-02-09 21:30:53,995 INFO ROUND 239
2022-02-09 21:31:49,551 INFO ROUND 240
2022-02-09 21:32:55,271 INFO Server -> Train: Loss 0.540 | Accuracy = 80.824
2022-02-09 21:32:57,803 INFO Server -> Test: Loss 0.910 | Accuracy = 70.150
2022-02-09 21:32:57,852 INFO ROUND 241
2022-02-09 21:33:53,709 INFO ROUND 242
2022-02-09 21:34:49,455 INFO ROUND 243
2022-02-09 21:35:45,255 INFO ROUND 244
2022-02-09 21:36:41,520 INFO ROUND 245
2022-02-09 21:37:47,443 INFO Server -> Train: Loss 0.465 | Accuracy = 83.644
2022-02-09 21:37:49,911 INFO Server -> Test: Loss 0.856 | Accuracy = 72.530
2022-02-09 21:37:49,963 INFO ROUND 246
2022-02-09 21:38:46,300 INFO ROUND 247
2022-02-09 21:39:42,434 INFO ROUND 248
2022-02-09 21:40:38,833 INFO ROUND 249
2022-02-09 21:41:35,230 INFO ROUND 250
2022-02-09 21:42:41,840 INFO Server -> Train: Loss 0.483 | Accuracy = 82.938
2022-02-09 21:42:44,259 INFO Server -> Test: Loss 0.892 | Accuracy = 71.310
2022-02-09 21:42:44,309 INFO ROUND 251
2022-02-09 21:43:41,279 INFO ROUND 252
2022-02-09 21:44:38,283 INFO ROUND 253
2022-02-09 21:45:35,034 INFO ROUND 254
2022-02-09 21:46:31,932 INFO ROUND 255
2022-02-09 21:47:39,002 INFO Server -> Train: Loss 0.509 | Accuracy = 82.108
2022-02-09 21:47:41,409 INFO Server -> Test: Loss 0.908 | Accuracy = 70.910
2022-02-09 21:47:41,458 INFO ROUND 256
2022-02-09 21:48:38,677 INFO ROUND 257
2022-02-09 21:49:36,587 INFO ROUND 258
2022-02-09 21:50:35,058 INFO ROUND 259
2022-02-09 21:51:33,868 INFO ROUND 260
2022-02-09 21:52:42,637 INFO Server -> Train: Loss 0.397 | Accuracy = 86.402
2022-02-09 21:52:45,191 INFO Server -> Test: Loss 0.811 | Accuracy = 73.180
2022-02-09 21:52:45,239 INFO ROUND 261
2022-02-09 21:53:44,218 INFO ROUND 262
2022-02-09 21:54:43,270 INFO ROUND 263
2022-02-09 21:55:42,748 INFO ROUND 264
2022-02-09 21:56:41,818 INFO ROUND 265
2022-02-09 21:57:51,368 INFO Server -> Train: Loss 0.480 | Accuracy = 83.340
2022-02-09 21:57:53,861 INFO Server -> Test: Loss 0.921 | Accuracy = 70.590
2022-02-09 21:57:53,912 INFO ROUND 266
2022-02-09 21:58:53,665 INFO ROUND 267
2022-02-09 21:59:53,547 INFO ROUND 268
2022-02-09 22:00:53,151 INFO ROUND 269
2022-02-09 22:01:53,273 INFO ROUND 270
2022-02-09 22:03:03,661 INFO Server -> Train: Loss 0.443 | Accuracy = 84.638
2022-02-09 22:03:06,216 INFO Server -> Test: Loss 0.877 | Accuracy = 71.710
2022-02-09 22:03:06,264 INFO ROUND 271
2022-02-09 22:04:06,384 INFO ROUND 272
2022-02-09 22:05:06,924 INFO ROUND 273
2022-02-09 22:06:07,629 INFO ROUND 274
2022-02-09 22:07:08,034 INFO ROUND 275
2022-02-09 22:08:18,914 INFO Server -> Train: Loss 0.399 | Accuracy = 86.246
2022-02-09 22:08:21,528 INFO Server -> Test: Loss 0.837 | Accuracy = 73.120
2022-02-09 22:08:21,578 INFO ROUND 276
2022-02-09 22:09:22,483 INFO ROUND 277
2022-02-09 22:10:23,552 INFO ROUND 278
2022-02-09 22:11:24,439 INFO ROUND 279
2022-02-09 22:12:25,716 INFO ROUND 280
2022-02-09 22:13:37,037 INFO Server -> Train: Loss 0.565 | Accuracy = 81.144
2022-02-09 22:13:39,683 INFO Server -> Test: Loss 1.035 | Accuracy = 68.750
2022-02-09 22:13:39,733 INFO ROUND 281
2022-02-09 22:14:41,133 INFO ROUND 282
2022-02-09 22:15:42,762 INFO ROUND 283
2022-02-09 22:16:44,234 INFO ROUND 284
2022-02-09 22:17:46,030 INFO ROUND 285
2022-02-09 22:18:58,276 INFO Server -> Train: Loss 0.410 | Accuracy = 85.302
2022-02-09 22:19:00,855 INFO Server -> Test: Loss 0.859 | Accuracy = 72.240
2022-02-09 22:19:00,907 INFO ROUND 286
2022-02-09 22:20:03,266 INFO ROUND 287
2022-02-09 22:21:04,937 INFO ROUND 288
2022-02-09 22:22:07,183 INFO ROUND 289
2022-02-09 22:23:09,221 INFO ROUND 290
2022-02-09 22:24:21,897 INFO Server -> Train: Loss 0.399 | Accuracy = 85.966
2022-02-09 22:24:24,537 INFO Server -> Test: Loss 0.874 | Accuracy = 72.290
2022-02-09 22:24:24,588 INFO ROUND 291
2022-02-09 22:25:27,696 INFO ROUND 292
2022-02-09 22:26:30,517 INFO ROUND 293
2022-02-09 22:27:33,622 INFO ROUND 294
2022-02-09 22:28:36,829 INFO ROUND 295
2022-02-09 22:29:50,223 INFO Server -> Train: Loss 0.360 | Accuracy = 87.696
2022-02-09 22:29:52,824 INFO Server -> Test: Loss 0.850 | Accuracy = 73.190
2022-02-09 22:29:52,875 INFO ROUND 296
2022-02-09 22:30:56,288 INFO ROUND 297
2022-02-09 22:31:59,517 INFO ROUND 298
2022-02-09 22:33:02,565 INFO ROUND 299
2022-02-09 22:34:05,613 INFO ROUND 300
2022-02-09 22:35:19,257 INFO Server -> Train: Loss 0.388 | Accuracy = 86.426
2022-02-09 22:35:21,795 INFO Server -> Test: Loss 0.881 | Accuracy = 72.380
2022-02-09 22:35:21,865 INFO ROUND 301
2022-02-09 22:36:25,395 INFO ROUND 302
2022-02-09 22:37:28,889 INFO ROUND 303
2022-02-09 22:38:32,607 INFO ROUND 304
2022-02-09 22:39:36,735 INFO ROUND 305
2022-02-09 22:40:50,708 INFO Server -> Train: Loss 0.531 | Accuracy = 82.488
2022-02-09 22:40:53,328 INFO Server -> Test: Loss 1.033 | Accuracy = 69.170
2022-02-09 22:40:53,378 INFO ROUND 306
2022-02-09 22:41:57,333 INFO ROUND 307
2022-02-09 22:43:01,329 INFO ROUND 308
2022-02-09 22:44:05,799 INFO ROUND 309
2022-02-09 22:45:10,713 INFO ROUND 310
2022-02-09 22:46:25,699 INFO Server -> Train: Loss 0.395 | Accuracy = 85.700
2022-02-09 22:46:28,304 INFO Server -> Test: Loss 0.876 | Accuracy = 71.540
2022-02-09 22:46:28,365 INFO ROUND 311
2022-02-09 22:47:37,712 INFO ROUND 312
2022-02-09 22:48:42,547 INFO ROUND 313
2022-02-09 22:49:47,530 INFO ROUND 314
2022-02-09 22:50:53,330 INFO ROUND 315
2022-02-09 22:52:08,895 INFO Server -> Train: Loss 0.409 | Accuracy = 85.672
2022-02-09 22:52:11,453 INFO Server -> Test: Loss 0.947 | Accuracy = 71.180
2022-02-09 22:52:11,507 INFO ROUND 316
2022-02-09 22:53:16,940 INFO ROUND 317
2022-02-09 22:54:22,192 INFO ROUND 318
