2022-02-06 22:46:39,490 INFO ('Client samples sizes:', array([1000, 1000, 1000, 1000, 1000, 1000, 1000, 1000, 1000, 1000, 1000,
       1000, 1000, 1000, 1000, 1000, 1000, 1000, 1000, 1000, 1000, 1000,
       1000, 1000, 1000, 1000, 1000, 1000, 1000, 1000, 1000, 1000, 1000,
       1000, 1000, 1000, 1000, 1000, 1000, 1000, 1000, 1000, 1000, 1000,
       1000, 1000, 1000, 1000, 1000, 1000]), 'total:', 50000)
2022-02-06 22:46:43,537 INFO ROUND 1
2022-02-06 22:50:05,102 INFO ROUND 2
2022-02-06 22:53:29,336 INFO ROUND 3
2022-02-06 22:56:53,452 INFO ROUND 4
2022-02-06 23:00:20,502 INFO ROUND 5
2022-02-06 23:03:57,917 INFO Server -> Test: Loss 1.693 | Accuracy = 38.550
2022-02-06 23:03:57,992 INFO ROUND 6
2022-02-06 23:07:24,160 INFO ROUND 7
2022-02-06 23:10:54,228 INFO ROUND 8
2022-02-06 23:14:22,749 INFO ROUND 9
2022-02-06 23:17:50,737 INFO ROUND 10
2022-02-06 23:21:31,580 INFO Server -> Test: Loss 1.451 | Accuracy = 47.470
2022-02-06 23:21:31,633 INFO ROUND 11
2022-02-06 23:25:00,398 INFO ROUND 12
2022-02-06 23:28:28,951 INFO ROUND 13
2022-02-06 23:31:55,877 INFO ROUND 14
2022-02-06 23:35:22,767 INFO ROUND 15
2022-02-06 23:39:01,952 INFO Server -> Test: Loss 1.312 | Accuracy = 52.880
2022-02-06 23:39:02,008 INFO ROUND 16
2022-02-06 23:42:28,165 INFO ROUND 17
2022-02-06 23:45:54,984 INFO ROUND 18
2022-02-06 23:49:23,945 INFO ROUND 19
2022-02-06 23:52:51,747 INFO ROUND 20
2022-02-06 23:56:32,357 INFO Server -> Test: Loss 1.209 | Accuracy = 57.080
2022-02-06 23:56:32,413 INFO ROUND 21
2022-02-07 00:00:00,143 INFO ROUND 22
2022-02-07 00:03:29,531 INFO ROUND 23
2022-02-07 00:06:59,782 INFO ROUND 24
2022-02-07 00:10:29,316 INFO ROUND 25
2022-02-07 00:14:10,911 INFO Server -> Test: Loss 1.125 | Accuracy = 60.440
2022-02-07 00:14:10,990 INFO ROUND 26
2022-02-07 00:17:41,595 INFO ROUND 27
2022-02-07 00:21:11,301 INFO ROUND 28
2022-02-07 00:24:40,922 INFO ROUND 29
2022-02-07 00:28:12,326 INFO ROUND 30
2022-02-07 00:31:58,108 INFO Server -> Test: Loss 1.067 | Accuracy = 62.490
2022-02-07 00:31:58,174 INFO ROUND 31
2022-02-07 00:35:30,914 INFO ROUND 32
2022-02-07 00:39:03,739 INFO ROUND 33
2022-02-07 00:42:39,050 INFO ROUND 34
2022-02-07 00:46:11,909 INFO ROUND 35
2022-02-07 00:49:56,070 INFO Server -> Test: Loss 1.024 | Accuracy = 64.640
2022-02-07 00:49:56,127 INFO ROUND 36
2022-02-07 00:53:29,953 INFO ROUND 37
2022-02-07 00:57:03,307 INFO ROUND 38
2022-02-07 01:00:34,730 INFO ROUND 39
2022-02-07 01:04:07,623 INFO ROUND 40
2022-02-07 01:07:51,193 INFO Server -> Test: Loss 0.989 | Accuracy = 66.470
2022-02-07 01:07:51,246 INFO ROUND 41
2022-02-07 01:11:22,072 INFO ROUND 42
2022-02-07 01:14:55,077 INFO ROUND 43
2022-02-07 01:18:27,296 INFO ROUND 44
2022-02-07 01:22:00,827 INFO ROUND 45
2022-02-07 01:25:44,887 INFO Server -> Test: Loss 0.958 | Accuracy = 67.410
2022-02-07 01:25:44,944 INFO ROUND 46
2022-02-07 01:29:15,446 INFO ROUND 47
2022-02-07 01:32:48,800 INFO ROUND 48
2022-02-07 01:36:21,407 INFO ROUND 49
2022-02-07 01:39:53,224 INFO ROUND 50
2022-02-07 01:43:37,584 INFO Server -> Test: Loss 0.946 | Accuracy = 68.410
2022-02-07 01:43:37,661 INFO ROUND 51
2022-02-07 01:47:16,169 INFO ROUND 52
2022-02-07 01:50:56,965 INFO ROUND 53
2022-02-07 01:54:30,335 INFO ROUND 54
2022-02-07 01:58:03,667 INFO ROUND 55
2022-02-07 02:01:52,202 INFO Server -> Test: Loss 0.922 | Accuracy = 69.410
2022-02-07 02:01:52,260 INFO ROUND 56
2022-02-07 02:05:27,515 INFO ROUND 57
2022-02-07 02:09:02,487 INFO ROUND 58
2022-02-07 02:12:36,934 INFO ROUND 59
2022-02-07 02:16:13,443 INFO ROUND 60
2022-02-07 02:20:01,746 INFO Server -> Test: Loss 0.920 | Accuracy = 69.910
2022-02-07 02:20:01,808 INFO ROUND 61
2022-02-07 02:41:55,727 INFO ('Client samples sizes:', array([1000, 1000, 1000, 1000, 1000, 1000, 1000, 1000, 1000, 1000, 1000,
       1000, 1000, 1000, 1000, 1000, 1000, 1000, 1000, 1000, 1000, 1000,
       1000, 1000, 1000, 1000, 1000, 1000, 1000, 1000, 1000, 1000, 1000,
       1000, 1000, 1000, 1000, 1000, 1000, 1000, 1000, 1000, 1000, 1000,
       1000, 1000, 1000, 1000, 1000, 1000]), 'total:', 50000)
2022-02-07 02:41:59,383 INFO ROUND 61
2022-02-07 02:45:29,303 INFO ROUND 62
2022-02-07 02:49:00,752 INFO ROUND 63
2022-02-07 02:52:40,625 INFO ROUND 64
2022-02-07 02:56:16,443 INFO ROUND 65
2022-02-07 03:00:08,433 INFO Server -> Test: Loss 0.906 | Accuracy = 70.330
2022-02-07 03:00:08,531 INFO ROUND 66
2022-02-07 03:03:46,056 INFO ROUND 67
2022-02-07 03:07:21,698 INFO ROUND 68
2022-02-07 03:10:58,988 INFO ROUND 69
2022-02-07 03:14:37,063 INFO ROUND 70
2022-02-07 03:18:27,679 INFO Server -> Test: Loss 0.904 | Accuracy = 70.740
2022-02-07 03:18:27,746 INFO ROUND 71
2022-02-07 03:22:05,423 INFO ROUND 72
2022-02-07 03:25:44,663 INFO ROUND 73
2022-02-07 03:29:22,569 INFO ROUND 74
2022-02-07 03:33:01,859 INFO ROUND 75
2022-02-07 03:36:54,914 INFO Server -> Test: Loss 0.925 | Accuracy = 70.880
2022-02-07 03:36:54,992 INFO ROUND 76
2022-02-07 03:40:35,308 INFO ROUND 77
2022-02-07 03:44:13,756 INFO ROUND 78
2022-02-07 03:47:55,552 INFO ROUND 79
2022-02-07 03:51:32,868 INFO ROUND 80
2022-02-07 03:55:24,190 INFO Server -> Test: Loss 0.927 | Accuracy = 71.270
2022-02-07 03:55:24,248 INFO ROUND 81
2022-02-07 03:58:58,296 INFO ROUND 82
2022-02-07 04:02:28,638 INFO ROUND 83
2022-02-07 04:06:01,267 INFO ROUND 84
2022-02-07 04:09:33,939 INFO ROUND 85
2022-02-07 04:13:17,332 INFO Server -> Test: Loss 0.952 | Accuracy = 71.010
2022-02-07 04:13:17,385 INFO ROUND 86
2022-02-07 04:16:48,992 INFO ROUND 87
2022-02-07 04:20:21,538 INFO ROUND 88
2022-02-07 04:23:54,964 INFO ROUND 89
2022-02-07 04:27:27,560 INFO ROUND 90
2022-02-07 04:31:12,879 INFO Server -> Test: Loss 0.987 | Accuracy = 71.450
2022-02-07 04:31:12,935 INFO ROUND 91
2022-02-07 04:34:46,326 INFO ROUND 92
2022-02-07 04:38:19,748 INFO ROUND 93
2022-02-07 04:41:52,475 INFO ROUND 94
2022-02-07 04:45:25,579 INFO ROUND 95
2022-02-07 04:49:10,491 INFO Server -> Test: Loss 1.022 | Accuracy = 71.250
2022-02-07 04:49:10,546 INFO ROUND 96
2022-02-07 04:52:43,958 INFO ROUND 97
2022-02-07 04:56:17,478 INFO ROUND 98
2022-02-07 04:59:51,394 INFO ROUND 99
2022-02-07 05:03:25,425 INFO ROUND 100
2022-02-07 05:07:10,331 INFO Server -> Test: Loss 1.063 | Accuracy = 71.350
2022-02-07 05:07:10,391 INFO ROUND 101
2022-02-07 05:10:46,587 INFO ROUND 102
2022-02-07 05:14:20,677 INFO ROUND 103
2022-02-07 05:17:53,954 INFO ROUND 104
2022-02-07 05:21:29,444 INFO ROUND 105
2022-02-07 05:25:14,187 INFO Server -> Test: Loss 1.110 | Accuracy = 71.170
2022-02-07 05:25:14,243 INFO ROUND 106
2022-02-07 05:28:47,626 INFO ROUND 107
2022-02-07 05:32:20,817 INFO ROUND 108
2022-02-07 05:35:54,391 INFO ROUND 109
2022-02-07 05:39:27,597 INFO ROUND 110
2022-02-07 05:43:13,829 INFO Server -> Test: Loss 1.134 | Accuracy = 71.390
2022-02-07 05:43:13,892 INFO ROUND 111
2022-02-07 05:46:48,404 INFO ROUND 112
2022-02-07 05:50:25,049 INFO ROUND 113
2022-02-07 05:53:59,473 INFO ROUND 114
2022-02-07 05:57:34,170 INFO ROUND 115
2022-02-07 06:01:21,501 INFO Server -> Test: Loss 1.199 | Accuracy = 71.510
2022-02-07 06:01:21,561 INFO ROUND 116
2022-02-07 06:04:56,265 INFO ROUND 117
2022-02-07 06:08:31,270 INFO ROUND 118
2022-02-07 06:12:06,202 INFO ROUND 119
2022-02-07 06:15:41,792 INFO ROUND 120
2022-02-07 06:19:28,444 INFO Server -> Test: Loss 1.255 | Accuracy = 71.650
2022-02-07 06:19:28,505 INFO ROUND 121
2022-02-07 06:23:03,698 INFO ROUND 122
2022-02-07 06:26:39,324 INFO ROUND 123
2022-02-07 06:30:14,972 INFO ROUND 124
2022-02-07 06:33:50,985 INFO ROUND 125
2022-02-07 06:37:38,580 INFO Server -> Test: Loss 1.288 | Accuracy = 71.490
2022-02-07 06:37:38,647 INFO ROUND 126
2022-02-07 06:41:15,429 INFO ROUND 127
2022-02-07 06:44:53,132 INFO ROUND 128
2022-02-07 06:48:30,807 INFO ROUND 129
2022-02-07 06:52:08,931 INFO ROUND 130
2022-02-07 06:55:59,128 INFO Server -> Test: Loss 1.370 | Accuracy = 71.620
2022-02-07 06:55:59,182 INFO ROUND 131
2022-02-07 06:59:37,123 INFO ROUND 132
2022-02-07 07:03:15,538 INFO ROUND 133
2022-02-07 07:06:54,557 INFO ROUND 134
2022-02-07 07:10:33,374 INFO ROUND 135
2022-02-07 07:14:24,663 INFO Server -> Test: Loss 1.407 | Accuracy = 71.730
2022-02-07 07:14:24,715 INFO ROUND 136
2022-02-07 07:18:04,331 INFO ROUND 137
2022-02-07 07:21:44,080 INFO ROUND 138
2022-02-07 07:25:23,462 INFO ROUND 139
2022-02-07 07:29:03,506 INFO ROUND 140
2022-02-07 08:46:38,035 INFO ('Client samples sizes:', array([1000, 1000, 1000, 1000, 1000, 1000, 1000, 1000, 1000, 1000, 1000,
       1000, 1000, 1000, 1000, 1000, 1000, 1000, 1000, 1000, 1000, 1000,
       1000, 1000, 1000, 1000, 1000, 1000, 1000, 1000, 1000, 1000, 1000,
       1000, 1000, 1000, 1000, 1000, 1000, 1000, 1000, 1000, 1000, 1000,
       1000, 1000, 1000, 1000, 1000, 1000]), 'total:', 50000)
2022-02-07 08:46:42,391 INFO ROUND 136
2022-02-07 08:50:15,138 INFO ROUND 137
2022-02-07 08:54:00,041 INFO ROUND 138
2022-02-07 08:57:43,914 INFO ROUND 139
2022-02-07 09:01:28,510 INFO ROUND 140
2022-02-07 09:05:33,682 INFO Server -> Test: Loss 1.290 | Accuracy = 71.810
2022-02-07 09:05:33,780 INFO ROUND 141
2022-02-07 09:09:21,431 INFO ROUND 142
2022-02-07 09:13:09,542 INFO ROUND 143
2022-02-07 09:16:54,256 INFO ROUND 144
2022-02-07 09:20:36,391 INFO ROUND 145
2022-02-07 09:23:07,707 INFO ('Client samples sizes:', array([1000, 1000, 1000, 1000, 1000, 1000, 1000, 1000, 1000, 1000, 1000,
       1000, 1000, 1000, 1000, 1000, 1000, 1000, 1000, 1000, 1000, 1000,
       1000, 1000, 1000, 1000, 1000, 1000, 1000, 1000, 1000, 1000, 1000,
       1000, 1000, 1000, 1000, 1000, 1000, 1000, 1000, 1000, 1000, 1000,
       1000, 1000, 1000, 1000, 1000, 1000]), 'total:', 50000)
2022-02-07 09:23:19,621 INFO ROUND 141
2022-02-07 09:23:42,850 INFO ROUND 142
2022-02-07 09:24:05,640 INFO ROUND 143
2022-02-07 09:24:28,588 INFO ROUND 144
2022-02-07 09:24:51,645 INFO ROUND 145
2022-02-07 09:25:16,564 INFO Server -> Test: Loss 1.349 | Accuracy = 71.420
2022-02-07 09:25:17,102 INFO ROUND 146
2022-02-07 09:25:40,143 INFO ROUND 147
2022-02-07 09:26:03,212 INFO ROUND 148
2022-02-07 09:26:27,046 INFO ROUND 149
2022-02-07 09:26:50,814 INFO ROUND 150
2022-02-07 09:27:16,395 INFO Server -> Test: Loss 1.442 | Accuracy = 71.680
2022-02-07 09:27:16,452 INFO ROUND 151
2022-02-07 09:27:40,501 INFO ROUND 152
2022-02-07 09:28:04,859 INFO ROUND 153
2022-02-07 09:28:29,073 INFO ROUND 154
2022-02-07 09:28:53,455 INFO ROUND 155
2022-02-07 09:29:19,894 INFO Server -> Test: Loss 1.528 | Accuracy = 71.690
2022-02-07 09:29:19,942 INFO ROUND 156
2022-02-07 09:29:44,428 INFO ROUND 157
2022-02-07 09:30:08,883 INFO ROUND 158
2022-02-07 09:30:33,592 INFO ROUND 159
2022-02-07 09:30:58,691 INFO ROUND 160
2022-02-07 09:31:25,476 INFO Server -> Test: Loss 1.584 | Accuracy = 71.710
2022-02-07 09:31:25,525 INFO ROUND 161
2022-02-07 09:31:51,888 INFO ROUND 162
2022-02-07 09:32:16,783 INFO ROUND 163
2022-02-07 09:32:42,009 INFO ROUND 164
2022-02-07 09:33:07,269 INFO ROUND 165
2022-02-07 09:33:34,426 INFO Server -> Test: Loss 1.635 | Accuracy = 71.670
2022-02-07 09:33:34,475 INFO ROUND 166
2022-02-07 09:33:59,949 INFO ROUND 167
2022-02-07 09:34:25,274 INFO ROUND 168
2022-02-07 09:34:51,113 INFO ROUND 169
2022-02-07 09:35:16,922 INFO ROUND 170
2022-02-07 09:35:44,731 INFO Server -> Test: Loss 1.632 | Accuracy = 71.520
2022-02-07 09:35:44,779 INFO ROUND 171
2022-02-07 09:36:10,937 INFO ROUND 172
2022-02-07 09:36:37,105 INFO ROUND 173
2022-02-07 09:37:03,258 INFO ROUND 174
2022-02-07 09:37:29,654 INFO ROUND 175
2022-02-07 09:37:58,029 INFO Server -> Test: Loss 1.684 | Accuracy = 71.700
2022-02-07 09:37:58,080 INFO ROUND 176
2022-02-07 09:38:24,846 INFO ROUND 177
2022-02-07 09:38:51,568 INFO ROUND 178
2022-02-07 09:39:18,654 INFO ROUND 179
2022-02-07 09:39:45,409 INFO ROUND 180
2022-02-07 09:40:14,321 INFO Server -> Test: Loss 1.698 | Accuracy = 71.650
2022-02-07 09:40:14,390 INFO ROUND 181
2022-02-07 09:40:41,599 INFO ROUND 182
2022-02-07 09:41:08,719 INFO ROUND 183
2022-02-07 09:41:36,427 INFO ROUND 184
2022-02-07 09:42:03,804 INFO ROUND 185
2022-02-07 09:42:33,072 INFO Server -> Test: Loss 1.705 | Accuracy = 71.720
2022-02-07 09:42:33,120 INFO ROUND 186
2022-02-07 09:43:00,649 INFO ROUND 187
2022-02-07 09:43:28,302 INFO ROUND 188
2022-02-07 09:43:56,169 INFO ROUND 189
2022-02-07 09:44:24,420 INFO ROUND 190
2022-02-07 09:44:54,604 INFO Server -> Test: Loss 1.727 | Accuracy = 71.650
2022-02-07 09:44:55,227 INFO ROUND 191
2022-02-07 09:45:23,468 INFO ROUND 192
2022-02-07 09:45:52,008 INFO ROUND 193
2022-02-07 09:46:20,407 INFO ROUND 194
2022-02-07 09:46:50,771 INFO ROUND 195
2022-02-07 09:47:21,661 INFO Server -> Test: Loss 1.740 | Accuracy = 71.560
2022-02-07 09:47:21,709 INFO ROUND 196
2022-02-07 09:47:50,790 INFO ROUND 197
2022-02-07 09:48:19,856 INFO ROUND 198
2022-02-07 09:48:48,903 INFO ROUND 199
2022-02-07 09:49:18,413 INFO ROUND 200
2022-02-07 09:49:49,994 INFO Server -> Test: Loss 1.745 | Accuracy = 71.640
2022-02-07 09:49:50,041 INFO ROUND 201
2022-02-07 09:50:19,525 INFO ROUND 202
2022-02-07 09:50:49,248 INFO ROUND 203
2022-02-07 09:51:18,669 INFO ROUND 204
2022-02-07 09:51:48,488 INFO ROUND 205
2022-02-07 09:52:20,551 INFO Server -> Test: Loss 1.751 | Accuracy = 71.620
2022-02-07 09:52:20,598 INFO ROUND 206
2022-02-07 09:52:50,773 INFO ROUND 207
2022-02-07 09:53:20,743 INFO ROUND 208
2022-02-07 09:53:51,200 INFO ROUND 209
2022-02-07 09:54:21,756 INFO ROUND 210
2022-02-07 09:54:54,557 INFO Server -> Test: Loss 1.757 | Accuracy = 71.630
2022-02-07 09:54:54,604 INFO ROUND 211
2022-02-07 09:55:25,390 INFO ROUND 212
2022-02-07 09:55:56,483 INFO ROUND 213
2022-02-07 09:56:27,613 INFO ROUND 214
2022-02-07 09:56:58,803 INFO ROUND 215
2022-02-07 09:57:32,042 INFO Server -> Test: Loss 1.723 | Accuracy = 71.580
2022-02-07 09:57:32,097 INFO ROUND 216
2022-02-07 09:58:03,368 INFO ROUND 217
2022-02-07 09:58:34,734 INFO ROUND 218
2022-02-07 09:59:06,426 INFO ROUND 219
2022-02-07 09:59:38,059 INFO ROUND 220
2022-02-07 10:00:11,811 INFO Server -> Test: Loss 1.748 | Accuracy = 71.500
2022-02-07 10:00:11,860 INFO ROUND 221
2022-02-07 10:00:44,113 INFO ROUND 222
2022-02-07 10:01:16,168 INFO ROUND 223
2022-02-07 10:01:48,579 INFO ROUND 224
2022-02-07 10:02:21,183 INFO ROUND 225
2022-02-07 10:02:55,993 INFO Server -> Test: Loss 1.751 | Accuracy = 71.610
2022-02-07 10:02:56,356 INFO ROUND 226
2022-02-07 10:03:29,062 INFO ROUND 227
2022-02-07 10:04:01,964 INFO ROUND 228
2022-02-07 10:04:34,760 INFO ROUND 229
2022-02-07 10:05:09,817 INFO ROUND 230
2022-02-07 10:05:45,169 INFO Server -> Test: Loss 1.756 | Accuracy = 71.510
2022-02-07 10:05:45,237 INFO ROUND 231
2022-02-07 10:06:18,565 INFO ROUND 232
2022-02-07 10:06:51,849 INFO ROUND 233
2022-02-07 10:07:25,268 INFO ROUND 234
2022-02-07 10:07:58,955 INFO ROUND 235
2022-02-07 10:08:34,892 INFO Server -> Test: Loss 1.760 | Accuracy = 71.350
2022-02-07 10:08:34,939 INFO ROUND 236
2022-02-07 10:09:08,768 INFO ROUND 237
2022-02-07 10:09:42,703 INFO ROUND 238
2022-02-07 10:10:16,782 INFO ROUND 239
2022-02-07 10:10:50,974 INFO ROUND 240
2022-02-07 10:11:27,379 INFO Server -> Test: Loss 1.760 | Accuracy = 71.590
2022-02-07 10:11:27,445 INFO ROUND 241
2022-02-07 10:12:02,049 INFO ROUND 242
2022-02-07 10:12:36,662 INFO ROUND 243
2022-02-07 10:13:11,822 INFO ROUND 244
2022-02-07 10:13:46,905 INFO ROUND 245
2022-02-07 10:14:23,864 INFO Server -> Test: Loss 1.757 | Accuracy = 71.450
2022-02-07 10:14:23,911 INFO ROUND 246
2022-02-07 10:14:59,178 INFO ROUND 247
2022-02-07 10:15:34,372 INFO ROUND 248
2022-02-07 10:16:09,288 INFO ROUND 249
2022-02-07 10:16:44,332 INFO ROUND 250
2022-02-07 10:17:21,421 INFO Server -> Test: Loss 1.759 | Accuracy = 71.510
2022-02-07 10:17:21,473 INFO ROUND 251
2022-02-07 10:17:56,761 INFO ROUND 252
2022-02-07 10:18:32,234 INFO ROUND 253
2022-02-07 10:19:07,838 INFO ROUND 254
2022-02-07 10:19:43,519 INFO ROUND 255
2022-02-07 10:20:21,463 INFO Server -> Test: Loss 1.757 | Accuracy = 71.500
2022-02-07 10:20:21,529 INFO ROUND 256
2022-02-07 10:20:57,890 INFO ROUND 257
2022-02-07 10:21:33,895 INFO ROUND 258
2022-02-07 10:22:10,630 INFO ROUND 259
2022-02-07 10:22:47,740 INFO ROUND 260
2022-02-07 10:23:26,694 INFO Server -> Test: Loss 1.752 | Accuracy = 71.430
2022-02-07 10:23:27,056 INFO ROUND 261
2022-02-07 10:24:03,878 INFO ROUND 262
2022-02-07 10:24:40,921 INFO ROUND 263
2022-02-07 10:25:17,737 INFO ROUND 264
2022-02-07 10:25:54,769 INFO ROUND 265
2022-02-07 10:26:34,083 INFO Server -> Test: Loss 1.750 | Accuracy = 71.530
2022-02-07 10:26:34,130 INFO ROUND 266
2022-02-07 10:27:11,337 INFO ROUND 267
2022-02-07 10:27:48,830 INFO ROUND 268
2022-02-07 10:28:26,294 INFO ROUND 269
