2022-02-09 07:47:00,475 INFO Client samples sizes: [1000 1000 1000 1000 1000 1000 1000 1000 1000 1000 1000 1000 1000 1000
 1000 1000 1000 1000 1000 1000 1000 1000 1000 1000 1000 1000 1000 1000
 1000 1000 1000 1000 1000 1000 1000 1000 1000 1000 1000 1000 1000 1000
 1000 1000 1000 1000 1000 1000 1000 1000], total: 50000
2022-02-09 07:47:16,381 INFO ROUND 1
2022-02-09 07:47:49,197 INFO ROUND 2
2022-02-09 07:48:21,678 INFO ROUND 3
2022-02-09 07:48:54,209 INFO ROUND 4
2022-02-09 07:49:26,854 INFO ROUND 5
2022-02-09 07:50:12,077 INFO Server -> Train: Loss 1.831 | Accuracy = 35.068
2022-02-09 07:50:14,743 INFO Server -> Test: Loss 1.828 | Accuracy = 34.530
2022-02-09 07:50:14,781 INFO ROUND 6
2022-02-09 07:50:47,464 INFO ROUND 7
2022-02-09 07:51:20,282 INFO ROUND 8
2022-02-09 07:51:53,194 INFO ROUND 9
2022-02-09 07:52:25,881 INFO ROUND 10
2022-02-09 07:53:11,227 INFO Server -> Train: Loss 1.636 | Accuracy = 42.546
2022-02-09 07:53:13,854 INFO Server -> Test: Loss 1.634 | Accuracy = 42.250
2022-02-09 07:53:13,902 INFO ROUND 11
2022-02-09 07:53:46,962 INFO ROUND 12
2022-02-09 07:54:19,961 INFO ROUND 13
2022-02-09 07:54:53,097 INFO ROUND 14
2022-02-09 07:55:26,391 INFO ROUND 15
2022-02-09 07:56:12,208 INFO Server -> Train: Loss 1.469 | Accuracy = 47.336
2022-02-09 07:56:14,832 INFO Server -> Test: Loss 1.470 | Accuracy = 46.970
2022-02-09 07:56:14,882 INFO ROUND 16
2022-02-09 07:56:48,710 INFO ROUND 17
2022-02-09 07:57:23,305 INFO ROUND 18
2022-02-09 07:57:57,781 INFO ROUND 19
2022-02-09 07:58:31,954 INFO ROUND 20
2022-02-09 07:59:18,691 INFO Server -> Train: Loss 1.411 | Accuracy = 52.520
2022-02-09 07:59:21,366 INFO Server -> Test: Loss 1.420 | Accuracy = 51.460
2022-02-09 07:59:21,406 INFO ROUND 21
2022-02-09 07:59:55,691 INFO ROUND 22
2022-02-09 08:00:30,075 INFO ROUND 23
2022-02-09 08:01:04,629 INFO ROUND 24
2022-02-09 08:01:39,534 INFO ROUND 25
2022-02-09 08:02:26,797 INFO Server -> Train: Loss 1.394 | Accuracy = 50.010
2022-02-09 08:02:29,465 INFO Server -> Test: Loss 1.406 | Accuracy = 49.090
2022-02-09 08:02:29,504 INFO ROUND 26
2022-02-09 08:03:04,413 INFO ROUND 27
2022-02-09 08:03:39,453 INFO ROUND 28
2022-02-09 08:04:14,773 INFO ROUND 29
2022-02-09 08:04:50,104 INFO ROUND 30
2022-02-09 08:05:38,013 INFO Server -> Train: Loss 1.353 | Accuracy = 49.872
2022-02-09 08:05:40,701 INFO Server -> Test: Loss 1.366 | Accuracy = 49.710
2022-02-09 08:05:40,741 INFO ROUND 31
2022-02-09 08:06:16,266 INFO ROUND 32
2022-02-09 08:06:52,109 INFO ROUND 33
2022-02-09 08:07:27,984 INFO ROUND 34
2022-02-09 08:08:03,899 INFO ROUND 35
2022-02-09 08:08:52,588 INFO Server -> Train: Loss 1.239 | Accuracy = 55.612
2022-02-09 08:08:55,236 INFO Server -> Test: Loss 1.262 | Accuracy = 55.080
2022-02-09 08:08:55,275 INFO ROUND 36
2022-02-09 08:09:31,739 INFO ROUND 37
2022-02-09 08:10:08,150 INFO ROUND 38
2022-02-09 08:10:44,569 INFO ROUND 39
2022-02-09 08:11:21,129 INFO ROUND 40
2022-02-09 08:12:10,445 INFO Server -> Train: Loss 1.217 | Accuracy = 56.646
2022-02-09 08:12:13,091 INFO Server -> Test: Loss 1.240 | Accuracy = 55.200
2022-02-09 08:12:13,140 INFO ROUND 41
2022-02-09 08:12:49,912 INFO ROUND 42
2022-02-09 08:13:26,798 INFO ROUND 43
2022-02-09 08:14:03,802 INFO ROUND 44
2022-02-09 08:14:41,302 INFO ROUND 45
2022-02-09 08:15:31,344 INFO Server -> Train: Loss 1.164 | Accuracy = 58.056
2022-02-09 08:15:34,047 INFO Server -> Test: Loss 1.195 | Accuracy = 56.670
2022-02-09 08:15:34,087 INFO ROUND 46
2022-02-09 08:16:11,758 INFO ROUND 47
2022-02-09 08:16:49,409 INFO ROUND 48
2022-02-09 08:17:27,147 INFO ROUND 49
2022-02-09 08:18:05,161 INFO ROUND 50
2022-02-09 08:18:58,242 INFO Server -> Train: Loss 1.122 | Accuracy = 61.986
2022-02-09 08:19:00,934 INFO Server -> Test: Loss 1.155 | Accuracy = 60.630
2022-02-09 08:19:00,974 INFO ROUND 51
2022-02-09 08:19:39,445 INFO ROUND 52
2022-02-09 08:20:17,907 INFO ROUND 53
2022-02-09 08:20:56,545 INFO ROUND 54
2022-02-09 08:21:35,356 INFO ROUND 55
2022-02-09 08:22:26,806 INFO Server -> Train: Loss 1.121 | Accuracy = 61.222
2022-02-09 08:22:29,490 INFO Server -> Test: Loss 1.163 | Accuracy = 59.350
2022-02-09 08:22:29,529 INFO ROUND 56
2022-02-09 08:23:08,486 INFO ROUND 57
2022-02-09 08:23:47,621 INFO ROUND 58
2022-02-09 08:24:27,017 INFO ROUND 59
2022-02-09 08:25:06,367 INFO ROUND 60
2022-02-09 08:25:58,420 INFO Server -> Train: Loss 1.066 | Accuracy = 62.228
2022-02-09 08:26:01,137 INFO Server -> Test: Loss 1.110 | Accuracy = 60.760
2022-02-09 08:26:01,175 INFO ROUND 61
2022-02-09 08:26:40,871 INFO ROUND 62
2022-02-09 08:27:20,846 INFO ROUND 63
2022-02-09 08:28:00,739 INFO ROUND 64
2022-02-09 08:28:40,759 INFO ROUND 65
2022-02-09 08:29:33,458 INFO Server -> Train: Loss 1.102 | Accuracy = 59.876
2022-02-09 08:29:36,175 INFO Server -> Test: Loss 1.152 | Accuracy = 58.050
2022-02-09 08:29:36,214 INFO ROUND 66
2022-02-09 08:30:16,724 INFO ROUND 67
2022-02-09 08:30:57,353 INFO ROUND 68
2022-02-09 08:31:38,328 INFO ROUND 69
2022-02-09 08:32:18,991 INFO ROUND 70
2022-02-09 08:33:12,429 INFO Server -> Train: Loss 0.942 | Accuracy = 67.912
2022-02-09 08:33:15,116 INFO Server -> Test: Loss 0.996 | Accuracy = 66.110
2022-02-09 08:33:15,157 INFO ROUND 71
2022-02-09 08:33:56,713 INFO ROUND 72
2022-02-09 08:34:38,134 INFO ROUND 73
2022-02-09 08:35:19,651 INFO ROUND 74
2022-02-09 08:36:01,474 INFO ROUND 75
2022-02-09 08:36:55,892 INFO Server -> Train: Loss 0.947 | Accuracy = 67.382
2022-02-09 08:36:58,620 INFO Server -> Test: Loss 1.010 | Accuracy = 65.270
2022-02-09 08:36:58,660 INFO ROUND 76
2022-02-09 08:37:40,953 INFO ROUND 77
2022-02-09 08:38:23,267 INFO ROUND 78
2022-02-09 08:39:05,723 INFO ROUND 79
2022-02-09 08:39:48,175 INFO ROUND 80
2022-02-09 08:40:43,347 INFO Server -> Train: Loss 0.907 | Accuracy = 68.866
2022-02-09 08:40:46,090 INFO Server -> Test: Loss 0.973 | Accuracy = 66.660
2022-02-09 08:40:46,139 INFO ROUND 81
2022-02-09 08:41:29,235 INFO ROUND 82
2022-02-09 08:42:12,000 INFO ROUND 83
2022-02-09 08:42:55,197 INFO ROUND 84
2022-02-09 08:43:38,228 INFO ROUND 85
2022-02-09 08:44:36,365 INFO Server -> Train: Loss 0.935 | Accuracy = 67.230
2022-02-09 08:44:39,153 INFO Server -> Test: Loss 1.011 | Accuracy = 64.360
2022-02-09 08:44:39,196 INFO ROUND 86
2022-02-09 08:45:22,718 INFO ROUND 87
2022-02-09 08:46:06,383 INFO ROUND 88
2022-02-09 08:46:50,280 INFO ROUND 89
2022-02-09 08:47:34,241 INFO ROUND 90
2022-02-09 08:48:30,881 INFO Server -> Train: Loss 0.890 | Accuracy = 68.528
2022-02-09 08:48:33,646 INFO Server -> Test: Loss 0.975 | Accuracy = 65.550
2022-02-09 08:48:33,684 INFO ROUND 91
2022-02-09 08:49:17,850 INFO ROUND 92
2022-02-09 08:50:02,293 INFO ROUND 93
2022-02-09 08:50:46,904 INFO ROUND 94
2022-02-09 08:51:31,675 INFO ROUND 95
2022-02-09 08:52:28,779 INFO Server -> Train: Loss 0.913 | Accuracy = 68.334
2022-02-09 08:52:31,528 INFO Server -> Test: Loss 0.997 | Accuracy = 65.750
2022-02-09 08:52:31,566 INFO ROUND 96
2022-02-09 08:53:16,680 INFO ROUND 97
2022-02-09 08:54:01,863 INFO ROUND 98
2022-02-09 08:54:47,306 INFO ROUND 99
2022-02-09 08:55:32,930 INFO ROUND 100
2022-02-09 08:56:31,139 INFO Server -> Train: Loss 0.906 | Accuracy = 68.152
2022-02-09 08:56:33,914 INFO Server -> Test: Loss 1.004 | Accuracy = 64.900
2022-02-09 08:56:33,953 INFO ROUND 101
2022-02-09 08:57:19,680 INFO ROUND 102
2022-02-09 08:58:05,617 INFO ROUND 103
2022-02-09 08:58:51,740 INFO ROUND 104
2022-02-09 08:59:37,908 INFO ROUND 105
2022-02-09 09:00:36,731 INFO Server -> Train: Loss 0.851 | Accuracy = 69.986
2022-02-09 09:00:39,509 INFO Server -> Test: Loss 0.956 | Accuracy = 66.580
2022-02-09 09:00:39,549 INFO ROUND 106
2022-02-09 09:01:26,180 INFO ROUND 107
2022-02-09 09:02:12,836 INFO ROUND 108
2022-02-09 09:02:59,683 INFO ROUND 109
2022-02-09 09:03:46,452 INFO ROUND 110
2022-02-09 09:04:46,179 INFO Server -> Train: Loss 0.922 | Accuracy = 67.564
2022-02-09 09:04:49,011 INFO Server -> Test: Loss 1.034 | Accuracy = 64.610
2022-02-09 09:04:49,052 INFO ROUND 111
2022-02-09 09:05:36,369 INFO ROUND 112
2022-02-09 09:06:23,756 INFO ROUND 113
2022-02-09 09:07:11,244 INFO ROUND 114
2022-02-09 09:07:58,889 INFO ROUND 115
2022-02-09 09:08:59,418 INFO Server -> Train: Loss 0.754 | Accuracy = 74.068
2022-02-09 09:09:02,215 INFO Server -> Test: Loss 0.874 | Accuracy = 69.610
2022-02-09 09:09:02,255 INFO ROUND 116
2022-02-09 09:09:50,480 INFO ROUND 117
2022-02-09 09:10:38,621 INFO ROUND 118
2022-02-09 09:11:27,055 INFO ROUND 119
2022-02-09 09:12:15,651 INFO ROUND 120
2022-02-09 09:13:16,913 INFO Server -> Train: Loss 0.777 | Accuracy = 72.572
2022-02-09 09:13:19,758 INFO Server -> Test: Loss 0.902 | Accuracy = 68.970
2022-02-09 09:13:19,798 INFO ROUND 121
2022-02-09 09:14:08,776 INFO ROUND 122
2022-02-09 09:14:57,911 INFO ROUND 123
2022-02-09 09:15:46,806 INFO ROUND 124
2022-02-09 09:16:35,921 INFO ROUND 125
2022-02-09 09:17:38,010 INFO Server -> Train: Loss 0.814 | Accuracy = 71.826
2022-02-09 09:17:40,862 INFO Server -> Test: Loss 0.951 | Accuracy = 67.170
2022-02-09 09:17:40,906 INFO ROUND 126
2022-02-09 09:18:30,463 INFO ROUND 127
2022-02-09 09:19:20,217 INFO ROUND 128
2022-02-09 09:20:12,084 INFO ROUND 129
2022-02-09 09:21:02,182 INFO ROUND 130
2022-02-09 09:22:05,015 INFO Server -> Train: Loss 0.778 | Accuracy = 72.498
2022-02-09 09:22:07,852 INFO Server -> Test: Loss 0.919 | Accuracy = 68.730
2022-02-09 09:22:07,909 INFO ROUND 131
2022-02-09 09:22:58,420 INFO ROUND 132
2022-02-09 09:23:48,696 INFO ROUND 133
2022-02-09 09:24:39,326 INFO ROUND 134
2022-02-09 09:25:29,862 INFO ROUND 135
2022-02-09 09:26:33,247 INFO Server -> Train: Loss 0.763 | Accuracy = 73.388
2022-02-09 09:26:36,127 INFO Server -> Test: Loss 0.910 | Accuracy = 67.860
2022-02-09 09:26:36,168 INFO ROUND 136
2022-02-09 09:27:27,220 INFO ROUND 137
2022-02-09 09:28:18,456 INFO ROUND 138
2022-02-09 09:29:09,399 INFO ROUND 139
2022-02-09 09:30:00,712 INFO ROUND 140
2022-02-09 09:31:04,881 INFO Server -> Train: Loss 0.727 | Accuracy = 74.246
2022-02-09 09:31:07,756 INFO Server -> Test: Loss 0.887 | Accuracy = 69.540
2022-02-09 09:31:07,795 INFO ROUND 141
2022-02-09 09:31:59,544 INFO ROUND 142
2022-02-09 09:32:51,032 INFO ROUND 143
2022-02-09 09:33:42,831 INFO ROUND 144
2022-02-09 09:34:34,803 INFO ROUND 145
2022-02-09 09:35:39,250 INFO Server -> Train: Loss 0.728 | Accuracy = 74.442
2022-02-09 09:35:42,147 INFO Server -> Test: Loss 0.902 | Accuracy = 68.750
2022-02-09 09:35:42,186 INFO ROUND 146
2022-02-09 09:36:34,678 INFO ROUND 147
2022-02-09 09:37:27,229 INFO ROUND 148
2022-02-09 09:38:19,884 INFO ROUND 149
2022-02-09 09:39:12,767 INFO ROUND 150
2022-02-09 09:40:18,421 INFO Server -> Train: Loss 0.684 | Accuracy = 76.492
2022-02-09 09:40:21,328 INFO Server -> Test: Loss 0.849 | Accuracy = 70.950
2022-02-09 09:40:21,366 INFO ROUND 151
2022-02-09 09:41:14,600 INFO ROUND 152
2022-02-09 09:42:08,104 INFO ROUND 153
2022-02-09 09:43:01,565 INFO ROUND 154
2022-02-09 09:43:55,183 INFO ROUND 155
2022-02-09 09:45:01,920 INFO Server -> Train: Loss 0.713 | Accuracy = 74.728
2022-02-09 09:45:04,824 INFO Server -> Test: Loss 0.894 | Accuracy = 68.500
2022-02-09 09:45:04,864 INFO ROUND 156
2022-02-09 09:45:58,852 INFO ROUND 157
2022-02-09 09:46:52,716 INFO ROUND 158
2022-02-09 09:47:46,805 INFO ROUND 159
2022-02-09 09:48:41,117 INFO ROUND 160
2022-02-09 09:49:48,200 INFO Server -> Train: Loss 0.699 | Accuracy = 75.616
2022-02-09 09:49:51,133 INFO Server -> Test: Loss 0.892 | Accuracy = 69.420
2022-02-09 09:49:51,175 INFO ROUND 161
2022-02-09 09:50:45,906 INFO ROUND 162
2022-02-09 09:51:40,617 INFO ROUND 163
2022-02-09 09:52:35,246 INFO ROUND 164
2022-02-09 09:53:29,966 INFO ROUND 165
2022-02-09 09:54:37,426 INFO Server -> Train: Loss 0.723 | Accuracy = 74.456
2022-02-09 09:54:40,344 INFO Server -> Test: Loss 0.928 | Accuracy = 68.380
2022-02-09 09:54:40,384 INFO ROUND 166
2022-02-09 09:55:35,915 INFO ROUND 167
2022-02-09 09:56:31,227 INFO ROUND 168
2022-02-09 09:57:26,715 INFO ROUND 169
2022-02-09 09:58:22,347 INFO ROUND 170
2022-02-09 09:59:30,872 INFO Server -> Train: Loss 0.649 | Accuracy = 76.970
2022-02-09 09:59:33,778 INFO Server -> Test: Loss 0.864 | Accuracy = 70.380
2022-02-09 09:59:33,826 INFO ROUND 171
2022-02-09 10:00:29,963 INFO ROUND 172
2022-02-09 10:01:26,165 INFO ROUND 173
2022-02-09 10:02:22,298 INFO ROUND 174
2022-02-09 10:03:18,945 INFO ROUND 175
2022-02-09 10:04:28,505 INFO Server -> Train: Loss 0.770 | Accuracy = 72.732
2022-02-09 10:04:31,447 INFO Server -> Test: Loss 0.987 | Accuracy = 66.440
2022-02-09 10:04:31,486 INFO ROUND 176
2022-02-09 10:05:28,431 INFO ROUND 177
2022-02-09 10:06:25,401 INFO ROUND 178
2022-02-09 10:07:22,523 INFO ROUND 179
2022-02-09 10:08:19,524 INFO ROUND 180
2022-02-09 10:09:29,515 INFO Server -> Train: Loss 0.602 | Accuracy = 79.146
2022-02-09 10:09:32,454 INFO Server -> Test: Loss 0.832 | Accuracy = 71.840
2022-02-09 10:09:32,494 INFO ROUND 181
2022-02-09 10:10:33,629 INFO ROUND 182
2022-02-09 10:11:32,031 INFO ROUND 183
2022-02-09 10:12:30,300 INFO ROUND 184
2022-02-09 10:13:28,632 INFO ROUND 185
2022-02-09 10:14:40,142 INFO Server -> Train: Loss 0.635 | Accuracy = 77.542
2022-02-09 10:14:43,155 INFO Server -> Test: Loss 0.881 | Accuracy = 69.850
2022-02-09 10:14:43,194 INFO ROUND 186
2022-02-09 10:15:41,903 INFO ROUND 187
2022-02-09 10:16:40,747 INFO ROUND 188
2022-02-09 10:17:39,769 INFO ROUND 189
2022-02-09 10:18:38,981 INFO ROUND 190
2022-02-09 10:19:51,155 INFO Server -> Train: Loss 0.594 | Accuracy = 79.194
2022-02-09 10:19:54,098 INFO Server -> Test: Loss 0.841 | Accuracy = 71.400
2022-02-09 10:19:54,142 INFO ROUND 191
2022-02-09 10:20:53,884 INFO ROUND 192
2022-02-09 10:21:53,645 INFO ROUND 193
2022-02-09 10:22:53,376 INFO ROUND 194
2022-02-09 10:23:53,531 INFO ROUND 195
2022-02-09 10:25:06,597 INFO Server -> Train: Loss 0.597 | Accuracy = 79.016
2022-02-09 10:25:09,625 INFO Server -> Test: Loss 0.846 | Accuracy = 71.710
2022-02-09 10:25:09,665 INFO ROUND 196
2022-02-09 10:26:10,017 INFO ROUND 197
2022-02-09 10:27:10,810 INFO ROUND 198
2022-02-09 10:28:11,227 INFO ROUND 199
2022-02-09 10:29:12,134 INFO ROUND 200
2022-02-09 10:30:25,993 INFO Server -> Train: Loss 0.559 | Accuracy = 80.256
2022-02-09 10:30:29,036 INFO Server -> Test: Loss 0.834 | Accuracy = 71.560
2022-02-09 10:30:29,077 INFO ROUND 201
2022-02-09 10:31:30,530 INFO ROUND 202
2022-02-09 10:32:31,861 INFO ROUND 203
2022-02-09 10:33:33,151 INFO ROUND 204
2022-02-09 10:34:34,510 INFO ROUND 205
2022-02-09 10:35:49,182 INFO Server -> Train: Loss 0.577 | Accuracy = 79.966
2022-02-09 10:35:52,220 INFO Server -> Test: Loss 0.856 | Accuracy = 71.520
2022-02-09 10:35:52,261 INFO ROUND 206
2022-02-09 10:36:54,093 INFO ROUND 207
2022-02-09 10:37:56,148 INFO ROUND 208
2022-02-09 10:38:58,478 INFO ROUND 209
2022-02-09 10:40:00,658 INFO ROUND 210
2022-02-09 10:41:15,741 INFO Server -> Train: Loss 0.507 | Accuracy = 82.380
2022-02-09 10:41:18,793 INFO Server -> Test: Loss 0.801 | Accuracy = 72.800
2022-02-09 10:41:18,832 INFO ROUND 211
2022-02-09 10:42:21,325 INFO ROUND 212
2022-02-09 10:43:23,818 INFO ROUND 213
2022-02-09 10:44:26,825 INFO ROUND 214
2022-02-09 10:45:29,771 INFO ROUND 215
2022-02-09 10:46:45,855 INFO Server -> Train: Loss 0.696 | Accuracy = 74.862
2022-02-09 10:46:48,976 INFO Server -> Test: Loss 0.997 | Accuracy = 66.790
2022-02-09 10:46:49,024 INFO ROUND 216
2022-02-09 10:47:52,450 INFO ROUND 217
2022-02-09 10:48:55,556 INFO ROUND 218
2022-02-09 10:49:59,137 INFO ROUND 219
2022-02-09 10:51:02,966 INFO ROUND 220
