2022-02-09 12:12:39,685 INFO Client samples sizes: [1000 1000 1000 1000 1000 1000 1000 1000 1000 1000 1000 1000 1000 1000
 1000 1000 1000 1000 1000 1000 1000 1000 1000 1000 1000 1000 1000 1000
 1000 1000 1000 1000 1000 1000 1000 1000 1000 1000 1000 1000 1000 1000
 1000 1000 1000 1000 1000 1000 1000 1000], total: 50000
2022-02-09 12:12:50,447 INFO ROUND 1
2022-02-09 12:13:14,462 INFO ROUND 2
2022-02-09 12:13:38,221 INFO ROUND 3
2022-02-09 12:14:02,324 INFO ROUND 4
2022-02-09 12:14:26,386 INFO ROUND 5
2022-02-09 12:14:59,501 INFO Server -> Train: Loss 1.522 | Accuracy = 41.288
2022-02-09 12:15:01,449 INFO Server -> Test: Loss 1.526 | Accuracy = 40.610
2022-02-09 12:15:01,497 INFO ROUND 6
2022-02-09 12:15:25,567 INFO ROUND 7
2022-02-09 12:15:49,910 INFO ROUND 8
2022-02-09 12:16:14,254 INFO ROUND 9
2022-02-09 12:16:38,738 INFO ROUND 10
2022-02-09 12:17:12,153 INFO Server -> Train: Loss 1.283 | Accuracy = 52.914
2022-02-09 12:17:14,055 INFO Server -> Test: Loss 1.294 | Accuracy = 52.380
2022-02-09 12:17:14,104 INFO ROUND 11
2022-02-09 12:17:38,737 INFO ROUND 12
2022-02-09 12:18:03,586 INFO ROUND 13
2022-02-09 12:18:28,439 INFO ROUND 14
2022-02-09 12:18:53,233 INFO ROUND 15
2022-02-09 12:19:27,702 INFO Server -> Train: Loss 1.155 | Accuracy = 57.986
2022-02-09 12:19:29,608 INFO Server -> Test: Loss 1.177 | Accuracy = 57.420
2022-02-09 12:19:29,662 INFO ROUND 16
2022-02-09 12:19:54,712 INFO ROUND 17
2022-02-09 12:20:19,948 INFO ROUND 18
2022-02-09 12:20:45,266 INFO ROUND 19
2022-02-09 12:21:12,201 INFO ROUND 20
2022-02-09 12:21:46,632 INFO Server -> Train: Loss 1.075 | Accuracy = 60.656
2022-02-09 12:21:48,591 INFO Server -> Test: Loss 1.106 | Accuracy = 59.440
2022-02-09 12:21:48,639 INFO ROUND 21
2022-02-09 12:22:14,118 INFO ROUND 22
2022-02-09 12:22:39,828 INFO ROUND 23
2022-02-09 12:23:05,730 INFO ROUND 24
2022-02-09 12:23:31,620 INFO ROUND 25
2022-02-09 12:24:06,403 INFO Server -> Train: Loss 0.968 | Accuracy = 65.426
2022-02-09 12:24:08,325 INFO Server -> Test: Loss 1.013 | Accuracy = 63.840
2022-02-09 12:24:08,374 INFO ROUND 26
2022-02-09 12:24:34,501 INFO ROUND 27
2022-02-09 12:25:00,473 INFO ROUND 28
2022-02-09 12:25:26,867 INFO ROUND 29
2022-02-09 12:25:53,430 INFO ROUND 30
2022-02-09 12:26:29,155 INFO Server -> Train: Loss 0.913 | Accuracy = 67.284
2022-02-09 12:26:31,148 INFO Server -> Test: Loss 0.971 | Accuracy = 65.300
2022-02-09 12:26:31,198 INFO ROUND 31
2022-02-09 12:26:57,749 INFO ROUND 32
2022-02-09 12:27:24,487 INFO ROUND 33
2022-02-09 12:27:51,659 INFO ROUND 34
2022-02-09 12:28:18,555 INFO ROUND 35
2022-02-09 12:28:54,761 INFO Server -> Train: Loss 0.850 | Accuracy = 69.972
2022-02-09 12:28:56,739 INFO Server -> Test: Loss 0.918 | Accuracy = 68.230
2022-02-09 12:28:56,801 INFO ROUND 36
2022-02-09 12:29:23,696 INFO ROUND 37
2022-02-09 12:29:50,723 INFO ROUND 38
2022-02-09 12:30:18,083 INFO ROUND 39
2022-02-09 12:30:45,521 INFO ROUND 40
2022-02-09 12:31:22,211 INFO Server -> Train: Loss 0.827 | Accuracy = 70.796
2022-02-09 12:31:24,235 INFO Server -> Test: Loss 0.909 | Accuracy = 68.190
2022-02-09 12:31:24,284 INFO ROUND 41
2022-02-09 12:31:51,976 INFO ROUND 42
2022-02-09 12:32:19,875 INFO ROUND 43
2022-02-09 12:32:47,766 INFO ROUND 44
2022-02-09 12:33:15,751 INFO ROUND 45
2022-02-09 12:33:53,241 INFO Server -> Train: Loss 0.760 | Accuracy = 73.328
2022-02-09 12:33:55,231 INFO Server -> Test: Loss 0.853 | Accuracy = 70.350
2022-02-09 12:33:55,281 INFO ROUND 46
2022-02-09 12:34:23,948 INFO ROUND 47
2022-02-09 12:34:52,364 INFO ROUND 48
2022-02-09 12:35:21,298 INFO ROUND 49
2022-02-09 12:35:50,546 INFO ROUND 50
2022-02-09 12:36:28,636 INFO Server -> Train: Loss 0.761 | Accuracy = 72.762
2022-02-09 12:36:30,607 INFO Server -> Test: Loss 0.869 | Accuracy = 69.230
2022-02-09 12:36:30,657 INFO ROUND 51
2022-02-09 12:36:59,688 INFO ROUND 52
2022-02-09 12:37:30,614 INFO ROUND 53
2022-02-09 12:38:00,073 INFO ROUND 54
2022-02-09 12:38:29,592 INFO ROUND 55
2022-02-09 12:39:07,937 INFO Server -> Train: Loss 0.703 | Accuracy = 75.450
2022-02-09 12:39:09,888 INFO Server -> Test: Loss 0.821 | Accuracy = 71.600
2022-02-09 12:39:09,937 INFO ROUND 56
2022-02-09 12:39:39,434 INFO ROUND 57
2022-02-09 12:40:09,019 INFO ROUND 58
2022-02-09 12:40:38,835 INFO ROUND 59
2022-02-09 12:41:08,752 INFO ROUND 60
2022-02-09 12:41:47,724 INFO Server -> Train: Loss 0.678 | Accuracy = 76.108
2022-02-09 12:41:49,626 INFO Server -> Test: Loss 0.812 | Accuracy = 71.530
2022-02-09 12:41:49,677 INFO ROUND 61
2022-02-09 12:42:19,856 INFO ROUND 62
2022-02-09 12:42:50,518 INFO ROUND 63
2022-02-09 12:43:21,595 INFO ROUND 64
2022-02-09 12:43:52,642 INFO ROUND 65
2022-02-09 12:44:32,286 INFO Server -> Train: Loss 0.637 | Accuracy = 77.864
2022-02-09 12:44:34,266 INFO Server -> Test: Loss 0.785 | Accuracy = 72.840
2022-02-09 12:44:34,315 INFO ROUND 66
2022-02-09 12:45:05,255 INFO ROUND 67
2022-02-09 12:45:36,118 INFO ROUND 68
2022-02-09 12:46:07,027 INFO ROUND 69
2022-02-09 12:46:38,385 INFO ROUND 70
2022-02-09 12:47:18,861 INFO Server -> Train: Loss 0.603 | Accuracy = 78.812
2022-02-09 12:47:20,941 INFO Server -> Test: Loss 0.766 | Accuracy = 73.560
2022-02-09 12:47:20,988 INFO ROUND 71
2022-02-09 12:47:52,688 INFO ROUND 72
2022-02-09 12:48:24,269 INFO ROUND 73
2022-02-09 12:48:55,833 INFO ROUND 74
2022-02-09 12:49:27,984 INFO ROUND 75
2022-02-09 12:50:09,298 INFO Server -> Train: Loss 0.597 | Accuracy = 78.938
2022-02-09 12:50:11,303 INFO Server -> Test: Loss 0.778 | Accuracy = 73.080
2022-02-09 12:50:11,351 INFO ROUND 76
2022-02-09 12:50:43,446 INFO ROUND 77
2022-02-09 12:51:15,455 INFO ROUND 78
2022-02-09 12:51:47,892 INFO ROUND 79
2022-02-09 12:52:20,216 INFO ROUND 80
2022-02-09 12:53:01,624 INFO Server -> Train: Loss 0.570 | Accuracy = 79.804
2022-02-09 12:53:03,560 INFO Server -> Test: Loss 0.768 | Accuracy = 73.710
2022-02-09 12:53:03,630 INFO ROUND 81
2022-02-09 12:53:36,454 INFO ROUND 82
2022-02-09 12:54:09,325 INFO ROUND 83
2022-02-09 12:54:41,986 INFO ROUND 84
2022-02-09 12:55:14,746 INFO ROUND 85
2022-02-09 12:55:56,971 INFO Server -> Train: Loss 0.556 | Accuracy = 80.292
2022-02-09 12:55:58,964 INFO Server -> Test: Loss 0.771 | Accuracy = 73.510
2022-02-09 12:55:59,011 INFO ROUND 86
2022-02-09 12:56:32,219 INFO ROUND 87
2022-02-09 12:57:07,636 INFO ROUND 88
2022-02-09 12:57:41,014 INFO ROUND 89
2022-02-09 12:58:14,363 INFO ROUND 90
2022-02-09 12:58:57,020 INFO Server -> Train: Loss 0.507 | Accuracy = 82.138
2022-02-09 12:58:59,004 INFO Server -> Test: Loss 0.738 | Accuracy = 74.640
2022-02-09 12:58:59,053 INFO ROUND 91
2022-02-09 12:59:32,870 INFO ROUND 92
2022-02-09 13:00:06,938 INFO ROUND 93
2022-02-09 13:00:40,961 INFO ROUND 94
2022-02-09 13:01:15,255 INFO ROUND 95
2022-02-09 13:01:58,801 INFO Server -> Train: Loss 0.512 | Accuracy = 81.810
2022-02-09 13:02:00,823 INFO Server -> Test: Loss 0.760 | Accuracy = 73.960
2022-02-09 13:02:00,873 INFO ROUND 96
2022-02-09 13:02:35,656 INFO ROUND 97
2022-02-09 13:03:10,056 INFO ROUND 98
2022-02-09 13:03:45,104 INFO ROUND 99
2022-02-09 13:04:19,874 INFO ROUND 100
2022-02-09 13:05:03,959 INFO Server -> Train: Loss 0.479 | Accuracy = 83.036
2022-02-09 13:05:06,036 INFO Server -> Test: Loss 0.754 | Accuracy = 74.310
2022-02-09 13:05:06,085 INFO ROUND 101
2022-02-09 13:05:41,384 INFO ROUND 102
2022-02-09 13:06:16,884 INFO ROUND 103
2022-02-09 13:06:52,472 INFO ROUND 104
2022-02-09 13:07:28,064 INFO ROUND 105
2022-02-09 13:08:13,224 INFO Server -> Train: Loss 0.457 | Accuracy = 83.842
2022-02-09 13:08:15,240 INFO Server -> Test: Loss 0.745 | Accuracy = 74.820
2022-02-09 13:08:15,289 INFO ROUND 106
2022-02-09 13:08:50,769 INFO ROUND 107
2022-02-09 13:09:26,554 INFO ROUND 108
2022-02-09 13:10:02,320 INFO ROUND 109
2022-02-09 13:10:38,355 INFO ROUND 110
2022-02-09 13:11:23,639 INFO Server -> Train: Loss 0.422 | Accuracy = 85.232
2022-02-09 13:11:25,658 INFO Server -> Test: Loss 0.730 | Accuracy = 75.510
2022-02-09 13:11:25,705 INFO ROUND 111
2022-02-09 13:12:02,470 INFO ROUND 112
2022-02-09 13:12:39,230 INFO ROUND 113
2022-02-09 13:13:16,083 INFO ROUND 114
2022-02-09 13:13:53,018 INFO ROUND 115
2022-02-09 13:14:39,577 INFO Server -> Train: Loss 0.446 | Accuracy = 83.748
2022-02-09 13:14:41,595 INFO Server -> Test: Loss 0.773 | Accuracy = 74.150
2022-02-09 13:14:41,642 INFO ROUND 116
2022-02-09 13:15:18,648 INFO ROUND 117
2022-02-09 13:15:55,779 INFO ROUND 118
2022-02-09 13:16:33,398 INFO ROUND 119
2022-02-09 13:17:11,538 INFO ROUND 120
2022-02-09 13:17:58,301 INFO Server -> Train: Loss 0.397 | Accuracy = 85.876
2022-02-09 13:18:00,497 INFO Server -> Test: Loss 0.743 | Accuracy = 75.350
2022-02-09 13:18:00,545 INFO ROUND 121
2022-02-09 13:18:38,183 INFO ROUND 122
2022-02-09 13:19:16,018 INFO ROUND 123
2022-02-09 13:19:54,144 INFO ROUND 124
2022-02-09 13:20:32,203 INFO ROUND 125
2022-02-09 13:21:19,387 INFO Server -> Train: Loss 0.383 | Accuracy = 86.428
2022-02-09 13:21:21,453 INFO Server -> Test: Loss 0.751 | Accuracy = 75.130
2022-02-09 13:21:21,500 INFO ROUND 126
2022-02-09 13:21:59,696 INFO ROUND 127
2022-02-09 13:22:38,137 INFO ROUND 128
2022-02-09 13:23:16,823 INFO ROUND 129
2022-02-09 13:23:55,770 INFO ROUND 130
2022-02-09 13:24:46,103 INFO Server -> Train: Loss 0.379 | Accuracy = 86.586
2022-02-09 13:24:48,248 INFO Server -> Test: Loss 0.767 | Accuracy = 74.690
2022-02-09 13:24:48,296 INFO ROUND 131
2022-02-09 13:25:27,648 INFO ROUND 132
2022-02-09 13:26:07,166 INFO ROUND 133
2022-02-09 13:26:46,693 INFO ROUND 134
2022-02-09 13:27:26,312 INFO ROUND 135
2022-02-09 13:28:15,511 INFO Server -> Train: Loss 0.371 | Accuracy = 86.906
2022-02-09 13:28:17,635 INFO Server -> Test: Loss 0.780 | Accuracy = 75.010
2022-02-09 13:28:17,691 INFO ROUND 136
2022-02-09 13:28:57,942 INFO ROUND 137
2022-02-09 13:29:38,238 INFO ROUND 138
2022-02-09 13:30:18,162 INFO ROUND 139
2022-02-09 13:30:58,373 INFO ROUND 140
2022-02-09 13:31:47,771 INFO Server -> Train: Loss 0.326 | Accuracy = 88.616
2022-02-09 13:31:49,938 INFO Server -> Test: Loss 0.752 | Accuracy = 75.750
2022-02-09 13:31:49,990 INFO ROUND 141
2022-02-09 13:32:30,682 INFO ROUND 142
2022-02-09 13:33:11,290 INFO ROUND 143
2022-02-09 13:33:52,505 INFO ROUND 144
2022-02-09 13:34:33,569 INFO ROUND 145
2022-02-09 13:35:23,665 INFO Server -> Train: Loss 0.313 | Accuracy = 89.156
2022-02-09 13:35:25,835 INFO Server -> Test: Loss 0.758 | Accuracy = 76.020
2022-02-09 13:35:25,902 INFO ROUND 146
2022-02-09 13:36:07,366 INFO ROUND 147
2022-02-09 13:36:48,736 INFO ROUND 148
2022-02-09 13:37:30,385 INFO ROUND 149
2022-02-09 13:38:11,777 INFO ROUND 150
2022-02-09 13:39:02,810 INFO Server -> Train: Loss 0.306 | Accuracy = 89.378
2022-02-09 13:39:04,956 INFO Server -> Test: Loss 0.760 | Accuracy = 75.490
2022-02-09 13:39:05,004 INFO ROUND 151
2022-02-09 13:39:46,906 INFO ROUND 152
2022-02-09 13:40:28,897 INFO ROUND 153
2022-02-09 13:41:10,889 INFO ROUND 154
2022-02-09 13:41:53,441 INFO ROUND 155
2022-02-09 13:42:45,032 INFO Server -> Train: Loss 0.282 | Accuracy = 90.222
2022-02-09 13:42:47,143 INFO Server -> Test: Loss 0.767 | Accuracy = 75.810
2022-02-09 13:42:47,209 INFO ROUND 156
2022-02-09 13:43:29,768 INFO ROUND 157
2022-02-09 13:44:12,642 INFO ROUND 158
2022-02-09 13:44:55,703 INFO ROUND 159
2022-02-09 13:45:38,673 INFO ROUND 160
2022-02-09 13:46:31,497 INFO Server -> Train: Loss 0.287 | Accuracy = 89.932
2022-02-09 13:46:33,755 INFO Server -> Test: Loss 0.798 | Accuracy = 75.390
2022-02-09 13:46:33,803 INFO ROUND 161
2022-02-09 13:47:17,099 INFO ROUND 162
2022-02-09 13:48:00,201 INFO ROUND 163
2022-02-09 13:48:43,733 INFO ROUND 164
2022-02-09 13:49:27,422 INFO ROUND 165
2022-02-09 13:50:19,956 INFO Server -> Train: Loss 0.275 | Accuracy = 90.448
2022-02-09 13:50:22,143 INFO Server -> Test: Loss 0.799 | Accuracy = 75.740
2022-02-09 13:50:22,210 INFO ROUND 166
2022-02-09 13:51:06,078 INFO ROUND 167
2022-02-09 13:51:49,668 INFO ROUND 168
2022-02-09 13:52:33,589 INFO ROUND 169
2022-02-09 13:53:17,516 INFO ROUND 170
2022-02-09 13:54:10,772 INFO Server -> Train: Loss 0.258 | Accuracy = 90.990
2022-02-09 13:54:12,924 INFO Server -> Test: Loss 0.799 | Accuracy = 75.890
2022-02-09 13:54:12,973 INFO ROUND 171
2022-02-09 13:54:57,448 INFO ROUND 172
2022-02-09 13:55:41,724 INFO ROUND 173
2022-02-09 13:56:26,181 INFO ROUND 174
2022-02-09 13:57:10,581 INFO ROUND 175
2022-02-09 13:58:04,484 INFO Server -> Train: Loss 0.240 | Accuracy = 91.710
2022-02-09 13:58:06,673 INFO Server -> Test: Loss 0.807 | Accuracy = 75.680
2022-02-09 13:58:06,722 INFO ROUND 176
2022-02-09 13:58:51,734 INFO ROUND 177
2022-02-09 13:59:36,848 INFO ROUND 178
2022-02-09 14:00:22,186 INFO ROUND 179
2022-02-09 14:01:07,412 INFO ROUND 180
2022-02-09 14:02:02,428 INFO Server -> Train: Loss 0.230 | Accuracy = 92.256
2022-02-09 14:02:04,640 INFO Server -> Test: Loss 0.810 | Accuracy = 75.940
2022-02-09 14:02:04,688 INFO ROUND 181
2022-02-09 14:02:53,356 INFO ROUND 182
2022-02-09 14:03:39,591 INFO ROUND 183
2022-02-09 14:04:26,288 INFO ROUND 184
2022-02-09 14:05:12,902 INFO ROUND 185
2022-02-09 14:06:08,962 INFO Server -> Train: Loss 0.227 | Accuracy = 91.946
2022-02-09 14:06:11,144 INFO Server -> Test: Loss 0.834 | Accuracy = 75.460
2022-02-09 14:06:11,201 INFO ROUND 186
2022-02-09 14:06:58,028 INFO ROUND 187
2022-02-09 14:07:44,721 INFO ROUND 188
2022-02-09 14:08:31,822 INFO ROUND 189
2022-02-09 14:09:18,548 INFO ROUND 190
2022-02-09 14:10:15,088 INFO Server -> Train: Loss 0.208 | Accuracy = 93.052
2022-02-09 14:10:17,295 INFO Server -> Test: Loss 0.818 | Accuracy = 75.970
2022-02-09 14:10:17,342 INFO ROUND 191
2022-02-09 14:11:04,423 INFO ROUND 192
2022-02-09 14:11:51,697 INFO ROUND 193
2022-02-09 14:12:39,214 INFO ROUND 194
2022-02-09 14:13:26,713 INFO ROUND 195
2022-02-09 14:14:24,144 INFO Server -> Train: Loss 0.215 | Accuracy = 92.578
2022-02-09 14:14:26,324 INFO Server -> Test: Loss 0.857 | Accuracy = 75.130
2022-02-09 14:14:26,371 INFO ROUND 196
2022-02-09 14:15:14,437 INFO ROUND 197
2022-02-09 14:16:02,371 INFO ROUND 198
2022-02-09 14:16:50,433 INFO ROUND 199
2022-02-09 14:17:38,520 INFO ROUND 200
2022-02-09 14:18:36,116 INFO Server -> Train: Loss 0.197 | Accuracy = 93.186
2022-02-09 14:18:38,368 INFO Server -> Test: Loss 0.856 | Accuracy = 75.550
2022-02-09 14:18:38,415 INFO ROUND 201
2022-02-09 14:19:26,993 INFO ROUND 202
2022-02-09 14:20:15,381 INFO ROUND 203
2022-02-09 14:21:03,538 INFO ROUND 204
2022-02-09 14:21:51,948 INFO ROUND 205
2022-02-09 14:22:50,154 INFO Server -> Train: Loss 0.187 | Accuracy = 93.740
2022-02-09 14:22:52,397 INFO Server -> Test: Loss 0.857 | Accuracy = 75.910
2022-02-09 14:22:52,446 INFO ROUND 206
2022-02-09 14:23:41,370 INFO ROUND 207
2022-02-09 14:24:30,467 INFO ROUND 208
2022-02-09 14:25:19,761 INFO ROUND 209
2022-02-09 14:26:09,104 INFO ROUND 210
2022-02-09 14:27:07,812 INFO Server -> Train: Loss 0.175 | Accuracy = 94.000
2022-02-09 14:27:10,057 INFO Server -> Test: Loss 0.869 | Accuracy = 75.520
2022-02-09 14:27:10,111 INFO ROUND 211
2022-02-09 14:27:59,487 INFO ROUND 212
2022-02-09 14:28:48,908 INFO ROUND 213
2022-02-09 14:29:38,523 INFO ROUND 214
2022-02-09 14:30:28,527 INFO ROUND 215
2022-02-09 14:31:27,723 INFO Server -> Train: Loss 0.176 | Accuracy = 94.042
2022-02-09 14:31:29,960 INFO Server -> Test: Loss 0.872 | Accuracy = 75.940
2022-02-09 14:31:30,011 INFO ROUND 216
2022-02-09 14:32:20,238 INFO ROUND 217
2022-02-09 14:33:10,646 INFO ROUND 218
2022-02-09 14:34:00,937 INFO ROUND 219
2022-02-09 14:34:51,650 INFO ROUND 220
2022-02-09 14:35:51,890 INFO Server -> Train: Loss 0.167 | Accuracy = 94.450
2022-02-09 14:35:54,090 INFO Server -> Test: Loss 0.884 | Accuracy = 75.660
2022-02-09 14:35:54,141 INFO ROUND 221
2022-02-09 14:36:45,217 INFO ROUND 222
2022-02-09 14:37:35,940 INFO ROUND 223
2022-02-09 14:38:26,853 INFO ROUND 224
2022-02-09 14:39:17,457 INFO ROUND 225
2022-02-09 14:40:17,931 INFO Server -> Train: Loss 0.165 | Accuracy = 94.434
2022-02-09 14:40:20,211 INFO Server -> Test: Loss 0.885 | Accuracy = 75.550
2022-02-09 14:40:20,259 INFO ROUND 226
2022-02-09 14:41:11,290 INFO ROUND 227
2022-02-09 14:42:02,035 INFO ROUND 228
2022-02-09 14:42:52,778 INFO ROUND 229
2022-02-09 14:43:43,943 INFO ROUND 230
2022-02-09 14:44:44,108 INFO Server -> Train: Loss 0.140 | Accuracy = 95.528
2022-02-09 14:44:46,350 INFO Server -> Test: Loss 0.870 | Accuracy = 76.150
2022-02-09 14:44:46,401 INFO ROUND 231
2022-02-09 14:45:37,627 INFO ROUND 232
2022-02-09 14:46:29,290 INFO ROUND 233
2022-02-09 14:47:20,706 INFO ROUND 234
2022-02-09 14:48:12,156 INFO ROUND 235
2022-02-09 14:49:12,971 INFO Server -> Train: Loss 0.148 | Accuracy = 95.028
2022-02-09 14:49:15,229 INFO Server -> Test: Loss 0.915 | Accuracy = 75.810
2022-02-09 14:49:15,280 INFO ROUND 236
2022-02-09 14:50:07,187 INFO ROUND 237
2022-02-09 14:50:59,123 INFO ROUND 238
2022-02-09 14:51:51,237 INFO ROUND 239
2022-02-09 14:52:43,546 INFO ROUND 240
2022-02-09 14:53:45,787 INFO Server -> Train: Loss 0.146 | Accuracy = 95.184
2022-02-09 14:53:48,099 INFO Server -> Test: Loss 0.915 | Accuracy = 75.820
2022-02-09 14:53:48,148 INFO ROUND 241
2022-02-09 14:54:40,947 INFO ROUND 242
2022-02-09 14:55:33,822 INFO ROUND 243
2022-02-09 14:56:26,597 INFO ROUND 244
2022-02-09 14:57:19,888 INFO ROUND 245
2022-02-09 14:58:25,411 INFO Server -> Train: Loss 0.126 | Accuracy = 95.962
2022-02-09 14:58:27,719 INFO Server -> Test: Loss 0.911 | Accuracy = 75.860
2022-02-09 14:58:27,770 INFO ROUND 246
2022-02-09 14:59:21,109 INFO ROUND 247
2022-02-09 15:00:14,628 INFO ROUND 248
2022-02-09 15:01:08,234 INFO ROUND 249
2022-02-09 15:02:02,102 INFO ROUND 250
2022-02-09 15:03:05,460 INFO Server -> Train: Loss 0.132 | Accuracy = 95.694
2022-02-09 15:03:07,866 INFO Server -> Test: Loss 0.929 | Accuracy = 75.600
2022-02-09 15:03:07,914 INFO ROUND 251
2022-02-09 15:04:01,930 INFO ROUND 252
2022-02-09 15:04:55,688 INFO ROUND 253
2022-02-09 15:05:49,790 INFO ROUND 254
2022-02-09 15:06:44,262 INFO ROUND 255
2022-02-09 15:07:48,080 INFO Server -> Train: Loss 0.134 | Accuracy = 95.644
2022-02-09 15:07:50,404 INFO Server -> Test: Loss 0.927 | Accuracy = 75.610
2022-02-09 15:07:50,452 INFO ROUND 256
2022-02-09 15:08:45,500 INFO ROUND 257
2022-02-09 15:09:40,042 INFO ROUND 258
2022-02-09 15:10:35,149 INFO ROUND 259
2022-02-09 15:11:30,320 INFO ROUND 260
2022-02-09 15:12:34,993 INFO Server -> Train: Loss 0.122 | Accuracy = 96.104
2022-02-09 15:12:37,375 INFO Server -> Test: Loss 0.936 | Accuracy = 75.630
2022-02-09 15:12:37,422 INFO ROUND 261
2022-02-09 15:13:32,653 INFO ROUND 262
2022-02-09 15:14:27,853 INFO ROUND 263
2022-02-09 15:15:23,386 INFO ROUND 264
2022-02-09 15:16:18,694 INFO ROUND 265
2022-02-09 15:17:24,499 INFO Server -> Train: Loss 0.113 | Accuracy = 96.472
2022-02-09 15:17:26,951 INFO Server -> Test: Loss 0.936 | Accuracy = 75.900
2022-02-09 15:17:27,000 INFO ROUND 266
2022-02-09 15:18:23,773 INFO ROUND 267
2022-02-09 15:19:20,445 INFO ROUND 268
2022-02-09 15:20:17,500 INFO ROUND 269
2022-02-09 15:21:32,251 INFO Client samples sizes: [1000 1000 1000 1000 1000 1000 1000 1000 1000 1000 1000 1000 1000 1000
 1000 1000 1000 1000 1000 1000 1000 1000 1000 1000 1000 1000 1000 1000
 1000 1000 1000 1000 1000 1000 1000 1000 1000 1000 1000 1000 1000 1000
 1000 1000 1000 1000 1000 1000 1000 1000], total: 50000
2022-02-09 15:21:39,109 INFO ROUND 266
2022-02-09 15:22:03,571 INFO ROUND 267
2022-02-09 15:22:28,272 INFO ROUND 268
2022-02-09 15:22:52,972 INFO ROUND 269
2022-02-09 15:23:17,621 INFO ROUND 270
2022-02-09 15:23:51,371 INFO Server -> Train: Loss 0.106 | Accuracy = 97.054
2022-02-09 15:23:53,226 INFO Server -> Test: Loss 0.873 | Accuracy = 76.650
2022-02-09 15:23:53,279 INFO ROUND 271
2022-02-09 15:24:18,379 INFO ROUND 272
2022-02-09 15:24:43,112 INFO ROUND 273
2022-02-09 15:25:07,947 INFO ROUND 274
2022-02-09 15:25:33,017 INFO ROUND 275
2022-02-09 15:26:06,948 INFO Server -> Train: Loss 0.089 | Accuracy = 97.756
2022-02-09 15:26:08,805 INFO Server -> Test: Loss 0.876 | Accuracy = 76.550
2022-02-09 15:26:08,853 INFO ROUND 276
2022-02-09 15:26:33,969 INFO ROUND 277
2022-02-09 15:26:59,276 INFO ROUND 278
2022-02-09 15:27:24,718 INFO ROUND 279
2022-02-09 15:27:50,173 INFO ROUND 280
2022-02-09 15:28:24,800 INFO Server -> Train: Loss 0.087 | Accuracy = 97.712
2022-02-09 15:28:26,791 INFO Server -> Test: Loss 0.901 | Accuracy = 76.320
2022-02-09 15:28:26,839 INFO ROUND 281
2022-02-09 15:28:52,510 INFO ROUND 282
2022-02-09 15:29:18,094 INFO ROUND 283
2022-02-09 15:29:43,768 INFO ROUND 284
2022-02-09 15:30:10,485 INFO ROUND 285
2022-02-09 15:30:44,923 INFO Server -> Train: Loss 0.081 | Accuracy = 97.922
2022-02-09 15:30:46,785 INFO Server -> Test: Loss 0.908 | Accuracy = 76.300
2022-02-09 15:30:46,851 INFO ROUND 286
2022-02-09 15:31:12,593 INFO ROUND 287
2022-02-09 15:31:38,493 INFO ROUND 288
2022-02-09 15:32:04,451 INFO ROUND 289
2022-02-09 15:32:30,618 INFO ROUND 290
2022-02-09 15:33:05,736 INFO Server -> Train: Loss 0.066 | Accuracy = 98.488
2022-02-09 15:33:07,644 INFO Server -> Test: Loss 0.917 | Accuracy = 76.700
2022-02-09 15:33:07,691 INFO ROUND 291
2022-02-09 15:33:34,077 INFO ROUND 292
2022-02-09 15:34:00,382 INFO ROUND 293
2022-02-09 15:34:26,926 INFO ROUND 294
2022-02-09 15:34:53,523 INFO ROUND 295
2022-02-09 15:35:29,167 INFO Server -> Train: Loss 0.064 | Accuracy = 98.594
2022-02-09 15:35:31,132 INFO Server -> Test: Loss 0.925 | Accuracy = 76.610
2022-02-09 15:35:31,179 INFO ROUND 296
2022-02-09 15:35:57,991 INFO ROUND 297
2022-02-09 15:36:24,813 INFO ROUND 298
2022-02-09 15:36:51,740 INFO ROUND 299
2022-02-09 15:37:18,779 INFO ROUND 300
2022-02-09 15:37:54,564 INFO Server -> Train: Loss 0.057 | Accuracy = 98.818
2022-02-09 15:37:56,450 INFO Server -> Test: Loss 0.936 | Accuracy = 76.610
2022-02-09 15:37:56,497 INFO ROUND 301
2022-02-09 15:38:23,893 INFO ROUND 302
2022-02-09 15:38:51,483 INFO ROUND 303
2022-02-09 15:39:19,735 INFO ROUND 304
2022-02-09 15:39:48,496 INFO ROUND 305
2022-02-09 15:40:25,185 INFO Server -> Train: Loss 0.053 | Accuracy = 98.956
2022-02-09 15:40:27,151 INFO Server -> Test: Loss 0.949 | Accuracy = 76.750
2022-02-09 15:40:27,210 INFO ROUND 306
2022-02-09 15:40:55,467 INFO ROUND 307
2022-02-09 15:41:23,508 INFO ROUND 308
2022-02-09 15:41:51,892 INFO ROUND 309
2022-02-09 15:42:20,367 INFO ROUND 310
2022-02-09 15:42:57,950 INFO Server -> Train: Loss 0.049 | Accuracy = 99.022
2022-02-09 15:42:59,863 INFO Server -> Test: Loss 0.952 | Accuracy = 76.890
2022-02-09 15:42:59,910 INFO ROUND 311
2022-02-09 15:43:28,907 INFO ROUND 312
2022-02-09 15:43:57,809 INFO ROUND 313
2022-02-09 15:44:26,751 INFO ROUND 314
2022-02-09 15:44:55,761 INFO ROUND 315
2022-02-09 15:45:33,817 INFO Server -> Train: Loss 0.045 | Accuracy = 99.180
2022-02-09 15:45:35,699 INFO Server -> Test: Loss 0.962 | Accuracy = 76.850
2022-02-09 15:45:35,746 INFO ROUND 316
2022-02-09 15:46:04,839 INFO ROUND 317
2022-02-09 15:46:36,053 INFO ROUND 318
2022-02-09 15:47:05,532 INFO ROUND 319
2022-02-09 15:47:35,000 INFO ROUND 320
2022-02-09 15:48:13,807 INFO Server -> Train: Loss 0.044 | Accuracy = 99.266
2022-02-09 15:48:15,723 INFO Server -> Test: Loss 0.965 | Accuracy = 76.890
2022-02-09 15:48:15,770 INFO ROUND 321
2022-02-09 15:48:45,720 INFO ROUND 322
2022-02-09 15:49:15,709 INFO ROUND 323
2022-02-09 15:49:45,888 INFO ROUND 324
2022-02-09 15:50:16,314 INFO ROUND 325
2022-02-09 15:50:55,491 INFO Server -> Train: Loss 0.046 | Accuracy = 99.094
2022-02-09 15:50:57,420 INFO Server -> Test: Loss 0.986 | Accuracy = 76.760
2022-02-09 15:50:57,467 INFO ROUND 326
2022-02-09 15:51:27,930 INFO ROUND 327
2022-02-09 15:51:58,352 INFO ROUND 328
2022-02-09 15:52:29,052 INFO ROUND 329
2022-02-09 15:53:00,089 INFO ROUND 330
2022-02-09 15:53:40,726 INFO Server -> Train: Loss 0.038 | Accuracy = 99.390
2022-02-09 15:53:42,744 INFO Server -> Test: Loss 0.988 | Accuracy = 76.900
2022-02-09 15:53:42,793 INFO ROUND 331
2022-02-09 15:54:14,900 INFO ROUND 332
2022-02-09 15:54:46,991 INFO ROUND 333
2022-02-09 15:55:18,795 INFO ROUND 334
2022-02-09 15:55:50,402 INFO ROUND 335
2022-02-09 15:56:31,056 INFO Server -> Train: Loss 0.038 | Accuracy = 99.398
2022-02-09 15:56:33,018 INFO Server -> Test: Loss 0.991 | Accuracy = 76.860
2022-02-09 15:56:33,071 INFO ROUND 336
2022-02-09 15:57:04,862 INFO ROUND 337
2022-02-09 15:57:36,539 INFO ROUND 338
2022-02-09 15:58:08,794 INFO ROUND 339
2022-02-09 15:58:41,169 INFO ROUND 340
2022-02-09 15:59:22,476 INFO Server -> Train: Loss 0.038 | Accuracy = 99.384
2022-02-09 15:59:24,425 INFO Server -> Test: Loss 1.003 | Accuracy = 76.850
2022-02-09 15:59:24,472 INFO ROUND 341
2022-02-09 15:59:56,814 INFO ROUND 342
2022-02-09 16:00:29,258 INFO ROUND 343
2022-02-09 16:01:01,778 INFO ROUND 344
2022-02-09 16:01:34,179 INFO ROUND 345
2022-02-09 16:02:15,761 INFO Server -> Train: Loss 0.035 | Accuracy = 99.472
2022-02-09 16:02:17,737 INFO Server -> Test: Loss 1.015 | Accuracy = 76.670
2022-02-09 16:02:17,784 INFO ROUND 346
2022-02-09 16:02:50,735 INFO ROUND 347
2022-02-09 16:03:23,830 INFO ROUND 348
2022-02-09 16:03:56,817 INFO ROUND 349
2022-02-09 16:04:29,916 INFO ROUND 350
2022-02-09 16:05:12,497 INFO Server -> Train: Loss 0.031 | Accuracy = 99.608
2022-02-09 16:05:14,448 INFO Server -> Test: Loss 1.010 | Accuracy = 76.650
2022-02-09 16:05:14,500 INFO ROUND 351
2022-02-09 16:05:49,746 INFO ROUND 352
2022-02-09 16:06:23,331 INFO ROUND 353
2022-02-09 16:06:56,790 INFO ROUND 354
2022-02-09 16:07:30,706 INFO ROUND 355
2022-02-09 16:08:13,903 INFO Server -> Train: Loss 0.029 | Accuracy = 99.650
2022-02-09 16:08:15,891 INFO Server -> Test: Loss 1.016 | Accuracy = 77.010
2022-02-09 16:08:15,942 INFO ROUND 356
2022-02-09 16:08:50,492 INFO ROUND 357
2022-02-09 16:09:25,136 INFO ROUND 358
2022-02-09 16:09:59,638 INFO ROUND 359
2022-02-09 16:10:34,245 INFO ROUND 360
2022-02-09 16:11:18,001 INFO Server -> Train: Loss 0.030 | Accuracy = 99.574
2022-02-09 16:11:19,998 INFO Server -> Test: Loss 1.014 | Accuracy = 76.760
2022-02-09 16:11:20,046 INFO ROUND 361
2022-02-09 16:11:54,826 INFO ROUND 362
2022-02-09 16:12:29,614 INFO ROUND 363
2022-02-09 16:13:04,848 INFO ROUND 364
2022-02-09 16:13:40,358 INFO ROUND 365
2022-02-09 16:14:24,819 INFO Server -> Train: Loss 0.029 | Accuracy = 99.604
2022-02-09 16:14:26,902 INFO Server -> Test: Loss 1.026 | Accuracy = 76.720
2022-02-09 16:14:26,952 INFO ROUND 366
2022-02-09 16:15:04,257 INFO ROUND 367
2022-02-09 16:15:40,382 INFO ROUND 368
2022-02-09 16:16:16,149 INFO ROUND 369
2022-02-09 16:16:52,370 INFO ROUND 370
2022-02-09 16:17:37,670 INFO Server -> Train: Loss 0.028 | Accuracy = 99.634
2022-02-09 16:17:39,715 INFO Server -> Test: Loss 1.038 | Accuracy = 76.910
2022-02-09 16:17:39,763 INFO ROUND 371
2022-02-09 16:18:16,358 INFO ROUND 372
2022-02-09 16:18:52,999 INFO ROUND 373
2022-02-09 16:19:29,710 INFO ROUND 374
2022-02-09 16:20:06,546 INFO ROUND 375
2022-02-09 16:20:52,615 INFO Server -> Train: Loss 0.026 | Accuracy = 99.710
2022-02-09 16:20:54,649 INFO Server -> Test: Loss 1.016 | Accuracy = 77.020
2022-02-09 16:20:54,713 INFO ROUND 376
2022-02-09 16:21:31,985 INFO ROUND 377
2022-02-09 16:22:09,067 INFO ROUND 378
2022-02-09 16:22:46,317 INFO ROUND 379
2022-02-09 16:23:23,703 INFO ROUND 380
2022-02-09 16:24:10,268 INFO Server -> Train: Loss 0.026 | Accuracy = 99.680
2022-02-09 16:24:12,305 INFO Server -> Test: Loss 1.032 | Accuracy = 76.910
2022-02-09 16:24:12,353 INFO ROUND 381
2022-02-09 16:24:50,004 INFO ROUND 382
2022-02-09 16:25:27,523 INFO ROUND 383
2022-02-09 16:26:05,359 INFO ROUND 384
2022-02-09 16:26:43,553 INFO ROUND 385
2022-02-09 16:27:30,854 INFO Server -> Train: Loss 0.024 | Accuracy = 99.766
2022-02-09 16:27:32,943 INFO Server -> Test: Loss 1.034 | Accuracy = 76.940
2022-02-09 16:27:33,010 INFO ROUND 386
2022-02-09 16:28:11,619 INFO ROUND 387
2022-02-09 16:28:50,256 INFO ROUND 388
2022-02-09 16:29:28,904 INFO ROUND 389
2022-02-09 16:30:07,464 INFO ROUND 390
2022-02-09 16:30:55,308 INFO Server -> Train: Loss 0.024 | Accuracy = 99.772
2022-02-09 16:30:57,390 INFO Server -> Test: Loss 1.030 | Accuracy = 76.800
2022-02-09 16:30:57,438 INFO ROUND 391
2022-02-09 16:31:36,446 INFO ROUND 392
2022-02-09 16:32:15,524 INFO ROUND 393
2022-02-09 16:32:54,878 INFO ROUND 394
2022-02-09 16:33:35,912 INFO ROUND 395
2022-02-09 16:34:24,156 INFO Server -> Train: Loss 0.023 | Accuracy = 99.784
2022-02-09 16:34:26,225 INFO Server -> Test: Loss 1.045 | Accuracy = 76.740
2022-02-09 16:34:26,280 INFO ROUND 396
