2022-02-07 07:22:10,601 INFO ('Client samples sizes:', array([1000, 1000, 1000, 1000, 1000, 1000, 1000, 1000, 1000, 1000, 1000,
       1000, 1000, 1000, 1000, 1000, 1000, 1000, 1000, 1000, 1000, 1000,
       1000, 1000, 1000, 1000, 1000, 1000, 1000, 1000, 1000, 1000, 1000,
       1000, 1000, 1000, 1000, 1000, 1000, 1000, 1000, 1000, 1000, 1000,
       1000, 1000, 1000, 1000, 1000, 1000]), 'total:', 50000)
2022-02-07 07:22:28,763 INFO ROUND 1
2022-02-07 07:22:52,436 INFO ROUND 2
2022-02-07 07:23:16,491 INFO ROUND 3
2022-02-07 07:23:41,323 INFO ROUND 4
2022-02-07 07:24:05,808 INFO ROUND 5
2022-02-07 07:24:40,021 INFO Server -> Train: Loss 2.097 | Accuracy = 24.172
2022-02-07 07:24:42,033 INFO Server -> Test: Loss 2.094 | Accuracy = 24.440
2022-02-07 07:24:42,066 INFO ROUND 6
2022-02-07 07:25:07,604 INFO ROUND 7
2022-02-07 07:25:33,236 INFO ROUND 8
2022-02-07 07:25:58,819 INFO ROUND 9
2022-02-07 07:26:24,868 INFO ROUND 10
2022-02-07 07:27:00,006 INFO Server -> Train: Loss 1.890 | Accuracy = 30.684
2022-02-07 07:27:01,986 INFO Server -> Test: Loss 1.885 | Accuracy = 30.800
2022-02-07 07:27:02,021 INFO ROUND 11
2022-02-07 07:27:27,531 INFO ROUND 12
2022-02-07 07:27:52,723 INFO ROUND 13
2022-02-07 07:28:18,107 INFO ROUND 14
2022-02-07 07:28:43,419 INFO ROUND 15
2022-02-07 07:29:18,193 INFO Server -> Train: Loss 1.769 | Accuracy = 37.258
2022-02-07 07:29:20,147 INFO Server -> Test: Loss 1.762 | Accuracy = 37.120
2022-02-07 07:29:20,181 INFO ROUND 16
2022-02-07 07:29:45,636 INFO ROUND 17
2022-02-07 07:30:11,767 INFO ROUND 18
2022-02-07 07:30:37,459 INFO ROUND 19
2022-02-07 07:31:04,654 INFO ROUND 20
2022-02-07 07:31:40,269 INFO Server -> Train: Loss 1.628 | Accuracy = 42.534
2022-02-07 07:31:42,269 INFO Server -> Test: Loss 1.629 | Accuracy = 42.060
2022-02-07 07:31:42,324 INFO ROUND 21
2022-02-07 07:32:08,677 INFO ROUND 22
2022-02-07 07:32:34,916 INFO ROUND 23
2022-02-07 07:33:01,334 INFO ROUND 24
2022-02-07 07:33:27,933 INFO ROUND 25
2022-02-07 07:34:04,103 INFO Server -> Train: Loss 1.525 | Accuracy = 45.900
2022-02-07 07:34:06,097 INFO Server -> Test: Loss 1.536 | Accuracy = 44.820
2022-02-07 07:34:06,130 INFO ROUND 26
2022-02-07 07:34:32,837 INFO ROUND 27
2022-02-07 07:34:59,290 INFO ROUND 28
2022-02-07 07:35:25,901 INFO ROUND 29
2022-02-07 07:35:52,515 INFO ROUND 30
2022-02-07 07:36:28,558 INFO Server -> Train: Loss 1.446 | Accuracy = 47.806
2022-02-07 07:36:30,530 INFO Server -> Test: Loss 1.467 | Accuracy = 46.400
2022-02-07 07:36:30,562 INFO ROUND 31
2022-02-07 07:36:57,890 INFO ROUND 32
2022-02-07 07:37:25,088 INFO ROUND 33
2022-02-07 07:37:52,696 INFO ROUND 34
2022-02-07 07:38:19,791 INFO ROUND 35
2022-02-07 07:38:56,406 INFO Server -> Train: Loss 1.395 | Accuracy = 51.272
2022-02-07 07:38:58,389 INFO Server -> Test: Loss 1.429 | Accuracy = 49.460
2022-02-07 07:38:58,424 INFO ROUND 36
2022-02-07 07:39:25,802 INFO ROUND 37
2022-02-07 07:39:53,599 INFO ROUND 38
2022-02-07 07:40:21,255 INFO ROUND 39
2022-02-07 07:40:49,004 INFO ROUND 40
2022-02-07 07:41:26,757 INFO Server -> Train: Loss 1.318 | Accuracy = 53.086
2022-02-07 07:41:28,771 INFO Server -> Test: Loss 1.371 | Accuracy = 51.350
2022-02-07 07:41:28,805 INFO ROUND 41
2022-02-07 07:41:57,673 INFO ROUND 42
2022-02-07 07:42:26,680 INFO ROUND 43
2022-02-07 07:42:55,603 INFO ROUND 44
2022-02-07 07:43:24,616 INFO ROUND 45
2022-02-07 07:44:02,773 INFO Server -> Train: Loss 1.336 | Accuracy = 52.522
2022-02-07 07:44:04,773 INFO Server -> Test: Loss 1.407 | Accuracy = 50.700
2022-02-07 07:44:04,806 INFO ROUND 46
2022-02-07 07:44:34,162 INFO ROUND 47
2022-02-07 07:45:03,725 INFO ROUND 48
2022-02-07 07:45:33,263 INFO ROUND 49
2022-02-07 07:46:02,778 INFO ROUND 50
2022-02-07 07:46:42,147 INFO Server -> Train: Loss 1.253 | Accuracy = 56.114
2022-02-07 07:46:44,151 INFO Server -> Test: Loss 1.339 | Accuracy = 53.790
2022-02-07 07:46:44,184 INFO ROUND 51
2022-02-07 07:47:14,258 INFO ROUND 52
2022-02-07 07:47:44,313 INFO ROUND 53
2022-02-07 07:48:14,247 INFO ROUND 54
2022-02-07 07:48:44,434 INFO ROUND 55
2022-02-07 07:49:26,295 INFO Server -> Train: Loss 1.194 | Accuracy = 58.396
2022-02-07 07:49:28,335 INFO Server -> Test: Loss 1.302 | Accuracy = 55.080
2022-02-07 07:49:28,368 INFO ROUND 56
2022-02-07 07:49:58,895 INFO ROUND 57
2022-02-07 07:50:29,529 INFO ROUND 58
2022-02-07 07:50:59,992 INFO ROUND 59
2022-02-07 07:51:29,954 INFO ROUND 60
2022-02-07 07:52:09,389 INFO Server -> Train: Loss 1.146 | Accuracy = 59.458
2022-02-07 07:52:11,408 INFO Server -> Test: Loss 1.283 | Accuracy = 55.540
2022-02-07 07:52:11,444 INFO ROUND 61
2022-02-07 07:52:42,205 INFO ROUND 62
2022-02-07 07:53:12,751 INFO ROUND 63
2022-02-07 07:53:43,430 INFO ROUND 64
2022-02-07 07:54:14,353 INFO ROUND 65
2022-02-07 07:54:54,474 INFO Server -> Train: Loss 1.106 | Accuracy = 61.286
2022-02-07 07:54:56,468 INFO Server -> Test: Loss 1.278 | Accuracy = 56.460
2022-02-07 07:54:56,500 INFO ROUND 66
2022-02-07 07:55:27,503 INFO ROUND 67
2022-02-07 07:55:58,893 INFO ROUND 68
2022-02-07 07:56:30,254 INFO ROUND 69
2022-02-07 07:57:01,763 INFO ROUND 70
2022-02-07 07:57:42,526 INFO Server -> Train: Loss 1.198 | Accuracy = 59.012
2022-02-07 07:57:44,552 INFO Server -> Test: Loss 1.409 | Accuracy = 54.080
2022-02-07 07:57:44,591 INFO ROUND 71
2022-02-07 07:58:16,803 INFO ROUND 72
2022-02-07 07:58:49,219 INFO ROUND 73
2022-02-07 07:59:21,718 INFO ROUND 74
2022-02-07 07:59:54,415 INFO ROUND 75
2022-02-07 08:00:36,920 INFO Server -> Train: Loss 1.043 | Accuracy = 64.094
2022-02-07 08:00:39,038 INFO Server -> Test: Loss 1.293 | Accuracy = 57.730
2022-02-07 08:00:39,073 INFO ROUND 76
2022-02-07 08:01:12,189 INFO ROUND 77
2022-02-07 08:01:45,351 INFO ROUND 78
2022-02-07 08:02:18,662 INFO ROUND 79
2022-02-07 08:02:52,195 INFO ROUND 80
2022-02-07 08:03:35,228 INFO Server -> Train: Loss 1.011 | Accuracy = 65.344
2022-02-07 08:03:37,296 INFO Server -> Test: Loss 1.284 | Accuracy = 57.760
2022-02-07 08:03:37,328 INFO ROUND 81
2022-02-07 08:04:10,973 INFO ROUND 82
2022-02-07 08:04:44,567 INFO ROUND 83
2022-02-07 08:05:18,591 INFO ROUND 84
2022-02-07 08:05:52,471 INFO ROUND 85
2022-02-07 08:06:36,057 INFO Server -> Train: Loss 0.945 | Accuracy = 67.600
2022-02-07 08:06:38,197 INFO Server -> Test: Loss 1.273 | Accuracy = 59.600
2022-02-07 08:06:38,231 INFO ROUND 86
2022-02-07 08:07:12,532 INFO ROUND 87
2022-02-07 08:07:46,965 INFO ROUND 88
2022-02-07 08:08:21,084 INFO ROUND 89
2022-02-07 08:08:55,209 INFO ROUND 90
2022-02-07 08:09:40,492 INFO Server -> Train: Loss 0.939 | Accuracy = 68.380
2022-02-07 08:09:42,524 INFO Server -> Test: Loss 1.307 | Accuracy = 59.390
2022-02-07 08:09:42,558 INFO ROUND 91
2022-02-07 08:10:16,634 INFO ROUND 92
2022-02-07 08:10:50,776 INFO ROUND 93
2022-02-07 08:11:25,102 INFO ROUND 94
2022-02-07 08:11:59,511 INFO ROUND 95
2022-02-07 08:12:43,203 INFO Server -> Train: Loss 0.901 | Accuracy = 69.398
2022-02-07 08:12:45,215 INFO Server -> Test: Loss 1.311 | Accuracy = 59.400
2022-02-07 08:12:45,246 INFO ROUND 96
2022-02-07 08:13:20,042 INFO ROUND 97
2022-02-07 08:13:54,713 INFO ROUND 98
2022-02-07 08:14:29,529 INFO ROUND 99
2022-02-07 08:15:05,361 INFO ROUND 100
2022-02-07 08:15:50,915 INFO Server -> Train: Loss 0.877 | Accuracy = 70.396
2022-02-07 08:15:52,988 INFO Server -> Test: Loss 1.326 | Accuracy = 59.760
2022-02-07 08:15:53,023 INFO ROUND 101
2022-02-07 08:16:29,161 INFO ROUND 102
2022-02-07 08:17:05,759 INFO ROUND 103
2022-02-07 08:17:42,432 INFO ROUND 104
2022-02-07 08:18:19,124 INFO ROUND 105
2022-02-07 08:19:05,320 INFO Server -> Train: Loss 0.912 | Accuracy = 69.472
2022-02-07 08:19:07,428 INFO Server -> Test: Loss 1.380 | Accuracy = 58.580
2022-02-07 08:19:07,478 INFO ROUND 106
2022-02-07 08:19:44,459 INFO ROUND 107
2022-02-07 08:20:21,525 INFO ROUND 108
2022-02-07 08:20:58,513 INFO ROUND 109
2022-02-07 08:21:35,829 INFO ROUND 110
2022-02-07 08:22:22,568 INFO Server -> Train: Loss 0.871 | Accuracy = 70.486
2022-02-07 08:22:24,689 INFO Server -> Test: Loss 1.370 | Accuracy = 59.000
2022-02-07 08:22:24,728 INFO ROUND 111
2022-02-07 08:23:02,219 INFO ROUND 112
2022-02-07 08:23:39,267 INFO ROUND 113
2022-02-07 08:24:16,283 INFO ROUND 114
2022-02-07 08:24:53,611 INFO ROUND 115
2022-02-07 08:25:40,403 INFO Server -> Train: Loss 0.870 | Accuracy = 71.042
2022-02-07 08:25:42,512 INFO Server -> Test: Loss 1.413 | Accuracy = 58.930
2022-02-07 08:25:42,544 INFO ROUND 116
2022-02-07 08:26:19,996 INFO ROUND 117
2022-02-07 08:26:57,722 INFO ROUND 118
2022-02-07 08:27:35,344 INFO ROUND 119
2022-02-07 08:28:13,053 INFO ROUND 120
2022-02-07 08:29:00,444 INFO Server -> Train: Loss 0.770 | Accuracy = 74.068
2022-02-07 08:29:02,513 INFO Server -> Test: Loss 1.369 | Accuracy = 60.720
2022-02-07 08:29:02,544 INFO ROUND 121
2022-02-07 08:29:40,503 INFO ROUND 122
2022-02-07 08:30:19,485 INFO ROUND 123
2022-02-07 08:30:58,556 INFO ROUND 124
2022-02-07 08:31:37,791 INFO ROUND 125
2022-02-07 08:32:26,714 INFO Server -> Train: Loss 0.793 | Accuracy = 74.144
2022-02-07 08:32:28,911 INFO Server -> Test: Loss 1.450 | Accuracy = 60.310
2022-02-07 08:32:28,944 INFO ROUND 126
2022-02-07 08:33:08,459 INFO ROUND 127
2022-02-07 08:33:48,161 INFO ROUND 128
2022-02-07 08:34:27,971 INFO ROUND 129
2022-02-07 08:35:07,874 INFO ROUND 130
2022-02-07 08:35:57,141 INFO Server -> Train: Loss 0.781 | Accuracy = 73.908
2022-02-07 08:35:59,265 INFO Server -> Test: Loss 1.443 | Accuracy = 59.490
2022-02-07 08:35:59,300 INFO ROUND 131
2022-02-07 08:36:39,268 INFO ROUND 132
2022-02-07 08:37:19,311 INFO ROUND 133
2022-02-07 08:37:58,985 INFO ROUND 134
2022-02-07 08:38:40,760 INFO ROUND 135
2022-02-07 08:39:29,152 INFO Server -> Train: Loss 0.725 | Accuracy = 75.498
2022-02-07 08:39:31,283 INFO Server -> Test: Loss 1.466 | Accuracy = 60.340
2022-02-07 08:39:31,315 INFO ROUND 136
2022-02-07 08:40:11,657 INFO ROUND 137
2022-02-07 08:40:52,264 INFO ROUND 138
2022-02-07 08:41:32,447 INFO ROUND 139
2022-02-07 08:42:11,888 INFO ROUND 140
2022-02-07 08:43:01,590 INFO Server -> Train: Loss 0.706 | Accuracy = 76.394
2022-02-07 08:43:03,631 INFO Server -> Test: Loss 1.444 | Accuracy = 60.700
2022-02-07 08:43:03,662 INFO ROUND 141
2022-02-07 08:43:44,084 INFO ROUND 142
2022-02-07 08:44:24,171 INFO ROUND 143
2022-02-07 08:45:04,873 INFO ROUND 144
2022-02-07 08:45:46,174 INFO ROUND 145
2022-02-07 08:46:36,950 INFO Server -> Train: Loss 0.674 | Accuracy = 77.398
2022-02-07 08:46:39,111 INFO Server -> Test: Loss 1.447 | Accuracy = 61.100
2022-02-07 08:46:39,143 INFO ROUND 146
2022-02-07 08:47:20,626 INFO ROUND 147
2022-02-07 08:48:02,496 INFO ROUND 148
2022-02-07 08:48:44,347 INFO ROUND 149
2022-02-07 08:49:25,765 INFO ROUND 150
2022-02-07 08:50:17,149 INFO Server -> Train: Loss 0.704 | Accuracy = 76.448
2022-02-07 08:50:19,280 INFO Server -> Test: Loss 1.450 | Accuracy = 60.650
2022-02-07 08:50:19,321 INFO ROUND 151
2022-02-07 08:51:01,726 INFO ROUND 152
2022-02-07 08:51:44,181 INFO ROUND 153
2022-02-07 08:52:26,936 INFO ROUND 154
2022-02-07 08:53:09,278 INFO ROUND 155
2022-02-07 08:54:00,092 INFO Server -> Train: Loss 0.626 | Accuracy = 78.482
2022-02-07 08:54:02,165 INFO Server -> Test: Loss 1.457 | Accuracy = 61.140
2022-02-07 08:54:02,197 INFO ROUND 156
2022-02-07 08:54:44,111 INFO ROUND 157
2022-02-07 08:55:25,921 INFO ROUND 158
2022-02-07 08:56:08,064 INFO ROUND 159
2022-02-07 08:56:50,674 INFO ROUND 160
2022-02-07 08:57:42,372 INFO Server -> Train: Loss 0.627 | Accuracy = 78.622
2022-02-07 08:57:44,559 INFO Server -> Test: Loss 1.508 | Accuracy = 61.080
2022-02-07 08:57:44,592 INFO ROUND 161
2022-02-07 08:58:27,697 INFO ROUND 162
2022-02-07 08:59:10,663 INFO ROUND 163
2022-02-07 08:59:54,007 INFO ROUND 164
2022-02-07 09:00:37,957 INFO ROUND 165
2022-02-07 09:01:31,315 INFO Server -> Train: Loss 0.618 | Accuracy = 78.892
2022-02-07 09:01:33,409 INFO Server -> Test: Loss 1.546 | Accuracy = 60.340
2022-02-07 09:01:33,442 INFO ROUND 166
2022-02-07 09:02:18,007 INFO ROUND 167
2022-02-07 09:03:02,574 INFO ROUND 168
2022-02-07 09:03:47,074 INFO ROUND 169
2022-02-07 09:04:31,880 INFO ROUND 170
2022-02-07 09:05:26,132 INFO Server -> Train: Loss 0.579 | Accuracy = 80.002
2022-02-07 09:05:28,401 INFO Server -> Test: Loss 1.495 | Accuracy = 61.330
2022-02-07 09:05:28,433 INFO ROUND 171
2022-02-07 09:06:13,739 INFO ROUND 172
2022-02-07 09:06:58,742 INFO ROUND 173
2022-02-07 09:07:44,185 INFO ROUND 174
2022-02-07 09:08:28,688 INFO ROUND 175
2022-02-07 09:09:22,323 INFO Server -> Train: Loss 0.689 | Accuracy = 76.636
2022-02-07 09:09:24,501 INFO Server -> Test: Loss 1.522 | Accuracy = 60.220
2022-02-07 09:09:24,542 INFO ROUND 176
2022-02-07 09:10:09,383 INFO ROUND 177
2022-02-07 09:10:54,152 INFO ROUND 178
2022-02-07 09:11:39,089 INFO ROUND 179
2022-02-07 09:12:24,202 INFO ROUND 180
2022-02-07 09:13:18,523 INFO Server -> Train: Loss 0.551 | Accuracy = 81.002
2022-02-07 09:13:20,762 INFO Server -> Test: Loss 1.476 | Accuracy = 61.400
2022-02-07 09:13:20,794 INFO ROUND 181
2022-02-07 09:14:06,310 INFO ROUND 182
2022-02-07 09:14:52,186 INFO ROUND 183
2022-02-07 09:15:39,050 INFO ROUND 184
2022-02-07 09:16:26,157 INFO ROUND 185
2022-02-07 09:17:23,064 INFO Server -> Train: Loss 0.538 | Accuracy = 81.438
2022-02-07 09:17:25,290 INFO Server -> Test: Loss 1.481 | Accuracy = 62.090
2022-02-07 09:17:25,323 INFO ROUND 186
2022-02-07 09:18:13,004 INFO ROUND 187
2022-02-07 09:19:00,349 INFO ROUND 188
2022-02-07 09:19:51,693 INFO ROUND 189
2022-02-07 09:20:39,296 INFO ROUND 190
2022-02-07 09:21:36,857 INFO Server -> Train: Loss 0.517 | Accuracy = 82.058
2022-02-07 09:21:39,114 INFO Server -> Test: Loss 1.560 | Accuracy = 61.830
2022-02-07 09:21:39,149 INFO ROUND 191
2022-02-07 09:22:27,104 INFO ROUND 192
2022-02-07 09:23:14,050 INFO ROUND 193
2022-02-07 09:24:00,693 INFO ROUND 194
2022-02-07 09:24:47,447 INFO ROUND 195
2022-02-07 09:25:43,538 INFO Server -> Train: Loss 0.492 | Accuracy = 82.814
2022-02-07 09:25:45,753 INFO Server -> Test: Loss 1.523 | Accuracy = 61.690
2022-02-07 09:25:45,786 INFO ROUND 196
2022-02-07 09:26:33,271 INFO ROUND 197
2022-02-07 09:27:20,995 INFO ROUND 198
2022-02-07 09:28:08,529 INFO ROUND 199
2022-02-07 09:28:56,248 INFO ROUND 200
2022-02-07 09:29:54,363 INFO Server -> Train: Loss 0.491 | Accuracy = 82.932
2022-02-07 09:29:56,675 INFO Server -> Test: Loss 1.593 | Accuracy = 62.420
2022-02-07 09:29:56,709 INFO ROUND 201
2022-02-07 09:30:46,796 INFO ROUND 202
