2022-02-06 22:42:51,986 INFO ('Client samples sizes:', array([1000, 1000, 1000, 1000, 1000, 1000, 1000, 1000, 1000, 1000, 1000,
       1000, 1000, 1000, 1000, 1000, 1000, 1000, 1000, 1000, 1000, 1000,
       1000, 1000, 1000, 1000, 1000, 1000, 1000, 1000, 1000, 1000, 1000,
       1000, 1000, 1000, 1000, 1000, 1000, 1000, 1000, 1000, 1000, 1000,
       1000, 1000, 1000, 1000, 1000, 1000]), 'total:', 50000)
2022-02-06 22:43:04,712 INFO ROUND 1
2022-02-06 22:43:31,536 INFO ROUND 2
2022-02-06 22:43:57,672 INFO ROUND 3
2022-02-06 22:44:24,229 INFO ROUND 4
2022-02-06 22:44:50,731 INFO ROUND 5
2022-02-06 22:45:27,554 INFO Server -> Train: Loss 1.829 | Accuracy = 33.176
2022-02-06 22:45:29,662 INFO Server -> Test: Loss 1.824 | Accuracy = 33.590
2022-02-06 22:45:29,692 INFO ROUND 6
2022-02-06 22:45:56,664 INFO ROUND 7
2022-02-06 22:46:23,600 INFO ROUND 8
2022-02-06 22:46:52,901 INFO ROUND 9
2022-02-06 22:47:20,279 INFO ROUND 10
2022-02-06 22:47:58,349 INFO Server -> Train: Loss 1.606 | Accuracy = 40.364
2022-02-06 22:48:00,511 INFO Server -> Test: Loss 1.609 | Accuracy = 39.810
2022-02-06 22:48:00,552 INFO ROUND 11
2022-02-06 22:48:28,278 INFO ROUND 12
2022-02-06 22:48:56,088 INFO ROUND 13
2022-02-06 22:49:23,610 INFO ROUND 14
2022-02-06 22:49:51,462 INFO ROUND 15
2022-02-06 22:50:29,630 INFO Server -> Train: Loss 1.446 | Accuracy = 47.450
2022-02-06 22:50:31,778 INFO Server -> Test: Loss 1.453 | Accuracy = 46.920
2022-02-06 22:50:31,816 INFO ROUND 16
2022-02-06 22:50:59,883 INFO ROUND 17
2022-02-06 22:51:29,279 INFO ROUND 18
2022-02-06 22:51:57,592 INFO ROUND 19
2022-02-06 22:52:25,980 INFO ROUND 20
2022-02-06 22:53:04,830 INFO Server -> Train: Loss 1.311 | Accuracy = 52.856
2022-02-06 22:53:07,008 INFO Server -> Test: Loss 1.333 | Accuracy = 51.670
2022-02-06 22:53:07,044 INFO ROUND 21
2022-02-06 22:53:35,693 INFO ROUND 22
2022-02-06 22:54:04,369 INFO ROUND 23
2022-02-06 22:54:33,290 INFO ROUND 24
2022-02-06 22:55:01,943 INFO ROUND 25
2022-02-06 22:55:41,250 INFO Server -> Train: Loss 1.238 | Accuracy = 55.354
2022-02-06 22:55:43,395 INFO Server -> Test: Loss 1.279 | Accuracy = 53.910
2022-02-06 22:55:43,430 INFO ROUND 26
2022-02-06 22:56:12,656 INFO ROUND 27
2022-02-06 22:56:41,878 INFO ROUND 28
2022-02-06 22:57:11,155 INFO ROUND 29
2022-02-06 22:57:40,785 INFO ROUND 30
2022-02-06 22:58:20,470 INFO Server -> Train: Loss 1.121 | Accuracy = 60.038
2022-02-06 22:58:22,662 INFO Server -> Test: Loss 1.187 | Accuracy = 57.730
2022-02-06 22:58:22,695 INFO ROUND 31
2022-02-06 22:58:52,497 INFO ROUND 32
2022-02-06 22:59:22,223 INFO ROUND 33
2022-02-06 22:59:52,179 INFO ROUND 34
2022-02-06 23:00:21,954 INFO ROUND 35
2022-02-06 23:01:02,126 INFO Server -> Train: Loss 1.074 | Accuracy = 62.030
2022-02-06 23:01:04,292 INFO Server -> Test: Loss 1.164 | Accuracy = 59.000
2022-02-06 23:01:04,325 INFO ROUND 36
2022-02-06 23:01:34,322 INFO ROUND 37
2022-02-06 23:02:04,654 INFO ROUND 38
2022-02-06 23:02:34,895 INFO ROUND 39
2022-02-06 23:03:05,187 INFO ROUND 40
2022-02-06 23:03:45,932 INFO Server -> Train: Loss 0.984 | Accuracy = 65.634
2022-02-06 23:03:48,133 INFO Server -> Test: Loss 1.109 | Accuracy = 61.560
2022-02-06 23:03:48,166 INFO ROUND 41
2022-02-06 23:04:18,865 INFO ROUND 42
2022-02-06 23:04:49,781 INFO ROUND 43
2022-02-06 23:05:20,871 INFO ROUND 44
2022-02-06 23:05:51,993 INFO ROUND 45
2022-02-06 23:06:33,534 INFO Server -> Train: Loss 0.934 | Accuracy = 67.352
2022-02-06 23:06:35,754 INFO Server -> Test: Loss 1.086 | Accuracy = 62.480
2022-02-06 23:06:35,786 INFO ROUND 46
2022-02-06 23:07:07,143 INFO ROUND 47
2022-02-06 23:07:38,561 INFO ROUND 48
2022-02-06 23:08:09,947 INFO ROUND 49
2022-02-06 23:08:43,101 INFO ROUND 50
2022-02-06 23:09:24,963 INFO Server -> Train: Loss 0.828 | Accuracy = 71.410
2022-02-06 23:09:27,183 INFO Server -> Test: Loss 1.025 | Accuracy = 64.870
2022-02-06 23:09:27,217 INFO ROUND 51
2022-02-06 23:09:59,002 INFO ROUND 52
2022-02-06 23:10:31,152 INFO ROUND 53
2022-02-06 23:11:03,231 INFO ROUND 54
2022-02-06 23:11:35,441 INFO ROUND 55
2022-02-06 23:12:17,854 INFO Server -> Train: Loss 0.801 | Accuracy = 72.304
2022-02-06 23:12:20,047 INFO Server -> Test: Loss 1.048 | Accuracy = 65.090
2022-02-06 23:12:20,079 INFO ROUND 56
2022-02-06 23:12:52,461 INFO ROUND 57
2022-02-06 23:13:24,717 INFO ROUND 58
2022-02-06 23:13:57,179 INFO ROUND 59
2022-02-06 23:14:29,662 INFO ROUND 60
2022-02-06 23:15:12,577 INFO Server -> Train: Loss 0.716 | Accuracy = 75.472
2022-02-06 23:15:14,774 INFO Server -> Test: Loss 1.011 | Accuracy = 66.660
2022-02-06 23:15:14,808 INFO ROUND 61
2022-02-06 23:15:47,561 INFO ROUND 62
2022-02-06 23:16:20,490 INFO ROUND 63
2022-02-06 23:16:53,487 INFO ROUND 64
2022-02-06 23:17:26,643 INFO ROUND 65
2022-02-06 23:18:10,068 INFO Server -> Train: Loss 0.697 | Accuracy = 75.974
2022-02-06 23:18:12,254 INFO Server -> Test: Loss 1.041 | Accuracy = 66.410
2022-02-06 23:18:12,296 INFO ROUND 66
2022-02-06 23:18:45,707 INFO ROUND 67
2022-02-06 23:19:19,314 INFO ROUND 68
2022-02-06 23:19:52,930 INFO ROUND 69
2022-02-06 23:20:26,913 INFO ROUND 70
2022-02-06 23:21:10,769 INFO Server -> Train: Loss 0.649 | Accuracy = 77.684
2022-02-06 23:21:12,972 INFO Server -> Test: Loss 1.042 | Accuracy = 66.830
2022-02-06 23:21:13,004 INFO ROUND 71
2022-02-06 23:21:47,353 INFO ROUND 72
2022-02-06 23:22:21,695 INFO ROUND 73
2022-02-06 23:22:56,113 INFO ROUND 74
2022-02-06 23:23:30,879 INFO ROUND 75
2022-02-06 23:24:15,582 INFO Server -> Train: Loss 0.580 | Accuracy = 80.352
2022-02-06 23:24:17,811 INFO Server -> Test: Loss 1.043 | Accuracy = 67.750
2022-02-06 23:24:17,843 INFO ROUND 76
2022-02-06 23:24:52,660 INFO ROUND 77
2022-02-06 23:25:27,668 INFO ROUND 78
2022-02-06 23:26:02,979 INFO ROUND 79
2022-02-06 23:26:37,988 INFO ROUND 80
2022-02-06 23:27:23,366 INFO Server -> Train: Loss 0.550 | Accuracy = 81.294
2022-02-06 23:27:25,606 INFO Server -> Test: Loss 1.056 | Accuracy = 68.150
2022-02-06 23:27:25,643 INFO ROUND 81
2022-02-06 23:28:00,905 INFO ROUND 82
2022-02-06 23:28:36,338 INFO ROUND 83
2022-02-06 23:29:11,980 INFO ROUND 84
2022-02-06 23:29:49,628 INFO ROUND 85
2022-02-06 23:30:35,412 INFO Server -> Train: Loss 0.503 | Accuracy = 83.058
2022-02-06 23:30:37,641 INFO Server -> Test: Loss 1.082 | Accuracy = 68.270
2022-02-06 23:30:37,673 INFO ROUND 86
2022-02-06 23:31:13,510 INFO ROUND 87
2022-02-06 23:31:49,378 INFO ROUND 88
2022-02-06 23:32:25,466 INFO ROUND 89
2022-02-06 23:33:01,792 INFO ROUND 90
2022-02-06 23:33:47,970 INFO Server -> Train: Loss 0.475 | Accuracy = 83.968
2022-02-06 23:33:50,215 INFO Server -> Test: Loss 1.120 | Accuracy = 68.070
2022-02-06 23:33:50,248 INFO ROUND 91
2022-02-06 23:34:26,465 INFO ROUND 92
2022-02-06 23:35:02,787 INFO ROUND 93
2022-02-06 23:35:39,486 INFO ROUND 94
2022-02-06 23:36:16,351 INFO ROUND 95
2022-02-06 23:37:03,183 INFO Server -> Train: Loss 0.444 | Accuracy = 84.998
2022-02-06 23:37:05,452 INFO Server -> Test: Loss 1.174 | Accuracy = 67.970
2022-02-06 23:37:05,484 INFO ROUND 96
2022-02-06 23:37:42,866 INFO ROUND 97
2022-02-06 23:38:20,099 INFO ROUND 98
2022-02-06 23:38:57,265 INFO ROUND 99
2022-02-06 23:39:34,678 INFO ROUND 100
2022-02-06 23:40:22,225 INFO Server -> Train: Loss 0.413 | Accuracy = 86.182
2022-02-06 23:40:24,473 INFO Server -> Test: Loss 1.181 | Accuracy = 68.220
2022-02-06 23:40:24,505 INFO ROUND 101
2022-02-06 23:41:02,245 INFO ROUND 102
2022-02-06 23:41:40,158 INFO ROUND 103
2022-02-06 23:42:18,072 INFO ROUND 104
2022-02-06 23:42:56,235 INFO ROUND 105
2022-02-06 23:43:44,415 INFO Server -> Train: Loss 0.375 | Accuracy = 87.532
2022-02-06 23:43:46,679 INFO Server -> Test: Loss 1.217 | Accuracy = 68.520
2022-02-06 23:43:46,720 INFO ROUND 106
2022-02-06 23:44:24,984 INFO ROUND 107
2022-02-06 23:45:03,314 INFO ROUND 108
2022-02-06 23:45:42,084 INFO ROUND 109
2022-02-06 23:46:20,970 INFO ROUND 110
2022-02-06 23:47:10,006 INFO Server -> Train: Loss 0.347 | Accuracy = 88.312
2022-02-06 23:47:12,266 INFO Server -> Test: Loss 1.244 | Accuracy = 68.760
2022-02-06 23:47:12,297 INFO ROUND 111
2022-02-06 23:47:51,316 INFO ROUND 112
2022-02-06 23:48:30,424 INFO ROUND 113
2022-02-06 23:49:09,639 INFO ROUND 114
2022-02-06 23:49:48,999 INFO ROUND 115
2022-02-06 23:50:38,761 INFO Server -> Train: Loss 0.322 | Accuracy = 89.136
2022-02-06 23:50:41,046 INFO Server -> Test: Loss 1.275 | Accuracy = 68.510
2022-02-06 23:50:41,078 INFO ROUND 116
2022-02-06 23:51:20,794 INFO ROUND 117
2022-02-06 23:52:00,863 INFO ROUND 118
2022-02-06 23:52:40,795 INFO ROUND 119
2022-02-06 23:53:21,026 INFO ROUND 120
2022-02-06 23:54:11,289 INFO Server -> Train: Loss 0.281 | Accuracy = 90.572
2022-02-06 23:54:13,643 INFO Server -> Test: Loss 1.261 | Accuracy = 69.290
2022-02-06 23:54:13,675 INFO ROUND 121
2022-02-06 23:54:53,802 INFO ROUND 122
2022-02-06 23:55:34,244 INFO ROUND 123
2022-02-06 23:56:14,756 INFO ROUND 124
2022-02-06 23:56:57,227 INFO ROUND 125
2022-02-06 23:57:48,982 INFO Server -> Train: Loss 0.266 | Accuracy = 91.014
2022-02-06 23:57:51,325 INFO Server -> Test: Loss 1.347 | Accuracy = 68.810
2022-02-06 23:57:51,357 INFO ROUND 126
2022-02-06 23:58:32,742 INFO ROUND 127
2022-02-06 23:59:14,147 INFO ROUND 128
2022-02-06 23:59:55,823 INFO ROUND 129
2022-02-07 00:00:37,471 INFO ROUND 130
2022-02-07 00:01:29,502 INFO Server -> Train: Loss 0.248 | Accuracy = 91.688
2022-02-07 00:01:31,867 INFO Server -> Test: Loss 1.391 | Accuracy = 68.510
2022-02-07 00:01:31,899 INFO ROUND 131
2022-02-07 00:02:13,813 INFO ROUND 132
2022-02-07 00:02:55,813 INFO ROUND 133
2022-02-07 00:03:37,820 INFO ROUND 134
2022-02-07 00:04:20,015 INFO ROUND 135
2022-02-07 00:05:12,411 INFO Server -> Train: Loss 0.233 | Accuracy = 92.032
2022-02-07 00:05:14,828 INFO Server -> Test: Loss 1.416 | Accuracy = 68.660
2022-02-07 00:05:14,861 INFO ROUND 136
2022-02-07 00:05:57,561 INFO ROUND 137
2022-02-07 00:06:40,201 INFO ROUND 138
2022-02-07 00:07:23,000 INFO ROUND 139
2022-02-07 00:08:06,087 INFO ROUND 140
2022-02-07 00:08:59,338 INFO Server -> Train: Loss 0.200 | Accuracy = 93.420
2022-02-07 00:09:01,653 INFO Server -> Test: Loss 1.426 | Accuracy = 68.730
2022-02-07 00:09:01,694 INFO ROUND 141
2022-02-07 00:09:44,799 INFO ROUND 142
2022-02-07 00:10:28,188 INFO ROUND 143
2022-02-07 00:11:11,696 INFO ROUND 144
2022-02-07 00:11:55,417 INFO ROUND 145
2022-02-07 00:12:49,670 INFO Server -> Train: Loss 0.185 | Accuracy = 93.990
2022-02-07 00:12:52,023 INFO Server -> Test: Loss 1.452 | Accuracy = 69.090
2022-02-07 00:12:52,063 INFO ROUND 146
2022-02-07 00:13:35,997 INFO ROUND 147
2022-02-07 00:14:19,973 INFO ROUND 148
2022-02-07 00:15:04,031 INFO ROUND 149
2022-02-07 00:15:48,580 INFO ROUND 150
2022-02-07 00:16:43,258 INFO Server -> Train: Loss 0.185 | Accuracy = 93.640
2022-02-07 00:16:45,619 INFO Server -> Test: Loss 1.497 | Accuracy = 68.510
2022-02-07 00:16:45,654 INFO ROUND 151
2022-02-07 00:17:30,417 INFO ROUND 152
2022-02-07 00:18:15,026 INFO ROUND 153
2022-02-07 00:18:59,581 INFO ROUND 154
2022-02-07 00:19:44,553 INFO ROUND 155
2022-02-07 00:20:39,756 INFO Server -> Train: Loss 0.176 | Accuracy = 94.006
2022-02-07 00:20:42,064 INFO Server -> Test: Loss 1.483 | Accuracy = 68.370
2022-02-07 00:20:42,095 INFO ROUND 156
2022-02-07 00:21:27,339 INFO ROUND 157
2022-02-07 00:22:12,403 INFO ROUND 158
2022-02-07 00:22:58,111 INFO ROUND 159
2022-02-07 00:23:43,407 INFO ROUND 160
2022-02-07 00:24:39,069 INFO Server -> Train: Loss 0.156 | Accuracy = 94.800
2022-02-07 00:24:41,398 INFO Server -> Test: Loss 1.531 | Accuracy = 68.920
2022-02-07 00:24:41,431 INFO ROUND 161
2022-02-07 00:25:27,236 INFO ROUND 162
2022-02-07 00:26:13,113 INFO ROUND 163
2022-02-07 00:26:59,327 INFO ROUND 164
2022-02-07 00:27:45,641 INFO ROUND 165
2022-02-07 00:28:42,330 INFO Server -> Train: Loss 0.144 | Accuracy = 95.184
2022-02-07 00:28:44,752 INFO Server -> Test: Loss 1.565 | Accuracy = 68.810
2022-02-07 00:28:44,785 INFO ROUND 166
2022-02-07 00:29:31,358 INFO ROUND 167
2022-02-07 00:30:18,606 INFO ROUND 168
2022-02-07 00:31:05,244 INFO ROUND 169
2022-02-07 00:31:52,211 INFO ROUND 170
2022-02-07 00:32:49,533 INFO Server -> Train: Loss 0.127 | Accuracy = 95.986
2022-02-07 00:32:51,904 INFO Server -> Test: Loss 1.563 | Accuracy = 68.790
2022-02-07 00:32:51,936 INFO ROUND 171
2022-02-07 00:33:39,268 INFO ROUND 172
2022-02-07 00:34:26,428 INFO ROUND 173
2022-02-07 00:35:13,750 INFO ROUND 174
2022-02-07 00:36:03,455 INFO ROUND 175
2022-02-07 00:37:01,452 INFO Server -> Train: Loss 0.112 | Accuracy = 96.494
2022-02-07 00:37:03,823 INFO Server -> Test: Loss 1.583 | Accuracy = 68.890
2022-02-07 00:37:03,856 INFO ROUND 176
2022-02-07 00:37:51,648 INFO ROUND 177
2022-02-07 00:38:39,604 INFO ROUND 178
2022-02-07 00:39:27,503 INFO ROUND 179
2022-02-07 00:40:15,695 INFO ROUND 180
2022-02-07 00:41:14,248 INFO Server -> Train: Loss 0.120 | Accuracy = 96.090
2022-02-07 00:41:16,666 INFO Server -> Test: Loss 1.619 | Accuracy = 68.710
2022-02-07 00:41:16,697 INFO ROUND 181
2022-02-07 00:42:05,011 INFO ROUND 182
2022-02-07 00:42:53,457 INFO ROUND 183
2022-02-07 00:43:42,015 INFO ROUND 184
2022-02-07 00:44:30,832 INFO ROUND 185
2022-02-07 00:45:29,898 INFO Server -> Train: Loss 0.102 | Accuracy = 96.858
2022-02-07 00:45:32,311 INFO Server -> Test: Loss 1.643 | Accuracy = 69.010
2022-02-07 00:45:32,346 INFO ROUND 186
2022-02-07 00:46:21,619 INFO ROUND 187
2022-02-07 00:47:10,782 INFO ROUND 188
2022-02-07 00:48:00,084 INFO ROUND 189
2022-02-07 00:48:49,414 INFO ROUND 190
2022-02-07 00:49:49,301 INFO Server -> Train: Loss 0.112 | Accuracy = 96.414
2022-02-07 00:49:51,705 INFO Server -> Test: Loss 1.659 | Accuracy = 68.390
2022-02-07 00:49:51,737 INFO ROUND 191
2022-02-07 00:50:41,851 INFO ROUND 192
2022-02-07 00:51:31,661 INFO ROUND 193
2022-02-07 00:52:21,845 INFO ROUND 194
2022-02-07 00:53:12,000 INFO ROUND 195
2022-02-07 00:54:12,492 INFO Server -> Train: Loss 0.090 | Accuracy = 97.286
2022-02-07 00:54:14,899 INFO Server -> Test: Loss 1.654 | Accuracy = 68.510
2022-02-07 00:54:14,933 INFO ROUND 196
2022-02-07 00:55:05,053 INFO ROUND 197
2022-02-07 00:55:55,471 INFO ROUND 198
2022-02-07 00:56:45,911 INFO ROUND 199
2022-02-07 00:57:36,250 INFO ROUND 200
2022-02-07 00:58:37,402 INFO Server -> Train: Loss 0.096 | Accuracy = 97.182
2022-02-07 00:58:39,852 INFO Server -> Test: Loss 1.548 | Accuracy = 68.680
2022-02-07 00:58:39,884 INFO ROUND 201
2022-02-07 00:59:30,889 INFO ROUND 202
2022-02-07 01:00:21,786 INFO ROUND 203
2022-02-07 01:01:12,721 INFO ROUND 204
2022-02-07 01:02:03,704 INFO ROUND 205
2022-02-07 01:03:05,019 INFO Server -> Train: Loss 0.109 | Accuracy = 96.650
2022-02-07 01:03:07,522 INFO Server -> Test: Loss 1.672 | Accuracy = 68.260
2022-02-07 01:03:07,556 INFO ROUND 206
2022-02-07 01:03:58,464 INFO ROUND 207
2022-02-07 01:04:49,776 INFO ROUND 208
2022-02-07 01:05:41,420 INFO ROUND 209
2022-02-07 01:06:33,128 INFO ROUND 210
2022-02-07 01:07:35,205 INFO Server -> Train: Loss 0.073 | Accuracy = 98.084
2022-02-07 01:07:37,710 INFO Server -> Test: Loss 1.621 | Accuracy = 68.960
2022-02-07 01:07:37,743 INFO ROUND 211
2022-02-07 01:08:29,311 INFO ROUND 212
2022-02-07 01:09:21,278 INFO ROUND 213
2022-02-07 01:10:13,161 INFO ROUND 214
2022-02-07 01:11:05,415 INFO ROUND 215
2022-02-07 01:12:08,126 INFO Server -> Train: Loss 0.076 | Accuracy = 97.884
2022-02-07 01:12:10,569 INFO Server -> Test: Loss 1.661 | Accuracy = 68.970
2022-02-07 01:12:10,601 INFO ROUND 216
2022-02-07 01:13:03,075 INFO ROUND 217
2022-02-07 01:13:55,644 INFO ROUND 218
2022-02-07 01:14:48,633 INFO ROUND 219
2022-02-07 01:15:41,624 INFO ROUND 220
2022-02-07 01:16:45,072 INFO Server -> Train: Loss 0.063 | Accuracy = 98.428
2022-02-07 01:16:47,497 INFO Server -> Test: Loss 1.694 | Accuracy = 68.970
2022-02-07 01:16:47,529 INFO ROUND 221
2022-02-07 01:17:40,493 INFO ROUND 222
2022-02-07 01:18:33,684 INFO ROUND 223
2022-02-07 01:19:26,990 INFO ROUND 224
2022-02-07 01:20:20,626 INFO ROUND 225
2022-02-07 01:21:24,702 INFO Server -> Train: Loss 0.059 | Accuracy = 98.502
2022-02-07 01:21:27,229 INFO Server -> Test: Loss 1.690 | Accuracy = 68.960
2022-02-07 01:21:27,261 INFO ROUND 226
2022-02-07 01:22:21,351 INFO ROUND 227
2022-02-07 01:23:15,268 INFO ROUND 228
2022-02-07 01:24:09,325 INFO ROUND 229
2022-02-07 01:25:03,586 INFO ROUND 230
2022-02-07 01:26:08,832 INFO Server -> Train: Loss 0.065 | Accuracy = 98.342
2022-02-07 01:26:11,296 INFO Server -> Test: Loss 1.717 | Accuracy = 68.700
2022-02-07 01:26:11,328 INFO ROUND 231
2022-02-07 01:27:06,037 INFO ROUND 232
2022-02-07 01:28:00,416 INFO ROUND 233
2022-02-07 01:28:54,974 INFO ROUND 234
2022-02-07 01:29:49,813 INFO ROUND 235
2022-02-07 01:30:57,706 INFO Server -> Train: Loss 0.053 | Accuracy = 98.842
2022-02-07 01:31:00,230 INFO Server -> Test: Loss 1.736 | Accuracy = 68.840
2022-02-07 01:31:00,261 INFO ROUND 236
2022-02-07 01:31:55,355 INFO ROUND 237
2022-02-07 01:32:50,935 INFO ROUND 238
2022-02-07 01:33:46,261 INFO ROUND 239
2022-02-07 01:34:41,540 INFO ROUND 240
2022-02-07 01:35:47,497 INFO Server -> Train: Loss 0.063 | Accuracy = 98.400
2022-02-07 01:35:50,016 INFO Server -> Test: Loss 1.728 | Accuracy = 68.690
2022-02-07 01:35:50,051 INFO ROUND 241
2022-02-07 01:36:45,976 INFO ROUND 242
2022-02-07 01:37:41,576 INFO ROUND 243
2022-02-07 01:38:37,416 INFO ROUND 244
2022-02-07 01:39:33,341 INFO ROUND 245
2022-02-07 01:40:39,945 INFO Server -> Train: Loss 0.047 | Accuracy = 99.134
2022-02-07 01:40:42,567 INFO Server -> Test: Loss 1.720 | Accuracy = 68.850
2022-02-07 01:40:42,599 INFO ROUND 246
2022-02-07 01:41:38,913 INFO ROUND 247
2022-02-07 01:42:35,393 INFO ROUND 248
2022-02-07 01:43:31,960 INFO ROUND 249
2022-02-07 01:44:28,338 INFO ROUND 250
2022-02-07 01:45:35,659 INFO Server -> Train: Loss 0.047 | Accuracy = 98.966
2022-02-07 01:45:38,181 INFO Server -> Test: Loss 1.736 | Accuracy = 68.860
2022-02-07 01:45:38,212 INFO ROUND 251
2022-02-07 01:46:35,165 INFO ROUND 252
2022-02-07 01:47:32,365 INFO ROUND 253
2022-02-07 01:48:29,725 INFO ROUND 254
2022-02-07 01:49:27,208 INFO ROUND 255
2022-02-07 01:50:35,170 INFO Server -> Train: Loss 0.041 | Accuracy = 99.302
2022-02-07 01:50:37,685 INFO Server -> Test: Loss 1.729 | Accuracy = 68.980
2022-02-07 01:50:37,725 INFO ROUND 256
2022-02-07 01:51:35,864 INFO ROUND 257
2022-02-07 01:52:33,894 INFO ROUND 258
2022-02-07 01:53:31,789 INFO ROUND 259
2022-02-07 01:54:29,868 INFO ROUND 260
2022-02-07 01:55:38,481 INFO Server -> Train: Loss 0.040 | Accuracy = 99.324
2022-02-07 01:55:40,988 INFO Server -> Test: Loss 1.732 | Accuracy = 69.190
2022-02-07 01:55:41,021 INFO ROUND 261
2022-02-07 01:56:39,217 INFO ROUND 262
2022-02-07 01:57:37,751 INFO ROUND 263
2022-02-07 01:58:36,501 INFO ROUND 264
2022-02-07 01:59:35,166 INFO ROUND 265
2022-02-07 02:00:44,760 INFO Server -> Train: Loss 0.044 | Accuracy = 99.142
2022-02-07 02:00:47,385 INFO Server -> Test: Loss 1.734 | Accuracy = 68.940
2022-02-07 02:00:47,417 INFO ROUND 266
2022-02-07 02:01:47,034 INFO ROUND 267
2022-02-07 02:02:45,937 INFO ROUND 268
2022-02-07 02:03:45,459 INFO ROUND 269
2022-02-07 02:13:22,377 INFO ('Client samples sizes:', array([1000, 1000, 1000, 1000, 1000, 1000, 1000, 1000, 1000, 1000, 1000,
       1000, 1000, 1000, 1000, 1000, 1000, 1000, 1000, 1000, 1000, 1000,
       1000, 1000, 1000, 1000, 1000, 1000, 1000, 1000, 1000, 1000, 1000,
       1000, 1000, 1000, 1000, 1000, 1000, 1000, 1000, 1000, 1000, 1000,
       1000, 1000, 1000, 1000, 1000, 1000]), 'total:', 50000)
2022-02-07 02:13:34,337 INFO ROUND 266
2022-02-07 02:13:57,787 INFO ROUND 267
2022-02-07 02:14:20,561 INFO ROUND 268
2022-02-07 02:14:43,520 INFO ROUND 269
2022-02-07 02:15:06,378 INFO ROUND 270
2022-02-07 02:15:38,341 INFO Server -> Train: Loss 0.426 | Accuracy = 86.438
2022-02-07 02:15:40,490 INFO Server -> Test: Loss 1.081 | Accuracy = 66.590
2022-02-07 02:15:40,858 INFO ROUND 271
2022-02-07 02:16:03,903 INFO ROUND 272
2022-02-07 02:16:26,787 INFO ROUND 273
2022-02-07 02:16:50,009 INFO ROUND 274
2022-02-07 02:17:13,160 INFO ROUND 275
2022-02-07 02:17:47,869 INFO Server -> Train: Loss 0.203 | Accuracy = 93.514
2022-02-07 02:17:49,727 INFO Server -> Test: Loss 1.205 | Accuracy = 68.510
2022-02-07 02:17:49,759 INFO ROUND 276
2022-02-07 02:18:13,277 INFO ROUND 277
2022-02-07 02:18:37,221 INFO ROUND 278
2022-02-07 02:19:00,695 INFO ROUND 279
2022-02-07 02:19:24,492 INFO ROUND 280
2022-02-07 02:19:56,931 INFO Server -> Train: Loss 0.104 | Accuracy = 97.088
2022-02-07 02:19:58,756 INFO Server -> Test: Loss 1.358 | Accuracy = 69.300
2022-02-07 02:19:58,791 INFO ROUND 281
2022-02-07 02:20:22,625 INFO ROUND 282
2022-02-07 02:20:46,633 INFO ROUND 283
2022-02-07 02:21:10,563 INFO ROUND 284
2022-02-07 02:21:34,581 INFO ROUND 285
2022-02-07 02:22:07,496 INFO Server -> Train: Loss 0.073 | Accuracy = 98.022
2022-02-07 02:22:09,357 INFO Server -> Test: Loss 1.482 | Accuracy = 69.480
2022-02-07 02:22:09,389 INFO ROUND 286
2022-02-07 02:22:33,774 INFO ROUND 287
2022-02-07 02:22:59,585 INFO ROUND 288
2022-02-07 02:23:24,180 INFO ROUND 289
2022-02-07 02:23:48,813 INFO ROUND 290
2022-02-07 02:24:22,167 INFO Server -> Train: Loss 0.058 | Accuracy = 98.570
2022-02-07 02:24:24,068 INFO Server -> Test: Loss 1.522 | Accuracy = 69.320
2022-02-07 02:24:24,102 INFO ROUND 291
2022-02-07 02:24:48,957 INFO ROUND 292
2022-02-07 02:25:13,631 INFO ROUND 293
2022-02-07 02:25:38,480 INFO ROUND 294
2022-02-07 02:26:03,488 INFO ROUND 295
2022-02-07 02:26:37,401 INFO Server -> Train: Loss 0.045 | Accuracy = 99.092
2022-02-07 02:26:39,233 INFO Server -> Test: Loss 1.564 | Accuracy = 69.520
2022-02-07 02:26:39,264 INFO ROUND 296
2022-02-07 02:27:04,571 INFO ROUND 297
2022-02-07 02:27:29,970 INFO ROUND 298
2022-02-07 02:27:55,603 INFO ROUND 299
2022-02-07 02:28:21,023 INFO ROUND 300
2022-02-07 02:28:55,524 INFO Server -> Train: Loss 0.035 | Accuracy = 99.400
2022-02-07 02:28:57,392 INFO Server -> Test: Loss 1.631 | Accuracy = 69.730
2022-02-07 02:28:57,423 INFO ROUND 301
2022-02-07 02:29:23,311 INFO ROUND 302
2022-02-07 02:29:49,300 INFO ROUND 303
2022-02-07 02:30:15,371 INFO ROUND 304
2022-02-07 02:30:41,714 INFO ROUND 305
2022-02-07 02:31:16,686 INFO Server -> Train: Loss 0.030 | Accuracy = 99.514
2022-02-07 02:31:18,554 INFO Server -> Test: Loss 1.686 | Accuracy = 69.700
2022-02-07 02:31:18,603 INFO ROUND 306
2022-02-07 02:31:45,011 INFO ROUND 307
2022-02-07 02:32:11,421 INFO ROUND 308
2022-02-07 02:32:38,021 INFO ROUND 309
2022-02-07 02:33:04,868 INFO ROUND 310
2022-02-07 02:33:40,396 INFO Server -> Train: Loss 0.027 | Accuracy = 99.666
2022-02-07 02:33:42,307 INFO Server -> Test: Loss 1.681 | Accuracy = 69.790
2022-02-07 02:33:42,339 INFO ROUND 311
2022-02-07 02:34:09,291 INFO ROUND 312
2022-02-07 02:34:36,467 INFO ROUND 313
2022-02-07 02:35:03,565 INFO ROUND 314
2022-02-07 02:35:30,844 INFO ROUND 315
2022-02-07 02:36:07,013 INFO Server -> Train: Loss 0.024 | Accuracy = 99.716
2022-02-07 02:36:08,883 INFO Server -> Test: Loss 1.723 | Accuracy = 69.950
2022-02-07 02:36:08,915 INFO ROUND 316
2022-02-07 02:36:36,659 INFO ROUND 317
2022-02-07 02:37:04,554 INFO ROUND 318
2022-02-07 02:37:32,548 INFO ROUND 319
2022-02-07 02:38:01,015 INFO ROUND 320
2022-02-07 02:38:39,639 INFO Server -> Train: Loss 0.024 | Accuracy = 99.680
2022-02-07 02:38:41,542 INFO Server -> Test: Loss 1.752 | Accuracy = 69.780
2022-02-07 02:38:41,582 INFO ROUND 321
2022-02-07 02:39:10,096 INFO ROUND 322
2022-02-07 02:39:38,511 INFO ROUND 323
2022-02-07 02:40:07,102 INFO ROUND 324
2022-02-07 02:40:35,878 INFO ROUND 325
2022-02-07 02:41:13,470 INFO Server -> Train: Loss 0.021 | Accuracy = 99.782
2022-02-07 02:41:15,371 INFO Server -> Test: Loss 1.761 | Accuracy = 69.990
2022-02-07 02:41:15,403 INFO ROUND 326
2022-02-07 02:41:44,237 INFO ROUND 327
2022-02-07 02:42:13,271 INFO ROUND 328
2022-02-07 02:42:42,032 INFO ROUND 329
2022-02-07 02:43:11,283 INFO ROUND 330
2022-02-07 02:43:49,553 INFO Server -> Train: Loss 0.020 | Accuracy = 99.818
2022-02-07 02:43:51,469 INFO Server -> Test: Loss 1.766 | Accuracy = 69.680
2022-02-07 02:43:51,501 INFO ROUND 331
2022-02-07 02:44:20,801 INFO ROUND 332
2022-02-07 02:44:50,090 INFO ROUND 333
2022-02-07 02:45:19,538 INFO ROUND 334
2022-02-07 02:45:49,250 INFO ROUND 335
2022-02-07 02:46:28,000 INFO Server -> Train: Loss 0.018 | Accuracy = 99.878
2022-02-07 02:46:29,952 INFO Server -> Test: Loss 1.761 | Accuracy = 69.930
2022-02-07 02:46:29,983 INFO ROUND 336
2022-02-07 02:47:00,021 INFO ROUND 337
2022-02-07 02:47:30,120 INFO ROUND 338
2022-02-07 02:48:00,385 INFO ROUND 339
2022-02-07 02:48:30,909 INFO ROUND 340
2022-02-07 02:49:10,290 INFO Server -> Train: Loss 0.018 | Accuracy = 99.890
2022-02-07 02:49:12,278 INFO Server -> Test: Loss 1.778 | Accuracy = 69.870
2022-02-07 02:49:12,310 INFO ROUND 341
2022-02-07 02:49:43,143 INFO ROUND 342
2022-02-07 02:50:14,112 INFO ROUND 343
2022-02-07 02:50:45,253 INFO ROUND 344
2022-02-07 02:51:16,270 INFO ROUND 345
2022-02-07 02:51:56,072 INFO Server -> Train: Loss 0.017 | Accuracy = 99.920
2022-02-07 02:51:58,012 INFO Server -> Test: Loss 1.779 | Accuracy = 69.910
2022-02-07 02:51:58,044 INFO ROUND 346
2022-02-07 02:52:29,154 INFO ROUND 347
2022-02-07 02:53:00,305 INFO ROUND 348
2022-02-07 02:53:31,646 INFO ROUND 349
2022-02-07 02:54:02,980 INFO ROUND 350
2022-02-07 02:54:43,815 INFO Server -> Train: Loss 0.016 | Accuracy = 99.930
2022-02-07 02:54:45,811 INFO Server -> Test: Loss 1.772 | Accuracy = 69.870
2022-02-07 02:54:45,843 INFO ROUND 351
2022-02-07 02:55:18,709 INFO ROUND 352
2022-02-07 02:55:51,035 INFO ROUND 353
2022-02-07 02:56:23,462 INFO ROUND 354
2022-02-07 02:56:57,510 INFO ROUND 355
2022-02-07 02:57:38,275 INFO Server -> Train: Loss 0.016 | Accuracy = 99.922
2022-02-07 02:57:40,219 INFO Server -> Test: Loss 1.781 | Accuracy = 70.110
2022-02-07 02:57:40,251 INFO ROUND 356
2022-02-07 02:58:12,554 INFO ROUND 357
2022-02-07 02:58:45,122 INFO ROUND 358
2022-02-07 02:59:17,450 INFO ROUND 359
2022-02-07 02:59:50,051 INFO ROUND 360
2022-02-07 03:00:31,369 INFO Server -> Train: Loss 0.016 | Accuracy = 99.936
2022-02-07 03:00:33,312 INFO Server -> Test: Loss 1.779 | Accuracy = 69.920
2022-02-07 03:00:33,351 INFO ROUND 361
2022-02-07 03:01:06,308 INFO ROUND 362
2022-02-07 03:01:39,219 INFO ROUND 363
2022-02-07 03:02:12,168 INFO ROUND 364
2022-02-07 03:02:45,324 INFO ROUND 365
2022-02-07 03:03:27,507 INFO Server -> Train: Loss 0.015 | Accuracy = 99.936
2022-02-07 03:03:29,481 INFO Server -> Test: Loss 1.769 | Accuracy = 69.960
2022-02-07 03:03:29,514 INFO ROUND 366
2022-02-07 03:04:03,443 INFO ROUND 367
2022-02-07 03:04:37,185 INFO ROUND 368
2022-02-07 03:05:10,798 INFO ROUND 369
2022-02-07 10:25:32,932 INFO ('Client samples sizes:', array([1000, 1000, 1000, 1000, 1000, 1000, 1000, 1000, 1000, 1000, 1000,
       1000, 1000, 1000, 1000, 1000, 1000, 1000, 1000, 1000, 1000, 1000,
       1000, 1000, 1000, 1000, 1000, 1000, 1000, 1000, 1000, 1000, 1000,
       1000, 1000, 1000, 1000, 1000, 1000, 1000, 1000, 1000, 1000, 1000,
       1000, 1000, 1000, 1000, 1000, 1000]), 'total:', 50000)
2022-02-07 10:25:46,876 INFO ROUND 366
2022-02-07 10:26:14,159 INFO ROUND 367
2022-02-07 10:26:41,200 INFO ROUND 368
2022-02-07 10:27:09,068 INFO ROUND 369
2022-02-07 10:27:36,870 INFO ROUND 370
2022-02-07 10:28:14,725 INFO Server -> Train: Loss 0.083 | Accuracy = 98.362
2022-02-07 10:28:17,346 INFO Server -> Test: Loss 1.240 | Accuracy = 69.410
2022-02-07 10:28:17,696 INFO ROUND 371
2022-02-07 10:28:45,429 INFO ROUND 372
2022-02-07 10:29:13,466 INFO ROUND 373
2022-02-07 10:29:41,287 INFO ROUND 374
2022-02-07 10:30:09,347 INFO ROUND 375
2022-02-07 10:30:47,900 INFO Server -> Train: Loss 0.029 | Accuracy = 99.692
2022-02-07 10:30:50,149 INFO Server -> Test: Loss 1.457 | Accuracy = 70.160
2022-02-07 10:30:50,217 INFO ROUND 376
2022-02-07 10:31:18,280 INFO ROUND 377
2022-02-07 10:31:46,435 INFO ROUND 378
2022-02-07 10:32:14,451 INFO ROUND 379
2022-02-07 10:32:42,630 INFO ROUND 380
2022-02-07 10:33:21,453 INFO Server -> Train: Loss 0.018 | Accuracy = 99.898
2022-02-07 10:33:23,698 INFO Server -> Test: Loss 1.565 | Accuracy = 70.010
2022-02-07 10:33:23,747 INFO ROUND 381
2022-02-07 10:33:52,150 INFO ROUND 382
2022-02-07 10:34:22,028 INFO ROUND 383
2022-02-07 10:34:50,976 INFO ROUND 384
2022-02-07 10:35:20,284 INFO ROUND 385
2022-02-07 10:36:00,109 INFO Server -> Train: Loss 0.015 | Accuracy = 99.934
2022-02-07 10:36:02,466 INFO Server -> Test: Loss 1.632 | Accuracy = 70.100
2022-02-07 10:36:02,516 INFO ROUND 386
2022-02-07 10:36:31,615 INFO ROUND 387
2022-02-07 10:37:01,119 INFO ROUND 388
2022-02-07 10:37:30,473 INFO ROUND 389
2022-02-07 10:37:59,723 INFO ROUND 390
2022-02-07 10:38:39,623 INFO Server -> Train: Loss 0.012 | Accuracy = 99.976
2022-02-07 10:38:41,853 INFO Server -> Test: Loss 1.667 | Accuracy = 70.350
2022-02-07 10:38:41,901 INFO ROUND 391
2022-02-07 10:39:11,205 INFO ROUND 392
2022-02-07 10:39:40,581 INFO ROUND 393
2022-02-07 10:40:09,830 INFO ROUND 394
2022-02-07 10:40:39,446 INFO ROUND 395
2022-02-07 10:41:19,423 INFO Server -> Train: Loss 0.011 | Accuracy = 99.982
2022-02-07 10:41:21,650 INFO Server -> Test: Loss 1.690 | Accuracy = 70.160
2022-02-07 10:41:21,699 INFO ROUND 396
2022-02-07 10:41:51,740 INFO ROUND 397
2022-02-07 10:42:22,058 INFO ROUND 398
2022-02-07 10:42:52,717 INFO ROUND 399
2022-02-07 10:43:22,625 INFO ROUND 400
2022-02-07 10:44:02,907 INFO Server -> Train: Loss 0.010 | Accuracy = 99.990
2022-02-07 10:44:05,109 INFO Server -> Test: Loss 1.707 | Accuracy = 70.290
2022-02-07 10:44:05,156 INFO ROUND 401
2022-02-07 10:44:35,578 INFO ROUND 402
2022-02-07 10:45:05,497 INFO ROUND 403
2022-02-07 10:45:35,457 INFO ROUND 404
2022-02-07 10:46:05,654 INFO ROUND 405
2022-02-07 10:46:46,057 INFO Server -> Train: Loss 0.009 | Accuracy = 100.000
2022-02-07 10:46:48,219 INFO Server -> Test: Loss 1.721 | Accuracy = 70.300
2022-02-07 10:46:48,269 INFO ROUND 406
2022-02-07 10:47:18,593 INFO ROUND 407
2022-02-07 10:47:48,993 INFO ROUND 408
2022-02-07 10:48:19,642 INFO ROUND 409
2022-02-07 10:48:50,531 INFO ROUND 410
2022-02-07 10:49:33,625 INFO Server -> Train: Loss 0.009 | Accuracy = 100.000
2022-02-07 10:49:35,802 INFO Server -> Test: Loss 1.732 | Accuracy = 70.330
2022-02-07 10:49:35,861 INFO ROUND 411
2022-02-07 10:50:07,109 INFO ROUND 412
2022-02-07 10:50:38,487 INFO ROUND 413
2022-02-07 10:51:09,795 INFO ROUND 414
2022-02-07 10:51:41,727 INFO ROUND 415
2022-02-07 10:52:24,164 INFO Server -> Train: Loss 0.009 | Accuracy = 99.998
2022-02-07 10:52:26,387 INFO Server -> Test: Loss 1.739 | Accuracy = 70.370
2022-02-07 10:52:26,435 INFO ROUND 416
2022-02-07 10:52:58,294 INFO ROUND 417
2022-02-07 10:53:30,043 INFO ROUND 418
2022-02-07 10:54:01,963 INFO ROUND 419
2022-02-07 10:54:34,112 INFO ROUND 420
2022-02-07 10:55:16,230 INFO Server -> Train: Loss 0.008 | Accuracy = 99.998
2022-02-07 10:55:18,484 INFO Server -> Test: Loss 1.743 | Accuracy = 70.390
2022-02-07 10:55:18,549 INFO ROUND 421
2022-02-07 10:55:50,896 INFO ROUND 422
2022-02-07 10:56:23,222 INFO ROUND 423
2022-02-07 10:56:55,667 INFO ROUND 424
2022-02-07 10:57:28,308 INFO ROUND 425
2022-02-07 10:58:11,171 INFO Server -> Train: Loss 0.008 | Accuracy = 100.000
2022-02-07 10:58:13,406 INFO Server -> Test: Loss 1.743 | Accuracy = 70.370
2022-02-07 10:58:13,454 INFO ROUND 426
2022-02-07 10:58:46,287 INFO ROUND 427
2022-02-07 10:59:19,102 INFO ROUND 428
2022-02-07 10:59:52,066 INFO ROUND 429
2022-02-07 11:00:25,061 INFO ROUND 430
2022-02-07 11:01:08,365 INFO Server -> Train: Loss 0.008 | Accuracy = 100.000
2022-02-07 11:01:10,596 INFO Server -> Test: Loss 1.746 | Accuracy = 70.360
2022-02-07 11:01:10,643 INFO ROUND 431
2022-02-07 11:01:44,022 INFO ROUND 432
2022-02-07 11:02:17,385 INFO ROUND 433
2022-02-07 11:02:50,953 INFO ROUND 434
2022-02-07 11:03:24,567 INFO ROUND 435
2022-02-07 11:04:08,475 INFO Server -> Train: Loss 0.008 | Accuracy = 100.000
2022-02-07 11:04:10,679 INFO Server -> Test: Loss 1.744 | Accuracy = 70.290
2022-02-07 11:04:10,725 INFO ROUND 436
2022-02-07 11:04:44,705 INFO ROUND 437
2022-02-07 11:05:18,831 INFO ROUND 438
2022-02-07 11:05:52,937 INFO ROUND 439
2022-02-07 11:06:27,180 INFO ROUND 440
2022-02-07 11:07:11,502 INFO Server -> Train: Loss 0.008 | Accuracy = 100.000
2022-02-07 11:07:13,743 INFO Server -> Test: Loss 1.746 | Accuracy = 70.290
2022-02-07 11:07:13,807 INFO ROUND 441
2022-02-07 11:07:48,463 INFO ROUND 442
2022-02-07 11:08:22,819 INFO ROUND 443
2022-02-07 11:08:57,463 INFO ROUND 444
2022-02-07 11:09:32,178 INFO ROUND 445
2022-02-07 11:10:17,258 INFO Server -> Train: Loss 0.008 | Accuracy = 100.000
2022-02-07 11:10:19,495 INFO Server -> Test: Loss 1.742 | Accuracy = 70.180
2022-02-07 11:10:19,548 INFO ROUND 446
2022-02-07 11:10:54,583 INFO ROUND 447
2022-02-07 11:11:29,600 INFO ROUND 448
2022-02-07 11:12:04,907 INFO ROUND 449
2022-02-07 11:12:42,415 INFO ROUND 450
2022-02-07 11:13:27,898 INFO Server -> Train: Loss 0.007 | Accuracy = 100.000
2022-02-07 11:13:30,126 INFO Server -> Test: Loss 1.740 | Accuracy = 70.370
2022-02-07 11:13:30,173 INFO ROUND 451
2022-02-07 11:14:05,692 INFO ROUND 452
2022-02-07 11:14:41,388 INFO ROUND 453
2022-02-07 11:15:17,235 INFO ROUND 454
2022-02-07 11:15:53,151 INFO ROUND 455
2022-02-07 11:16:39,218 INFO Server -> Train: Loss 0.008 | Accuracy = 99.998
2022-02-07 11:16:41,508 INFO Server -> Test: Loss 1.736 | Accuracy = 70.310
2022-02-07 11:16:41,554 INFO ROUND 456
2022-02-07 11:17:17,905 INFO ROUND 457
2022-02-07 11:17:54,359 INFO ROUND 458
2022-02-07 11:18:30,901 INFO ROUND 459
2022-02-07 11:19:07,633 INFO ROUND 460
2022-02-07 11:19:54,175 INFO Server -> Train: Loss 0.008 | Accuracy = 100.000
2022-02-07 11:19:56,379 INFO Server -> Test: Loss 1.738 | Accuracy = 70.330
2022-02-07 11:19:56,425 INFO ROUND 461
2022-02-07 11:20:33,323 INFO ROUND 462
2022-02-07 11:21:10,228 INFO ROUND 463
2022-02-07 11:21:47,345 INFO ROUND 464
2022-02-07 11:22:24,348 INFO ROUND 465
2022-02-07 11:23:11,801 INFO Server -> Train: Loss 0.007 | Accuracy = 100.000
2022-02-07 11:23:14,084 INFO Server -> Test: Loss 1.730 | Accuracy = 70.370
2022-02-07 11:23:14,135 INFO ROUND 466
2022-02-07 11:23:51,655 INFO ROUND 467
2022-02-07 11:24:28,971 INFO ROUND 468
2022-02-07 11:25:06,490 INFO ROUND 469
2022-02-07 11:25:44,237 INFO ROUND 470
2022-02-07 11:26:32,024 INFO Server -> Train: Loss 0.008 | Accuracy = 100.000
2022-02-07 11:26:34,243 INFO Server -> Test: Loss 1.731 | Accuracy = 70.380
2022-02-07 11:26:34,309 INFO ROUND 471
2022-02-07 11:27:12,287 INFO ROUND 472
2022-02-07 11:27:50,455 INFO ROUND 473
2022-02-07 11:28:28,710 INFO ROUND 474
2022-02-07 11:29:07,193 INFO ROUND 475
2022-02-07 11:29:55,663 INFO Server -> Train: Loss 0.008 | Accuracy = 100.000
2022-02-07 11:29:57,962 INFO Server -> Test: Loss 1.730 | Accuracy = 70.420
2022-02-07 11:29:58,014 INFO ROUND 476
2022-02-07 11:30:36,698 INFO ROUND 477
2022-02-07 11:31:15,419 INFO ROUND 478
2022-02-07 11:31:54,221 INFO ROUND 479
2022-02-07 11:32:33,311 INFO ROUND 480
2022-02-07 11:33:22,495 INFO Server -> Train: Loss 0.008 | Accuracy = 100.000
2022-02-07 11:33:24,757 INFO Server -> Test: Loss 1.720 | Accuracy = 70.340
2022-02-07 11:33:24,802 INFO ROUND 481
