2022-02-05 18:48:12,390 INFO ('Client samples sizes:', array([1000, 1000, 1000, 1000, 1000, 1000, 1000, 1000, 1000, 1000, 1000,
       1000, 1000, 1000, 1000, 1000, 1000, 1000, 1000, 1000, 1000, 1000,
       1000, 1000, 1000, 1000, 1000, 1000, 1000, 1000, 1000, 1000, 1000,
       1000, 1000, 1000, 1000, 1000, 1000, 1000, 1000, 1000, 1000, 1000,
       1000, 1000, 1000, 1000, 1000, 1000]), 'total:', 50000)
2022-02-05 18:48:26,576 INFO ROUND 1
2022-02-05 18:48:48,503 INFO [AFTER AVG]
2022-02-05 18:49:01,985 INFO Server -> Train: Loss 2.293 | Accuracy = 12.862
2022-02-05 18:49:01,987 INFO ROUND 2
2022-02-05 18:49:23,872 INFO [AFTER AVG]
2022-02-05 18:49:37,260 INFO Server -> Train: Loss 2.262 | Accuracy = 17.018
2022-02-05 18:49:37,261 INFO ROUND 3
2022-02-05 18:49:59,202 INFO [AFTER AVG]
2022-02-05 18:50:12,775 INFO Server -> Train: Loss 2.203 | Accuracy = 22.536
2022-02-05 18:50:12,776 INFO ROUND 4
2022-02-05 18:50:35,100 INFO [AFTER AVG]
2022-02-05 18:50:48,780 INFO Server -> Train: Loss 2.131 | Accuracy = 23.868
2022-02-05 18:50:48,783 INFO ROUND 5
2022-02-05 18:51:11,160 INFO [AFTER AVG]
2022-02-05 18:51:25,066 INFO Server -> Train: Loss 2.073 | Accuracy = 25.814
2022-02-05 18:51:25,067 INFO ROUND 6
2022-02-05 18:51:47,430 INFO [AFTER AVG]
2022-02-05 18:52:01,033 INFO Server -> Train: Loss 2.020 | Accuracy = 27.268
2022-02-05 18:52:01,035 INFO ROUND 7
2022-02-05 18:52:23,518 INFO [AFTER AVG]
2022-02-05 18:52:37,104 INFO Server -> Train: Loss 1.974 | Accuracy = 28.960
2022-02-05 18:52:37,106 INFO ROUND 8
2022-02-05 18:52:59,643 INFO [AFTER AVG]
2022-02-05 18:53:13,167 INFO Server -> Train: Loss 1.939 | Accuracy = 30.246
2022-02-05 18:53:13,168 INFO ROUND 9
2022-02-05 18:53:35,818 INFO [AFTER AVG]
2022-02-05 18:53:49,429 INFO Server -> Train: Loss 1.911 | Accuracy = 31.232
2022-02-05 18:53:49,431 INFO ROUND 10
2022-02-05 18:54:12,030 INFO [AFTER AVG]
2022-02-05 18:54:25,613 INFO Server -> Train: Loss 1.874 | Accuracy = 32.924
2022-02-05 18:54:25,615 INFO ROUND 11
2022-02-05 18:54:48,382 INFO [AFTER AVG]
2022-02-05 18:55:01,852 INFO Server -> Train: Loss 1.841 | Accuracy = 33.984
2022-02-05 18:55:01,854 INFO ROUND 12
2022-02-05 18:55:24,719 INFO [AFTER AVG]
2022-02-05 18:55:38,375 INFO Server -> Train: Loss 1.806 | Accuracy = 34.968
2022-02-05 18:55:38,377 INFO ROUND 13
2022-02-05 18:56:01,259 INFO [AFTER AVG]
2022-02-05 18:56:14,875 INFO Server -> Train: Loss 1.776 | Accuracy = 36.472
2022-02-05 18:56:14,877 INFO ROUND 14
2022-02-05 18:56:37,697 INFO [AFTER AVG]
2022-02-05 18:56:51,343 INFO Server -> Train: Loss 1.748 | Accuracy = 37.128
2022-02-05 18:56:51,344 INFO ROUND 15
2022-02-05 18:57:14,259 INFO [AFTER AVG]
2022-02-05 18:57:28,025 INFO Server -> Train: Loss 1.722 | Accuracy = 37.966
2022-02-05 18:57:30,891 INFO Server -> Test: Loss 1.714 | Accuracy = 38.690
2022-02-05 18:57:30,949 INFO ROUND 16
2022-02-05 18:57:54,205 INFO [AFTER AVG]
2022-02-05 18:58:07,928 INFO Server -> Train: Loss 1.697 | Accuracy = 39.118
2022-02-05 18:58:07,929 INFO ROUND 17
2022-02-05 18:58:31,353 INFO [AFTER AVG]
2022-02-05 18:58:44,940 INFO Server -> Train: Loss 1.673 | Accuracy = 39.666
2022-02-05 18:58:44,941 INFO ROUND 18
2022-02-05 18:59:08,139 INFO [AFTER AVG]
2022-02-05 18:59:21,636 INFO Server -> Train: Loss 1.650 | Accuracy = 40.548
2022-02-05 18:59:21,637 INFO ROUND 19
2022-02-05 18:59:44,795 INFO [AFTER AVG]
2022-02-05 18:59:58,319 INFO Server -> Train: Loss 1.620 | Accuracy = 41.870
2022-02-05 18:59:58,321 INFO ROUND 20
2022-02-05 19:00:21,368 INFO [AFTER AVG]
2022-02-05 19:00:34,987 INFO Server -> Train: Loss 1.615 | Accuracy = 41.502
2022-02-05 19:00:34,988 INFO ROUND 21
2022-02-05 19:00:58,433 INFO [AFTER AVG]
2022-02-05 19:01:11,890 INFO Server -> Train: Loss 1.595 | Accuracy = 42.554
2022-02-05 19:01:11,890 INFO ROUND 22
2022-02-05 19:01:35,343 INFO [AFTER AVG]
2022-02-05 19:01:48,757 INFO Server -> Train: Loss 1.572 | Accuracy = 43.108
2022-02-05 19:01:48,758 INFO ROUND 23
2022-02-05 19:02:13,231 INFO [AFTER AVG]
2022-02-05 19:02:26,741 INFO Server -> Train: Loss 1.560 | Accuracy = 43.774
2022-02-05 19:02:26,741 INFO ROUND 24
2022-02-05 19:02:50,201 INFO [AFTER AVG]
2022-02-05 19:03:03,673 INFO Server -> Train: Loss 1.545 | Accuracy = 44.278
2022-02-05 19:03:03,675 INFO ROUND 25
2022-02-05 19:03:27,360 INFO [AFTER AVG]
2022-02-05 19:03:40,758 INFO Server -> Train: Loss 1.537 | Accuracy = 44.516
2022-02-05 19:03:40,760 INFO ROUND 26
2022-02-05 19:04:04,224 INFO [AFTER AVG]
2022-02-05 19:04:17,737 INFO Server -> Train: Loss 1.523 | Accuracy = 45.182
2022-02-05 19:04:17,738 INFO ROUND 27
2022-02-05 19:04:41,362 INFO [AFTER AVG]
2022-02-05 19:04:54,857 INFO Server -> Train: Loss 1.508 | Accuracy = 45.404
2022-02-05 19:04:54,858 INFO ROUND 28
2022-02-05 19:05:18,369 INFO [AFTER AVG]
2022-02-05 19:05:31,834 INFO Server -> Train: Loss 1.506 | Accuracy = 45.852
2022-02-05 19:05:31,834 INFO ROUND 29
2022-02-05 19:05:55,576 INFO [AFTER AVG]
2022-02-05 19:06:09,110 INFO Server -> Train: Loss 1.485 | Accuracy = 46.566
2022-02-05 19:06:09,111 INFO ROUND 30
2022-02-05 19:06:32,955 INFO [AFTER AVG]
2022-02-05 19:06:46,506 INFO Server -> Train: Loss 1.481 | Accuracy = 46.688
2022-02-05 19:06:49,417 INFO Server -> Test: Loss 1.480 | Accuracy = 46.840
2022-02-05 19:06:49,478 INFO ROUND 31
2022-02-05 19:07:13,402 INFO [AFTER AVG]
2022-02-05 19:07:26,930 INFO Server -> Train: Loss 1.469 | Accuracy = 47.082
2022-02-05 19:07:26,931 INFO ROUND 32
2022-02-05 19:07:50,923 INFO [AFTER AVG]
2022-02-05 19:08:04,275 INFO Server -> Train: Loss 1.464 | Accuracy = 47.432
2022-02-05 19:08:04,276 INFO ROUND 33
2022-02-05 19:08:28,518 INFO [AFTER AVG]
2022-02-05 19:08:42,144 INFO Server -> Train: Loss 1.448 | Accuracy = 47.910
2022-02-05 19:08:42,145 INFO ROUND 34
2022-02-05 19:09:06,181 INFO [AFTER AVG]
2022-02-05 19:09:19,715 INFO Server -> Train: Loss 1.445 | Accuracy = 48.138
2022-02-05 19:09:19,716 INFO ROUND 35
2022-02-05 19:09:43,889 INFO [AFTER AVG]
2022-02-05 19:09:57,417 INFO Server -> Train: Loss 1.430 | Accuracy = 48.746
2022-02-05 19:09:57,418 INFO ROUND 36
2022-02-05 19:10:21,342 INFO [AFTER AVG]
2022-02-05 19:10:34,745 INFO Server -> Train: Loss 1.419 | Accuracy = 48.878
2022-02-05 19:10:34,747 INFO ROUND 37
2022-02-05 19:10:58,890 INFO [AFTER AVG]
2022-02-05 19:11:12,364 INFO Server -> Train: Loss 1.414 | Accuracy = 49.278
2022-02-05 19:11:12,365 INFO ROUND 38
2022-02-05 19:11:36,714 INFO [AFTER AVG]
2022-02-05 19:11:50,249 INFO Server -> Train: Loss 1.414 | Accuracy = 49.492
2022-02-05 19:11:50,250 INFO ROUND 39
2022-02-05 19:12:14,544 INFO [AFTER AVG]
2022-02-05 19:12:27,979 INFO Server -> Train: Loss 1.391 | Accuracy = 50.026
2022-02-05 19:12:27,980 INFO ROUND 40
2022-02-05 19:12:52,344 INFO [AFTER AVG]
2022-02-05 19:13:05,757 INFO Server -> Train: Loss 1.391 | Accuracy = 50.394
2022-02-05 19:13:05,758 INFO ROUND 41
2022-02-05 19:13:30,231 INFO [AFTER AVG]
2022-02-05 19:13:43,611 INFO Server -> Train: Loss 1.376 | Accuracy = 50.692
2022-02-05 19:13:43,611 INFO ROUND 42
2022-02-05 19:14:08,003 INFO [AFTER AVG]
2022-02-05 19:14:21,410 INFO Server -> Train: Loss 1.374 | Accuracy = 50.836
2022-02-05 19:14:21,411 INFO ROUND 43
2022-02-05 19:14:45,885 INFO [AFTER AVG]
2022-02-05 19:14:59,462 INFO Server -> Train: Loss 1.356 | Accuracy = 51.496
2022-02-05 19:14:59,463 INFO ROUND 44
2022-02-05 19:15:24,170 INFO [AFTER AVG]
2022-02-05 19:15:37,632 INFO Server -> Train: Loss 1.356 | Accuracy = 51.560
2022-02-05 19:15:37,634 INFO ROUND 45
2022-02-05 19:16:02,304 INFO [AFTER AVG]
2022-02-05 19:16:15,676 INFO Server -> Train: Loss 1.347 | Accuracy = 51.988
2022-02-05 19:16:18,483 INFO Server -> Test: Loss 1.354 | Accuracy = 51.750
2022-02-05 19:16:18,542 INFO ROUND 46
2022-02-05 19:16:43,230 INFO [AFTER AVG]
2022-02-05 19:16:56,717 INFO Server -> Train: Loss 1.333 | Accuracy = 52.312
2022-02-05 19:16:56,718 INFO ROUND 47
2022-02-05 19:17:21,420 INFO [AFTER AVG]
2022-02-05 19:17:34,832 INFO Server -> Train: Loss 1.333 | Accuracy = 52.414
2022-02-05 19:17:34,834 INFO ROUND 48
2022-02-05 19:17:59,549 INFO [AFTER AVG]
2022-02-05 19:18:12,890 INFO Server -> Train: Loss 1.320 | Accuracy = 52.874
2022-02-05 19:18:12,892 INFO ROUND 49
2022-02-05 19:18:37,558 INFO [AFTER AVG]
2022-02-05 19:18:50,872 INFO Server -> Train: Loss 1.313 | Accuracy = 53.378
2022-02-05 19:18:50,873 INFO ROUND 50
2022-02-05 19:19:15,745 INFO [AFTER AVG]
2022-02-05 19:19:29,032 INFO Server -> Train: Loss 1.302 | Accuracy = 53.540
2022-02-05 19:19:29,033 INFO ROUND 51
2022-02-05 19:19:54,065 INFO [AFTER AVG]
2022-02-05 19:20:07,334 INFO Server -> Train: Loss 1.296 | Accuracy = 53.966
2022-02-05 19:20:07,336 INFO ROUND 52
2022-02-05 19:20:32,369 INFO [AFTER AVG]
2022-02-05 19:20:45,790 INFO Server -> Train: Loss 1.286 | Accuracy = 54.184
2022-02-05 19:20:45,791 INFO ROUND 53
2022-02-05 19:21:11,355 INFO [AFTER AVG]
2022-02-05 19:21:25,069 INFO Server -> Train: Loss 1.280 | Accuracy = 54.370
2022-02-05 19:21:25,069 INFO ROUND 54
2022-02-05 19:21:50,704 INFO [AFTER AVG]
2022-02-05 19:22:04,088 INFO Server -> Train: Loss 1.270 | Accuracy = 54.664
2022-02-05 19:22:04,089 INFO ROUND 55
2022-02-05 19:22:29,539 INFO [AFTER AVG]
2022-02-05 19:22:43,034 INFO Server -> Train: Loss 1.260 | Accuracy = 55.216
2022-02-05 19:22:43,036 INFO ROUND 56
2022-02-05 19:23:08,480 INFO [AFTER AVG]
2022-02-05 19:23:21,839 INFO Server -> Train: Loss 1.253 | Accuracy = 55.458
2022-02-05 19:23:21,840 INFO ROUND 57
2022-02-05 19:23:47,151 INFO [AFTER AVG]
2022-02-05 19:24:00,629 INFO Server -> Train: Loss 1.253 | Accuracy = 55.552
2022-02-05 19:24:00,631 INFO ROUND 58
2022-02-05 19:24:26,030 INFO [AFTER AVG]
2022-02-05 19:24:39,378 INFO Server -> Train: Loss 1.241 | Accuracy = 56.026
2022-02-05 19:24:39,379 INFO ROUND 59
2022-02-05 19:25:05,052 INFO [AFTER AVG]
2022-02-05 19:25:18,560 INFO Server -> Train: Loss 1.233 | Accuracy = 56.378
2022-02-05 19:25:18,562 INFO ROUND 60
2022-02-05 19:25:44,194 INFO [AFTER AVG]
2022-02-05 19:25:57,681 INFO Server -> Train: Loss 1.228 | Accuracy = 56.520
2022-02-05 19:26:00,517 INFO Server -> Test: Loss 1.245 | Accuracy = 55.900
2022-02-05 19:26:00,576 INFO ROUND 61
2022-02-05 19:26:26,585 INFO [AFTER AVG]
2022-02-05 19:26:39,991 INFO Server -> Train: Loss 1.214 | Accuracy = 56.840
2022-02-05 19:26:39,993 INFO ROUND 62
2022-02-05 19:27:05,814 INFO [AFTER AVG]
2022-02-05 19:27:19,340 INFO Server -> Train: Loss 1.212 | Accuracy = 57.098
2022-02-05 19:27:19,341 INFO ROUND 63
2022-02-05 19:27:45,014 INFO [AFTER AVG]
2022-02-05 19:27:58,469 INFO Server -> Train: Loss 1.200 | Accuracy = 57.494
2022-02-05 19:27:58,471 INFO ROUND 64
2022-02-05 19:28:24,318 INFO [AFTER AVG]
2022-02-05 19:28:37,714 INFO Server -> Train: Loss 1.197 | Accuracy = 57.646
2022-02-05 19:28:37,714 INFO ROUND 65
2022-02-05 19:29:05,504 INFO [AFTER AVG]
2022-02-05 19:29:18,914 INFO Server -> Train: Loss 1.192 | Accuracy = 58.006
2022-02-05 19:29:18,915 INFO ROUND 66
2022-02-05 19:29:44,949 INFO [AFTER AVG]
2022-02-05 19:29:58,307 INFO Server -> Train: Loss 1.181 | Accuracy = 58.408
2022-02-05 19:29:58,308 INFO ROUND 67
2022-02-05 19:30:24,479 INFO [AFTER AVG]
2022-02-05 19:30:37,729 INFO Server -> Train: Loss 1.172 | Accuracy = 58.530
2022-02-05 19:30:37,729 INFO ROUND 68
2022-02-05 19:31:03,804 INFO [AFTER AVG]
2022-02-05 19:31:17,141 INFO Server -> Train: Loss 1.169 | Accuracy = 58.770
2022-02-05 19:31:17,141 INFO ROUND 69
2022-02-05 19:31:43,401 INFO [AFTER AVG]
2022-02-05 19:31:56,709 INFO Server -> Train: Loss 1.160 | Accuracy = 59.222
2022-02-05 19:31:56,710 INFO ROUND 70
2022-02-05 19:32:22,862 INFO [AFTER AVG]
2022-02-05 19:32:36,157 INFO Server -> Train: Loss 1.151 | Accuracy = 59.494
2022-02-05 19:32:36,157 INFO ROUND 71
2022-02-05 19:33:02,343 INFO [AFTER AVG]
2022-02-05 19:33:15,639 INFO Server -> Train: Loss 1.147 | Accuracy = 59.510
2022-02-05 19:33:15,639 INFO ROUND 72
2022-02-05 19:33:41,707 INFO [AFTER AVG]
2022-02-05 19:33:54,811 INFO Server -> Train: Loss 1.137 | Accuracy = 60.100
2022-02-05 19:33:54,812 INFO ROUND 73
2022-02-05 19:34:20,894 INFO [AFTER AVG]
2022-02-05 19:34:34,169 INFO Server -> Train: Loss 1.130 | Accuracy = 60.220
2022-02-05 19:34:34,170 INFO ROUND 74
2022-02-05 19:35:00,692 INFO [AFTER AVG]
2022-02-05 19:35:14,078 INFO Server -> Train: Loss 1.125 | Accuracy = 60.536
2022-02-05 19:35:14,080 INFO ROUND 75
2022-02-05 19:35:40,838 INFO [AFTER AVG]
2022-02-05 19:35:54,214 INFO Server -> Train: Loss 1.114 | Accuracy = 60.890
2022-02-05 19:35:57,048 INFO Server -> Test: Loss 1.145 | Accuracy = 59.780
2022-02-05 19:35:57,105 INFO ROUND 76
2022-02-05 19:36:23,596 INFO [AFTER AVG]
2022-02-05 19:36:36,924 INFO Server -> Train: Loss 1.118 | Accuracy = 60.702
2022-02-05 19:36:36,925 INFO ROUND 77
2022-02-05 19:37:03,414 INFO [AFTER AVG]
2022-02-05 19:37:16,648 INFO Server -> Train: Loss 1.104 | Accuracy = 61.206
2022-02-05 19:37:16,649 INFO ROUND 78
2022-02-05 19:37:43,273 INFO [AFTER AVG]
2022-02-05 19:37:56,562 INFO Server -> Train: Loss 1.100 | Accuracy = 61.472
2022-02-05 19:37:56,562 INFO ROUND 79
2022-02-05 19:38:23,540 INFO [AFTER AVG]
2022-02-05 19:38:36,687 INFO Server -> Train: Loss 1.089 | Accuracy = 61.874
2022-02-05 19:38:36,689 INFO ROUND 80
2022-02-05 19:39:03,280 INFO [AFTER AVG]
2022-02-05 19:39:16,559 INFO Server -> Train: Loss 1.082 | Accuracy = 62.110
2022-02-05 19:39:16,559 INFO ROUND 81
2022-02-05 19:39:43,373 INFO [AFTER AVG]
2022-02-05 19:39:56,494 INFO Server -> Train: Loss 1.083 | Accuracy = 62.326
2022-02-05 19:39:56,495 INFO ROUND 82
2022-02-05 19:40:23,226 INFO [AFTER AVG]
2022-02-05 19:40:36,187 INFO Server -> Train: Loss 1.072 | Accuracy = 62.514
2022-02-05 19:40:36,188 INFO ROUND 83
2022-02-05 19:41:02,713 INFO [AFTER AVG]
2022-02-05 19:41:15,870 INFO Server -> Train: Loss 1.066 | Accuracy = 62.606
2022-02-05 19:41:15,871 INFO ROUND 84
2022-02-05 19:41:43,173 INFO [AFTER AVG]
2022-02-05 19:41:56,672 INFO Server -> Train: Loss 1.062 | Accuracy = 62.820
2022-02-05 19:41:56,673 INFO ROUND 85
2022-02-05 19:42:24,144 INFO [AFTER AVG]
2022-02-05 19:42:39,558 INFO Server -> Train: Loss 1.059 | Accuracy = 62.936
2022-02-05 19:42:39,559 INFO ROUND 86
2022-02-05 20:04:07,803 INFO ('Client samples sizes:', array([1000, 1000, 1000, 1000, 1000, 1000, 1000, 1000, 1000, 1000, 1000,
       1000, 1000, 1000, 1000, 1000, 1000, 1000, 1000, 1000, 1000, 1000,
       1000, 1000, 1000, 1000, 1000, 1000, 1000, 1000, 1000, 1000, 1000,
       1000, 1000, 1000, 1000, 1000, 1000, 1000, 1000, 1000, 1000, 1000,
       1000, 1000, 1000, 1000, 1000, 1000]), 'total:', 50000)
2022-02-05 20:04:22,868 INFO ROUND 76
2022-02-05 20:04:47,559 INFO [AFTER AVG]
2022-02-05 20:05:03,423 INFO Server -> Train: Loss 1.112 | Accuracy = 60.570
2022-02-05 20:05:03,424 INFO ROUND 77
2022-02-05 20:05:28,048 INFO [AFTER AVG]
2022-02-05 20:05:44,094 INFO Server -> Train: Loss 1.100 | Accuracy = 61.276
2022-02-05 20:05:44,094 INFO ROUND 78
2022-02-05 20:06:08,696 INFO [AFTER AVG]
2022-02-05 20:06:24,807 INFO Server -> Train: Loss 1.099 | Accuracy = 61.284
2022-02-05 20:06:24,809 INFO ROUND 79
2022-02-05 20:06:49,620 INFO [AFTER AVG]
2022-02-05 20:07:05,705 INFO Server -> Train: Loss 1.088 | Accuracy = 61.708
2022-02-05 20:07:05,707 INFO ROUND 80
2022-02-05 20:07:30,535 INFO [AFTER AVG]
2022-02-05 20:07:46,610 INFO Server -> Train: Loss 1.080 | Accuracy = 62.150
2022-02-05 20:07:46,612 INFO ROUND 81
2022-02-05 20:08:11,522 INFO [AFTER AVG]
2022-02-05 20:08:27,432 INFO Server -> Train: Loss 1.072 | Accuracy = 62.278
2022-02-05 20:08:27,433 INFO ROUND 82
2022-02-05 20:08:52,678 INFO [AFTER AVG]
2022-02-05 20:09:08,697 INFO Server -> Train: Loss 1.067 | Accuracy = 62.436
2022-02-05 20:09:08,698 INFO ROUND 83
2022-02-05 20:09:33,910 INFO [AFTER AVG]
2022-02-05 20:09:49,949 INFO Server -> Train: Loss 1.058 | Accuracy = 62.778
2022-02-05 20:09:49,950 INFO ROUND 84
2022-02-05 20:10:15,348 INFO [AFTER AVG]
2022-02-05 20:10:31,395 INFO Server -> Train: Loss 1.058 | Accuracy = 62.936
2022-02-05 20:10:31,397 INFO ROUND 85
2022-02-05 20:10:56,841 INFO [AFTER AVG]
2022-02-05 20:11:12,973 INFO Server -> Train: Loss 1.043 | Accuracy = 63.332
2022-02-05 20:11:12,974 INFO ROUND 86
2022-02-05 20:11:38,410 INFO [AFTER AVG]
2022-02-05 20:11:54,358 INFO Server -> Train: Loss 1.039 | Accuracy = 63.684
2022-02-05 20:11:54,360 INFO ROUND 87
2022-02-05 20:12:19,749 INFO [AFTER AVG]
2022-02-05 20:12:35,640 INFO Server -> Train: Loss 1.033 | Accuracy = 63.844
2022-02-05 20:12:35,641 INFO ROUND 88
2022-02-05 20:13:01,554 INFO [AFTER AVG]
2022-02-05 20:13:17,763 INFO Server -> Train: Loss 1.030 | Accuracy = 63.960
2022-02-05 20:13:17,764 INFO ROUND 89
2022-02-05 20:13:43,690 INFO [AFTER AVG]
2022-02-05 20:13:59,586 INFO Server -> Train: Loss 1.017 | Accuracy = 64.334
2022-02-05 20:13:59,588 INFO ROUND 90
2022-02-05 20:14:25,583 INFO [AFTER AVG]
2022-02-05 20:14:41,578 INFO Server -> Train: Loss 1.018 | Accuracy = 64.380
2022-02-05 20:14:44,852 INFO Server -> Test: Loss 1.062 | Accuracy = 62.930
2022-02-05 20:14:44,924 INFO ROUND 91
2022-02-05 20:15:10,478 INFO [AFTER AVG]
2022-02-05 20:15:26,377 INFO Server -> Train: Loss 1.016 | Accuracy = 64.524
2022-02-05 20:15:26,378 INFO ROUND 92
2022-02-05 20:15:51,680 INFO [AFTER AVG]
2022-02-05 20:16:07,411 INFO Server -> Train: Loss 1.007 | Accuracy = 64.948
2022-02-05 20:16:07,412 INFO ROUND 93
2022-02-05 20:16:33,120 INFO [AFTER AVG]
2022-02-05 20:16:48,749 INFO Server -> Train: Loss 1.000 | Accuracy = 64.958
2022-02-05 20:16:48,750 INFO ROUND 94
2022-02-05 20:17:14,618 INFO [AFTER AVG]
2022-02-05 20:17:30,815 INFO Server -> Train: Loss 0.994 | Accuracy = 65.446
2022-02-05 20:17:30,816 INFO ROUND 95
2022-02-05 20:17:56,836 INFO [AFTER AVG]
2022-02-05 20:18:12,828 INFO Server -> Train: Loss 0.982 | Accuracy = 65.656
2022-02-05 20:18:12,829 INFO ROUND 96
2022-02-05 20:18:38,880 INFO [AFTER AVG]
2022-02-05 20:18:54,733 INFO Server -> Train: Loss 0.981 | Accuracy = 65.780
2022-02-05 20:18:54,733 INFO ROUND 97
2022-02-05 20:19:21,131 INFO [AFTER AVG]
2022-02-05 20:19:37,371 INFO Server -> Train: Loss 0.981 | Accuracy = 65.796
2022-02-05 20:19:37,371 INFO ROUND 98
2022-02-05 20:20:04,581 INFO [AFTER AVG]
2022-02-05 20:20:20,354 INFO Server -> Train: Loss 0.973 | Accuracy = 66.078
2022-02-05 20:20:20,354 INFO ROUND 99
2022-02-05 20:20:46,842 INFO [AFTER AVG]
2022-02-05 20:21:02,640 INFO Server -> Train: Loss 0.960 | Accuracy = 66.436
2022-02-05 20:21:02,641 INFO ROUND 100
2022-02-05 20:21:29,226 INFO [AFTER AVG]
2022-02-05 20:21:45,191 INFO Server -> Train: Loss 0.959 | Accuracy = 66.452
2022-02-05 20:21:45,192 INFO ROUND 101
2022-02-05 20:22:11,696 INFO [AFTER AVG]
2022-02-05 20:22:27,581 INFO Server -> Train: Loss 0.956 | Accuracy = 66.610
2022-02-05 20:22:27,582 INFO ROUND 102
2022-02-05 20:22:54,233 INFO [AFTER AVG]
2022-02-05 20:23:10,244 INFO Server -> Train: Loss 0.951 | Accuracy = 66.706
2022-02-05 20:23:10,245 INFO ROUND 103
2022-02-05 20:23:37,101 INFO [AFTER AVG]
2022-02-05 20:23:53,142 INFO Server -> Train: Loss 0.942 | Accuracy = 67.066
2022-02-05 20:23:53,143 INFO ROUND 104
2022-02-05 20:24:19,988 INFO [AFTER AVG]
2022-02-05 20:24:36,177 INFO Server -> Train: Loss 0.938 | Accuracy = 67.332
2022-02-05 20:24:36,178 INFO ROUND 105
2022-02-05 20:25:03,402 INFO [AFTER AVG]
2022-02-05 20:25:19,402 INFO Server -> Train: Loss 0.936 | Accuracy = 67.358
2022-02-05 20:25:22,767 INFO Server -> Test: Loss 0.999 | Accuracy = 64.960
2022-02-05 20:25:22,844 INFO ROUND 106
2022-02-05 20:25:49,889 INFO [AFTER AVG]
2022-02-05 20:26:05,856 INFO Server -> Train: Loss 0.926 | Accuracy = 67.796
2022-02-05 20:26:05,857 INFO ROUND 107
2022-02-05 20:26:32,734 INFO [AFTER AVG]
2022-02-05 20:26:48,690 INFO Server -> Train: Loss 0.922 | Accuracy = 67.982
2022-02-05 20:26:48,691 INFO ROUND 108
2022-02-05 20:27:15,613 INFO [AFTER AVG]
2022-02-05 20:27:31,326 INFO Server -> Train: Loss 0.919 | Accuracy = 67.976
2022-02-05 20:27:31,327 INFO ROUND 109
2022-02-05 20:27:58,355 INFO [AFTER AVG]
2022-02-05 20:28:14,207 INFO Server -> Train: Loss 0.913 | Accuracy = 68.136
2022-02-05 20:28:14,207 INFO ROUND 110
2022-02-05 20:28:41,408 INFO [AFTER AVG]
2022-02-05 20:28:57,080 INFO Server -> Train: Loss 0.907 | Accuracy = 68.568
2022-02-05 20:28:57,081 INFO ROUND 111
2022-02-05 20:29:24,247 INFO [AFTER AVG]
2022-02-05 20:29:40,051 INFO Server -> Train: Loss 0.901 | Accuracy = 68.680
2022-02-05 20:29:40,052 INFO ROUND 112
2022-02-05 20:30:07,115 INFO [AFTER AVG]
2022-02-05 20:30:23,015 INFO Server -> Train: Loss 0.897 | Accuracy = 68.840
2022-02-05 20:30:23,016 INFO ROUND 113
2022-02-05 20:30:50,121 INFO [AFTER AVG]
2022-02-05 20:31:05,977 INFO Server -> Train: Loss 0.895 | Accuracy = 68.944
2022-02-05 20:31:05,978 INFO ROUND 114
2022-02-05 20:31:33,050 INFO [AFTER AVG]
2022-02-05 20:31:48,960 INFO Server -> Train: Loss 0.886 | Accuracy = 69.304
2022-02-05 20:31:48,960 INFO ROUND 115
2022-02-05 20:32:16,392 INFO [AFTER AVG]
2022-02-05 20:32:32,273 INFO Server -> Train: Loss 0.882 | Accuracy = 69.266
2022-02-05 20:32:32,274 INFO ROUND 116
2022-02-05 20:32:59,600 INFO [AFTER AVG]
2022-02-05 20:33:15,447 INFO Server -> Train: Loss 0.875 | Accuracy = 69.510
2022-02-05 20:33:15,449 INFO ROUND 117
2022-02-05 20:33:42,924 INFO [AFTER AVG]
2022-02-05 20:33:58,779 INFO Server -> Train: Loss 0.878 | Accuracy = 69.508
2022-02-05 20:33:58,780 INFO ROUND 118
2022-02-05 20:34:26,464 INFO [AFTER AVG]
2022-02-05 20:34:42,439 INFO Server -> Train: Loss 0.869 | Accuracy = 69.882
2022-02-05 20:34:42,440 INFO ROUND 119
2022-02-05 20:35:10,256 INFO [AFTER AVG]
2022-02-05 20:35:26,240 INFO Server -> Train: Loss 0.870 | Accuracy = 69.820
2022-02-05 20:35:26,240 INFO ROUND 120
2022-02-05 20:35:54,193 INFO [AFTER AVG]
2022-02-05 20:36:10,227 INFO Server -> Train: Loss 0.864 | Accuracy = 70.144
2022-02-05 20:36:13,645 INFO Server -> Test: Loss 0.945 | Accuracy = 67.070
2022-02-05 20:36:13,708 INFO ROUND 121
2022-02-05 20:36:41,689 INFO [AFTER AVG]
2022-02-05 20:36:57,546 INFO Server -> Train: Loss 0.859 | Accuracy = 70.246
2022-02-05 20:36:57,546 INFO ROUND 122
2022-02-05 20:37:25,332 INFO [AFTER AVG]
2022-02-05 20:37:41,250 INFO Server -> Train: Loss 0.854 | Accuracy = 70.582
2022-02-05 20:37:41,250 INFO ROUND 123
2022-02-05 20:38:09,307 INFO [AFTER AVG]
2022-02-05 20:38:25,069 INFO Server -> Train: Loss 0.848 | Accuracy = 70.510
2022-02-05 20:38:25,071 INFO ROUND 124
2022-02-05 20:38:53,056 INFO [AFTER AVG]
2022-02-05 20:39:08,827 INFO Server -> Train: Loss 0.846 | Accuracy = 70.718
2022-02-05 20:39:08,829 INFO ROUND 125
2022-02-05 20:39:36,748 INFO [AFTER AVG]
2022-02-05 20:39:52,528 INFO Server -> Train: Loss 0.839 | Accuracy = 71.120
2022-02-05 20:39:52,529 INFO ROUND 126
2022-02-05 20:40:20,340 INFO [AFTER AVG]
2022-02-05 20:40:36,105 INFO Server -> Train: Loss 0.837 | Accuracy = 71.090
2022-02-05 20:40:36,108 INFO ROUND 127
2022-02-05 20:41:04,184 INFO [AFTER AVG]
2022-02-05 20:41:20,074 INFO Server -> Train: Loss 0.828 | Accuracy = 71.278
2022-02-05 20:41:20,075 INFO ROUND 128
2022-02-05 20:41:48,166 INFO [AFTER AVG]
2022-02-05 20:42:04,104 INFO Server -> Train: Loss 0.823 | Accuracy = 71.602
2022-02-05 20:42:04,105 INFO ROUND 129
2022-02-05 20:42:32,457 INFO [AFTER AVG]
2022-02-05 20:42:48,415 INFO Server -> Train: Loss 0.820 | Accuracy = 71.626
2022-02-05 20:42:48,416 INFO ROUND 130
2022-02-05 20:43:16,967 INFO [AFTER AVG]
2022-02-05 20:43:32,826 INFO Server -> Train: Loss 0.816 | Accuracy = 71.708
2022-02-05 20:43:32,826 INFO ROUND 131
2022-02-05 20:44:01,261 INFO [AFTER AVG]
2022-02-05 20:44:17,144 INFO Server -> Train: Loss 0.813 | Accuracy = 71.766
2022-02-05 20:44:17,144 INFO ROUND 132
2022-02-05 20:44:45,728 INFO [AFTER AVG]
2022-02-05 20:45:01,699 INFO Server -> Train: Loss 0.811 | Accuracy = 72.012
2022-02-05 20:45:01,700 INFO ROUND 133
2022-02-05 20:45:30,175 INFO [AFTER AVG]
2022-02-05 20:45:46,028 INFO Server -> Train: Loss 0.807 | Accuracy = 72.036
2022-02-05 20:45:46,029 INFO ROUND 134
2022-02-05 20:46:14,419 INFO [AFTER AVG]
2022-02-05 20:46:30,193 INFO Server -> Train: Loss 0.799 | Accuracy = 72.360
2022-02-05 20:46:30,194 INFO ROUND 135
2022-02-05 20:46:58,757 INFO [AFTER AVG]
2022-02-05 20:47:14,557 INFO Server -> Train: Loss 0.798 | Accuracy = 72.358
2022-02-05 20:47:17,863 INFO Server -> Test: Loss 0.904 | Accuracy = 68.340
2022-02-05 20:47:17,936 INFO ROUND 136
2022-02-05 20:47:46,267 INFO [AFTER AVG]
2022-02-05 20:48:01,862 INFO Server -> Train: Loss 0.787 | Accuracy = 72.804
2022-02-05 20:48:01,864 INFO ROUND 137
2022-02-05 20:48:30,402 INFO [AFTER AVG]
2022-02-05 20:48:46,040 INFO Server -> Train: Loss 0.786 | Accuracy = 72.678
2022-02-05 20:48:46,041 INFO ROUND 138
2022-02-05 20:49:14,604 INFO [AFTER AVG]
2022-02-05 20:49:30,181 INFO Server -> Train: Loss 0.785 | Accuracy = 72.814
2022-02-05 20:49:30,181 INFO ROUND 139
2022-02-05 20:50:00,591 INFO [AFTER AVG]
2022-02-05 20:50:16,622 INFO Server -> Train: Loss 0.778 | Accuracy = 73.096
2022-02-05 20:50:16,623 INFO ROUND 140
2022-02-05 20:50:45,616 INFO [AFTER AVG]
2022-02-05 20:51:01,334 INFO Server -> Train: Loss 0.774 | Accuracy = 73.186
2022-02-05 20:51:01,334 INFO ROUND 141
2022-02-05 20:51:30,210 INFO [AFTER AVG]
2022-02-05 20:51:46,074 INFO Server -> Train: Loss 0.768 | Accuracy = 73.390
2022-02-05 20:51:46,075 INFO ROUND 142
2022-02-05 20:52:15,077 INFO [AFTER AVG]
2022-02-05 20:52:30,990 INFO Server -> Train: Loss 0.773 | Accuracy = 73.330
2022-02-05 20:52:30,991 INFO ROUND 143
2022-02-05 20:53:00,155 INFO [AFTER AVG]
2022-02-05 20:53:16,106 INFO Server -> Train: Loss 0.764 | Accuracy = 73.614
2022-02-05 20:53:16,107 INFO ROUND 144
2022-02-05 20:53:45,450 INFO [AFTER AVG]
2022-02-05 20:54:01,223 INFO Server -> Train: Loss 0.762 | Accuracy = 73.718
2022-02-05 20:54:01,224 INFO ROUND 145
2022-02-05 20:54:30,670 INFO [AFTER AVG]
2022-02-05 20:54:46,380 INFO Server -> Train: Loss 0.754 | Accuracy = 74.114
2022-02-05 20:54:46,381 INFO ROUND 146
2022-02-05 20:55:15,791 INFO [AFTER AVG]
2022-02-05 20:55:31,741 INFO Server -> Train: Loss 0.753 | Accuracy = 74.064
2022-02-05 20:55:31,741 INFO ROUND 147
2022-02-05 20:56:01,235 INFO [AFTER AVG]
2022-02-05 20:56:17,172 INFO Server -> Train: Loss 0.744 | Accuracy = 74.248
2022-02-05 20:56:17,173 INFO ROUND 148
2022-02-05 20:56:46,667 INFO [AFTER AVG]
2022-02-05 20:57:02,376 INFO Server -> Train: Loss 0.742 | Accuracy = 74.380
2022-02-05 20:57:02,377 INFO ROUND 149
2022-02-05 20:57:31,880 INFO [AFTER AVG]
2022-02-05 20:57:47,789 INFO Server -> Train: Loss 0.738 | Accuracy = 74.624
2022-02-05 20:57:47,790 INFO ROUND 150
2022-02-05 20:58:17,210 INFO [AFTER AVG]
2022-02-05 20:58:33,059 INFO Server -> Train: Loss 0.731 | Accuracy = 74.810
2022-02-05 20:58:36,382 INFO Server -> Test: Loss 0.865 | Accuracy = 69.600
2022-02-05 20:58:36,452 INFO ROUND 151
2022-02-05 20:59:06,392 INFO [AFTER AVG]
2022-02-05 20:59:22,235 INFO Server -> Train: Loss 0.730 | Accuracy = 74.934
2022-02-05 20:59:22,236 INFO ROUND 152
2022-02-05 20:59:52,049 INFO [AFTER AVG]
2022-02-05 21:00:08,047 INFO Server -> Train: Loss 0.724 | Accuracy = 74.918
2022-02-05 21:00:08,048 INFO ROUND 153
2022-02-05 21:00:38,935 INFO [AFTER AVG]
2022-02-05 21:00:54,954 INFO Server -> Train: Loss 0.723 | Accuracy = 74.960
2022-02-05 21:00:54,955 INFO ROUND 154
2022-02-05 21:16:37,037 INFO ('Client samples sizes:', array([1000, 1000, 1000, 1000, 1000, 1000, 1000, 1000, 1000, 1000, 1000,
       1000, 1000, 1000, 1000, 1000, 1000, 1000, 1000, 1000, 1000, 1000,
       1000, 1000, 1000, 1000, 1000, 1000, 1000, 1000, 1000, 1000, 1000,
       1000, 1000, 1000, 1000, 1000, 1000, 1000, 1000, 1000, 1000, 1000,
       1000, 1000, 1000, 1000, 1000, 1000]), 'total:', 50000)
2022-02-05 21:16:51,172 INFO ROUND 151
2022-02-05 21:17:12,447 INFO [AFTER AVG]
2022-02-05 21:17:25,848 INFO Server -> Train: Loss 0.741 | Accuracy = 74.350
2022-02-05 21:17:25,849 INFO ROUND 152
2022-02-05 21:17:47,233 INFO [AFTER AVG]
2022-02-05 21:18:00,408 INFO Server -> Train: Loss 0.727 | Accuracy = 75.096
2022-02-05 21:18:00,408 INFO ROUND 153
2022-02-05 21:18:21,675 INFO [AFTER AVG]
2022-02-05 21:18:34,872 INFO Server -> Train: Loss 0.726 | Accuracy = 75.198
2022-02-05 21:18:34,873 INFO ROUND 154
2022-02-05 21:18:56,455 INFO [AFTER AVG]
2022-02-05 21:19:09,583 INFO Server -> Train: Loss 0.718 | Accuracy = 75.294
2022-02-05 21:19:09,584 INFO ROUND 155
2022-02-05 21:19:31,009 INFO [AFTER AVG]
2022-02-05 21:19:44,408 INFO Server -> Train: Loss 0.716 | Accuracy = 75.300
2022-02-05 21:19:44,409 INFO ROUND 156
2022-02-05 21:20:06,046 INFO [AFTER AVG]
2022-02-05 21:20:19,113 INFO Server -> Train: Loss 0.711 | Accuracy = 75.698
2022-02-05 21:20:19,114 INFO ROUND 157
2022-02-05 21:20:40,794 INFO [AFTER AVG]
2022-02-05 21:20:53,788 INFO Server -> Train: Loss 0.707 | Accuracy = 75.666
2022-02-05 21:20:53,789 INFO ROUND 158
2022-02-05 21:21:15,556 INFO [AFTER AVG]
2022-02-05 21:21:28,581 INFO Server -> Train: Loss 0.704 | Accuracy = 75.928
2022-02-05 21:21:28,581 INFO ROUND 159
2022-02-05 21:21:50,529 INFO [AFTER AVG]
2022-02-05 21:22:03,571 INFO Server -> Train: Loss 0.694 | Accuracy = 76.244
2022-02-05 21:22:03,572 INFO ROUND 160
2022-02-05 21:22:25,152 INFO [AFTER AVG]
2022-02-05 21:22:38,073 INFO Server -> Train: Loss 0.693 | Accuracy = 76.172
2022-02-05 21:22:38,074 INFO ROUND 161
2022-02-05 21:22:59,799 INFO [AFTER AVG]
2022-02-05 21:23:12,650 INFO Server -> Train: Loss 0.689 | Accuracy = 76.288
2022-02-05 21:23:12,651 INFO ROUND 162
2022-02-05 21:23:34,400 INFO [AFTER AVG]
2022-02-05 21:23:47,316 INFO Server -> Train: Loss 0.684 | Accuracy = 76.446
2022-02-05 21:23:47,317 INFO ROUND 163
2022-02-05 21:24:09,264 INFO [AFTER AVG]
2022-02-05 21:24:22,204 INFO Server -> Train: Loss 0.685 | Accuracy = 76.388
2022-02-05 21:24:22,205 INFO ROUND 164
2022-02-05 21:24:44,030 INFO [AFTER AVG]
2022-02-05 21:24:56,996 INFO Server -> Train: Loss 0.679 | Accuracy = 76.556
2022-02-05 21:24:56,998 INFO ROUND 165
2022-02-05 21:25:18,919 INFO [AFTER AVG]
2022-02-05 21:25:31,685 INFO Server -> Train: Loss 0.675 | Accuracy = 76.902
2022-02-05 21:25:34,393 INFO Server -> Test: Loss 0.840 | Accuracy = 70.660
2022-02-05 21:25:34,453 INFO ROUND 166
2022-02-05 21:25:56,481 INFO [AFTER AVG]
2022-02-05 21:26:09,354 INFO Server -> Train: Loss 0.669 | Accuracy = 76.952
2022-02-05 21:26:09,355 INFO ROUND 167
2022-02-05 21:26:31,224 INFO [AFTER AVG]
2022-02-05 21:26:44,227 INFO Server -> Train: Loss 0.663 | Accuracy = 77.302
2022-02-05 21:26:44,228 INFO ROUND 168
2022-02-05 21:27:06,837 INFO [AFTER AVG]
2022-02-05 21:27:20,141 INFO Server -> Train: Loss 0.658 | Accuracy = 77.442
2022-02-05 21:27:20,141 INFO ROUND 169
2022-02-05 21:27:42,872 INFO [AFTER AVG]
2022-02-05 21:27:56,156 INFO Server -> Train: Loss 0.658 | Accuracy = 77.344
2022-02-05 21:27:56,157 INFO ROUND 170
2022-02-05 21:28:18,734 INFO [AFTER AVG]
2022-02-05 21:28:31,620 INFO Server -> Train: Loss 0.654 | Accuracy = 77.432
2022-02-05 21:28:31,621 INFO ROUND 171
2022-02-05 21:28:53,741 INFO [AFTER AVG]
2022-02-05 21:29:06,527 INFO Server -> Train: Loss 0.654 | Accuracy = 77.504
2022-02-05 21:29:06,528 INFO ROUND 172
2022-02-05 21:29:28,740 INFO [AFTER AVG]
2022-02-05 21:29:41,600 INFO Server -> Train: Loss 0.647 | Accuracy = 77.688
2022-02-05 21:29:41,601 INFO ROUND 173
2022-02-05 21:30:05,474 INFO [AFTER AVG]
2022-02-05 21:30:18,325 INFO Server -> Train: Loss 0.638 | Accuracy = 78.166
2022-02-05 21:30:18,325 INFO ROUND 174
2022-02-05 21:30:40,699 INFO [AFTER AVG]
2022-02-05 21:30:53,592 INFO Server -> Train: Loss 0.636 | Accuracy = 78.048
2022-02-05 21:30:53,594 INFO ROUND 175
2022-02-05 21:31:16,098 INFO [AFTER AVG]
2022-02-05 21:31:28,833 INFO Server -> Train: Loss 0.635 | Accuracy = 78.198
2022-02-05 21:31:28,833 INFO ROUND 176
2022-02-05 21:31:51,224 INFO [AFTER AVG]
2022-02-05 21:32:04,116 INFO Server -> Train: Loss 0.626 | Accuracy = 78.500
2022-02-05 21:32:04,117 INFO ROUND 177
2022-02-05 21:32:26,775 INFO [AFTER AVG]
2022-02-05 21:32:39,592 INFO Server -> Train: Loss 0.628 | Accuracy = 78.448
2022-02-05 21:32:39,593 INFO ROUND 178
2022-02-05 21:33:02,188 INFO [AFTER AVG]
2022-02-05 21:33:15,062 INFO Server -> Train: Loss 0.621 | Accuracy = 78.572
2022-02-05 21:33:15,063 INFO ROUND 179
2022-02-05 21:33:37,650 INFO [AFTER AVG]
2022-02-05 21:33:50,497 INFO Server -> Train: Loss 0.617 | Accuracy = 78.942
2022-02-05 21:33:50,497 INFO ROUND 180
2022-02-05 21:34:13,244 INFO [AFTER AVG]
2022-02-05 21:34:25,924 INFO Server -> Train: Loss 0.613 | Accuracy = 78.936
2022-02-05 21:34:28,624 INFO Server -> Test: Loss 0.816 | Accuracy = 71.260
2022-02-05 21:34:28,682 INFO ROUND 181
2022-02-05 21:34:51,391 INFO [AFTER AVG]
2022-02-05 21:35:04,158 INFO Server -> Train: Loss 0.611 | Accuracy = 78.966
2022-02-05 21:35:04,159 INFO ROUND 182
2022-02-05 21:35:26,734 INFO [AFTER AVG]
2022-02-05 21:35:39,563 INFO Server -> Train: Loss 0.606 | Accuracy = 79.298
2022-02-05 21:35:39,564 INFO ROUND 183
2022-02-05 21:36:03,004 INFO [AFTER AVG]
2022-02-05 21:36:16,188 INFO Server -> Train: Loss 0.600 | Accuracy = 79.458
2022-02-05 21:36:16,189 INFO ROUND 184
2022-02-05 21:36:39,834 INFO [AFTER AVG]
2022-02-05 21:36:52,981 INFO Server -> Train: Loss 0.601 | Accuracy = 79.458
2022-02-05 21:36:52,982 INFO ROUND 185
2022-02-05 21:37:15,948 INFO [AFTER AVG]
2022-02-05 21:37:28,698 INFO Server -> Train: Loss 0.594 | Accuracy = 79.642
2022-02-05 21:37:28,700 INFO ROUND 186
2022-02-05 21:37:51,697 INFO [AFTER AVG]
2022-02-05 21:38:04,363 INFO Server -> Train: Loss 0.590 | Accuracy = 79.794
2022-02-05 21:38:04,363 INFO ROUND 187
2022-02-05 21:38:27,269 INFO [AFTER AVG]
2022-02-05 21:38:39,967 INFO Server -> Train: Loss 0.590 | Accuracy = 79.844
2022-02-05 21:38:39,969 INFO ROUND 188
2022-02-05 21:39:02,972 INFO [AFTER AVG]
2022-02-05 21:39:15,638 INFO Server -> Train: Loss 0.586 | Accuracy = 79.872
2022-02-05 21:39:15,639 INFO ROUND 189
2022-02-05 21:39:38,972 INFO [AFTER AVG]
2022-02-05 21:39:51,685 INFO Server -> Train: Loss 0.581 | Accuracy = 80.100
2022-02-05 21:39:51,686 INFO ROUND 190
2022-02-05 21:40:14,377 INFO [AFTER AVG]
2022-02-05 21:40:27,101 INFO Server -> Train: Loss 0.579 | Accuracy = 80.160
2022-02-05 21:40:27,102 INFO ROUND 191
2022-02-05 21:40:50,258 INFO [AFTER AVG]
2022-02-05 21:41:03,039 INFO Server -> Train: Loss 0.573 | Accuracy = 80.368
2022-02-05 21:41:03,040 INFO ROUND 192
2022-02-05 21:41:26,305 INFO [AFTER AVG]
2022-02-05 21:41:39,090 INFO Server -> Train: Loss 0.571 | Accuracy = 80.558
2022-02-05 21:41:39,091 INFO ROUND 193
2022-02-05 21:42:02,404 INFO [AFTER AVG]
2022-02-05 21:42:15,150 INFO Server -> Train: Loss 0.565 | Accuracy = 80.580
2022-02-05 21:42:15,151 INFO ROUND 194
2022-02-05 21:42:38,438 INFO [AFTER AVG]
2022-02-05 21:42:51,226 INFO Server -> Train: Loss 0.563 | Accuracy = 80.680
2022-02-05 21:42:51,227 INFO ROUND 195
2022-02-05 21:43:14,795 INFO [AFTER AVG]
2022-02-05 21:43:27,460 INFO Server -> Train: Loss 0.554 | Accuracy = 81.124
2022-02-05 21:43:30,167 INFO Server -> Test: Loss 0.798 | Accuracy = 72.220
2022-02-05 21:43:30,225 INFO ROUND 196
2022-02-05 21:43:53,825 INFO [AFTER AVG]
2022-02-05 21:44:06,503 INFO Server -> Train: Loss 0.553 | Accuracy = 81.050
2022-02-05 21:44:06,503 INFO ROUND 197
2022-02-05 21:44:29,947 INFO [AFTER AVG]
2022-02-05 21:44:42,453 INFO Server -> Train: Loss 0.550 | Accuracy = 81.190
2022-02-05 21:44:42,454 INFO ROUND 198
2022-02-05 21:45:06,022 INFO [AFTER AVG]
2022-02-05 21:45:18,818 INFO Server -> Train: Loss 0.550 | Accuracy = 81.192
2022-02-05 21:45:18,819 INFO ROUND 199
2022-02-05 21:45:42,720 INFO [AFTER AVG]
2022-02-05 21:45:55,199 INFO Server -> Train: Loss 0.538 | Accuracy = 81.662
2022-02-05 21:45:55,200 INFO ROUND 200
2022-02-05 21:46:18,322 INFO [AFTER AVG]
2022-02-05 21:46:30,810 INFO Server -> Train: Loss 0.540 | Accuracy = 81.526
2022-02-05 21:46:30,811 INFO ROUND 201
2022-02-05 21:46:54,217 INFO [AFTER AVG]
2022-02-05 21:47:06,758 INFO Server -> Train: Loss 0.538 | Accuracy = 81.648
2022-02-05 21:47:06,758 INFO ROUND 202
2022-02-05 21:47:30,126 INFO [AFTER AVG]
2022-02-05 21:47:42,737 INFO Server -> Train: Loss 0.534 | Accuracy = 81.796
2022-02-05 21:47:42,738 INFO ROUND 203
2022-02-05 21:48:06,352 INFO [AFTER AVG]
2022-02-05 21:48:18,869 INFO Server -> Train: Loss 0.527 | Accuracy = 81.948
2022-02-05 21:48:18,869 INFO ROUND 204
2022-02-05 21:48:42,562 INFO [AFTER AVG]
2022-02-05 21:48:55,249 INFO Server -> Train: Loss 0.525 | Accuracy = 82.086
2022-02-05 21:48:55,251 INFO ROUND 205
2022-02-05 21:49:19,086 INFO [AFTER AVG]
2022-02-05 21:49:31,533 INFO Server -> Train: Loss 0.527 | Accuracy = 81.912
2022-02-05 21:49:31,534 INFO ROUND 206
2022-02-05 21:49:55,384 INFO [AFTER AVG]
2022-02-05 21:50:07,872 INFO Server -> Train: Loss 0.519 | Accuracy = 82.336
2022-02-05 21:50:07,873 INFO ROUND 207
2022-02-05 21:50:31,871 INFO [AFTER AVG]
2022-02-05 21:50:44,361 INFO Server -> Train: Loss 0.515 | Accuracy = 82.300
2022-02-05 21:50:44,362 INFO ROUND 208
2022-02-05 21:51:08,562 INFO [AFTER AVG]
2022-02-05 21:51:21,092 INFO Server -> Train: Loss 0.510 | Accuracy = 82.714
2022-02-05 21:51:21,093 INFO ROUND 209
2022-02-05 21:51:45,059 INFO [AFTER AVG]
2022-02-05 21:51:57,632 INFO Server -> Train: Loss 0.511 | Accuracy = 82.288
2022-02-05 21:51:57,632 INFO ROUND 210
2022-02-05 21:52:21,872 INFO [AFTER AVG]
2022-02-05 21:52:34,426 INFO Server -> Train: Loss 0.501 | Accuracy = 82.880
2022-02-05 21:52:37,114 INFO Server -> Test: Loss 0.793 | Accuracy = 72.390
2022-02-05 21:52:37,172 INFO ROUND 211
2022-02-05 21:53:01,446 INFO [AFTER AVG]
2022-02-05 21:53:13,993 INFO Server -> Train: Loss 0.504 | Accuracy = 82.822
2022-02-05 21:53:13,994 INFO ROUND 212
2022-02-05 21:53:38,212 INFO [AFTER AVG]
2022-02-05 21:53:50,825 INFO Server -> Train: Loss 0.496 | Accuracy = 82.970
2022-02-05 21:53:50,826 INFO ROUND 213
2022-02-05 21:54:15,343 INFO [AFTER AVG]
2022-02-05 21:54:27,904 INFO Server -> Train: Loss 0.495 | Accuracy = 83.204
2022-02-05 21:54:27,904 INFO ROUND 214
2022-02-05 21:54:52,449 INFO [AFTER AVG]
2022-02-05 21:55:05,112 INFO Server -> Train: Loss 0.492 | Accuracy = 83.184
2022-02-05 21:55:05,114 INFO ROUND 215
2022-02-05 21:55:31,644 INFO [AFTER AVG]
2022-02-05 21:55:44,428 INFO Server -> Train: Loss 0.486 | Accuracy = 83.532
2022-02-05 21:55:44,429 INFO ROUND 216
2022-02-05 21:56:09,237 INFO [AFTER AVG]
2022-02-05 21:56:21,789 INFO Server -> Train: Loss 0.484 | Accuracy = 83.354
2022-02-05 21:56:21,790 INFO ROUND 217
2022-02-05 21:56:46,645 INFO [AFTER AVG]
2022-02-05 21:56:59,327 INFO Server -> Train: Loss 0.481 | Accuracy = 83.532
2022-02-05 21:56:59,328 INFO ROUND 218
2022-02-05 21:57:24,105 INFO [AFTER AVG]
2022-02-05 21:57:36,765 INFO Server -> Train: Loss 0.481 | Accuracy = 83.630
2022-02-05 21:57:36,766 INFO ROUND 219
2022-02-05 21:58:01,645 INFO [AFTER AVG]
2022-02-05 21:58:14,448 INFO Server -> Train: Loss 0.471 | Accuracy = 84.034
2022-02-05 21:58:14,448 INFO ROUND 220
2022-02-05 21:58:39,341 INFO [AFTER AVG]
2022-02-05 21:58:52,018 INFO Server -> Train: Loss 0.470 | Accuracy = 84.016
2022-02-05 21:58:52,019 INFO ROUND 221
2022-02-05 21:59:17,132 INFO [AFTER AVG]
2022-02-05 21:59:29,810 INFO Server -> Train: Loss 0.464 | Accuracy = 84.186
2022-02-05 21:59:29,811 INFO ROUND 222
2022-02-05 21:59:55,130 INFO [AFTER AVG]
2022-02-05 22:00:07,761 INFO Server -> Train: Loss 0.461 | Accuracy = 84.318
2022-02-05 22:00:07,762 INFO ROUND 223
2022-02-05 22:00:33,030 INFO [AFTER AVG]
2022-02-05 22:00:45,693 INFO Server -> Train: Loss 0.459 | Accuracy = 84.340
2022-02-05 22:00:45,695 INFO ROUND 224
2022-02-05 22:01:11,078 INFO [AFTER AVG]
2022-02-05 22:01:23,865 INFO Server -> Train: Loss 0.457 | Accuracy = 84.492
2022-02-05 22:01:23,865 INFO ROUND 225
2022-02-05 22:06:51,466 INFO ('Client samples sizes:', array([1000, 1000, 1000, 1000, 1000, 1000, 1000, 1000, 1000, 1000, 1000,
       1000, 1000, 1000, 1000, 1000, 1000, 1000, 1000, 1000, 1000, 1000,
       1000, 1000, 1000, 1000, 1000, 1000, 1000, 1000, 1000, 1000, 1000,
       1000, 1000, 1000, 1000, 1000, 1000, 1000, 1000, 1000, 1000, 1000,
       1000, 1000, 1000, 1000, 1000, 1000]), 'total:', 50000)
2022-02-05 22:07:07,265 INFO ROUND 211
2022-02-05 22:07:35,460 INFO [AFTER AVG]
2022-02-05 22:07:52,120 INFO Server -> Train: Loss 0.518 | Accuracy = 81.938
2022-02-05 22:07:52,121 INFO ROUND 212
2022-02-05 22:08:17,629 INFO [AFTER AVG]
2022-02-05 22:08:34,190 INFO Server -> Train: Loss 0.503 | Accuracy = 83.140
2022-02-05 22:08:34,191 INFO ROUND 213
2022-02-05 22:08:59,566 INFO [AFTER AVG]
2022-02-05 22:09:16,112 INFO Server -> Train: Loss 0.511 | Accuracy = 82.316
2022-02-05 22:09:16,114 INFO ROUND 214
2022-02-05 22:09:41,483 INFO [AFTER AVG]
2022-02-05 22:09:58,215 INFO Server -> Train: Loss 0.501 | Accuracy = 82.928
2022-02-05 22:09:58,216 INFO ROUND 215
2022-02-05 22:10:24,083 INFO [AFTER AVG]
2022-02-05 22:10:40,605 INFO Server -> Train: Loss 0.495 | Accuracy = 83.128
2022-02-05 22:10:40,606 INFO ROUND 216
2022-02-05 22:11:05,455 INFO [AFTER AVG]
2022-02-05 22:11:21,486 INFO Server -> Train: Loss 0.489 | Accuracy = 83.374
2022-02-05 22:11:21,486 INFO ROUND 217
2022-02-05 22:11:46,322 INFO [AFTER AVG]
2022-02-05 22:12:02,353 INFO Server -> Train: Loss 0.482 | Accuracy = 83.662
2022-02-05 22:12:02,354 INFO ROUND 218
2022-02-05 22:12:27,374 INFO [AFTER AVG]
2022-02-05 22:12:43,327 INFO Server -> Train: Loss 0.482 | Accuracy = 83.500
2022-02-05 22:12:43,327 INFO ROUND 219
2022-02-05 22:13:08,196 INFO [AFTER AVG]
2022-02-05 22:13:24,393 INFO Server -> Train: Loss 0.476 | Accuracy = 83.946
2022-02-05 22:13:24,394 INFO ROUND 220
2022-02-05 22:13:49,365 INFO [AFTER AVG]
2022-02-05 22:14:05,593 INFO Server -> Train: Loss 0.479 | Accuracy = 83.618
2022-02-05 22:14:05,594 INFO ROUND 221
2022-02-05 22:14:31,084 INFO [AFTER AVG]
2022-02-05 22:14:47,188 INFO Server -> Train: Loss 0.477 | Accuracy = 83.746
2022-02-05 22:14:47,189 INFO ROUND 222
2022-02-05 22:15:13,074 INFO [AFTER AVG]
2022-02-05 22:15:29,476 INFO Server -> Train: Loss 0.467 | Accuracy = 84.252
2022-02-05 22:15:29,476 INFO ROUND 223
2022-02-05 22:15:55,087 INFO [AFTER AVG]
2022-02-05 22:16:11,414 INFO Server -> Train: Loss 0.465 | Accuracy = 84.256
2022-02-05 22:16:11,414 INFO ROUND 224
2022-02-05 22:16:36,686 INFO [AFTER AVG]
2022-02-05 22:16:52,883 INFO Server -> Train: Loss 0.462 | Accuracy = 84.316
2022-02-05 22:16:52,884 INFO ROUND 225
2022-02-05 22:17:18,429 INFO [AFTER AVG]
2022-02-05 22:17:34,499 INFO Server -> Train: Loss 0.458 | Accuracy = 84.456
2022-02-05 22:17:37,848 INFO Server -> Test: Loss 0.795 | Accuracy = 72.720
2022-02-05 22:17:37,906 INFO ROUND 226
2022-02-05 22:18:03,244 INFO [AFTER AVG]
2022-02-05 22:18:19,303 INFO Server -> Train: Loss 0.450 | Accuracy = 84.776
2022-02-05 22:18:19,304 INFO ROUND 227
2022-02-05 22:18:44,624 INFO [AFTER AVG]
2022-02-05 22:19:00,679 INFO Server -> Train: Loss 0.456 | Accuracy = 84.482
2022-02-05 22:19:00,680 INFO ROUND 228
2022-02-05 22:19:26,249 INFO [AFTER AVG]
2022-02-05 22:19:42,231 INFO Server -> Train: Loss 0.446 | Accuracy = 84.828
2022-02-05 22:19:42,232 INFO ROUND 229
2022-02-05 22:20:07,691 INFO [AFTER AVG]
2022-02-05 22:20:23,892 INFO Server -> Train: Loss 0.443 | Accuracy = 85.038
2022-02-05 22:20:23,893 INFO ROUND 230
2022-02-05 22:20:50,335 INFO [AFTER AVG]
2022-02-05 22:21:06,596 INFO Server -> Train: Loss 0.444 | Accuracy = 84.842
2022-02-05 22:21:06,597 INFO ROUND 231
2022-02-05 22:21:32,993 INFO [AFTER AVG]
2022-02-05 22:21:49,228 INFO Server -> Train: Loss 0.435 | Accuracy = 85.238
2022-02-05 22:21:49,228 INFO ROUND 232
2022-02-05 22:22:15,414 INFO [AFTER AVG]
2022-02-05 22:22:31,616 INFO Server -> Train: Loss 0.438 | Accuracy = 85.140
2022-02-05 22:22:31,617 INFO ROUND 233
2022-02-05 22:22:59,548 INFO [AFTER AVG]
2022-02-05 22:23:15,820 INFO Server -> Train: Loss 0.428 | Accuracy = 85.532
2022-02-05 22:23:15,820 INFO ROUND 234
2022-02-05 22:23:41,967 INFO [AFTER AVG]
2022-02-05 22:23:58,067 INFO Server -> Train: Loss 0.429 | Accuracy = 85.438
2022-02-05 22:23:58,068 INFO ROUND 235
2022-02-05 22:24:23,961 INFO [AFTER AVG]
2022-02-05 22:24:40,124 INFO Server -> Train: Loss 0.427 | Accuracy = 85.422
2022-02-05 22:24:40,125 INFO ROUND 236
2022-02-05 22:25:06,221 INFO [AFTER AVG]
2022-02-05 22:25:22,316 INFO Server -> Train: Loss 0.416 | Accuracy = 85.998
2022-02-05 22:25:22,317 INFO ROUND 237
2022-02-05 22:25:49,048 INFO [AFTER AVG]
2022-02-05 22:26:04,963 INFO Server -> Train: Loss 0.419 | Accuracy = 85.898
2022-02-05 22:26:04,964 INFO ROUND 238
2022-02-05 22:26:31,317 INFO [AFTER AVG]
2022-02-05 22:26:47,270 INFO Server -> Train: Loss 0.412 | Accuracy = 86.100
2022-02-05 22:26:47,271 INFO ROUND 239
2022-02-05 22:27:13,415 INFO [AFTER AVG]
2022-02-05 22:27:29,119 INFO Server -> Train: Loss 0.419 | Accuracy = 85.628
2022-02-05 22:27:29,120 INFO ROUND 240
2022-02-05 22:27:55,279 INFO [AFTER AVG]
2022-02-05 22:28:11,120 INFO Server -> Train: Loss 0.407 | Accuracy = 86.196
2022-02-05 22:28:14,484 INFO Server -> Test: Loss 0.800 | Accuracy = 73.080
2022-02-05 22:28:14,553 INFO ROUND 241
2022-02-05 22:28:40,788 INFO [AFTER AVG]
2022-02-05 22:28:56,677 INFO Server -> Train: Loss 0.401 | Accuracy = 86.464
2022-02-05 22:28:56,678 INFO ROUND 242
2022-02-05 22:29:22,771 INFO [AFTER AVG]
2022-02-05 22:29:38,722 INFO Server -> Train: Loss 0.393 | Accuracy = 86.736
2022-02-05 22:29:38,723 INFO ROUND 243
2022-02-05 22:30:04,889 INFO [AFTER AVG]
2022-02-05 22:30:20,618 INFO Server -> Train: Loss 0.396 | Accuracy = 86.426
2022-02-05 22:30:20,618 INFO ROUND 244
2022-02-05 22:30:47,410 INFO [AFTER AVG]
2022-02-05 22:31:03,420 INFO Server -> Train: Loss 0.391 | Accuracy = 86.868
2022-02-05 22:31:03,421 INFO ROUND 245
2022-02-05 22:31:30,097 INFO [AFTER AVG]
2022-02-05 22:31:46,034 INFO Server -> Train: Loss 0.391 | Accuracy = 86.900
2022-02-05 22:31:46,035 INFO ROUND 246
2022-02-05 22:32:12,729 INFO [AFTER AVG]
2022-02-05 22:32:28,328 INFO Server -> Train: Loss 0.384 | Accuracy = 86.994
2022-02-05 22:32:28,329 INFO ROUND 247
2022-02-05 22:32:54,997 INFO [AFTER AVG]
2022-02-05 22:33:10,797 INFO Server -> Train: Loss 0.382 | Accuracy = 87.160
2022-02-05 22:33:10,798 INFO ROUND 248
2022-02-05 22:33:37,300 INFO [AFTER AVG]
2022-02-05 22:33:53,072 INFO Server -> Train: Loss 0.375 | Accuracy = 87.320
2022-02-05 22:33:53,073 INFO ROUND 249
2022-02-05 22:34:19,612 INFO [AFTER AVG]
2022-02-05 22:34:35,193 INFO Server -> Train: Loss 0.376 | Accuracy = 87.338
2022-02-05 22:34:35,195 INFO ROUND 250
2022-02-05 22:35:01,912 INFO [AFTER AVG]
2022-02-05 22:35:17,536 INFO Server -> Train: Loss 0.377 | Accuracy = 87.034
2022-02-05 22:35:17,538 INFO ROUND 251
2022-02-05 22:35:44,231 INFO [AFTER AVG]
2022-02-05 22:35:59,812 INFO Server -> Train: Loss 0.377 | Accuracy = 87.314
2022-02-05 22:35:59,814 INFO ROUND 252
2022-02-05 22:36:26,863 INFO [AFTER AVG]
2022-02-05 22:36:42,657 INFO Server -> Train: Loss 0.366 | Accuracy = 87.456
2022-02-05 22:36:42,659 INFO ROUND 253
2022-02-05 22:37:10,101 INFO [AFTER AVG]
2022-02-05 22:37:25,729 INFO Server -> Train: Loss 0.369 | Accuracy = 87.588
2022-02-05 22:37:25,731 INFO ROUND 254
2022-02-05 22:37:52,550 INFO [AFTER AVG]
2022-02-05 22:38:08,105 INFO Server -> Train: Loss 0.357 | Accuracy = 87.968
2022-02-05 22:38:08,106 INFO ROUND 255
2022-02-05 22:38:34,834 INFO [AFTER AVG]
2022-02-05 22:38:50,332 INFO Server -> Train: Loss 0.360 | Accuracy = 87.912
2022-02-05 22:38:53,570 INFO Server -> Test: Loss 0.816 | Accuracy = 73.280
2022-02-05 22:38:53,635 INFO ROUND 256
2022-02-05 22:39:20,546 INFO [AFTER AVG]
2022-02-05 22:39:36,236 INFO Server -> Train: Loss 0.350 | Accuracy = 88.316
2022-02-05 22:39:36,237 INFO ROUND 257
2022-02-05 22:40:03,519 INFO [AFTER AVG]
2022-02-05 22:40:19,285 INFO Server -> Train: Loss 0.348 | Accuracy = 88.374
2022-02-05 22:40:19,286 INFO ROUND 258
2022-02-05 22:40:46,604 INFO [AFTER AVG]
2022-02-05 22:41:02,326 INFO Server -> Train: Loss 0.347 | Accuracy = 88.264
2022-02-05 22:41:02,328 INFO ROUND 259
2022-02-05 22:41:29,289 INFO [AFTER AVG]
2022-02-05 22:41:44,963 INFO Server -> Train: Loss 0.347 | Accuracy = 88.454
2022-02-05 22:41:44,964 INFO ROUND 260
2022-02-05 22:42:12,692 INFO [AFTER AVG]
2022-02-05 22:42:28,394 INFO Server -> Train: Loss 0.343 | Accuracy = 88.280
2022-02-05 22:42:28,395 INFO ROUND 261
2022-02-05 22:42:55,779 INFO [AFTER AVG]
2022-02-05 22:43:11,451 INFO Server -> Train: Loss 0.334 | Accuracy = 88.936
2022-02-05 22:43:11,451 INFO ROUND 262
2022-02-05 22:43:38,730 INFO [AFTER AVG]
2022-02-05 22:43:54,437 INFO Server -> Train: Loss 0.335 | Accuracy = 88.790
2022-02-05 22:43:54,438 INFO ROUND 263
2022-02-05 22:44:22,042 INFO [AFTER AVG]
2022-02-05 22:44:37,728 INFO Server -> Train: Loss 0.329 | Accuracy = 89.028
2022-02-05 22:44:37,729 INFO ROUND 264
2022-02-05 22:45:05,614 INFO [AFTER AVG]
2022-02-05 22:45:21,280 INFO Server -> Train: Loss 0.324 | Accuracy = 89.174
2022-02-05 22:45:21,281 INFO ROUND 265
2022-02-05 22:45:48,739 INFO [AFTER AVG]
2022-02-05 22:46:04,381 INFO Server -> Train: Loss 0.320 | Accuracy = 89.256
2022-02-05 22:46:04,382 INFO ROUND 266
2022-02-05 22:46:32,088 INFO [AFTER AVG]
2022-02-05 22:46:47,648 INFO Server -> Train: Loss 0.321 | Accuracy = 89.310
2022-02-05 22:46:47,649 INFO ROUND 267
2022-02-05 22:47:15,235 INFO [AFTER AVG]
2022-02-05 22:47:30,890 INFO Server -> Train: Loss 0.317 | Accuracy = 89.456
2022-02-05 22:47:30,891 INFO ROUND 268
2022-02-05 22:47:58,984 INFO [AFTER AVG]
2022-02-05 22:48:14,711 INFO Server -> Train: Loss 0.319 | Accuracy = 89.228
2022-02-05 22:48:14,713 INFO ROUND 269
2022-02-05 22:48:42,722 INFO [AFTER AVG]
2022-02-05 22:48:58,327 INFO Server -> Train: Loss 0.313 | Accuracy = 89.562
2022-02-05 22:48:58,327 INFO ROUND 270
2022-02-05 22:49:26,359 INFO [AFTER AVG]
2022-02-05 22:49:41,853 INFO Server -> Train: Loss 0.310 | Accuracy = 89.748
2022-02-05 22:49:45,158 INFO Server -> Test: Loss 0.838 | Accuracy = 73.220
2022-02-05 22:49:45,221 INFO ROUND 271
2022-02-05 22:50:13,142 INFO [AFTER AVG]
2022-02-05 22:50:28,772 INFO Server -> Train: Loss 0.307 | Accuracy = 89.890
2022-02-05 22:50:28,772 INFO ROUND 272
2022-02-05 22:50:56,564 INFO [AFTER AVG]
2022-02-05 22:51:12,323 INFO Server -> Train: Loss 0.300 | Accuracy = 90.082
2022-02-05 22:51:12,324 INFO ROUND 273
2022-02-05 22:51:40,294 INFO [AFTER AVG]
2022-02-05 22:51:56,006 INFO Server -> Train: Loss 0.301 | Accuracy = 90.058
2022-02-05 22:51:56,006 INFO ROUND 274
2022-02-05 22:52:24,849 INFO [AFTER AVG]
2022-02-05 22:52:40,766 INFO Server -> Train: Loss 0.297 | Accuracy = 90.212
2022-02-05 22:52:40,766 INFO ROUND 275
2022-02-05 22:53:10,118 INFO [AFTER AVG]
2022-02-05 22:53:25,789 INFO Server -> Train: Loss 0.299 | Accuracy = 89.998
2022-02-05 22:53:25,789 INFO ROUND 276
2022-02-05 22:53:54,616 INFO [AFTER AVG]
2022-02-05 22:54:10,381 INFO Server -> Train: Loss 0.297 | Accuracy = 90.300
2022-02-05 22:54:10,382 INFO ROUND 277
2022-02-05 22:54:39,193 INFO [AFTER AVG]
2022-02-05 22:54:55,154 INFO Server -> Train: Loss 0.287 | Accuracy = 90.554
2022-02-05 22:54:55,155 INFO ROUND 278
2022-02-05 22:55:23,884 INFO [AFTER AVG]
2022-02-05 22:55:39,536 INFO Server -> Train: Loss 0.284 | Accuracy = 90.676
2022-02-05 22:55:39,537 INFO ROUND 279
2022-02-05 22:56:08,004 INFO [AFTER AVG]
2022-02-05 22:56:23,764 INFO Server -> Train: Loss 0.285 | Accuracy = 90.452
2022-02-05 22:56:23,765 INFO ROUND 280
2022-02-05 22:56:52,392 INFO [AFTER AVG]
2022-02-05 22:57:08,122 INFO Server -> Train: Loss 0.278 | Accuracy = 90.926
2022-02-05 22:57:08,124 INFO ROUND 281
2022-02-05 22:57:36,802 INFO [AFTER AVG]
2022-02-05 22:57:52,514 INFO Server -> Train: Loss 0.279 | Accuracy = 90.776
2022-02-05 22:57:52,514 INFO ROUND 282
2022-02-05 22:58:21,538 INFO [AFTER AVG]
2022-02-05 22:58:37,372 INFO Server -> Train: Loss 0.274 | Accuracy = 91.006
2022-02-05 22:58:37,373 INFO ROUND 283
2022-02-05 22:59:06,293 INFO [AFTER AVG]
2022-02-05 22:59:22,104 INFO Server -> Train: Loss 0.275 | Accuracy = 90.922
2022-02-05 22:59:22,104 INFO ROUND 284
2022-02-05 22:59:52,001 INFO [AFTER AVG]
2022-02-05 23:00:07,764 INFO Server -> Train: Loss 0.266 | Accuracy = 91.458
2022-02-05 23:00:07,765 INFO ROUND 285
2022-02-05 23:00:37,002 INFO [AFTER AVG]
2022-02-05 23:00:52,692 INFO Server -> Train: Loss 0.267 | Accuracy = 91.272
2022-02-05 23:00:56,030 INFO Server -> Test: Loss 0.866 | Accuracy = 73.190
2022-02-05 23:00:56,090 INFO ROUND 286
2022-02-05 23:01:25,072 INFO [AFTER AVG]
2022-02-05 23:01:40,627 INFO Server -> Train: Loss 0.263 | Accuracy = 91.414
2022-02-05 23:01:40,628 INFO ROUND 287
2022-02-05 23:02:09,739 INFO [AFTER AVG]
2022-02-05 23:02:25,416 INFO Server -> Train: Loss 0.259 | Accuracy = 91.538
2022-02-05 23:02:25,416 INFO ROUND 288
2022-02-05 23:02:54,712 INFO [AFTER AVG]
2022-02-05 23:03:10,429 INFO Server -> Train: Loss 0.260 | Accuracy = 91.618
2022-02-05 23:03:10,430 INFO ROUND 289
2022-02-05 23:03:39,657 INFO [AFTER AVG]
2022-02-05 23:03:55,227 INFO Server -> Train: Loss 0.251 | Accuracy = 91.926
2022-02-05 23:03:55,229 INFO ROUND 290
2022-02-05 23:04:24,464 INFO [AFTER AVG]
2022-02-05 23:04:40,037 INFO Server -> Train: Loss 0.259 | Accuracy = 91.600
2022-02-05 23:04:40,038 INFO ROUND 291
2022-02-05 23:05:09,363 INFO [AFTER AVG]
2022-02-05 23:05:25,381 INFO Server -> Train: Loss 0.250 | Accuracy = 92.008
2022-02-05 23:05:25,383 INFO ROUND 292
2022-02-05 23:05:55,363 INFO [AFTER AVG]
2022-02-05 23:06:11,337 INFO Server -> Train: Loss 0.245 | Accuracy = 92.204
2022-02-05 23:06:11,338 INFO ROUND 293
2022-02-05 23:06:40,880 INFO [AFTER AVG]
2022-02-05 23:06:56,606 INFO Server -> Train: Loss 0.249 | Accuracy = 91.920
2022-02-05 23:06:56,608 INFO ROUND 294
2022-02-05 23:07:26,308 INFO [AFTER AVG]
2022-02-05 23:07:42,257 INFO Server -> Train: Loss 0.235 | Accuracy = 92.618
2022-02-05 23:07:42,257 INFO ROUND 295
2022-02-05 23:08:11,930 INFO [AFTER AVG]
2022-02-05 23:08:27,721 INFO Server -> Train: Loss 0.241 | Accuracy = 92.130
2022-02-05 23:08:27,722 INFO ROUND 296
2022-02-05 23:08:57,248 INFO [AFTER AVG]
2022-02-05 23:09:12,873 INFO Server -> Train: Loss 0.237 | Accuracy = 92.414
2022-02-05 23:09:12,873 INFO ROUND 297
2022-02-05 23:09:42,464 INFO [AFTER AVG]
2022-02-05 23:09:57,953 INFO Server -> Train: Loss 0.233 | Accuracy = 92.658
2022-02-05 23:09:57,954 INFO ROUND 298
2022-02-05 23:10:27,582 INFO [AFTER AVG]
2022-02-05 23:10:43,234 INFO Server -> Train: Loss 0.230 | Accuracy = 92.726
2022-02-05 23:10:43,236 INFO ROUND 299
2022-02-05 23:11:12,810 INFO [AFTER AVG]
2022-02-05 23:11:28,252 INFO Server -> Train: Loss 0.227 | Accuracy = 92.764
2022-02-05 23:11:28,252 INFO ROUND 300
2022-02-05 23:11:58,022 INFO [AFTER AVG]
2022-02-05 23:12:13,611 INFO Server -> Train: Loss 0.224 | Accuracy = 92.990
2022-02-05 23:12:16,992 INFO Server -> Test: Loss 0.901 | Accuracy = 73.220
2022-02-05 23:12:17,052 INFO ROUND 301
2022-02-05 23:12:46,968 INFO [AFTER AVG]
2022-02-05 23:13:02,487 INFO Server -> Train: Loss 0.223 | Accuracy = 92.934
2022-02-05 23:13:02,488 INFO ROUND 302
2022-02-05 23:13:32,350 INFO [AFTER AVG]
2022-02-05 23:13:47,876 INFO Server -> Train: Loss 0.224 | Accuracy = 92.732
2022-02-05 23:13:47,878 INFO ROUND 303
2022-02-05 23:14:17,709 INFO [AFTER AVG]
2022-02-05 23:14:33,208 INFO Server -> Train: Loss 0.221 | Accuracy = 93.006
2022-02-05 23:14:33,209 INFO ROUND 304
2022-02-05 23:15:03,264 INFO [AFTER AVG]
2022-02-05 23:15:18,802 INFO Server -> Train: Loss 0.217 | Accuracy = 93.202
2022-02-05 23:15:18,803 INFO ROUND 305
2022-02-05 23:15:48,600 INFO [AFTER AVG]
2022-02-05 23:16:04,169 INFO Server -> Train: Loss 0.212 | Accuracy = 93.462
2022-02-05 23:16:04,170 INFO ROUND 306
2022-02-05 23:16:34,138 INFO [AFTER AVG]
2022-02-05 23:16:49,652 INFO Server -> Train: Loss 0.210 | Accuracy = 93.308
2022-02-05 23:16:49,652 INFO ROUND 307
2022-02-05 23:17:19,782 INFO [AFTER AVG]
2022-02-05 23:17:35,376 INFO Server -> Train: Loss 0.210 | Accuracy = 93.370
2022-02-05 23:17:35,376 INFO ROUND 308
2022-02-05 23:18:05,377 INFO [AFTER AVG]
2022-02-05 23:18:21,079 INFO Server -> Train: Loss 0.211 | Accuracy = 93.308
2022-02-05 23:18:21,081 INFO ROUND 309
2022-02-05 23:18:51,327 INFO [AFTER AVG]
2022-02-05 23:19:06,942 INFO Server -> Train: Loss 0.207 | Accuracy = 93.536
2022-02-05 23:19:06,944 INFO ROUND 310
2022-02-06 00:05:03,572 INFO ('Client samples sizes:', array([1000, 1000, 1000, 1000, 1000, 1000, 1000, 1000, 1000, 1000, 1000,
       1000, 1000, 1000, 1000, 1000, 1000, 1000, 1000, 1000, 1000, 1000,
       1000, 1000, 1000, 1000, 1000, 1000, 1000, 1000, 1000, 1000, 1000,
       1000, 1000, 1000, 1000, 1000, 1000, 1000, 1000, 1000, 1000, 1000,
       1000, 1000, 1000, 1000, 1000, 1000]), 'total:', 50000)
2022-02-06 00:05:16,660 INFO ROUND 301
2022-02-06 00:05:34,745 INFO [AFTER AVG]
2022-02-06 00:05:44,561 INFO Server -> Train: Loss 0.225 | Accuracy = 93.022
2022-02-06 00:05:44,562 INFO ROUND 302
2022-02-06 00:06:01,792 INFO [AFTER AVG]
2022-02-06 00:06:11,532 INFO Server -> Train: Loss 0.219 | Accuracy = 93.352
2022-02-06 00:06:11,533 INFO ROUND 303
2022-02-06 00:06:29,053 INFO [AFTER AVG]
2022-02-06 00:06:38,949 INFO Server -> Train: Loss 0.213 | Accuracy = 93.646
2022-02-06 00:06:38,949 INFO ROUND 304
2022-02-06 00:06:56,612 INFO [AFTER AVG]
2022-02-06 00:07:06,491 INFO Server -> Train: Loss 0.213 | Accuracy = 93.600
2022-02-06 00:07:06,492 INFO ROUND 305
2022-02-06 00:07:23,841 INFO [AFTER AVG]
2022-02-06 00:07:33,831 INFO Server -> Train: Loss 0.213 | Accuracy = 93.548
2022-02-06 00:07:33,832 INFO ROUND 306
2022-02-06 00:07:51,609 INFO [AFTER AVG]
2022-02-06 00:08:01,485 INFO Server -> Train: Loss 0.201 | Accuracy = 94.098
2022-02-06 00:08:01,485 INFO ROUND 307
2022-02-06 00:08:19,470 INFO [AFTER AVG]
2022-02-06 00:08:29,374 INFO Server -> Train: Loss 0.198 | Accuracy = 94.152
2022-02-06 00:08:29,374 INFO ROUND 308
2022-02-06 00:08:47,091 INFO [AFTER AVG]
2022-02-06 00:08:57,103 INFO Server -> Train: Loss 0.190 | Accuracy = 94.626
2022-02-06 00:08:57,103 INFO ROUND 309
2022-02-06 00:09:15,213 INFO [AFTER AVG]
2022-02-06 00:09:25,276 INFO Server -> Train: Loss 0.196 | Accuracy = 94.270
2022-02-06 00:09:25,277 INFO ROUND 310
2022-02-06 00:09:43,352 INFO [AFTER AVG]
2022-02-06 00:09:53,288 INFO Server -> Train: Loss 0.188 | Accuracy = 94.574
2022-02-06 00:09:53,289 INFO ROUND 311
2022-02-06 00:10:11,372 INFO [AFTER AVG]
2022-02-06 00:10:21,525 INFO Server -> Train: Loss 0.185 | Accuracy = 94.536
2022-02-06 00:10:21,526 INFO ROUND 312
2022-02-06 00:10:39,616 INFO [AFTER AVG]
2022-02-06 00:10:49,424 INFO Server -> Train: Loss 0.183 | Accuracy = 94.722
2022-02-06 00:10:49,425 INFO ROUND 313
2022-02-06 00:11:07,489 INFO [AFTER AVG]
2022-02-06 00:11:17,163 INFO Server -> Train: Loss 0.179 | Accuracy = 94.966
2022-02-06 00:11:17,163 INFO ROUND 314
2022-02-06 00:11:35,284 INFO [AFTER AVG]
2022-02-06 00:11:45,311 INFO Server -> Train: Loss 0.172 | Accuracy = 95.262
2022-02-06 00:11:45,311 INFO ROUND 315
2022-02-06 00:12:03,395 INFO [AFTER AVG]
2022-02-06 00:12:13,192 INFO Server -> Train: Loss 0.171 | Accuracy = 95.146
2022-02-06 00:12:15,334 INFO Server -> Test: Loss 0.900 | Accuracy = 73.750
2022-02-06 00:12:15,391 INFO ROUND 316
2022-02-06 00:12:33,717 INFO [AFTER AVG]
2022-02-06 00:12:43,594 INFO Server -> Train: Loss 0.170 | Accuracy = 95.240
2022-02-06 00:12:43,595 INFO ROUND 317
2022-02-06 00:13:01,909 INFO [AFTER AVG]
2022-02-06 00:13:12,094 INFO Server -> Train: Loss 0.166 | Accuracy = 95.376
2022-02-06 00:13:12,094 INFO ROUND 318
2022-02-06 00:13:30,624 INFO [AFTER AVG]
2022-02-06 00:13:40,655 INFO Server -> Train: Loss 0.167 | Accuracy = 95.272
2022-02-06 00:13:40,656 INFO ROUND 319
2022-02-06 00:13:58,721 INFO [AFTER AVG]
2022-02-06 00:14:08,886 INFO Server -> Train: Loss 0.162 | Accuracy = 95.566
2022-02-06 00:14:08,886 INFO ROUND 320
2022-02-06 00:14:27,920 INFO [AFTER AVG]
2022-02-06 00:14:37,782 INFO Server -> Train: Loss 0.164 | Accuracy = 95.394
2022-02-06 00:14:37,783 INFO ROUND 321
2022-02-06 00:14:56,574 INFO [AFTER AVG]
2022-02-06 00:15:06,519 INFO Server -> Train: Loss 0.158 | Accuracy = 95.696
2022-02-06 00:15:06,519 INFO ROUND 322
2022-02-06 00:15:24,835 INFO [AFTER AVG]
2022-02-06 00:15:34,736 INFO Server -> Train: Loss 0.153 | Accuracy = 95.932
2022-02-06 00:15:34,737 INFO ROUND 323
2022-02-06 00:15:53,275 INFO [AFTER AVG]
2022-02-06 00:16:03,301 INFO Server -> Train: Loss 0.152 | Accuracy = 95.832
2022-02-06 00:16:03,302 INFO ROUND 324
2022-02-06 00:16:23,132 INFO [AFTER AVG]
2022-02-06 00:16:33,410 INFO Server -> Train: Loss 0.150 | Accuracy = 95.926
2022-02-06 00:16:33,411 INFO ROUND 325
2022-02-06 00:16:51,840 INFO [AFTER AVG]
2022-02-06 00:17:02,184 INFO Server -> Train: Loss 0.151 | Accuracy = 95.868
2022-02-06 00:17:02,184 INFO ROUND 326
2022-02-06 00:17:20,849 INFO [AFTER AVG]
2022-02-06 00:17:30,756 INFO Server -> Train: Loss 0.146 | Accuracy = 96.206
2022-02-06 00:17:30,757 INFO ROUND 327
2022-02-06 00:17:49,504 INFO [AFTER AVG]
2022-02-06 00:17:59,280 INFO Server -> Train: Loss 0.141 | Accuracy = 96.158
2022-02-06 00:17:59,280 INFO ROUND 328
2022-02-06 00:18:18,150 INFO [AFTER AVG]
2022-02-06 00:18:28,219 INFO Server -> Train: Loss 0.139 | Accuracy = 96.376
2022-02-06 00:18:28,220 INFO ROUND 329
2022-02-06 00:18:46,963 INFO [AFTER AVG]
2022-02-06 00:18:56,762 INFO Server -> Train: Loss 0.138 | Accuracy = 96.394
2022-02-06 00:18:56,763 INFO ROUND 330
2022-02-06 00:19:15,494 INFO [AFTER AVG]
2022-02-06 00:19:25,496 INFO Server -> Train: Loss 0.134 | Accuracy = 96.518
2022-02-06 00:19:27,601 INFO Server -> Test: Loss 0.950 | Accuracy = 73.860
2022-02-06 00:19:27,666 INFO ROUND 331
2022-02-06 00:19:46,518 INFO [AFTER AVG]
2022-02-06 00:19:56,518 INFO Server -> Train: Loss 0.133 | Accuracy = 96.504
2022-02-06 00:19:56,519 INFO ROUND 332
2022-02-06 00:20:15,687 INFO [AFTER AVG]
2022-02-06 00:20:25,858 INFO Server -> Train: Loss 0.133 | Accuracy = 96.546
2022-02-06 00:20:25,858 INFO ROUND 333
2022-02-06 00:20:44,754 INFO [AFTER AVG]
2022-02-06 00:20:54,607 INFO Server -> Train: Loss 0.129 | Accuracy = 96.620
2022-02-06 00:20:54,609 INFO ROUND 334
2022-02-06 00:21:13,729 INFO [AFTER AVG]
2022-02-06 00:21:23,580 INFO Server -> Train: Loss 0.128 | Accuracy = 96.696
2022-02-06 00:21:23,580 INFO ROUND 335
2022-02-06 00:21:42,772 INFO [AFTER AVG]
2022-02-06 00:21:52,756 INFO Server -> Train: Loss 0.125 | Accuracy = 96.666
2022-02-06 00:21:52,757 INFO ROUND 336
2022-02-06 00:22:11,569 INFO [AFTER AVG]
2022-02-06 00:22:21,625 INFO Server -> Train: Loss 0.122 | Accuracy = 96.942
2022-02-06 00:22:21,625 INFO ROUND 337
2022-02-06 00:22:41,095 INFO [AFTER AVG]
2022-02-06 00:22:51,187 INFO Server -> Train: Loss 0.119 | Accuracy = 96.950
2022-02-06 00:22:51,188 INFO ROUND 338
2022-02-06 00:23:10,419 INFO [AFTER AVG]
2022-02-06 00:23:20,279 INFO Server -> Train: Loss 0.117 | Accuracy = 97.092
2022-02-06 00:23:20,280 INFO ROUND 339
2022-02-06 00:23:39,735 INFO [AFTER AVG]
2022-02-06 00:23:49,698 INFO Server -> Train: Loss 0.116 | Accuracy = 97.028
2022-02-06 00:23:49,699 INFO ROUND 340
2022-02-06 00:24:09,028 INFO [AFTER AVG]
2022-02-06 00:24:19,218 INFO Server -> Train: Loss 0.116 | Accuracy = 97.122
2022-02-06 00:24:19,219 INFO ROUND 341
2022-02-06 00:24:38,753 INFO [AFTER AVG]
2022-02-06 00:24:48,542 INFO Server -> Train: Loss 0.112 | Accuracy = 97.112
2022-02-06 00:24:48,543 INFO ROUND 342
2022-02-06 00:25:08,048 INFO [AFTER AVG]
2022-02-06 00:25:17,965 INFO Server -> Train: Loss 0.111 | Accuracy = 97.356
2022-02-06 00:25:17,965 INFO ROUND 343
2022-02-06 00:25:37,626 INFO [AFTER AVG]
2022-02-06 00:25:47,592 INFO Server -> Train: Loss 0.113 | Accuracy = 97.052
2022-02-06 00:25:47,592 INFO ROUND 344
2022-02-06 00:26:07,027 INFO [AFTER AVG]
2022-02-06 00:26:16,959 INFO Server -> Train: Loss 0.107 | Accuracy = 97.438
2022-02-06 00:26:16,960 INFO ROUND 345
2022-02-06 00:26:36,829 INFO [AFTER AVG]
2022-02-06 00:26:46,611 INFO Server -> Train: Loss 0.106 | Accuracy = 97.352
2022-02-06 00:26:48,765 INFO Server -> Test: Loss 1.015 | Accuracy = 73.810
2022-02-06 00:26:48,827 INFO ROUND 346
2022-02-06 00:27:08,255 INFO [AFTER AVG]
2022-02-06 00:27:18,332 INFO Server -> Train: Loss 0.101 | Accuracy = 97.616
2022-02-06 00:27:18,332 INFO ROUND 347
2022-02-06 00:27:38,052 INFO [AFTER AVG]
2022-02-06 00:27:47,913 INFO Server -> Train: Loss 0.102 | Accuracy = 97.424
2022-02-06 00:27:47,914 INFO ROUND 348
2022-02-06 00:28:07,913 INFO [AFTER AVG]
2022-02-06 00:28:18,035 INFO Server -> Train: Loss 0.104 | Accuracy = 97.460
2022-02-06 00:28:18,035 INFO ROUND 349
2022-02-06 00:28:38,019 INFO [AFTER AVG]
2022-02-06 00:28:47,670 INFO Server -> Train: Loss 0.102 | Accuracy = 97.444
2022-02-06 00:28:47,670 INFO ROUND 350
2022-02-06 00:29:07,766 INFO [AFTER AVG]
2022-02-06 00:29:17,707 INFO Server -> Train: Loss 0.095 | Accuracy = 97.770
2022-02-06 00:29:17,707 INFO ROUND 351
2022-02-06 00:29:37,644 INFO [AFTER AVG]
2022-02-06 00:29:47,750 INFO Server -> Train: Loss 0.096 | Accuracy = 97.670
2022-02-06 00:29:47,751 INFO ROUND 352
2022-02-06 00:30:07,738 INFO [AFTER AVG]
2022-02-06 00:30:17,601 INFO Server -> Train: Loss 0.096 | Accuracy = 97.816
2022-02-06 00:30:17,601 INFO ROUND 353
2022-02-06 00:30:37,799 INFO [AFTER AVG]
2022-02-06 00:30:47,625 INFO Server -> Train: Loss 0.093 | Accuracy = 97.846
2022-02-06 00:30:47,625 INFO ROUND 354
2022-02-06 00:31:07,702 INFO [AFTER AVG]
2022-02-06 00:31:17,662 INFO Server -> Train: Loss 0.095 | Accuracy = 97.674
2022-02-06 00:31:17,663 INFO ROUND 355
2022-02-06 00:31:37,798 INFO [AFTER AVG]
2022-02-06 00:31:47,620 INFO Server -> Train: Loss 0.088 | Accuracy = 98.058
2022-02-06 00:31:47,621 INFO ROUND 356
2022-02-06 00:32:07,670 INFO [AFTER AVG]
2022-02-06 00:32:17,603 INFO Server -> Train: Loss 0.088 | Accuracy = 97.972
2022-02-06 00:32:17,603 INFO ROUND 357
2022-02-06 00:32:37,918 INFO [AFTER AVG]
2022-02-06 00:32:47,699 INFO Server -> Train: Loss 0.087 | Accuracy = 98.046
2022-02-06 00:32:47,700 INFO ROUND 358
2022-02-06 00:33:08,388 INFO [AFTER AVG]
2022-02-06 00:33:18,467 INFO Server -> Train: Loss 0.087 | Accuracy = 98.028
2022-02-06 00:33:18,467 INFO ROUND 359
2022-02-06 00:33:39,007 INFO [AFTER AVG]
2022-02-06 00:33:49,049 INFO Server -> Train: Loss 0.085 | Accuracy = 98.008
2022-02-06 00:33:49,050 INFO ROUND 360
2022-02-06 00:34:09,415 INFO [AFTER AVG]
2022-02-06 00:34:19,445 INFO Server -> Train: Loss 0.082 | Accuracy = 98.188
2022-02-06 00:34:21,589 INFO Server -> Test: Loss 1.076 | Accuracy = 73.870
2022-02-06 00:34:21,639 INFO ROUND 361
2022-02-06 00:34:42,296 INFO [AFTER AVG]
2022-02-06 00:34:52,490 INFO Server -> Train: Loss 0.081 | Accuracy = 98.196
2022-02-06 00:34:52,491 INFO ROUND 362
2022-02-06 00:35:13,217 INFO [AFTER AVG]
2022-02-06 00:35:23,269 INFO Server -> Train: Loss 0.081 | Accuracy = 98.238
2022-02-06 00:35:23,269 INFO ROUND 363
2022-02-06 00:35:43,941 INFO [AFTER AVG]
2022-02-06 00:35:53,763 INFO Server -> Train: Loss 0.078 | Accuracy = 98.348
2022-02-06 00:35:53,764 INFO ROUND 364
2022-02-06 00:36:14,388 INFO [AFTER AVG]
2022-02-06 00:36:24,440 INFO Server -> Train: Loss 0.079 | Accuracy = 98.284
2022-02-06 00:36:24,441 INFO ROUND 365
2022-02-06 00:36:45,579 INFO [AFTER AVG]
2022-02-06 00:36:55,659 INFO Server -> Train: Loss 0.078 | Accuracy = 98.318
2022-02-06 00:36:55,659 INFO ROUND 366
2022-02-06 00:37:17,402 INFO [AFTER AVG]
2022-02-06 00:37:27,376 INFO Server -> Train: Loss 0.077 | Accuracy = 98.262
2022-02-06 00:37:27,377 INFO ROUND 367
2022-02-06 00:37:48,465 INFO [AFTER AVG]
2022-02-06 00:37:58,481 INFO Server -> Train: Loss 0.076 | Accuracy = 98.302
2022-02-06 00:37:58,481 INFO ROUND 368
2022-02-06 00:38:19,150 INFO [AFTER AVG]
2022-02-06 00:38:29,219 INFO Server -> Train: Loss 0.075 | Accuracy = 98.372
2022-02-06 00:38:29,220 INFO ROUND 369
2022-02-06 00:38:50,221 INFO [AFTER AVG]
2022-02-06 00:38:59,963 INFO Server -> Train: Loss 0.074 | Accuracy = 98.326
2022-02-06 00:38:59,964 INFO ROUND 370
2022-02-06 00:39:20,796 INFO [AFTER AVG]
2022-02-06 00:39:30,504 INFO Server -> Train: Loss 0.071 | Accuracy = 98.542
2022-02-06 00:39:30,504 INFO ROUND 371
2022-02-06 00:39:51,580 INFO [AFTER AVG]
2022-02-06 00:40:01,531 INFO Server -> Train: Loss 0.074 | Accuracy = 98.364
2022-02-06 00:40:01,531 INFO ROUND 372
2022-02-06 00:40:22,640 INFO [AFTER AVG]
2022-02-06 00:40:32,727 INFO Server -> Train: Loss 0.070 | Accuracy = 98.564
2022-02-06 00:40:32,728 INFO ROUND 373
2022-02-06 00:40:53,794 INFO [AFTER AVG]
2022-02-06 00:41:03,786 INFO Server -> Train: Loss 0.069 | Accuracy = 98.544
2022-02-06 00:41:03,787 INFO ROUND 374
2022-02-06 00:41:25,181 INFO [AFTER AVG]
2022-02-06 00:41:35,078 INFO Server -> Train: Loss 0.069 | Accuracy = 98.520
2022-02-06 00:41:35,079 INFO ROUND 375
2022-02-06 00:41:56,268 INFO [AFTER AVG]
2022-02-06 00:42:06,180 INFO Server -> Train: Loss 0.066 | Accuracy = 98.614
2022-02-06 00:42:08,270 INFO Server -> Test: Loss 1.138 | Accuracy = 73.780
2022-02-06 00:42:08,331 INFO ROUND 376
2022-02-06 00:42:29,514 INFO [AFTER AVG]
2022-02-06 00:42:39,576 INFO Server -> Train: Loss 0.067 | Accuracy = 98.630
2022-02-06 00:42:39,576 INFO ROUND 377
2022-02-06 00:43:01,335 INFO [AFTER AVG]
2022-02-06 00:43:11,114 INFO Server -> Train: Loss 0.064 | Accuracy = 98.712
2022-02-06 00:43:11,115 INFO ROUND 378
2022-02-06 00:43:32,301 INFO [AFTER AVG]
2022-02-06 00:43:42,168 INFO Server -> Train: Loss 0.065 | Accuracy = 98.664
2022-02-06 00:43:42,169 INFO ROUND 379
2022-02-06 00:44:03,706 INFO [AFTER AVG]
2022-02-06 00:44:13,747 INFO Server -> Train: Loss 0.063 | Accuracy = 98.700
2022-02-06 00:44:13,748 INFO ROUND 380
2022-02-06 00:44:35,408 INFO [AFTER AVG]
2022-02-06 00:44:45,408 INFO Server -> Train: Loss 0.064 | Accuracy = 98.630
2022-02-06 00:44:45,409 INFO ROUND 381
2022-02-06 00:45:06,624 INFO [AFTER AVG]
2022-02-06 00:45:16,645 INFO Server -> Train: Loss 0.064 | Accuracy = 98.582
2022-02-06 00:45:16,645 INFO ROUND 382
2022-02-06 00:45:38,319 INFO [AFTER AVG]
2022-02-06 00:45:48,288 INFO Server -> Train: Loss 0.061 | Accuracy = 98.834
2022-02-06 00:45:48,289 INFO ROUND 383
2022-02-06 00:46:10,186 INFO [AFTER AVG]
2022-02-06 00:46:20,504 INFO Server -> Train: Loss 0.061 | Accuracy = 98.800
2022-02-06 00:46:20,505 INFO ROUND 384
2022-02-06 00:46:42,520 INFO [AFTER AVG]
2022-02-06 00:46:52,425 INFO Server -> Train: Loss 0.061 | Accuracy = 98.830
2022-02-06 00:46:52,425 INFO ROUND 385
2022-02-06 00:47:13,891 INFO [AFTER AVG]
2022-02-06 00:47:23,920 INFO Server -> Train: Loss 0.058 | Accuracy = 98.860
2022-02-06 00:47:23,921 INFO ROUND 386
2022-02-06 00:47:45,493 INFO [AFTER AVG]
2022-02-06 00:47:55,543 INFO Server -> Train: Loss 0.059 | Accuracy = 98.778
2022-02-06 00:47:55,544 INFO ROUND 387
2022-02-06 00:48:17,400 INFO [AFTER AVG]
2022-02-06 00:48:27,653 INFO Server -> Train: Loss 0.056 | Accuracy = 98.998
2022-02-06 00:48:27,653 INFO ROUND 388
2022-02-06 00:48:49,512 INFO [AFTER AVG]
2022-02-06 00:48:59,230 INFO Server -> Train: Loss 0.062 | Accuracy = 98.700
2022-02-06 00:48:59,230 INFO ROUND 389
2022-02-06 00:49:21,015 INFO [AFTER AVG]
2022-02-06 00:49:31,007 INFO Server -> Train: Loss 0.055 | Accuracy = 99.030
2022-02-06 00:49:31,008 INFO ROUND 390
2022-02-06 00:49:53,155 INFO [AFTER AVG]
2022-02-06 00:50:03,281 INFO Server -> Train: Loss 0.055 | Accuracy = 98.976
2022-02-06 00:50:05,526 INFO Server -> Test: Loss 1.191 | Accuracy = 73.720
2022-02-06 00:50:05,586 INFO ROUND 391
2022-02-06 00:50:27,636 INFO [AFTER AVG]
2022-02-06 00:50:37,775 INFO Server -> Train: Loss 0.056 | Accuracy = 98.860
2022-02-06 00:50:37,776 INFO ROUND 392
2022-02-06 00:51:00,206 INFO [AFTER AVG]
2022-02-06 00:51:10,106 INFO Server -> Train: Loss 0.054 | Accuracy = 99.022
2022-02-06 00:51:10,107 INFO ROUND 393
2022-02-06 00:51:32,110 INFO [AFTER AVG]
2022-02-06 00:51:42,006 INFO Server -> Train: Loss 0.055 | Accuracy = 98.964
2022-02-06 00:51:42,007 INFO ROUND 394
2022-02-06 00:52:04,070 INFO [AFTER AVG]
2022-02-06 00:52:14,067 INFO Server -> Train: Loss 0.051 | Accuracy = 99.062
2022-02-06 00:52:14,068 INFO ROUND 395
2022-02-06 00:52:36,217 INFO [AFTER AVG]
2022-02-06 00:52:46,387 INFO Server -> Train: Loss 0.051 | Accuracy = 99.074
2022-02-06 00:52:46,388 INFO ROUND 396
2022-02-06 00:53:08,599 INFO [AFTER AVG]
2022-02-06 00:53:18,579 INFO Server -> Train: Loss 0.050 | Accuracy = 99.122
2022-02-06 00:53:18,580 INFO ROUND 397
2022-02-06 00:53:41,644 INFO [AFTER AVG]
2022-02-06 00:53:52,087 INFO Server -> Train: Loss 0.050 | Accuracy = 99.082
2022-02-06 00:53:52,088 INFO ROUND 398
2022-02-06 00:54:14,709 INFO [AFTER AVG]
2022-02-06 00:54:24,640 INFO Server -> Train: Loss 0.048 | Accuracy = 99.170
2022-02-06 00:54:24,640 INFO ROUND 399
2022-02-06 00:54:47,360 INFO [AFTER AVG]
2022-02-06 00:54:57,582 INFO Server -> Train: Loss 0.049 | Accuracy = 99.094
2022-02-06 00:54:57,582 INFO ROUND 400
2022-02-06 00:55:20,551 INFO [AFTER AVG]
2022-02-06 00:55:30,729 INFO Server -> Train: Loss 0.049 | Accuracy = 99.092
2022-02-06 00:55:30,729 INFO ROUND 401
2022-02-06 00:55:53,562 INFO [AFTER AVG]
2022-02-06 00:56:03,623 INFO Server -> Train: Loss 0.048 | Accuracy = 99.138
2022-02-06 00:56:03,623 INFO ROUND 402
2022-02-06 00:56:26,338 INFO [AFTER AVG]
2022-02-06 00:56:36,378 INFO Server -> Train: Loss 0.050 | Accuracy = 98.978
2022-02-06 00:56:36,379 INFO ROUND 403
2022-02-06 00:56:59,299 INFO [AFTER AVG]
2022-02-06 00:57:09,331 INFO Server -> Train: Loss 0.046 | Accuracy = 99.234
2022-02-06 00:57:09,332 INFO ROUND 404
2022-02-06 00:57:31,988 INFO [AFTER AVG]
2022-02-06 00:57:41,982 INFO Server -> Train: Loss 0.045 | Accuracy = 99.238
2022-02-06 00:57:41,982 INFO ROUND 405
2022-02-06 00:58:04,871 INFO [AFTER AVG]
2022-02-06 00:58:14,708 INFO Server -> Train: Loss 0.046 | Accuracy = 99.144
2022-02-06 00:58:16,860 INFO Server -> Test: Loss 1.247 | Accuracy = 73.690
2022-02-06 00:58:16,920 INFO ROUND 406
2022-02-06 00:58:39,928 INFO [AFTER AVG]
2022-02-06 00:58:50,115 INFO Server -> Train: Loss 0.044 | Accuracy = 99.278
2022-02-06 00:58:50,115 INFO ROUND 407
2022-02-06 00:59:13,070 INFO [AFTER AVG]
2022-02-06 00:59:23,212 INFO Server -> Train: Loss 0.045 | Accuracy = 99.274
2022-02-06 00:59:23,213 INFO ROUND 408
2022-02-06 00:59:46,292 INFO [AFTER AVG]
2022-02-06 00:59:56,250 INFO Server -> Train: Loss 0.042 | Accuracy = 99.308
2022-02-06 00:59:56,250 INFO ROUND 409
2022-02-06 01:00:19,630 INFO [AFTER AVG]
2022-02-06 01:00:29,741 INFO Server -> Train: Loss 0.045 | Accuracy = 99.236
2022-02-06 01:00:29,741 INFO ROUND 410
2022-02-06 01:00:52,946 INFO [AFTER AVG]
2022-02-06 01:01:02,643 INFO Server -> Train: Loss 0.042 | Accuracy = 99.330
2022-02-06 01:01:02,644 INFO ROUND 411
2022-02-06 01:01:25,983 INFO [AFTER AVG]
2022-02-06 01:01:36,006 INFO Server -> Train: Loss 0.042 | Accuracy = 99.370
2022-02-06 01:01:36,006 INFO ROUND 412
2022-02-06 01:01:59,019 INFO [AFTER AVG]
2022-02-06 01:02:09,150 INFO Server -> Train: Loss 0.041 | Accuracy = 99.414
2022-02-06 01:02:09,151 INFO ROUND 413
2022-02-06 01:02:32,424 INFO [AFTER AVG]
2022-02-06 01:02:42,484 INFO Server -> Train: Loss 0.043 | Accuracy = 99.226
2022-02-06 01:02:42,485 INFO ROUND 414
2022-02-06 01:03:06,578 INFO [AFTER AVG]
2022-02-06 01:03:16,973 INFO Server -> Train: Loss 0.040 | Accuracy = 99.436
2022-02-06 01:03:16,974 INFO ROUND 415
2022-02-06 01:03:41,145 INFO [AFTER AVG]
2022-02-06 01:03:51,185 INFO Server -> Train: Loss 0.040 | Accuracy = 99.392
2022-02-06 01:03:51,185 INFO ROUND 416
2022-02-06 01:04:14,807 INFO [AFTER AVG]
2022-02-06 01:04:25,007 INFO Server -> Train: Loss 0.039 | Accuracy = 99.422
2022-02-06 01:04:25,009 INFO ROUND 417
2022-02-06 01:04:48,668 INFO [AFTER AVG]
2022-02-06 01:04:58,819 INFO Server -> Train: Loss 0.038 | Accuracy = 99.418
2022-02-06 01:04:58,820 INFO ROUND 418
2022-02-06 01:05:22,387 INFO [AFTER AVG]
2022-02-06 01:05:32,645 INFO Server -> Train: Loss 0.039 | Accuracy = 99.410
2022-02-06 01:05:32,645 INFO ROUND 419
2022-02-06 01:05:56,325 INFO [AFTER AVG]
2022-02-06 01:06:06,316 INFO Server -> Train: Loss 0.038 | Accuracy = 99.456
2022-02-06 01:06:06,316 INFO ROUND 420
2022-02-06 01:06:29,968 INFO [AFTER AVG]
2022-02-06 01:06:40,174 INFO Server -> Train: Loss 0.037 | Accuracy = 99.474
2022-02-06 01:06:42,405 INFO Server -> Test: Loss 1.287 | Accuracy = 73.680
2022-02-06 01:06:42,468 INFO ROUND 421
2022-02-06 01:07:06,330 INFO [AFTER AVG]
2022-02-06 01:07:16,408 INFO Server -> Train: Loss 0.036 | Accuracy = 99.488
2022-02-06 01:07:16,409 INFO ROUND 422
2022-02-06 01:07:40,328 INFO [AFTER AVG]
2022-02-06 01:07:50,211 INFO Server -> Train: Loss 0.037 | Accuracy = 99.430
2022-02-06 01:07:50,212 INFO ROUND 423
2022-02-06 01:08:14,199 INFO [AFTER AVG]
2022-02-06 01:08:24,389 INFO Server -> Train: Loss 0.038 | Accuracy = 99.404
2022-02-06 01:08:24,390 INFO ROUND 424
2022-02-06 01:08:48,687 INFO [AFTER AVG]
2022-02-06 01:08:58,672 INFO Server -> Train: Loss 0.036 | Accuracy = 99.534
2022-02-06 01:08:58,673 INFO ROUND 425
2022-02-06 01:09:22,719 INFO [AFTER AVG]
2022-02-06 01:09:32,870 INFO Server -> Train: Loss 0.035 | Accuracy = 99.526
2022-02-06 01:09:32,871 INFO ROUND 426
2022-02-06 01:09:57,031 INFO [AFTER AVG]
2022-02-06 01:10:07,232 INFO Server -> Train: Loss 0.036 | Accuracy = 99.492
2022-02-06 01:10:07,233 INFO ROUND 427
2022-02-06 01:10:31,261 INFO [AFTER AVG]
2022-02-06 01:10:41,220 INFO Server -> Train: Loss 0.035 | Accuracy = 99.508
2022-02-06 01:10:41,221 INFO ROUND 428
2022-02-06 01:11:05,734 INFO [AFTER AVG]
2022-02-06 01:11:15,629 INFO Server -> Train: Loss 0.034 | Accuracy = 99.564
2022-02-06 01:11:15,630 INFO ROUND 429
2022-02-06 01:11:40,184 INFO [AFTER AVG]
2022-02-06 01:11:50,013 INFO Server -> Train: Loss 0.033 | Accuracy = 99.544
2022-02-06 01:11:50,014 INFO ROUND 430
2022-02-06 01:12:14,475 INFO [AFTER AVG]
2022-02-06 01:12:24,340 INFO Server -> Train: Loss 0.034 | Accuracy = 99.510
2022-02-06 01:12:24,341 INFO ROUND 431
2022-02-06 01:12:49,186 INFO [AFTER AVG]
2022-02-06 01:12:59,260 INFO Server -> Train: Loss 0.033 | Accuracy = 99.584
2022-02-06 01:12:59,261 INFO ROUND 432
2022-02-06 01:13:24,188 INFO [AFTER AVG]
2022-02-06 01:13:34,305 INFO Server -> Train: Loss 0.034 | Accuracy = 99.534
2022-02-06 01:13:34,306 INFO ROUND 433
2022-02-06 01:13:59,093 INFO [AFTER AVG]
2022-02-06 01:14:09,313 INFO Server -> Train: Loss 0.032 | Accuracy = 99.592
2022-02-06 01:14:09,314 INFO ROUND 434
2022-02-06 01:14:34,038 INFO [AFTER AVG]
2022-02-06 01:14:44,027 INFO Server -> Train: Loss 0.033 | Accuracy = 99.548
2022-02-06 01:14:44,028 INFO ROUND 435
2022-02-06 01:15:08,914 INFO [AFTER AVG]
2022-02-06 01:15:19,075 INFO Server -> Train: Loss 0.031 | Accuracy = 99.584
2022-02-06 01:15:21,329 INFO Server -> Test: Loss 1.325 | Accuracy = 73.810
2022-02-06 01:15:21,394 INFO ROUND 436
2022-02-06 01:15:46,105 INFO [AFTER AVG]
2022-02-06 01:15:56,092 INFO Server -> Train: Loss 0.031 | Accuracy = 99.594
2022-02-06 01:15:56,092 INFO ROUND 437
2022-02-06 01:16:21,061 INFO [AFTER AVG]
2022-02-06 01:16:31,194 INFO Server -> Train: Loss 0.031 | Accuracy = 99.622
2022-02-06 01:16:31,195 INFO ROUND 438
2022-02-06 01:16:56,077 INFO [AFTER AVG]
2022-02-06 01:17:06,115 INFO Server -> Train: Loss 0.031 | Accuracy = 99.596
2022-02-06 01:17:06,115 INFO ROUND 439
2022-02-06 01:17:30,904 INFO [AFTER AVG]
2022-02-06 01:17:41,135 INFO Server -> Train: Loss 0.031 | Accuracy = 99.610
2022-02-06 01:17:41,135 INFO ROUND 440
2022-02-06 01:18:06,335 INFO [AFTER AVG]
2022-02-06 01:18:16,615 INFO Server -> Train: Loss 0.030 | Accuracy = 99.658
2022-02-06 01:18:16,615 INFO ROUND 441
2022-02-06 01:18:41,618 INFO [AFTER AVG]
2022-02-06 01:18:51,753 INFO Server -> Train: Loss 0.031 | Accuracy = 99.608
2022-02-06 01:18:51,754 INFO ROUND 442
2022-02-06 01:19:16,997 INFO [AFTER AVG]
2022-02-06 01:19:27,203 INFO Server -> Train: Loss 0.030 | Accuracy = 99.648
2022-02-06 01:19:27,203 INFO ROUND 443
2022-02-06 01:19:52,540 INFO [AFTER AVG]
2022-02-06 01:20:02,607 INFO Server -> Train: Loss 0.029 | Accuracy = 99.652
2022-02-06 01:20:02,608 INFO ROUND 444
2022-02-06 01:20:28,465 INFO [AFTER AVG]
2022-02-06 01:20:38,737 INFO Server -> Train: Loss 0.029 | Accuracy = 99.642
2022-02-06 01:20:38,737 INFO ROUND 445
2022-02-06 01:21:04,367 INFO [AFTER AVG]
2022-02-06 01:21:14,306 INFO Server -> Train: Loss 0.029 | Accuracy = 99.684
2022-02-06 01:21:14,307 INFO ROUND 446
2022-02-06 01:21:39,936 INFO [AFTER AVG]
2022-02-06 01:21:50,266 INFO Server -> Train: Loss 0.028 | Accuracy = 99.704
2022-02-06 01:21:50,266 INFO ROUND 447
2022-02-06 01:22:15,819 INFO [AFTER AVG]
2022-02-06 01:22:25,761 INFO Server -> Train: Loss 0.028 | Accuracy = 99.664
2022-02-06 01:22:25,762 INFO ROUND 448
2022-02-06 01:22:51,031 INFO [AFTER AVG]
2022-02-06 01:23:00,892 INFO Server -> Train: Loss 0.027 | Accuracy = 99.702
2022-02-06 01:23:00,893 INFO ROUND 449
2022-02-06 01:23:26,506 INFO [AFTER AVG]
2022-02-06 01:23:36,811 INFO Server -> Train: Loss 0.027 | Accuracy = 99.700
2022-02-06 01:23:36,812 INFO ROUND 450
2022-02-06 01:24:02,310 INFO [AFTER AVG]
2022-02-06 01:24:12,376 INFO Server -> Train: Loss 0.027 | Accuracy = 99.704
2022-02-06 01:24:14,628 INFO Server -> Test: Loss 1.366 | Accuracy = 73.700
2022-02-06 01:24:14,686 INFO ROUND 451
2022-02-06 01:24:40,355 INFO [AFTER AVG]
2022-02-06 01:24:50,665 INFO Server -> Train: Loss 0.027 | Accuracy = 99.724
2022-02-06 01:24:50,665 INFO ROUND 452
2022-02-06 01:25:16,388 INFO [AFTER AVG]
2022-02-06 01:25:26,358 INFO Server -> Train: Loss 0.027 | Accuracy = 99.688
2022-02-06 01:25:26,359 INFO ROUND 453
2022-02-06 01:25:51,889 INFO [AFTER AVG]
2022-02-06 01:26:02,054 INFO Server -> Train: Loss 0.026 | Accuracy = 99.724
2022-02-06 01:26:02,055 INFO ROUND 454
2022-02-06 01:26:27,874 INFO [AFTER AVG]
2022-02-06 01:26:37,689 INFO Server -> Train: Loss 0.026 | Accuracy = 99.724
2022-02-06 01:26:37,689 INFO ROUND 455
2022-02-06 01:27:03,847 INFO [AFTER AVG]
2022-02-06 01:27:13,843 INFO Server -> Train: Loss 0.026 | Accuracy = 99.736
2022-02-06 01:27:13,843 INFO ROUND 456
2022-02-06 01:27:39,889 INFO [AFTER AVG]
2022-02-06 01:27:50,026 INFO Server -> Train: Loss 0.025 | Accuracy = 99.748
2022-02-06 01:27:50,026 INFO ROUND 457
2022-02-06 01:28:16,052 INFO [AFTER AVG]
2022-02-06 01:28:26,216 INFO Server -> Train: Loss 0.025 | Accuracy = 99.716
2022-02-06 01:28:26,216 INFO ROUND 458
2022-02-06 01:28:52,461 INFO [AFTER AVG]
2022-02-06 01:29:02,579 INFO Server -> Train: Loss 0.025 | Accuracy = 99.746
2022-02-06 01:29:02,580 INFO ROUND 459
2022-02-06 01:29:28,818 INFO [AFTER AVG]
2022-02-06 01:29:38,911 INFO Server -> Train: Loss 0.025 | Accuracy = 99.728
2022-02-06 01:29:38,912 INFO ROUND 460
2022-02-06 01:30:05,379 INFO [AFTER AVG]
2022-02-06 01:30:15,407 INFO Server -> Train: Loss 0.025 | Accuracy = 99.718
2022-02-06 01:30:15,407 INFO ROUND 461
2022-02-06 01:30:41,444 INFO [AFTER AVG]
2022-02-06 01:30:51,804 INFO Server -> Train: Loss 0.025 | Accuracy = 99.724
2022-02-06 01:30:51,805 INFO ROUND 462
2022-02-06 01:31:18,233 INFO [AFTER AVG]
2022-02-06 01:31:28,338 INFO Server -> Train: Loss 0.025 | Accuracy = 99.724
2022-02-06 01:31:28,338 INFO ROUND 463
2022-02-06 01:31:54,969 INFO [AFTER AVG]
2022-02-06 01:32:04,996 INFO Server -> Train: Loss 0.024 | Accuracy = 99.778
2022-02-06 01:32:04,997 INFO ROUND 464
2022-02-06 01:32:31,761 INFO [AFTER AVG]
2022-02-06 01:32:42,086 INFO Server -> Train: Loss 0.024 | Accuracy = 99.790
2022-02-06 01:32:42,087 INFO ROUND 465
2022-02-06 01:33:08,809 INFO [AFTER AVG]
2022-02-06 01:33:18,965 INFO Server -> Train: Loss 0.025 | Accuracy = 99.738
2022-02-06 01:33:21,192 INFO Server -> Test: Loss 1.387 | Accuracy = 73.540
2022-02-06 01:33:21,239 INFO ROUND 466
2022-02-06 01:33:47,986 INFO [AFTER AVG]
2022-02-06 01:33:58,300 INFO Server -> Train: Loss 0.024 | Accuracy = 99.806
2022-02-06 01:33:58,301 INFO ROUND 467
2022-02-06 01:34:24,842 INFO [AFTER AVG]
2022-02-06 01:34:34,936 INFO Server -> Train: Loss 0.023 | Accuracy = 99.790
2022-02-06 01:34:34,937 INFO ROUND 468
2022-02-06 01:35:01,740 INFO [AFTER AVG]
2022-02-06 01:35:12,057 INFO Server -> Train: Loss 0.023 | Accuracy = 99.806
2022-02-06 01:35:12,057 INFO ROUND 469
2022-02-06 01:35:38,775 INFO [AFTER AVG]
2022-02-06 01:35:48,947 INFO Server -> Train: Loss 0.023 | Accuracy = 99.830
2022-02-06 01:35:48,948 INFO ROUND 470
2022-02-06 01:36:15,489 INFO [AFTER AVG]
2022-02-06 01:36:25,325 INFO Server -> Train: Loss 0.024 | Accuracy = 99.764
2022-02-06 01:36:25,326 INFO ROUND 471
2022-02-06 01:36:52,021 INFO [AFTER AVG]
2022-02-06 01:37:01,995 INFO Server -> Train: Loss 0.022 | Accuracy = 99.832
2022-02-06 01:37:01,996 INFO ROUND 472
2022-02-06 01:37:28,457 INFO [AFTER AVG]
2022-02-06 01:37:38,650 INFO Server -> Train: Loss 0.022 | Accuracy = 99.806
2022-02-06 01:37:38,651 INFO ROUND 473
2022-02-06 01:38:06,479 INFO [AFTER AVG]
2022-02-06 01:38:16,633 INFO Server -> Train: Loss 0.022 | Accuracy = 99.840
2022-02-06 01:38:16,634 INFO ROUND 474
2022-02-06 01:38:44,368 INFO [AFTER AVG]
2022-02-06 01:38:54,461 INFO Server -> Train: Loss 0.022 | Accuracy = 99.834
2022-02-06 01:38:54,462 INFO ROUND 475
2022-02-06 01:39:21,567 INFO [AFTER AVG]
2022-02-06 01:39:31,788 INFO Server -> Train: Loss 0.021 | Accuracy = 99.858
2022-02-06 01:39:31,788 INFO ROUND 476
2022-02-06 01:39:59,044 INFO [AFTER AVG]
2022-02-06 01:40:08,977 INFO Server -> Train: Loss 0.021 | Accuracy = 99.852
2022-02-06 01:40:08,977 INFO ROUND 477
2022-02-06 01:40:36,339 INFO [AFTER AVG]
2022-02-06 01:40:46,536 INFO Server -> Train: Loss 0.021 | Accuracy = 99.834
2022-02-06 01:40:46,537 INFO ROUND 478
2022-02-06 01:41:13,703 INFO [AFTER AVG]
2022-02-06 01:41:23,673 INFO Server -> Train: Loss 0.020 | Accuracy = 99.858
2022-02-06 01:41:23,674 INFO ROUND 479
2022-02-06 01:41:50,740 INFO [AFTER AVG]
2022-02-06 01:42:01,061 INFO Server -> Train: Loss 0.022 | Accuracy = 99.764
2022-02-06 01:42:01,061 INFO ROUND 480
2022-02-06 01:42:28,443 INFO [AFTER AVG]
2022-02-06 01:42:38,382 INFO Server -> Train: Loss 0.022 | Accuracy = 99.792
2022-02-06 01:42:40,580 INFO Server -> Test: Loss 1.419 | Accuracy = 73.530
2022-02-06 01:42:40,626 INFO ROUND 481
2022-02-06 01:43:08,237 INFO [AFTER AVG]
2022-02-06 01:43:18,443 INFO Server -> Train: Loss 0.020 | Accuracy = 99.852
2022-02-06 01:43:18,444 INFO ROUND 482
2022-02-06 01:43:45,547 INFO [AFTER AVG]
2022-02-06 01:43:55,723 INFO Server -> Train: Loss 0.020 | Accuracy = 99.854
2022-02-06 01:43:55,724 INFO ROUND 483
2022-02-06 01:44:22,897 INFO [AFTER AVG]
2022-02-06 01:44:33,245 INFO Server -> Train: Loss 0.021 | Accuracy = 99.830
2022-02-06 01:44:33,246 INFO ROUND 484
2022-02-06 01:45:01,151 INFO [AFTER AVG]
2022-02-06 01:45:11,381 INFO Server -> Train: Loss 0.020 | Accuracy = 99.868
2022-02-06 01:45:11,381 INFO ROUND 485
2022-02-06 01:45:38,700 INFO [AFTER AVG]
2022-02-06 01:45:49,012 INFO Server -> Train: Loss 0.020 | Accuracy = 99.860
2022-02-06 01:45:49,014 INFO ROUND 486
2022-02-06 01:46:16,826 INFO [AFTER AVG]
2022-02-06 01:46:27,068 INFO Server -> Train: Loss 0.019 | Accuracy = 99.866
2022-02-06 01:46:27,068 INFO ROUND 487
2022-02-06 01:46:54,585 INFO [AFTER AVG]
2022-02-06 01:47:05,053 INFO Server -> Train: Loss 0.020 | Accuracy = 99.862
2022-02-06 01:47:05,054 INFO ROUND 488
2022-02-06 01:47:33,039 INFO [AFTER AVG]
2022-02-06 01:47:43,184 INFO Server -> Train: Loss 0.019 | Accuracy = 99.858
2022-02-06 01:47:43,184 INFO ROUND 489
2022-02-06 01:48:10,995 INFO [AFTER AVG]
2022-02-06 01:48:21,224 INFO Server -> Train: Loss 0.019 | Accuracy = 99.870
2022-02-06 01:48:21,225 INFO ROUND 490
2022-02-06 01:48:49,049 INFO [AFTER AVG]
2022-02-06 01:48:59,273 INFO Server -> Train: Loss 0.019 | Accuracy = 99.878
2022-02-06 01:48:59,273 INFO ROUND 491
2022-02-06 01:49:27,128 INFO [AFTER AVG]
2022-02-06 01:49:37,157 INFO Server -> Train: Loss 0.018 | Accuracy = 99.878
2022-02-06 01:49:37,157 INFO ROUND 492
2022-02-06 01:50:05,135 INFO [AFTER AVG]
2022-02-06 01:50:15,186 INFO Server -> Train: Loss 0.018 | Accuracy = 99.898
2022-02-06 01:50:15,187 INFO ROUND 493
2022-02-06 01:50:43,041 INFO [AFTER AVG]
2022-02-06 01:50:52,924 INFO Server -> Train: Loss 0.018 | Accuracy = 99.880
2022-02-06 01:50:52,925 INFO ROUND 494
2022-02-06 01:51:21,175 INFO [AFTER AVG]
2022-02-06 01:51:31,416 INFO Server -> Train: Loss 0.018 | Accuracy = 99.888
2022-02-06 01:51:31,417 INFO ROUND 495
2022-02-06 01:51:59,885 INFO [AFTER AVG]
2022-02-06 01:52:09,904 INFO Server -> Train: Loss 0.018 | Accuracy = 99.878
2022-02-06 01:52:12,169 INFO Server -> Test: Loss 1.441 | Accuracy = 73.560
2022-02-06 01:52:12,217 INFO ROUND 496
2022-02-06 01:52:40,620 INFO [AFTER AVG]
2022-02-06 01:52:50,821 INFO Server -> Train: Loss 0.018 | Accuracy = 99.890
2022-02-06 01:52:50,821 INFO ROUND 497
2022-02-06 01:53:19,254 INFO [AFTER AVG]
2022-02-06 01:53:29,207 INFO Server -> Train: Loss 0.017 | Accuracy = 99.894
2022-02-06 01:53:29,208 INFO ROUND 498
2022-02-06 01:53:57,554 INFO [AFTER AVG]
2022-02-06 01:54:07,713 INFO Server -> Train: Loss 0.017 | Accuracy = 99.888
2022-02-06 01:54:07,714 INFO ROUND 499
2022-02-06 01:54:36,511 INFO [AFTER AVG]
2022-02-06 01:54:46,499 INFO Server -> Train: Loss 0.018 | Accuracy = 99.888
2022-02-06 01:54:46,500 INFO ROUND 500
2022-02-06 01:55:14,909 INFO [AFTER AVG]
2022-02-06 01:55:25,031 INFO Server -> Train: Loss 0.017 | Accuracy = 99.904
2022-02-06 01:55:25,032 INFO ROUND 501
2022-02-06 01:55:53,556 INFO [AFTER AVG]
2022-02-06 01:56:03,759 INFO Server -> Train: Loss 0.017 | Accuracy = 99.914
2022-02-06 01:56:03,760 INFO ROUND 502
2022-02-06 01:56:32,629 INFO [AFTER AVG]
2022-02-06 01:56:42,655 INFO Server -> Train: Loss 0.018 | Accuracy = 99.892
2022-02-06 01:56:42,656 INFO ROUND 503
2022-02-06 01:57:11,512 INFO [AFTER AVG]
2022-02-06 01:57:21,670 INFO Server -> Train: Loss 0.017 | Accuracy = 99.892
2022-02-06 01:57:21,671 INFO ROUND 504
2022-02-06 01:57:50,462 INFO [AFTER AVG]
2022-02-06 01:58:00,573 INFO Server -> Train: Loss 0.017 | Accuracy = 99.918
2022-02-06 01:58:00,574 INFO ROUND 505
2022-02-06 01:58:29,582 INFO [AFTER AVG]
2022-02-06 01:58:39,854 INFO Server -> Train: Loss 0.017 | Accuracy = 99.914
2022-02-06 01:58:39,854 INFO ROUND 506
2022-02-06 01:59:08,671 INFO [AFTER AVG]
2022-02-06 01:59:18,719 INFO Server -> Train: Loss 0.017 | Accuracy = 99.912
2022-02-06 01:59:18,720 INFO ROUND 507
2022-02-06 01:59:47,724 INFO [AFTER AVG]
2022-02-06 01:59:57,923 INFO Server -> Train: Loss 0.017 | Accuracy = 99.914
2022-02-06 01:59:57,923 INFO ROUND 508
2022-02-06 02:00:26,847 INFO [AFTER AVG]
2022-02-06 02:00:37,118 INFO Server -> Train: Loss 0.016 | Accuracy = 99.906
2022-02-06 02:00:37,118 INFO ROUND 509
2022-02-06 02:01:06,385 INFO [AFTER AVG]
2022-02-06 02:01:16,702 INFO Server -> Train: Loss 0.016 | Accuracy = 99.900
2022-02-06 02:01:16,702 INFO ROUND 510
2022-02-06 02:01:46,015 INFO [AFTER AVG]
2022-02-06 02:01:56,152 INFO Server -> Train: Loss 0.016 | Accuracy = 99.916
2022-02-06 02:01:58,504 INFO Server -> Test: Loss 1.458 | Accuracy = 73.530
