2022-02-05 22:09:12,753 INFO ('Client samples sizes:', array([1000, 1000, 1000, 1000, 1000, 1000, 1000, 1000, 1000, 1000, 1000,
       1000, 1000, 1000, 1000, 1000, 1000, 1000, 1000, 1000, 1000, 1000,
       1000, 1000, 1000, 1000, 1000, 1000, 1000, 1000, 1000, 1000, 1000,
       1000, 1000, 1000, 1000, 1000, 1000, 1000, 1000, 1000, 1000, 1000,
       1000, 1000, 1000, 1000, 1000, 1000]), 'total:', 50000)
2022-02-05 22:09:26,641 INFO ROUND 1
2022-02-05 22:10:14,792 INFO [AFTER AVG]
2022-02-05 22:10:30,581 INFO Server -> Train: Loss 2.265 | Accuracy = 15.020
2022-02-05 22:10:30,582 INFO ROUND 2
2022-02-05 22:11:19,553 INFO [AFTER AVG]
2022-02-05 22:11:35,614 INFO Server -> Train: Loss 2.130 | Accuracy = 23.502
2022-02-05 22:11:35,614 INFO ROUND 3
2022-02-05 22:12:25,086 INFO [AFTER AVG]
2022-02-05 22:12:41,055 INFO Server -> Train: Loss 1.985 | Accuracy = 28.776
2022-02-05 22:12:41,056 INFO ROUND 4
2022-02-05 22:13:30,529 INFO [AFTER AVG]
2022-02-05 22:13:46,380 INFO Server -> Train: Loss 1.905 | Accuracy = 31.468
2022-02-05 22:13:46,380 INFO ROUND 5
2022-02-05 22:14:36,403 INFO [AFTER AVG]
2022-02-05 22:14:52,366 INFO Server -> Train: Loss 1.806 | Accuracy = 35.100
2022-02-05 22:14:52,367 INFO ROUND 6
2022-02-05 22:15:41,986 INFO [AFTER AVG]
2022-02-05 22:15:58,199 INFO Server -> Train: Loss 1.725 | Accuracy = 37.870
2022-02-05 22:15:58,200 INFO ROUND 7
2022-02-05 22:16:48,907 INFO [AFTER AVG]
2022-02-05 22:17:05,112 INFO Server -> Train: Loss 1.656 | Accuracy = 40.076
2022-02-05 22:17:05,113 INFO ROUND 8
2022-02-05 22:17:56,439 INFO [AFTER AVG]
2022-02-05 22:18:12,590 INFO Server -> Train: Loss 1.596 | Accuracy = 42.226
2022-02-05 22:18:12,591 INFO ROUND 9
2022-02-05 22:19:04,094 INFO [AFTER AVG]
2022-02-05 22:19:19,968 INFO Server -> Train: Loss 1.552 | Accuracy = 43.484
2022-02-05 22:19:19,969 INFO ROUND 10
2022-02-05 22:20:11,296 INFO [AFTER AVG]
2022-02-05 22:20:27,335 INFO Server -> Train: Loss 1.502 | Accuracy = 45.102
2022-02-05 22:20:27,335 INFO ROUND 11
2022-02-05 22:21:18,552 INFO [AFTER AVG]
2022-02-05 22:21:34,552 INFO Server -> Train: Loss 1.470 | Accuracy = 46.334
2022-02-05 22:21:34,553 INFO ROUND 12
2022-02-05 22:22:26,237 INFO [AFTER AVG]
2022-02-05 22:22:41,942 INFO Server -> Train: Loss 1.440 | Accuracy = 47.410
2022-02-05 22:22:41,942 INFO ROUND 13
2022-02-05 22:23:34,616 INFO [AFTER AVG]
2022-02-05 22:23:50,424 INFO Server -> Train: Loss 1.412 | Accuracy = 48.602
2022-02-05 22:23:50,425 INFO ROUND 14
2022-02-05 22:24:41,682 INFO [AFTER AVG]
2022-02-05 22:24:57,398 INFO Server -> Train: Loss 1.384 | Accuracy = 49.350
2022-02-05 22:24:57,399 INFO ROUND 15
2022-02-05 22:25:48,044 INFO [AFTER AVG]
2022-02-05 22:26:03,567 INFO Server -> Train: Loss 1.361 | Accuracy = 50.492
2022-02-05 22:26:06,834 INFO Server -> Test: Loss 1.370 | Accuracy = 50.440
2022-02-05 22:26:06,897 INFO ROUND 16
2022-02-05 22:26:57,711 INFO [AFTER AVG]
2022-02-05 22:27:13,104 INFO Server -> Train: Loss 1.333 | Accuracy = 51.460
2022-02-05 22:27:13,105 INFO ROUND 17
2022-02-05 22:28:04,484 INFO [AFTER AVG]
2022-02-05 22:28:19,958 INFO Server -> Train: Loss 1.312 | Accuracy = 52.280
2022-02-05 22:28:19,958 INFO ROUND 18
2022-02-05 22:29:11,845 INFO [AFTER AVG]
2022-02-05 22:29:27,221 INFO Server -> Train: Loss 1.291 | Accuracy = 53.114
2022-02-05 22:29:27,221 INFO ROUND 19
2022-02-05 22:30:19,856 INFO [AFTER AVG]
2022-02-05 22:30:35,462 INFO Server -> Train: Loss 1.271 | Accuracy = 54.064
2022-02-05 22:30:35,464 INFO ROUND 20
2022-02-05 22:31:27,487 INFO [AFTER AVG]
2022-02-05 22:31:42,883 INFO Server -> Train: Loss 1.255 | Accuracy = 54.488
2022-02-05 22:31:42,884 INFO ROUND 21
2022-02-05 22:32:35,068 INFO [AFTER AVG]
2022-02-05 22:32:50,563 INFO Server -> Train: Loss 1.227 | Accuracy = 55.538
2022-02-05 22:32:50,564 INFO ROUND 22
2022-02-05 22:33:43,163 INFO [AFTER AVG]
2022-02-05 22:33:58,635 INFO Server -> Train: Loss 1.210 | Accuracy = 56.278
2022-02-05 22:33:58,635 INFO ROUND 23
2022-02-05 22:34:51,544 INFO [AFTER AVG]
2022-02-05 22:35:07,137 INFO Server -> Train: Loss 1.190 | Accuracy = 56.916
2022-02-05 22:35:07,137 INFO ROUND 24
2022-02-05 22:36:00,540 INFO [AFTER AVG]
2022-02-05 22:36:15,891 INFO Server -> Train: Loss 1.177 | Accuracy = 57.522
2022-02-05 22:36:15,892 INFO ROUND 25
2022-02-05 22:37:09,357 INFO [AFTER AVG]
2022-02-05 22:37:24,766 INFO Server -> Train: Loss 1.153 | Accuracy = 58.536
2022-02-05 22:37:24,767 INFO ROUND 26
2022-02-05 22:38:18,396 INFO [AFTER AVG]
2022-02-05 22:38:33,503 INFO Server -> Train: Loss 1.136 | Accuracy = 58.984
2022-02-05 22:38:33,504 INFO ROUND 27
2022-02-05 22:39:28,317 INFO [AFTER AVG]
2022-02-05 22:39:43,885 INFO Server -> Train: Loss 1.118 | Accuracy = 59.832
2022-02-05 22:39:43,886 INFO ROUND 28
2022-02-05 22:40:39,540 INFO [AFTER AVG]
2022-02-05 22:40:54,945 INFO Server -> Train: Loss 1.099 | Accuracy = 60.548
2022-02-05 22:40:54,946 INFO ROUND 29
2022-02-05 22:41:49,733 INFO [AFTER AVG]
2022-02-05 22:42:05,139 INFO Server -> Train: Loss 1.084 | Accuracy = 61.158
2022-02-05 22:42:05,139 INFO ROUND 30
2022-02-05 22:43:00,184 INFO [AFTER AVG]
2022-02-05 22:43:15,372 INFO Server -> Train: Loss 1.070 | Accuracy = 61.726
2022-02-05 22:43:18,634 INFO Server -> Test: Loss 1.119 | Accuracy = 60.120
2022-02-05 22:43:18,695 INFO ROUND 31
2022-02-05 22:44:13,320 INFO [AFTER AVG]
2022-02-05 22:44:28,805 INFO Server -> Train: Loss 1.048 | Accuracy = 62.648
2022-02-05 22:44:28,806 INFO ROUND 32
2022-02-05 22:45:24,432 INFO [AFTER AVG]
2022-02-05 22:45:39,997 INFO Server -> Train: Loss 1.035 | Accuracy = 62.988
2022-02-05 22:45:39,998 INFO ROUND 33
2022-02-05 22:46:36,302 INFO [AFTER AVG]
2022-02-05 22:46:51,659 INFO Server -> Train: Loss 1.019 | Accuracy = 63.712
2022-02-05 22:46:51,659 INFO ROUND 34
2022-02-05 22:47:47,828 INFO [AFTER AVG]
2022-02-05 22:48:03,485 INFO Server -> Train: Loss 1.006 | Accuracy = 64.152
2022-02-05 22:48:03,486 INFO ROUND 35
2022-02-05 22:48:59,073 INFO [AFTER AVG]
2022-02-05 22:49:14,562 INFO Server -> Train: Loss 0.995 | Accuracy = 64.474
2022-02-05 22:49:14,562 INFO ROUND 36
2022-02-05 22:50:11,364 INFO [AFTER AVG]
2022-02-05 22:50:26,918 INFO Server -> Train: Loss 0.978 | Accuracy = 65.088
2022-02-05 22:50:26,919 INFO ROUND 37
2022-02-05 22:51:25,526 INFO [AFTER AVG]
2022-02-05 22:51:40,981 INFO Server -> Train: Loss 0.968 | Accuracy = 65.492
2022-02-05 22:51:40,981 INFO ROUND 38
2022-02-05 22:52:38,356 INFO [AFTER AVG]
2022-02-05 22:52:53,808 INFO Server -> Train: Loss 0.950 | Accuracy = 66.212
2022-02-05 22:52:53,809 INFO ROUND 39
2022-02-05 22:53:50,333 INFO [AFTER AVG]
2022-02-05 22:54:05,734 INFO Server -> Train: Loss 0.941 | Accuracy = 66.398
2022-02-05 22:54:05,735 INFO ROUND 40
2022-02-05 22:55:03,483 INFO [AFTER AVG]
2022-02-05 22:55:19,044 INFO Server -> Train: Loss 0.926 | Accuracy = 66.954
2022-02-05 22:55:19,045 INFO ROUND 41
2022-02-05 22:56:17,071 INFO [AFTER AVG]
2022-02-05 22:56:32,530 INFO Server -> Train: Loss 0.914 | Accuracy = 67.414
2022-02-05 22:56:32,531 INFO ROUND 42
2022-02-05 22:57:31,096 INFO [AFTER AVG]
2022-02-05 22:57:46,553 INFO Server -> Train: Loss 0.905 | Accuracy = 67.786
2022-02-05 22:57:46,553 INFO ROUND 43
2022-02-05 22:58:44,675 INFO [AFTER AVG]
2022-02-05 22:58:59,692 INFO Server -> Train: Loss 0.891 | Accuracy = 68.226
2022-02-05 22:58:59,692 INFO ROUND 44
2022-02-05 22:59:56,504 INFO [AFTER AVG]
2022-02-05 23:00:11,507 INFO Server -> Train: Loss 0.879 | Accuracy = 68.666
2022-02-05 23:00:11,507 INFO ROUND 45
2022-02-05 23:01:08,688 INFO [AFTER AVG]
2022-02-05 23:01:23,703 INFO Server -> Train: Loss 0.867 | Accuracy = 69.178
2022-02-05 23:01:26,973 INFO Server -> Test: Loss 0.994 | Accuracy = 65.790
2022-02-05 23:01:27,036 INFO ROUND 46
2022-02-05 23:02:24,388 INFO [AFTER AVG]
2022-02-05 23:02:39,227 INFO Server -> Train: Loss 0.852 | Accuracy = 69.802
2022-02-05 23:02:39,228 INFO ROUND 47
2022-02-05 23:03:37,300 INFO [AFTER AVG]
2022-02-05 23:03:52,218 INFO Server -> Train: Loss 0.844 | Accuracy = 70.056
2022-02-05 23:03:52,219 INFO ROUND 48
2022-02-05 23:04:49,842 INFO [AFTER AVG]
2022-02-05 23:05:04,803 INFO Server -> Train: Loss 0.827 | Accuracy = 70.662
2022-02-05 23:05:04,805 INFO ROUND 49
2022-02-05 23:06:02,585 INFO [AFTER AVG]
2022-02-05 23:06:17,364 INFO Server -> Train: Loss 0.823 | Accuracy = 70.774
2022-02-05 23:06:17,365 INFO ROUND 50
2022-02-05 23:07:15,638 INFO [AFTER AVG]
2022-02-05 23:07:30,809 INFO Server -> Train: Loss 0.807 | Accuracy = 71.390
2022-02-05 23:07:30,810 INFO ROUND 51
2022-02-05 23:08:29,551 INFO [AFTER AVG]
2022-02-05 23:08:44,685 INFO Server -> Train: Loss 0.796 | Accuracy = 71.700
2022-02-05 23:08:44,687 INFO ROUND 52
2022-02-05 23:09:44,049 INFO [AFTER AVG]
2022-02-05 23:09:59,232 INFO Server -> Train: Loss 0.787 | Accuracy = 72.118
2022-02-05 23:09:59,233 INFO ROUND 53
2022-02-05 23:10:59,055 INFO [AFTER AVG]
2022-02-05 23:11:14,139 INFO Server -> Train: Loss 0.771 | Accuracy = 72.624
2022-02-05 23:11:14,141 INFO ROUND 54
2022-02-05 23:12:14,155 INFO [AFTER AVG]
2022-02-05 23:12:29,523 INFO Server -> Train: Loss 0.768 | Accuracy = 72.694
2022-02-05 23:12:29,524 INFO ROUND 55
2022-02-05 23:13:29,377 INFO [AFTER AVG]
2022-02-05 23:13:44,645 INFO Server -> Train: Loss 0.749 | Accuracy = 73.486
2022-02-05 23:13:44,646 INFO ROUND 56
2022-02-05 23:14:45,036 INFO [AFTER AVG]
2022-02-05 23:15:00,080 INFO Server -> Train: Loss 0.745 | Accuracy = 73.534
2022-02-05 23:15:00,081 INFO ROUND 57
2022-02-05 23:16:00,570 INFO [AFTER AVG]
2022-02-05 23:16:15,747 INFO Server -> Train: Loss 0.735 | Accuracy = 73.854
2022-02-05 23:16:15,747 INFO ROUND 58
2022-02-05 23:17:16,893 INFO [AFTER AVG]
2022-02-05 23:17:32,041 INFO Server -> Train: Loss 0.723 | Accuracy = 74.352
2022-02-05 23:17:32,042 INFO ROUND 59
2022-02-05 23:18:33,418 INFO [AFTER AVG]
2022-02-05 23:18:48,448 INFO Server -> Train: Loss 0.711 | Accuracy = 74.810
2022-02-05 23:18:48,449 INFO ROUND 60
2022-02-05 23:19:49,504 INFO [AFTER AVG]
2022-02-05 23:20:04,542 INFO Server -> Train: Loss 0.707 | Accuracy = 74.748
2022-02-05 23:20:07,744 INFO Server -> Test: Loss 0.940 | Accuracy = 68.480
2022-02-05 23:20:07,801 INFO ROUND 61
2022-02-05 23:21:10,039 INFO [AFTER AVG]
2022-02-05 23:21:25,175 INFO Server -> Train: Loss 0.695 | Accuracy = 75.288
2022-02-05 23:21:25,176 INFO ROUND 62
2022-02-05 23:22:30,166 INFO [AFTER AVG]
2022-02-05 23:22:45,507 INFO Server -> Train: Loss 0.679 | Accuracy = 75.942
2022-02-05 23:22:45,509 INFO ROUND 63
2022-02-05 23:23:49,006 INFO [AFTER AVG]
2022-02-05 23:24:04,476 INFO Server -> Train: Loss 0.676 | Accuracy = 75.980
2022-02-05 23:24:04,478 INFO ROUND 64
2022-02-05 23:25:07,688 INFO [AFTER AVG]
2022-02-05 23:25:23,024 INFO Server -> Train: Loss 0.661 | Accuracy = 76.482
2022-02-05 23:25:23,025 INFO ROUND 65
2022-02-05 23:26:26,788 INFO [AFTER AVG]
2022-02-05 23:26:42,018 INFO Server -> Train: Loss 0.653 | Accuracy = 76.814
2022-02-05 23:26:42,019 INFO ROUND 66
2022-02-05 23:27:44,921 INFO [AFTER AVG]
2022-02-05 23:28:00,080 INFO Server -> Train: Loss 0.641 | Accuracy = 77.212
2022-02-05 23:28:00,081 INFO ROUND 67
2022-02-06 00:04:29,471 INFO ('Client samples sizes:', array([1000, 1000, 1000, 1000, 1000, 1000, 1000, 1000, 1000, 1000, 1000,
       1000, 1000, 1000, 1000, 1000, 1000, 1000, 1000, 1000, 1000, 1000,
       1000, 1000, 1000, 1000, 1000, 1000, 1000, 1000, 1000, 1000, 1000,
       1000, 1000, 1000, 1000, 1000, 1000, 1000, 1000, 1000, 1000, 1000,
       1000, 1000, 1000, 1000, 1000, 1000]), 'total:', 50000)
2022-02-06 00:04:42,405 INFO ROUND 61
2022-02-06 00:05:18,489 INFO [AFTER AVG]
2022-02-06 00:05:28,650 INFO Server -> Train: Loss 0.693 | Accuracy = 75.196
2022-02-06 00:05:28,650 INFO ROUND 62
2022-02-06 00:06:04,213 INFO [AFTER AVG]
2022-02-06 00:06:14,397 INFO Server -> Train: Loss 0.670 | Accuracy = 76.282
2022-02-06 00:06:14,397 INFO ROUND 63
2022-02-06 00:06:50,172 INFO [AFTER AVG]
2022-02-06 00:07:00,298 INFO Server -> Train: Loss 0.656 | Accuracy = 76.776
2022-02-06 00:07:00,298 INFO ROUND 64
2022-02-06 00:07:36,189 INFO [AFTER AVG]
2022-02-06 00:07:46,526 INFO Server -> Train: Loss 0.644 | Accuracy = 77.170
2022-02-06 00:07:46,527 INFO ROUND 65
2022-02-06 00:08:22,341 INFO [AFTER AVG]
2022-02-06 00:08:32,524 INFO Server -> Train: Loss 0.635 | Accuracy = 77.528
2022-02-06 00:08:32,525 INFO ROUND 66
2022-02-06 00:09:08,716 INFO [AFTER AVG]
2022-02-06 00:09:18,858 INFO Server -> Train: Loss 0.621 | Accuracy = 77.970
2022-02-06 00:09:18,859 INFO ROUND 67
2022-02-06 00:09:55,041 INFO [AFTER AVG]
2022-02-06 00:10:05,215 INFO Server -> Train: Loss 0.614 | Accuracy = 78.186
2022-02-06 00:10:05,215 INFO ROUND 68
2022-02-06 00:10:41,775 INFO [AFTER AVG]
2022-02-06 00:10:51,741 INFO Server -> Train: Loss 0.600 | Accuracy = 78.820
2022-02-06 00:10:51,742 INFO ROUND 69
2022-02-06 00:11:28,108 INFO [AFTER AVG]
2022-02-06 00:11:38,304 INFO Server -> Train: Loss 0.592 | Accuracy = 78.980
2022-02-06 00:11:38,305 INFO ROUND 70
2022-02-06 00:12:14,939 INFO [AFTER AVG]
2022-02-06 00:12:25,077 INFO Server -> Train: Loss 0.580 | Accuracy = 79.360
2022-02-06 00:12:25,078 INFO ROUND 71
2022-02-06 00:13:02,360 INFO [AFTER AVG]
2022-02-06 00:13:12,804 INFO Server -> Train: Loss 0.567 | Accuracy = 79.914
2022-02-06 00:13:12,805 INFO ROUND 72
2022-02-06 00:13:51,158 INFO [AFTER AVG]
2022-02-06 00:14:02,473 INFO Server -> Train: Loss 0.562 | Accuracy = 80.130
2022-02-06 00:14:02,473 INFO ROUND 73
2022-02-06 00:14:44,008 INFO [AFTER AVG]
2022-02-06 00:14:55,134 INFO Server -> Train: Loss 0.550 | Accuracy = 80.608
2022-02-06 00:14:55,134 INFO ROUND 74
2022-02-06 00:15:35,747 INFO [AFTER AVG]
2022-02-06 00:15:46,348 INFO Server -> Train: Loss 0.544 | Accuracy = 80.648
2022-02-06 00:15:46,348 INFO ROUND 75
2022-02-06 00:16:25,728 INFO [AFTER AVG]
2022-02-06 00:16:36,536 INFO Server -> Train: Loss 0.530 | Accuracy = 81.320
2022-02-06 00:16:38,770 INFO Server -> Test: Loss 0.901 | Accuracy = 70.340
2022-02-06 00:16:38,821 INFO ROUND 76
2022-02-06 00:17:18,045 INFO [AFTER AVG]
2022-02-06 00:17:28,559 INFO Server -> Train: Loss 0.523 | Accuracy = 81.544
2022-02-06 00:17:28,560 INFO ROUND 77
2022-02-06 00:18:07,713 INFO [AFTER AVG]
2022-02-06 00:18:17,880 INFO Server -> Train: Loss 0.514 | Accuracy = 81.844
2022-02-06 00:18:17,880 INFO ROUND 78
2022-02-06 00:18:57,882 INFO [AFTER AVG]
2022-02-06 00:19:08,497 INFO Server -> Train: Loss 0.506 | Accuracy = 82.142
2022-02-06 00:19:08,498 INFO ROUND 79
2022-02-06 00:19:48,590 INFO [AFTER AVG]
2022-02-06 00:19:59,131 INFO Server -> Train: Loss 0.495 | Accuracy = 82.612
2022-02-06 00:19:59,132 INFO ROUND 80
2022-02-06 00:20:39,494 INFO [AFTER AVG]
2022-02-06 00:20:49,845 INFO Server -> Train: Loss 0.487 | Accuracy = 82.882
2022-02-06 00:20:49,845 INFO ROUND 81
2022-02-06 00:21:29,866 INFO [AFTER AVG]
2022-02-06 00:21:40,218 INFO Server -> Train: Loss 0.476 | Accuracy = 83.256
2022-02-06 00:21:40,219 INFO ROUND 82
2022-02-06 00:22:20,214 INFO [AFTER AVG]
2022-02-06 00:22:30,559 INFO Server -> Train: Loss 0.465 | Accuracy = 83.654
2022-02-06 00:22:30,559 INFO ROUND 83
2022-02-06 00:23:10,973 INFO [AFTER AVG]
2022-02-06 00:23:21,304 INFO Server -> Train: Loss 0.460 | Accuracy = 83.800
2022-02-06 00:23:21,304 INFO ROUND 84
2022-02-06 00:24:01,967 INFO [AFTER AVG]
2022-02-06 00:24:13,118 INFO Server -> Train: Loss 0.449 | Accuracy = 84.260
2022-02-06 00:24:13,119 INFO ROUND 85
2022-02-06 00:24:54,617 INFO [AFTER AVG]
2022-02-06 00:25:05,156 INFO Server -> Train: Loss 0.443 | Accuracy = 84.366
2022-02-06 00:25:05,156 INFO ROUND 86
2022-02-06 00:25:47,160 INFO [AFTER AVG]
2022-02-06 00:25:57,549 INFO Server -> Train: Loss 0.428 | Accuracy = 85.060
2022-02-06 00:25:57,549 INFO ROUND 87
2022-02-06 00:26:38,971 INFO [AFTER AVG]
2022-02-06 00:26:49,330 INFO Server -> Train: Loss 0.423 | Accuracy = 85.110
2022-02-06 00:26:49,330 INFO ROUND 88
2022-02-06 00:27:30,178 INFO [AFTER AVG]
2022-02-06 00:27:40,497 INFO Server -> Train: Loss 0.417 | Accuracy = 85.368
2022-02-06 00:27:40,498 INFO ROUND 89
2022-02-06 00:28:22,080 INFO [AFTER AVG]
2022-02-06 00:28:32,481 INFO Server -> Train: Loss 0.405 | Accuracy = 85.808
2022-02-06 00:28:32,482 INFO ROUND 90
2022-02-06 00:29:15,459 INFO [AFTER AVG]
2022-02-06 00:29:26,246 INFO Server -> Train: Loss 0.404 | Accuracy = 85.648
2022-02-06 00:29:28,541 INFO Server -> Test: Loss 0.931 | Accuracy = 71.000
2022-02-06 00:29:28,589 INFO ROUND 91
2022-02-06 00:30:12,572 INFO [AFTER AVG]
2022-02-06 00:30:23,106 INFO Server -> Train: Loss 0.391 | Accuracy = 86.270
2022-02-06 00:30:23,107 INFO ROUND 92
2022-02-06 00:31:05,775 INFO [AFTER AVG]
2022-02-06 00:31:16,439 INFO Server -> Train: Loss 0.381 | Accuracy = 86.658
2022-02-06 00:31:16,439 INFO ROUND 93
2022-02-06 00:31:59,747 INFO [AFTER AVG]
2022-02-06 00:32:10,145 INFO Server -> Train: Loss 0.376 | Accuracy = 86.832
2022-02-06 00:32:10,145 INFO ROUND 94
2022-02-06 00:32:53,158 INFO [AFTER AVG]
2022-02-06 00:33:03,459 INFO Server -> Train: Loss 0.367 | Accuracy = 87.074
2022-02-06 00:33:03,459 INFO ROUND 95
2022-02-06 00:33:46,120 INFO [AFTER AVG]
2022-02-06 00:33:56,303 INFO Server -> Train: Loss 0.356 | Accuracy = 87.582
2022-02-06 00:33:56,303 INFO ROUND 96
2022-02-06 00:34:40,482 INFO [AFTER AVG]
2022-02-06 00:34:50,730 INFO Server -> Train: Loss 0.355 | Accuracy = 87.508
2022-02-06 00:34:50,731 INFO ROUND 97
2022-02-06 00:35:33,622 INFO [AFTER AVG]
2022-02-06 00:35:43,720 INFO Server -> Train: Loss 0.344 | Accuracy = 87.982
2022-02-06 00:35:43,721 INFO ROUND 98
2022-02-06 00:36:26,287 INFO [AFTER AVG]
2022-02-06 00:36:36,393 INFO Server -> Train: Loss 0.338 | Accuracy = 88.226
2022-02-06 00:36:36,393 INFO ROUND 99
2022-02-06 00:37:20,620 INFO [AFTER AVG]
2022-02-06 00:37:31,207 INFO Server -> Train: Loss 0.334 | Accuracy = 88.308
2022-02-06 00:37:31,207 INFO ROUND 100
2022-02-06 00:38:15,390 INFO [AFTER AVG]
2022-02-06 00:38:25,685 INFO Server -> Train: Loss 0.323 | Accuracy = 88.708
2022-02-06 00:38:25,686 INFO ROUND 101
2022-02-06 00:39:09,741 INFO [AFTER AVG]
2022-02-06 00:39:20,279 INFO Server -> Train: Loss 0.319 | Accuracy = 88.866
2022-02-06 00:39:20,279 INFO ROUND 102
2022-02-06 00:40:03,877 INFO [AFTER AVG]
2022-02-06 00:40:14,049 INFO Server -> Train: Loss 0.309 | Accuracy = 89.134
2022-02-06 00:40:14,050 INFO ROUND 103
2022-02-06 00:40:57,708 INFO [AFTER AVG]
2022-02-06 00:41:07,758 INFO Server -> Train: Loss 0.300 | Accuracy = 89.556
2022-02-06 00:41:07,758 INFO ROUND 104
2022-02-06 00:41:51,530 INFO [AFTER AVG]
2022-02-06 00:42:01,683 INFO Server -> Train: Loss 0.294 | Accuracy = 89.876
2022-02-06 00:42:01,684 INFO ROUND 105
2022-02-06 00:42:45,862 INFO [AFTER AVG]
2022-02-06 00:42:55,954 INFO Server -> Train: Loss 0.293 | Accuracy = 89.896
2022-02-06 00:42:58,157 INFO Server -> Test: Loss 0.989 | Accuracy = 71.170
2022-02-06 00:42:58,204 INFO ROUND 106
2022-02-06 00:43:42,770 INFO [AFTER AVG]
2022-02-06 00:43:52,870 INFO Server -> Train: Loss 0.283 | Accuracy = 90.218
2022-02-06 00:43:52,871 INFO ROUND 107
2022-02-06 00:44:37,957 INFO [AFTER AVG]
2022-02-06 00:44:48,019 INFO Server -> Train: Loss 0.276 | Accuracy = 90.422
2022-02-06 00:44:48,019 INFO ROUND 108
2022-02-06 00:45:33,401 INFO [AFTER AVG]
2022-02-06 00:45:43,678 INFO Server -> Train: Loss 0.275 | Accuracy = 90.486
2022-02-06 00:45:43,678 INFO ROUND 109
2022-02-06 00:46:29,130 INFO [AFTER AVG]
2022-02-06 00:46:39,421 INFO Server -> Train: Loss 0.265 | Accuracy = 90.828
2022-02-06 00:46:39,422 INFO ROUND 110
2022-02-06 00:47:25,207 INFO [AFTER AVG]
2022-02-06 00:47:35,311 INFO Server -> Train: Loss 0.259 | Accuracy = 91.094
2022-02-06 00:47:35,312 INFO ROUND 111
2022-02-06 00:48:21,070 INFO [AFTER AVG]
2022-02-06 00:48:31,251 INFO Server -> Train: Loss 0.251 | Accuracy = 91.458
2022-02-06 00:48:31,251 INFO ROUND 112
2022-02-06 00:49:16,750 INFO [AFTER AVG]
2022-02-06 00:49:26,809 INFO Server -> Train: Loss 0.241 | Accuracy = 91.868
2022-02-06 00:49:26,810 INFO ROUND 113
2022-02-06 00:50:12,470 INFO [AFTER AVG]
2022-02-06 00:50:22,372 INFO Server -> Train: Loss 0.237 | Accuracy = 91.880
2022-02-06 00:50:22,372 INFO ROUND 114
2022-02-06 00:51:08,316 INFO [AFTER AVG]
2022-02-06 00:51:18,391 INFO Server -> Train: Loss 0.233 | Accuracy = 92.224
2022-02-06 00:51:18,391 INFO ROUND 115
2022-02-06 00:52:04,369 INFO [AFTER AVG]
2022-02-06 00:52:14,291 INFO Server -> Train: Loss 0.226 | Accuracy = 92.366
2022-02-06 00:52:14,292 INFO ROUND 116
2022-02-06 00:53:00,837 INFO [AFTER AVG]
2022-02-06 00:53:10,762 INFO Server -> Train: Loss 0.223 | Accuracy = 92.554
2022-02-06 00:53:10,763 INFO ROUND 117
2022-02-06 00:53:56,958 INFO [AFTER AVG]
2022-02-06 00:54:06,817 INFO Server -> Train: Loss 0.219 | Accuracy = 92.562
2022-02-06 00:54:06,818 INFO ROUND 118
2022-02-06 00:54:53,407 INFO [AFTER AVG]
2022-02-06 00:55:03,259 INFO Server -> Train: Loss 0.218 | Accuracy = 92.584
2022-02-06 00:55:03,259 INFO ROUND 119
2022-02-06 00:55:49,745 INFO [AFTER AVG]
2022-02-06 00:55:59,692 INFO Server -> Train: Loss 0.202 | Accuracy = 93.384
2022-02-06 00:55:59,692 INFO ROUND 120
2022-02-06 00:56:46,688 INFO [AFTER AVG]
2022-02-06 00:56:56,484 INFO Server -> Train: Loss 0.200 | Accuracy = 93.384
2022-02-06 00:56:58,717 INFO Server -> Test: Loss 1.081 | Accuracy = 70.980
2022-02-06 00:56:58,766 INFO ROUND 121
2022-02-06 00:57:47,646 INFO [AFTER AVG]
2022-02-06 00:57:57,519 INFO Server -> Train: Loss 0.196 | Accuracy = 93.410
2022-02-06 00:57:57,520 INFO ROUND 122
2022-02-06 00:58:44,944 INFO [AFTER AVG]
2022-02-06 00:58:54,924 INFO Server -> Train: Loss 0.194 | Accuracy = 93.754
2022-02-06 00:58:54,925 INFO ROUND 123
2022-02-06 00:59:42,470 INFO [AFTER AVG]
2022-02-06 00:59:52,386 INFO Server -> Train: Loss 0.185 | Accuracy = 93.882
2022-02-06 00:59:52,386 INFO ROUND 124
2022-02-06 01:00:40,153 INFO [AFTER AVG]
2022-02-06 01:00:50,099 INFO Server -> Train: Loss 0.184 | Accuracy = 93.808
2022-02-06 01:00:50,100 INFO ROUND 125
2022-02-06 01:01:38,117 INFO [AFTER AVG]
2022-02-06 01:01:48,195 INFO Server -> Train: Loss 0.176 | Accuracy = 94.186
2022-02-06 01:01:48,196 INFO ROUND 126
2022-02-06 01:02:36,777 INFO [AFTER AVG]
2022-02-06 01:02:46,950 INFO Server -> Train: Loss 0.171 | Accuracy = 94.394
2022-02-06 01:02:46,951 INFO ROUND 127
2022-02-06 01:03:36,308 INFO [AFTER AVG]
2022-02-06 01:03:46,587 INFO Server -> Train: Loss 0.170 | Accuracy = 94.344
2022-02-06 01:03:46,587 INFO ROUND 128
2022-02-06 01:04:36,019 INFO [AFTER AVG]
2022-02-06 01:04:46,105 INFO Server -> Train: Loss 0.168 | Accuracy = 94.424
2022-02-06 01:04:46,105 INFO ROUND 129
2022-02-06 01:05:35,598 INFO [AFTER AVG]
2022-02-06 01:05:45,764 INFO Server -> Train: Loss 0.160 | Accuracy = 94.848
2022-02-06 01:05:45,764 INFO ROUND 130
2022-02-06 01:06:35,152 INFO [AFTER AVG]
2022-02-06 01:06:45,101 INFO Server -> Train: Loss 0.159 | Accuracy = 94.850
2022-02-06 01:06:45,101 INFO ROUND 131
2022-02-06 01:07:34,987 INFO [AFTER AVG]
2022-02-06 01:07:45,351 INFO Server -> Train: Loss 0.153 | Accuracy = 95.220
2022-02-06 01:07:45,351 INFO ROUND 132
2022-02-06 01:08:35,809 INFO [AFTER AVG]
2022-02-06 01:08:46,015 INFO Server -> Train: Loss 0.153 | Accuracy = 95.064
2022-02-06 01:08:46,016 INFO ROUND 133
2022-02-06 01:09:36,806 INFO [AFTER AVG]
2022-02-06 01:09:47,266 INFO Server -> Train: Loss 0.144 | Accuracy = 95.458
2022-02-06 01:09:47,267 INFO ROUND 134
2022-02-06 01:10:38,722 INFO [AFTER AVG]
2022-02-06 01:10:49,029 INFO Server -> Train: Loss 0.143 | Accuracy = 95.476
2022-02-06 01:10:49,030 INFO ROUND 135
2022-02-06 01:11:40,047 INFO [AFTER AVG]
2022-02-06 01:11:50,068 INFO Server -> Train: Loss 0.137 | Accuracy = 95.820
2022-02-06 01:11:52,302 INFO Server -> Test: Loss 1.208 | Accuracy = 70.930
2022-02-06 01:11:52,349 INFO ROUND 136
2022-02-06 01:12:42,985 INFO [AFTER AVG]
2022-02-06 01:12:52,891 INFO Server -> Train: Loss 0.134 | Accuracy = 95.734
2022-02-06 01:12:52,892 INFO ROUND 137
2022-02-06 01:13:44,139 INFO [AFTER AVG]
2022-02-06 01:13:54,037 INFO Server -> Train: Loss 0.130 | Accuracy = 95.980
2022-02-06 01:13:54,038 INFO ROUND 138
2022-02-06 01:14:45,500 INFO [AFTER AVG]
2022-02-06 01:14:55,710 INFO Server -> Train: Loss 0.124 | Accuracy = 96.218
2022-02-06 01:14:55,710 INFO ROUND 139
2022-02-06 01:15:47,563 INFO [AFTER AVG]
2022-02-06 01:15:57,606 INFO Server -> Train: Loss 0.124 | Accuracy = 96.174
2022-02-06 01:15:57,607 INFO ROUND 140
2022-02-06 01:16:49,443 INFO [AFTER AVG]
2022-02-06 01:16:59,498 INFO Server -> Train: Loss 0.121 | Accuracy = 96.294
2022-02-06 01:16:59,498 INFO ROUND 141
2022-02-06 01:17:51,619 INFO [AFTER AVG]
2022-02-06 01:18:01,580 INFO Server -> Train: Loss 0.114 | Accuracy = 96.566
2022-02-06 01:18:01,581 INFO ROUND 142
2022-02-06 01:18:53,703 INFO [AFTER AVG]
2022-02-06 01:19:03,894 INFO Server -> Train: Loss 0.111 | Accuracy = 96.706
2022-02-06 01:19:03,895 INFO ROUND 143
2022-02-06 01:19:56,470 INFO [AFTER AVG]
2022-02-06 01:20:06,666 INFO Server -> Train: Loss 0.111 | Accuracy = 96.720
2022-02-06 01:20:06,667 INFO ROUND 144
2022-02-06 01:20:59,573 INFO [AFTER AVG]
2022-02-06 01:21:09,581 INFO Server -> Train: Loss 0.109 | Accuracy = 96.836
2022-02-06 01:21:09,582 INFO ROUND 145
2022-02-06 01:22:02,902 INFO [AFTER AVG]
2022-02-06 01:22:13,110 INFO Server -> Train: Loss 0.107 | Accuracy = 96.832
2022-02-06 01:22:13,111 INFO ROUND 146
2022-02-06 01:23:06,909 INFO [AFTER AVG]
2022-02-06 01:23:17,094 INFO Server -> Train: Loss 0.104 | Accuracy = 97.006
2022-02-06 01:23:17,094 INFO ROUND 147
2022-02-06 01:24:11,084 INFO [AFTER AVG]
2022-02-06 01:24:21,356 INFO Server -> Train: Loss 0.101 | Accuracy = 97.144
2022-02-06 01:24:21,357 INFO ROUND 148
2022-02-06 01:25:15,518 INFO [AFTER AVG]
2022-02-06 01:25:25,888 INFO Server -> Train: Loss 0.097 | Accuracy = 97.308
2022-02-06 01:25:25,888 INFO ROUND 149
2022-02-06 01:26:19,755 INFO [AFTER AVG]
2022-02-06 01:26:30,090 INFO Server -> Train: Loss 0.094 | Accuracy = 97.404
2022-02-06 01:26:30,091 INFO ROUND 150
2022-02-06 01:27:24,720 INFO [AFTER AVG]
2022-02-06 01:27:35,055 INFO Server -> Train: Loss 0.091 | Accuracy = 97.546
2022-02-06 01:27:37,431 INFO Server -> Test: Loss 1.306 | Accuracy = 70.790
2022-02-06 01:27:37,478 INFO ROUND 151
2022-02-06 01:28:34,229 INFO [AFTER AVG]
2022-02-06 01:28:44,531 INFO Server -> Train: Loss 0.091 | Accuracy = 97.520
2022-02-06 01:28:44,532 INFO ROUND 152
2022-02-06 01:29:39,043 INFO [AFTER AVG]
2022-02-06 01:29:49,131 INFO Server -> Train: Loss 0.092 | Accuracy = 97.460
2022-02-06 01:29:49,131 INFO ROUND 153
2022-02-06 01:30:44,143 INFO [AFTER AVG]
2022-02-06 01:30:54,516 INFO Server -> Train: Loss 0.083 | Accuracy = 97.862
2022-02-06 01:30:54,516 INFO ROUND 154
2022-02-06 01:31:50,130 INFO [AFTER AVG]
2022-02-06 01:32:00,478 INFO Server -> Train: Loss 0.083 | Accuracy = 97.788
2022-02-06 01:32:00,479 INFO ROUND 155
2022-02-06 01:32:55,229 INFO [AFTER AVG]
2022-02-06 01:33:05,248 INFO Server -> Train: Loss 0.080 | Accuracy = 97.946
2022-02-06 01:33:05,248 INFO ROUND 156
2022-02-06 01:34:00,337 INFO [AFTER AVG]
2022-02-06 01:34:10,132 INFO Server -> Train: Loss 0.077 | Accuracy = 98.010
2022-02-06 01:34:10,132 INFO ROUND 157
2022-02-06 01:35:05,487 INFO [AFTER AVG]
2022-02-06 01:35:15,531 INFO Server -> Train: Loss 0.077 | Accuracy = 98.030
2022-02-06 01:35:15,531 INFO ROUND 158
2022-02-06 01:36:11,002 INFO [AFTER AVG]
2022-02-06 01:36:20,934 INFO Server -> Train: Loss 0.074 | Accuracy = 98.174
2022-02-06 01:36:20,935 INFO ROUND 159
2022-02-06 01:37:16,595 INFO [AFTER AVG]
2022-02-06 01:37:26,668 INFO Server -> Train: Loss 0.074 | Accuracy = 98.048
2022-02-06 01:37:26,669 INFO ROUND 160
2022-02-06 01:38:22,763 INFO [AFTER AVG]
2022-02-06 01:38:33,092 INFO Server -> Train: Loss 0.069 | Accuracy = 98.340
2022-02-06 01:38:33,093 INFO ROUND 161
2022-02-06 01:39:29,189 INFO [AFTER AVG]
2022-02-06 01:39:39,311 INFO Server -> Train: Loss 0.071 | Accuracy = 98.236
2022-02-06 01:39:39,312 INFO ROUND 162
2022-02-06 01:40:36,479 INFO [AFTER AVG]
2022-02-06 01:40:46,912 INFO Server -> Train: Loss 0.068 | Accuracy = 98.482
2022-02-06 01:40:46,913 INFO ROUND 163
2022-02-06 01:41:43,741 INFO [AFTER AVG]
2022-02-06 01:41:54,051 INFO Server -> Train: Loss 0.069 | Accuracy = 98.274
2022-02-06 01:41:54,051 INFO ROUND 164
2022-02-06 01:42:51,094 INFO [AFTER AVG]
2022-02-06 01:43:01,307 INFO Server -> Train: Loss 0.063 | Accuracy = 98.566
2022-02-06 01:43:01,307 INFO ROUND 165
2022-02-06 01:43:58,490 INFO [AFTER AVG]
2022-02-06 01:44:08,496 INFO Server -> Train: Loss 0.063 | Accuracy = 98.586
2022-02-06 01:44:10,872 INFO Server -> Test: Loss 1.412 | Accuracy = 70.590
2022-02-06 01:44:10,929 INFO ROUND 166
2022-02-06 01:45:08,547 INFO [AFTER AVG]
2022-02-06 01:45:18,632 INFO Server -> Train: Loss 0.061 | Accuracy = 98.724
2022-02-06 01:45:18,632 INFO ROUND 167
2022-02-06 01:46:16,421 INFO [AFTER AVG]
2022-02-06 01:46:26,378 INFO Server -> Train: Loss 0.060 | Accuracy = 98.722
2022-02-06 01:46:26,379 INFO ROUND 168
2022-02-06 01:47:24,525 INFO [AFTER AVG]
2022-02-06 01:47:34,382 INFO Server -> Train: Loss 0.057 | Accuracy = 98.800
2022-02-06 01:47:34,383 INFO ROUND 169
2022-02-06 01:48:32,739 INFO [AFTER AVG]
2022-02-06 01:48:42,874 INFO Server -> Train: Loss 0.057 | Accuracy = 98.782
2022-02-06 01:48:42,874 INFO ROUND 170
2022-02-06 01:49:42,536 INFO [AFTER AVG]
2022-02-06 01:49:52,739 INFO Server -> Train: Loss 0.056 | Accuracy = 98.856
2022-02-06 01:49:52,739 INFO ROUND 171
2022-02-06 01:50:51,535 INFO [AFTER AVG]
2022-02-06 01:51:01,484 INFO Server -> Train: Loss 0.055 | Accuracy = 98.878
2022-02-06 01:51:01,485 INFO ROUND 172
2022-02-06 01:52:00,710 INFO [AFTER AVG]
2022-02-06 01:52:10,817 INFO Server -> Train: Loss 0.053 | Accuracy = 98.928
2022-02-06 01:52:10,817 INFO ROUND 173
2022-02-06 01:53:10,495 INFO [AFTER AVG]
2022-02-06 01:53:20,579 INFO Server -> Train: Loss 0.053 | Accuracy = 99.032
2022-02-06 01:53:20,579 INFO ROUND 174
2022-02-06 01:54:20,425 INFO [AFTER AVG]
2022-02-06 01:54:30,635 INFO Server -> Train: Loss 0.052 | Accuracy = 98.976
2022-02-06 01:54:30,635 INFO ROUND 175
2022-02-06 01:55:30,256 INFO [AFTER AVG]
2022-02-06 01:55:40,262 INFO Server -> Train: Loss 0.049 | Accuracy = 99.116
2022-02-06 01:55:40,262 INFO ROUND 176
2022-02-06 01:56:40,714 INFO [AFTER AVG]
2022-02-06 01:56:50,831 INFO Server -> Train: Loss 0.049 | Accuracy = 99.058
2022-02-06 01:56:50,831 INFO ROUND 177
2022-02-06 01:57:51,088 INFO [AFTER AVG]
2022-02-06 01:58:01,026 INFO Server -> Train: Loss 0.046 | Accuracy = 99.244
2022-02-06 01:58:01,026 INFO ROUND 178
2022-02-06 01:59:01,469 INFO [AFTER AVG]
2022-02-06 01:59:11,471 INFO Server -> Train: Loss 0.048 | Accuracy = 99.132
2022-02-06 01:59:11,471 INFO ROUND 179
2022-02-06 02:00:12,167 INFO [AFTER AVG]
2022-02-06 02:00:22,355 INFO Server -> Train: Loss 0.046 | Accuracy = 99.248
2022-02-06 02:00:22,356 INFO ROUND 180
2022-02-06 02:01:23,143 INFO [AFTER AVG]
2022-02-06 02:01:33,255 INFO Server -> Train: Loss 0.045 | Accuracy = 99.250
2022-02-06 02:01:35,601 INFO Server -> Test: Loss 1.497 | Accuracy = 70.680
2022-02-06 02:01:35,649 INFO ROUND 181
2022-02-06 02:02:36,767 INFO [AFTER AVG]
2022-02-06 02:02:47,080 INFO Server -> Train: Loss 0.042 | Accuracy = 99.336
2022-02-06 02:02:47,080 INFO ROUND 182
2022-02-06 02:03:48,565 INFO [AFTER AVG]
2022-02-06 02:03:58,549 INFO Server -> Train: Loss 0.041 | Accuracy = 99.348
2022-02-06 02:03:58,549 INFO ROUND 183
2022-02-06 02:05:00,287 INFO [AFTER AVG]
2022-02-06 02:05:10,127 INFO Server -> Train: Loss 0.042 | Accuracy = 99.342
2022-02-06 02:05:10,128 INFO ROUND 184
2022-02-06 02:06:12,014 INFO [AFTER AVG]
2022-02-06 02:06:21,839 INFO Server -> Train: Loss 0.040 | Accuracy = 99.434
2022-02-06 02:06:21,839 INFO ROUND 185
2022-02-06 02:07:23,629 INFO [AFTER AVG]
2022-02-06 02:07:33,570 INFO Server -> Train: Loss 0.039 | Accuracy = 99.474
2022-02-06 02:07:33,570 INFO ROUND 186
2022-02-06 02:08:35,769 INFO [AFTER AVG]
2022-02-06 02:08:45,799 INFO Server -> Train: Loss 0.039 | Accuracy = 99.460
2022-02-06 02:08:45,800 INFO ROUND 187
2022-02-06 02:09:48,302 INFO [AFTER AVG]
2022-02-06 02:09:58,469 INFO Server -> Train: Loss 0.037 | Accuracy = 99.528
2022-02-06 02:09:58,469 INFO ROUND 188
2022-02-06 02:11:02,816 INFO [AFTER AVG]
2022-02-06 02:11:13,127 INFO Server -> Train: Loss 0.038 | Accuracy = 99.496
2022-02-06 02:11:13,128 INFO ROUND 189
2022-02-06 02:12:17,789 INFO [AFTER AVG]
2022-02-06 02:12:27,910 INFO Server -> Train: Loss 0.036 | Accuracy = 99.536
2022-02-06 02:12:27,910 INFO ROUND 190
2022-02-06 02:13:31,676 INFO [AFTER AVG]
2022-02-06 02:13:41,910 INFO Server -> Train: Loss 0.037 | Accuracy = 99.490
2022-02-06 02:13:41,911 INFO ROUND 191
2022-02-06 02:14:45,824 INFO [AFTER AVG]
2022-02-06 02:14:56,013 INFO Server -> Train: Loss 0.033 | Accuracy = 99.634
2022-02-06 02:14:56,014 INFO ROUND 192
2022-02-06 02:15:59,781 INFO [AFTER AVG]
2022-02-06 02:16:10,204 INFO Server -> Train: Loss 0.034 | Accuracy = 99.604
2022-02-06 02:16:10,205 INFO ROUND 193
2022-02-06 02:17:14,656 INFO [AFTER AVG]
2022-02-06 02:17:24,926 INFO Server -> Train: Loss 0.033 | Accuracy = 99.600
2022-02-06 02:17:24,927 INFO ROUND 194
2022-02-06 02:18:29,669 INFO [AFTER AVG]
2022-02-06 02:18:39,858 INFO Server -> Train: Loss 0.033 | Accuracy = 99.638
2022-02-06 02:18:39,859 INFO ROUND 195
2022-02-06 02:19:44,411 INFO [AFTER AVG]
2022-02-06 02:19:54,470 INFO Server -> Train: Loss 0.032 | Accuracy = 99.650
2022-02-06 02:19:56,823 INFO Server -> Test: Loss 1.549 | Accuracy = 70.930
2022-02-06 02:19:56,871 INFO ROUND 196
2022-02-06 02:21:02,019 INFO [AFTER AVG]
2022-02-06 02:21:11,974 INFO Server -> Train: Loss 0.032 | Accuracy = 99.686
2022-02-06 02:21:11,975 INFO ROUND 197
2022-02-06 02:22:16,865 INFO [AFTER AVG]
2022-02-06 02:22:27,165 INFO Server -> Train: Loss 0.031 | Accuracy = 99.714
2022-02-06 02:22:27,166 INFO ROUND 198
2022-02-06 02:23:32,269 INFO [AFTER AVG]
2022-02-06 02:23:42,569 INFO Server -> Train: Loss 0.031 | Accuracy = 99.688
2022-02-06 02:23:42,570 INFO ROUND 199
2022-02-06 02:24:47,982 INFO [AFTER AVG]
2022-02-06 02:24:58,223 INFO Server -> Train: Loss 0.029 | Accuracy = 99.732
2022-02-06 02:24:58,224 INFO ROUND 200
2022-02-06 02:26:03,532 INFO [AFTER AVG]
2022-02-06 02:26:13,822 INFO Server -> Train: Loss 0.029 | Accuracy = 99.750
2022-02-06 02:26:13,823 INFO ROUND 201
2022-02-06 11:35:35,159 INFO ('Client samples sizes:', array([1000, 1000, 1000, 1000, 1000, 1000, 1000, 1000, 1000, 1000, 1000,
       1000, 1000, 1000, 1000, 1000, 1000, 1000, 1000, 1000, 1000, 1000,
       1000, 1000, 1000, 1000, 1000, 1000, 1000, 1000, 1000, 1000, 1000,
       1000, 1000, 1000, 1000, 1000, 1000, 1000, 1000, 1000, 1000, 1000,
       1000, 1000, 1000, 1000, 1000, 1000]), 'total:', 50000)
2022-02-06 11:35:50,352 INFO ROUND 196
2022-02-06 11:36:38,640 INFO [AFTER AVG]
2022-02-06 11:36:54,478 INFO Server -> Train: Loss 0.139 | Accuracy = 96.214
2022-02-06 11:36:54,480 INFO ROUND 197
2022-02-06 11:37:43,383 INFO [AFTER AVG]
2022-02-06 11:37:59,198 INFO Server -> Train: Loss 0.081 | Accuracy = 98.466
2022-02-06 11:37:59,199 INFO ROUND 198
2022-02-06 11:38:48,431 INFO [AFTER AVG]
2022-02-06 11:39:04,441 INFO Server -> Train: Loss 0.061 | Accuracy = 99.028
2022-02-06 11:39:04,441 INFO ROUND 199
2022-02-06 11:39:54,272 INFO [AFTER AVG]
2022-02-06 11:40:10,098 INFO Server -> Train: Loss 0.049 | Accuracy = 99.386
2022-02-06 11:40:10,099 INFO ROUND 200
2022-02-06 11:40:59,708 INFO [AFTER AVG]
2022-02-06 11:41:15,433 INFO Server -> Train: Loss 0.043 | Accuracy = 99.580
2022-02-06 11:41:15,434 INFO ROUND 201
2022-02-06 11:42:05,293 INFO [AFTER AVG]
2022-02-06 11:42:20,961 INFO Server -> Train: Loss 0.038 | Accuracy = 99.630
2022-02-06 11:42:20,962 INFO ROUND 202
2022-02-06 11:43:11,695 INFO [AFTER AVG]
2022-02-06 11:43:27,473 INFO Server -> Train: Loss 0.035 | Accuracy = 99.740
2022-02-06 11:43:27,474 INFO ROUND 203
2022-02-06 11:44:18,377 INFO [AFTER AVG]
2022-02-06 11:44:34,154 INFO Server -> Train: Loss 0.030 | Accuracy = 99.820
2022-02-06 11:44:34,156 INFO ROUND 204
2022-02-06 11:45:25,346 INFO [AFTER AVG]
2022-02-06 11:45:41,132 INFO Server -> Train: Loss 0.027 | Accuracy = 99.834
2022-02-06 11:45:41,134 INFO ROUND 205
2022-02-06 11:46:32,473 INFO [AFTER AVG]
2022-02-06 11:46:48,282 INFO Server -> Train: Loss 0.026 | Accuracy = 99.870
2022-02-06 11:46:48,283 INFO ROUND 206
2022-02-06 11:47:39,728 INFO [AFTER AVG]
2022-02-06 11:47:55,463 INFO Server -> Train: Loss 0.024 | Accuracy = 99.874
2022-02-06 11:47:55,464 INFO ROUND 207
2022-02-06 11:48:46,887 INFO [AFTER AVG]
2022-02-06 11:49:02,419 INFO Server -> Train: Loss 0.022 | Accuracy = 99.890
2022-02-06 11:49:02,421 INFO ROUND 208
2022-02-06 11:49:54,937 INFO [AFTER AVG]
2022-02-06 11:50:10,506 INFO Server -> Train: Loss 0.021 | Accuracy = 99.908
2022-02-06 11:50:10,507 INFO ROUND 209
2022-02-06 11:51:02,381 INFO [AFTER AVG]
2022-02-06 11:51:18,358 INFO Server -> Train: Loss 0.020 | Accuracy = 99.916
2022-02-06 11:51:18,359 INFO ROUND 210
2022-02-06 11:52:11,130 INFO [AFTER AVG]
2022-02-06 11:52:26,732 INFO Server -> Train: Loss 0.019 | Accuracy = 99.910
2022-02-06 11:52:30,001 INFO Server -> Test: Loss 1.498 | Accuracy = 71.380
2022-02-06 11:52:30,070 INFO ROUND 211
2022-02-06 11:53:22,133 INFO [AFTER AVG]
2022-02-06 11:53:37,573 INFO Server -> Train: Loss 0.019 | Accuracy = 99.956
2022-02-06 11:53:37,574 INFO ROUND 212
2022-02-06 11:54:29,859 INFO [AFTER AVG]
2022-02-06 11:54:45,330 INFO Server -> Train: Loss 0.018 | Accuracy = 99.942
2022-02-06 11:54:45,331 INFO ROUND 213
2022-02-06 11:55:37,812 INFO [AFTER AVG]
2022-02-06 11:55:52,984 INFO Server -> Train: Loss 0.017 | Accuracy = 99.944
2022-02-06 11:55:52,984 INFO ROUND 214
2022-02-06 11:56:44,938 INFO [AFTER AVG]
2022-02-06 11:57:00,228 INFO Server -> Train: Loss 0.016 | Accuracy = 99.952
2022-02-06 11:57:00,229 INFO ROUND 215
2022-02-06 11:57:53,161 INFO [AFTER AVG]
2022-02-06 11:58:08,463 INFO Server -> Train: Loss 0.015 | Accuracy = 99.958
2022-02-06 11:58:08,463 INFO ROUND 216
2022-02-06 11:59:00,710 INFO [AFTER AVG]
2022-02-06 11:59:16,187 INFO Server -> Train: Loss 0.015 | Accuracy = 99.972
2022-02-06 11:59:16,187 INFO ROUND 217
2022-02-06 12:00:08,772 INFO [AFTER AVG]
2022-02-06 12:00:24,202 INFO Server -> Train: Loss 0.015 | Accuracy = 99.972
2022-02-06 12:00:24,203 INFO ROUND 218
2022-02-06 12:01:17,022 INFO [AFTER AVG]
2022-02-06 12:01:32,230 INFO Server -> Train: Loss 0.014 | Accuracy = 99.976
2022-02-06 12:01:32,232 INFO ROUND 219
2022-02-06 12:02:25,452 INFO [AFTER AVG]
2022-02-06 12:02:40,853 INFO Server -> Train: Loss 0.014 | Accuracy = 99.976
2022-02-06 12:02:40,854 INFO ROUND 220
2022-02-06 12:03:34,433 INFO [AFTER AVG]
2022-02-06 12:03:49,821 INFO Server -> Train: Loss 0.013 | Accuracy = 99.982
2022-02-06 12:03:49,822 INFO ROUND 221
2022-02-06 12:04:43,730 INFO [AFTER AVG]
2022-02-06 12:04:59,002 INFO Server -> Train: Loss 0.013 | Accuracy = 99.990
2022-02-06 12:04:59,004 INFO ROUND 222
2022-02-06 12:05:52,627 INFO [AFTER AVG]
2022-02-06 12:06:07,992 INFO Server -> Train: Loss 0.013 | Accuracy = 99.990
2022-02-06 12:06:07,992 INFO ROUND 223
2022-02-06 12:07:01,544 INFO [AFTER AVG]
2022-02-06 12:07:16,917 INFO Server -> Train: Loss 0.013 | Accuracy = 99.992
2022-02-06 12:07:16,917 INFO ROUND 224
2022-02-06 12:08:11,435 INFO [AFTER AVG]
2022-02-06 12:08:26,766 INFO Server -> Train: Loss 0.012 | Accuracy = 99.990
2022-02-06 12:08:26,767 INFO ROUND 225
2022-02-06 12:09:21,789 INFO [AFTER AVG]
2022-02-06 12:09:37,067 INFO Server -> Train: Loss 0.012 | Accuracy = 99.990
2022-02-06 12:09:40,248 INFO Server -> Test: Loss 1.617 | Accuracy = 71.390
2022-02-06 12:09:40,312 INFO ROUND 226
2022-02-06 12:10:35,002 INFO [AFTER AVG]
2022-02-06 12:10:50,087 INFO Server -> Train: Loss 0.012 | Accuracy = 99.992
2022-02-06 12:10:50,088 INFO ROUND 227
2022-02-06 12:11:45,624 INFO [AFTER AVG]
2022-02-06 12:12:01,033 INFO Server -> Train: Loss 0.011 | Accuracy = 99.990
2022-02-06 12:12:01,034 INFO ROUND 228
2022-02-06 12:12:56,146 INFO [AFTER AVG]
2022-02-06 12:13:11,304 INFO Server -> Train: Loss 0.011 | Accuracy = 99.990
2022-02-06 12:13:11,305 INFO ROUND 229
2022-02-06 12:14:07,253 INFO [AFTER AVG]
2022-02-06 12:14:22,682 INFO Server -> Train: Loss 0.011 | Accuracy = 99.990
2022-02-06 12:14:22,682 INFO ROUND 230
2022-02-06 12:15:19,519 INFO [AFTER AVG]
2022-02-06 12:15:34,798 INFO Server -> Train: Loss 0.011 | Accuracy = 99.990
2022-02-06 12:15:34,799 INFO ROUND 231
2022-02-06 12:16:32,843 INFO [AFTER AVG]
2022-02-06 12:16:48,062 INFO Server -> Train: Loss 0.011 | Accuracy = 99.996
2022-02-06 12:16:48,062 INFO ROUND 232
2022-02-06 12:17:44,005 INFO [AFTER AVG]
2022-02-06 12:17:59,314 INFO Server -> Train: Loss 0.011 | Accuracy = 99.992
2022-02-06 12:17:59,316 INFO ROUND 233
2022-02-06 12:18:56,685 INFO [AFTER AVG]
2022-02-06 12:19:12,087 INFO Server -> Train: Loss 0.010 | Accuracy = 99.994
2022-02-06 12:19:12,088 INFO ROUND 234
2022-02-06 12:20:09,888 INFO [AFTER AVG]
2022-02-06 12:20:25,123 INFO Server -> Train: Loss 0.010 | Accuracy = 99.996
2022-02-06 12:20:25,124 INFO ROUND 235
2022-02-06 12:21:22,694 INFO [AFTER AVG]
2022-02-06 12:21:37,887 INFO Server -> Train: Loss 0.010 | Accuracy = 99.998
2022-02-06 12:21:37,888 INFO ROUND 236
2022-02-06 12:22:35,774 INFO [AFTER AVG]
2022-02-06 12:22:51,162 INFO Server -> Train: Loss 0.010 | Accuracy = 99.998
2022-02-06 12:22:51,164 INFO ROUND 237
2022-02-06 12:23:50,217 INFO [AFTER AVG]
2022-02-06 12:24:05,337 INFO Server -> Train: Loss 0.010 | Accuracy = 99.996
2022-02-06 12:24:05,339 INFO ROUND 238
2022-02-06 12:25:03,646 INFO [AFTER AVG]
2022-02-06 12:25:18,805 INFO Server -> Train: Loss 0.010 | Accuracy = 99.994
2022-02-06 12:25:18,806 INFO ROUND 239
2022-02-06 12:26:17,431 INFO [AFTER AVG]
2022-02-06 12:26:32,648 INFO Server -> Train: Loss 0.010 | Accuracy = 99.998
2022-02-06 12:26:32,650 INFO ROUND 240
2022-02-06 12:27:31,337 INFO [AFTER AVG]
2022-02-06 12:27:46,772 INFO Server -> Train: Loss 0.009 | Accuracy = 99.998
2022-02-06 12:27:49,994 INFO Server -> Test: Loss 1.665 | Accuracy = 71.290
2022-02-06 12:27:50,055 INFO ROUND 241
2022-02-06 12:28:48,923 INFO [AFTER AVG]
2022-02-06 12:29:04,040 INFO Server -> Train: Loss 0.009 | Accuracy = 99.998
2022-02-06 12:29:04,041 INFO ROUND 242
2022-02-06 12:30:03,218 INFO [AFTER AVG]
2022-02-06 12:30:18,483 INFO Server -> Train: Loss 0.009 | Accuracy = 99.998
2022-02-06 12:30:18,484 INFO ROUND 243
2022-02-06 12:31:18,024 INFO [AFTER AVG]
2022-02-06 12:31:33,277 INFO Server -> Train: Loss 0.009 | Accuracy = 99.998
2022-02-06 12:31:33,278 INFO ROUND 244
2022-02-06 12:32:33,118 INFO [AFTER AVG]
2022-02-06 12:32:48,255 INFO Server -> Train: Loss 0.009 | Accuracy = 99.996
2022-02-06 12:32:48,256 INFO ROUND 245
2022-02-06 12:33:48,620 INFO [AFTER AVG]
2022-02-06 12:34:03,711 INFO Server -> Train: Loss 0.009 | Accuracy = 99.998
2022-02-06 12:34:03,711 INFO ROUND 246
2022-02-06 12:35:03,725 INFO [AFTER AVG]
2022-02-06 12:35:18,993 INFO Server -> Train: Loss 0.009 | Accuracy = 99.996
2022-02-06 12:35:18,993 INFO ROUND 247
2022-02-06 12:36:19,551 INFO [AFTER AVG]
2022-02-06 12:36:34,796 INFO Server -> Train: Loss 0.009 | Accuracy = 99.998
2022-02-06 12:36:34,798 INFO ROUND 248
2022-02-06 12:37:37,413 INFO [AFTER AVG]
2022-02-06 12:37:53,060 INFO Server -> Train: Loss 0.009 | Accuracy = 99.996
2022-02-06 12:37:53,061 INFO ROUND 249
2022-02-06 12:38:55,751 INFO [AFTER AVG]
2022-02-06 12:39:11,208 INFO Server -> Train: Loss 0.009 | Accuracy = 99.998
2022-02-06 12:39:11,210 INFO ROUND 250
2022-02-06 12:40:13,200 INFO [AFTER AVG]
2022-02-06 12:40:28,574 INFO Server -> Train: Loss 0.009 | Accuracy = 99.998
2022-02-06 12:40:28,575 INFO ROUND 251
2022-02-06 12:41:31,141 INFO [AFTER AVG]
2022-02-06 12:41:46,525 INFO Server -> Train: Loss 0.008 | Accuracy = 99.998
2022-02-06 12:41:46,526 INFO ROUND 252
2022-02-06 12:42:49,648 INFO [AFTER AVG]
2022-02-06 12:43:05,226 INFO Server -> Train: Loss 0.008 | Accuracy = 99.998
2022-02-06 12:43:05,227 INFO ROUND 253
2022-02-06 12:44:08,241 INFO [AFTER AVG]
2022-02-06 12:44:23,523 INFO Server -> Train: Loss 0.008 | Accuracy = 99.998
2022-02-06 12:44:23,523 INFO ROUND 254
2022-02-06 12:45:27,122 INFO [AFTER AVG]
2022-02-06 12:45:42,664 INFO Server -> Train: Loss 0.008 | Accuracy = 99.998
2022-02-06 12:45:42,665 INFO ROUND 255
2022-02-06 12:46:46,345 INFO [AFTER AVG]
2022-02-06 12:47:02,100 INFO Server -> Train: Loss 0.008 | Accuracy = 100.000
2022-02-06 12:47:05,730 INFO Server -> Test: Loss 1.683 | Accuracy = 71.510
2022-02-06 12:47:05,806 INFO ROUND 256
2022-02-06 12:48:10,436 INFO [AFTER AVG]
2022-02-06 12:48:25,466 INFO Server -> Train: Loss 0.008 | Accuracy = 100.000
2022-02-06 12:48:25,467 INFO ROUND 257
2022-02-06 12:49:28,595 INFO [AFTER AVG]
2022-02-06 12:49:43,675 INFO Server -> Train: Loss 0.008 | Accuracy = 100.000
2022-02-06 12:49:43,676 INFO ROUND 258
2022-02-06 12:50:47,274 INFO [AFTER AVG]
2022-02-06 12:51:02,472 INFO Server -> Train: Loss 0.008 | Accuracy = 100.000
2022-02-06 12:51:02,472 INFO ROUND 259
2022-02-06 12:52:07,210 INFO [AFTER AVG]
2022-02-06 12:52:22,502 INFO Server -> Train: Loss 0.008 | Accuracy = 100.000
2022-02-06 12:52:22,503 INFO ROUND 260
2022-02-06 12:53:28,537 INFO [AFTER AVG]
2022-02-06 12:53:44,033 INFO Server -> Train: Loss 0.008 | Accuracy = 100.000
2022-02-06 12:53:44,034 INFO ROUND 261
2022-02-06 12:54:49,890 INFO [AFTER AVG]
2022-02-06 12:55:05,472 INFO Server -> Train: Loss 0.008 | Accuracy = 100.000
2022-02-06 12:55:05,473 INFO ROUND 262
2022-02-06 12:56:11,672 INFO [AFTER AVG]
2022-02-06 12:56:27,173 INFO Server -> Train: Loss 0.008 | Accuracy = 100.000
2022-02-06 12:56:27,174 INFO ROUND 263
2022-02-06 12:57:34,280 INFO [AFTER AVG]
2022-02-06 12:57:49,822 INFO Server -> Train: Loss 0.008 | Accuracy = 100.000
2022-02-06 12:57:49,823 INFO ROUND 264
2022-02-06 12:58:56,856 INFO [AFTER AVG]
2022-02-06 12:59:12,397 INFO Server -> Train: Loss 0.008 | Accuracy = 100.000
2022-02-06 12:59:12,398 INFO ROUND 265
2022-02-06 13:00:20,573 INFO [AFTER AVG]
2022-02-06 13:00:36,004 INFO Server -> Train: Loss 0.008 | Accuracy = 100.000
2022-02-06 13:00:36,005 INFO ROUND 266
2022-02-06 13:01:43,645 INFO [AFTER AVG]
2022-02-06 13:01:59,244 INFO Server -> Train: Loss 0.008 | Accuracy = 100.000
2022-02-06 13:01:59,246 INFO ROUND 267
2022-02-06 13:03:07,010 INFO [AFTER AVG]
2022-02-06 13:03:22,662 INFO Server -> Train: Loss 0.008 | Accuracy = 100.000
2022-02-06 13:03:22,663 INFO ROUND 268
2022-02-06 13:04:31,556 INFO [AFTER AVG]
2022-02-06 13:04:47,058 INFO Server -> Train: Loss 0.008 | Accuracy = 100.000
2022-02-06 13:04:47,059 INFO ROUND 269
2022-02-06 13:05:55,632 INFO [AFTER AVG]
2022-02-06 13:06:11,303 INFO Server -> Train: Loss 0.008 | Accuracy = 100.000
2022-02-06 13:06:11,305 INFO ROUND 270
2022-02-06 13:07:20,280 INFO [AFTER AVG]
2022-02-06 13:07:35,969 INFO Server -> Train: Loss 0.008 | Accuracy = 100.000
2022-02-06 13:07:39,346 INFO Server -> Test: Loss 1.687 | Accuracy = 71.570
2022-02-06 13:07:39,411 INFO ROUND 271
2022-02-06 13:08:48,338 INFO [AFTER AVG]
2022-02-06 13:09:03,777 INFO Server -> Train: Loss 0.008 | Accuracy = 100.000
2022-02-06 13:09:03,777 INFO ROUND 272
2022-02-06 13:10:13,181 INFO [AFTER AVG]
2022-02-06 13:10:28,743 INFO Server -> Train: Loss 0.008 | Accuracy = 100.000
2022-02-06 13:10:28,744 INFO ROUND 273
2022-02-06 13:11:37,783 INFO [AFTER AVG]
2022-02-06 13:11:53,340 INFO Server -> Train: Loss 0.007 | Accuracy = 100.000
2022-02-06 13:11:53,341 INFO ROUND 274
2022-02-06 13:13:02,992 INFO [AFTER AVG]
2022-02-06 13:13:18,235 INFO Server -> Train: Loss 0.007 | Accuracy = 100.000
2022-02-06 13:13:18,235 INFO ROUND 275
2022-02-06 13:14:27,460 INFO [AFTER AVG]
2022-02-06 13:14:42,896 INFO Server -> Train: Loss 0.007 | Accuracy = 100.000
2022-02-06 13:14:42,897 INFO ROUND 276
2022-02-06 13:15:52,641 INFO [AFTER AVG]
2022-02-06 13:16:08,254 INFO Server -> Train: Loss 0.007 | Accuracy = 100.000
2022-02-06 13:16:08,255 INFO ROUND 277
2022-02-06 13:17:18,400 INFO [AFTER AVG]
2022-02-06 13:17:33,892 INFO Server -> Train: Loss 0.007 | Accuracy = 100.000
2022-02-06 13:17:33,893 INFO ROUND 278
2022-02-06 13:18:44,314 INFO [AFTER AVG]
2022-02-06 13:18:59,727 INFO Server -> Train: Loss 0.007 | Accuracy = 100.000
2022-02-06 13:18:59,728 INFO ROUND 279
2022-02-06 13:20:10,569 INFO [AFTER AVG]
2022-02-06 13:20:25,865 INFO Server -> Train: Loss 0.007 | Accuracy = 100.000
2022-02-06 13:20:25,866 INFO ROUND 280
2022-02-06 13:21:36,973 INFO [AFTER AVG]
2022-02-06 13:21:52,379 INFO Server -> Train: Loss 0.007 | Accuracy = 100.000
2022-02-06 13:21:52,380 INFO ROUND 281
2022-02-06 13:23:03,296 INFO [AFTER AVG]
2022-02-06 13:23:18,640 INFO Server -> Train: Loss 0.007 | Accuracy = 100.000
2022-02-06 13:23:18,641 INFO ROUND 282
2022-02-06 13:24:29,822 INFO [AFTER AVG]
2022-02-06 13:24:45,153 INFO Server -> Train: Loss 0.007 | Accuracy = 100.000
2022-02-06 13:24:45,154 INFO ROUND 283
2022-02-06 13:25:57,197 INFO [AFTER AVG]
2022-02-06 13:26:12,513 INFO Server -> Train: Loss 0.007 | Accuracy = 100.000
2022-02-06 13:26:12,514 INFO ROUND 284
2022-02-06 13:27:24,933 INFO [AFTER AVG]
2022-02-06 13:27:40,414 INFO Server -> Train: Loss 0.007 | Accuracy = 100.000
2022-02-06 13:27:40,415 INFO ROUND 285
2022-02-06 13:28:52,843 INFO [AFTER AVG]
2022-02-06 13:29:08,234 INFO Server -> Train: Loss 0.007 | Accuracy = 100.000
2022-02-06 13:29:11,608 INFO Server -> Test: Loss 1.685 | Accuracy = 71.480
2022-02-06 13:29:11,669 INFO ROUND 286
2022-02-06 13:30:24,310 INFO [AFTER AVG]
2022-02-06 13:30:39,764 INFO Server -> Train: Loss 0.007 | Accuracy = 100.000
2022-02-06 13:30:39,765 INFO ROUND 287
2022-02-06 13:31:55,478 INFO [AFTER AVG]
2022-02-06 13:32:10,910 INFO Server -> Train: Loss 0.007 | Accuracy = 100.000
2022-02-06 13:32:10,911 INFO ROUND 288
2022-02-06 13:33:23,911 INFO [AFTER AVG]
2022-02-06 13:33:39,470 INFO Server -> Train: Loss 0.007 | Accuracy = 100.000
2022-02-06 13:33:39,472 INFO ROUND 289
2022-02-06 13:34:52,790 INFO [AFTER AVG]
2022-02-06 13:35:08,138 INFO Server -> Train: Loss 0.007 | Accuracy = 100.000
2022-02-06 13:35:08,140 INFO ROUND 290
2022-02-06 13:36:20,908 INFO [AFTER AVG]
2022-02-06 13:36:36,345 INFO Server -> Train: Loss 0.007 | Accuracy = 100.000
2022-02-06 13:36:36,347 INFO ROUND 291
2022-02-06 13:37:50,350 INFO [AFTER AVG]
2022-02-06 13:38:05,952 INFO Server -> Train: Loss 0.007 | Accuracy = 100.000
2022-02-06 13:38:05,953 INFO ROUND 292
2022-02-06 13:39:19,741 INFO [AFTER AVG]
2022-02-06 13:39:35,238 INFO Server -> Train: Loss 0.007 | Accuracy = 100.000
2022-02-06 13:39:35,239 INFO ROUND 293
2022-02-06 13:40:49,009 INFO [AFTER AVG]
2022-02-06 13:41:04,358 INFO Server -> Train: Loss 0.007 | Accuracy = 100.000
2022-02-06 13:41:04,359 INFO ROUND 294
2022-02-06 13:42:19,586 INFO [AFTER AVG]
2022-02-06 13:42:35,220 INFO Server -> Train: Loss 0.007 | Accuracy = 100.000
2022-02-06 13:42:35,221 INFO ROUND 295
2022-02-06 13:43:50,563 INFO [AFTER AVG]
