2022-02-07 07:28:51,736 INFO ('Client samples sizes:', array([ 752,  850, 1183,  790, 1319,  836,  954,  580, 1209,  969,  570,
        674, 1743,  772, 1184, 1209,  879, 1251,  988, 1186,  799,  589,
        936, 1007,  742,  837,  651,  767, 1046, 1032, 1261,  954, 1184,
       1255, 1494,  327, 1185, 1169, 1185,  960, 1419,  997,  671,  983,
       1253,  947,  986,  943, 1567,  958]), 'total:', 50002)
2022-02-07 07:29:07,934 INFO ROUND 1
2022-02-07 07:29:31,298 INFO ROUND 2
2022-02-07 07:29:54,598 INFO ROUND 3
2022-02-07 07:30:17,823 INFO ROUND 4
2022-02-07 07:30:40,606 INFO ROUND 5
2022-02-07 07:31:13,514 INFO Server -> Train: Loss 1.759 | Accuracy = 36.364
2022-02-07 07:31:15,423 INFO Server -> Test: Loss 1.752 | Accuracy = 37.050
2022-02-07 07:31:15,453 INFO ROUND 6
2022-02-07 07:31:39,218 INFO ROUND 7
2022-02-07 07:32:02,030 INFO ROUND 8
2022-02-07 07:32:25,595 INFO ROUND 9
2022-02-07 07:32:48,816 INFO ROUND 10
2022-02-07 07:33:21,229 INFO Server -> Train: Loss 1.497 | Accuracy = 45.584
2022-02-07 07:33:23,068 INFO Server -> Test: Loss 1.497 | Accuracy = 45.560
2022-02-07 07:33:23,101 INFO ROUND 11
2022-02-07 07:33:47,081 INFO ROUND 12
2022-02-07 07:34:10,886 INFO ROUND 13
2022-02-07 07:34:34,172 INFO ROUND 14
2022-02-07 07:34:58,101 INFO ROUND 15
2022-02-07 07:35:30,961 INFO Server -> Train: Loss 1.376 | Accuracy = 49.220
2022-02-07 07:35:32,778 INFO Server -> Test: Loss 1.383 | Accuracy = 49.230
2022-02-07 07:35:32,811 INFO ROUND 16
2022-02-07 07:35:56,798 INFO ROUND 17
2022-02-07 07:36:22,095 INFO ROUND 18
2022-02-07 07:36:46,176 INFO ROUND 19
2022-02-07 07:37:10,666 INFO ROUND 20
2022-02-07 07:37:44,082 INFO Server -> Train: Loss 1.254 | Accuracy = 54.100
2022-02-07 07:37:45,972 INFO Server -> Test: Loss 1.274 | Accuracy = 53.280
2022-02-07 07:37:46,006 INFO ROUND 21
2022-02-07 07:38:10,100 INFO ROUND 22
2022-02-07 07:38:35,251 INFO ROUND 23
2022-02-07 07:39:00,392 INFO ROUND 24
2022-02-07 07:39:24,730 INFO ROUND 25
2022-02-07 07:39:58,380 INFO Server -> Train: Loss 1.172 | Accuracy = 57.502
2022-02-07 07:40:00,270 INFO Server -> Test: Loss 1.208 | Accuracy = 56.300
2022-02-07 07:40:00,304 INFO ROUND 26
2022-02-07 07:40:26,217 INFO ROUND 27
2022-02-07 07:40:50,897 INFO ROUND 28
2022-02-07 07:41:15,837 INFO ROUND 29
2022-02-07 07:41:41,289 INFO ROUND 30
2022-02-07 07:42:15,233 INFO Server -> Train: Loss 1.051 | Accuracy = 62.662
2022-02-07 07:42:17,163 INFO Server -> Test: Loss 1.109 | Accuracy = 60.200
2022-02-07 07:42:17,196 INFO ROUND 31
2022-02-07 07:42:43,144 INFO ROUND 32
2022-02-07 07:43:08,091 INFO ROUND 33
2022-02-07 07:43:34,516 INFO ROUND 34
2022-02-07 07:44:00,424 INFO ROUND 35
2022-02-07 07:44:35,435 INFO Server -> Train: Loss 1.027 | Accuracy = 62.734
2022-02-07 07:44:37,334 INFO Server -> Test: Loss 1.108 | Accuracy = 60.260
2022-02-07 07:44:37,365 INFO ROUND 36
2022-02-07 07:45:03,100 INFO ROUND 37
2022-02-07 07:45:29,429 INFO ROUND 38
2022-02-07 07:45:55,638 INFO ROUND 39
2022-02-07 07:46:22,798 INFO ROUND 40
2022-02-07 07:46:58,303 INFO Server -> Train: Loss 0.939 | Accuracy = 66.312
2022-02-07 07:47:00,176 INFO Server -> Test: Loss 1.048 | Accuracy = 63.070
2022-02-07 07:47:00,219 INFO ROUND 41
2022-02-07 07:47:26,962 INFO ROUND 42
2022-02-07 07:47:53,817 INFO ROUND 43
2022-02-07 07:48:20,653 INFO ROUND 44
2022-02-07 07:48:47,466 INFO ROUND 45
2022-02-07 07:49:24,057 INFO Server -> Train: Loss 0.881 | Accuracy = 68.264
2022-02-07 07:49:25,912 INFO Server -> Test: Loss 1.020 | Accuracy = 64.070
2022-02-07 07:49:25,951 INFO ROUND 46
2022-02-07 07:49:53,421 INFO ROUND 47
2022-02-07 07:50:21,186 INFO ROUND 48
2022-02-07 07:50:49,823 INFO ROUND 49
2022-02-07 07:51:17,369 INFO ROUND 50
2022-02-07 07:51:54,318 INFO Server -> Train: Loss 0.791 | Accuracy = 72.102
2022-02-07 07:51:56,228 INFO Server -> Test: Loss 0.960 | Accuracy = 66.810
2022-02-07 07:51:56,260 INFO ROUND 51
2022-02-07 07:52:24,297 INFO ROUND 52
2022-02-07 07:52:52,593 INFO ROUND 53
2022-02-07 07:53:21,676 INFO ROUND 54
2022-02-07 07:53:49,863 INFO ROUND 55
2022-02-07 07:54:26,983 INFO Server -> Train: Loss 0.726 | Accuracy = 74.328
2022-02-07 07:54:28,875 INFO Server -> Test: Loss 0.940 | Accuracy = 68.050
2022-02-07 07:54:28,907 INFO ROUND 56
2022-02-07 07:54:57,861 INFO ROUND 57
2022-02-07 07:55:26,905 INFO ROUND 58
2022-02-07 07:55:56,014 INFO ROUND 59
2022-02-07 07:56:24,978 INFO ROUND 60
2022-02-07 07:57:02,785 INFO Server -> Train: Loss 0.674 | Accuracy = 76.290
2022-02-07 07:57:04,740 INFO Server -> Test: Loss 0.927 | Accuracy = 68.920
2022-02-07 07:57:04,774 INFO ROUND 61
2022-02-07 07:57:34,524 INFO ROUND 62
2022-02-07 07:58:03,924 INFO ROUND 63
2022-02-07 07:58:32,571 INFO ROUND 64
2022-02-07 07:59:01,946 INFO ROUND 65
2022-02-07 07:59:39,959 INFO Server -> Train: Loss 0.641 | Accuracy = 77.318
2022-02-07 07:59:41,877 INFO Server -> Test: Loss 0.936 | Accuracy = 68.490
2022-02-07 07:59:41,910 INFO ROUND 66
2022-02-07 08:00:11,715 INFO ROUND 67
2022-02-07 08:00:40,904 INFO ROUND 68
2022-02-07 08:01:10,983 INFO ROUND 69
2022-02-07 08:01:40,648 INFO ROUND 70
2022-02-07 08:02:19,887 INFO Server -> Train: Loss 0.585 | Accuracy = 79.524
2022-02-07 08:02:21,808 INFO Server -> Test: Loss 0.928 | Accuracy = 69.670
2022-02-07 08:02:21,839 INFO ROUND 71
2022-02-07 08:02:52,231 INFO ROUND 72
2022-02-07 08:03:23,253 INFO ROUND 73
2022-02-07 08:03:54,383 INFO ROUND 74
2022-02-07 08:04:25,545 INFO ROUND 75
2022-02-07 08:05:05,718 INFO Server -> Train: Loss 0.552 | Accuracy = 80.612
2022-02-07 08:05:07,669 INFO Server -> Test: Loss 0.943 | Accuracy = 69.720
2022-02-07 08:05:07,701 INFO ROUND 76
2022-02-07 08:05:38,457 INFO ROUND 77
2022-02-07 08:06:09,607 INFO ROUND 78
2022-02-07 08:06:40,584 INFO ROUND 79
2022-02-07 08:07:11,934 INFO ROUND 80
2022-02-07 08:07:51,821 INFO Server -> Train: Loss 0.500 | Accuracy = 82.480
2022-02-07 08:07:53,794 INFO Server -> Test: Loss 0.950 | Accuracy = 70.140
2022-02-07 08:07:53,826 INFO ROUND 81
2022-02-07 08:08:25,572 INFO ROUND 82
2022-02-07 08:08:58,531 INFO ROUND 83
2022-02-07 08:09:31,285 INFO ROUND 84
2022-02-07 08:10:03,640 INFO ROUND 85
2022-02-07 08:10:44,788 INFO Server -> Train: Loss 0.453 | Accuracy = 84.260
2022-02-07 08:10:46,750 INFO Server -> Test: Loss 0.952 | Accuracy = 70.670
2022-02-07 08:10:46,781 INFO ROUND 86
2022-02-07 08:11:18,923 INFO ROUND 87
2022-02-07 08:11:51,103 INFO ROUND 88
2022-02-07 08:12:22,934 INFO ROUND 89
2022-02-07 08:12:55,495 INFO ROUND 90
2022-02-07 08:13:37,092 INFO Server -> Train: Loss 0.436 | Accuracy = 84.746
2022-02-07 08:13:39,121 INFO Server -> Test: Loss 0.992 | Accuracy = 70.010
2022-02-07 08:13:39,152 INFO ROUND 91
2022-02-07 08:14:12,208 INFO ROUND 92
2022-02-07 08:14:44,898 INFO ROUND 93
2022-02-07 08:15:17,661 INFO ROUND 94
2022-02-07 08:15:50,948 INFO ROUND 95
2022-02-07 08:16:33,007 INFO Server -> Train: Loss 0.377 | Accuracy = 87.042
2022-02-07 08:16:35,002 INFO Server -> Test: Loss 0.965 | Accuracy = 71.030
2022-02-07 08:16:35,034 INFO ROUND 96
2022-02-07 08:17:08,583 INFO ROUND 97
2022-02-07 08:17:41,931 INFO ROUND 98
2022-02-07 08:18:15,453 INFO ROUND 99
2022-02-07 08:18:49,638 INFO ROUND 100
2022-02-07 08:19:32,438 INFO Server -> Train: Loss 0.353 | Accuracy = 87.748
2022-02-07 08:19:34,399 INFO Server -> Test: Loss 1.026 | Accuracy = 70.460
2022-02-07 08:19:34,430 INFO ROUND 101
2022-02-07 08:20:08,481 INFO ROUND 102
2022-02-07 08:20:42,848 INFO ROUND 103
2022-02-07 08:21:17,075 INFO ROUND 104
2022-02-07 08:21:51,262 INFO ROUND 105
2022-02-07 08:22:34,316 INFO Server -> Train: Loss 0.313 | Accuracy = 89.378
2022-02-07 08:22:36,334 INFO Server -> Test: Loss 1.032 | Accuracy = 70.600
2022-02-07 08:22:36,365 INFO ROUND 106
2022-02-07 08:23:11,198 INFO ROUND 107
2022-02-07 08:23:46,892 INFO ROUND 108
2022-02-07 08:24:21,496 INFO ROUND 109
2022-02-07 08:24:56,641 INFO ROUND 110
2022-02-07 08:25:40,367 INFO Server -> Train: Loss 0.305 | Accuracy = 89.304
2022-02-07 08:25:42,368 INFO Server -> Test: Loss 1.102 | Accuracy = 70.260
2022-02-07 08:25:42,399 INFO ROUND 111
2022-02-07 08:26:17,722 INFO ROUND 112
2022-02-07 08:26:53,086 INFO ROUND 113
2022-02-07 08:27:28,443 INFO ROUND 114
2022-02-07 08:28:03,864 INFO ROUND 115
2022-02-07 08:28:48,818 INFO Server -> Train: Loss 0.276 | Accuracy = 90.460
2022-02-07 08:28:50,832 INFO Server -> Test: Loss 1.123 | Accuracy = 70.210
2022-02-07 08:28:50,864 INFO ROUND 116
2022-02-07 08:29:26,529 INFO ROUND 117
2022-02-07 08:30:02,762 INFO ROUND 118
2022-02-07 08:30:38,819 INFO ROUND 119
2022-02-07 08:31:15,063 INFO ROUND 120
2022-02-07 08:32:00,276 INFO Server -> Train: Loss 0.233 | Accuracy = 92.178
2022-02-07 08:32:02,296 INFO Server -> Test: Loss 1.108 | Accuracy = 70.270
2022-02-07 08:32:02,327 INFO ROUND 121
2022-02-07 08:32:38,581 INFO ROUND 122
2022-02-07 08:33:15,845 INFO ROUND 123
2022-02-07 08:33:52,818 INFO ROUND 124
2022-02-07 08:34:31,420 INFO ROUND 125
2022-02-07 08:35:17,413 INFO Server -> Train: Loss 0.217 | Accuracy = 92.666
2022-02-07 08:35:19,404 INFO Server -> Test: Loss 1.186 | Accuracy = 70.280
2022-02-07 08:35:19,436 INFO ROUND 126
2022-02-07 08:35:56,745 INFO ROUND 127
2022-02-07 08:36:33,787 INFO ROUND 128
2022-02-07 08:37:10,466 INFO ROUND 129
2022-02-07 08:37:47,924 INFO ROUND 130
2022-02-07 08:38:34,460 INFO Server -> Train: Loss 0.202 | Accuracy = 93.214
2022-02-07 08:38:36,486 INFO Server -> Test: Loss 1.226 | Accuracy = 70.180
2022-02-07 08:38:36,517 INFO ROUND 131
2022-02-07 08:39:14,333 INFO ROUND 132
2022-02-07 08:39:52,525 INFO ROUND 133
2022-02-07 08:40:30,111 INFO ROUND 134
2022-02-07 08:41:07,957 INFO ROUND 135
2022-02-07 08:41:54,997 INFO Server -> Train: Loss 0.168 | Accuracy = 94.576
2022-02-07 08:41:56,997 INFO Server -> Test: Loss 1.235 | Accuracy = 70.570
2022-02-07 08:41:57,028 INFO ROUND 136
2022-02-07 08:42:35,776 INFO ROUND 137
2022-02-07 08:43:13,782 INFO ROUND 138
2022-02-07 08:43:52,096 INFO ROUND 139
2022-02-07 08:44:31,220 INFO ROUND 140
2022-02-07 08:45:19,020 INFO Server -> Train: Loss 0.153 | Accuracy = 95.114
2022-02-07 08:45:21,040 INFO Server -> Test: Loss 1.259 | Accuracy = 70.890
2022-02-07 08:45:21,072 INFO ROUND 141
2022-02-07 08:45:59,850 INFO ROUND 142
2022-02-07 08:46:38,991 INFO ROUND 143
2022-02-07 08:47:18,046 INFO ROUND 144
2022-02-07 08:47:57,688 INFO ROUND 145
2022-02-07 08:48:46,192 INFO Server -> Train: Loss 0.140 | Accuracy = 95.528
2022-02-07 08:48:48,221 INFO Server -> Test: Loss 1.309 | Accuracy = 70.520
2022-02-07 08:48:48,253 INFO ROUND 146
2022-02-07 08:49:27,185 INFO ROUND 147
2022-02-07 08:50:07,325 INFO ROUND 148
2022-02-07 08:50:47,142 INFO ROUND 149
2022-02-07 08:51:27,165 INFO ROUND 150
2022-02-07 08:52:16,474 INFO Server -> Train: Loss 0.124 | Accuracy = 96.262
2022-02-07 08:52:18,551 INFO Server -> Test: Loss 1.327 | Accuracy = 70.210
2022-02-07 08:52:18,583 INFO ROUND 151
2022-02-07 08:52:59,275 INFO ROUND 152
2022-02-07 08:53:40,661 INFO ROUND 153
2022-02-07 08:54:21,754 INFO ROUND 154
2022-02-07 08:55:02,441 INFO ROUND 155
2022-02-07 08:55:51,949 INFO Server -> Train: Loss 0.136 | Accuracy = 95.550
2022-02-07 08:55:54,043 INFO Server -> Test: Loss 1.400 | Accuracy = 69.820
2022-02-07 08:55:54,076 INFO ROUND 156
2022-02-07 08:56:35,306 INFO ROUND 157
2022-02-07 08:57:16,493 INFO ROUND 158
2022-02-07 08:57:58,035 INFO ROUND 159
2022-02-07 08:58:39,677 INFO ROUND 160
2022-02-07 08:59:30,574 INFO Server -> Train: Loss 0.101 | Accuracy = 97.022
2022-02-07 08:59:32,684 INFO Server -> Test: Loss 1.404 | Accuracy = 70.300
2022-02-07 08:59:32,715 INFO ROUND 161
2022-02-07 09:00:14,193 INFO ROUND 162
2022-02-07 09:00:55,149 INFO ROUND 163
2022-02-07 09:01:36,472 INFO ROUND 164
2022-02-07 09:02:18,039 INFO ROUND 165
2022-02-07 09:03:09,319 INFO Server -> Train: Loss 0.099 | Accuracy = 97.058
2022-02-07 09:03:11,448 INFO Server -> Test: Loss 1.402 | Accuracy = 70.550
2022-02-07 09:03:11,479 INFO ROUND 166
2022-02-07 09:03:53,124 INFO ROUND 167
2022-02-07 09:04:35,249 INFO ROUND 168
2022-02-07 09:05:17,463 INFO ROUND 169
2022-02-07 09:05:59,851 INFO ROUND 170
2022-02-07 09:06:51,226 INFO Server -> Train: Loss 0.092 | Accuracy = 97.370
2022-02-07 09:06:53,309 INFO Server -> Test: Loss 1.469 | Accuracy = 69.830
2022-02-07 09:06:53,342 INFO ROUND 171
2022-02-07 09:07:36,497 INFO ROUND 172
2022-02-07 09:08:21,620 INFO ROUND 173
2022-02-07 09:09:04,707 INFO ROUND 174
2022-02-07 09:09:48,317 INFO ROUND 175
2022-02-07 09:10:41,392 INFO Server -> Train: Loss 0.081 | Accuracy = 97.784
2022-02-07 09:10:43,485 INFO Server -> Test: Loss 1.428 | Accuracy = 70.530
2022-02-07 09:10:43,516 INFO ROUND 176
2022-02-07 09:11:26,862 INFO ROUND 177
2022-02-07 09:12:10,523 INFO ROUND 178
2022-02-07 09:12:54,582 INFO ROUND 179
2022-02-07 09:13:38,539 INFO ROUND 180
2022-02-07 09:14:32,172 INFO Server -> Train: Loss 0.072 | Accuracy = 98.132
2022-02-07 09:14:34,348 INFO Server -> Test: Loss 1.486 | Accuracy = 70.290
2022-02-07 09:14:34,381 INFO ROUND 181
2022-02-07 09:15:18,452 INFO ROUND 182
2022-02-07 09:16:03,371 INFO ROUND 183
2022-02-07 09:16:48,272 INFO ROUND 184
2022-02-07 09:17:32,430 INFO ROUND 185
2022-02-07 09:18:26,761 INFO Server -> Train: Loss 0.067 | Accuracy = 98.288
2022-02-07 09:18:28,971 INFO Server -> Test: Loss 1.508 | Accuracy = 70.200
2022-02-07 09:18:29,003 INFO ROUND 186
2022-02-07 09:19:14,479 INFO ROUND 187
2022-02-07 09:19:59,543 INFO ROUND 188
2022-02-07 09:20:44,320 INFO ROUND 189
2022-02-07 09:21:29,630 INFO ROUND 190
2022-02-07 09:22:24,629 INFO Server -> Train: Loss 0.060 | Accuracy = 98.580
2022-02-07 09:22:26,731 INFO Server -> Test: Loss 1.523 | Accuracy = 70.380
2022-02-07 09:22:26,770 INFO ROUND 191
2022-02-07 09:23:11,867 INFO ROUND 192
2022-02-07 09:23:57,101 INFO ROUND 193
2022-02-07 09:24:43,279 INFO ROUND 194
2022-02-07 09:25:29,238 INFO ROUND 195
2022-02-07 09:26:24,288 INFO Server -> Train: Loss 0.060 | Accuracy = 98.564
2022-02-07 09:26:26,422 INFO Server -> Test: Loss 1.539 | Accuracy = 70.340
2022-02-07 09:26:26,454 INFO ROUND 196
2022-02-07 09:27:12,070 INFO ROUND 197
2022-02-07 09:27:58,427 INFO ROUND 198
2022-02-07 09:28:45,137 INFO ROUND 199
2022-02-07 09:29:32,270 INFO ROUND 200
2022-02-07 09:30:27,656 INFO Server -> Train: Loss 0.048 | Accuracy = 98.972
2022-02-07 09:30:29,885 INFO Server -> Test: Loss 1.536 | Accuracy = 70.450
2022-02-07 09:30:29,916 INFO ROUND 201
