2022-02-10 15:31:33,984 INFO Client samples sizes: [1000 1000 1000 1000 1000 1000 1000 1000 1000 1000 1000 1000 1000 1000
 1000 1000 1000 1000 1000 1000 1000 1000 1000 1000 1000 1000 1000 1000
 1000 1000 1000 1000 1000 1000 1000 1000 1000 1000 1000 1000 1000 1000
 1000 1000 1000 1000 1000 1000 1000 1000], total: 50000
2022-02-10 15:31:51,414 INFO ROUND 1
2022-02-10 15:32:32,307 INFO Client 0 -> Train: Epoch = 1 | Loss = 1.861 | Accuracy = 32.700
2022-02-10 15:32:55,911 INFO Client samples sizes: [25000 25000], total: 50000
2022-02-10 15:33:07,466 INFO ROUND 1
2022-02-10 15:33:56,423 INFO Client 0 -> Train: Epoch = 1 | Loss = 1.565 | Accuracy = 41.720
2022-02-10 15:34:49,974 INFO Client 0 -> Train: Epoch = 2 | Loss = 1.214 | Accuracy = 55.240
2022-02-10 15:35:39,626 INFO Client 1 -> Train: Epoch = 1 | Loss = 1.545 | Accuracy = 41.060
2022-02-10 15:36:28,199 INFO Client 1 -> Train: Epoch = 2 | Loss = 1.134 | Accuracy = 58.148
2022-02-10 15:36:28,202 INFO [BEFORE AVG]
2022-02-10 15:36:28,229 INFO [AFTER AVG]
2022-02-10 15:38:51,507 INFO Client samples sizes: [25000 25000], total: 50000
2022-02-10 15:38:54,783 INFO ROUND 1
2022-02-10 15:40:35,834 INFO Client 0 -> Train: Epoch = 1 | Loss = 1.720 | Accuracy = 37.268
2022-02-10 15:41:31,884 INFO Client 0 -> Train: Epoch = 2 | Loss = 1.280 | Accuracy = 54.064
2022-02-10 15:42:25,561 INFO Client 1 -> Train: Epoch = 1 | Loss = 1.698 | Accuracy = 36.516
2022-02-10 15:43:21,378 INFO Client 1 -> Train: Epoch = 2 | Loss = 1.289 | Accuracy = 52.860
2022-02-10 15:43:24,631 INFO [BEFORE AVG]
2022-02-10 15:50:17,623 INFO [AFTER AVG]
2022-02-10 15:51:09,387 INFO Server -> Train: Loss 1.887 | Accuracy = 39.922
2022-02-10 15:51:27,857 INFO Server -> Test: Loss 1.891 | Accuracy = 39.380
