2022-02-09 23:42:30,098 INFO Client samples sizes: [1000 1000 1000 1000 1000 1000 1000 1000 1000 1000 1000 1000 1000 1000
 1000 1000 1000 1000 1000 1000 1000 1000 1000 1000 1000 1000 1000 1000
 1000 1000 1000 1000 1000 1000 1000 1000 1000 1000 1000 1000 1000 1000
 1000 1000 1000 1000 1000 1000 1000 1000], total: 50000
2022-02-09 23:42:41,977 INFO ROUND 1
2022-02-09 23:43:06,546 INFO ROUND 2
2022-02-09 23:43:31,160 INFO ROUND 3
2022-02-09 23:43:55,853 INFO ROUND 4
2022-02-09 23:44:20,703 INFO ROUND 5
2022-02-09 23:44:54,723 INFO Server -> Train: Loss 1.499 | Accuracy = 45.178
2022-02-09 23:44:56,748 INFO Server -> Test: Loss 1.506 | Accuracy = 44.220
2022-02-09 23:44:56,797 INFO ROUND 6
2022-02-09 23:45:21,474 INFO ROUND 7
2022-02-09 23:45:46,405 INFO ROUND 8
2022-02-09 23:46:11,517 INFO ROUND 9
2022-02-09 23:46:36,668 INFO ROUND 10
2022-02-09 23:47:10,989 INFO Server -> Train: Loss 1.345 | Accuracy = 50.072
2022-02-09 23:47:12,914 INFO Server -> Test: Loss 1.355 | Accuracy = 49.280
2022-02-09 23:47:12,966 INFO ROUND 11
2022-02-09 23:47:38,250 INFO ROUND 12
2022-02-09 23:48:03,630 INFO ROUND 13
2022-02-09 23:48:29,254 INFO ROUND 14
2022-02-09 23:48:54,839 INFO ROUND 15
2022-02-09 23:49:29,632 INFO Server -> Train: Loss 1.159 | Accuracy = 58.186
2022-02-09 23:49:31,587 INFO Server -> Test: Loss 1.182 | Accuracy = 57.120
2022-02-09 23:49:31,640 INFO ROUND 16
2022-02-09 23:49:57,461 INFO ROUND 17
2022-02-09 23:50:23,613 INFO ROUND 18
2022-02-09 23:50:50,697 INFO ROUND 19
2022-02-09 23:51:16,925 INFO ROUND 20
2022-02-09 23:51:52,258 INFO Server -> Train: Loss 1.043 | Accuracy = 63.110
2022-02-09 23:51:54,211 INFO Server -> Test: Loss 1.078 | Accuracy = 61.630
2022-02-09 23:51:54,263 INFO ROUND 21
2022-02-09 23:52:20,887 INFO ROUND 22
2022-02-09 23:52:47,523 INFO ROUND 23
2022-02-09 23:53:14,084 INFO ROUND 24
2022-02-09 23:53:40,906 INFO ROUND 25
2022-02-09 23:54:17,159 INFO Server -> Train: Loss 0.971 | Accuracy = 64.830
2022-02-09 23:54:19,190 INFO Server -> Test: Loss 1.013 | Accuracy = 63.270
2022-02-09 23:54:19,241 INFO ROUND 26
2022-02-09 23:54:46,136 INFO ROUND 27
2022-02-09 23:55:13,175 INFO ROUND 28
2022-02-09 23:55:40,251 INFO ROUND 29
2022-02-09 23:56:07,504 INFO ROUND 30
2022-02-09 23:56:44,261 INFO Server -> Train: Loss 0.922 | Accuracy = 67.106
2022-02-09 23:56:46,211 INFO Server -> Test: Loss 0.976 | Accuracy = 64.610
2022-02-09 23:56:46,264 INFO ROUND 31
2022-02-09 23:57:13,753 INFO ROUND 32
2022-02-09 23:57:41,339 INFO ROUND 33
2022-02-09 23:58:09,079 INFO ROUND 34
2022-02-09 23:58:37,068 INFO ROUND 35
2022-02-09 23:59:14,230 INFO Server -> Train: Loss 0.862 | Accuracy = 69.668
2022-02-09 23:59:16,240 INFO Server -> Test: Loss 0.925 | Accuracy = 67.420
2022-02-09 23:59:16,304 INFO ROUND 36
2022-02-09 23:59:44,210 INFO ROUND 37
2022-02-10 00:00:12,366 INFO ROUND 38
2022-02-10 00:00:40,560 INFO ROUND 39
2022-02-10 00:01:08,673 INFO ROUND 40
2022-02-10 00:01:46,050 INFO Server -> Train: Loss 0.836 | Accuracy = 69.982
2022-02-10 00:01:48,003 INFO Server -> Test: Loss 0.910 | Accuracy = 67.240
2022-02-10 00:01:48,055 INFO ROUND 41
2022-02-10 00:02:16,551 INFO ROUND 42
2022-02-10 00:02:45,150 INFO ROUND 43
2022-02-10 00:03:13,943 INFO ROUND 44
2022-02-10 00:03:42,701 INFO ROUND 45
2022-02-10 00:04:20,999 INFO Server -> Train: Loss 0.762 | Accuracy = 73.154
2022-02-10 00:04:23,007 INFO Server -> Test: Loss 0.851 | Accuracy = 69.930
2022-02-10 00:04:23,079 INFO ROUND 46
2022-02-10 00:04:52,091 INFO ROUND 47
2022-02-10 00:05:21,152 INFO ROUND 48
2022-02-10 00:05:50,318 INFO ROUND 49
2022-02-10 00:06:21,475 INFO ROUND 50
2022-02-10 00:07:00,204 INFO Server -> Train: Loss 0.746 | Accuracy = 73.664
2022-02-10 00:07:02,198 INFO Server -> Test: Loss 0.847 | Accuracy = 70.140
2022-02-10 00:07:02,249 INFO ROUND 51
2022-02-10 00:07:31,940 INFO ROUND 52
2022-02-10 00:08:01,627 INFO ROUND 53
2022-02-10 00:08:31,663 INFO ROUND 54
2022-02-10 00:09:01,597 INFO ROUND 55
2022-02-10 00:09:41,055 INFO Server -> Train: Loss 0.700 | Accuracy = 75.244
2022-02-10 00:09:43,151 INFO Server -> Test: Loss 0.813 | Accuracy = 71.700
2022-02-10 00:09:43,202 INFO ROUND 56
2022-02-10 00:10:13,596 INFO ROUND 57
2022-02-10 00:10:44,067 INFO ROUND 58
2022-02-10 00:11:14,552 INFO ROUND 59
2022-02-10 00:11:45,027 INFO ROUND 60
2022-02-10 00:12:24,938 INFO Server -> Train: Loss 0.665 | Accuracy = 76.442
2022-02-10 00:12:26,947 INFO Server -> Test: Loss 0.788 | Accuracy = 72.020
2022-02-10 00:12:26,999 INFO ROUND 61
2022-02-10 00:12:57,921 INFO ROUND 62
2022-02-10 00:13:28,908 INFO ROUND 63
2022-02-10 00:13:59,931 INFO ROUND 64
2022-02-10 00:14:31,350 INFO ROUND 65
2022-02-10 00:15:11,808 INFO Server -> Train: Loss 0.662 | Accuracy = 76.506
2022-02-10 00:15:13,824 INFO Server -> Test: Loss 0.804 | Accuracy = 71.780
2022-02-10 00:15:13,876 INFO ROUND 66
2022-02-10 00:15:45,310 INFO ROUND 67
2022-02-10 00:16:17,126 INFO ROUND 68
2022-02-10 00:16:48,954 INFO ROUND 69
2022-02-10 00:17:20,823 INFO ROUND 70
2022-02-10 00:18:01,937 INFO Server -> Train: Loss 0.624 | Accuracy = 77.926
2022-02-10 00:18:03,988 INFO Server -> Test: Loss 0.782 | Accuracy = 72.360
2022-02-10 00:18:04,041 INFO ROUND 71
2022-02-10 00:18:36,336 INFO ROUND 72
2022-02-10 00:19:08,559 INFO ROUND 73
2022-02-10 00:19:40,784 INFO ROUND 74
2022-02-10 00:20:13,292 INFO ROUND 75
2022-02-10 00:20:55,254 INFO Server -> Train: Loss 0.580 | Accuracy = 79.730
2022-02-10 00:20:57,246 INFO Server -> Test: Loss 0.750 | Accuracy = 73.820
2022-02-10 00:20:57,298 INFO ROUND 76
2022-02-10 00:21:30,098 INFO ROUND 77
2022-02-10 00:22:03,004 INFO ROUND 78
2022-02-10 00:22:36,208 INFO ROUND 79
2022-02-10 00:23:09,375 INFO ROUND 80
2022-02-10 00:23:51,744 INFO Server -> Train: Loss 0.550 | Accuracy = 80.914
2022-02-10 00:23:53,772 INFO Server -> Test: Loss 0.736 | Accuracy = 74.700
2022-02-10 00:23:53,823 INFO ROUND 81
2022-02-10 00:24:27,667 INFO ROUND 82
2022-02-10 00:25:01,363 INFO ROUND 83
2022-02-10 00:25:34,945 INFO ROUND 84
2022-02-10 00:26:10,245 INFO ROUND 85
2022-02-10 00:26:53,700 INFO Server -> Train: Loss 0.552 | Accuracy = 80.326
2022-02-10 00:26:55,733 INFO Server -> Test: Loss 0.752 | Accuracy = 73.950
2022-02-10 00:26:55,789 INFO ROUND 86
2022-02-10 00:27:29,926 INFO ROUND 87
2022-02-10 00:28:04,109 INFO ROUND 88
2022-02-10 00:28:38,635 INFO ROUND 89
2022-02-10 00:29:13,159 INFO ROUND 90
2022-02-10 00:29:56,970 INFO Server -> Train: Loss 0.516 | Accuracy = 81.998
2022-02-10 00:29:58,997 INFO Server -> Test: Loss 0.738 | Accuracy = 74.750
2022-02-10 00:29:59,068 INFO ROUND 91
2022-02-10 00:30:34,104 INFO ROUND 92
2022-02-10 00:31:08,858 INFO ROUND 93
2022-02-10 00:31:43,642 INFO ROUND 94
2022-02-10 00:32:18,808 INFO ROUND 95
2022-02-10 00:33:03,396 INFO Server -> Train: Loss 0.481 | Accuracy = 83.358
2022-02-10 00:33:05,415 INFO Server -> Test: Loss 0.724 | Accuracy = 75.430
2022-02-10 00:33:05,466 INFO ROUND 96
2022-02-10 00:33:40,556 INFO ROUND 97
2022-02-10 00:34:15,996 INFO ROUND 98
2022-02-10 00:34:51,528 INFO ROUND 99
2022-02-10 00:35:27,160 INFO ROUND 100
2022-02-10 00:36:12,208 INFO Server -> Train: Loss 0.472 | Accuracy = 83.478
2022-02-10 00:36:14,263 INFO Server -> Test: Loss 0.722 | Accuracy = 75.170
2022-02-10 00:36:14,329 INFO ROUND 101
2022-02-10 00:36:50,385 INFO ROUND 102
2022-02-10 00:37:26,317 INFO ROUND 103
2022-02-10 00:38:02,411 INFO ROUND 104
2022-02-10 00:38:38,885 INFO ROUND 105
2022-02-10 00:39:24,415 INFO Server -> Train: Loss 0.487 | Accuracy = 82.722
2022-02-10 00:39:26,491 INFO Server -> Test: Loss 0.760 | Accuracy = 74.180
2022-02-10 00:39:26,543 INFO ROUND 106
2022-02-10 00:40:02,994 INFO ROUND 107
2022-02-10 00:40:39,749 INFO ROUND 108
2022-02-10 00:41:16,483 INFO ROUND 109
2022-02-10 00:41:53,207 INFO ROUND 110
2022-02-10 00:42:39,703 INFO Server -> Train: Loss 0.478 | Accuracy = 82.902
2022-02-10 00:42:41,760 INFO Server -> Test: Loss 0.770 | Accuracy = 73.950
2022-02-10 00:42:41,828 INFO ROUND 111
2022-02-10 00:43:19,006 INFO ROUND 112
2022-02-10 00:43:56,266 INFO ROUND 113
2022-02-10 00:44:33,822 INFO ROUND 114
2022-02-10 00:45:11,368 INFO ROUND 115
2022-02-10 00:45:58,100 INFO Server -> Train: Loss 0.480 | Accuracy = 82.514
2022-02-10 00:46:00,151 INFO Server -> Test: Loss 0.784 | Accuracy = 73.690
2022-02-10 00:46:00,202 INFO ROUND 116
2022-02-10 00:46:38,306 INFO ROUND 117
2022-02-10 00:47:15,965 INFO ROUND 118
2022-02-10 00:47:53,911 INFO ROUND 119
2022-02-10 00:48:32,191 INFO ROUND 120
2022-02-10 00:49:19,491 INFO Server -> Train: Loss 0.403 | Accuracy = 86.110
2022-02-10 00:49:21,625 INFO Server -> Test: Loss 0.719 | Accuracy = 75.790
2022-02-10 00:49:21,694 INFO ROUND 121
2022-02-10 00:50:00,186 INFO ROUND 122
2022-02-10 00:50:38,868 INFO ROUND 123
2022-02-10 00:51:17,689 INFO ROUND 124
2022-02-10 00:51:56,465 INFO ROUND 125
2022-02-10 00:52:46,845 INFO Server -> Train: Loss 0.418 | Accuracy = 84.976
2022-02-10 00:52:48,930 INFO Server -> Test: Loss 0.763 | Accuracy = 74.830
2022-02-10 00:52:48,985 INFO ROUND 126
2022-02-10 00:53:28,201 INFO ROUND 127
2022-02-10 00:54:07,329 INFO ROUND 128
2022-02-10 00:54:46,841 INFO ROUND 129
2022-02-10 00:55:26,346 INFO ROUND 130
2022-02-10 00:56:15,642 INFO Server -> Train: Loss 0.369 | Accuracy = 87.136
2022-02-10 00:56:17,751 INFO Server -> Test: Loss 0.725 | Accuracy = 75.670
2022-02-10 00:56:17,820 INFO ROUND 131
2022-02-10 00:56:57,749 INFO ROUND 132
2022-02-10 00:57:37,640 INFO ROUND 133
2022-02-10 00:58:17,744 INFO ROUND 134
2022-02-10 00:58:57,776 INFO ROUND 135
2022-02-10 00:59:47,105 INFO Server -> Train: Loss 0.365 | Accuracy = 87.202
2022-02-10 00:59:49,305 INFO Server -> Test: Loss 0.747 | Accuracy = 75.730
2022-02-10 00:59:49,358 INFO ROUND 136
2022-02-10 01:00:30,114 INFO ROUND 137
2022-02-10 01:01:10,846 INFO ROUND 138
2022-02-10 01:01:51,389 INFO ROUND 139
2022-02-10 01:02:32,306 INFO ROUND 140
2022-02-10 01:03:22,483 INFO Server -> Train: Loss 0.334 | Accuracy = 88.384
2022-02-10 01:03:24,617 INFO Server -> Test: Loss 0.727 | Accuracy = 76.170
2022-02-10 01:03:24,673 INFO ROUND 141
2022-02-10 01:04:05,753 INFO ROUND 142
2022-02-10 01:04:46,969 INFO ROUND 143
2022-02-10 01:05:28,105 INFO ROUND 144
2022-02-10 01:06:09,461 INFO ROUND 145
2022-02-10 01:07:00,113 INFO Server -> Train: Loss 0.355 | Accuracy = 87.232
2022-02-10 01:07:02,214 INFO Server -> Test: Loss 0.771 | Accuracy = 75.360
2022-02-10 01:07:02,265 INFO ROUND 146
2022-02-10 01:07:43,896 INFO ROUND 147
2022-02-10 01:08:25,929 INFO ROUND 148
2022-02-10 01:09:07,713 INFO ROUND 149
2022-02-10 01:09:49,688 INFO ROUND 150
2022-02-10 01:10:41,249 INFO Server -> Train: Loss 0.322 | Accuracy = 88.734
2022-02-10 01:10:43,397 INFO Server -> Test: Loss 0.753 | Accuracy = 75.860
2022-02-10 01:10:43,448 INFO ROUND 151
2022-02-10 01:11:25,691 INFO ROUND 152
2022-02-10 01:12:08,221 INFO ROUND 153
2022-02-10 01:12:50,838 INFO ROUND 154
2022-02-10 01:13:33,527 INFO ROUND 155
2022-02-10 01:14:25,573 INFO Server -> Train: Loss 0.295 | Accuracy = 89.822
2022-02-10 01:14:27,722 INFO Server -> Test: Loss 0.747 | Accuracy = 76.620
2022-02-10 01:14:27,773 INFO ROUND 156
2022-02-10 01:15:10,725 INFO ROUND 157
2022-02-10 01:15:53,679 INFO ROUND 158
2022-02-10 01:16:36,907 INFO ROUND 159
2022-02-10 01:17:20,240 INFO ROUND 160
2022-02-10 01:18:12,999 INFO Server -> Train: Loss 0.295 | Accuracy = 89.664
2022-02-10 01:18:15,153 INFO Server -> Test: Loss 0.757 | Accuracy = 75.960
2022-02-10 01:18:15,204 INFO ROUND 161
2022-02-10 01:18:58,831 INFO ROUND 162
2022-02-10 01:19:42,277 INFO ROUND 163
2022-02-10 01:20:26,222 INFO ROUND 164
2022-02-10 01:21:09,987 INFO ROUND 165
2022-02-10 01:22:03,209 INFO Server -> Train: Loss 0.269 | Accuracy = 90.760
2022-02-10 01:22:05,432 INFO Server -> Test: Loss 0.749 | Accuracy = 76.240
2022-02-10 01:22:05,486 INFO ROUND 166
2022-02-10 01:22:49,865 INFO ROUND 167
2022-02-10 01:23:34,139 INFO ROUND 168
2022-02-10 01:24:18,748 INFO ROUND 169
2022-02-10 01:25:03,311 INFO ROUND 170
2022-02-10 01:25:56,927 INFO Server -> Train: Loss 0.258 | Accuracy = 91.232
2022-02-10 01:25:59,132 INFO Server -> Test: Loss 0.753 | Accuracy = 76.380
2022-02-10 01:25:59,183 INFO ROUND 171
2022-02-10 01:26:44,291 INFO ROUND 172
2022-02-10 01:27:29,121 INFO ROUND 173
2022-02-10 01:28:16,637 INFO ROUND 174
2022-02-10 01:29:02,524 INFO ROUND 175
2022-02-10 01:29:57,098 INFO Server -> Train: Loss 0.337 | Accuracy = 87.532
2022-02-10 01:29:59,282 INFO Server -> Test: Loss 0.873 | Accuracy = 73.940
2022-02-10 01:29:59,334 INFO ROUND 176
2022-02-10 01:30:45,096 INFO ROUND 177
2022-02-10 01:31:30,491 INFO ROUND 178
2022-02-10 01:32:16,203 INFO ROUND 179
2022-02-10 01:33:01,999 INFO ROUND 180
2022-02-10 01:33:57,135 INFO Server -> Train: Loss 0.245 | Accuracy = 91.702
2022-02-10 01:33:59,382 INFO Server -> Test: Loss 0.765 | Accuracy = 76.290
2022-02-10 01:33:59,432 INFO ROUND 181
2022-02-10 01:34:45,810 INFO ROUND 182
2022-02-10 01:35:31,813 INFO ROUND 183
2022-02-10 01:36:18,297 INFO ROUND 184
2022-02-10 01:37:04,745 INFO ROUND 185
2022-02-10 01:38:00,762 INFO Server -> Train: Loss 0.232 | Accuracy = 92.108
2022-02-10 01:38:03,013 INFO Server -> Test: Loss 0.778 | Accuracy = 76.510
2022-02-10 01:38:03,067 INFO ROUND 186
2022-02-10 01:38:49,988 INFO ROUND 187
2022-02-10 01:39:36,804 INFO ROUND 188
2022-02-10 01:40:23,856 INFO ROUND 189
2022-02-10 01:41:11,012 INFO ROUND 190
2022-02-10 01:42:07,404 INFO Server -> Train: Loss 0.271 | Accuracy = 90.182
2022-02-10 01:42:09,590 INFO Server -> Test: Loss 0.847 | Accuracy = 75.110
2022-02-10 01:42:09,643 INFO ROUND 191
2022-02-10 01:42:57,316 INFO ROUND 192
2022-02-10 01:43:44,736 INFO ROUND 193
2022-02-10 01:44:32,552 INFO ROUND 194
2022-02-10 01:45:20,135 INFO ROUND 195
2022-02-10 01:46:17,392 INFO Server -> Train: Loss 0.215 | Accuracy = 92.690
2022-02-10 01:46:19,600 INFO Server -> Test: Loss 0.782 | Accuracy = 76.620
2022-02-10 01:46:19,650 INFO ROUND 196
2022-02-10 01:47:07,460 INFO ROUND 197
2022-02-10 01:47:55,586 INFO ROUND 198
2022-02-10 01:48:43,997 INFO ROUND 199
2022-02-10 01:49:32,156 INFO ROUND 200
2022-02-10 01:50:30,377 INFO Server -> Train: Loss 0.212 | Accuracy = 92.916
2022-02-10 01:50:32,589 INFO Server -> Test: Loss 0.792 | Accuracy = 75.950
2022-02-10 01:50:32,661 INFO ROUND 201
2022-02-10 01:51:21,109 INFO ROUND 202
2022-02-10 01:52:09,812 INFO ROUND 203
2022-02-10 01:52:58,689 INFO ROUND 204
2022-02-10 01:53:47,788 INFO ROUND 205
2022-02-10 01:54:46,335 INFO Server -> Train: Loss 0.201 | Accuracy = 93.088
2022-02-10 01:54:48,571 INFO Server -> Test: Loss 0.803 | Accuracy = 76.410
2022-02-10 01:54:48,627 INFO ROUND 206
2022-02-10 01:55:38,304 INFO ROUND 207
2022-02-10 01:56:28,080 INFO ROUND 208
2022-02-10 01:57:17,775 INFO ROUND 209
2022-02-10 01:58:07,512 INFO ROUND 210
2022-02-10 01:59:06,744 INFO Server -> Train: Loss 0.245 | Accuracy = 91.224
2022-02-10 01:59:09,000 INFO Server -> Test: Loss 0.901 | Accuracy = 74.900
2022-02-10 01:59:09,072 INFO ROUND 211
2022-02-10 01:59:59,122 INFO ROUND 212
2022-02-10 02:00:49,448 INFO ROUND 213
2022-02-10 02:01:39,461 INFO ROUND 214
2022-02-10 02:02:29,997 INFO ROUND 215
2022-02-10 02:03:29,621 INFO Server -> Train: Loss 0.191 | Accuracy = 93.562
2022-02-10 02:03:31,832 INFO Server -> Test: Loss 0.827 | Accuracy = 76.400
2022-02-10 02:03:31,883 INFO ROUND 216
2022-02-10 02:04:22,749 INFO ROUND 217
2022-02-10 02:05:13,477 INFO ROUND 218
2022-02-10 02:06:05,020 INFO ROUND 219
2022-02-10 02:06:56,306 INFO ROUND 220
2022-02-10 02:07:57,194 INFO Server -> Train: Loss 0.196 | Accuracy = 93.352
2022-02-10 02:07:59,457 INFO Server -> Test: Loss 0.850 | Accuracy = 75.840
2022-02-10 02:07:59,527 INFO ROUND 221
2022-02-10 02:08:51,411 INFO ROUND 222
2022-02-10 02:09:44,600 INFO ROUND 223
2022-02-10 02:10:38,136 INFO ROUND 224
2022-02-10 02:11:31,718 INFO ROUND 225
2022-02-10 02:12:35,276 INFO Server -> Train: Loss 0.179 | Accuracy = 93.926
2022-02-10 02:12:37,625 INFO Server -> Test: Loss 0.860 | Accuracy = 75.980
2022-02-10 02:12:37,679 INFO ROUND 226
2022-02-10 02:13:31,882 INFO ROUND 227
2022-02-10 02:14:26,392 INFO ROUND 228
2022-02-10 02:15:20,472 INFO ROUND 229
2022-02-10 02:16:14,980 INFO ROUND 230
2022-02-10 02:17:19,257 INFO Server -> Train: Loss 0.185 | Accuracy = 93.724
2022-02-10 02:17:21,655 INFO Server -> Test: Loss 0.854 | Accuracy = 76.010
2022-02-10 02:17:21,711 INFO ROUND 231
2022-02-10 02:18:16,311 INFO ROUND 232
2022-02-10 02:19:11,092 INFO ROUND 233
2022-02-10 02:20:05,900 INFO ROUND 234
2022-02-10 02:21:00,775 INFO ROUND 235
2022-02-10 02:22:08,617 INFO Server -> Train: Loss 0.163 | Accuracy = 94.540
2022-02-10 02:22:11,107 INFO Server -> Test: Loss 0.839 | Accuracy = 76.480
2022-02-10 02:22:11,161 INFO ROUND 236
2022-02-10 02:23:06,553 INFO ROUND 237
2022-02-10 02:24:01,812 INFO ROUND 238
2022-02-10 02:24:57,372 INFO ROUND 239
2022-02-10 02:25:52,984 INFO ROUND 240
2022-02-10 02:26:59,090 INFO Server -> Train: Loss 0.190 | Accuracy = 93.128
2022-02-10 02:27:01,452 INFO Server -> Test: Loss 0.914 | Accuracy = 75.120
2022-02-10 02:27:01,506 INFO ROUND 241
2022-02-10 02:27:57,314 INFO ROUND 242
2022-02-10 02:28:53,257 INFO ROUND 243
2022-02-10 02:29:49,217 INFO ROUND 244
2022-02-10 02:30:45,565 INFO ROUND 245
2022-02-10 02:31:51,525 INFO Server -> Train: Loss 0.148 | Accuracy = 95.254
2022-02-10 02:31:53,903 INFO Server -> Test: Loss 0.844 | Accuracy = 76.490
2022-02-10 02:31:53,956 INFO ROUND 246
2022-02-10 02:32:50,369 INFO ROUND 247
2022-02-10 02:33:46,602 INFO ROUND 248
2022-02-10 02:34:43,692 INFO ROUND 249
2022-02-10 02:35:40,380 INFO ROUND 250
2022-02-10 02:36:47,070 INFO Server -> Train: Loss 0.135 | Accuracy = 95.716
2022-02-10 02:36:49,487 INFO Server -> Test: Loss 0.856 | Accuracy = 76.730
2022-02-10 02:36:49,558 INFO ROUND 251
2022-02-10 02:37:46,776 INFO ROUND 252
2022-02-10 02:38:43,936 INFO ROUND 253
2022-02-10 02:39:41,387 INFO ROUND 254
2022-02-10 02:40:38,795 INFO ROUND 255
2022-02-10 02:41:46,179 INFO Server -> Train: Loss 0.136 | Accuracy = 95.572
2022-02-10 02:41:48,581 INFO Server -> Test: Loss 0.894 | Accuracy = 76.470
2022-02-10 02:41:48,642 INFO ROUND 256
2022-02-10 02:42:46,472 INFO ROUND 257
2022-02-10 02:43:44,644 INFO ROUND 258
2022-02-10 02:44:42,611 INFO ROUND 259
2022-02-10 02:45:40,743 INFO ROUND 260
2022-02-10 02:46:48,918 INFO Server -> Train: Loss 0.124 | Accuracy = 96.116
2022-02-10 02:46:51,361 INFO Server -> Test: Loss 0.870 | Accuracy = 76.650
2022-02-10 02:46:51,439 INFO ROUND 261
2022-02-10 02:47:50,152 INFO ROUND 262
2022-02-10 02:48:49,199 INFO ROUND 263
2022-02-10 02:49:47,760 INFO ROUND 264
2022-02-10 02:50:46,932 INFO ROUND 265
2022-02-10 02:51:55,657 INFO Server -> Train: Loss 0.140 | Accuracy = 95.436
2022-02-10 02:51:58,069 INFO Server -> Test: Loss 0.892 | Accuracy = 75.870
2022-02-10 02:51:58,122 INFO ROUND 266
2022-02-10 02:52:57,556 INFO ROUND 267
2022-02-10 02:53:57,297 INFO ROUND 268
2022-02-10 02:54:56,602 INFO ROUND 269
2022-02-10 02:55:55,950 INFO ROUND 270
2022-02-10 02:57:05,990 INFO Server -> Train: Loss 0.137 | Accuracy = 95.498
2022-02-10 02:57:08,487 INFO Server -> Test: Loss 0.905 | Accuracy = 76.300
2022-02-10 02:57:08,557 INFO ROUND 271
2022-02-10 02:58:08,139 INFO ROUND 272
2022-02-10 02:59:07,944 INFO ROUND 273
2022-02-10 03:00:08,427 INFO ROUND 274
2022-02-10 03:01:08,867 INFO ROUND 275
2022-02-10 03:02:19,249 INFO Server -> Train: Loss 0.143 | Accuracy = 95.280
2022-02-10 03:02:21,818 INFO Server -> Test: Loss 0.923 | Accuracy = 76.040
2022-02-10 03:02:21,874 INFO ROUND 276
2022-02-10 03:03:23,175 INFO ROUND 277
2022-02-10 03:04:23,870 INFO ROUND 278
2022-02-10 03:05:25,003 INFO ROUND 279
2022-02-10 03:06:26,093 INFO ROUND 280
2022-02-10 03:07:37,523 INFO Server -> Train: Loss 0.119 | Accuracy = 96.192
2022-02-10 03:07:40,120 INFO Server -> Test: Loss 0.885 | Accuracy = 76.380
2022-02-10 03:07:40,177 INFO ROUND 281
2022-02-10 03:08:41,759 INFO ROUND 282
2022-02-10 03:09:43,094 INFO ROUND 283
2022-02-10 03:10:44,555 INFO ROUND 284
2022-02-10 03:11:46,435 INFO ROUND 285
2022-02-10 03:12:58,399 INFO Server -> Train: Loss 0.123 | Accuracy = 96.124
2022-02-10 03:13:00,929 INFO Server -> Test: Loss 0.915 | Accuracy = 75.880
2022-02-10 03:13:00,983 INFO ROUND 286
2022-02-10 03:14:02,934 INFO ROUND 287
2022-02-10 03:15:05,482 INFO ROUND 288
2022-02-10 03:16:07,778 INFO ROUND 289
2022-02-10 03:17:10,226 INFO ROUND 290
2022-02-10 03:18:23,330 INFO Server -> Train: Loss 0.122 | Accuracy = 96.062
2022-02-10 03:18:25,787 INFO Server -> Test: Loss 0.933 | Accuracy = 75.830
2022-02-10 03:18:25,862 INFO ROUND 291
2022-02-10 03:19:28,409 INFO ROUND 292
2022-02-10 03:20:31,106 INFO ROUND 293
2022-02-10 03:21:34,182 INFO ROUND 294
2022-02-10 03:22:37,231 INFO ROUND 295
2022-02-10 03:23:50,395 INFO Server -> Train: Loss 0.100 | Accuracy = 97.006
2022-02-10 03:23:52,941 INFO Server -> Test: Loss 0.917 | Accuracy = 76.370
2022-02-10 03:23:52,995 INFO ROUND 296
2022-02-10 03:24:56,361 INFO ROUND 297
2022-02-10 03:25:59,665 INFO ROUND 298
2022-02-10 03:27:03,347 INFO ROUND 299
2022-02-10 03:28:06,591 INFO ROUND 300
2022-02-10 03:29:20,458 INFO Server -> Train: Loss 0.107 | Accuracy = 96.692
2022-02-10 03:29:22,988 INFO Server -> Test: Loss 0.932 | Accuracy = 76.020
2022-02-10 03:29:23,045 INFO ROUND 301
2022-02-10 03:30:27,362 INFO ROUND 302
2022-02-10 03:31:31,194 INFO ROUND 303
2022-02-10 03:32:35,373 INFO ROUND 304
2022-02-10 03:33:39,371 INFO ROUND 305
2022-02-10 03:34:53,913 INFO Server -> Train: Loss 0.100 | Accuracy = 96.880
2022-02-10 03:34:56,418 INFO Server -> Test: Loss 0.941 | Accuracy = 76.280
2022-02-10 03:34:56,473 INFO ROUND 306
2022-02-10 03:36:00,691 INFO ROUND 307
2022-02-10 03:37:05,577 INFO ROUND 308
2022-02-10 03:38:09,828 INFO ROUND 309
2022-02-10 03:39:16,772 INFO ROUND 310
2022-02-10 03:40:34,856 INFO Server -> Train: Loss 0.091 | Accuracy = 97.272
2022-02-10 03:40:37,375 INFO Server -> Test: Loss 0.946 | Accuracy = 76.450
2022-02-10 03:40:37,436 INFO ROUND 311
2022-02-10 03:41:43,077 INFO ROUND 312
2022-02-10 03:42:49,184 INFO ROUND 313
2022-02-10 03:43:54,924 INFO ROUND 314
2022-02-10 03:45:00,893 INFO ROUND 315
2022-02-10 03:46:17,241 INFO Server -> Train: Loss 0.094 | Accuracy = 97.304
2022-02-10 03:46:19,817 INFO Server -> Test: Loss 0.899 | Accuracy = 76.570
2022-02-10 03:46:19,874 INFO ROUND 316
2022-02-10 03:47:25,736 INFO ROUND 317
2022-02-10 03:48:31,910 INFO ROUND 318
2022-02-10 03:49:38,242 INFO ROUND 319
2022-02-10 03:50:44,649 INFO ROUND 320
2022-02-10 03:52:00,874 INFO Server -> Train: Loss 0.085 | Accuracy = 97.536
2022-02-10 03:52:03,413 INFO Server -> Test: Loss 0.941 | Accuracy = 76.470
2022-02-10 03:52:03,467 INFO ROUND 321
2022-02-10 03:53:09,924 INFO ROUND 322
2022-02-10 03:54:16,123 INFO ROUND 323
2022-02-10 03:55:22,511 INFO ROUND 324
2022-02-10 03:56:29,165 INFO ROUND 325
2022-02-10 03:57:45,732 INFO Server -> Train: Loss 0.086 | Accuracy = 97.550
2022-02-10 03:57:48,289 INFO Server -> Test: Loss 0.915 | Accuracy = 76.690
2022-02-10 03:57:48,342 INFO ROUND 326
2022-02-10 03:58:55,574 INFO ROUND 327
2022-02-10 04:00:02,495 INFO ROUND 328
2022-02-10 04:01:09,518 INFO ROUND 329
2022-02-10 04:02:17,115 INFO ROUND 330
2022-02-10 04:03:34,645 INFO Server -> Train: Loss 0.072 | Accuracy = 98.220
2022-02-10 04:03:37,173 INFO Server -> Test: Loss 0.924 | Accuracy = 76.770
2022-02-10 04:03:37,228 INFO ROUND 331
2022-02-10 04:04:44,786 INFO ROUND 332
2022-02-10 04:05:52,532 INFO ROUND 333
2022-02-10 04:07:00,061 INFO ROUND 334
2022-02-10 04:08:07,663 INFO ROUND 335
2022-02-10 04:09:25,624 INFO Server -> Train: Loss 0.076 | Accuracy = 97.884
2022-02-10 04:09:28,211 INFO Server -> Test: Loss 0.942 | Accuracy = 76.840
2022-02-10 04:09:28,287 INFO ROUND 336
2022-02-10 04:10:35,989 INFO ROUND 337
2022-02-10 04:11:43,944 INFO ROUND 338
2022-02-10 04:12:52,216 INFO ROUND 339
2022-02-10 04:14:00,577 INFO ROUND 340
2022-02-10 04:15:19,586 INFO Server -> Train: Loss 0.094 | Accuracy = 97.128
2022-02-10 04:15:22,119 INFO Server -> Test: Loss 0.975 | Accuracy = 75.860
2022-02-10 04:15:22,172 INFO ROUND 341
2022-02-10 04:16:30,643 INFO ROUND 342
2022-02-10 04:17:38,449 INFO ROUND 343
2022-02-10 04:18:44,396 INFO ROUND 344
2022-02-10 04:19:50,481 INFO ROUND 345
2022-02-10 04:21:06,591 INFO Server -> Train: Loss 0.078 | Accuracy = 97.752
2022-02-10 04:21:09,057 INFO Server -> Test: Loss 0.959 | Accuracy = 76.410
2022-02-10 04:21:09,109 INFO ROUND 346
2022-02-10 04:22:15,598 INFO ROUND 347
2022-02-10 04:23:22,271 INFO ROUND 348
2022-02-10 04:24:29,017 INFO ROUND 349
2022-02-10 04:25:35,660 INFO ROUND 350
2022-02-10 04:26:51,881 INFO Server -> Train: Loss 0.088 | Accuracy = 97.436
2022-02-10 04:26:54,341 INFO Server -> Test: Loss 0.987 | Accuracy = 75.710
2022-02-10 04:26:54,392 INFO ROUND 351
2022-02-10 04:28:01,650 INFO ROUND 352
2022-02-10 04:29:08,637 INFO ROUND 353
2022-02-10 04:30:15,533 INFO ROUND 354
2022-02-10 04:31:22,791 INFO ROUND 355
2022-02-10 04:32:39,576 INFO Server -> Train: Loss 0.074 | Accuracy = 97.916
2022-02-10 04:32:42,036 INFO Server -> Test: Loss 0.967 | Accuracy = 76.460
2022-02-10 04:32:42,085 INFO ROUND 356
2022-02-10 04:33:49,476 INFO ROUND 357
2022-02-10 04:34:57,077 INFO ROUND 358
2022-02-10 04:36:04,604 INFO ROUND 359
2022-02-10 04:37:12,270 INFO ROUND 360
2022-02-10 04:38:29,769 INFO Server -> Train: Loss 0.092 | Accuracy = 97.028
2022-02-10 04:38:32,190 INFO Server -> Test: Loss 0.960 | Accuracy = 76.400
2022-02-10 04:38:32,241 INFO ROUND 361
2022-02-10 04:39:39,932 INFO ROUND 362
2022-02-10 04:40:48,177 INFO ROUND 363
2022-02-10 04:41:56,354 INFO ROUND 364
2022-02-10 04:43:04,776 INFO ROUND 365
2022-02-10 04:44:22,575 INFO Server -> Train: Loss 0.061 | Accuracy = 98.528
2022-02-10 04:44:25,125 INFO Server -> Test: Loss 0.955 | Accuracy = 76.650
2022-02-10 04:44:25,175 INFO ROUND 366
2022-02-10 04:45:34,070 INFO ROUND 367
2022-02-10 04:46:43,170 INFO ROUND 368
2022-02-10 04:47:51,954 INFO ROUND 369
2022-02-10 04:49:01,749 INFO ROUND 370
2022-02-10 04:50:20,766 INFO Server -> Train: Loss 0.066 | Accuracy = 98.162
2022-02-10 04:50:23,313 INFO Server -> Test: Loss 0.963 | Accuracy = 76.720
2022-02-10 04:50:23,381 INFO ROUND 371
2022-02-10 04:51:33,371 INFO ROUND 372
2022-02-10 04:52:43,367 INFO ROUND 373
2022-02-10 04:53:53,249 INFO ROUND 374
2022-02-10 04:55:03,309 INFO ROUND 375
2022-02-10 04:56:23,042 INFO Server -> Train: Loss 0.083 | Accuracy = 97.418
2022-02-10 04:56:25,517 INFO Server -> Test: Loss 0.986 | Accuracy = 76.230
2022-02-10 04:56:25,566 INFO ROUND 376
2022-02-10 04:57:35,797 INFO ROUND 377
2022-02-10 04:58:46,205 INFO ROUND 378
2022-02-10 04:59:56,556 INFO ROUND 379
2022-02-10 05:01:06,990 INFO ROUND 380
2022-02-10 05:02:27,158 INFO Server -> Train: Loss 0.059 | Accuracy = 98.588
2022-02-10 05:02:29,607 INFO Server -> Test: Loss 0.964 | Accuracy = 76.880
2022-02-10 05:02:29,659 INFO ROUND 381
2022-02-10 05:03:40,979 INFO ROUND 382
2022-02-10 05:04:52,118 INFO ROUND 383
2022-02-10 05:06:03,023 INFO ROUND 384
2022-02-10 05:07:14,161 INFO ROUND 385
2022-02-10 05:08:34,953 INFO Server -> Train: Loss 0.057 | Accuracy = 98.648
2022-02-10 05:08:37,476 INFO Server -> Test: Loss 0.962 | Accuracy = 76.550
2022-02-10 05:08:37,525 INFO ROUND 386
2022-02-10 05:09:49,155 INFO ROUND 387
2022-02-10 05:11:00,667 INFO ROUND 388
2022-02-10 05:12:12,370 INFO ROUND 389
2022-02-10 05:13:24,131 INFO ROUND 390
2022-02-10 05:14:45,771 INFO Server -> Train: Loss 0.068 | Accuracy = 98.134
2022-02-10 05:14:48,288 INFO Server -> Test: Loss 0.989 | Accuracy = 76.140
2022-02-10 05:14:48,339 INFO ROUND 391
2022-02-10 05:16:00,414 INFO ROUND 392
2022-02-10 05:17:12,799 INFO ROUND 393
2022-02-10 05:18:25,153 INFO ROUND 394
2022-02-10 05:19:37,799 INFO ROUND 395
2022-02-10 05:21:00,066 INFO Server -> Train: Loss 0.053 | Accuracy = 98.840
2022-02-10 05:21:02,614 INFO Server -> Test: Loss 0.974 | Accuracy = 76.490
2022-02-10 05:21:02,669 INFO ROUND 396
2022-02-10 05:22:15,461 INFO ROUND 397
2022-02-10 05:23:28,388 INFO ROUND 398
2022-02-10 05:24:41,314 INFO ROUND 399
2022-02-10 05:25:54,335 INFO ROUND 400
2022-02-10 05:27:21,790 INFO Server -> Train: Loss 0.058 | Accuracy = 98.510
2022-02-10 05:27:24,378 INFO Server -> Test: Loss 0.985 | Accuracy = 76.380
2022-02-10 05:27:24,429 INFO ROUND 401
2022-02-10 05:28:38,199 INFO ROUND 402
2022-02-10 05:29:52,013 INFO ROUND 403
2022-02-10 05:31:05,950 INFO ROUND 404
2022-02-10 05:32:20,140 INFO ROUND 405
2022-02-10 05:33:43,923 INFO Server -> Train: Loss 0.060 | Accuracy = 98.462
2022-02-10 05:33:46,480 INFO Server -> Test: Loss 0.965 | Accuracy = 76.180
2022-02-10 05:33:46,537 INFO ROUND 406
2022-02-10 05:35:00,673 INFO ROUND 407
2022-02-10 05:36:14,853 INFO ROUND 408
2022-02-10 05:37:29,156 INFO ROUND 409
2022-02-10 05:38:43,254 INFO ROUND 410
2022-02-10 05:40:06,780 INFO Server -> Train: Loss 0.076 | Accuracy = 97.696
2022-02-10 05:40:09,311 INFO Server -> Test: Loss 1.002 | Accuracy = 75.880
2022-02-10 05:40:09,362 INFO ROUND 411
2022-02-10 05:41:24,109 INFO ROUND 412
2022-02-10 05:42:38,684 INFO ROUND 413
2022-02-10 05:43:53,296 INFO ROUND 414
2022-02-10 05:45:08,388 INFO ROUND 415
2022-02-10 05:46:32,967 INFO Server -> Train: Loss 0.051 | Accuracy = 98.946
2022-02-10 05:46:35,596 INFO Server -> Test: Loss 0.944 | Accuracy = 76.710
2022-02-10 05:46:35,646 INFO ROUND 416
2022-02-10 05:47:51,052 INFO ROUND 417
2022-02-10 05:49:06,589 INFO ROUND 418
2022-02-10 05:50:23,078 INFO ROUND 419
2022-02-10 05:51:38,926 INFO ROUND 420
2022-02-10 05:53:04,363 INFO Server -> Train: Loss 0.050 | Accuracy = 98.832
2022-02-10 05:53:06,962 INFO Server -> Test: Loss 0.975 | Accuracy = 76.650
2022-02-10 05:53:07,026 INFO ROUND 421
2022-02-10 05:54:23,336 INFO ROUND 422
2022-02-10 05:55:39,521 INFO ROUND 423
2022-02-10 05:56:55,941 INFO ROUND 424
2022-02-10 05:58:12,894 INFO ROUND 425
2022-02-10 05:59:40,073 INFO Server -> Train: Loss 0.045 | Accuracy = 99.128
2022-02-10 05:59:42,691 INFO Server -> Test: Loss 0.980 | Accuracy = 76.420
2022-02-10 05:59:42,742 INFO ROUND 426
2022-02-10 06:01:00,140 INFO ROUND 427
2022-02-10 06:02:17,857 INFO ROUND 428
2022-02-10 06:03:34,958 INFO ROUND 429
2022-02-10 06:04:52,857 INFO ROUND 430
2022-02-10 06:06:20,236 INFO Server -> Train: Loss 0.049 | Accuracy = 98.920
2022-02-10 06:06:22,853 INFO Server -> Test: Loss 0.984 | Accuracy = 76.320
2022-02-10 06:06:22,913 INFO ROUND 431
2022-02-10 06:07:41,555 INFO ROUND 432
2022-02-10 06:08:59,718 INFO ROUND 433
2022-02-10 06:10:17,308 INFO ROUND 434
2022-02-10 06:11:35,515 INFO ROUND 435
2022-02-10 06:13:03,420 INFO Server -> Train: Loss 0.053 | Accuracy = 98.852
2022-02-10 06:13:06,113 INFO Server -> Test: Loss 0.987 | Accuracy = 76.100
2022-02-10 06:13:06,165 INFO ROUND 436
2022-02-10 06:14:25,230 INFO ROUND 437
2022-02-10 06:15:43,251 INFO ROUND 438
2022-02-10 06:17:02,350 INFO ROUND 439
2022-02-10 06:18:21,371 INFO ROUND 440
2022-02-10 06:19:49,849 INFO Server -> Train: Loss 0.045 | Accuracy = 99.046
2022-02-10 06:19:52,437 INFO Server -> Test: Loss 0.984 | Accuracy = 76.630
2022-02-10 06:19:52,486 INFO ROUND 441
2022-02-10 06:21:12,158 INFO ROUND 442
2022-02-10 06:22:31,948 INFO ROUND 443
2022-02-10 06:23:51,190 INFO ROUND 444
2022-02-10 06:25:10,681 INFO ROUND 445
2022-02-10 06:26:40,198 INFO Server -> Train: Loss 0.042 | Accuracy = 99.218
2022-02-10 06:26:42,853 INFO Server -> Test: Loss 0.980 | Accuracy = 76.750
2022-02-10 06:26:42,905 INFO ROUND 446
2022-02-10 06:28:02,848 INFO ROUND 447
2022-02-10 06:29:23,259 INFO ROUND 448
2022-02-10 06:30:43,447 INFO ROUND 449
2022-02-10 06:32:03,496 INFO ROUND 450
2022-02-10 06:33:33,881 INFO Server -> Train: Loss 0.053 | Accuracy = 98.702
2022-02-10 06:33:36,486 INFO Server -> Test: Loss 0.995 | Accuracy = 76.030
2022-02-10 06:33:36,537 INFO ROUND 451
2022-02-10 06:34:57,120 INFO ROUND 452
2022-02-10 06:36:17,711 INFO ROUND 453
2022-02-10 06:37:38,454 INFO ROUND 454
2022-02-10 06:38:59,543 INFO ROUND 455
2022-02-10 06:40:29,808 INFO Server -> Train: Loss 0.041 | Accuracy = 99.238
2022-02-10 06:40:32,444 INFO Server -> Test: Loss 0.985 | Accuracy = 76.600
2022-02-10 06:40:32,497 INFO ROUND 456
2022-02-10 06:41:53,295 INFO ROUND 457
2022-02-10 06:43:14,513 INFO ROUND 458
2022-02-10 06:44:35,838 INFO ROUND 459
2022-02-10 06:45:56,739 INFO ROUND 460
2022-02-10 06:47:27,633 INFO Server -> Train: Loss 0.034 | Accuracy = 99.476
2022-02-10 06:47:30,297 INFO Server -> Test: Loss 0.971 | Accuracy = 76.830
2022-02-10 06:47:30,353 INFO ROUND 461
2022-02-10 06:48:52,326 INFO ROUND 462
2022-02-10 06:50:13,681 INFO ROUND 463
2022-02-10 06:51:34,906 INFO ROUND 464
2022-02-10 06:52:56,883 INFO ROUND 465
2022-02-10 06:54:28,647 INFO Server -> Train: Loss 0.039 | Accuracy = 99.256
2022-02-10 06:54:31,358 INFO Server -> Test: Loss 0.992 | Accuracy = 76.430
2022-02-10 06:54:31,410 INFO ROUND 466
2022-02-10 06:55:53,580 INFO ROUND 467
2022-02-10 06:57:15,886 INFO ROUND 468
2022-02-10 06:58:37,832 INFO ROUND 469
2022-02-10 07:00:00,399 INFO ROUND 470
2022-02-10 07:01:32,894 INFO Server -> Train: Loss 0.047 | Accuracy = 98.910
2022-02-10 07:01:35,549 INFO Server -> Test: Loss 0.969 | Accuracy = 76.740
2022-02-10 07:01:35,605 INFO ROUND 471
2022-02-10 07:02:58,809 INFO ROUND 472
2022-02-10 07:04:21,950 INFO ROUND 473
2022-02-10 07:05:44,727 INFO ROUND 474
2022-02-10 07:07:08,128 INFO ROUND 475
2022-02-10 07:08:41,556 INFO Server -> Train: Loss 0.037 | Accuracy = 99.410
2022-02-10 07:08:44,239 INFO Server -> Test: Loss 0.972 | Accuracy = 76.490
2022-02-10 07:08:44,290 INFO ROUND 476
2022-02-10 07:10:07,591 INFO ROUND 477
2022-02-10 07:11:30,595 INFO ROUND 478
2022-02-10 07:12:53,979 INFO ROUND 479
2022-02-10 07:14:17,886 INFO ROUND 480
2022-02-10 07:15:50,613 INFO Server -> Train: Loss 0.032 | Accuracy = 99.514
2022-02-10 07:15:53,347 INFO Server -> Test: Loss 0.978 | Accuracy = 76.690
2022-02-10 07:15:53,417 INFO ROUND 481
2022-02-10 07:17:17,153 INFO ROUND 482
2022-02-10 07:18:41,473 INFO ROUND 483
2022-02-10 07:20:05,269 INFO ROUND 484
2022-02-10 07:21:29,393 INFO ROUND 485
2022-02-10 07:23:03,320 INFO Server -> Train: Loss 0.033 | Accuracy = 99.534
2022-02-10 07:23:06,023 INFO Server -> Test: Loss 0.982 | Accuracy = 76.710
2022-02-10 07:23:06,083 INFO ROUND 486
2022-02-10 07:24:32,609 INFO ROUND 487
2022-02-10 07:25:57,758 INFO ROUND 488
2022-02-10 07:27:22,307 INFO ROUND 489
2022-02-10 07:28:47,599 INFO ROUND 490
2022-02-10 07:30:23,847 INFO Server -> Train: Loss 0.034 | Accuracy = 99.426
2022-02-10 07:30:26,661 INFO Server -> Test: Loss 0.988 | Accuracy = 76.310
2022-02-10 07:30:26,725 INFO ROUND 491
2022-02-10 07:31:52,526 INFO ROUND 492
2022-02-10 07:33:18,066 INFO ROUND 493
2022-02-10 07:34:43,689 INFO ROUND 494
2022-02-10 07:36:09,465 INFO ROUND 495
2022-02-10 07:37:44,680 INFO Server -> Train: Loss 0.030 | Accuracy = 99.636
2022-02-10 07:37:47,366 INFO Server -> Test: Loss 0.981 | Accuracy = 76.860
2022-02-10 07:37:47,420 INFO ROUND 496
2022-02-10 07:39:14,145 INFO ROUND 497
2022-02-10 07:40:40,215 INFO ROUND 498
2022-02-10 07:42:06,177 INFO ROUND 499
2022-02-10 07:43:32,689 INFO ROUND 500
2022-02-10 07:45:09,938 INFO Server -> Train: Loss 0.036 | Accuracy = 99.338
2022-02-10 07:45:12,674 INFO Server -> Test: Loss 0.988 | Accuracy = 76.650
2022-02-10 07:45:12,730 INFO ROUND 501
2022-02-10 07:46:39,572 INFO ROUND 502
2022-02-10 07:48:06,717 INFO ROUND 503
2022-02-10 07:49:33,845 INFO ROUND 504
2022-02-10 07:51:00,778 INFO ROUND 505
2022-02-10 07:52:37,507 INFO Server -> Train: Loss 0.032 | Accuracy = 99.478
2022-02-10 07:52:40,231 INFO Server -> Test: Loss 0.999 | Accuracy = 76.700
