2022-02-08 09:17:46,150 INFO Client samples sizes: [1000 1000 1000 1000 1000 1000 1000 1000 1000 1000 1000 1000 1000 1000
 1000 1000 1000 1000 1000 1000 1000 1000 1000 1000 1000 1000 1000 1000
 1000 1000 1000 1000 1000 1000 1000 1000 1000 1000 1000 1000 1000 1000
 1000 1000 1000 1000 1000 1000 1000 1000], total: 50000
2022-02-08 09:17:58,947 INFO ROUND 1
2022-02-08 09:19:05,807 INFO ROUND 2
2022-02-08 09:20:12,447 INFO ROUND 3
2022-02-08 09:21:19,046 INFO ROUND 4
2022-02-08 09:22:25,859 INFO ROUND 5
2022-02-08 09:23:43,800 INFO Server -> Train: Loss 1.814 | Accuracy = 33.702
2022-02-08 09:23:45,996 INFO Server -> Test: Loss 1.816 | Accuracy = 33.880
2022-02-08 09:23:46,897 INFO ROUND 6
2022-02-08 09:24:55,056 INFO ROUND 7
2022-02-08 09:26:05,244 INFO ROUND 8
2022-02-08 09:27:15,723 INFO ROUND 9
2022-02-08 09:28:26,532 INFO ROUND 10
2022-02-08 09:29:48,684 INFO Server -> Train: Loss 1.549 | Accuracy = 47.414
2022-02-08 09:29:50,899 INFO Server -> Test: Loss 1.565 | Accuracy = 46.070
2022-02-08 09:29:51,495 INFO ROUND 11
2022-02-08 09:31:03,706 INFO ROUND 12
2022-02-08 09:32:16,709 INFO ROUND 13
2022-02-08 09:33:29,640 INFO ROUND 14
2022-02-08 09:34:41,700 INFO ROUND 15
2022-02-08 09:36:04,787 INFO Server -> Train: Loss 1.389 | Accuracy = 51.072
2022-02-08 09:36:06,911 INFO Server -> Test: Loss 1.449 | Accuracy = 49.210
2022-02-08 09:36:07,386 INFO ROUND 16
2022-02-08 09:37:21,201 INFO ROUND 17
2022-02-08 09:38:35,576 INFO ROUND 18
2022-02-08 09:39:50,525 INFO ROUND 19
2022-02-08 09:41:10,656 INFO ROUND 20
2022-02-08 09:42:37,259 INFO Server -> Train: Loss 1.273 | Accuracy = 55.734
2022-02-08 09:42:39,387 INFO Server -> Test: Loss 1.388 | Accuracy = 52.150
2022-02-08 09:42:39,913 INFO ROUND 21
2022-02-08 09:43:57,095 INFO ROUND 22
2022-02-08 09:45:14,960 INFO ROUND 23
2022-02-08 09:46:34,309 INFO ROUND 24
2022-02-08 09:47:55,637 INFO ROUND 25
2022-02-08 09:49:27,015 INFO Server -> Train: Loss 1.235 | Accuracy = 57.292
2022-02-08 09:49:29,149 INFO Server -> Test: Loss 1.399 | Accuracy = 52.680
2022-02-08 10:00:40,245 INFO ROUND 26
2022-02-08 10:01:44,670 INFO ROUND 27
2022-02-08 10:02:49,383 INFO ROUND 28
2022-02-08 10:03:55,245 INFO ROUND 29
2022-02-08 10:05:01,447 INFO ROUND 30
2022-02-08 10:06:17,588 INFO Server -> Train: Loss 1.143 | Accuracy = 60.260
2022-02-08 10:06:19,998 INFO Server -> Test: Loss 1.339 | Accuracy = 53.880
2022-02-08 10:06:20,276 INFO ROUND 31
2022-02-08 10:07:27,469 INFO ROUND 32
2022-02-08 10:08:36,782 INFO ROUND 33
2022-02-08 10:09:45,473 INFO ROUND 34
2022-02-08 10:10:54,724 INFO ROUND 35
2022-02-08 10:12:14,707 INFO Server -> Train: Loss 1.134 | Accuracy = 60.758
2022-02-08 10:12:16,857 INFO Server -> Test: Loss 1.406 | Accuracy = 53.540
2022-02-08 10:12:16,904 INFO ROUND 36
2022-02-08 10:13:27,727 INFO ROUND 37
2022-02-08 10:14:39,532 INFO ROUND 38
2022-02-08 10:15:51,970 INFO ROUND 39
2022-02-08 10:17:05,125 INFO ROUND 40
2022-02-08 10:18:28,915 INFO Server -> Train: Loss 0.957 | Accuracy = 67.272
2022-02-08 10:18:31,040 INFO Server -> Test: Loss 1.310 | Accuracy = 57.560
2022-02-08 10:18:31,108 INFO ROUND 41
2022-02-08 10:19:45,662 INFO ROUND 42
2022-02-08 10:21:00,406 INFO ROUND 43
2022-02-08 10:22:16,308 INFO ROUND 44
2022-02-08 10:23:35,037 INFO ROUND 45
2022-02-08 10:25:02,517 INFO Server -> Train: Loss 1.007 | Accuracy = 66.240
2022-02-08 10:25:04,710 INFO Server -> Test: Loss 1.433 | Accuracy = 55.990
2022-02-08 10:25:04,756 INFO ROUND 46
2022-02-08 10:26:22,829 INFO ROUND 47
2022-02-08 10:27:41,730 INFO ROUND 48
2022-02-08 10:29:01,160 INFO ROUND 49
2022-02-08 10:30:21,213 INFO ROUND 50
2022-02-08 10:31:51,798 INFO Server -> Train: Loss 0.919 | Accuracy = 68.912
2022-02-08 10:31:53,943 INFO Server -> Test: Loss 1.395 | Accuracy = 57.370
2022-02-08 10:31:54,006 INFO ROUND 51
2022-02-08 10:33:14,991 INFO ROUND 52
2022-02-08 10:34:37,264 INFO ROUND 53
2022-02-08 10:35:59,970 INFO ROUND 54
2022-02-08 10:37:23,780 INFO ROUND 55
2022-02-08 10:38:58,427 INFO Server -> Train: Loss 0.848 | Accuracy = 70.988
2022-02-08 10:39:00,570 INFO Server -> Test: Loss 1.368 | Accuracy = 58.300
2022-02-08 10:39:00,618 INFO ROUND 56
2022-02-08 10:40:25,830 INFO ROUND 57
2022-02-08 10:41:54,431 INFO ROUND 58
2022-02-08 10:43:21,385 INFO ROUND 59
2022-02-08 10:44:49,418 INFO ROUND 60
2022-02-08 10:46:27,470 INFO Server -> Train: Loss 0.789 | Accuracy = 73.206
2022-02-08 10:46:29,723 INFO Server -> Test: Loss 1.372 | Accuracy = 59.640
2022-02-08 10:46:29,790 INFO ROUND 61
2022-02-08 10:47:59,394 INFO ROUND 62
2022-02-08 10:49:29,415 INFO ROUND 63
2022-02-08 10:51:00,725 INFO ROUND 64
2022-02-08 10:52:32,807 INFO ROUND 65
2022-02-08 10:54:15,565 INFO Server -> Train: Loss 0.792 | Accuracy = 73.450
2022-02-08 10:54:17,792 INFO Server -> Test: Loss 1.428 | Accuracy = 58.780
2022-02-08 10:54:17,842 INFO ROUND 66
2022-02-08 10:55:51,293 INFO ROUND 67
2022-02-08 10:57:25,296 INFO ROUND 68
2022-02-08 10:58:59,580 INFO ROUND 69
2022-02-08 11:00:35,222 INFO ROUND 70
2022-02-08 11:02:21,846 INFO Server -> Train: Loss 0.794 | Accuracy = 73.296
2022-02-08 11:02:24,143 INFO Server -> Test: Loss 1.461 | Accuracy = 57.710
2022-02-08 11:02:24,209 INFO ROUND 71
2022-02-08 11:04:01,526 INFO ROUND 72
2022-02-08 11:05:38,797 INFO ROUND 73
2022-02-08 11:07:17,380 INFO ROUND 74
2022-02-08 11:08:59,813 INFO ROUND 75
2022-02-08 11:10:50,333 INFO Server -> Train: Loss 0.773 | Accuracy = 73.680
2022-02-08 11:10:52,644 INFO Server -> Test: Loss 1.458 | Accuracy = 58.230
2022-02-08 11:10:52,694 INFO ROUND 76
2022-02-08 11:12:34,433 INFO ROUND 77
2022-02-08 11:14:17,101 INFO ROUND 78
2022-02-08 11:16:00,770 INFO ROUND 79
2022-02-08 11:17:44,808 INFO ROUND 80
2022-02-08 11:19:39,871 INFO Server -> Train: Loss 0.803 | Accuracy = 73.956
2022-02-08 11:19:42,150 INFO Server -> Test: Loss 1.606 | Accuracy = 58.180
2022-02-08 11:19:42,214 INFO ROUND 81
2022-02-08 11:21:27,559 INFO ROUND 82
2022-02-08 11:23:13,985 INFO ROUND 83
2022-02-08 11:25:02,094 INFO ROUND 84
2022-02-08 11:26:50,642 INFO ROUND 85
2022-02-08 11:28:49,845 INFO Server -> Train: Loss 0.738 | Accuracy = 75.142
2022-02-08 11:28:52,104 INFO Server -> Test: Loss 1.519 | Accuracy = 58.250
2022-02-08 11:28:52,152 INFO ROUND 86
2022-02-08 11:30:42,183 INFO ROUND 87
2022-02-08 11:32:32,544 INFO ROUND 88
2022-02-08 11:34:23,783 INFO ROUND 89
2022-02-08 11:36:15,984 INFO ROUND 90
2022-02-08 11:38:18,286 INFO Server -> Train: Loss 0.727 | Accuracy = 75.186
2022-02-08 11:38:20,583 INFO Server -> Test: Loss 1.542 | Accuracy = 57.530
2022-02-08 11:38:20,648 INFO ROUND 91
2022-02-08 11:40:14,270 INFO ROUND 92
2022-02-08 11:42:08,141 INFO ROUND 93
2022-02-08 11:44:02,845 INFO ROUND 94
2022-02-08 11:46:00,779 INFO ROUND 95
2022-02-08 11:48:07,336 INFO Server -> Train: Loss 0.653 | Accuracy = 77.940
2022-02-08 11:48:09,727 INFO Server -> Test: Loss 1.519 | Accuracy = 59.440
2022-02-08 11:48:09,778 INFO ROUND 96
2022-02-08 11:50:07,384 INFO ROUND 97
2022-02-08 11:52:05,134 INFO ROUND 98
2022-02-08 11:54:04,222 INFO ROUND 99
2022-02-08 11:56:03,510 INFO ROUND 100
2022-02-08 11:58:14,736 INFO Server -> Train: Loss 0.719 | Accuracy = 76.306
2022-02-08 11:58:17,176 INFO Server -> Test: Loss 1.645 | Accuracy = 58.570
2022-02-08 11:58:17,241 INFO ROUND 101
2022-02-08 12:00:18,941 INFO ROUND 102
2022-02-08 12:02:20,533 INFO ROUND 103
2022-02-08 12:04:22,559 INFO ROUND 104
2022-02-08 12:06:25,495 INFO ROUND 105
2022-02-08 12:08:38,111 INFO Server -> Train: Loss 0.597 | Accuracy = 79.504
2022-02-08 12:08:40,504 INFO Server -> Test: Loss 1.528 | Accuracy = 59.420
2022-02-08 12:08:40,551 INFO ROUND 106
2022-02-08 12:10:43,619 INFO ROUND 107
2022-02-08 12:12:47,989 INFO ROUND 108
2022-02-08 12:14:52,915 INFO ROUND 109
2022-02-08 12:16:59,492 INFO ROUND 110
2022-02-08 12:19:17,047 INFO Server -> Train: Loss 0.602 | Accuracy = 79.252
2022-02-08 12:19:19,505 INFO Server -> Test: Loss 1.467 | Accuracy = 59.880
2022-02-08 12:19:19,572 INFO ROUND 111
2022-02-08 12:21:27,354 INFO ROUND 112
2022-02-08 12:23:36,112 INFO ROUND 113
2022-02-08 12:25:46,628 INFO ROUND 114
2022-02-08 12:27:56,800 INFO ROUND 115
2022-02-08 12:30:17,379 INFO Server -> Train: Loss 0.580 | Accuracy = 80.080
2022-02-08 12:30:19,717 INFO Server -> Test: Loss 1.560 | Accuracy = 59.550
2022-02-08 12:30:19,766 INFO ROUND 116
2022-02-08 12:32:29,874 INFO ROUND 117
2022-02-08 12:34:40,999 INFO ROUND 118
2022-02-08 12:36:55,023 INFO ROUND 119
2022-02-08 12:39:07,999 INFO ROUND 120
2022-02-08 12:41:33,568 INFO Server -> Train: Loss 0.666 | Accuracy = 77.258
2022-02-08 12:41:36,004 INFO Server -> Test: Loss 1.596 | Accuracy = 58.190
2022-02-08 12:41:36,062 INFO ROUND 121
2022-02-08 12:43:52,201 INFO ROUND 122
2022-02-08 12:46:08,709 INFO ROUND 123
2022-02-08 12:48:25,305 INFO ROUND 124
2022-02-08 12:50:42,911 INFO ROUND 125
2022-02-08 12:53:10,307 INFO Server -> Train: Loss 0.565 | Accuracy = 80.568
2022-02-08 12:53:12,712 INFO Server -> Test: Loss 1.611 | Accuracy = 59.850
2022-02-08 12:53:12,758 INFO ROUND 126
2022-02-08 12:55:30,965 INFO ROUND 127
2022-02-08 12:57:49,617 INFO ROUND 128
2022-02-08 13:00:09,605 INFO ROUND 129
2022-02-08 13:02:30,346 INFO ROUND 130
2022-02-08 13:05:03,026 INFO Server -> Train: Loss 0.533 | Accuracy = 81.236
2022-02-08 13:05:05,654 INFO Server -> Test: Loss 1.525 | Accuracy = 59.640
2022-02-08 13:05:05,704 INFO ROUND 131
2022-02-08 13:07:27,665 INFO ROUND 132
2022-02-08 13:09:50,274 INFO ROUND 133
2022-02-08 13:12:13,618 INFO ROUND 134
2022-02-08 13:14:37,266 INFO ROUND 135
2022-02-08 13:17:12,684 INFO Server -> Train: Loss 0.537 | Accuracy = 81.342
2022-02-08 13:17:15,162 INFO Server -> Test: Loss 1.606 | Accuracy = 60.050
2022-02-08 13:17:15,207 INFO ROUND 136
2022-02-08 13:19:41,487 INFO ROUND 137
2022-02-08 13:22:08,846 INFO ROUND 138
2022-02-08 13:24:35,881 INFO ROUND 139
2022-02-08 13:27:04,133 INFO ROUND 140
2022-02-08 13:29:42,965 INFO Server -> Train: Loss 0.576 | Accuracy = 80.196
2022-02-08 13:29:45,442 INFO Server -> Test: Loss 1.654 | Accuracy = 59.490
2022-02-08 13:29:45,489 INFO ROUND 141
2022-02-08 13:32:15,461 INFO ROUND 142
2022-02-08 13:34:46,750 INFO ROUND 143
2022-02-08 13:37:20,806 INFO ROUND 144
2022-02-08 13:39:56,312 INFO ROUND 145
2022-02-08 13:42:43,513 INFO Server -> Train: Loss 0.523 | Accuracy = 81.962
2022-02-08 13:42:46,157 INFO Server -> Test: Loss 1.651 | Accuracy = 60.530
2022-02-08 13:42:46,207 INFO ROUND 146
2022-02-08 13:45:23,735 INFO ROUND 147
2022-02-08 13:48:01,309 INFO ROUND 148
2022-02-08 13:50:43,385 INFO ROUND 149
2022-02-08 13:53:24,684 INFO ROUND 150
2022-02-08 13:56:15,815 INFO Server -> Train: Loss 0.459 | Accuracy = 83.784
2022-02-08 13:56:18,402 INFO Server -> Test: Loss 1.532 | Accuracy = 60.540
2022-02-08 13:56:18,448 INFO ROUND 151
2022-02-08 13:58:59,638 INFO ROUND 152
2022-02-08 14:01:39,715 INFO ROUND 153
2022-02-08 14:04:20,548 INFO ROUND 154
2022-02-08 14:07:03,772 INFO ROUND 155
2022-02-08 14:09:56,791 INFO Server -> Train: Loss 0.522 | Accuracy = 81.504
2022-02-08 14:09:59,368 INFO Server -> Test: Loss 1.630 | Accuracy = 58.880
2022-02-08 14:09:59,414 INFO ROUND 156
2022-02-08 14:12:46,249 INFO ROUND 157
2022-02-08 14:15:31,151 INFO ROUND 158
2022-02-08 14:18:15,150 INFO ROUND 159
2022-02-08 14:20:59,859 INFO ROUND 160
2022-02-08 14:23:57,003 INFO Server -> Train: Loss 0.471 | Accuracy = 83.416
2022-02-08 14:23:59,596 INFO Server -> Test: Loss 1.588 | Accuracy = 60.140
2022-02-08 14:23:59,644 INFO ROUND 161
2022-02-08 14:26:46,780 INFO ROUND 162
2022-02-08 14:29:35,762 INFO ROUND 163
2022-02-08 14:32:24,856 INFO ROUND 164
2022-02-08 14:35:15,594 INFO ROUND 165
2022-02-08 14:38:17,000 INFO Server -> Train: Loss 0.490 | Accuracy = 82.580
2022-02-08 14:38:19,632 INFO Server -> Test: Loss 1.585 | Accuracy = 59.980
2022-02-08 14:38:19,678 INFO ROUND 166
2022-02-08 14:41:12,215 INFO ROUND 167
2022-02-08 14:44:06,128 INFO ROUND 168
2022-02-08 14:47:02,635 INFO ROUND 169
2022-02-08 14:49:58,788 INFO ROUND 170
2022-02-08 14:53:05,908 INFO Server -> Train: Loss 0.487 | Accuracy = 82.806
2022-02-08 14:53:08,623 INFO Server -> Test: Loss 1.662 | Accuracy = 60.290
2022-02-08 14:53:08,670 INFO ROUND 171
2022-02-08 14:56:06,456 INFO ROUND 172
2022-02-08 14:59:04,223 INFO ROUND 173
2022-02-08 15:02:05,808 INFO ROUND 174
2022-02-08 15:05:08,447 INFO ROUND 175
2022-02-08 15:08:22,953 INFO Server -> Train: Loss 0.438 | Accuracy = 84.522
2022-02-08 15:08:25,755 INFO Server -> Test: Loss 1.605 | Accuracy = 60.360
2022-02-08 15:08:25,829 INFO ROUND 176
2022-02-08 15:11:26,846 INFO ROUND 177
2022-02-08 15:14:27,623 INFO ROUND 178
2022-02-08 15:17:28,791 INFO ROUND 179
2022-02-08 15:20:31,431 INFO ROUND 180
2022-02-08 15:23:46,185 INFO Server -> Train: Loss 0.430 | Accuracy = 84.656
2022-02-08 15:23:48,931 INFO Server -> Test: Loss 1.628 | Accuracy = 60.630
2022-02-08 15:23:48,978 INFO ROUND 181
2022-02-08 15:26:56,713 INFO ROUND 182
2022-02-08 15:30:01,598 INFO ROUND 183
2022-02-08 15:33:08,041 INFO ROUND 184
2022-02-08 15:36:13,438 INFO ROUND 185
2022-02-08 15:39:35,318 INFO Server -> Train: Loss 0.487 | Accuracy = 82.414
2022-02-08 15:39:38,049 INFO Server -> Test: Loss 1.646 | Accuracy = 59.740
2022-02-08 15:39:38,108 INFO ROUND 186
2022-02-08 15:42:45,381 INFO ROUND 187
2022-02-08 15:45:53,445 INFO ROUND 188
2022-02-08 15:49:03,105 INFO ROUND 189
2022-02-08 15:52:12,860 INFO ROUND 190
2022-02-08 15:55:34,481 INFO Server -> Train: Loss 0.455 | Accuracy = 83.954
2022-02-08 15:55:37,257 INFO Server -> Test: Loss 1.623 | Accuracy = 60.410
2022-02-08 15:55:37,305 INFO ROUND 191
2022-02-08 15:58:49,077 INFO ROUND 192
2022-02-08 16:02:01,023 INFO ROUND 193
2022-02-08 16:05:14,034 INFO ROUND 194
2022-02-08 16:08:27,883 INFO ROUND 195
