2022-02-08 17:40:42,622 INFO Client samples sizes: [1000 1000 1000 1000 1000 1000 1000 1000 1000 1000 1000 1000 1000 1000
 1000 1000 1000 1000 1000 1000 1000 1000 1000 1000 1000 1000 1000 1000
 1000 1000 1000 1000 1000 1000 1000 1000 1000 1000 1000 1000 1000 1000
 1000 1000 1000 1000 1000 1000 1000 1000], total: 50000
2022-02-08 17:41:07,444 INFO ROUND 1
2022-02-08 17:41:31,021 INFO ROUND 2
2022-02-08 17:41:54,293 INFO ROUND 3
2022-02-08 17:42:18,433 INFO ROUND 4
2022-02-08 17:42:42,254 INFO ROUND 5
2022-02-08 17:43:14,602 INFO Server -> Train: Loss 1.960 | Accuracy = 25.882
2022-02-08 17:43:16,481 INFO Server -> Test: Loss 1.957 | Accuracy = 25.910
2022-02-08 17:43:16,512 INFO ROUND 6
2022-02-08 17:43:40,066 INFO ROUND 7
2022-02-08 17:44:03,846 INFO ROUND 8
2022-02-08 17:44:27,689 INFO ROUND 9
2022-02-08 17:44:51,465 INFO ROUND 10
2022-02-08 17:45:24,377 INFO Server -> Train: Loss 2.118 | Accuracy = 23.842
2022-02-08 17:45:26,217 INFO Server -> Test: Loss 2.112 | Accuracy = 23.570
2022-02-08 17:45:26,251 INFO ROUND 11
2022-02-08 17:45:50,464 INFO ROUND 12
2022-02-08 17:46:14,674 INFO ROUND 13
2022-02-08 17:46:38,904 INFO ROUND 14
2022-02-08 17:47:03,381 INFO ROUND 15
2022-02-08 17:47:36,990 INFO Server -> Train: Loss 1.639 | Accuracy = 40.468
2022-02-08 17:47:38,876 INFO Server -> Test: Loss 1.637 | Accuracy = 40.630
2022-02-08 17:47:38,911 INFO ROUND 16
2022-02-08 17:48:03,539 INFO ROUND 17
2022-02-08 17:48:28,640 INFO ROUND 18
2022-02-08 17:48:53,812 INFO ROUND 19
2022-02-08 17:49:19,202 INFO ROUND 20
2022-02-08 17:49:54,644 INFO Server -> Train: Loss 1.698 | Accuracy = 36.366
2022-02-08 17:49:56,555 INFO Server -> Test: Loss 1.701 | Accuracy = 36.370
2022-02-08 17:49:56,595 INFO ROUND 21
2022-02-08 17:50:22,253 INFO ROUND 22
2022-02-08 17:50:47,957 INFO ROUND 23
2022-02-08 17:51:13,538 INFO ROUND 24
2022-02-08 17:51:39,316 INFO ROUND 25
2022-02-08 17:52:14,207 INFO Server -> Train: Loss 1.450 | Accuracy = 47.714
2022-02-08 17:52:16,127 INFO Server -> Test: Loss 1.460 | Accuracy = 47.160
2022-02-08 17:52:16,161 INFO ROUND 26
2022-02-08 17:52:42,106 INFO ROUND 27
2022-02-08 17:53:08,114 INFO ROUND 28
2022-02-08 17:53:34,342 INFO ROUND 29
2022-02-08 17:54:00,606 INFO ROUND 30
2022-02-08 17:54:36,053 INFO Server -> Train: Loss 1.495 | Accuracy = 45.730
2022-02-08 17:54:37,949 INFO Server -> Test: Loss 1.509 | Accuracy = 45.010
2022-02-08 17:54:37,983 INFO ROUND 31
2022-02-08 17:55:04,498 INFO ROUND 32
2022-02-08 17:55:31,270 INFO ROUND 33
2022-02-08 17:55:57,670 INFO ROUND 34
2022-02-08 17:56:24,178 INFO ROUND 35
2022-02-08 17:57:00,364 INFO Server -> Train: Loss 1.400 | Accuracy = 50.054
2022-02-08 17:57:02,302 INFO Server -> Test: Loss 1.415 | Accuracy = 49.480
2022-02-08 17:57:02,335 INFO ROUND 36
2022-02-08 17:57:29,117 INFO ROUND 37
2022-02-08 17:57:55,756 INFO ROUND 38
2022-02-08 17:58:22,648 INFO ROUND 39
2022-02-08 17:58:49,580 INFO ROUND 40
2022-02-08 17:59:25,582 INFO Server -> Train: Loss 1.403 | Accuracy = 48.370
2022-02-08 17:59:27,518 INFO Server -> Test: Loss 1.431 | Accuracy = 47.810
2022-02-08 17:59:27,550 INFO ROUND 41
2022-02-08 17:59:54,879 INFO ROUND 42
2022-02-08 18:00:22,128 INFO ROUND 43
2022-02-08 18:00:49,723 INFO ROUND 44
2022-02-08 18:01:17,375 INFO ROUND 45
2022-02-08 18:01:53,961 INFO Server -> Train: Loss 1.284 | Accuracy = 53.976
2022-02-08 18:01:55,868 INFO Server -> Test: Loss 1.308 | Accuracy = 53.080
2022-02-08 18:01:55,901 INFO ROUND 46
2022-02-08 18:02:23,841 INFO ROUND 47
2022-02-08 18:02:51,961 INFO ROUND 48
2022-02-08 18:03:20,157 INFO ROUND 49
2022-02-08 18:03:48,534 INFO ROUND 50
2022-02-08 18:04:25,821 INFO Server -> Train: Loss 1.271 | Accuracy = 54.092
2022-02-08 18:04:27,736 INFO Server -> Test: Loss 1.303 | Accuracy = 53.160
2022-02-08 18:04:27,769 INFO ROUND 51
2022-02-08 18:04:56,432 INFO ROUND 52
2022-02-08 18:05:25,298 INFO ROUND 53
2022-02-08 18:05:55,772 INFO ROUND 54
2022-02-08 18:06:24,775 INFO ROUND 55
2022-02-08 18:07:02,890 INFO Server -> Train: Loss 1.174 | Accuracy = 57.958
2022-02-08 18:07:04,815 INFO Server -> Test: Loss 1.212 | Accuracy = 56.600
2022-02-08 18:07:04,865 INFO ROUND 56
2022-02-08 18:07:33,971 INFO ROUND 57
2022-02-08 18:08:03,100 INFO ROUND 58
2022-02-08 18:08:32,604 INFO ROUND 59
2022-02-08 18:09:02,048 INFO ROUND 60
2022-02-08 18:09:40,654 INFO Server -> Train: Loss 1.138 | Accuracy = 59.400
2022-02-08 18:09:42,588 INFO Server -> Test: Loss 1.184 | Accuracy = 57.590
2022-02-08 18:09:42,622 INFO ROUND 61
2022-02-08 18:10:12,427 INFO ROUND 62
2022-02-08 18:10:42,273 INFO ROUND 63
2022-02-08 18:11:12,384 INFO ROUND 64
2022-02-08 18:11:42,423 INFO ROUND 65
2022-02-08 18:12:21,457 INFO Server -> Train: Loss 1.168 | Accuracy = 57.836
2022-02-08 18:12:23,381 INFO Server -> Test: Loss 1.218 | Accuracy = 56.730
2022-02-08 18:12:23,413 INFO ROUND 66
2022-02-08 18:12:53,676 INFO ROUND 67
2022-02-08 18:13:24,045 INFO ROUND 68
2022-02-08 18:13:54,618 INFO ROUND 69
2022-02-08 18:14:25,334 INFO ROUND 70
2022-02-08 18:15:05,245 INFO Server -> Train: Loss 1.098 | Accuracy = 60.648
2022-02-08 18:15:07,149 INFO Server -> Test: Loss 1.152 | Accuracy = 58.640
2022-02-08 18:15:07,181 INFO ROUND 71
2022-02-08 18:15:38,170 INFO ROUND 72
2022-02-08 18:16:09,218 INFO ROUND 73
2022-02-08 18:16:40,354 INFO ROUND 74
2022-02-08 18:17:11,403 INFO ROUND 75
2022-02-08 18:17:51,606 INFO Server -> Train: Loss 1.129 | Accuracy = 59.642
2022-02-08 18:17:53,560 INFO Server -> Test: Loss 1.182 | Accuracy = 57.810
2022-02-08 18:17:53,592 INFO ROUND 76
2022-02-08 18:18:25,157 INFO ROUND 77
2022-02-08 18:18:57,211 INFO ROUND 78
2022-02-08 18:19:29,098 INFO ROUND 79
2022-02-08 18:20:01,001 INFO ROUND 80
2022-02-08 18:20:41,975 INFO Server -> Train: Loss 1.074 | Accuracy = 61.162
2022-02-08 18:20:43,925 INFO Server -> Test: Loss 1.143 | Accuracy = 58.910
2022-02-08 18:20:43,958 INFO ROUND 81
2022-02-08 18:21:16,194 INFO ROUND 82
2022-02-08 18:21:48,559 INFO ROUND 83
2022-02-08 18:22:20,759 INFO ROUND 84
2022-02-08 18:22:53,017 INFO ROUND 85
2022-02-08 18:23:34,450 INFO Server -> Train: Loss 1.080 | Accuracy = 61.108
2022-02-08 18:23:36,474 INFO Server -> Test: Loss 1.146 | Accuracy = 58.590
2022-02-08 18:23:36,506 INFO ROUND 86
2022-02-08 18:24:09,144 INFO ROUND 87
2022-02-08 18:24:43,405 INFO ROUND 88
2022-02-08 18:25:16,268 INFO ROUND 89
2022-02-08 18:25:49,224 INFO ROUND 90
2022-02-08 18:26:31,138 INFO Server -> Train: Loss 1.037 | Accuracy = 62.818
2022-02-08 18:26:33,095 INFO Server -> Test: Loss 1.121 | Accuracy = 59.880
2022-02-08 18:26:33,128 INFO ROUND 91
2022-02-08 18:27:06,312 INFO ROUND 92
2022-02-08 18:27:39,607 INFO ROUND 93
2022-02-08 18:28:12,854 INFO ROUND 94
2022-02-08 18:28:46,415 INFO ROUND 95
2022-02-08 18:29:28,807 INFO Server -> Train: Loss 0.937 | Accuracy = 67.014
2022-02-08 18:29:30,822 INFO Server -> Test: Loss 1.024 | Accuracy = 64.230
2022-02-08 18:29:30,868 INFO ROUND 96
2022-02-08 18:30:04,732 INFO ROUND 97
2022-02-08 18:30:38,658 INFO ROUND 98
2022-02-08 18:31:12,861 INFO ROUND 99
2022-02-08 18:31:47,292 INFO ROUND 100
2022-02-08 18:32:30,673 INFO Server -> Train: Loss 0.924 | Accuracy = 67.596
2022-02-08 18:32:32,667 INFO Server -> Test: Loss 1.014 | Accuracy = 64.230
2022-02-08 18:32:32,700 INFO ROUND 101
2022-02-08 18:33:07,357 INFO ROUND 102
2022-02-08 18:33:41,999 INFO ROUND 103
2022-02-08 18:34:16,741 INFO ROUND 104
2022-02-08 18:34:51,579 INFO ROUND 105
2022-02-08 18:35:35,385 INFO Server -> Train: Loss 0.879 | Accuracy = 68.926
2022-02-08 18:35:37,484 INFO Server -> Test: Loss 0.982 | Accuracy = 65.260
2022-02-08 18:35:37,516 INFO ROUND 106
2022-02-08 18:36:12,916 INFO ROUND 107
2022-02-08 18:36:49,602 INFO ROUND 108
2022-02-08 18:37:26,693 INFO ROUND 109
2022-02-08 18:38:03,470 INFO ROUND 110
2022-02-08 18:38:48,944 INFO Server -> Train: Loss 1.004 | Accuracy = 63.570
2022-02-08 18:38:50,953 INFO Server -> Test: Loss 1.114 | Accuracy = 60.290
2022-02-08 18:38:50,985 INFO ROUND 111
2022-02-08 18:39:27,052 INFO ROUND 112
2022-02-08 18:40:03,156 INFO ROUND 113
2022-02-08 18:40:39,690 INFO ROUND 114
2022-02-08 18:41:15,921 INFO ROUND 115
2022-02-08 18:42:01,108 INFO Server -> Train: Loss 0.869 | Accuracy = 69.328
2022-02-08 18:42:03,128 INFO Server -> Test: Loss 0.988 | Accuracy = 65.270
2022-02-08 18:42:03,161 INFO ROUND 116
2022-02-08 18:42:39,857 INFO ROUND 117
2022-02-08 18:43:16,388 INFO ROUND 118
2022-02-08 18:43:53,227 INFO ROUND 119
2022-02-08 18:44:30,388 INFO ROUND 120
2022-02-08 18:45:16,178 INFO Server -> Train: Loss 0.870 | Accuracy = 69.180
2022-02-08 18:45:18,204 INFO Server -> Test: Loss 0.998 | Accuracy = 65.020
2022-02-08 18:45:18,239 INFO ROUND 121
2022-02-08 18:45:55,169 INFO ROUND 122
2022-02-08 18:46:32,625 INFO ROUND 123
2022-02-08 18:47:10,117 INFO ROUND 124
2022-02-08 18:47:47,896 INFO ROUND 125
2022-02-08 18:48:34,293 INFO Server -> Train: Loss 0.852 | Accuracy = 69.502
2022-02-08 18:48:36,314 INFO Server -> Test: Loss 0.994 | Accuracy = 64.860
2022-02-08 18:48:36,346 INFO ROUND 126
2022-02-08 18:49:14,091 INFO ROUND 127
2022-02-08 18:49:52,109 INFO ROUND 128
2022-02-08 18:50:29,858 INFO ROUND 129
2022-02-08 18:51:07,915 INFO ROUND 130
2022-02-08 18:51:55,323 INFO Server -> Train: Loss 0.788 | Accuracy = 72.270
2022-02-08 18:51:57,348 INFO Server -> Test: Loss 0.930 | Accuracy = 67.080
2022-02-08 18:51:57,380 INFO ROUND 131
2022-02-08 18:52:37,927 INFO ROUND 132
2022-02-08 18:53:17,355 INFO ROUND 133
2022-02-08 18:53:56,449 INFO ROUND 134
2022-02-08 18:54:35,349 INFO ROUND 135
2022-02-08 18:55:23,539 INFO Server -> Train: Loss 0.782 | Accuracy = 72.398
2022-02-08 18:55:25,572 INFO Server -> Test: Loss 0.948 | Accuracy = 66.770
2022-02-08 18:55:25,621 INFO ROUND 136
2022-02-08 18:56:04,876 INFO ROUND 137
2022-02-08 18:56:44,238 INFO ROUND 138
2022-02-08 18:57:23,621 INFO ROUND 139
2022-02-08 18:58:03,135 INFO ROUND 140
2022-02-08 18:58:52,092 INFO Server -> Train: Loss 0.880 | Accuracy = 68.538
2022-02-08 18:58:54,152 INFO Server -> Test: Loss 1.036 | Accuracy = 63.870
2022-02-08 18:58:54,185 INFO ROUND 141
2022-02-08 18:59:33,893 INFO ROUND 142
2022-02-08 19:00:14,014 INFO ROUND 143
2022-02-08 19:00:54,164 INFO ROUND 144
2022-02-08 19:01:34,521 INFO ROUND 145
2022-02-08 19:02:24,401 INFO Server -> Train: Loss 0.724 | Accuracy = 74.496
2022-02-08 19:02:26,514 INFO Server -> Test: Loss 0.907 | Accuracy = 68.140
2022-02-08 19:02:26,549 INFO ROUND 146
2022-02-08 19:03:07,419 INFO ROUND 147
2022-02-08 19:03:48,703 INFO ROUND 148
2022-02-08 19:04:29,649 INFO ROUND 149
2022-02-08 19:05:10,663 INFO ROUND 150
2022-02-08 19:06:01,053 INFO Server -> Train: Loss 0.824 | Accuracy = 70.664
2022-02-08 19:06:03,160 INFO Server -> Test: Loss 1.030 | Accuracy = 64.750
2022-02-08 19:06:03,193 INFO ROUND 151
2022-02-08 19:06:44,598 INFO ROUND 152
2022-02-08 19:07:26,010 INFO ROUND 153
2022-02-08 19:08:07,635 INFO ROUND 154
2022-02-08 19:08:49,101 INFO ROUND 155
2022-02-08 19:09:39,790 INFO Server -> Train: Loss 0.728 | Accuracy = 74.168
2022-02-08 19:09:41,904 INFO Server -> Test: Loss 0.933 | Accuracy = 67.650
2022-02-08 19:09:41,941 INFO ROUND 156
2022-02-08 19:10:23,629 INFO ROUND 157
2022-02-08 19:11:05,206 INFO ROUND 158
2022-02-08 19:11:47,023 INFO ROUND 159
2022-02-08 19:12:28,750 INFO ROUND 160
2022-02-08 19:13:20,044 INFO Server -> Train: Loss 0.822 | Accuracy = 70.762
2022-02-08 19:13:22,165 INFO Server -> Test: Loss 1.048 | Accuracy = 64.330
2022-02-08 19:13:22,210 INFO ROUND 161
2022-02-08 19:14:04,220 INFO ROUND 162
2022-02-08 19:14:46,276 INFO ROUND 163
2022-02-08 19:15:28,370 INFO ROUND 164
2022-02-08 19:16:10,499 INFO ROUND 165
2022-02-08 19:17:01,957 INFO Server -> Train: Loss 0.697 | Accuracy = 75.438
2022-02-08 19:17:04,056 INFO Server -> Test: Loss 0.905 | Accuracy = 68.730
2022-02-08 19:17:04,089 INFO ROUND 166
2022-02-08 19:17:46,724 INFO ROUND 167
2022-02-08 19:18:29,429 INFO ROUND 168
2022-02-08 19:19:12,265 INFO ROUND 169
2022-02-08 19:19:55,549 INFO ROUND 170
2022-02-08 19:20:47,667 INFO Server -> Train: Loss 0.754 | Accuracy = 72.272
2022-02-08 19:20:49,790 INFO Server -> Test: Loss 1.004 | Accuracy = 65.370
2022-02-08 19:20:49,823 INFO ROUND 171
2022-02-08 19:21:33,143 INFO ROUND 172
2022-02-08 19:22:16,714 INFO ROUND 173
2022-02-08 19:23:00,419 INFO ROUND 174
2022-02-08 19:23:44,373 INFO ROUND 175
2022-02-08 19:24:37,195 INFO Server -> Train: Loss 0.623 | Accuracy = 78.162
2022-02-08 19:24:39,332 INFO Server -> Test: Loss 0.876 | Accuracy = 69.990
2022-02-08 19:24:39,365 INFO ROUND 176
2022-02-08 19:25:23,173 INFO ROUND 177
2022-02-08 19:26:07,124 INFO ROUND 178
2022-02-08 19:26:51,438 INFO ROUND 179
2022-02-08 19:27:35,497 INFO ROUND 180
2022-02-08 19:28:28,858 INFO Server -> Train: Loss 0.727 | Accuracy = 74.096
2022-02-08 19:28:31,009 INFO Server -> Test: Loss 1.000 | Accuracy = 66.560
2022-02-08 19:28:31,051 INFO ROUND 181
2022-02-08 19:29:15,684 INFO ROUND 182
2022-02-08 19:30:02,418 INFO ROUND 183
2022-02-08 19:30:47,594 INFO ROUND 184
2022-02-08 19:31:32,896 INFO ROUND 185
2022-02-08 19:32:27,518 INFO Server -> Train: Loss 0.625 | Accuracy = 77.728
2022-02-08 19:32:29,636 INFO Server -> Test: Loss 0.896 | Accuracy = 69.200
2022-02-08 19:32:29,692 INFO ROUND 186
2022-02-08 19:33:15,283 INFO ROUND 187
2022-02-08 19:34:01,136 INFO ROUND 188
2022-02-08 19:34:46,999 INFO ROUND 189
2022-02-08 19:35:32,936 INFO ROUND 190
2022-02-08 19:36:28,423 INFO Server -> Train: Loss 0.637 | Accuracy = 77.542
2022-02-08 19:36:30,526 INFO Server -> Test: Loss 0.927 | Accuracy = 69.050
2022-02-08 19:36:30,558 INFO ROUND 191
2022-02-08 19:37:16,840 INFO ROUND 192
2022-02-08 19:38:03,676 INFO ROUND 193
2022-02-08 19:38:50,282 INFO ROUND 194
2022-02-08 19:39:36,700 INFO ROUND 195
2022-02-08 19:40:32,210 INFO Server -> Train: Loss 0.616 | Accuracy = 78.122
2022-02-08 19:40:34,395 INFO Server -> Test: Loss 0.931 | Accuracy = 68.650
2022-02-08 19:40:34,427 INFO ROUND 196
2022-02-08 19:41:21,066 INFO ROUND 197
2022-02-08 19:42:07,891 INFO ROUND 198
2022-02-08 19:42:55,028 INFO ROUND 199
2022-02-08 19:43:41,737 INFO ROUND 200
2022-02-08 19:44:38,000 INFO Server -> Train: Loss 0.559 | Accuracy = 80.370
2022-02-08 19:44:40,223 INFO Server -> Test: Loss 0.872 | Accuracy = 70.560
2022-02-08 19:44:40,256 INFO ROUND 201
2022-02-08 19:45:27,820 INFO ROUND 202
2022-02-08 19:46:15,289 INFO ROUND 203
2022-02-08 19:47:02,691 INFO ROUND 204
2022-02-08 19:47:50,794 INFO ROUND 205
2022-02-08 19:48:48,080 INFO Server -> Train: Loss 0.670 | Accuracy = 75.352
2022-02-08 19:48:50,282 INFO Server -> Test: Loss 1.014 | Accuracy = 66.450
2022-02-08 19:48:50,315 INFO ROUND 206
2022-02-08 19:49:39,152 INFO ROUND 207
2022-02-08 19:50:31,014 INFO ROUND 208
2022-02-08 19:51:22,922 INFO ROUND 209
2022-02-08 19:52:13,747 INFO ROUND 210
2022-02-08 19:53:13,756 INFO Server -> Train: Loss 0.598 | Accuracy = 78.748
2022-02-08 19:53:16,152 INFO Server -> Test: Loss 0.925 | Accuracy = 68.790
2022-02-08 19:53:16,203 INFO ROUND 211
2022-02-08 19:54:08,168 INFO ROUND 212
2022-02-08 19:55:00,083 INFO ROUND 213
2022-02-08 19:55:50,726 INFO ROUND 214
2022-02-08 19:56:41,577 INFO ROUND 215
2022-02-08 19:57:42,771 INFO Server -> Train: Loss 0.570 | Accuracy = 79.766
2022-02-08 19:57:45,074 INFO Server -> Test: Loss 0.913 | Accuracy = 69.320
2022-02-08 19:57:45,107 INFO ROUND 216
2022-02-08 19:58:35,930 INFO ROUND 217
2022-02-08 19:59:27,056 INFO ROUND 218
2022-02-08 20:00:18,902 INFO ROUND 219
2022-02-08 20:01:10,337 INFO ROUND 220
2022-02-08 20:02:11,883 INFO Server -> Train: Loss 0.718 | Accuracy = 73.426
2022-02-08 20:02:14,178 INFO Server -> Test: Loss 1.104 | Accuracy = 64.870
2022-02-08 20:02:14,214 INFO ROUND 221
2022-02-08 20:03:06,492 INFO ROUND 222
2022-02-08 20:03:58,581 INFO ROUND 223
2022-02-08 20:04:50,436 INFO ROUND 224
2022-02-08 20:05:42,343 INFO ROUND 225
2022-02-08 20:06:44,506 INFO Server -> Train: Loss 0.594 | Accuracy = 79.134
2022-02-08 20:06:46,849 INFO Server -> Test: Loss 0.948 | Accuracy = 69.160
2022-02-08 20:06:46,885 INFO ROUND 226
2022-02-08 20:07:39,143 INFO ROUND 227
2022-02-08 20:08:31,655 INFO ROUND 228
2022-02-08 20:09:24,577 INFO ROUND 229
2022-02-08 20:10:16,783 INFO ROUND 230
2022-02-08 20:11:18,801 INFO Server -> Train: Loss 0.616 | Accuracy = 78.392
2022-02-08 20:11:21,177 INFO Server -> Test: Loss 1.014 | Accuracy = 67.940
2022-02-08 20:11:21,213 INFO ROUND 231
2022-02-08 20:12:14,037 INFO ROUND 232
2022-02-08 20:13:06,049 INFO ROUND 233
2022-02-08 20:13:58,067 INFO ROUND 234
2022-02-08 20:14:50,184 INFO ROUND 235
2022-02-08 20:15:51,988 INFO Server -> Train: Loss 0.536 | Accuracy = 81.136
2022-02-08 20:15:54,286 INFO Server -> Test: Loss 0.919 | Accuracy = 70.010
2022-02-08 20:15:54,320 INFO ROUND 236
2022-02-08 20:16:46,930 INFO ROUND 237
2022-02-08 20:17:39,604 INFO ROUND 238
2022-02-08 20:18:32,144 INFO ROUND 239
2022-02-08 20:19:25,147 INFO ROUND 240
2022-02-08 20:20:27,302 INFO Server -> Train: Loss 0.751 | Accuracy = 72.424
2022-02-08 20:20:29,543 INFO Server -> Test: Loss 1.184 | Accuracy = 63.290
2022-02-08 20:20:29,576 INFO ROUND 241
2022-02-08 20:21:22,533 INFO ROUND 242
2022-02-08 20:22:15,293 INFO ROUND 243
2022-02-08 20:23:08,452 INFO ROUND 244
2022-02-08 20:24:01,834 INFO ROUND 245
2022-02-08 20:25:04,739 INFO Server -> Train: Loss 0.581 | Accuracy = 79.344
2022-02-08 20:25:07,055 INFO Server -> Test: Loss 0.976 | Accuracy = 68.650
2022-02-08 20:25:07,087 INFO ROUND 246
2022-02-08 20:26:00,597 INFO ROUND 247
2022-02-08 20:26:57,599 INFO ROUND 248
2022-02-08 20:27:51,614 INFO ROUND 249
2022-02-08 20:28:46,311 INFO ROUND 250
2022-02-08 20:29:51,413 INFO Server -> Train: Loss 0.472 | Accuracy = 83.336
2022-02-08 20:29:53,770 INFO Server -> Test: Loss 0.917 | Accuracy = 70.650
2022-02-08 20:29:53,803 INFO ROUND 251
2022-02-08 20:30:48,531 INFO ROUND 252
2022-02-08 20:31:43,399 INFO ROUND 253
2022-02-08 20:32:38,883 INFO ROUND 254
2022-02-08 20:33:33,663 INFO ROUND 255
2022-02-08 20:34:38,024 INFO Server -> Train: Loss 0.485 | Accuracy = 82.746
2022-02-08 20:34:40,412 INFO Server -> Test: Loss 0.945 | Accuracy = 69.640
2022-02-08 20:34:40,444 INFO ROUND 256
2022-02-08 20:35:35,191 INFO ROUND 257
2022-02-08 20:36:30,425 INFO ROUND 258
2022-02-08 20:37:26,088 INFO ROUND 259
2022-02-08 20:38:21,721 INFO ROUND 260
2022-02-08 20:39:27,133 INFO Server -> Train: Loss 0.537 | Accuracy = 80.290
2022-02-08 20:39:29,443 INFO Server -> Test: Loss 1.031 | Accuracy = 68.140
2022-02-08 20:39:29,486 INFO ROUND 261
2022-02-08 20:40:25,569 INFO ROUND 262
2022-02-08 20:41:21,238 INFO ROUND 263
2022-02-08 20:42:16,972 INFO ROUND 264
2022-02-08 20:43:12,741 INFO ROUND 265
2022-02-08 20:44:18,313 INFO Server -> Train: Loss 0.462 | Accuracy = 83.422
2022-02-08 20:44:20,710 INFO Server -> Test: Loss 0.940 | Accuracy = 70.320
2022-02-08 20:44:20,742 INFO ROUND 266
2022-02-08 20:45:17,038 INFO ROUND 267
2022-02-08 20:46:13,541 INFO ROUND 268
2022-02-08 20:47:09,939 INFO ROUND 269
2022-02-08 20:48:06,463 INFO ROUND 270
2022-02-08 20:49:12,382 INFO Server -> Train: Loss 0.650 | Accuracy = 76.668
2022-02-08 20:49:14,671 INFO Server -> Test: Loss 1.176 | Accuracy = 65.570
2022-02-08 20:49:14,706 INFO ROUND 271
2022-02-08 20:50:11,925 INFO ROUND 272
2022-02-08 20:51:08,757 INFO ROUND 273
2022-02-08 20:52:05,600 INFO ROUND 274
2022-02-08 20:53:03,531 INFO ROUND 275
2022-02-08 20:54:11,707 INFO Server -> Train: Loss 0.458 | Accuracy = 83.806
2022-02-08 20:54:14,065 INFO Server -> Test: Loss 0.965 | Accuracy = 70.160
2022-02-08 20:54:14,107 INFO ROUND 276
2022-02-08 20:55:12,611 INFO ROUND 277
2022-02-08 20:56:10,503 INFO ROUND 278
2022-02-08 20:57:08,305 INFO ROUND 279
2022-02-08 20:58:05,569 INFO ROUND 280
2022-02-08 20:59:12,369 INFO Server -> Train: Loss 0.450 | Accuracy = 84.044
2022-02-08 20:59:14,696 INFO Server -> Test: Loss 0.964 | Accuracy = 70.260
2022-02-08 20:59:14,731 INFO ROUND 281
2022-02-08 21:00:12,309 INFO ROUND 282
2022-02-08 21:01:09,951 INFO ROUND 283
2022-02-08 21:02:07,446 INFO ROUND 284
2022-02-08 21:03:05,391 INFO ROUND 285
2022-02-08 21:04:12,751 INFO Server -> Train: Loss 0.516 | Accuracy = 81.398
2022-02-08 21:04:15,141 INFO Server -> Test: Loss 1.047 | Accuracy = 68.150
2022-02-08 21:04:15,174 INFO ROUND 286
2022-02-08 21:05:13,104 INFO ROUND 287
2022-02-08 21:06:11,070 INFO ROUND 288
2022-02-08 21:07:09,658 INFO ROUND 289
2022-02-08 21:08:07,973 INFO ROUND 290
2022-02-08 21:09:15,986 INFO Server -> Train: Loss 0.499 | Accuracy = 82.316
2022-02-08 21:09:18,417 INFO Server -> Test: Loss 1.028 | Accuracy = 69.230
2022-02-08 21:09:18,450 INFO ROUND 291
2022-02-08 21:10:17,445 INFO ROUND 292
2022-02-08 21:11:16,216 INFO ROUND 293
2022-02-08 21:12:15,108 INFO ROUND 294
2022-02-08 21:13:14,321 INFO ROUND 295
2022-02-08 21:14:22,646 INFO Server -> Train: Loss 0.513 | Accuracy = 81.718
2022-02-08 21:14:24,962 INFO Server -> Test: Loss 1.078 | Accuracy = 68.200
2022-02-08 21:14:25,008 INFO ROUND 296
2022-02-08 21:15:24,347 INFO ROUND 297
2022-02-08 21:16:23,554 INFO ROUND 298
2022-02-08 21:17:22,999 INFO ROUND 299
2022-02-08 21:18:22,680 INFO ROUND 300
2022-02-08 21:19:32,241 INFO Server -> Train: Loss 0.491 | Accuracy = 82.440
2022-02-08 21:19:34,681 INFO Server -> Test: Loss 1.064 | Accuracy = 68.570
2022-02-08 21:19:34,714 INFO ROUND 301
2022-02-08 21:20:35,457 INFO ROUND 302
2022-02-08 21:21:35,531 INFO ROUND 303
2022-02-08 21:22:35,666 INFO ROUND 304
2022-02-08 21:23:36,078 INFO ROUND 305
2022-02-08 21:24:45,934 INFO Server -> Train: Loss 0.466 | Accuracy = 83.250
2022-02-08 21:24:48,353 INFO Server -> Test: Loss 1.014 | Accuracy = 69.350
2022-02-08 21:24:48,386 INFO ROUND 306
2022-02-08 21:25:49,226 INFO ROUND 307
2022-02-08 21:26:49,950 INFO ROUND 308
2022-02-08 21:27:51,128 INFO ROUND 309
2022-02-08 21:28:52,037 INFO ROUND 310
2022-02-08 21:30:02,405 INFO Server -> Train: Loss 0.461 | Accuracy = 83.646
2022-02-08 21:30:04,842 INFO Server -> Test: Loss 1.037 | Accuracy = 69.720
2022-02-08 21:30:04,875 INFO ROUND 311
2022-02-08 21:31:07,941 INFO ROUND 312
2022-02-08 21:32:14,386 INFO ROUND 313
2022-02-08 21:33:21,178 INFO ROUND 314
2022-02-08 21:34:26,295 INFO ROUND 315
2022-02-08 21:35:42,121 INFO Server -> Train: Loss 0.645 | Accuracy = 76.204
2022-02-08 21:35:44,672 INFO Server -> Test: Loss 1.271 | Accuracy = 63.890
2022-02-08 21:35:44,707 INFO ROUND 316
2022-02-08 21:36:50,633 INFO ROUND 317
2022-02-08 21:37:56,281 INFO ROUND 318
2022-02-08 21:39:02,332 INFO ROUND 319
2022-02-08 21:40:07,829 INFO ROUND 320
2022-02-08 21:41:21,362 INFO Server -> Train: Loss 0.411 | Accuracy = 85.216
2022-02-08 21:41:23,875 INFO Server -> Test: Loss 0.975 | Accuracy = 70.250
2022-02-08 21:41:23,908 INFO ROUND 321
