2022-02-07 18:18:53,802 INFO ('Client samples sizes:', array([1000, 1000, 1000, 1000, 1000, 1000, 1000, 1000, 1000, 1000, 1000,
       1000, 1000, 1000, 1000, 1000, 1000, 1000, 1000, 1000, 1000, 1000,
       1000, 1000, 1000, 1000, 1000, 1000, 1000, 1000, 1000, 1000, 1000,
       1000, 1000, 1000, 1000, 1000, 1000, 1000, 1000, 1000, 1000, 1000,
       1000, 1000, 1000, 1000, 1000, 1000]), 'total:', 50000)
2022-02-07 18:19:09,167 INFO ROUND 1
2022-02-07 18:20:10,029 INFO ROUND 2
2022-02-07 18:21:11,242 INFO ROUND 3
2022-02-07 18:22:14,846 INFO ROUND 4
2022-02-07 18:23:17,406 INFO ROUND 5
2022-02-07 18:24:30,374 INFO Server -> Train: Loss 1.751 | Accuracy = 34.940
2022-02-07 18:24:32,364 INFO Server -> Test: Loss 1.748 | Accuracy = 34.710
2022-02-07 18:24:32,394 INFO ROUND 6
2022-02-07 18:25:36,357 INFO ROUND 7
2022-02-07 18:26:42,981 INFO ROUND 8
2022-02-07 18:27:48,853 INFO ROUND 9
2022-02-07 18:28:54,829 INFO ROUND 10
2022-02-07 18:30:11,279 INFO Server -> Train: Loss 1.489 | Accuracy = 45.032
2022-02-07 18:30:13,350 INFO Server -> Test: Loss 1.497 | Accuracy = 44.650
2022-02-07 18:30:13,386 INFO ROUND 11
2022-02-07 18:31:21,366 INFO ROUND 12
2022-02-07 18:32:29,462 INFO ROUND 13
2022-02-07 18:33:39,257 INFO ROUND 14
2022-02-07 18:34:49,595 INFO ROUND 15
2022-02-07 18:36:09,947 INFO Server -> Train: Loss 1.420 | Accuracy = 47.856
2022-02-07 18:36:12,034 INFO Server -> Test: Loss 1.445 | Accuracy = 47.280
2022-02-07 18:36:12,068 INFO ROUND 16
2022-02-07 18:37:23,801 INFO ROUND 17
2022-02-07 18:38:35,886 INFO ROUND 18
2022-02-07 18:39:48,011 INFO ROUND 19
2022-02-07 18:41:01,701 INFO ROUND 20
2022-02-07 18:42:24,995 INFO Server -> Train: Loss 1.322 | Accuracy = 52.392
2022-02-07 18:42:27,056 INFO Server -> Test: Loss 1.371 | Accuracy = 51.090
2022-02-07 18:42:27,089 INFO ROUND 21
2022-02-07 18:43:41,550 INFO ROUND 22
2022-02-07 18:44:55,867 INFO ROUND 23
2022-02-07 18:46:12,255 INFO ROUND 24
2022-02-07 18:47:30,199 INFO ROUND 25
2022-02-07 18:48:58,805 INFO Server -> Train: Loss 1.221 | Accuracy = 56.310
2022-02-07 18:49:00,880 INFO Server -> Test: Loss 1.313 | Accuracy = 54.280
2022-02-07 18:49:00,913 INFO ROUND 26
2022-02-07 18:50:20,785 INFO ROUND 27
2022-02-07 18:51:41,060 INFO ROUND 28
2022-02-07 18:53:01,504 INFO ROUND 29
2022-02-07 18:54:22,020 INFO ROUND 30
2022-02-07 18:55:52,220 INFO Server -> Train: Loss 1.031 | Accuracy = 63.518
2022-02-07 18:55:54,288 INFO Server -> Test: Loss 1.152 | Accuracy = 60.010
2022-02-07 18:55:54,321 INFO ROUND 31
2022-02-07 18:57:16,098 INFO ROUND 32
2022-02-07 18:58:40,167 INFO ROUND 33
2022-02-07 19:00:06,173 INFO ROUND 34
2022-02-07 19:01:32,526 INFO ROUND 35
2022-02-07 19:03:09,268 INFO Server -> Train: Loss 1.110 | Accuracy = 61.198
2022-02-07 19:03:11,407 INFO Server -> Test: Loss 1.252 | Accuracy = 57.830
2022-02-07 19:03:11,440 INFO ROUND 36
2022-02-07 19:04:39,173 INFO ROUND 37
2022-02-07 19:06:07,200 INFO ROUND 38
2022-02-07 19:07:36,320 INFO ROUND 39
2022-02-07 19:09:05,979 INFO ROUND 40
2022-02-07 19:10:44,281 INFO Server -> Train: Loss 0.923 | Accuracy = 67.426
2022-02-07 19:10:46,351 INFO Server -> Test: Loss 1.103 | Accuracy = 61.890
2022-02-07 19:10:46,384 INFO ROUND 41
2022-02-07 19:12:16,097 INFO ROUND 42
2022-02-07 19:13:46,579 INFO ROUND 43
2022-02-07 19:15:20,200 INFO ROUND 44
2022-02-07 19:16:54,097 INFO ROUND 45
2022-02-07 19:18:39,576 INFO Server -> Train: Loss 0.911 | Accuracy = 67.744
2022-02-07 19:18:41,777 INFO Server -> Test: Loss 1.137 | Accuracy = 61.840
2022-02-07 19:18:41,812 INFO ROUND 46
2022-02-07 19:20:16,779 INFO ROUND 47
2022-02-07 19:21:52,207 INFO ROUND 48
2022-02-07 19:23:30,173 INFO ROUND 49
2022-02-07 19:25:07,257 INFO ROUND 50
2022-02-07 19:26:54,340 INFO Server -> Train: Loss 0.886 | Accuracy = 68.794
2022-02-07 19:26:56,469 INFO Server -> Test: Loss 1.134 | Accuracy = 61.750
2022-02-07 19:26:56,511 INFO ROUND 51
2022-02-07 19:28:34,650 INFO ROUND 52
2022-02-07 19:30:13,779 INFO ROUND 53
2022-02-07 19:31:54,020 INFO ROUND 54
2022-02-07 19:33:34,513 INFO ROUND 55
2022-02-07 19:35:25,826 INFO Server -> Train: Loss 0.919 | Accuracy = 68.020
2022-02-07 19:35:27,948 INFO Server -> Test: Loss 1.204 | Accuracy = 60.920
2022-02-07 19:35:27,981 INFO ROUND 56
2022-02-07 19:37:09,965 INFO ROUND 57
2022-02-07 19:38:52,711 INFO ROUND 58
2022-02-07 19:40:36,475 INFO ROUND 59
2022-02-07 19:42:20,587 INFO ROUND 60
2022-02-07 19:44:15,406 INFO Server -> Train: Loss 0.784 | Accuracy = 72.266
2022-02-07 19:44:17,564 INFO Server -> Test: Loss 1.116 | Accuracy = 63.000
2022-02-07 19:44:17,616 INFO ROUND 61
2022-02-07 19:46:03,650 INFO ROUND 62
2022-02-07 19:47:50,443 INFO ROUND 63
2022-02-07 19:49:37,664 INFO ROUND 64
2022-02-07 19:51:27,155 INFO ROUND 65
2022-02-07 19:53:26,711 INFO Server -> Train: Loss 0.831 | Accuracy = 71.018
2022-02-07 19:53:28,959 INFO Server -> Test: Loss 1.199 | Accuracy = 61.740
2022-02-07 19:53:28,997 INFO ROUND 66
2022-02-07 19:55:17,691 INFO ROUND 67
2022-02-07 19:57:06,969 INFO ROUND 68
2022-02-07 19:58:59,504 INFO ROUND 69
2022-02-07 20:00:51,065 INFO ROUND 70
2022-02-07 20:02:53,588 INFO Server -> Train: Loss 0.958 | Accuracy = 66.448
2022-02-07 20:02:55,781 INFO Server -> Test: Loss 1.350 | Accuracy = 57.830
2022-02-07 20:02:55,828 INFO ROUND 71
2022-02-07 20:04:49,522 INFO ROUND 72
2022-02-07 20:06:44,289 INFO ROUND 73
2022-02-07 20:08:39,620 INFO ROUND 74
2022-02-07 20:10:35,634 INFO ROUND 75
2022-02-07 20:12:42,155 INFO Server -> Train: Loss 0.691 | Accuracy = 75.640
2022-02-07 20:12:44,459 INFO Server -> Test: Loss 1.126 | Accuracy = 63.380
2022-02-07 20:12:44,491 INFO ROUND 76
2022-02-07 20:14:42,061 INFO ROUND 77
2022-02-07 20:16:40,874 INFO ROUND 78
2022-02-07 20:18:40,232 INFO ROUND 79
2022-02-07 20:20:40,716 INFO ROUND 80
2022-02-07 20:22:52,067 INFO Server -> Train: Loss 0.732 | Accuracy = 73.916
2022-02-07 20:22:54,356 INFO Server -> Test: Loss 1.206 | Accuracy = 62.160
2022-02-07 20:22:54,390 INFO ROUND 81
2022-02-07 20:24:56,401 INFO ROUND 82
2022-02-07 20:26:58,913 INFO ROUND 83
2022-02-07 20:29:02,440 INFO ROUND 84
2022-02-07 20:31:06,659 INFO ROUND 85
2022-02-07 20:33:21,242 INFO Server -> Train: Loss 0.713 | Accuracy = 74.796
2022-02-07 20:33:23,466 INFO Server -> Test: Loss 1.215 | Accuracy = 62.680
2022-02-07 20:33:23,498 INFO ROUND 86
2022-02-07 20:35:29,195 INFO ROUND 87
2022-02-07 20:37:35,622 INFO ROUND 88
2022-02-07 20:39:43,245 INFO ROUND 89
2022-02-07 20:41:51,295 INFO ROUND 90
2022-02-07 20:44:10,288 INFO Server -> Train: Loss 0.741 | Accuracy = 73.768
2022-02-07 20:44:12,530 INFO Server -> Test: Loss 1.259 | Accuracy = 61.040
2022-02-07 20:44:12,565 INFO ROUND 91
2022-02-07 20:46:22,432 INFO ROUND 92
2022-02-07 20:48:33,027 INFO ROUND 93
2022-02-07 20:50:48,762 INFO ROUND 94
2022-02-07 20:53:02,844 INFO ROUND 95
2022-02-07 20:55:26,960 INFO Server -> Train: Loss 0.588 | Accuracy = 79.156
2022-02-07 20:55:29,280 INFO Server -> Test: Loss 1.159 | Accuracy = 64.390
2022-02-07 20:55:29,312 INFO ROUND 96
2022-02-07 20:57:44,912 INFO ROUND 97
2022-02-07 21:00:01,403 INFO ROUND 98
2022-02-07 21:02:18,288 INFO ROUND 99
2022-02-07 21:04:35,713 INFO ROUND 100
2022-02-07 21:07:03,742 INFO Server -> Train: Loss 0.632 | Accuracy = 77.802
2022-02-07 21:07:06,066 INFO Server -> Test: Loss 1.236 | Accuracy = 62.590
2022-02-07 21:07:06,098 INFO ROUND 101
2022-02-07 21:09:25,881 INFO ROUND 102
2022-02-07 21:11:46,106 INFO ROUND 103
2022-02-07 21:14:06,803 INFO ROUND 104
2022-02-07 21:16:28,156 INFO ROUND 105
2022-02-07 21:19:00,855 INFO Server -> Train: Loss 0.539 | Accuracy = 80.958
2022-02-07 21:19:03,292 INFO Server -> Test: Loss 1.185 | Accuracy = 64.410
2022-02-07 21:19:03,325 INFO ROUND 106
2022-02-07 21:21:25,730 INFO ROUND 107
2022-02-07 21:23:48,911 INFO ROUND 108
2022-02-07 21:26:15,556 INFO ROUND 109
2022-02-07 21:28:41,675 INFO ROUND 110
2022-02-07 21:31:16,602 INFO Server -> Train: Loss 0.685 | Accuracy = 75.582
2022-02-07 21:31:18,969 INFO Server -> Test: Loss 1.316 | Accuracy = 61.470
2022-02-07 21:31:19,015 INFO ROUND 111
2022-02-07 21:33:45,463 INFO ROUND 112
2022-02-07 21:36:13,527 INFO ROUND 113
2022-02-07 21:38:42,110 INFO ROUND 114
2022-02-07 21:41:11,159 INFO ROUND 115
2022-02-07 21:43:50,918 INFO Server -> Train: Loss 0.596 | Accuracy = 78.670
2022-02-07 21:43:53,396 INFO Server -> Test: Loss 1.289 | Accuracy = 62.280
2022-02-07 21:43:53,429 INFO ROUND 116
2022-02-07 21:46:24,434 INFO ROUND 117
2022-02-07 21:48:55,821 INFO ROUND 118
2022-02-07 21:51:29,048 INFO ROUND 119
2022-02-07 21:54:03,050 INFO ROUND 120
2022-02-07 21:56:48,762 INFO Server -> Train: Loss 0.532 | Accuracy = 80.890
2022-02-07 21:56:51,218 INFO Server -> Test: Loss 1.244 | Accuracy = 63.580
2022-02-07 21:56:51,267 INFO ROUND 121
2022-02-07 21:59:25,952 INFO ROUND 122
2022-02-07 22:02:04,577 INFO ROUND 123
2022-02-07 22:04:41,650 INFO ROUND 124
2022-02-07 22:07:18,882 INFO ROUND 125
2022-02-07 22:10:07,014 INFO Server -> Train: Loss 0.515 | Accuracy = 81.244
2022-02-07 22:10:09,458 INFO Server -> Test: Loss 1.222 | Accuracy = 63.340
2022-02-07 22:10:09,489 INFO ROUND 126
2022-02-07 22:12:48,654 INFO ROUND 127
2022-02-07 22:15:28,070 INFO ROUND 128
2022-02-07 22:18:08,600 INFO ROUND 129
2022-02-07 22:20:49,726 INFO ROUND 130
2022-02-07 22:23:42,318 INFO Server -> Train: Loss 0.436 | Accuracy = 84.752
2022-02-07 22:23:44,814 INFO Server -> Test: Loss 1.192 | Accuracy = 65.030
2022-02-07 22:23:44,860 INFO ROUND 131
2022-02-07 22:26:28,216 INFO ROUND 132
2022-02-07 22:29:11,988 INFO ROUND 133
2022-02-07 22:31:56,434 INFO ROUND 134
2022-02-07 22:34:41,498 INFO ROUND 135
2022-02-07 22:37:38,502 INFO Server -> Train: Loss 0.508 | Accuracy = 81.636
2022-02-07 22:37:41,038 INFO Server -> Test: Loss 1.298 | Accuracy = 63.430
2022-02-07 22:37:41,071 INFO ROUND 136
2022-02-07 22:40:28,568 INFO ROUND 137
2022-02-07 22:43:17,554 INFO ROUND 138
2022-02-07 22:46:06,513 INFO ROUND 139
2022-02-07 22:48:55,982 INFO ROUND 140
2022-02-07 22:51:56,787 INFO Server -> Train: Loss 0.512 | Accuracy = 81.450
2022-02-07 22:51:59,378 INFO Server -> Test: Loss 1.327 | Accuracy = 62.880
2022-02-07 22:51:59,411 INFO ROUND 141
2022-02-07 22:54:50,960 INFO ROUND 142
2022-02-07 22:57:45,529 INFO ROUND 143
2022-02-07 23:00:38,781 INFO ROUND 144
2022-02-07 23:03:30,564 INFO ROUND 145
2022-02-07 23:06:33,058 INFO Server -> Train: Loss 0.464 | Accuracy = 83.278
2022-02-07 23:06:35,609 INFO Server -> Test: Loss 1.261 | Accuracy = 63.710
2022-02-07 23:06:35,660 INFO ROUND 146
2022-02-07 23:09:29,250 INFO ROUND 147
2022-02-07 23:12:23,041 INFO ROUND 148
2022-02-07 23:15:18,990 INFO ROUND 149
2022-02-07 23:18:15,764 INFO ROUND 150
2022-02-07 23:21:23,196 INFO Server -> Train: Loss 0.494 | Accuracy = 82.184
2022-02-07 23:21:25,771 INFO Server -> Test: Loss 1.334 | Accuracy = 63.870
2022-02-07 23:21:25,806 INFO ROUND 151
2022-02-07 23:24:23,750 INFO ROUND 152
2022-02-07 23:27:21,876 INFO ROUND 153
2022-02-07 23:30:19,682 INFO ROUND 154
2022-02-07 23:33:18,518 INFO ROUND 155
2022-02-07 23:36:29,523 INFO Server -> Train: Loss 0.445 | Accuracy = 83.686
2022-02-07 23:36:32,076 INFO Server -> Test: Loss 1.307 | Accuracy = 63.640
2022-02-07 23:36:32,108 INFO ROUND 156
2022-02-07 23:39:33,787 INFO ROUND 157
2022-02-07 23:42:34,853 INFO ROUND 158
2022-02-07 23:45:43,009 INFO ROUND 159
2022-02-07 23:48:47,240 INFO ROUND 160
2022-02-07 23:52:02,960 INFO Server -> Train: Loss 0.394 | Accuracy = 85.892
2022-02-07 23:52:05,542 INFO Server -> Test: Loss 1.264 | Accuracy = 64.570
2022-02-07 23:52:05,575 INFO ROUND 161
2022-02-07 23:55:11,175 INFO ROUND 162
2022-02-07 23:58:17,485 INFO ROUND 163
2022-02-08 00:01:25,276 INFO ROUND 164
2022-02-08 00:04:33,137 INFO ROUND 165
2022-02-08 00:07:51,502 INFO Server -> Train: Loss 0.446 | Accuracy = 83.764
2022-02-08 00:07:54,068 INFO Server -> Test: Loss 1.357 | Accuracy = 63.370
2022-02-08 00:07:54,118 INFO ROUND 166
2022-02-08 00:11:03,807 INFO ROUND 167
2022-02-08 00:14:13,534 INFO ROUND 168
2022-02-08 00:17:23,027 INFO ROUND 169
2022-02-08 00:20:34,597 INFO ROUND 170
2022-02-08 00:23:57,665 INFO Server -> Train: Loss 0.405 | Accuracy = 85.278
2022-02-08 00:24:00,227 INFO Server -> Test: Loss 1.324 | Accuracy = 63.380
2022-02-08 00:24:00,259 INFO ROUND 171
2022-02-08 00:27:12,930 INFO ROUND 172
2022-02-08 00:30:26,952 INFO ROUND 173
2022-02-08 00:33:41,731 INFO ROUND 174
2022-02-08 00:36:57,787 INFO ROUND 175
2022-02-08 00:40:24,410 INFO Server -> Train: Loss 0.399 | Accuracy = 85.712
2022-02-08 00:40:27,083 INFO Server -> Test: Loss 1.304 | Accuracy = 64.050
2022-02-08 00:40:27,115 INFO ROUND 176
2022-02-08 00:43:44,416 INFO ROUND 177
2022-02-08 00:47:02,515 INFO ROUND 178
2022-02-08 00:50:22,025 INFO ROUND 179
2022-02-08 00:53:41,462 INFO ROUND 180
2022-02-08 00:57:11,640 INFO Server -> Train: Loss 0.382 | Accuracy = 85.954
2022-02-08 00:57:14,333 INFO Server -> Test: Loss 1.346 | Accuracy = 63.850
2022-02-08 00:57:14,366 INFO ROUND 181
2022-02-08 01:00:35,715 INFO ROUND 182
2022-02-08 01:03:57,404 INFO ROUND 183
2022-02-08 01:07:20,627 INFO ROUND 184
2022-02-08 01:10:43,924 INFO ROUND 185
2022-02-08 01:14:18,242 INFO Server -> Train: Loss 0.346 | Accuracy = 87.840
2022-02-08 01:14:20,967 INFO Server -> Test: Loss 1.316 | Accuracy = 64.530
2022-02-08 01:14:20,999 INFO ROUND 186
2022-02-08 01:17:45,843 INFO ROUND 187
2022-02-08 01:21:12,473 INFO ROUND 188
2022-02-08 01:24:39,506 INFO ROUND 189
2022-02-08 01:28:08,288 INFO ROUND 190
2022-02-08 01:31:47,805 INFO Server -> Train: Loss 0.361 | Accuracy = 87.186
2022-02-08 01:31:50,507 INFO Server -> Test: Loss 1.343 | Accuracy = 64.000
2022-02-08 01:31:50,539 INFO ROUND 191
2022-02-08 01:35:22,009 INFO ROUND 192
2022-02-08 01:38:52,796 INFO ROUND 193
2022-02-08 01:42:23,968 INFO ROUND 194
2022-02-08 01:45:55,884 INFO ROUND 195
2022-02-08 01:49:38,484 INFO Server -> Train: Loss 0.439 | Accuracy = 83.790
2022-02-08 01:49:41,297 INFO Server -> Test: Loss 1.418 | Accuracy = 63.060
2022-02-08 01:49:41,331 INFO ROUND 196
2022-02-08 01:53:14,195 INFO ROUND 197
2022-02-08 01:56:48,973 INFO ROUND 198
2022-02-08 02:00:24,143 INFO ROUND 199
2022-02-08 02:03:59,669 INFO ROUND 200
2022-02-08 02:07:45,656 INFO Server -> Train: Loss 0.301 | Accuracy = 89.602
2022-02-08 02:07:48,591 INFO Server -> Test: Loss 1.277 | Accuracy = 64.590
2022-02-08 02:07:48,627 INFO ROUND 201
2022-02-08 02:11:29,120 INFO ROUND 202
2022-02-08 02:15:08,126 INFO ROUND 203
2022-02-08 02:18:46,706 INFO ROUND 204
2022-02-08 02:22:28,755 INFO ROUND 205
2022-02-08 02:26:22,197 INFO Server -> Train: Loss 0.273 | Accuracy = 91.024
2022-02-08 02:26:25,084 INFO Server -> Test: Loss 1.278 | Accuracy = 65.800
2022-02-08 02:26:25,116 INFO ROUND 206
2022-02-08 02:30:10,302 INFO ROUND 207
2022-02-08 02:33:56,280 INFO ROUND 208
2022-02-08 02:37:42,059 INFO ROUND 209
2022-02-08 02:41:29,244 INFO ROUND 210
2022-02-08 02:45:26,501 INFO Server -> Train: Loss 0.397 | Accuracy = 85.010
2022-02-08 02:45:29,294 INFO Server -> Test: Loss 1.424 | Accuracy = 62.940
2022-02-08 02:45:29,327 INFO ROUND 211
2022-02-08 02:49:17,557 INFO ROUND 212
2022-02-08 02:53:06,122 INFO ROUND 213
2022-02-08 02:56:56,110 INFO ROUND 214
2022-02-08 03:00:46,337 INFO ROUND 215
2022-02-08 03:04:47,367 INFO Server -> Train: Loss 0.287 | Accuracy = 90.006
2022-02-08 03:04:50,183 INFO Server -> Test: Loss 1.296 | Accuracy = 65.190
2022-02-08 03:04:50,218 INFO ROUND 216
2022-02-08 03:08:42,868 INFO ROUND 217
