2022-02-06 09:10:50,268 INFO ('Client samples sizes:', array([1000, 1000, 1000, 1000, 1000, 1000, 1000, 1000, 1000, 1000, 1000,
       1000, 1000, 1000, 1000, 1000, 1000, 1000, 1000, 1000, 1000, 1000,
       1000, 1000, 1000, 1000, 1000, 1000, 1000, 1000, 1000, 1000, 1000,
       1000, 1000, 1000, 1000, 1000, 1000, 1000, 1000, 1000, 1000, 1000,
       1000, 1000, 1000, 1000, 1000, 1000]), 'total:', 50000)
2022-02-06 09:11:52,115 INFO ROUND 1
2022-02-06 09:13:22,333 INFO [AFTER AVG]
2022-02-06 09:13:38,393 INFO Server -> Train: Loss 2.079 | Accuracy = 30.632
2022-02-06 09:13:38,394 INFO ROUND 2
2022-02-06 09:15:09,207 INFO [AFTER AVG]
2022-02-06 09:15:25,012 INFO Server -> Train: Loss 1.790 | Accuracy = 34.304
2022-02-06 09:15:25,014 INFO ROUND 3
2022-02-06 09:16:58,743 INFO [AFTER AVG]
2022-02-06 09:17:14,551 INFO Server -> Train: Loss 1.571 | Accuracy = 42.592
2022-02-06 09:17:14,553 INFO ROUND 4
2022-02-06 09:18:47,450 INFO [AFTER AVG]
2022-02-06 09:19:03,057 INFO Server -> Train: Loss 1.471 | Accuracy = 46.364
2022-02-06 09:19:03,059 INFO ROUND 5
2022-02-06 09:20:35,342 INFO [AFTER AVG]
2022-02-06 09:20:51,032 INFO Server -> Train: Loss 1.397 | Accuracy = 49.300
2022-02-06 09:20:51,032 INFO ROUND 6
2022-02-06 09:22:23,563 INFO [AFTER AVG]
2022-02-06 09:22:38,976 INFO Server -> Train: Loss 1.346 | Accuracy = 51.450
2022-02-06 09:22:38,978 INFO ROUND 7
2022-02-06 09:24:15,994 INFO [AFTER AVG]
2022-02-06 09:24:31,830 INFO Server -> Train: Loss 1.266 | Accuracy = 54.788
2022-02-06 09:24:31,831 INFO ROUND 8
2022-02-06 09:26:07,899 INFO [AFTER AVG]
2022-02-06 09:26:23,783 INFO Server -> Train: Loss 1.242 | Accuracy = 56.144
2022-02-06 09:26:23,785 INFO ROUND 9
2022-02-06 09:28:00,182 INFO [AFTER AVG]
2022-02-06 09:28:16,042 INFO Server -> Train: Loss 1.187 | Accuracy = 59.262
2022-02-06 09:28:16,043 INFO ROUND 10
2022-02-06 09:29:54,661 INFO [AFTER AVG]
2022-02-06 09:30:10,563 INFO Server -> Train: Loss 1.148 | Accuracy = 61.004
2022-02-06 09:30:10,564 INFO ROUND 11
2022-02-06 09:31:50,273 INFO [AFTER AVG]
2022-02-06 09:32:06,207 INFO Server -> Train: Loss 1.121 | Accuracy = 62.368
2022-02-06 09:32:06,208 INFO ROUND 12
2022-02-06 09:33:45,537 INFO [AFTER AVG]
2022-02-06 09:34:01,243 INFO Server -> Train: Loss 1.088 | Accuracy = 63.352
2022-02-06 09:34:01,244 INFO ROUND 13
2022-02-06 09:35:42,544 INFO [AFTER AVG]
2022-02-06 09:35:58,211 INFO Server -> Train: Loss 1.057 | Accuracy = 64.982
2022-02-06 09:35:58,212 INFO ROUND 14
2022-02-06 09:37:40,340 INFO [AFTER AVG]
2022-02-06 09:37:56,191 INFO Server -> Train: Loss 1.031 | Accuracy = 66.154
2022-02-06 09:37:56,192 INFO ROUND 15
2022-02-06 09:39:39,930 INFO [AFTER AVG]
2022-02-06 09:39:55,788 INFO Server -> Train: Loss 0.974 | Accuracy = 67.514
2022-02-06 09:39:59,098 INFO Server -> Test: Loss 1.189 | Accuracy = 62.440
2022-02-06 09:39:59,159 INFO ROUND 16
2022-02-06 09:41:42,684 INFO [AFTER AVG]
2022-02-06 09:41:58,126 INFO Server -> Train: Loss 0.986 | Accuracy = 67.110
2022-02-06 09:41:58,127 INFO ROUND 17
2022-02-06 09:43:42,419 INFO [AFTER AVG]
2022-02-06 09:43:58,225 INFO Server -> Train: Loss 0.912 | Accuracy = 69.436
2022-02-06 09:43:58,226 INFO ROUND 18
2022-02-06 09:45:44,815 INFO [AFTER AVG]
2022-02-06 09:46:00,536 INFO Server -> Train: Loss 0.885 | Accuracy = 70.538
2022-02-06 09:46:00,537 INFO ROUND 19
2022-02-06 09:47:46,328 INFO [AFTER AVG]
2022-02-06 09:48:01,882 INFO Server -> Train: Loss 0.856 | Accuracy = 71.166
2022-02-06 09:48:01,883 INFO ROUND 20
2022-02-06 09:49:48,382 INFO [AFTER AVG]
2022-02-06 09:50:03,912 INFO Server -> Train: Loss 0.838 | Accuracy = 71.806
2022-02-06 09:50:03,914 INFO ROUND 21
2022-02-06 09:51:51,165 INFO [AFTER AVG]
2022-02-06 09:52:06,806 INFO Server -> Train: Loss 0.796 | Accuracy = 73.018
2022-02-06 09:52:06,807 INFO ROUND 22
2022-02-06 09:53:56,473 INFO [AFTER AVG]
2022-02-06 09:54:12,297 INFO Server -> Train: Loss 0.785 | Accuracy = 73.562
2022-02-06 09:54:12,298 INFO ROUND 23
2022-02-06 09:56:03,674 INFO [AFTER AVG]
2022-02-06 09:56:19,542 INFO Server -> Train: Loss 0.757 | Accuracy = 74.424
2022-02-06 09:56:19,544 INFO ROUND 24
2022-02-06 09:58:12,096 INFO [AFTER AVG]
2022-02-06 09:58:27,813 INFO Server -> Train: Loss 0.742 | Accuracy = 74.710
2022-02-06 09:58:27,814 INFO ROUND 25
2022-02-06 10:00:21,124 INFO [AFTER AVG]
2022-02-06 10:00:36,959 INFO Server -> Train: Loss 0.706 | Accuracy = 75.802
2022-02-06 10:00:36,960 INFO ROUND 26
2022-02-06 10:02:31,310 INFO [AFTER AVG]
2022-02-06 10:02:47,108 INFO Server -> Train: Loss 0.696 | Accuracy = 76.252
2022-02-06 10:02:47,109 INFO ROUND 27
2022-02-06 10:04:42,307 INFO [AFTER AVG]
2022-02-06 10:04:58,062 INFO Server -> Train: Loss 0.671 | Accuracy = 76.954
2022-02-06 10:04:58,063 INFO ROUND 28
2022-02-06 10:06:52,828 INFO [AFTER AVG]
2022-02-06 10:07:08,425 INFO Server -> Train: Loss 0.656 | Accuracy = 77.572
2022-02-06 10:07:08,426 INFO ROUND 29
2022-02-06 10:09:04,420 INFO [AFTER AVG]
2022-02-06 10:09:20,118 INFO Server -> Train: Loss 0.637 | Accuracy = 78.174
2022-02-06 10:09:20,118 INFO ROUND 30
2022-02-06 10:11:15,470 INFO [AFTER AVG]
2022-02-06 10:11:30,983 INFO Server -> Train: Loss 0.629 | Accuracy = 78.692
2022-02-06 10:11:34,314 INFO Server -> Test: Loss 1.162 | Accuracy = 65.660
2022-02-06 10:11:34,380 INFO ROUND 31
2022-02-06 10:13:33,291 INFO [AFTER AVG]
2022-02-06 10:13:48,963 INFO Server -> Train: Loss 0.596 | Accuracy = 79.532
2022-02-06 10:13:48,963 INFO ROUND 32
2022-02-06 10:15:47,491 INFO [AFTER AVG]
2022-02-06 10:16:03,157 INFO Server -> Train: Loss 0.592 | Accuracy = 79.586
2022-02-06 10:16:03,158 INFO ROUND 33
2022-02-06 10:18:02,632 INFO [AFTER AVG]
2022-02-06 10:18:18,428 INFO Server -> Train: Loss 0.560 | Accuracy = 80.684
2022-02-06 10:18:18,428 INFO ROUND 34
2022-02-06 10:20:19,560 INFO [AFTER AVG]
2022-02-06 10:20:35,244 INFO Server -> Train: Loss 0.550 | Accuracy = 81.012
2022-02-06 10:20:35,244 INFO ROUND 35
2022-02-06 10:22:38,021 INFO [AFTER AVG]
2022-02-06 10:22:53,628 INFO Server -> Train: Loss 0.535 | Accuracy = 81.500
2022-02-06 10:22:53,629 INFO ROUND 36
2022-02-06 10:24:57,401 INFO [AFTER AVG]
2022-02-06 10:25:12,957 INFO Server -> Train: Loss 0.516 | Accuracy = 82.072
2022-02-06 10:25:12,959 INFO ROUND 37
2022-02-06 10:27:17,715 INFO [AFTER AVG]
2022-02-06 10:27:33,231 INFO Server -> Train: Loss 0.514 | Accuracy = 82.334
2022-02-06 10:27:33,233 INFO ROUND 38
2022-02-06 10:29:37,485 INFO [AFTER AVG]
2022-02-06 10:29:53,142 INFO Server -> Train: Loss 0.489 | Accuracy = 82.860
2022-02-06 10:29:53,144 INFO ROUND 39
2022-02-06 10:31:56,411 INFO [AFTER AVG]
2022-02-06 10:32:12,052 INFO Server -> Train: Loss 0.471 | Accuracy = 83.646
2022-02-06 10:32:12,054 INFO ROUND 40
2022-02-06 10:34:16,663 INFO [AFTER AVG]
2022-02-06 10:34:32,165 INFO Server -> Train: Loss 0.465 | Accuracy = 83.764
2022-02-06 10:34:32,166 INFO ROUND 41
2022-02-06 10:36:39,497 INFO [AFTER AVG]
2022-02-06 10:36:55,070 INFO Server -> Train: Loss 0.451 | Accuracy = 84.332
2022-02-06 10:36:55,070 INFO ROUND 42
2022-02-06 10:39:04,328 INFO [AFTER AVG]
2022-02-06 10:39:19,786 INFO Server -> Train: Loss 0.429 | Accuracy = 85.000
2022-02-06 10:39:19,787 INFO ROUND 43
2022-02-06 10:41:29,188 INFO [AFTER AVG]
2022-02-06 10:41:44,767 INFO Server -> Train: Loss 0.425 | Accuracy = 85.208
2022-02-06 10:41:44,768 INFO ROUND 44
2022-02-06 10:43:54,937 INFO [AFTER AVG]
2022-02-06 10:44:10,320 INFO Server -> Train: Loss 0.412 | Accuracy = 85.546
2022-02-06 10:44:10,321 INFO ROUND 45
2022-02-06 10:46:21,292 INFO [AFTER AVG]
2022-02-06 10:46:36,784 INFO Server -> Train: Loss 0.405 | Accuracy = 85.892
2022-02-06 10:46:40,141 INFO Server -> Test: Loss 1.218 | Accuracy = 66.670
2022-02-06 10:46:40,205 INFO ROUND 46
2022-02-06 10:48:52,644 INFO [AFTER AVG]
2022-02-06 10:49:07,963 INFO Server -> Train: Loss 0.388 | Accuracy = 86.574
2022-02-06 10:49:07,963 INFO ROUND 47
2022-02-06 10:51:23,165 INFO [AFTER AVG]
2022-02-06 10:51:38,618 INFO Server -> Train: Loss 0.383 | Accuracy = 86.602
2022-02-06 10:51:38,620 INFO ROUND 48
2022-02-06 10:53:52,207 INFO [AFTER AVG]
2022-02-06 10:54:07,629 INFO Server -> Train: Loss 0.363 | Accuracy = 87.368
2022-02-06 10:54:07,629 INFO ROUND 49
2022-02-06 10:56:21,947 INFO [AFTER AVG]
2022-02-06 10:56:37,316 INFO Server -> Train: Loss 0.353 | Accuracy = 87.652
2022-02-06 10:56:37,316 INFO ROUND 50
2022-02-06 10:58:52,718 INFO [AFTER AVG]
2022-02-06 10:59:07,927 INFO Server -> Train: Loss 0.345 | Accuracy = 87.936
2022-02-06 10:59:07,928 INFO ROUND 51
2022-02-06 11:01:24,779 INFO [AFTER AVG]
2022-02-06 11:01:40,184 INFO Server -> Train: Loss 0.339 | Accuracy = 88.110
2022-02-06 11:01:40,185 INFO ROUND 52
2022-02-06 11:03:57,894 INFO [AFTER AVG]
2022-02-06 11:04:13,330 INFO Server -> Train: Loss 0.330 | Accuracy = 88.532
2022-02-06 11:04:13,330 INFO ROUND 53
2022-02-06 11:06:31,826 INFO [AFTER AVG]
2022-02-06 11:06:47,229 INFO Server -> Train: Loss 0.315 | Accuracy = 89.104
2022-02-06 11:06:47,229 INFO ROUND 54
2022-02-06 11:09:07,186 INFO [AFTER AVG]
2022-02-06 11:09:22,904 INFO Server -> Train: Loss 0.304 | Accuracy = 89.330
2022-02-06 11:09:22,905 INFO ROUND 55
2022-02-06 11:11:43,690 INFO [AFTER AVG]
2022-02-06 11:11:59,064 INFO Server -> Train: Loss 0.293 | Accuracy = 89.754
2022-02-06 11:11:59,066 INFO ROUND 56
2022-02-06 11:14:21,247 INFO [AFTER AVG]
2022-02-06 11:14:36,769 INFO Server -> Train: Loss 0.289 | Accuracy = 89.940
2022-02-06 11:14:36,770 INFO ROUND 57
2022-02-06 11:16:59,839 INFO [AFTER AVG]
2022-02-06 11:17:15,232 INFO Server -> Train: Loss 0.279 | Accuracy = 90.224
2022-02-06 11:17:15,232 INFO ROUND 58
2022-02-06 11:19:38,706 INFO [AFTER AVG]
2022-02-06 11:19:54,098 INFO Server -> Train: Loss 0.271 | Accuracy = 90.610
2022-02-06 11:19:54,100 INFO ROUND 59
2022-02-06 11:22:18,210 INFO [AFTER AVG]
2022-02-06 11:22:33,582 INFO Server -> Train: Loss 0.263 | Accuracy = 90.854
2022-02-06 11:22:33,583 INFO ROUND 60
2022-02-06 11:24:59,332 INFO [AFTER AVG]
2022-02-06 11:25:14,829 INFO Server -> Train: Loss 0.260 | Accuracy = 90.994
2022-02-06 11:25:18,294 INFO Server -> Test: Loss 1.343 | Accuracy = 66.770
2022-02-06 11:25:18,358 INFO ROUND 61
2022-02-06 11:27:44,698 INFO [AFTER AVG]
2022-02-06 11:28:00,339 INFO Server -> Train: Loss 0.246 | Accuracy = 91.486
2022-02-06 11:28:00,340 INFO ROUND 62
2022-02-06 11:30:28,625 INFO [AFTER AVG]
2022-02-06 11:30:44,215 INFO Server -> Train: Loss 0.240 | Accuracy = 91.828
2022-02-06 11:30:44,216 INFO ROUND 63
2022-02-06 11:33:12,464 INFO [AFTER AVG]
2022-02-06 11:33:28,148 INFO Server -> Train: Loss 0.234 | Accuracy = 91.940
2022-02-06 11:33:28,150 INFO ROUND 64
2022-02-06 11:35:58,333 INFO [AFTER AVG]
2022-02-06 11:36:13,923 INFO Server -> Train: Loss 0.223 | Accuracy = 92.368
2022-02-06 11:36:13,924 INFO ROUND 65
2022-02-06 11:38:45,144 INFO [AFTER AVG]
2022-02-06 11:39:00,844 INFO Server -> Train: Loss 0.218 | Accuracy = 92.460
2022-02-06 11:39:00,845 INFO ROUND 66
2022-02-06 15:02:10,254 INFO ('Client samples sizes:', array([1000, 1000, 1000, 1000, 1000, 1000, 1000, 1000, 1000, 1000, 1000,
       1000, 1000, 1000, 1000, 1000, 1000, 1000, 1000, 1000, 1000, 1000,
       1000, 1000, 1000, 1000, 1000, 1000, 1000, 1000, 1000, 1000, 1000,
       1000, 1000, 1000, 1000, 1000, 1000, 1000, 1000, 1000, 1000, 1000,
       1000, 1000, 1000, 1000, 1000, 1000]), 'total:', 50000)
2022-02-06 15:02:26,724 INFO ROUND 61
2022-02-06 15:03:32,758 INFO [AFTER AVG]
2022-02-06 15:03:42,943 INFO Server -> Train: Loss 0.274 | Accuracy = 90.764
2022-02-06 15:03:42,943 INFO ROUND 62
2022-02-06 15:04:49,416 INFO [AFTER AVG]
2022-02-06 15:04:59,642 INFO Server -> Train: Loss 0.236 | Accuracy = 92.232
2022-02-06 15:04:59,642 INFO ROUND 63
2022-02-06 15:06:06,842 INFO [AFTER AVG]
2022-02-06 15:06:17,069 INFO Server -> Train: Loss 0.227 | Accuracy = 92.524
2022-02-06 15:06:17,070 INFO ROUND 64
2022-02-06 15:07:25,015 INFO [AFTER AVG]
2022-02-06 15:07:35,175 INFO Server -> Train: Loss 0.205 | Accuracy = 93.270
2022-02-06 15:07:35,175 INFO ROUND 65
2022-02-06 15:08:44,013 INFO [AFTER AVG]
2022-02-06 15:08:54,376 INFO Server -> Train: Loss 0.201 | Accuracy = 93.522
2022-02-06 15:08:54,376 INFO ROUND 66
2022-02-06 15:10:04,224 INFO [AFTER AVG]
2022-02-06 15:10:14,632 INFO Server -> Train: Loss 0.187 | Accuracy = 94.120
2022-02-06 15:10:14,633 INFO ROUND 67
2022-02-06 15:11:26,138 INFO [AFTER AVG]
2022-02-06 15:11:36,611 INFO Server -> Train: Loss 0.176 | Accuracy = 94.482
2022-02-06 15:11:36,611 INFO ROUND 68
2022-02-06 15:12:48,193 INFO [AFTER AVG]
2022-02-06 15:12:58,439 INFO Server -> Train: Loss 0.167 | Accuracy = 94.756
2022-02-06 15:12:58,440 INFO ROUND 69
2022-02-06 15:14:09,029 INFO [AFTER AVG]
2022-02-06 15:14:19,013 INFO Server -> Train: Loss 0.158 | Accuracy = 95.034
2022-02-06 15:14:19,014 INFO ROUND 70
2022-02-06 15:15:30,579 INFO [AFTER AVG]
2022-02-06 15:15:40,695 INFO Server -> Train: Loss 0.156 | Accuracy = 95.136
2022-02-06 15:15:40,695 INFO ROUND 71
2022-02-06 15:16:53,971 INFO [AFTER AVG]
2022-02-06 15:17:04,377 INFO Server -> Train: Loss 0.141 | Accuracy = 95.756
2022-02-06 15:17:04,378 INFO ROUND 72
2022-02-06 15:18:18,056 INFO [AFTER AVG]
2022-02-06 15:18:28,267 INFO Server -> Train: Loss 0.136 | Accuracy = 95.996
2022-02-06 15:18:28,268 INFO ROUND 73
2022-02-06 15:19:42,264 INFO [AFTER AVG]
2022-02-06 15:19:52,419 INFO Server -> Train: Loss 0.128 | Accuracy = 96.262
2022-02-06 15:19:52,420 INFO ROUND 74
2022-02-06 15:21:07,046 INFO [AFTER AVG]
2022-02-06 15:21:17,210 INFO Server -> Train: Loss 0.122 | Accuracy = 96.500
2022-02-06 15:21:17,211 INFO ROUND 75
2022-02-06 15:22:32,472 INFO [AFTER AVG]
2022-02-06 15:22:42,410 INFO Server -> Train: Loss 0.113 | Accuracy = 96.746
2022-02-06 15:22:44,638 INFO Server -> Test: Loss 1.423 | Accuracy = 67.770
2022-02-06 15:22:44,686 INFO ROUND 76
2022-02-06 15:24:00,823 INFO [AFTER AVG]
2022-02-06 15:24:11,303 INFO Server -> Train: Loss 0.111 | Accuracy = 96.724
2022-02-06 15:24:11,303 INFO ROUND 77
2022-02-06 15:25:28,772 INFO [AFTER AVG]
2022-02-06 15:25:38,865 INFO Server -> Train: Loss 0.111 | Accuracy = 96.798
2022-02-06 15:25:38,866 INFO ROUND 78
2022-02-06 15:26:56,937 INFO [AFTER AVG]
2022-02-06 15:27:07,255 INFO Server -> Train: Loss 0.101 | Accuracy = 97.356
2022-02-06 15:27:07,256 INFO ROUND 79
2022-02-06 15:28:27,169 INFO [AFTER AVG]
2022-02-06 15:28:37,335 INFO Server -> Train: Loss 0.094 | Accuracy = 97.450
2022-02-06 15:28:37,336 INFO ROUND 80
2022-02-06 15:29:55,061 INFO [AFTER AVG]
2022-02-06 15:30:05,003 INFO Server -> Train: Loss 0.090 | Accuracy = 97.684
2022-02-06 15:30:05,004 INFO ROUND 81
2022-02-06 15:31:23,238 INFO [AFTER AVG]
2022-02-06 15:31:33,295 INFO Server -> Train: Loss 0.085 | Accuracy = 97.770
2022-02-06 15:31:33,295 INFO ROUND 82
2022-02-06 15:32:52,866 INFO [AFTER AVG]
2022-02-06 15:33:03,056 INFO Server -> Train: Loss 0.085 | Accuracy = 97.804
2022-02-06 15:33:03,056 INFO ROUND 83
2022-02-06 15:34:23,647 INFO [AFTER AVG]
2022-02-06 15:34:33,587 INFO Server -> Train: Loss 0.084 | Accuracy = 97.768
2022-02-06 15:34:33,587 INFO ROUND 84
2022-02-06 15:35:54,209 INFO [AFTER AVG]
2022-02-06 15:36:04,124 INFO Server -> Train: Loss 0.078 | Accuracy = 98.054
2022-02-06 15:36:04,124 INFO ROUND 85
2022-02-06 15:37:26,412 INFO [AFTER AVG]
2022-02-06 15:37:36,542 INFO Server -> Train: Loss 0.076 | Accuracy = 98.056
2022-02-06 15:37:36,542 INFO ROUND 86
2022-02-06 15:38:59,436 INFO [AFTER AVG]
2022-02-06 15:39:09,567 INFO Server -> Train: Loss 0.071 | Accuracy = 98.272
2022-02-06 15:39:09,567 INFO ROUND 87
2022-02-06 15:40:34,209 INFO [AFTER AVG]
2022-02-06 15:40:44,379 INFO Server -> Train: Loss 0.067 | Accuracy = 98.420
2022-02-06 15:40:44,380 INFO ROUND 88
2022-02-06 15:42:08,923 INFO [AFTER AVG]
2022-02-06 15:42:18,960 INFO Server -> Train: Loss 0.065 | Accuracy = 98.492
2022-02-06 15:42:18,961 INFO ROUND 89
2022-02-06 15:43:44,858 INFO [AFTER AVG]
2022-02-06 15:43:54,903 INFO Server -> Train: Loss 0.064 | Accuracy = 98.544
2022-02-06 15:43:54,904 INFO ROUND 90
2022-02-06 15:45:21,216 INFO [AFTER AVG]
2022-02-06 15:45:31,369 INFO Server -> Train: Loss 0.067 | Accuracy = 98.498
2022-02-06 15:45:33,606 INFO Server -> Test: Loss 1.567 | Accuracy = 67.270
2022-02-06 15:45:33,662 INFO ROUND 91
2022-02-06 15:47:00,824 INFO [AFTER AVG]
2022-02-06 15:47:11,037 INFO Server -> Train: Loss 0.059 | Accuracy = 98.768
2022-02-06 15:47:11,038 INFO ROUND 92
2022-02-06 15:48:39,048 INFO [AFTER AVG]
2022-02-06 15:48:49,206 INFO Server -> Train: Loss 0.057 | Accuracy = 98.806
2022-02-06 15:48:49,206 INFO ROUND 93
2022-02-06 15:50:19,753 INFO [AFTER AVG]
2022-02-06 15:50:29,902 INFO Server -> Train: Loss 0.055 | Accuracy = 98.922
2022-02-06 15:50:29,903 INFO ROUND 94
2022-02-06 15:51:58,734 INFO [AFTER AVG]
2022-02-06 15:52:08,829 INFO Server -> Train: Loss 0.057 | Accuracy = 98.802
2022-02-06 15:52:08,830 INFO ROUND 95
2022-02-06 15:53:38,435 INFO [AFTER AVG]
2022-02-06 15:53:48,462 INFO Server -> Train: Loss 0.053 | Accuracy = 98.988
2022-02-06 15:53:48,462 INFO ROUND 96
2022-02-06 15:55:18,794 INFO [AFTER AVG]
2022-02-06 15:55:28,967 INFO Server -> Train: Loss 0.049 | Accuracy = 99.206
2022-02-06 15:55:28,968 INFO ROUND 97
2022-02-06 15:57:00,684 INFO [AFTER AVG]
2022-02-06 15:57:10,905 INFO Server -> Train: Loss 0.049 | Accuracy = 99.140
2022-02-06 15:57:10,905 INFO ROUND 98
2022-02-06 15:58:43,610 INFO [AFTER AVG]
2022-02-06 15:58:53,904 INFO Server -> Train: Loss 0.048 | Accuracy = 99.158
2022-02-06 15:58:53,904 INFO ROUND 99
2022-02-06 16:00:27,634 INFO [AFTER AVG]
2022-02-06 16:00:37,831 INFO Server -> Train: Loss 0.044 | Accuracy = 99.250
2022-02-06 16:00:37,832 INFO ROUND 100
2022-02-06 16:02:11,893 INFO [AFTER AVG]
2022-02-06 16:02:21,755 INFO Server -> Train: Loss 0.044 | Accuracy = 99.282
2022-02-06 16:02:21,756 INFO ROUND 101
2022-02-06 16:03:55,873 INFO [AFTER AVG]
2022-02-06 16:04:05,828 INFO Server -> Train: Loss 0.042 | Accuracy = 99.314
2022-02-06 16:04:05,829 INFO ROUND 102
2022-02-06 16:05:39,780 INFO [AFTER AVG]
2022-02-06 16:05:49,537 INFO Server -> Train: Loss 0.044 | Accuracy = 99.296
2022-02-06 16:05:49,537 INFO ROUND 103
2022-02-06 16:07:24,405 INFO [AFTER AVG]
2022-02-06 16:07:34,212 INFO Server -> Train: Loss 0.041 | Accuracy = 99.410
2022-02-06 16:07:34,213 INFO ROUND 104
2022-02-06 16:09:09,804 INFO [AFTER AVG]
2022-02-06 16:09:19,767 INFO Server -> Train: Loss 0.039 | Accuracy = 99.486
2022-02-06 16:09:19,768 INFO ROUND 105
2022-02-06 16:10:56,430 INFO [AFTER AVG]
2022-02-06 16:11:06,398 INFO Server -> Train: Loss 0.038 | Accuracy = 99.514
2022-02-06 16:11:08,648 INFO Server -> Test: Loss 1.662 | Accuracy = 67.740
2022-02-06 16:11:08,695 INFO ROUND 106
2022-02-06 16:12:46,118 INFO [AFTER AVG]
2022-02-06 16:12:55,998 INFO Server -> Train: Loss 0.038 | Accuracy = 99.532
2022-02-06 16:12:55,999 INFO ROUND 107
2022-02-06 16:14:33,691 INFO [AFTER AVG]
2022-02-06 16:14:43,564 INFO Server -> Train: Loss 0.039 | Accuracy = 99.490
2022-02-06 16:14:43,565 INFO ROUND 108
2022-02-06 16:16:22,003 INFO [AFTER AVG]
2022-02-06 16:16:32,055 INFO Server -> Train: Loss 0.036 | Accuracy = 99.574
2022-02-06 16:16:32,056 INFO ROUND 109
2022-02-06 16:18:12,989 INFO [AFTER AVG]
2022-02-06 16:18:22,824 INFO Server -> Train: Loss 0.039 | Accuracy = 99.478
2022-02-06 16:18:22,825 INFO ROUND 110
2022-02-06 16:20:02,936 INFO [AFTER AVG]
2022-02-06 16:20:12,922 INFO Server -> Train: Loss 0.036 | Accuracy = 99.628
2022-02-06 16:20:12,923 INFO ROUND 111
2022-02-06 16:21:53,306 INFO [AFTER AVG]
2022-02-06 16:22:03,337 INFO Server -> Train: Loss 0.035 | Accuracy = 99.600
2022-02-06 16:22:03,337 INFO ROUND 112
2022-02-06 16:23:44,593 INFO [AFTER AVG]
2022-02-06 16:23:54,562 INFO Server -> Train: Loss 0.034 | Accuracy = 99.674
2022-02-06 16:23:54,562 INFO ROUND 113
2022-02-06 16:25:36,882 INFO [AFTER AVG]
2022-02-06 16:25:46,914 INFO Server -> Train: Loss 0.033 | Accuracy = 99.672
2022-02-06 16:25:46,915 INFO ROUND 114
2022-02-06 16:27:29,628 INFO [AFTER AVG]
2022-02-06 16:27:39,554 INFO Server -> Train: Loss 0.032 | Accuracy = 99.706
2022-02-06 16:27:39,554 INFO ROUND 115
2022-02-06 16:29:23,089 INFO [AFTER AVG]
2022-02-06 16:29:33,024 INFO Server -> Train: Loss 0.032 | Accuracy = 99.690
2022-02-06 16:29:33,025 INFO ROUND 116
2022-02-06 16:31:17,846 INFO [AFTER AVG]
2022-02-06 16:31:27,694 INFO Server -> Train: Loss 0.032 | Accuracy = 99.678
2022-02-06 16:31:27,694 INFO ROUND 117
2022-02-06 16:33:12,641 INFO [AFTER AVG]
2022-02-06 16:33:22,488 INFO Server -> Train: Loss 0.031 | Accuracy = 99.720
2022-02-06 16:33:22,489 INFO ROUND 118
2022-02-06 16:35:08,433 INFO [AFTER AVG]
2022-02-06 16:35:18,374 INFO Server -> Train: Loss 0.030 | Accuracy = 99.702
2022-02-06 16:35:18,374 INFO ROUND 119
2022-02-06 16:37:05,173 INFO [AFTER AVG]
2022-02-06 16:37:14,949 INFO Server -> Train: Loss 0.030 | Accuracy = 99.726
2022-02-06 16:37:14,950 INFO ROUND 120
2022-02-06 16:39:02,496 INFO [AFTER AVG]
2022-02-06 16:39:12,430 INFO Server -> Train: Loss 0.029 | Accuracy = 99.766
2022-02-06 16:39:14,708 INFO Server -> Test: Loss 1.665 | Accuracy = 67.840
2022-02-06 16:39:14,755 INFO ROUND 121
2022-02-06 16:41:03,380 INFO [AFTER AVG]
2022-02-06 16:41:13,373 INFO Server -> Train: Loss 0.031 | Accuracy = 99.732
2022-02-06 16:41:13,373 INFO ROUND 122
2022-02-06 16:43:02,640 INFO [AFTER AVG]
2022-02-06 16:43:12,534 INFO Server -> Train: Loss 0.031 | Accuracy = 99.704
2022-02-06 16:43:12,534 INFO ROUND 123
2022-02-06 16:45:02,579 INFO [AFTER AVG]
2022-02-06 16:45:12,688 INFO Server -> Train: Loss 0.030 | Accuracy = 99.768
2022-02-06 16:45:12,688 INFO ROUND 124
2022-02-06 16:47:03,561 INFO [AFTER AVG]
2022-02-06 16:47:13,570 INFO Server -> Train: Loss 0.030 | Accuracy = 99.774
2022-02-06 16:47:13,570 INFO ROUND 125
2022-02-06 16:49:05,103 INFO [AFTER AVG]
2022-02-06 16:49:15,025 INFO Server -> Train: Loss 0.030 | Accuracy = 99.782
2022-02-06 16:49:15,025 INFO ROUND 126
2022-02-06 16:51:07,538 INFO [AFTER AVG]
2022-02-06 16:51:17,426 INFO Server -> Train: Loss 0.028 | Accuracy = 99.826
2022-02-06 16:51:17,427 INFO ROUND 127
2022-02-06 16:53:10,496 INFO [AFTER AVG]
2022-02-06 16:53:20,670 INFO Server -> Train: Loss 0.029 | Accuracy = 99.796
2022-02-06 16:53:20,670 INFO ROUND 128
2022-02-06 16:55:15,191 INFO [AFTER AVG]
2022-02-06 16:55:25,264 INFO Server -> Train: Loss 0.029 | Accuracy = 99.788
2022-02-06 16:55:25,264 INFO ROUND 129
2022-02-06 16:57:22,298 INFO [AFTER AVG]
2022-02-06 16:57:32,231 INFO Server -> Train: Loss 0.029 | Accuracy = 99.790
2022-02-06 16:57:32,232 INFO ROUND 130
2022-02-06 16:59:28,021 INFO [AFTER AVG]
2022-02-06 16:59:38,041 INFO Server -> Train: Loss 0.029 | Accuracy = 99.750
2022-02-06 16:59:38,041 INFO ROUND 131
2022-02-06 17:01:34,761 INFO [AFTER AVG]
2022-02-06 17:01:44,713 INFO Server -> Train: Loss 0.032 | Accuracy = 99.720
2022-02-06 17:01:44,714 INFO ROUND 132
2022-02-06 17:03:42,067 INFO [AFTER AVG]
2022-02-06 17:03:52,161 INFO Server -> Train: Loss 0.030 | Accuracy = 99.804
2022-02-06 17:03:52,161 INFO ROUND 133
2022-02-06 17:05:50,694 INFO [AFTER AVG]
2022-02-06 17:06:00,802 INFO Server -> Train: Loss 0.028 | Accuracy = 99.846
2022-02-06 17:06:00,803 INFO ROUND 134
2022-02-06 17:08:02,170 INFO [AFTER AVG]
2022-02-06 17:08:12,434 INFO Server -> Train: Loss 0.027 | Accuracy = 99.828
2022-02-06 17:08:12,434 INFO ROUND 135
2022-02-06 17:10:12,433 INFO [AFTER AVG]
2022-02-06 17:10:22,601 INFO Server -> Train: Loss 0.029 | Accuracy = 99.846
2022-02-06 17:10:24,992 INFO Server -> Test: Loss 1.597 | Accuracy = 67.880
2022-02-06 17:10:25,063 INFO ROUND 136
2022-02-06 17:12:26,115 INFO [AFTER AVG]
2022-02-06 17:12:36,375 INFO Server -> Train: Loss 0.028 | Accuracy = 99.846
2022-02-06 17:12:36,376 INFO ROUND 137
2022-02-06 17:14:37,731 INFO [AFTER AVG]
2022-02-06 17:14:47,890 INFO Server -> Train: Loss 0.029 | Accuracy = 99.768
2022-02-06 17:14:47,891 INFO ROUND 138
2022-02-06 17:16:50,535 INFO [AFTER AVG]
2022-02-06 17:17:00,774 INFO Server -> Train: Loss 0.027 | Accuracy = 99.814
2022-02-06 17:17:00,775 INFO ROUND 139
2022-02-06 17:19:04,235 INFO [AFTER AVG]
2022-02-06 17:19:14,439 INFO Server -> Train: Loss 0.028 | Accuracy = 99.846
2022-02-06 17:19:14,439 INFO ROUND 140
2022-02-06 17:21:18,907 INFO [AFTER AVG]
2022-02-06 17:21:29,130 INFO Server -> Train: Loss 0.028 | Accuracy = 99.802
2022-02-06 17:21:29,131 INFO ROUND 141
2022-02-06 17:23:35,341 INFO [AFTER AVG]
2022-02-06 17:23:45,511 INFO Server -> Train: Loss 0.028 | Accuracy = 99.864
2022-02-06 17:23:45,512 INFO ROUND 142
2022-02-06 17:25:52,897 INFO [AFTER AVG]
2022-02-06 17:26:03,102 INFO Server -> Train: Loss 0.028 | Accuracy = 99.848
2022-02-06 17:26:03,103 INFO ROUND 143
2022-02-06 17:28:11,076 INFO [AFTER AVG]
2022-02-06 17:28:21,177 INFO Server -> Train: Loss 0.027 | Accuracy = 99.894
2022-02-06 17:28:21,178 INFO ROUND 144
2022-02-06 17:30:32,428 INFO [AFTER AVG]
2022-02-06 17:30:43,032 INFO Server -> Train: Loss 0.027 | Accuracy = 99.830
2022-02-06 17:30:43,033 INFO ROUND 145
2022-02-06 17:32:52,013 INFO [AFTER AVG]
2022-02-06 17:33:02,301 INFO Server -> Train: Loss 0.026 | Accuracy = 99.878
2022-02-06 17:33:02,301 INFO ROUND 146
2022-02-06 17:35:12,327 INFO [AFTER AVG]
2022-02-06 17:35:22,504 INFO Server -> Train: Loss 0.026 | Accuracy = 99.872
2022-02-06 17:35:22,505 INFO ROUND 147
2022-02-06 17:37:33,008 INFO [AFTER AVG]
2022-02-06 17:37:43,185 INFO Server -> Train: Loss 0.025 | Accuracy = 99.882
2022-02-06 17:37:43,185 INFO ROUND 148
2022-02-06 17:39:54,310 INFO [AFTER AVG]
2022-02-06 17:40:04,606 INFO Server -> Train: Loss 0.027 | Accuracy = 99.852
2022-02-06 17:40:04,606 INFO ROUND 149
2022-02-06 17:42:16,927 INFO [AFTER AVG]
2022-02-06 17:42:27,042 INFO Server -> Train: Loss 0.026 | Accuracy = 99.892
2022-02-06 17:42:27,042 INFO ROUND 150
2022-02-06 17:44:40,596 INFO [AFTER AVG]
2022-02-06 17:44:50,842 INFO Server -> Train: Loss 0.033 | Accuracy = 99.646
2022-02-06 17:44:53,320 INFO Server -> Test: Loss 1.570 | Accuracy = 68.080
2022-02-06 17:44:53,369 INFO ROUND 151
2022-02-06 17:47:08,415 INFO [AFTER AVG]
2022-02-06 17:47:18,785 INFO Server -> Train: Loss 0.036 | Accuracy = 99.638
2022-02-06 17:47:18,785 INFO ROUND 152
2022-02-06 17:49:34,558 INFO [AFTER AVG]
2022-02-06 17:49:44,629 INFO Server -> Train: Loss 0.033 | Accuracy = 99.838
2022-02-06 17:49:44,629 INFO ROUND 153
2022-02-06 17:52:00,079 INFO [AFTER AVG]
2022-02-06 17:52:10,499 INFO Server -> Train: Loss 0.028 | Accuracy = 99.844
2022-02-06 17:52:10,499 INFO ROUND 154
2022-02-06 17:54:31,044 INFO [AFTER AVG]
2022-02-06 17:54:41,340 INFO Server -> Train: Loss 0.027 | Accuracy = 99.846
2022-02-06 17:54:41,341 INFO ROUND 155
2022-02-06 17:56:59,329 INFO [AFTER AVG]
2022-02-06 17:57:09,900 INFO Server -> Train: Loss 0.028 | Accuracy = 99.856
2022-02-06 17:57:09,901 INFO ROUND 156
2022-02-06 17:59:28,466 INFO [AFTER AVG]
2022-02-06 17:59:38,786 INFO Server -> Train: Loss 0.028 | Accuracy = 99.876
2022-02-06 17:59:38,787 INFO ROUND 157
2022-02-06 18:01:57,700 INFO [AFTER AVG]
2022-02-06 18:02:08,176 INFO Server -> Train: Loss 0.026 | Accuracy = 99.916
2022-02-06 18:02:08,176 INFO ROUND 158
2022-02-06 18:04:28,153 INFO [AFTER AVG]
2022-02-06 18:04:38,359 INFO Server -> Train: Loss 0.025 | Accuracy = 99.880
2022-02-06 18:04:38,359 INFO ROUND 159
2022-02-06 18:06:58,736 INFO [AFTER AVG]
2022-02-06 18:07:09,252 INFO Server -> Train: Loss 0.026 | Accuracy = 99.874
2022-02-06 18:07:09,252 INFO ROUND 160
2022-02-06 18:09:33,336 INFO [AFTER AVG]
2022-02-06 18:09:43,775 INFO Server -> Train: Loss 0.026 | Accuracy = 99.878
2022-02-06 18:09:43,775 INFO ROUND 161
2022-02-06 18:12:08,818 INFO [AFTER AVG]
2022-02-06 18:12:19,011 INFO Server -> Train: Loss 0.025 | Accuracy = 99.902
2022-02-06 18:12:19,012 INFO ROUND 162
2022-02-06 18:14:42,856 INFO [AFTER AVG]
2022-02-06 18:14:53,081 INFO Server -> Train: Loss 0.026 | Accuracy = 99.892
2022-02-06 18:14:53,081 INFO ROUND 163
2022-02-06 18:17:16,164 INFO [AFTER AVG]
2022-02-06 18:17:26,226 INFO Server -> Train: Loss 0.027 | Accuracy = 99.870
2022-02-06 18:17:26,226 INFO ROUND 164
2022-02-06 18:19:50,208 INFO [AFTER AVG]
2022-02-06 18:20:00,233 INFO Server -> Train: Loss 0.026 | Accuracy = 99.890
2022-02-06 18:20:00,233 INFO ROUND 165
2022-02-06 18:22:25,155 INFO [AFTER AVG]
2022-02-06 18:22:35,590 INFO Server -> Train: Loss 0.028 | Accuracy = 99.836
2022-02-06 18:22:38,107 INFO Server -> Test: Loss 1.603 | Accuracy = 67.570
2022-02-06 18:22:38,164 INFO ROUND 166
2022-02-06 18:25:04,471 INFO [AFTER AVG]
2022-02-06 18:25:15,042 INFO Server -> Train: Loss 0.026 | Accuracy = 99.898
2022-02-06 18:25:15,044 INFO ROUND 167
2022-02-06 18:27:42,047 INFO [AFTER AVG]
2022-02-06 18:27:52,306 INFO Server -> Train: Loss 0.026 | Accuracy = 99.886
2022-02-06 18:27:52,307 INFO ROUND 168
2022-02-06 18:30:20,289 INFO [AFTER AVG]
2022-02-06 18:30:30,632 INFO Server -> Train: Loss 0.026 | Accuracy = 99.908
2022-02-06 18:30:30,633 INFO ROUND 169
2022-02-06 18:32:58,809 INFO [AFTER AVG]
2022-02-06 18:33:09,014 INFO Server -> Train: Loss 0.028 | Accuracy = 99.832
2022-02-06 18:33:09,015 INFO ROUND 170
2022-02-06 18:35:38,238 INFO [AFTER AVG]
2022-02-06 18:35:48,376 INFO Server -> Train: Loss 0.026 | Accuracy = 99.916
2022-02-06 18:35:48,377 INFO ROUND 171
2022-02-06 18:38:18,410 INFO [AFTER AVG]
2022-02-06 18:38:28,784 INFO Server -> Train: Loss 0.025 | Accuracy = 99.898
2022-02-06 18:38:28,785 INFO ROUND 172
