2022-02-08 17:37:07,973 INFO Client samples sizes: [1000 1000 1000 1000 1000 1000 1000 1000 1000 1000 1000 1000 1000 1000
 1000 1000 1000 1000 1000 1000 1000 1000 1000 1000 1000 1000 1000 1000
 1000 1000 1000 1000 1000 1000 1000 1000 1000 1000 1000 1000 1000 1000
 1000 1000 1000 1000 1000 1000 1000 1000], total: 50000
2022-02-08 17:37:20,959 INFO ROUND 1
2022-02-08 17:37:49,084 INFO ROUND 2
2022-02-08 17:38:16,895 INFO ROUND 3
2022-02-08 17:38:45,260 INFO ROUND 4
2022-02-08 17:39:14,108 INFO ROUND 5
2022-02-08 17:39:53,115 INFO Server -> Train: Loss 1.521 | Accuracy = 44.580
2022-02-08 17:39:55,488 INFO Server -> Test: Loss 1.520 | Accuracy = 44.480
2022-02-08 17:39:55,535 INFO ROUND 6
2022-02-08 17:40:24,007 INFO ROUND 7
2022-02-08 17:40:52,277 INFO ROUND 8
2022-02-08 17:41:22,825 INFO ROUND 9
2022-02-08 17:41:51,640 INFO ROUND 10
2022-02-08 17:42:31,207 INFO Server -> Train: Loss 1.312 | Accuracy = 51.882
2022-02-08 17:42:33,506 INFO Server -> Test: Loss 1.329 | Accuracy = 51.440
2022-02-08 17:42:33,579 INFO ROUND 11
2022-02-08 17:43:02,799 INFO ROUND 12
2022-02-08 17:43:32,172 INFO ROUND 13
2022-02-08 17:44:00,895 INFO ROUND 14
2022-02-08 17:44:30,415 INFO ROUND 15
2022-02-08 17:45:11,581 INFO Server -> Train: Loss 1.182 | Accuracy = 56.884
2022-02-08 17:45:13,981 INFO Server -> Test: Loss 1.210 | Accuracy = 56.000
2022-02-08 17:45:14,038 INFO ROUND 16
2022-02-08 17:45:43,473 INFO ROUND 17
2022-02-08 17:46:14,296 INFO ROUND 18
2022-02-08 17:46:44,284 INFO ROUND 19
2022-02-08 17:47:16,223 INFO ROUND 20
2022-02-08 17:47:59,414 INFO Server -> Train: Loss 1.091 | Accuracy = 60.162
2022-02-08 17:48:01,932 INFO Server -> Test: Loss 1.135 | Accuracy = 58.760
2022-02-08 17:48:02,006 INFO ROUND 21
2022-02-08 17:48:33,755 INFO ROUND 22
2022-02-08 17:49:04,586 INFO ROUND 23
2022-02-08 17:49:36,183 INFO ROUND 24
2022-02-08 17:50:06,963 INFO ROUND 25
2022-02-08 17:50:47,624 INFO Server -> Train: Loss 1.007 | Accuracy = 63.758
2022-02-08 17:50:50,019 INFO Server -> Test: Loss 1.063 | Accuracy = 61.810
2022-02-08 17:50:50,072 INFO ROUND 26
2022-02-08 17:51:20,847 INFO ROUND 27
2022-02-08 18:19:07,002 INFO Client samples sizes: [1000 1000 1000 1000 1000 1000 1000 1000 1000 1000 1000 1000 1000 1000
 1000 1000 1000 1000 1000 1000 1000 1000 1000 1000 1000 1000 1000 1000
 1000 1000 1000 1000 1000 1000 1000 1000 1000 1000 1000 1000 1000 1000
 1000 1000 1000 1000 1000 1000 1000 1000], total: 50000
2022-02-08 18:19:14,765 INFO ROUND 26
2022-02-08 18:19:43,210 INFO ROUND 27
2022-02-08 18:20:11,471 INFO ROUND 28
2022-02-08 18:20:40,454 INFO ROUND 29
2022-02-08 18:21:08,824 INFO ROUND 30
2022-02-08 18:21:48,118 INFO Server -> Train: Loss 0.928 | Accuracy = 66.662
2022-02-08 18:21:50,441 INFO Server -> Test: Loss 0.997 | Accuracy = 64.600
2022-02-08 18:21:50,500 INFO ROUND 31
2022-02-08 18:22:19,077 INFO ROUND 32
2022-02-08 18:22:47,124 INFO ROUND 33
2022-02-08 18:23:15,642 INFO ROUND 34
2022-02-08 18:23:44,745 INFO ROUND 35
2022-02-08 18:24:25,072 INFO Server -> Train: Loss 0.864 | Accuracy = 68.992
2022-02-08 18:24:27,373 INFO Server -> Test: Loss 0.948 | Accuracy = 66.650
2022-02-08 18:24:27,422 INFO ROUND 36
2022-02-08 18:24:56,253 INFO ROUND 37
2022-02-08 18:25:25,355 INFO ROUND 38
2022-02-08 18:25:54,404 INFO ROUND 39
2022-02-08 18:26:24,085 INFO ROUND 40
2022-02-08 18:27:02,932 INFO Server -> Train: Loss 0.810 | Accuracy = 71.074
2022-02-08 18:27:05,138 INFO Server -> Test: Loss 0.915 | Accuracy = 67.980
2022-02-08 18:27:05,202 INFO ROUND 41
2022-02-08 18:27:34,135 INFO ROUND 42
2022-02-08 18:28:04,477 INFO ROUND 43
2022-02-08 18:28:33,102 INFO ROUND 44
2022-02-08 18:29:01,991 INFO ROUND 45
2022-02-08 18:29:41,775 INFO Server -> Train: Loss 0.762 | Accuracy = 72.918
2022-02-08 18:29:44,128 INFO Server -> Test: Loss 0.884 | Accuracy = 68.920
2022-02-08 18:29:44,176 INFO ROUND 46
2022-02-08 18:30:13,781 INFO ROUND 47
2022-02-08 18:30:43,466 INFO ROUND 48
2022-02-08 18:31:13,504 INFO ROUND 49
2022-02-08 18:31:43,973 INFO ROUND 50
2022-02-08 18:32:24,474 INFO Server -> Train: Loss 0.718 | Accuracy = 74.254
2022-02-08 18:32:26,814 INFO Server -> Test: Loss 0.857 | Accuracy = 70.030
2022-02-08 18:32:26,861 INFO ROUND 51
2022-02-08 18:32:57,177 INFO ROUND 52
2022-02-08 18:33:27,576 INFO ROUND 53
2022-02-08 18:33:57,658 INFO ROUND 54
2022-02-08 18:34:28,716 INFO ROUND 55
2022-02-08 18:35:10,637 INFO Server -> Train: Loss 0.669 | Accuracy = 76.232
2022-02-08 18:35:12,854 INFO Server -> Test: Loss 0.832 | Accuracy = 70.910
2022-02-08 18:35:12,907 INFO ROUND 56
2022-02-08 18:35:43,583 INFO ROUND 57
2022-02-08 18:36:14,465 INFO ROUND 58
2022-02-08 18:36:45,570 INFO ROUND 59
2022-02-08 18:37:16,296 INFO ROUND 60
2022-02-08 18:37:58,163 INFO Server -> Train: Loss 0.631 | Accuracy = 77.378
2022-02-08 18:38:00,283 INFO Server -> Test: Loss 0.815 | Accuracy = 71.430
2022-02-08 18:38:00,333 INFO ROUND 61
2022-02-08 18:38:32,282 INFO ROUND 62
2022-02-08 18:39:04,520 INFO ROUND 63
2022-02-08 18:39:36,665 INFO ROUND 64
2022-02-08 18:40:08,428 INFO ROUND 65
2022-02-08 18:40:51,188 INFO Server -> Train: Loss 0.590 | Accuracy = 79.072
2022-02-08 18:40:53,468 INFO Server -> Test: Loss 0.797 | Accuracy = 72.140
2022-02-08 18:40:53,521 INFO ROUND 66
2022-02-08 18:41:25,618 INFO ROUND 67
2022-02-08 18:41:58,089 INFO ROUND 68
2022-02-08 18:42:31,143 INFO ROUND 69
2022-02-08 18:43:03,828 INFO ROUND 70
2022-02-08 18:43:47,492 INFO Server -> Train: Loss 0.574 | Accuracy = 79.636
2022-02-08 18:43:49,789 INFO Server -> Test: Loss 0.802 | Accuracy = 72.490
2022-02-08 18:43:49,850 INFO ROUND 71
2022-02-08 18:44:22,360 INFO ROUND 72
2022-02-08 18:44:54,753 INFO ROUND 73
2022-02-08 18:45:27,220 INFO ROUND 74
2022-02-08 18:46:00,912 INFO ROUND 75
2022-02-08 18:46:45,714 INFO Server -> Train: Loss 0.538 | Accuracy = 80.826
2022-02-08 18:46:47,947 INFO Server -> Test: Loss 0.794 | Accuracy = 72.940
2022-02-08 18:46:47,997 INFO ROUND 76
2022-02-08 18:47:21,777 INFO ROUND 77
2022-02-08 18:47:54,975 INFO ROUND 78
2022-02-08 18:48:27,974 INFO ROUND 79
2022-02-08 18:49:01,970 INFO ROUND 80
2022-02-08 18:49:45,950 INFO Server -> Train: Loss 0.494 | Accuracy = 82.404
2022-02-08 18:49:48,168 INFO Server -> Test: Loss 0.778 | Accuracy = 73.430
2022-02-08 18:49:48,218 INFO ROUND 81
2022-02-08 18:50:22,882 INFO ROUND 82
2022-02-08 18:50:56,931 INFO ROUND 83
2022-02-08 18:51:30,984 INFO ROUND 84
2022-02-08 18:52:05,411 INFO ROUND 85
2022-02-08 18:52:50,875 INFO Server -> Train: Loss 0.476 | Accuracy = 83.022
2022-02-08 18:52:53,387 INFO Server -> Test: Loss 0.783 | Accuracy = 73.640
2022-02-08 18:52:53,447 INFO ROUND 86
2022-02-08 18:53:28,226 INFO ROUND 87
2022-02-08 18:54:03,081 INFO ROUND 88
2022-02-08 18:54:38,629 INFO ROUND 89
2022-02-08 18:55:13,665 INFO ROUND 90
2022-02-08 18:55:59,507 INFO Server -> Train: Loss 0.444 | Accuracy = 84.306
2022-02-08 18:56:01,822 INFO Server -> Test: Loss 0.778 | Accuracy = 73.880
2022-02-08 18:56:01,876 INFO ROUND 91
2022-02-08 18:56:37,115 INFO ROUND 92
2022-02-08 18:57:12,194 INFO ROUND 93
2022-02-08 18:57:48,320 INFO ROUND 94
2022-02-08 18:58:24,099 INFO ROUND 95
2022-02-08 18:59:10,542 INFO Server -> Train: Loss 0.428 | Accuracy = 84.598
2022-02-08 18:59:12,941 INFO Server -> Test: Loss 0.788 | Accuracy = 74.160
2022-02-08 18:59:13,006 INFO ROUND 96
2022-02-08 18:59:49,062 INFO ROUND 97
2022-02-08 19:00:24,822 INFO ROUND 98
2022-02-08 19:01:00,354 INFO ROUND 99
2022-02-08 19:01:36,953 INFO ROUND 100
2022-02-08 19:02:23,823 INFO Server -> Train: Loss 0.393 | Accuracy = 86.068
2022-02-08 19:02:26,291 INFO Server -> Test: Loss 0.780 | Accuracy = 74.660
2022-02-08 19:02:26,344 INFO ROUND 101
2022-02-08 19:03:03,861 INFO ROUND 102
2022-02-08 19:03:40,875 INFO ROUND 103
2022-02-08 19:04:17,904 INFO ROUND 104
2022-02-08 19:04:55,453 INFO ROUND 105
2022-02-08 19:05:43,770 INFO Server -> Train: Loss 0.375 | Accuracy = 86.674
2022-02-08 19:05:46,134 INFO Server -> Test: Loss 0.795 | Accuracy = 74.590
2022-02-08 19:05:46,203 INFO ROUND 106
2022-02-08 19:06:24,373 INFO ROUND 107
2022-02-08 19:07:02,404 INFO ROUND 108
2022-02-08 19:07:41,146 INFO ROUND 109
2022-02-08 19:08:21,182 INFO ROUND 110
2022-02-08 19:09:09,534 INFO Server -> Train: Loss 0.358 | Accuracy = 87.244
2022-02-08 19:09:11,800 INFO Server -> Test: Loss 0.805 | Accuracy = 74.570
2022-02-08 19:09:11,852 INFO ROUND 111
2022-02-08 19:09:49,573 INFO ROUND 112
2022-02-08 19:10:26,990 INFO ROUND 113
2022-02-08 19:11:05,117 INFO ROUND 114
2022-02-08 19:11:43,431 INFO ROUND 115
2022-02-08 19:12:32,470 INFO Server -> Train: Loss 0.334 | Accuracy = 88.158
2022-02-08 19:12:34,772 INFO Server -> Test: Loss 0.809 | Accuracy = 74.700
2022-02-08 19:12:34,822 INFO ROUND 116
2022-02-08 19:13:13,919 INFO ROUND 117
2022-02-08 19:13:52,842 INFO ROUND 118
2022-02-08 19:14:31,913 INFO ROUND 119
2022-02-08 19:15:10,999 INFO ROUND 120
2022-02-08 19:16:01,317 INFO Server -> Train: Loss 0.305 | Accuracy = 89.212
2022-02-08 19:16:03,693 INFO Server -> Test: Loss 0.804 | Accuracy = 74.760
2022-02-08 19:16:03,746 INFO ROUND 121
2022-02-08 19:16:44,009 INFO ROUND 122
2022-02-08 19:17:23,684 INFO ROUND 123
2022-02-08 19:18:03,387 INFO ROUND 124
2022-02-08 19:18:42,782 INFO ROUND 125
2022-02-08 19:19:32,289 INFO Server -> Train: Loss 0.294 | Accuracy = 89.618
2022-02-08 19:19:34,569 INFO Server -> Test: Loss 0.825 | Accuracy = 74.940
2022-02-08 19:19:34,615 INFO ROUND 126
2022-02-08 19:20:14,081 INFO ROUND 127
2022-02-08 19:20:53,469 INFO ROUND 128
2022-02-08 19:21:32,665 INFO ROUND 129
2022-02-08 19:22:12,348 INFO ROUND 130
2022-02-08 19:23:02,909 INFO Server -> Train: Loss 0.266 | Accuracy = 90.740
2022-02-08 19:23:05,307 INFO Server -> Test: Loss 0.820 | Accuracy = 75.220
2022-02-08 19:23:05,357 INFO ROUND 131
2022-02-08 19:23:45,841 INFO ROUND 132
2022-02-08 19:24:26,000 INFO ROUND 133
2022-02-08 19:25:05,866 INFO ROUND 134
2022-02-08 19:25:46,344 INFO ROUND 135
2022-02-08 19:26:37,738 INFO Server -> Train: Loss 0.252 | Accuracy = 91.218
2022-02-08 19:26:40,138 INFO Server -> Test: Loss 0.831 | Accuracy = 75.130
2022-02-08 19:26:40,187 INFO ROUND 136
2022-02-08 19:27:21,456 INFO ROUND 137
2022-02-08 19:28:02,391 INFO ROUND 138
2022-02-08 19:28:43,311 INFO ROUND 139
2022-02-08 19:29:24,271 INFO ROUND 140
2022-02-08 19:30:15,382 INFO Server -> Train: Loss 0.236 | Accuracy = 91.654
2022-02-08 19:30:17,811 INFO Server -> Test: Loss 0.847 | Accuracy = 74.960
2022-02-08 19:30:17,861 INFO ROUND 141
2022-02-08 19:30:59,762 INFO ROUND 142
2022-02-08 19:31:41,399 INFO ROUND 143
2022-02-08 19:32:23,170 INFO ROUND 144
2022-02-08 19:33:04,829 INFO ROUND 145
2022-02-08 19:33:57,656 INFO Server -> Train: Loss 0.220 | Accuracy = 92.230
2022-02-08 19:33:59,992 INFO Server -> Test: Loss 0.865 | Accuracy = 74.860
2022-02-08 19:34:00,040 INFO ROUND 146
2022-02-08 19:34:42,165 INFO ROUND 147
2022-02-08 19:35:24,690 INFO ROUND 148
2022-02-08 19:36:07,042 INFO ROUND 149
2022-02-08 19:36:49,097 INFO ROUND 150
2022-02-08 19:37:42,645 INFO Server -> Train: Loss 0.208 | Accuracy = 92.812
2022-02-08 19:37:45,035 INFO Server -> Test: Loss 0.878 | Accuracy = 74.950
2022-02-08 19:37:45,084 INFO ROUND 151
2022-02-08 19:38:31,277 INFO ROUND 152
2022-02-08 19:39:15,142 INFO ROUND 153
2022-02-08 19:39:59,356 INFO ROUND 154
2022-02-08 19:40:42,718 INFO ROUND 155
2022-02-08 19:41:37,249 INFO Server -> Train: Loss 0.195 | Accuracy = 93.260
2022-02-08 19:41:39,602 INFO Server -> Test: Loss 0.884 | Accuracy = 75.340
2022-02-08 19:41:39,656 INFO ROUND 156
2022-02-08 19:42:22,951 INFO ROUND 157
2022-02-08 19:43:06,738 INFO ROUND 158
2022-02-08 19:43:51,068 INFO ROUND 159
2022-02-08 19:44:35,660 INFO ROUND 160
2022-02-08 19:45:30,987 INFO Server -> Train: Loss 0.184 | Accuracy = 93.678
2022-02-08 19:45:33,417 INFO Server -> Test: Loss 0.908 | Accuracy = 74.870
2022-02-08 19:45:33,469 INFO ROUND 161
2022-02-08 19:46:17,728 INFO ROUND 162
2022-02-08 19:47:02,507 INFO ROUND 163
2022-02-08 19:47:47,120 INFO ROUND 164
2022-02-08 19:48:32,016 INFO ROUND 165
2022-02-08 19:49:29,053 INFO Server -> Train: Loss 0.165 | Accuracy = 94.382
2022-02-08 19:49:31,455 INFO Server -> Test: Loss 0.910 | Accuracy = 75.210
2022-02-08 19:49:31,504 INFO ROUND 166
2022-02-08 19:50:17,006 INFO ROUND 167
2022-02-08 19:51:02,235 INFO ROUND 168
2022-02-08 19:51:47,730 INFO ROUND 169
2022-02-08 19:52:33,755 INFO ROUND 170
2022-02-08 19:53:30,646 INFO Server -> Train: Loss 0.158 | Accuracy = 94.664
2022-02-08 19:53:33,182 INFO Server -> Test: Loss 0.931 | Accuracy = 75.250
2022-02-08 19:53:33,233 INFO ROUND 171
2022-02-08 19:54:19,687 INFO ROUND 172
2022-02-08 19:55:05,771 INFO ROUND 173
2022-02-08 19:55:51,052 INFO ROUND 174
2022-02-08 19:56:37,114 INFO ROUND 175
2022-02-08 19:57:33,732 INFO Server -> Train: Loss 0.152 | Accuracy = 94.952
2022-02-08 19:57:36,081 INFO Server -> Test: Loss 0.950 | Accuracy = 74.880
2022-02-08 19:57:36,132 INFO ROUND 176
2022-02-08 19:58:22,036 INFO ROUND 177
2022-02-08 19:59:08,694 INFO ROUND 178
2022-02-08 19:59:55,865 INFO ROUND 179
2022-02-08 20:00:43,203 INFO ROUND 180
2022-02-08 20:01:41,297 INFO Server -> Train: Loss 0.138 | Accuracy = 95.440
2022-02-08 20:01:43,953 INFO Server -> Test: Loss 0.951 | Accuracy = 75.210
2022-02-08 20:01:44,012 INFO ROUND 181
2022-02-08 20:02:31,391 INFO ROUND 182
2022-02-08 20:03:18,716 INFO ROUND 183
2022-02-08 20:04:06,281 INFO ROUND 184
2022-02-08 20:04:54,373 INFO ROUND 185
2022-02-08 20:05:53,498 INFO Server -> Train: Loss 0.133 | Accuracy = 95.586
2022-02-08 20:05:55,948 INFO Server -> Test: Loss 0.970 | Accuracy = 74.970
2022-02-08 20:05:55,996 INFO ROUND 186
2022-02-08 20:06:43,791 INFO ROUND 187
2022-02-08 20:07:32,110 INFO ROUND 188
2022-02-08 20:08:20,402 INFO ROUND 189
2022-02-08 20:09:08,667 INFO ROUND 190
2022-02-08 20:10:08,342 INFO Server -> Train: Loss 0.123 | Accuracy = 96.094
2022-02-08 20:10:10,810 INFO Server -> Test: Loss 0.993 | Accuracy = 75.050
2022-02-08 20:10:10,875 INFO ROUND 191
2022-02-08 20:10:58,805 INFO ROUND 192
2022-02-08 20:11:47,457 INFO ROUND 193
2022-02-08 20:12:36,212 INFO ROUND 194
2022-02-08 20:13:24,862 INFO ROUND 195
2022-02-08 20:14:24,106 INFO Server -> Train: Loss 0.119 | Accuracy = 96.130
2022-02-08 20:14:26,619 INFO Server -> Test: Loss 1.004 | Accuracy = 74.930
2022-02-08 20:14:26,670 INFO ROUND 196
2022-02-08 20:15:15,933 INFO ROUND 197
2022-02-08 20:16:04,626 INFO ROUND 198
2022-02-08 20:16:53,707 INFO ROUND 199
2022-02-08 20:17:43,313 INFO ROUND 200
2022-02-08 20:18:43,691 INFO Server -> Train: Loss 0.123 | Accuracy = 95.812
2022-02-08 20:18:46,159 INFO Server -> Test: Loss 1.040 | Accuracy = 74.330
2022-02-08 20:18:46,211 INFO ROUND 201
2022-02-08 20:19:36,161 INFO ROUND 202
2022-02-08 20:20:29,315 INFO ROUND 203
2022-02-08 20:21:19,389 INFO ROUND 204
2022-02-08 20:22:10,086 INFO ROUND 205
2022-02-08 20:23:11,144 INFO Server -> Train: Loss 0.102 | Accuracy = 96.814
2022-02-08 20:23:13,698 INFO Server -> Test: Loss 1.037 | Accuracy = 74.860
2022-02-08 20:23:13,746 INFO ROUND 206
2022-02-08 20:24:04,520 INFO ROUND 207
2022-02-08 20:24:55,152 INFO ROUND 208
2022-02-08 20:25:45,946 INFO ROUND 209
2022-02-08 20:26:36,785 INFO ROUND 210
2022-02-08 20:27:38,264 INFO Server -> Train: Loss 0.093 | Accuracy = 97.154
2022-02-08 20:27:40,824 INFO Server -> Test: Loss 1.040 | Accuracy = 75.090
2022-02-08 20:27:40,872 INFO ROUND 211
2022-02-08 20:28:32,782 INFO ROUND 212
2022-02-08 20:29:23,769 INFO ROUND 213
2022-02-08 20:30:14,351 INFO ROUND 214
2022-02-08 20:31:06,038 INFO ROUND 215
2022-02-08 20:32:07,677 INFO Server -> Train: Loss 0.095 | Accuracy = 97.032
2022-02-08 20:32:10,119 INFO Server -> Test: Loss 1.060 | Accuracy = 74.760
2022-02-08 20:32:10,167 INFO ROUND 216
2022-02-08 20:33:01,483 INFO ROUND 217
2022-02-08 20:33:53,067 INFO ROUND 218
2022-02-08 20:34:45,090 INFO ROUND 219
2022-02-08 20:35:37,894 INFO ROUND 220
2022-02-08 20:36:40,798 INFO Server -> Train: Loss 0.079 | Accuracy = 97.804
2022-02-08 20:36:43,335 INFO Server -> Test: Loss 1.063 | Accuracy = 75.060
2022-02-08 20:36:43,385 INFO ROUND 221
2022-02-08 20:37:35,727 INFO ROUND 222
2022-02-08 20:38:28,419 INFO ROUND 223
2022-02-08 20:39:20,771 INFO ROUND 224
2022-02-08 20:40:12,932 INFO ROUND 225
2022-02-08 20:41:16,517 INFO Server -> Train: Loss 0.077 | Accuracy = 97.918
2022-02-08 20:41:19,026 INFO Server -> Test: Loss 1.070 | Accuracy = 75.090
2022-02-08 20:41:19,079 INFO ROUND 226
2022-02-08 20:42:12,032 INFO ROUND 227
2022-02-08 20:43:05,493 INFO ROUND 228
2022-02-08 20:43:58,790 INFO ROUND 229
2022-02-08 20:44:51,273 INFO ROUND 230
2022-02-08 20:45:54,816 INFO Server -> Train: Loss 0.073 | Accuracy = 97.974
2022-02-08 20:45:57,489 INFO Server -> Test: Loss 1.076 | Accuracy = 75.180
2022-02-08 20:45:57,540 INFO ROUND 231
2022-02-08 20:46:50,817 INFO ROUND 232
2022-02-08 20:47:44,681 INFO ROUND 233
2022-02-08 20:48:38,824 INFO ROUND 234
2022-02-08 20:49:32,867 INFO ROUND 235
2022-02-08 20:50:38,349 INFO Server -> Train: Loss 0.068 | Accuracy = 98.280
2022-02-08 20:50:40,873 INFO Server -> Test: Loss 1.083 | Accuracy = 74.900
2022-02-08 20:50:40,927 INFO ROUND 236
2022-02-08 20:51:35,434 INFO ROUND 237
2022-02-08 20:52:29,737 INFO ROUND 238
2022-02-08 20:53:24,830 INFO ROUND 239
2022-02-08 20:54:18,908 INFO ROUND 240
2022-02-08 20:55:24,313 INFO Server -> Train: Loss 0.064 | Accuracy = 98.364
2022-02-08 20:55:26,885 INFO Server -> Test: Loss 1.089 | Accuracy = 75.310
2022-02-08 20:55:26,939 INFO ROUND 241
2022-02-08 20:56:21,758 INFO ROUND 242
2022-02-08 20:57:16,638 INFO ROUND 243
2022-02-08 20:58:11,919 INFO ROUND 244
2022-02-08 20:59:07,041 INFO ROUND 245
2022-02-08 21:00:12,951 INFO Server -> Train: Loss 0.060 | Accuracy = 98.576
2022-02-08 21:00:15,499 INFO Server -> Test: Loss 1.092 | Accuracy = 75.220
2022-02-08 21:00:15,548 INFO ROUND 246
2022-02-08 21:01:10,787 INFO ROUND 247
2022-02-08 21:02:06,543 INFO ROUND 248
2022-02-08 21:03:02,193 INFO ROUND 249
2022-02-08 21:03:58,097 INFO ROUND 250
2022-02-08 21:05:04,671 INFO Server -> Train: Loss 0.060 | Accuracy = 98.652
2022-02-08 21:05:07,343 INFO Server -> Test: Loss 1.098 | Accuracy = 74.800
2022-02-08 21:05:07,389 INFO ROUND 251
2022-02-08 21:06:04,101 INFO ROUND 252
2022-02-08 21:06:59,880 INFO ROUND 253
2022-02-08 21:07:56,374 INFO ROUND 254
2022-02-08 21:08:53,558 INFO ROUND 255
2022-02-08 21:10:00,373 INFO Server -> Train: Loss 0.055 | Accuracy = 98.778
2022-02-08 21:10:03,004 INFO Server -> Test: Loss 1.108 | Accuracy = 75.400
2022-02-08 21:10:03,053 INFO ROUND 256
2022-02-08 21:11:00,076 INFO ROUND 257
2022-02-08 21:11:57,159 INFO ROUND 258
2022-02-08 21:12:54,141 INFO ROUND 259
2022-02-08 21:13:51,511 INFO ROUND 260
2022-02-08 21:14:59,940 INFO Server -> Train: Loss 0.051 | Accuracy = 98.966
2022-02-08 21:15:02,617 INFO Server -> Test: Loss 1.115 | Accuracy = 75.160
2022-02-08 21:15:02,676 INFO ROUND 261
2022-02-08 21:16:00,539 INFO ROUND 262
2022-02-08 21:16:58,350 INFO ROUND 263
2022-02-08 21:17:56,512 INFO ROUND 264
2022-02-08 21:18:58,780 INFO ROUND 265
2022-02-08 21:20:08,111 INFO Server -> Train: Loss 0.050 | Accuracy = 98.982
2022-02-08 21:20:10,766 INFO Server -> Test: Loss 1.129 | Accuracy = 74.940
2022-02-08 21:20:10,814 INFO ROUND 266
2022-02-08 21:21:07,915 INFO ROUND 267
2022-02-08 21:22:04,884 INFO ROUND 268
2022-02-08 21:23:02,362 INFO ROUND 269
2022-02-08 21:24:00,426 INFO ROUND 270
2022-02-08 21:25:09,135 INFO Server -> Train: Loss 0.046 | Accuracy = 99.124
2022-02-08 21:25:11,708 INFO Server -> Test: Loss 1.132 | Accuracy = 75.320
2022-02-08 21:25:11,759 INFO ROUND 271
2022-02-08 21:26:10,447 INFO ROUND 272
2022-02-08 21:27:08,925 INFO ROUND 273
2022-02-08 21:28:07,767 INFO ROUND 274
2022-02-08 21:29:06,348 INFO ROUND 275
2022-02-08 21:30:15,612 INFO Server -> Train: Loss 0.045 | Accuracy = 99.224
2022-02-08 21:30:18,395 INFO Server -> Test: Loss 1.130 | Accuracy = 75.160
2022-02-08 21:30:18,442 INFO ROUND 276
2022-02-08 21:31:17,277 INFO ROUND 277
2022-02-08 21:32:16,311 INFO ROUND 278
2022-02-08 21:33:16,008 INFO ROUND 279
2022-02-08 21:34:15,031 INFO ROUND 280
2022-02-08 21:35:25,626 INFO Server -> Train: Loss 0.045 | Accuracy = 99.108
2022-02-08 21:35:28,212 INFO Server -> Test: Loss 1.140 | Accuracy = 75.280
2022-02-08 21:35:28,260 INFO ROUND 281
2022-02-08 21:36:28,041 INFO ROUND 282
2022-02-08 21:37:27,706 INFO ROUND 283
2022-02-08 21:38:27,843 INFO ROUND 284
2022-02-08 21:39:28,048 INFO ROUND 285
2022-02-08 21:40:39,081 INFO Server -> Train: Loss 0.042 | Accuracy = 99.348
2022-02-08 21:40:41,713 INFO Server -> Test: Loss 1.135 | Accuracy = 75.000
2022-02-08 21:40:41,770 INFO ROUND 286
2022-02-08 21:41:42,872 INFO ROUND 287
2022-02-08 21:42:42,983 INFO ROUND 288
2022-02-08 21:43:42,595 INFO ROUND 289
2022-02-08 21:44:42,633 INFO ROUND 290
2022-02-08 21:45:53,941 INFO Server -> Train: Loss 0.038 | Accuracy = 99.512
2022-02-08 21:45:56,505 INFO Server -> Test: Loss 1.121 | Accuracy = 75.220
2022-02-08 21:45:56,554 INFO ROUND 291
2022-02-08 21:46:57,021 INFO ROUND 292
2022-02-08 21:47:58,087 INFO ROUND 293
2022-02-08 21:48:58,609 INFO ROUND 294
2022-02-08 21:49:59,133 INFO ROUND 295
2022-02-08 21:51:11,243 INFO Server -> Train: Loss 0.037 | Accuracy = 99.470
2022-02-08 21:51:13,860 INFO Server -> Test: Loss 1.126 | Accuracy = 75.240
2022-02-08 21:51:13,910 INFO ROUND 296
2022-02-08 21:52:15,709 INFO ROUND 297
2022-02-08 21:53:17,254 INFO ROUND 298
2022-02-08 21:54:18,398 INFO ROUND 299
2022-02-08 21:55:20,580 INFO ROUND 300
2022-02-08 21:56:32,940 INFO Server -> Train: Loss 0.036 | Accuracy = 99.582
2022-02-08 21:56:35,454 INFO Server -> Test: Loss 1.146 | Accuracy = 75.240
2022-02-08 21:56:35,504 INFO ROUND 301
2022-02-08 21:57:37,422 INFO ROUND 302
2022-02-08 21:58:38,788 INFO ROUND 303
2022-02-08 21:59:40,384 INFO ROUND 304
2022-02-08 22:00:42,724 INFO ROUND 305
2022-02-08 22:01:55,172 INFO Server -> Train: Loss 0.036 | Accuracy = 99.524
2022-02-08 22:01:57,854 INFO Server -> Test: Loss 1.143 | Accuracy = 75.130
2022-02-08 22:01:57,902 INFO ROUND 306
2022-02-08 22:03:00,617 INFO ROUND 307
2022-02-08 22:04:03,229 INFO ROUND 308
2022-02-08 22:05:05,527 INFO ROUND 309
2022-02-08 22:06:09,262 INFO ROUND 310
2022-02-08 22:07:24,155 INFO Server -> Train: Loss 0.034 | Accuracy = 99.680
2022-02-08 22:07:26,843 INFO Server -> Test: Loss 1.142 | Accuracy = 75.370
2022-02-08 22:07:26,892 INFO ROUND 311
2022-02-08 22:08:31,897 INFO ROUND 312
2022-02-08 22:09:36,910 INFO ROUND 313
2022-02-08 22:10:40,985 INFO ROUND 314
2022-02-08 22:11:44,732 INFO ROUND 315
2022-02-08 22:13:01,795 INFO Server -> Train: Loss 0.033 | Accuracy = 99.666
2022-02-08 22:13:04,623 INFO Server -> Test: Loss 1.136 | Accuracy = 75.240
2022-02-08 22:13:04,673 INFO ROUND 316
2022-02-08 22:14:10,115 INFO ROUND 317
2022-02-08 22:15:16,045 INFO ROUND 318
2022-02-08 22:16:23,034 INFO ROUND 319
2022-02-08 22:17:29,419 INFO ROUND 320
2022-02-08 22:18:47,387 INFO Server -> Train: Loss 0.031 | Accuracy = 99.764
2022-02-08 22:18:50,177 INFO Server -> Test: Loss 1.140 | Accuracy = 75.180
2022-02-08 22:18:50,225 INFO ROUND 321
2022-02-08 22:19:56,876 INFO ROUND 322
2022-02-08 22:21:03,409 INFO ROUND 323
2022-02-08 22:22:08,998 INFO ROUND 324
2022-02-08 22:23:14,289 INFO ROUND 325
2022-02-08 22:24:30,632 INFO Server -> Train: Loss 0.031 | Accuracy = 99.692
2022-02-08 22:24:33,395 INFO Server -> Test: Loss 1.146 | Accuracy = 75.200
2022-02-08 22:24:33,445 INFO ROUND 326
2022-02-08 22:25:38,783 INFO ROUND 327
2022-02-08 22:26:44,304 INFO ROUND 328
2022-02-08 22:27:49,861 INFO ROUND 329
2022-02-08 22:28:56,104 INFO ROUND 330
2022-02-08 22:30:13,332 INFO Server -> Train: Loss 0.035 | Accuracy = 99.568
2022-02-08 22:30:16,074 INFO Server -> Test: Loss 1.160 | Accuracy = 75.130
2022-02-08 22:30:16,126 INFO ROUND 331
2022-02-08 22:31:22,924 INFO ROUND 332
2022-02-08 22:32:29,018 INFO ROUND 333
2022-02-08 22:33:35,885 INFO ROUND 334
2022-02-08 22:34:41,931 INFO ROUND 335
2022-02-08 22:35:58,862 INFO Server -> Train: Loss 0.030 | Accuracy = 99.794
2022-02-08 22:36:01,682 INFO Server -> Test: Loss 1.143 | Accuracy = 75.190
2022-02-08 22:36:01,731 INFO ROUND 336
2022-02-08 22:37:08,441 INFO ROUND 337
2022-02-08 22:38:15,810 INFO ROUND 338
2022-02-08 22:39:22,349 INFO ROUND 339
