2022-02-06 10:26:01,112 INFO ('Client samples sizes:', array([1000, 1000, 1000, 1000, 1000, 1000, 1000, 1000, 1000, 1000, 1000,
       1000, 1000, 1000, 1000, 1000, 1000, 1000, 1000, 1000, 1000, 1000,
       1000, 1000, 1000, 1000, 1000, 1000, 1000, 1000, 1000, 1000, 1000,
       1000, 1000, 1000, 1000, 1000, 1000, 1000, 1000, 1000, 1000, 1000,
       1000, 1000, 1000, 1000, 1000, 1000]), 'total:', 50000)
2022-02-06 10:26:18,062 INFO ROUND 1
2022-02-06 10:26:36,185 INFO [AFTER AVG]
2022-02-06 10:26:46,351 INFO Server -> Train: Loss 2.268 | Accuracy = 18.522
2022-02-06 10:26:46,351 INFO ROUND 2
2022-02-06 10:27:04,209 INFO [AFTER AVG]
2022-02-06 10:27:14,430 INFO Server -> Train: Loss 2.119 | Accuracy = 24.986
2022-02-06 10:27:14,434 INFO ROUND 3
2022-02-06 10:27:32,436 INFO [AFTER AVG]
2022-02-06 10:27:42,817 INFO Server -> Train: Loss 1.964 | Accuracy = 29.034
2022-02-06 10:27:42,818 INFO ROUND 4
2022-02-06 10:28:00,974 INFO [AFTER AVG]
2022-02-06 10:28:11,298 INFO Server -> Train: Loss 1.870 | Accuracy = 33.418
2022-02-06 10:28:11,299 INFO ROUND 5
2022-02-06 10:28:29,456 INFO [AFTER AVG]
2022-02-06 10:28:39,724 INFO Server -> Train: Loss 1.794 | Accuracy = 34.250
2022-02-06 10:28:39,724 INFO ROUND 6
2022-02-06 10:28:57,947 INFO [AFTER AVG]
2022-02-06 10:29:08,343 INFO Server -> Train: Loss 1.735 | Accuracy = 36.552
2022-02-06 10:29:08,344 INFO ROUND 7
2022-02-06 10:29:26,636 INFO [AFTER AVG]
2022-02-06 10:29:36,862 INFO Server -> Train: Loss 1.667 | Accuracy = 39.220
2022-02-06 10:29:36,863 INFO ROUND 8
2022-02-06 10:29:55,402 INFO [AFTER AVG]
2022-02-06 10:30:05,875 INFO Server -> Train: Loss 1.628 | Accuracy = 40.304
2022-02-06 10:30:05,876 INFO ROUND 9
2022-02-06 10:30:24,333 INFO [AFTER AVG]
2022-02-06 10:30:34,676 INFO Server -> Train: Loss 1.559 | Accuracy = 42.836
2022-02-06 10:30:34,677 INFO ROUND 10
2022-02-06 10:30:53,054 INFO [AFTER AVG]
2022-02-06 10:31:03,582 INFO Server -> Train: Loss 1.516 | Accuracy = 44.718
2022-02-06 10:31:03,582 INFO ROUND 11
2022-02-06 10:31:22,015 INFO [AFTER AVG]
2022-02-06 10:31:32,426 INFO Server -> Train: Loss 1.503 | Accuracy = 44.836
2022-02-06 10:31:32,427 INFO ROUND 12
2022-02-06 10:31:50,979 INFO [AFTER AVG]
2022-02-06 10:32:01,290 INFO Server -> Train: Loss 1.488 | Accuracy = 45.186
2022-02-06 10:32:01,291 INFO ROUND 13
2022-02-06 10:32:19,872 INFO [AFTER AVG]
2022-02-06 10:32:30,047 INFO Server -> Train: Loss 1.435 | Accuracy = 47.574
2022-02-06 10:32:30,048 INFO ROUND 14
2022-02-06 10:32:48,579 INFO [AFTER AVG]
2022-02-06 10:32:58,875 INFO Server -> Train: Loss 1.410 | Accuracy = 48.500
2022-02-06 10:32:58,875 INFO ROUND 15
2022-02-06 10:33:17,519 INFO [AFTER AVG]
2022-02-06 10:33:27,778 INFO Server -> Train: Loss 1.409 | Accuracy = 48.590
2022-02-06 10:33:29,956 INFO Server -> Test: Loss 1.416 | Accuracy = 48.360
2022-02-06 10:33:30,000 INFO ROUND 16
2022-02-06 10:33:48,546 INFO [AFTER AVG]
2022-02-06 10:33:58,807 INFO Server -> Train: Loss 1.369 | Accuracy = 50.162
2022-02-06 10:33:58,808 INFO ROUND 17
2022-02-06 10:34:17,292 INFO [AFTER AVG]
2022-02-06 10:34:27,531 INFO Server -> Train: Loss 1.414 | Accuracy = 47.310
2022-02-06 10:34:27,531 INFO ROUND 18
2022-02-06 10:34:45,862 INFO [AFTER AVG]
2022-02-06 10:34:55,997 INFO Server -> Train: Loss 1.315 | Accuracy = 52.592
2022-02-06 10:34:55,997 INFO ROUND 19
2022-02-06 10:35:14,523 INFO [AFTER AVG]
2022-02-06 10:35:24,642 INFO Server -> Train: Loss 1.301 | Accuracy = 52.018
2022-02-06 10:35:24,642 INFO ROUND 20
2022-02-06 10:35:43,058 INFO [AFTER AVG]
2022-02-06 10:35:53,219 INFO Server -> Train: Loss 1.312 | Accuracy = 52.780
2022-02-06 10:35:53,220 INFO ROUND 21
2022-02-06 10:36:11,792 INFO [AFTER AVG]
2022-02-06 10:36:21,891 INFO Server -> Train: Loss 1.270 | Accuracy = 53.806
2022-02-06 10:36:21,892 INFO ROUND 22
2022-02-06 10:36:40,294 INFO [AFTER AVG]
2022-02-06 10:36:50,329 INFO Server -> Train: Loss 1.231 | Accuracy = 55.064
2022-02-06 10:36:50,329 INFO ROUND 23
2022-02-06 10:37:08,767 INFO [AFTER AVG]
2022-02-06 10:37:18,790 INFO Server -> Train: Loss 1.225 | Accuracy = 55.834
2022-02-06 10:37:18,791 INFO ROUND 24
2022-02-06 10:37:38,724 INFO [AFTER AVG]
2022-02-06 10:37:48,782 INFO Server -> Train: Loss 1.205 | Accuracy = 55.876
2022-02-06 10:37:48,782 INFO ROUND 25
2022-02-06 10:38:07,603 INFO [AFTER AVG]
2022-02-06 10:38:17,744 INFO Server -> Train: Loss 1.237 | Accuracy = 55.204
2022-02-06 10:38:17,745 INFO ROUND 26
2022-02-06 10:38:36,559 INFO [AFTER AVG]
2022-02-06 10:38:46,693 INFO Server -> Train: Loss 1.197 | Accuracy = 56.106
2022-02-06 10:38:46,694 INFO ROUND 27
2022-02-06 10:39:05,524 INFO [AFTER AVG]
2022-02-06 10:39:15,722 INFO Server -> Train: Loss 1.189 | Accuracy = 56.310
2022-02-06 10:39:15,723 INFO ROUND 28
2022-02-06 10:39:34,618 INFO [AFTER AVG]
2022-02-06 10:39:44,708 INFO Server -> Train: Loss 1.143 | Accuracy = 59.130
2022-02-06 10:39:44,710 INFO ROUND 29
2022-02-06 10:40:03,550 INFO [AFTER AVG]
2022-02-06 10:40:13,642 INFO Server -> Train: Loss 1.125 | Accuracy = 59.568
2022-02-06 10:40:13,643 INFO ROUND 30
2022-02-06 10:40:32,660 INFO [AFTER AVG]
2022-02-06 10:40:42,735 INFO Server -> Train: Loss 1.097 | Accuracy = 60.484
2022-02-06 10:40:44,878 INFO Server -> Test: Loss 1.142 | Accuracy = 59.350
2022-02-06 10:40:44,925 INFO ROUND 31
2022-02-06 10:41:04,134 INFO [AFTER AVG]
2022-02-06 10:41:14,355 INFO Server -> Train: Loss 1.078 | Accuracy = 61.458
2022-02-06 10:41:14,355 INFO ROUND 32
2022-02-06 10:41:33,324 INFO [AFTER AVG]
2022-02-06 10:41:43,355 INFO Server -> Train: Loss 1.066 | Accuracy = 61.380
2022-02-06 10:41:43,356 INFO ROUND 33
2022-02-06 10:42:02,331 INFO [AFTER AVG]
2022-02-06 10:42:12,393 INFO Server -> Train: Loss 1.045 | Accuracy = 62.660
2022-02-06 10:42:12,393 INFO ROUND 34
2022-02-06 10:42:31,519 INFO [AFTER AVG]
2022-02-06 10:42:41,554 INFO Server -> Train: Loss 1.028 | Accuracy = 62.922
2022-02-06 10:42:41,555 INFO ROUND 35
2022-02-06 10:43:00,527 INFO [AFTER AVG]
2022-02-06 10:43:10,708 INFO Server -> Train: Loss 1.032 | Accuracy = 62.686
2022-02-06 10:43:10,709 INFO ROUND 36
2022-02-06 10:43:30,058 INFO [AFTER AVG]
2022-02-06 10:43:40,187 INFO Server -> Train: Loss 1.020 | Accuracy = 63.114
2022-02-06 10:43:40,187 INFO ROUND 37
2022-02-06 10:43:59,335 INFO [AFTER AVG]
2022-02-06 10:44:09,360 INFO Server -> Train: Loss 0.996 | Accuracy = 64.412
2022-02-06 10:44:09,361 INFO ROUND 38
2022-02-06 10:44:28,622 INFO [AFTER AVG]
2022-02-06 10:44:38,590 INFO Server -> Train: Loss 0.986 | Accuracy = 64.604
2022-02-06 10:44:38,591 INFO ROUND 39
2022-02-06 10:44:57,915 INFO [AFTER AVG]
2022-02-06 10:45:07,894 INFO Server -> Train: Loss 1.024 | Accuracy = 62.872
2022-02-06 10:45:07,895 INFO ROUND 40
2022-02-06 10:45:27,364 INFO [AFTER AVG]
2022-02-06 10:45:37,463 INFO Server -> Train: Loss 0.964 | Accuracy = 65.264
2022-02-06 10:45:37,463 INFO ROUND 41
2022-02-06 10:45:57,060 INFO [AFTER AVG]
2022-02-06 10:46:07,240 INFO Server -> Train: Loss 0.937 | Accuracy = 66.542
2022-02-06 10:46:07,241 INFO ROUND 42
2022-02-06 10:46:28,110 INFO [AFTER AVG]
2022-02-06 10:46:39,834 INFO Server -> Train: Loss 0.950 | Accuracy = 65.618
2022-02-06 10:46:39,835 INFO ROUND 43
2022-02-06 10:47:01,809 INFO [AFTER AVG]
2022-02-06 10:47:13,148 INFO Server -> Train: Loss 0.919 | Accuracy = 67.302
2022-02-06 10:47:13,148 INFO ROUND 44
2022-02-06 10:47:34,681 INFO [AFTER AVG]
2022-02-06 10:47:45,871 INFO Server -> Train: Loss 0.920 | Accuracy = 67.126
2022-02-06 10:47:45,871 INFO ROUND 45
2022-02-06 10:48:07,300 INFO [AFTER AVG]
2022-02-06 10:48:18,343 INFO Server -> Train: Loss 0.899 | Accuracy = 67.872
2022-02-06 10:48:20,772 INFO Server -> Test: Loss 1.001 | Accuracy = 65.110
2022-02-06 10:48:20,826 INFO ROUND 46
2022-02-06 10:48:42,766 INFO [AFTER AVG]
2022-02-06 10:48:54,015 INFO Server -> Train: Loss 0.884 | Accuracy = 68.394
2022-02-06 10:48:54,015 INFO ROUND 47
2022-02-06 10:49:14,755 INFO [AFTER AVG]
2022-02-06 10:49:25,073 INFO Server -> Train: Loss 0.877 | Accuracy = 68.660
2022-02-06 10:49:25,074 INFO ROUND 48
2022-02-06 10:49:45,001 INFO [AFTER AVG]
2022-02-06 10:49:55,053 INFO Server -> Train: Loss 0.876 | Accuracy = 68.524
2022-02-06 10:49:55,054 INFO ROUND 49
2022-02-06 10:50:14,856 INFO [AFTER AVG]
2022-02-06 10:50:25,095 INFO Server -> Train: Loss 0.850 | Accuracy = 69.816
2022-02-06 10:50:25,096 INFO ROUND 50
2022-02-06 10:50:45,610 INFO [AFTER AVG]
2022-02-06 10:50:56,272 INFO Server -> Train: Loss 0.842 | Accuracy = 70.020
2022-02-06 10:50:56,272 INFO ROUND 51
2022-02-06 10:51:17,640 INFO [AFTER AVG]
2022-02-06 10:51:28,711 INFO Server -> Train: Loss 0.818 | Accuracy = 71.002
2022-02-06 10:51:28,711 INFO ROUND 52
2022-02-06 10:51:49,748 INFO [AFTER AVG]
2022-02-06 10:52:00,251 INFO Server -> Train: Loss 0.851 | Accuracy = 69.448
2022-02-06 10:52:00,251 INFO ROUND 53
2022-02-06 10:52:22,289 INFO [AFTER AVG]
2022-02-06 10:52:33,021 INFO Server -> Train: Loss 0.821 | Accuracy = 70.944
2022-02-06 10:52:33,022 INFO ROUND 54
2022-02-06 10:52:54,649 INFO [AFTER AVG]
2022-02-06 10:53:05,426 INFO Server -> Train: Loss 0.809 | Accuracy = 71.128
2022-02-06 10:53:05,426 INFO ROUND 55
2022-02-06 10:53:25,783 INFO [AFTER AVG]
2022-02-06 10:53:35,781 INFO Server -> Train: Loss 0.775 | Accuracy = 72.590
2022-02-06 10:53:35,782 INFO ROUND 56
2022-02-06 10:53:56,001 INFO [AFTER AVG]
2022-02-06 10:54:06,266 INFO Server -> Train: Loss 0.845 | Accuracy = 69.398
2022-02-06 10:54:06,266 INFO ROUND 57
2022-02-06 10:54:26,706 INFO [AFTER AVG]
2022-02-06 10:54:36,620 INFO Server -> Train: Loss 0.767 | Accuracy = 72.568
2022-02-06 10:54:36,621 INFO ROUND 58
2022-02-06 10:54:56,764 INFO [AFTER AVG]
2022-02-06 10:55:06,722 INFO Server -> Train: Loss 0.807 | Accuracy = 70.676
2022-02-06 10:55:06,723 INFO ROUND 59
2022-02-06 10:55:27,263 INFO [AFTER AVG]
2022-02-06 10:55:37,331 INFO Server -> Train: Loss 0.756 | Accuracy = 73.174
2022-02-06 10:55:37,331 INFO ROUND 60
2022-02-06 10:55:57,720 INFO [AFTER AVG]
2022-02-06 10:56:07,764 INFO Server -> Train: Loss 0.723 | Accuracy = 74.450
2022-02-06 10:56:09,916 INFO Server -> Test: Loss 0.911 | Accuracy = 68.820
2022-02-06 10:56:09,964 INFO ROUND 61
2022-02-06 10:56:30,617 INFO [AFTER AVG]
2022-02-06 10:56:40,620 INFO Server -> Train: Loss 0.755 | Accuracy = 72.758
2022-02-06 10:56:40,620 INFO ROUND 62
2022-02-06 10:57:01,077 INFO [AFTER AVG]
2022-02-06 10:57:11,098 INFO Server -> Train: Loss 0.723 | Accuracy = 74.352
2022-02-06 10:57:11,099 INFO ROUND 63
2022-02-06 10:57:31,808 INFO [AFTER AVG]
2022-02-06 10:57:41,833 INFO Server -> Train: Loss 0.711 | Accuracy = 74.808
2022-02-06 10:57:41,834 INFO ROUND 64
2022-02-06 10:58:02,514 INFO [AFTER AVG]
2022-02-06 10:58:12,457 INFO Server -> Train: Loss 0.707 | Accuracy = 74.848
2022-02-06 10:58:12,457 INFO ROUND 65
2022-02-06 10:58:33,290 INFO [AFTER AVG]
2022-02-06 10:58:43,335 INFO Server -> Train: Loss 0.725 | Accuracy = 73.914
2022-02-06 10:58:43,335 INFO ROUND 66
2022-02-06 10:59:04,045 INFO [AFTER AVG]
2022-02-06 10:59:14,106 INFO Server -> Train: Loss 0.673 | Accuracy = 76.256
2022-02-06 10:59:14,106 INFO ROUND 67
2022-02-06 10:59:35,143 INFO [AFTER AVG]
2022-02-06 10:59:45,246 INFO Server -> Train: Loss 0.723 | Accuracy = 73.668
2022-02-06 10:59:45,246 INFO ROUND 68
2022-02-06 11:00:06,185 INFO [AFTER AVG]
2022-02-06 11:00:16,294 INFO Server -> Train: Loss 0.678 | Accuracy = 75.704
2022-02-06 11:00:16,295 INFO ROUND 69
2022-02-06 11:00:37,309 INFO [AFTER AVG]
2022-02-06 11:00:47,414 INFO Server -> Train: Loss 0.651 | Accuracy = 76.980
2022-02-06 11:00:47,414 INFO ROUND 70
2022-02-06 11:01:10,199 INFO [AFTER AVG]
2022-02-06 11:01:20,322 INFO Server -> Train: Loss 0.638 | Accuracy = 77.434
2022-02-06 11:01:20,323 INFO ROUND 71
2022-02-06 11:01:41,329 INFO [AFTER AVG]
2022-02-06 11:01:51,488 INFO Server -> Train: Loss 0.634 | Accuracy = 77.578
2022-02-06 11:01:51,488 INFO ROUND 72
2022-02-06 11:02:12,581 INFO [AFTER AVG]
2022-02-06 11:02:22,570 INFO Server -> Train: Loss 0.628 | Accuracy = 77.790
2022-02-06 11:02:22,570 INFO ROUND 73
2022-02-06 11:02:43,628 INFO [AFTER AVG]
2022-02-06 11:02:53,668 INFO Server -> Train: Loss 0.650 | Accuracy = 76.634
2022-02-06 11:02:53,669 INFO ROUND 74
2022-02-06 11:03:14,838 INFO [AFTER AVG]
2022-02-06 11:03:24,939 INFO Server -> Train: Loss 0.614 | Accuracy = 78.264
2022-02-06 11:03:24,939 INFO ROUND 75
2022-02-06 11:03:46,150 INFO [AFTER AVG]
2022-02-06 11:03:56,232 INFO Server -> Train: Loss 0.608 | Accuracy = 78.546
2022-02-06 11:03:58,444 INFO Server -> Test: Loss 0.904 | Accuracy = 70.220
2022-02-06 11:03:58,495 INFO ROUND 76
2022-02-06 11:04:19,811 INFO [AFTER AVG]
2022-02-06 11:04:29,861 INFO Server -> Train: Loss 0.588 | Accuracy = 79.100
2022-02-06 11:04:29,862 INFO ROUND 77
2022-02-06 11:04:51,248 INFO [AFTER AVG]
2022-02-06 11:05:01,245 INFO Server -> Train: Loss 0.587 | Accuracy = 79.220
2022-02-06 11:05:01,245 INFO ROUND 78
2022-02-06 11:05:22,584 INFO [AFTER AVG]
2022-02-06 11:05:32,684 INFO Server -> Train: Loss 0.690 | Accuracy = 75.428
2022-02-06 11:05:32,684 INFO ROUND 79
2022-02-06 11:05:54,173 INFO [AFTER AVG]
2022-02-06 11:06:04,292 INFO Server -> Train: Loss 0.581 | Accuracy = 79.530
2022-02-06 11:06:04,292 INFO ROUND 80
2022-02-06 11:06:26,029 INFO [AFTER AVG]
2022-02-06 11:06:36,101 INFO Server -> Train: Loss 0.582 | Accuracy = 79.172
2022-02-06 11:06:36,102 INFO ROUND 81
2022-02-06 11:06:57,561 INFO [AFTER AVG]
2022-02-06 11:07:07,520 INFO Server -> Train: Loss 0.551 | Accuracy = 80.472
2022-02-06 11:07:07,521 INFO ROUND 82
2022-02-06 11:07:29,135 INFO [AFTER AVG]
2022-02-06 11:07:39,053 INFO Server -> Train: Loss 0.553 | Accuracy = 80.398
2022-02-06 11:07:39,053 INFO ROUND 83
2022-02-06 11:08:00,787 INFO [AFTER AVG]
2022-02-06 11:08:10,798 INFO Server -> Train: Loss 0.558 | Accuracy = 80.104
2022-02-06 11:08:10,799 INFO ROUND 84
2022-02-06 11:08:32,650 INFO [AFTER AVG]
2022-02-06 11:08:42,770 INFO Server -> Train: Loss 0.535 | Accuracy = 80.858
2022-02-06 11:08:42,771 INFO ROUND 85
2022-02-06 11:09:04,497 INFO [AFTER AVG]
2022-02-06 11:09:14,444 INFO Server -> Train: Loss 0.509 | Accuracy = 81.950
2022-02-06 11:09:14,444 INFO ROUND 86
2022-02-06 11:09:36,321 INFO [AFTER AVG]
2022-02-06 11:09:46,312 INFO Server -> Train: Loss 0.544 | Accuracy = 80.594
2022-02-06 11:09:46,313 INFO ROUND 87
2022-02-06 11:10:08,345 INFO [AFTER AVG]
2022-02-06 11:10:18,505 INFO Server -> Train: Loss 0.515 | Accuracy = 81.598
2022-02-06 11:10:18,506 INFO ROUND 88
2022-02-06 11:10:40,657 INFO [AFTER AVG]
2022-02-06 11:10:50,704 INFO Server -> Train: Loss 0.512 | Accuracy = 81.908
2022-02-06 11:10:50,705 INFO ROUND 89
2022-02-06 11:11:12,728 INFO [AFTER AVG]
2022-02-06 11:11:22,825 INFO Server -> Train: Loss 0.488 | Accuracy = 82.724
2022-02-06 11:11:22,826 INFO ROUND 90
2022-02-06 11:11:44,871 INFO [AFTER AVG]
2022-02-06 11:11:54,930 INFO Server -> Train: Loss 0.478 | Accuracy = 83.114
2022-02-06 11:11:57,099 INFO Server -> Test: Loss 0.909 | Accuracy = 71.240
2022-02-06 11:11:57,146 INFO ROUND 91
2022-02-06 11:12:19,533 INFO [AFTER AVG]
2022-02-06 11:12:29,672 INFO Server -> Train: Loss 0.468 | Accuracy = 83.526
2022-02-06 11:12:29,673 INFO ROUND 92
2022-02-06 11:12:52,430 INFO [AFTER AVG]
2022-02-06 11:13:02,526 INFO Server -> Train: Loss 0.489 | Accuracy = 82.434
2022-02-06 11:13:02,527 INFO ROUND 93
2022-02-06 11:13:24,936 INFO [AFTER AVG]
2022-02-06 11:13:34,951 INFO Server -> Train: Loss 0.470 | Accuracy = 83.442
2022-02-06 11:13:34,954 INFO ROUND 94
2022-02-06 11:13:57,268 INFO [AFTER AVG]
2022-02-06 11:14:07,182 INFO Server -> Train: Loss 0.494 | Accuracy = 82.358
2022-02-06 11:14:07,183 INFO ROUND 95
2022-02-06 11:14:29,474 INFO [AFTER AVG]
2022-02-06 11:14:39,633 INFO Server -> Train: Loss 0.458 | Accuracy = 83.652
2022-02-06 11:14:39,634 INFO ROUND 96
2022-02-06 11:15:01,955 INFO [AFTER AVG]
2022-02-06 11:15:12,077 INFO Server -> Train: Loss 0.453 | Accuracy = 83.992
2022-02-06 11:15:12,078 INFO ROUND 97
2022-02-06 11:15:34,600 INFO [AFTER AVG]
2022-02-06 11:15:44,623 INFO Server -> Train: Loss 0.431 | Accuracy = 84.626
2022-02-06 11:15:44,624 INFO ROUND 98
2022-02-06 11:16:07,246 INFO [AFTER AVG]
2022-02-06 11:16:17,427 INFO Server -> Train: Loss 0.433 | Accuracy = 84.614
2022-02-06 11:16:17,427 INFO ROUND 99
2022-02-06 11:16:39,927 INFO [AFTER AVG]
2022-02-06 11:16:49,821 INFO Server -> Train: Loss 0.445 | Accuracy = 84.012
2022-02-06 11:16:49,821 INFO ROUND 100
2022-02-06 11:17:12,162 INFO [AFTER AVG]
2022-02-06 11:17:22,062 INFO Server -> Train: Loss 0.406 | Accuracy = 85.740
2022-02-06 11:17:22,062 INFO ROUND 101
2022-02-06 11:17:44,456 INFO [AFTER AVG]
2022-02-06 11:17:54,528 INFO Server -> Train: Loss 0.419 | Accuracy = 85.176
2022-02-06 11:17:54,528 INFO ROUND 102
2022-02-06 11:18:16,990 INFO [AFTER AVG]
2022-02-06 11:18:26,958 INFO Server -> Train: Loss 0.397 | Accuracy = 85.968
2022-02-06 11:18:26,958 INFO ROUND 103
2022-02-06 11:18:50,009 INFO [AFTER AVG]
2022-02-06 11:19:00,083 INFO Server -> Train: Loss 0.394 | Accuracy = 86.170
2022-02-06 11:19:00,083 INFO ROUND 104
2022-02-06 11:19:22,880 INFO [AFTER AVG]
2022-02-06 11:19:32,881 INFO Server -> Train: Loss 0.381 | Accuracy = 86.508
2022-02-06 11:19:32,881 INFO ROUND 105
2022-02-06 11:19:55,883 INFO [AFTER AVG]
2022-02-06 11:20:05,889 INFO Server -> Train: Loss 0.402 | Accuracy = 85.798
2022-02-06 11:20:08,115 INFO Server -> Test: Loss 0.969 | Accuracy = 70.880
2022-02-06 11:20:08,165 INFO ROUND 106
2022-02-06 11:20:31,216 INFO [AFTER AVG]
2022-02-06 11:20:41,353 INFO Server -> Train: Loss 0.401 | Accuracy = 85.468
2022-02-06 11:20:41,354 INFO ROUND 107
2022-02-06 11:21:04,431 INFO [AFTER AVG]
2022-02-06 11:21:14,518 INFO Server -> Train: Loss 0.369 | Accuracy = 86.978
2022-02-06 11:21:14,518 INFO ROUND 108
2022-02-06 11:21:37,642 INFO [AFTER AVG]
2022-02-06 11:21:47,956 INFO Server -> Train: Loss 0.351 | Accuracy = 87.624
2022-02-06 11:21:47,957 INFO ROUND 109
2022-02-06 11:22:11,322 INFO [AFTER AVG]
2022-02-06 11:22:21,445 INFO Server -> Train: Loss 0.349 | Accuracy = 87.712
2022-02-06 11:22:21,446 INFO ROUND 110
2022-02-06 11:22:44,891 INFO [AFTER AVG]
2022-02-06 11:22:54,995 INFO Server -> Train: Loss 0.357 | Accuracy = 87.514
2022-02-06 11:22:54,996 INFO ROUND 111
2022-02-06 11:23:18,295 INFO [AFTER AVG]
2022-02-06 11:23:28,515 INFO Server -> Train: Loss 0.350 | Accuracy = 87.654
2022-02-06 11:23:28,516 INFO ROUND 112
2022-02-06 11:23:51,829 INFO [AFTER AVG]
2022-02-06 11:24:01,938 INFO Server -> Train: Loss 0.355 | Accuracy = 87.254
2022-02-06 11:24:01,939 INFO ROUND 113
2022-02-06 11:24:25,379 INFO [AFTER AVG]
2022-02-06 11:24:35,614 INFO Server -> Train: Loss 0.326 | Accuracy = 88.652
2022-02-06 11:24:35,615 INFO ROUND 114
2022-02-06 11:24:59,054 INFO [AFTER AVG]
2022-02-06 11:25:09,186 INFO Server -> Train: Loss 0.319 | Accuracy = 88.780
2022-02-06 11:25:09,186 INFO ROUND 115
2022-02-06 11:25:32,679 INFO [AFTER AVG]
2022-02-06 11:25:42,739 INFO Server -> Train: Loss 0.337 | Accuracy = 88.012
2022-02-06 11:25:42,739 INFO ROUND 116
2022-02-06 11:26:06,450 INFO [AFTER AVG]
2022-02-06 11:26:16,545 INFO Server -> Train: Loss 0.313 | Accuracy = 89.126
2022-02-06 11:26:16,545 INFO ROUND 117
2022-02-06 11:26:40,203 INFO [AFTER AVG]
2022-02-06 11:26:50,220 INFO Server -> Train: Loss 0.340 | Accuracy = 87.710
2022-02-06 11:26:50,221 INFO ROUND 118
2022-02-06 11:27:13,940 INFO [AFTER AVG]
2022-02-06 11:27:24,012 INFO Server -> Train: Loss 0.304 | Accuracy = 89.634
2022-02-06 11:27:24,013 INFO ROUND 119
2022-02-06 11:27:49,661 INFO [AFTER AVG]
2022-02-06 11:27:59,847 INFO Server -> Train: Loss 0.345 | Accuracy = 87.416
2022-02-06 11:27:59,848 INFO ROUND 120
2022-02-06 11:28:23,772 INFO [AFTER AVG]
2022-02-06 11:28:33,994 INFO Server -> Train: Loss 0.307 | Accuracy = 89.070
2022-02-06 11:28:36,184 INFO Server -> Test: Loss 1.026 | Accuracy = 70.990
2022-02-06 11:28:36,235 INFO ROUND 121
2022-02-06 11:28:59,968 INFO [AFTER AVG]
2022-02-06 11:29:10,011 INFO Server -> Train: Loss 0.308 | Accuracy = 89.098
2022-02-06 11:29:10,012 INFO ROUND 122
2022-02-06 11:29:33,777 INFO [AFTER AVG]
2022-02-06 11:29:43,739 INFO Server -> Train: Loss 0.285 | Accuracy = 89.966
2022-02-06 11:29:43,740 INFO ROUND 123
2022-02-06 11:30:07,453 INFO [AFTER AVG]
2022-02-06 11:30:17,516 INFO Server -> Train: Loss 0.275 | Accuracy = 90.162
2022-02-06 11:30:17,517 INFO ROUND 124
2022-02-06 11:30:41,308 INFO [AFTER AVG]
2022-02-06 11:30:51,229 INFO Server -> Train: Loss 0.268 | Accuracy = 90.812
2022-02-06 11:30:51,230 INFO ROUND 125
2022-02-06 11:31:15,221 INFO [AFTER AVG]
2022-02-06 11:31:25,294 INFO Server -> Train: Loss 0.278 | Accuracy = 90.044
2022-02-06 11:31:25,294 INFO ROUND 126
2022-02-06 11:31:49,525 INFO [AFTER AVG]
2022-02-06 11:31:59,571 INFO Server -> Train: Loss 0.259 | Accuracy = 90.904
2022-02-06 11:31:59,571 INFO ROUND 127
2022-02-06 11:32:23,722 INFO [AFTER AVG]
2022-02-06 11:32:33,811 INFO Server -> Train: Loss 0.249 | Accuracy = 91.528
2022-02-06 11:32:33,812 INFO ROUND 128
2022-02-06 11:32:57,830 INFO [AFTER AVG]
2022-02-06 11:33:07,893 INFO Server -> Train: Loss 0.284 | Accuracy = 89.778
2022-02-06 11:33:07,893 INFO ROUND 129
2022-02-06 11:33:32,099 INFO [AFTER AVG]
2022-02-06 11:33:42,064 INFO Server -> Train: Loss 0.251 | Accuracy = 91.136
2022-02-06 11:33:42,065 INFO ROUND 130
2022-02-06 11:34:06,270 INFO [AFTER AVG]
2022-02-06 11:34:16,234 INFO Server -> Train: Loss 0.258 | Accuracy = 90.842
2022-02-06 11:34:16,235 INFO ROUND 131
2022-02-06 11:34:40,534 INFO [AFTER AVG]
2022-02-06 11:34:50,454 INFO Server -> Train: Loss 0.233 | Accuracy = 91.980
2022-02-06 11:34:50,455 INFO ROUND 132
2022-02-06 11:35:14,721 INFO [AFTER AVG]
2022-02-06 11:35:24,716 INFO Server -> Train: Loss 0.249 | Accuracy = 91.442
2022-02-06 11:35:24,717 INFO ROUND 133
2022-02-06 11:35:48,988 INFO [AFTER AVG]
2022-02-06 11:35:58,975 INFO Server -> Train: Loss 0.232 | Accuracy = 91.924
2022-02-06 11:35:58,976 INFO ROUND 134
2022-02-06 11:36:23,651 INFO [AFTER AVG]
2022-02-06 11:36:33,718 INFO Server -> Train: Loss 0.244 | Accuracy = 91.260
2022-02-06 11:36:33,719 INFO ROUND 135
2022-02-06 11:36:58,146 INFO [AFTER AVG]
2022-02-06 11:37:08,028 INFO Server -> Train: Loss 0.241 | Accuracy = 91.516
2022-02-06 11:37:10,222 INFO Server -> Test: Loss 1.114 | Accuracy = 71.160
2022-02-06 11:37:10,270 INFO ROUND 136
2022-02-06 11:37:35,197 INFO [AFTER AVG]
2022-02-06 11:37:45,108 INFO Server -> Train: Loss 0.242 | Accuracy = 91.430
2022-02-06 11:37:45,109 INFO ROUND 137
2022-02-06 11:38:09,701 INFO [AFTER AVG]
2022-02-06 11:38:19,804 INFO Server -> Train: Loss 0.236 | Accuracy = 91.872
2022-02-06 11:38:19,804 INFO ROUND 138
2022-02-06 11:38:44,521 INFO [AFTER AVG]
2022-02-06 11:38:54,430 INFO Server -> Train: Loss 0.204 | Accuracy = 93.186
2022-02-06 11:38:54,430 INFO ROUND 139
2022-02-06 11:39:19,116 INFO [AFTER AVG]
2022-02-06 11:39:29,063 INFO Server -> Train: Loss 0.225 | Accuracy = 92.116
2022-02-06 11:39:29,065 INFO ROUND 140
2022-02-06 11:39:53,830 INFO [AFTER AVG]
2022-02-06 11:40:03,873 INFO Server -> Train: Loss 0.212 | Accuracy = 92.864
2022-02-06 11:40:03,873 INFO ROUND 141
2022-02-06 11:40:28,670 INFO [AFTER AVG]
2022-02-06 11:40:38,587 INFO Server -> Train: Loss 0.205 | Accuracy = 92.958
2022-02-06 11:40:38,588 INFO ROUND 142
2022-02-06 11:41:03,548 INFO [AFTER AVG]
2022-02-06 11:41:13,554 INFO Server -> Train: Loss 0.244 | Accuracy = 91.196
2022-02-06 11:41:13,554 INFO ROUND 143
2022-02-06 11:41:38,571 INFO [AFTER AVG]
2022-02-06 11:41:48,529 INFO Server -> Train: Loss 0.192 | Accuracy = 93.414
2022-02-06 11:41:48,530 INFO ROUND 144
2022-02-06 11:42:13,671 INFO [AFTER AVG]
2022-02-06 11:42:23,625 INFO Server -> Train: Loss 0.184 | Accuracy = 93.736
2022-02-06 11:42:23,626 INFO ROUND 145
2022-02-06 11:42:48,919 INFO [AFTER AVG]
2022-02-06 11:42:58,825 INFO Server -> Train: Loss 0.193 | Accuracy = 93.310
2022-02-06 11:42:58,826 INFO ROUND 146
2022-02-06 11:43:23,833 INFO [AFTER AVG]
2022-02-06 11:43:33,833 INFO Server -> Train: Loss 0.175 | Accuracy = 94.080
2022-02-06 11:43:33,834 INFO ROUND 147
2022-02-06 11:43:58,948 INFO [AFTER AVG]
2022-02-06 11:44:09,004 INFO Server -> Train: Loss 0.189 | Accuracy = 93.272
2022-02-06 11:44:09,005 INFO ROUND 148
2022-02-06 11:44:34,245 INFO [AFTER AVG]
2022-02-06 11:44:44,268 INFO Server -> Train: Loss 0.181 | Accuracy = 93.908
2022-02-06 11:44:44,268 INFO ROUND 149
2022-02-06 11:45:09,606 INFO [AFTER AVG]
2022-02-06 11:45:19,588 INFO Server -> Train: Loss 0.174 | Accuracy = 94.010
2022-02-06 11:45:19,589 INFO ROUND 150
2022-02-06 11:45:44,976 INFO [AFTER AVG]
2022-02-06 11:45:55,070 INFO Server -> Train: Loss 0.175 | Accuracy = 94.068
2022-02-06 11:45:57,311 INFO Server -> Test: Loss 1.196 | Accuracy = 71.020
2022-02-06 11:45:57,359 INFO ROUND 151
2022-02-06 11:46:23,027 INFO [AFTER AVG]
2022-02-06 11:46:33,127 INFO Server -> Train: Loss 0.168 | Accuracy = 94.460
2022-02-06 11:46:33,127 INFO ROUND 152
2022-02-06 11:46:58,659 INFO [AFTER AVG]
2022-02-06 11:47:08,583 INFO Server -> Train: Loss 0.153 | Accuracy = 95.000
2022-02-06 11:47:08,584 INFO ROUND 153
2022-02-06 11:47:34,120 INFO [AFTER AVG]
2022-02-06 11:47:44,218 INFO Server -> Train: Loss 0.160 | Accuracy = 94.762
2022-02-06 11:47:44,219 INFO ROUND 154
2022-02-06 11:48:09,774 INFO [AFTER AVG]
2022-02-06 11:48:19,743 INFO Server -> Train: Loss 0.182 | Accuracy = 93.502
2022-02-06 11:48:19,744 INFO ROUND 155
2022-02-06 11:48:45,458 INFO [AFTER AVG]
2022-02-06 11:48:55,371 INFO Server -> Train: Loss 0.160 | Accuracy = 94.590
2022-02-06 11:48:55,372 INFO ROUND 156
2022-02-06 11:49:21,080 INFO [AFTER AVG]
2022-02-06 11:49:31,086 INFO Server -> Train: Loss 0.146 | Accuracy = 95.220
2022-02-06 11:49:31,087 INFO ROUND 157
2022-02-06 11:49:56,957 INFO [AFTER AVG]
2022-02-06 11:50:07,042 INFO Server -> Train: Loss 0.150 | Accuracy = 94.954
2022-02-06 11:50:07,043 INFO ROUND 158
2022-02-06 11:50:32,935 INFO [AFTER AVG]
2022-02-06 11:50:43,067 INFO Server -> Train: Loss 0.141 | Accuracy = 95.328
2022-02-06 11:50:43,067 INFO ROUND 159
2022-02-06 11:51:09,313 INFO [AFTER AVG]
2022-02-06 11:51:19,354 INFO Server -> Train: Loss 0.159 | Accuracy = 94.490
2022-02-06 11:51:19,354 INFO ROUND 160
2022-02-06 11:51:45,254 INFO [AFTER AVG]
2022-02-06 11:51:55,309 INFO Server -> Train: Loss 0.147 | Accuracy = 95.250
2022-02-06 11:51:55,309 INFO ROUND 161
2022-02-06 11:52:21,187 INFO [AFTER AVG]
2022-02-06 11:52:31,126 INFO Server -> Train: Loss 0.141 | Accuracy = 95.270
2022-02-06 11:52:31,127 INFO ROUND 162
2022-02-06 11:52:57,404 INFO [AFTER AVG]
2022-02-06 11:53:07,308 INFO Server -> Train: Loss 0.131 | Accuracy = 95.938
2022-02-06 11:53:07,309 INFO ROUND 163
2022-02-06 11:53:33,538 INFO [AFTER AVG]
2022-02-06 11:53:43,510 INFO Server -> Train: Loss 0.128 | Accuracy = 95.928
2022-02-06 11:53:43,511 INFO ROUND 164
2022-02-06 11:54:09,729 INFO [AFTER AVG]
2022-02-06 11:54:19,747 INFO Server -> Train: Loss 0.132 | Accuracy = 95.538
2022-02-06 11:54:19,748 INFO ROUND 165
2022-02-06 11:54:45,853 INFO [AFTER AVG]
2022-02-06 11:54:55,944 INFO Server -> Train: Loss 0.146 | Accuracy = 94.966
2022-02-06 11:54:58,213 INFO Server -> Test: Loss 1.312 | Accuracy = 70.700
2022-02-06 11:54:58,260 INFO ROUND 166
2022-02-06 11:55:24,516 INFO [AFTER AVG]
2022-02-06 11:55:34,431 INFO Server -> Train: Loss 0.130 | Accuracy = 95.758
2022-02-06 11:55:34,432 INFO ROUND 167
2022-02-06 11:56:00,814 INFO [AFTER AVG]
2022-02-06 11:56:10,861 INFO Server -> Train: Loss 0.121 | Accuracy = 96.130
2022-02-06 11:56:10,861 INFO ROUND 168
2022-02-06 11:56:37,223 INFO [AFTER AVG]
2022-02-06 11:56:47,214 INFO Server -> Train: Loss 0.119 | Accuracy = 96.230
2022-02-06 11:56:47,214 INFO ROUND 169
2022-02-06 11:57:13,458 INFO [AFTER AVG]
2022-02-06 11:57:23,461 INFO Server -> Train: Loss 0.112 | Accuracy = 96.532
2022-02-06 11:57:23,462 INFO ROUND 170
2022-02-06 11:57:49,979 INFO [AFTER AVG]
2022-02-06 11:58:00,175 INFO Server -> Train: Loss 0.115 | Accuracy = 96.352
2022-02-06 11:58:00,176 INFO ROUND 171
2022-02-06 11:58:26,721 INFO [AFTER AVG]
2022-02-06 11:58:36,788 INFO Server -> Train: Loss 0.126 | Accuracy = 95.784
2022-02-06 11:58:36,788 INFO ROUND 172
2022-02-06 11:59:03,497 INFO [AFTER AVG]
2022-02-06 11:59:13,412 INFO Server -> Train: Loss 0.129 | Accuracy = 95.666
2022-02-06 11:59:13,413 INFO ROUND 173
2022-02-06 11:59:40,125 INFO [AFTER AVG]
2022-02-06 11:59:50,259 INFO Server -> Train: Loss 0.120 | Accuracy = 96.170
2022-02-06 11:59:50,260 INFO ROUND 174
2022-02-06 12:00:16,922 INFO [AFTER AVG]
2022-02-06 12:00:27,018 INFO Server -> Train: Loss 0.111 | Accuracy = 96.576
2022-02-06 12:00:27,018 INFO ROUND 175
2022-02-06 12:00:53,619 INFO [AFTER AVG]
2022-02-06 12:01:03,678 INFO Server -> Train: Loss 0.112 | Accuracy = 96.336
2022-02-06 12:01:03,679 INFO ROUND 176
2022-02-06 12:01:30,495 INFO [AFTER AVG]
2022-02-06 12:01:40,516 INFO Server -> Train: Loss 0.103 | Accuracy = 96.726
2022-02-06 12:01:40,516 INFO ROUND 177
2022-02-06 12:02:07,313 INFO [AFTER AVG]
2022-02-06 12:02:17,218 INFO Server -> Train: Loss 0.101 | Accuracy = 96.956
2022-02-06 12:02:17,218 INFO ROUND 178
2022-02-06 12:02:43,943 INFO [AFTER AVG]
2022-02-06 12:02:54,021 INFO Server -> Train: Loss 0.118 | Accuracy = 96.156
2022-02-06 12:02:54,022 INFO ROUND 179
2022-02-06 12:03:23,559 INFO [AFTER AVG]
2022-02-06 12:03:33,676 INFO Server -> Train: Loss 0.102 | Accuracy = 96.850
2022-02-06 12:03:33,677 INFO ROUND 180
2022-02-06 12:04:00,624 INFO [AFTER AVG]
2022-02-06 12:04:10,540 INFO Server -> Train: Loss 0.091 | Accuracy = 97.234
2022-02-06 12:04:12,797 INFO Server -> Test: Loss 1.325 | Accuracy = 71.550
2022-02-06 12:04:12,843 INFO ROUND 181
2022-02-06 12:04:39,933 INFO [AFTER AVG]
2022-02-06 12:04:49,922 INFO Server -> Train: Loss 0.108 | Accuracy = 96.472
2022-02-06 12:04:49,923 INFO ROUND 182
2022-02-06 12:05:16,809 INFO [AFTER AVG]
2022-02-06 12:05:26,895 INFO Server -> Train: Loss 0.096 | Accuracy = 97.118
2022-02-06 12:05:26,896 INFO ROUND 183
2022-02-06 12:05:54,027 INFO [AFTER AVG]
2022-02-06 12:06:04,163 INFO Server -> Train: Loss 0.095 | Accuracy = 97.040
2022-02-06 12:06:04,163 INFO ROUND 184
2022-02-06 12:06:31,466 INFO [AFTER AVG]
2022-02-06 12:06:41,567 INFO Server -> Train: Loss 0.114 | Accuracy = 96.024
2022-02-06 12:06:41,568 INFO ROUND 185
2022-02-06 12:07:08,742 INFO [AFTER AVG]
2022-02-06 12:07:18,742 INFO Server -> Train: Loss 0.115 | Accuracy = 96.084
2022-02-06 12:07:18,742 INFO ROUND 186
2022-02-06 12:07:45,851 INFO [AFTER AVG]
2022-02-06 12:07:55,896 INFO Server -> Train: Loss 0.089 | Accuracy = 97.384
2022-02-06 12:07:55,897 INFO ROUND 187
2022-02-06 12:08:23,430 INFO [AFTER AVG]
2022-02-06 12:08:33,364 INFO Server -> Train: Loss 0.089 | Accuracy = 97.434
2022-02-06 12:08:33,365 INFO ROUND 188
2022-02-06 12:09:00,754 INFO [AFTER AVG]
2022-02-06 12:09:10,787 INFO Server -> Train: Loss 0.078 | Accuracy = 97.832
2022-02-06 12:09:10,788 INFO ROUND 189
2022-02-06 12:09:38,275 INFO [AFTER AVG]
2022-02-06 12:09:48,287 INFO Server -> Train: Loss 0.076 | Accuracy = 97.880
2022-02-06 12:09:48,288 INFO ROUND 190
2022-02-06 12:10:15,907 INFO [AFTER AVG]
2022-02-06 12:10:25,843 INFO Server -> Train: Loss 0.076 | Accuracy = 97.880
2022-02-06 12:10:25,844 INFO ROUND 191
2022-02-06 12:10:53,257 INFO [AFTER AVG]
2022-02-06 12:11:03,491 INFO Server -> Train: Loss 0.089 | Accuracy = 97.188
2022-02-06 12:11:03,491 INFO ROUND 192
2022-02-06 12:11:31,056 INFO [AFTER AVG]
2022-02-06 12:11:41,105 INFO Server -> Train: Loss 0.078 | Accuracy = 97.836
2022-02-06 12:11:41,105 INFO ROUND 193
2022-02-06 12:12:08,756 INFO [AFTER AVG]
2022-02-06 12:12:18,777 INFO Server -> Train: Loss 0.075 | Accuracy = 97.852
2022-02-06 12:12:18,777 INFO ROUND 194
2022-02-06 12:12:46,510 INFO [AFTER AVG]
2022-02-06 12:12:56,459 INFO Server -> Train: Loss 0.089 | Accuracy = 97.188
2022-02-06 12:12:56,460 INFO ROUND 195
2022-02-06 12:13:24,255 INFO [AFTER AVG]
2022-02-06 12:13:34,349 INFO Server -> Train: Loss 0.074 | Accuracy = 97.994
2022-02-06 12:13:36,649 INFO Server -> Test: Loss 1.375 | Accuracy = 71.380
2022-02-06 12:13:36,716 INFO ROUND 196
2022-02-06 12:14:04,670 INFO [AFTER AVG]
2022-02-06 12:14:14,767 INFO Server -> Train: Loss 0.072 | Accuracy = 97.952
2022-02-06 12:14:14,767 INFO ROUND 197
2022-02-06 12:14:42,991 INFO [AFTER AVG]
2022-02-06 12:14:53,009 INFO Server -> Train: Loss 0.078 | Accuracy = 97.666
2022-02-06 12:14:53,010 INFO ROUND 198
2022-02-06 12:15:21,191 INFO [AFTER AVG]
2022-02-06 12:15:31,204 INFO Server -> Train: Loss 0.082 | Accuracy = 97.518
2022-02-06 12:15:31,204 INFO ROUND 199
2022-02-06 12:15:59,392 INFO [AFTER AVG]
2022-02-06 12:16:09,610 INFO Server -> Train: Loss 0.118 | Accuracy = 95.864
2022-02-06 12:16:09,611 INFO ROUND 200
2022-02-06 12:16:37,834 INFO [AFTER AVG]
2022-02-06 12:16:47,902 INFO Server -> Train: Loss 0.089 | Accuracy = 97.380
2022-02-06 12:16:47,902 INFO ROUND 201
2022-02-06 12:17:16,165 INFO [AFTER AVG]
2022-02-06 12:17:26,282 INFO Server -> Train: Loss 0.088 | Accuracy = 97.270
2022-02-06 12:17:26,283 INFO ROUND 202
2022-02-06 12:17:54,566 INFO [AFTER AVG]
2022-02-06 12:18:04,553 INFO Server -> Train: Loss 0.069 | Accuracy = 98.266
2022-02-06 12:18:04,554 INFO ROUND 203
2022-02-06 12:18:32,893 INFO [AFTER AVG]
2022-02-06 12:18:43,014 INFO Server -> Train: Loss 0.068 | Accuracy = 98.164
2022-02-06 12:18:43,014 INFO ROUND 204
2022-02-06 12:19:11,372 INFO [AFTER AVG]
2022-02-06 12:19:21,365 INFO Server -> Train: Loss 0.060 | Accuracy = 98.438
2022-02-06 12:19:21,365 INFO ROUND 205
2022-02-06 12:19:49,836 INFO [AFTER AVG]
2022-02-06 12:20:00,061 INFO Server -> Train: Loss 0.087 | Accuracy = 97.106
2022-02-06 12:20:00,062 INFO ROUND 206
2022-02-06 12:20:28,575 INFO [AFTER AVG]
2022-02-06 12:20:38,719 INFO Server -> Train: Loss 0.066 | Accuracy = 98.154
2022-02-06 12:20:38,719 INFO ROUND 207
2022-02-06 12:21:07,373 INFO [AFTER AVG]
2022-02-06 12:21:17,415 INFO Server -> Train: Loss 0.064 | Accuracy = 98.256
2022-02-06 12:21:17,416 INFO ROUND 208
2022-02-06 12:21:46,091 INFO [AFTER AVG]
2022-02-06 12:21:56,130 INFO Server -> Train: Loss 0.063 | Accuracy = 98.264
2022-02-06 12:21:56,132 INFO ROUND 209
2022-02-06 12:22:24,882 INFO [AFTER AVG]
2022-02-06 12:22:34,993 INFO Server -> Train: Loss 0.073 | Accuracy = 97.738
2022-02-06 12:22:34,994 INFO ROUND 210
2022-02-06 12:23:03,735 INFO [AFTER AVG]
2022-02-06 12:23:13,747 INFO Server -> Train: Loss 0.082 | Accuracy = 97.530
2022-02-06 12:23:16,059 INFO Server -> Test: Loss 1.447 | Accuracy = 70.890
2022-02-06 12:23:16,112 INFO ROUND 211
2022-02-06 12:23:44,958 INFO [AFTER AVG]
2022-02-06 12:23:55,240 INFO Server -> Train: Loss 0.064 | Accuracy = 98.340
2022-02-06 12:23:55,240 INFO ROUND 212
2022-02-06 12:24:24,090 INFO [AFTER AVG]
2022-02-06 12:24:34,217 INFO Server -> Train: Loss 0.065 | Accuracy = 98.150
2022-02-06 12:24:34,218 INFO ROUND 213
2022-02-06 12:25:03,231 INFO [AFTER AVG]
2022-02-06 12:25:13,353 INFO Server -> Train: Loss 0.062 | Accuracy = 98.346
2022-02-06 12:25:13,353 INFO ROUND 214
2022-02-06 12:25:42,379 INFO [AFTER AVG]
2022-02-06 12:25:52,521 INFO Server -> Train: Loss 0.060 | Accuracy = 98.408
2022-02-06 12:25:52,521 INFO ROUND 215
2022-02-06 12:26:21,783 INFO [AFTER AVG]
2022-02-06 12:26:31,894 INFO Server -> Train: Loss 0.055 | Accuracy = 98.700
2022-02-06 12:26:31,894 INFO ROUND 216
2022-02-06 12:27:00,835 INFO [AFTER AVG]
2022-02-06 12:27:10,781 INFO Server -> Train: Loss 0.050 | Accuracy = 98.856
2022-02-06 12:27:10,781 INFO ROUND 217
2022-02-06 12:27:39,836 INFO [AFTER AVG]
2022-02-06 12:27:50,009 INFO Server -> Train: Loss 0.049 | Accuracy = 98.928
2022-02-06 12:27:50,011 INFO ROUND 218
2022-02-06 12:28:19,041 INFO [AFTER AVG]
2022-02-06 12:28:29,230 INFO Server -> Train: Loss 0.051 | Accuracy = 98.774
2022-02-06 12:28:29,230 INFO ROUND 219
2022-02-06 12:28:58,421 INFO [AFTER AVG]
2022-02-06 12:29:08,655 INFO Server -> Train: Loss 0.057 | Accuracy = 98.504
2022-02-06 12:29:08,656 INFO ROUND 220
2022-02-06 12:29:37,962 INFO [AFTER AVG]
2022-02-06 12:29:47,877 INFO Server -> Train: Loss 0.054 | Accuracy = 98.702
2022-02-06 12:29:47,877 INFO ROUND 221
2022-02-06 12:30:17,461 INFO [AFTER AVG]
2022-02-06 12:30:27,650 INFO Server -> Train: Loss 0.059 | Accuracy = 98.476
2022-02-06 12:30:27,651 INFO ROUND 222
2022-02-06 12:30:56,932 INFO [AFTER AVG]
2022-02-06 12:31:07,215 INFO Server -> Train: Loss 0.048 | Accuracy = 98.938
2022-02-06 12:31:07,216 INFO ROUND 223
2022-02-06 12:31:36,601 INFO [AFTER AVG]
2022-02-06 12:31:46,755 INFO Server -> Train: Loss 0.043 | Accuracy = 99.114
2022-02-06 12:31:46,755 INFO ROUND 224
2022-02-06 12:32:16,298 INFO [AFTER AVG]
2022-02-06 12:32:26,339 INFO Server -> Train: Loss 0.063 | Accuracy = 98.208
2022-02-06 12:32:26,339 INFO ROUND 225
2022-02-06 12:32:55,764 INFO [AFTER AVG]
2022-02-06 12:33:05,868 INFO Server -> Train: Loss 0.047 | Accuracy = 98.930
2022-02-06 12:33:08,212 INFO Server -> Test: Loss 1.464 | Accuracy = 71.700
2022-02-06 12:33:08,262 INFO ROUND 226
2022-02-06 12:33:37,780 INFO [AFTER AVG]
2022-02-06 12:33:47,839 INFO Server -> Train: Loss 0.040 | Accuracy = 99.294
2022-02-06 12:33:47,839 INFO ROUND 227
2022-02-06 12:34:17,426 INFO [AFTER AVG]
2022-02-06 12:34:27,484 INFO Server -> Train: Loss 0.044 | Accuracy = 99.002
2022-02-06 12:34:27,484 INFO ROUND 228
2022-02-06 12:34:57,182 INFO [AFTER AVG]
2022-02-06 12:35:07,312 INFO Server -> Train: Loss 0.045 | Accuracy = 99.018
2022-02-06 12:35:07,312 INFO ROUND 229
2022-02-06 12:35:36,993 INFO [AFTER AVG]
2022-02-06 12:35:47,086 INFO Server -> Train: Loss 0.041 | Accuracy = 99.200
2022-02-06 12:35:47,087 INFO ROUND 230
2022-02-06 12:36:16,892 INFO [AFTER AVG]
2022-02-06 12:36:26,944 INFO Server -> Train: Loss 0.047 | Accuracy = 98.922
2022-02-06 12:36:26,944 INFO ROUND 231
2022-02-06 12:36:56,627 INFO [AFTER AVG]
2022-02-06 12:37:06,773 INFO Server -> Train: Loss 0.043 | Accuracy = 99.032
2022-02-06 12:37:06,773 INFO ROUND 232
2022-02-06 12:37:36,641 INFO [AFTER AVG]
2022-02-06 12:37:46,800 INFO Server -> Train: Loss 0.050 | Accuracy = 98.816
2022-02-06 12:37:46,800 INFO ROUND 233
2022-02-06 12:38:16,758 INFO [AFTER AVG]
2022-02-06 12:38:26,949 INFO Server -> Train: Loss 0.048 | Accuracy = 98.812
2022-02-06 12:38:26,950 INFO ROUND 234
2022-02-06 12:38:57,035 INFO [AFTER AVG]
2022-02-06 12:39:07,121 INFO Server -> Train: Loss 0.039 | Accuracy = 99.220
2022-02-06 12:39:07,121 INFO ROUND 235
2022-02-06 12:39:37,414 INFO [AFTER AVG]
2022-02-06 12:39:47,619 INFO Server -> Train: Loss 0.054 | Accuracy = 98.574
2022-02-06 12:39:47,619 INFO ROUND 236
2022-02-06 12:40:17,750 INFO [AFTER AVG]
2022-02-06 12:40:27,789 INFO Server -> Train: Loss 0.052 | Accuracy = 98.700
2022-02-06 12:40:27,789 INFO ROUND 237
2022-02-06 12:40:58,073 INFO [AFTER AVG]
2022-02-06 12:41:08,285 INFO Server -> Train: Loss 0.046 | Accuracy = 98.952
2022-02-06 12:41:08,286 INFO ROUND 238
2022-02-06 12:41:38,746 INFO [AFTER AVG]
2022-02-06 12:41:48,919 INFO Server -> Train: Loss 0.043 | Accuracy = 99.176
2022-02-06 12:41:48,920 INFO ROUND 239
2022-02-06 12:42:20,635 INFO [AFTER AVG]
2022-02-06 12:42:31,303 INFO Server -> Train: Loss 0.043 | Accuracy = 99.096
2022-02-06 12:42:31,304 INFO ROUND 240
2022-02-06 12:43:01,576 INFO [AFTER AVG]
2022-02-06 12:43:11,594 INFO Server -> Train: Loss 0.039 | Accuracy = 99.318
2022-02-06 12:43:13,934 INFO Server -> Test: Loss 1.485 | Accuracy = 71.080
2022-02-06 12:43:13,989 INFO ROUND 241
2022-02-06 12:43:44,656 INFO [AFTER AVG]
2022-02-06 12:43:54,877 INFO Server -> Train: Loss 0.042 | Accuracy = 99.080
2022-02-06 12:43:54,878 INFO ROUND 242
2022-02-06 12:44:25,709 INFO [AFTER AVG]
2022-02-06 12:44:35,929 INFO Server -> Train: Loss 0.039 | Accuracy = 99.266
2022-02-06 12:44:35,930 INFO ROUND 243
2022-02-06 12:45:06,619 INFO [AFTER AVG]
2022-02-06 12:45:16,657 INFO Server -> Train: Loss 0.038 | Accuracy = 99.330
2022-02-06 12:45:16,658 INFO ROUND 244
2022-02-06 12:45:47,334 INFO [AFTER AVG]
2022-02-06 12:45:57,659 INFO Server -> Train: Loss 0.036 | Accuracy = 99.362
2022-02-06 12:45:57,660 INFO ROUND 245
2022-02-06 12:46:28,514 INFO [AFTER AVG]
2022-02-06 12:46:38,608 INFO Server -> Train: Loss 0.038 | Accuracy = 99.258
2022-02-06 12:46:38,608 INFO ROUND 246
2022-02-06 12:47:09,544 INFO [AFTER AVG]
2022-02-06 12:47:19,669 INFO Server -> Train: Loss 0.035 | Accuracy = 99.452
2022-02-06 12:47:19,669 INFO ROUND 247
2022-02-06 12:47:50,649 INFO [AFTER AVG]
2022-02-06 12:48:00,837 INFO Server -> Train: Loss 0.042 | Accuracy = 99.062
2022-02-06 12:48:00,838 INFO ROUND 248
2022-02-06 12:48:32,258 INFO [AFTER AVG]
2022-02-06 12:48:42,360 INFO Server -> Train: Loss 0.032 | Accuracy = 99.466
2022-02-06 12:48:42,361 INFO ROUND 249
2022-02-06 12:49:13,503 INFO [AFTER AVG]
2022-02-06 12:49:23,496 INFO Server -> Train: Loss 0.033 | Accuracy = 99.446
2022-02-06 12:49:23,497 INFO ROUND 250
2022-02-06 12:49:54,686 INFO [AFTER AVG]
2022-02-06 12:50:04,884 INFO Server -> Train: Loss 0.035 | Accuracy = 99.410
2022-02-06 12:50:04,885 INFO ROUND 251
2022-02-06 12:50:35,917 INFO [AFTER AVG]
2022-02-06 12:50:45,972 INFO Server -> Train: Loss 0.032 | Accuracy = 99.454
2022-02-06 12:50:45,972 INFO ROUND 252
2022-02-06 12:51:17,166 INFO [AFTER AVG]
2022-02-06 12:51:27,408 INFO Server -> Train: Loss 0.027 | Accuracy = 99.654
2022-02-06 12:51:27,409 INFO ROUND 253
2022-02-06 12:51:58,816 INFO [AFTER AVG]
2022-02-06 12:52:08,920 INFO Server -> Train: Loss 0.028 | Accuracy = 99.586
2022-02-06 12:52:08,921 INFO ROUND 254
2022-02-06 12:52:40,289 INFO [AFTER AVG]
2022-02-06 12:52:50,349 INFO Server -> Train: Loss 0.048 | Accuracy = 98.670
2022-02-06 12:52:50,350 INFO ROUND 255
2022-02-06 12:53:24,628 INFO [AFTER AVG]
2022-02-06 12:53:34,717 INFO Server -> Train: Loss 0.046 | Accuracy = 99.002
2022-02-06 12:53:37,055 INFO Server -> Test: Loss 1.482 | Accuracy = 71.040
2022-02-06 12:53:37,103 INFO ROUND 256
2022-02-06 12:54:08,467 INFO [AFTER AVG]
2022-02-06 12:54:18,504 INFO Server -> Train: Loss 0.036 | Accuracy = 99.442
2022-02-06 12:54:18,505 INFO ROUND 257
2022-02-06 12:54:50,074 INFO [AFTER AVG]
2022-02-06 12:55:00,204 INFO Server -> Train: Loss 0.032 | Accuracy = 99.496
2022-02-06 12:55:00,205 INFO ROUND 258
2022-02-06 12:55:31,778 INFO [AFTER AVG]
2022-02-06 12:55:41,823 INFO Server -> Train: Loss 0.030 | Accuracy = 99.632
2022-02-06 12:55:41,824 INFO ROUND 259
2022-02-06 12:56:13,625 INFO [AFTER AVG]
2022-02-06 12:56:23,719 INFO Server -> Train: Loss 0.033 | Accuracy = 99.398
2022-02-06 12:56:23,720 INFO ROUND 260
2022-02-06 12:56:55,322 INFO [AFTER AVG]
2022-02-06 12:57:05,453 INFO Server -> Train: Loss 0.029 | Accuracy = 99.658
2022-02-06 12:57:05,454 INFO ROUND 261
2022-02-06 12:57:37,034 INFO [AFTER AVG]
2022-02-06 12:57:47,011 INFO Server -> Train: Loss 0.034 | Accuracy = 99.350
2022-02-06 12:57:47,011 INFO ROUND 262
2022-02-06 12:58:18,778 INFO [AFTER AVG]
2022-02-06 12:58:28,895 INFO Server -> Train: Loss 0.033 | Accuracy = 99.542
2022-02-06 12:58:28,895 INFO ROUND 263
2022-02-06 12:59:00,506 INFO [AFTER AVG]
2022-02-06 12:59:10,598 INFO Server -> Train: Loss 0.029 | Accuracy = 99.598
2022-02-06 12:59:10,599 INFO ROUND 264
2022-02-06 12:59:42,365 INFO [AFTER AVG]
2022-02-06 12:59:52,455 INFO Server -> Train: Loss 0.028 | Accuracy = 99.660
2022-02-06 12:59:52,455 INFO ROUND 265
2022-02-06 13:00:24,489 INFO [AFTER AVG]
2022-02-06 13:00:34,669 INFO Server -> Train: Loss 0.027 | Accuracy = 99.702
2022-02-06 13:00:34,670 INFO ROUND 266
2022-02-06 13:01:06,949 INFO [AFTER AVG]
2022-02-06 13:01:17,121 INFO Server -> Train: Loss 0.027 | Accuracy = 99.648
2022-02-06 13:01:17,122 INFO ROUND 267
2022-02-06 13:01:49,071 INFO [AFTER AVG]
2022-02-06 13:01:59,232 INFO Server -> Train: Loss 0.028 | Accuracy = 99.656
2022-02-06 13:01:59,233 INFO ROUND 268
2022-02-06 13:02:31,290 INFO [AFTER AVG]
2022-02-06 13:02:41,369 INFO Server -> Train: Loss 0.032 | Accuracy = 99.382
2022-02-06 13:02:41,370 INFO ROUND 269
2022-02-06 13:03:13,352 INFO [AFTER AVG]
2022-02-06 13:03:23,542 INFO Server -> Train: Loss 0.030 | Accuracy = 99.534
2022-02-06 13:03:23,542 INFO ROUND 270
2022-02-06 13:03:55,696 INFO [AFTER AVG]
2022-02-06 13:04:05,943 INFO Server -> Train: Loss 0.029 | Accuracy = 99.590
2022-02-06 13:04:08,284 INFO Server -> Test: Loss 1.518 | Accuracy = 71.620
2022-02-06 13:04:08,331 INFO ROUND 271
2022-02-06 13:04:40,496 INFO [AFTER AVG]
2022-02-06 13:04:50,577 INFO Server -> Train: Loss 0.024 | Accuracy = 99.790
2022-02-06 13:04:50,577 INFO ROUND 272
2022-02-06 13:05:23,136 INFO [AFTER AVG]
2022-02-06 13:05:33,283 INFO Server -> Train: Loss 0.025 | Accuracy = 99.778
2022-02-06 13:05:33,283 INFO ROUND 273
2022-02-06 13:06:05,818 INFO [AFTER AVG]
2022-02-06 13:06:16,029 INFO Server -> Train: Loss 0.026 | Accuracy = 99.690
2022-02-06 13:06:16,029 INFO ROUND 274
2022-02-06 13:06:48,228 INFO [AFTER AVG]
2022-02-06 13:06:58,333 INFO Server -> Train: Loss 0.031 | Accuracy = 99.490
2022-02-06 13:06:58,334 INFO ROUND 275
2022-02-06 13:07:30,888 INFO [AFTER AVG]
2022-02-06 13:07:40,996 INFO Server -> Train: Loss 0.025 | Accuracy = 99.680
2022-02-06 13:07:40,996 INFO ROUND 276
2022-02-06 13:08:13,342 INFO [AFTER AVG]
2022-02-06 13:08:23,387 INFO Server -> Train: Loss 0.024 | Accuracy = 99.760
2022-02-06 13:08:23,387 INFO ROUND 277
2022-02-06 13:08:55,836 INFO [AFTER AVG]
2022-02-06 13:09:05,945 INFO Server -> Train: Loss 0.028 | Accuracy = 99.598
2022-02-06 13:09:05,945 INFO ROUND 278
2022-02-06 13:09:38,438 INFO [AFTER AVG]
2022-02-06 13:09:48,332 INFO Server -> Train: Loss 0.030 | Accuracy = 99.480
2022-02-06 13:09:48,333 INFO ROUND 279
2022-02-06 13:10:21,146 INFO [AFTER AVG]
2022-02-06 13:10:31,215 INFO Server -> Train: Loss 0.026 | Accuracy = 99.730
2022-02-06 13:10:31,215 INFO ROUND 280
2022-02-06 13:11:03,854 INFO [AFTER AVG]
2022-02-06 13:11:14,029 INFO Server -> Train: Loss 0.039 | Accuracy = 99.022
2022-02-06 13:11:14,029 INFO ROUND 281
2022-02-06 13:11:46,748 INFO [AFTER AVG]
2022-02-06 13:11:56,800 INFO Server -> Train: Loss 0.023 | Accuracy = 99.808
2022-02-06 13:11:56,800 INFO ROUND 282
2022-02-06 13:12:29,605 INFO [AFTER AVG]
2022-02-06 13:12:39,692 INFO Server -> Train: Loss 0.024 | Accuracy = 99.704
2022-02-06 13:12:39,693 INFO ROUND 283
2022-02-06 13:13:12,708 INFO [AFTER AVG]
2022-02-06 13:13:22,902 INFO Server -> Train: Loss 0.035 | Accuracy = 99.332
2022-02-06 13:13:22,903 INFO ROUND 284
2022-02-06 13:13:55,762 INFO [AFTER AVG]
2022-02-06 13:14:05,944 INFO Server -> Train: Loss 0.023 | Accuracy = 99.734
2022-02-06 13:14:05,944 INFO ROUND 285
2022-02-06 13:14:38,937 INFO [AFTER AVG]
2022-02-06 13:14:49,003 INFO Server -> Train: Loss 0.022 | Accuracy = 99.824
2022-02-06 13:14:51,378 INFO Server -> Test: Loss 1.521 | Accuracy = 71.870
2022-02-06 13:14:51,430 INFO ROUND 286
2022-02-06 13:15:24,652 INFO [AFTER AVG]
2022-02-06 13:15:34,862 INFO Server -> Train: Loss 0.022 | Accuracy = 99.834
2022-02-06 13:15:34,863 INFO ROUND 287
2022-02-06 13:16:07,975 INFO [AFTER AVG]
2022-02-06 13:16:18,047 INFO Server -> Train: Loss 0.024 | Accuracy = 99.766
2022-02-06 13:16:18,048 INFO ROUND 288
2022-02-06 13:16:51,107 INFO [AFTER AVG]
2022-02-06 13:17:01,221 INFO Server -> Train: Loss 0.024 | Accuracy = 99.746
2022-02-06 13:17:01,222 INFO ROUND 289
2022-02-06 13:17:34,609 INFO [AFTER AVG]
2022-02-06 13:17:44,789 INFO Server -> Train: Loss 0.025 | Accuracy = 99.706
2022-02-06 13:17:44,790 INFO ROUND 290
2022-02-06 13:18:17,994 INFO [AFTER AVG]
2022-02-06 13:18:28,224 INFO Server -> Train: Loss 0.025 | Accuracy = 99.730
2022-02-06 13:18:28,224 INFO ROUND 291
2022-02-06 13:19:01,591 INFO [AFTER AVG]
2022-02-06 13:19:11,852 INFO Server -> Train: Loss 0.029 | Accuracy = 99.524
2022-02-06 13:19:11,853 INFO ROUND 292
2022-02-06 13:19:45,129 INFO [AFTER AVG]
2022-02-06 13:19:55,081 INFO Server -> Train: Loss 0.026 | Accuracy = 99.702
2022-02-06 13:19:55,082 INFO ROUND 293
2022-02-06 13:20:28,266 INFO [AFTER AVG]
2022-02-06 13:20:38,480 INFO Server -> Train: Loss 0.024 | Accuracy = 99.716
2022-02-06 13:20:38,480 INFO ROUND 294
2022-02-06 13:21:12,138 INFO [AFTER AVG]
2022-02-06 13:21:22,232 INFO Server -> Train: Loss 0.024 | Accuracy = 99.708
2022-02-06 13:21:22,233 INFO ROUND 295
2022-02-06 13:21:55,566 INFO [AFTER AVG]
2022-02-06 13:22:05,740 INFO Server -> Train: Loss 0.019 | Accuracy = 99.882
2022-02-06 13:22:05,741 INFO ROUND 296
2022-02-06 13:22:39,403 INFO [AFTER AVG]
2022-02-06 13:22:49,438 INFO Server -> Train: Loss 0.026 | Accuracy = 99.584
2022-02-06 13:22:49,439 INFO ROUND 297
2022-02-06 13:23:23,011 INFO [AFTER AVG]
2022-02-06 13:23:33,048 INFO Server -> Train: Loss 0.022 | Accuracy = 99.862
2022-02-06 13:23:33,049 INFO ROUND 298
2022-02-06 13:24:06,681 INFO [AFTER AVG]
2022-02-06 13:24:16,756 INFO Server -> Train: Loss 0.020 | Accuracy = 99.852
2022-02-06 13:24:16,758 INFO ROUND 299
2022-02-06 13:24:50,502 INFO [AFTER AVG]
2022-02-06 13:25:00,592 INFO Server -> Train: Loss 0.022 | Accuracy = 99.818
2022-02-06 13:25:00,593 INFO ROUND 300
2022-02-06 13:25:34,557 INFO [AFTER AVG]
2022-02-06 13:25:44,586 INFO Server -> Train: Loss 0.021 | Accuracy = 99.844
2022-02-06 13:25:46,936 INFO Server -> Test: Loss 1.532 | Accuracy = 71.860
2022-02-06 13:25:46,987 INFO ROUND 301
2022-02-06 13:26:21,180 INFO [AFTER AVG]
2022-02-06 13:26:31,214 INFO Server -> Train: Loss 0.021 | Accuracy = 99.758
2022-02-06 13:26:31,215 INFO ROUND 302
2022-02-06 13:27:05,034 INFO [AFTER AVG]
2022-02-06 13:27:15,222 INFO Server -> Train: Loss 0.024 | Accuracy = 99.690
2022-02-06 13:27:15,222 INFO ROUND 303
2022-02-06 13:27:49,226 INFO [AFTER AVG]
2022-02-06 13:27:59,225 INFO Server -> Train: Loss 0.017 | Accuracy = 99.916
2022-02-06 13:27:59,226 INFO ROUND 304
2022-02-06 13:28:33,433 INFO [AFTER AVG]
2022-02-06 13:28:43,486 INFO Server -> Train: Loss 0.022 | Accuracy = 99.784
2022-02-06 13:28:43,487 INFO ROUND 305
2022-02-06 13:29:17,712 INFO [AFTER AVG]
2022-02-06 13:29:27,799 INFO Server -> Train: Loss 0.032 | Accuracy = 99.362
2022-02-06 13:29:27,800 INFO ROUND 306
2022-02-06 13:30:01,981 INFO [AFTER AVG]
2022-02-06 13:30:12,066 INFO Server -> Train: Loss 0.025 | Accuracy = 99.744
2022-02-06 13:30:12,066 INFO ROUND 307
2022-02-06 13:30:46,275 INFO [AFTER AVG]
2022-02-06 13:30:56,310 INFO Server -> Train: Loss 0.028 | Accuracy = 99.592
2022-02-06 13:30:56,311 INFO ROUND 308
2022-02-06 13:31:30,474 INFO [AFTER AVG]
2022-02-06 13:31:40,441 INFO Server -> Train: Loss 0.022 | Accuracy = 99.820
2022-02-06 13:31:40,442 INFO ROUND 309
2022-02-06 13:32:14,588 INFO [AFTER AVG]
2022-02-06 13:32:24,647 INFO Server -> Train: Loss 0.022 | Accuracy = 99.786
2022-02-06 13:32:24,648 INFO ROUND 310
2022-02-06 13:32:59,076 INFO [AFTER AVG]
2022-02-06 13:33:09,187 INFO Server -> Train: Loss 0.019 | Accuracy = 99.898
2022-02-06 13:33:09,187 INFO ROUND 311
2022-02-06 13:33:43,717 INFO [AFTER AVG]
2022-02-06 13:33:53,720 INFO Server -> Train: Loss 0.018 | Accuracy = 99.918
2022-02-06 13:33:53,721 INFO ROUND 312
2022-02-06 13:34:28,046 INFO [AFTER AVG]
2022-02-06 13:34:38,149 INFO Server -> Train: Loss 0.017 | Accuracy = 99.934
2022-02-06 13:34:38,149 INFO ROUND 313
2022-02-06 13:35:12,772 INFO [AFTER AVG]
2022-02-06 13:35:22,858 INFO Server -> Train: Loss 0.018 | Accuracy = 99.906
2022-02-06 13:35:22,859 INFO ROUND 314
2022-02-06 13:35:57,335 INFO [AFTER AVG]
2022-02-06 13:36:07,649 INFO Server -> Train: Loss 0.019 | Accuracy = 99.902
2022-02-06 13:36:07,649 INFO ROUND 315
2022-02-06 13:36:42,459 INFO [AFTER AVG]
2022-02-06 13:36:52,512 INFO Server -> Train: Loss 0.018 | Accuracy = 99.910
2022-02-06 13:36:54,920 INFO Server -> Test: Loss 1.540 | Accuracy = 71.890
2022-02-06 13:36:54,985 INFO ROUND 316
2022-02-06 13:37:29,856 INFO [AFTER AVG]
2022-02-06 13:37:39,875 INFO Server -> Train: Loss 0.018 | Accuracy = 99.886
2022-02-06 13:37:39,876 INFO ROUND 317
2022-02-06 13:38:14,283 INFO [AFTER AVG]
2022-02-06 13:38:24,410 INFO Server -> Train: Loss 0.018 | Accuracy = 99.868
2022-02-06 13:38:24,411 INFO ROUND 318
2022-02-06 13:38:59,328 INFO [AFTER AVG]
2022-02-06 13:39:09,429 INFO Server -> Train: Loss 0.027 | Accuracy = 99.612
2022-02-06 13:39:09,429 INFO ROUND 319
2022-02-06 13:39:44,462 INFO [AFTER AVG]
2022-02-06 13:39:54,592 INFO Server -> Train: Loss 0.023 | Accuracy = 99.850
2022-02-06 13:39:54,593 INFO ROUND 320
2022-02-06 13:40:29,638 INFO [AFTER AVG]
2022-02-06 13:40:39,747 INFO Server -> Train: Loss 0.024 | Accuracy = 99.768
2022-02-06 13:40:39,748 INFO ROUND 321
2022-02-06 13:41:15,012 INFO [AFTER AVG]
2022-02-06 13:41:25,249 INFO Server -> Train: Loss 0.019 | Accuracy = 99.902
2022-02-06 13:41:25,249 INFO ROUND 322
2022-02-06 13:42:00,401 INFO [AFTER AVG]
2022-02-06 13:42:10,564 INFO Server -> Train: Loss 0.021 | Accuracy = 99.858
2022-02-06 13:42:10,565 INFO ROUND 323
2022-02-06 13:42:45,672 INFO [AFTER AVG]
2022-02-06 13:42:55,763 INFO Server -> Train: Loss 0.019 | Accuracy = 99.898
2022-02-06 13:42:55,764 INFO ROUND 324
2022-02-06 13:43:31,194 INFO [AFTER AVG]
2022-02-06 13:43:41,356 INFO Server -> Train: Loss 0.017 | Accuracy = 99.928
2022-02-06 13:43:41,357 INFO ROUND 325
2022-02-06 13:44:16,715 INFO [AFTER AVG]
2022-02-06 13:44:26,871 INFO Server -> Train: Loss 0.017 | Accuracy = 99.944
2022-02-06 13:44:26,872 INFO ROUND 326
2022-02-06 13:45:02,136 INFO [AFTER AVG]
2022-02-06 13:45:12,259 INFO Server -> Train: Loss 0.018 | Accuracy = 99.900
2022-02-06 13:45:12,260 INFO ROUND 327
2022-02-06 13:45:47,794 INFO [AFTER AVG]
2022-02-06 13:45:58,106 INFO Server -> Train: Loss 0.020 | Accuracy = 99.840
2022-02-06 13:45:58,107 INFO ROUND 328
2022-02-06 13:46:33,766 INFO [AFTER AVG]
2022-02-06 13:46:44,028 INFO Server -> Train: Loss 0.024 | Accuracy = 99.802
2022-02-06 13:46:44,029 INFO ROUND 329
2022-02-06 13:47:19,554 INFO [AFTER AVG]
2022-02-06 13:47:29,781 INFO Server -> Train: Loss 0.018 | Accuracy = 99.940
2022-02-06 13:47:29,782 INFO ROUND 330
2022-02-06 13:48:05,154 INFO [AFTER AVG]
2022-02-06 13:48:15,317 INFO Server -> Train: Loss 0.018 | Accuracy = 99.898
2022-02-06 13:48:17,808 INFO Server -> Test: Loss 1.524 | Accuracy = 71.980
2022-02-06 13:48:17,858 INFO ROUND 331
2022-02-06 13:48:53,579 INFO [AFTER AVG]
2022-02-06 13:49:03,772 INFO Server -> Train: Loss 0.019 | Accuracy = 99.918
2022-02-06 13:49:03,773 INFO ROUND 332
2022-02-06 13:49:39,699 INFO [AFTER AVG]
2022-02-06 13:49:49,748 INFO Server -> Train: Loss 0.020 | Accuracy = 99.838
2022-02-06 13:49:49,749 INFO ROUND 333
2022-02-06 13:50:25,332 INFO [AFTER AVG]
2022-02-06 13:50:35,628 INFO Server -> Train: Loss 0.020 | Accuracy = 99.912
2022-02-06 13:50:35,628 INFO ROUND 334
2022-02-06 13:51:11,511 INFO [AFTER AVG]
2022-02-06 13:51:21,791 INFO Server -> Train: Loss 0.016 | Accuracy = 99.952
2022-02-06 13:51:21,792 INFO ROUND 335
2022-02-06 13:51:57,547 INFO [AFTER AVG]
2022-02-06 13:52:07,521 INFO Server -> Train: Loss 0.016 | Accuracy = 99.950
2022-02-06 13:52:07,522 INFO ROUND 336
2022-02-06 13:52:43,274 INFO [AFTER AVG]
2022-02-06 13:52:53,425 INFO Server -> Train: Loss 0.017 | Accuracy = 99.896
2022-02-06 13:52:53,426 INFO ROUND 337
2022-02-06 13:53:29,561 INFO [AFTER AVG]
2022-02-06 13:53:39,694 INFO Server -> Train: Loss 0.020 | Accuracy = 99.896
2022-02-06 13:53:39,694 INFO ROUND 338
2022-02-06 13:54:15,550 INFO [AFTER AVG]
2022-02-06 13:54:25,816 INFO Server -> Train: Loss 0.017 | Accuracy = 99.934
2022-02-06 13:54:25,817 INFO ROUND 339
2022-02-06 13:55:01,827 INFO [AFTER AVG]
2022-02-06 13:55:12,004 INFO Server -> Train: Loss 0.019 | Accuracy = 99.890
2022-02-06 13:55:12,005 INFO ROUND 340
2022-02-06 13:55:48,177 INFO [AFTER AVG]
2022-02-06 13:55:58,251 INFO Server -> Train: Loss 0.019 | Accuracy = 99.860
2022-02-06 13:55:58,252 INFO ROUND 341
2022-02-06 13:56:34,537 INFO [AFTER AVG]
2022-02-06 13:56:44,659 INFO Server -> Train: Loss 0.020 | Accuracy = 99.844
2022-02-06 13:56:44,659 INFO ROUND 342
2022-02-06 13:57:21,234 INFO [AFTER AVG]
2022-02-06 13:57:31,473 INFO Server -> Train: Loss 0.023 | Accuracy = 99.784
2022-02-06 13:57:31,474 INFO ROUND 343
2022-02-06 13:58:07,773 INFO [AFTER AVG]
2022-02-06 13:58:17,975 INFO Server -> Train: Loss 0.017 | Accuracy = 99.916
2022-02-06 13:58:17,975 INFO ROUND 344
2022-02-06 13:58:54,459 INFO [AFTER AVG]
2022-02-06 13:59:04,770 INFO Server -> Train: Loss 0.017 | Accuracy = 99.950
2022-02-06 13:59:04,771 INFO ROUND 345
2022-02-06 13:59:41,261 INFO [AFTER AVG]
2022-02-06 13:59:51,477 INFO Server -> Train: Loss 0.020 | Accuracy = 99.914
2022-02-06 13:59:53,957 INFO Server -> Test: Loss 1.540 | Accuracy = 71.380
2022-02-06 13:59:54,003 INFO ROUND 346
2022-02-06 14:00:31,117 INFO [AFTER AVG]
2022-02-06 14:00:41,414 INFO Server -> Train: Loss 0.016 | Accuracy = 99.966
2022-02-06 14:00:41,415 INFO ROUND 347
2022-02-06 14:01:21,507 INFO [AFTER AVG]
2022-02-06 14:01:31,916 INFO Server -> Train: Loss 0.021 | Accuracy = 99.842
2022-02-06 14:01:31,916 INFO ROUND 348
2022-02-06 14:02:08,645 INFO [AFTER AVG]
2022-02-06 14:02:19,010 INFO Server -> Train: Loss 0.018 | Accuracy = 99.868
2022-02-06 14:02:19,010 INFO ROUND 349
2022-02-06 14:02:55,599 INFO [AFTER AVG]
2022-02-06 14:03:05,775 INFO Server -> Train: Loss 0.023 | Accuracy = 99.780
2022-02-06 14:03:05,776 INFO ROUND 350
2022-02-06 14:03:42,304 INFO [AFTER AVG]
2022-02-06 14:03:52,519 INFO Server -> Train: Loss 0.025 | Accuracy = 99.672
2022-02-06 14:03:52,519 INFO ROUND 351
2022-02-06 14:04:29,422 INFO [AFTER AVG]
2022-02-06 14:04:39,801 INFO Server -> Train: Loss 0.018 | Accuracy = 99.940
2022-02-06 14:04:39,802 INFO ROUND 352
2022-02-06 14:05:16,250 INFO [AFTER AVG]
2022-02-06 14:05:26,447 INFO Server -> Train: Loss 0.018 | Accuracy = 99.920
2022-02-06 14:05:26,447 INFO ROUND 353
2022-02-06 14:06:03,151 INFO [AFTER AVG]
2022-02-06 14:06:13,324 INFO Server -> Train: Loss 0.018 | Accuracy = 99.902
2022-02-06 14:06:13,325 INFO ROUND 354
2022-02-06 14:06:50,199 INFO [AFTER AVG]
2022-02-06 14:07:00,501 INFO Server -> Train: Loss 0.015 | Accuracy = 99.964
2022-02-06 14:07:00,502 INFO ROUND 355
2022-02-06 14:07:37,511 INFO [AFTER AVG]
2022-02-06 14:07:47,820 INFO Server -> Train: Loss 0.018 | Accuracy = 99.912
2022-02-06 14:07:47,820 INFO ROUND 356
2022-02-06 14:08:25,079 INFO [AFTER AVG]
2022-02-06 14:08:35,292 INFO Server -> Train: Loss 0.022 | Accuracy = 99.862
2022-02-06 14:08:35,293 INFO ROUND 357
2022-02-06 14:09:12,305 INFO [AFTER AVG]
2022-02-06 14:09:22,677 INFO Server -> Train: Loss 0.018 | Accuracy = 99.952
2022-02-06 14:09:22,677 INFO ROUND 358
2022-02-06 14:10:00,194 INFO [AFTER AVG]
2022-02-06 14:10:10,532 INFO Server -> Train: Loss 0.019 | Accuracy = 99.866
2022-02-06 14:10:10,532 INFO ROUND 359
2022-02-06 14:10:47,960 INFO [AFTER AVG]
2022-02-06 14:10:58,369 INFO Server -> Train: Loss 0.018 | Accuracy = 99.942
2022-02-06 14:10:58,369 INFO ROUND 360
2022-02-06 14:11:36,038 INFO [AFTER AVG]
2022-02-06 14:11:46,317 INFO Server -> Train: Loss 0.018 | Accuracy = 99.918
2022-02-06 14:11:48,769 INFO Server -> Test: Loss 1.527 | Accuracy = 71.620
2022-02-06 14:11:48,821 INFO ROUND 361
2022-02-06 14:12:26,436 INFO [AFTER AVG]
