2022-02-05 19:29:16,953 INFO ('Client samples sizes:', array([1000, 1000, 1000, 1000, 1000, 1000, 1000, 1000, 1000, 1000, 1000,
       1000, 1000, 1000, 1000, 1000, 1000, 1000, 1000, 1000, 1000, 1000,
       1000, 1000, 1000, 1000, 1000, 1000, 1000, 1000, 1000, 1000, 1000,
       1000, 1000, 1000, 1000, 1000, 1000, 1000, 1000, 1000, 1000, 1000,
       1000, 1000, 1000, 1000, 1000, 1000]), 'total:', 50000)
2022-02-05 19:29:16,953 INFO ('Client samples sizes:', array([1000, 1000, 1000, 1000, 1000, 1000, 1000, 1000, 1000, 1000, 1000,
       1000, 1000, 1000, 1000, 1000, 1000, 1000, 1000, 1000, 1000, 1000,
       1000, 1000, 1000, 1000, 1000, 1000, 1000, 1000, 1000, 1000, 1000,
       1000, 1000, 1000, 1000, 1000, 1000, 1000, 1000, 1000, 1000, 1000,
       1000, 1000, 1000, 1000, 1000, 1000]), 'total:', 50000)
2022-02-05 19:29:35,180 INFO ROUND 1
2022-02-05 19:29:35,180 INFO ROUND 1
2022-02-05 19:30:11,485 INFO [AFTER AVG]
2022-02-05 19:30:11,485 INFO [AFTER AVG]
2022-02-05 19:30:26,842 INFO Server -> Train: Loss 2.248 | Accuracy = 21.768
2022-02-05 19:30:26,842 INFO Server -> Train: Loss 2.248 | Accuracy = 21.768
2022-02-05 19:30:26,842 INFO ROUND 2
2022-02-05 19:30:26,842 INFO ROUND 2
2022-02-05 19:31:01,819 INFO [AFTER AVG]
2022-02-05 19:31:01,819 INFO [AFTER AVG]
2022-02-05 19:31:17,166 INFO Server -> Train: Loss 2.060 | Accuracy = 26.452
2022-02-05 19:31:17,166 INFO Server -> Train: Loss 2.060 | Accuracy = 26.452
2022-02-05 19:31:17,166 INFO ROUND 3
2022-02-05 19:31:17,166 INFO ROUND 3
2022-02-05 19:31:52,546 INFO [AFTER AVG]
2022-02-05 19:31:52,546 INFO [AFTER AVG]
2022-02-05 19:32:07,993 INFO Server -> Train: Loss 1.935 | Accuracy = 29.882
2022-02-05 19:32:07,993 INFO Server -> Train: Loss 1.935 | Accuracy = 29.882
2022-02-05 19:32:07,994 INFO ROUND 4
2022-02-05 19:32:07,994 INFO ROUND 4
2022-02-05 19:32:43,803 INFO [AFTER AVG]
2022-02-05 19:32:43,803 INFO [AFTER AVG]
2022-02-05 19:32:59,198 INFO Server -> Train: Loss 1.851 | Accuracy = 32.504
2022-02-05 19:32:59,198 INFO Server -> Train: Loss 1.851 | Accuracy = 32.504
2022-02-05 19:32:59,200 INFO ROUND 5
2022-02-05 19:32:59,200 INFO ROUND 5
2022-02-05 19:33:35,127 INFO [AFTER AVG]
2022-02-05 19:33:35,127 INFO [AFTER AVG]
2022-02-05 19:33:50,590 INFO Server -> Train: Loss 1.770 | Accuracy = 35.252
2022-02-05 19:33:50,590 INFO Server -> Train: Loss 1.770 | Accuracy = 35.252
2022-02-05 19:33:50,591 INFO ROUND 6
2022-02-05 19:33:50,591 INFO ROUND 6
2022-02-05 19:34:26,575 INFO [AFTER AVG]
2022-02-05 19:34:26,575 INFO [AFTER AVG]
2022-02-05 19:34:42,032 INFO Server -> Train: Loss 1.700 | Accuracy = 37.158
2022-02-05 19:34:42,032 INFO Server -> Train: Loss 1.700 | Accuracy = 37.158
2022-02-05 19:34:42,033 INFO ROUND 7
2022-02-05 19:34:42,033 INFO ROUND 7
2022-02-05 19:35:18,163 INFO [AFTER AVG]
2022-02-05 19:35:18,163 INFO [AFTER AVG]
2022-02-05 19:35:33,636 INFO Server -> Train: Loss 1.643 | Accuracy = 39.224
2022-02-05 19:35:33,636 INFO Server -> Train: Loss 1.643 | Accuracy = 39.224
2022-02-05 19:35:33,637 INFO ROUND 8
2022-02-05 19:35:33,637 INFO ROUND 8
2022-02-05 19:36:09,812 INFO [AFTER AVG]
2022-02-05 19:36:09,812 INFO [AFTER AVG]
2022-02-05 19:36:25,212 INFO Server -> Train: Loss 1.605 | Accuracy = 40.882
2022-02-05 19:36:25,212 INFO Server -> Train: Loss 1.605 | Accuracy = 40.882
2022-02-05 19:36:25,213 INFO ROUND 9
2022-02-05 19:36:25,213 INFO ROUND 9
2022-02-05 19:37:01,922 INFO [AFTER AVG]
2022-02-05 19:37:01,922 INFO [AFTER AVG]
2022-02-05 19:37:17,341 INFO Server -> Train: Loss 1.542 | Accuracy = 43.390
2022-02-05 19:37:17,341 INFO Server -> Train: Loss 1.542 | Accuracy = 43.390
2022-02-05 19:37:17,341 INFO ROUND 10
2022-02-05 19:37:17,341 INFO ROUND 10
2022-02-05 19:37:54,236 INFO [AFTER AVG]
2022-02-05 19:37:54,236 INFO [AFTER AVG]
2022-02-05 19:38:09,758 INFO Server -> Train: Loss 1.531 | Accuracy = 43.260
2022-02-05 19:38:09,758 INFO Server -> Train: Loss 1.531 | Accuracy = 43.260
2022-02-05 19:38:09,759 INFO ROUND 11
2022-02-05 19:38:09,759 INFO ROUND 11
2022-02-05 19:38:46,517 INFO [AFTER AVG]
2022-02-05 19:38:46,517 INFO [AFTER AVG]
2022-02-05 19:39:01,822 INFO Server -> Train: Loss 1.480 | Accuracy = 45.612
2022-02-05 19:39:01,822 INFO Server -> Train: Loss 1.480 | Accuracy = 45.612
2022-02-05 19:39:01,824 INFO ROUND 12
2022-02-05 19:39:01,824 INFO ROUND 12
2022-02-05 19:39:38,528 INFO [AFTER AVG]
2022-02-05 19:39:38,528 INFO [AFTER AVG]
2022-02-05 19:39:53,793 INFO Server -> Train: Loss 1.446 | Accuracy = 47.430
2022-02-05 19:39:53,793 INFO Server -> Train: Loss 1.446 | Accuracy = 47.430
2022-02-05 19:39:53,794 INFO ROUND 13
2022-02-05 19:39:53,794 INFO ROUND 13
2022-02-05 19:40:31,029 INFO [AFTER AVG]
2022-02-05 19:40:31,029 INFO [AFTER AVG]
2022-02-05 19:40:46,601 INFO Server -> Train: Loss 1.439 | Accuracy = 47.098
2022-02-05 19:40:46,601 INFO Server -> Train: Loss 1.439 | Accuracy = 47.098
2022-02-05 19:40:46,603 INFO ROUND 14
2022-02-05 19:40:46,603 INFO ROUND 14
2022-02-05 19:41:24,752 INFO [AFTER AVG]
2022-02-05 19:41:24,752 INFO [AFTER AVG]
2022-02-05 19:41:40,327 INFO Server -> Train: Loss 1.392 | Accuracy = 49.068
2022-02-05 19:41:40,327 INFO Server -> Train: Loss 1.392 | Accuracy = 49.068
2022-02-05 19:41:40,331 INFO ROUND 15
2022-02-05 19:41:40,331 INFO ROUND 15
2022-02-05 19:42:18,424 INFO [AFTER AVG]
2022-02-05 19:42:18,424 INFO [AFTER AVG]
2022-02-05 19:42:34,239 INFO Server -> Train: Loss 1.369 | Accuracy = 49.926
2022-02-05 19:42:34,239 INFO Server -> Train: Loss 1.369 | Accuracy = 49.926
2022-02-05 19:42:37,510 INFO Server -> Test: Loss 1.377 | Accuracy = 49.880
2022-02-05 19:42:37,510 INFO Server -> Test: Loss 1.377 | Accuracy = 49.880
2022-02-05 19:42:37,578 INFO ROUND 16
2022-02-05 19:42:37,578 INFO ROUND 16
2022-02-05 19:43:15,687 INFO [AFTER AVG]
2022-02-05 19:43:15,687 INFO [AFTER AVG]
2022-02-05 19:43:31,212 INFO Server -> Train: Loss 1.342 | Accuracy = 51.058
2022-02-05 19:43:31,212 INFO Server -> Train: Loss 1.342 | Accuracy = 51.058
2022-02-05 19:43:31,213 INFO ROUND 17
2022-02-05 19:43:31,213 INFO ROUND 17
2022-02-05 19:44:10,628 INFO [AFTER AVG]
2022-02-05 19:44:10,628 INFO [AFTER AVG]
2022-02-05 19:44:26,325 INFO Server -> Train: Loss 1.329 | Accuracy = 51.586
2022-02-05 19:44:26,325 INFO Server -> Train: Loss 1.329 | Accuracy = 51.586
2022-02-05 19:44:26,327 INFO ROUND 18
2022-02-05 19:44:26,327 INFO ROUND 18
2022-02-05 19:45:04,577 INFO [AFTER AVG]
2022-02-05 19:45:04,577 INFO [AFTER AVG]
2022-02-05 19:45:20,131 INFO Server -> Train: Loss 1.300 | Accuracy = 52.768
2022-02-05 19:45:20,131 INFO Server -> Train: Loss 1.300 | Accuracy = 52.768
2022-02-05 19:45:20,133 INFO ROUND 19
2022-02-05 19:45:20,133 INFO ROUND 19
2022-02-05 19:45:58,766 INFO [AFTER AVG]
2022-02-05 19:45:58,766 INFO [AFTER AVG]
2022-02-05 19:46:14,331 INFO Server -> Train: Loss 1.289 | Accuracy = 53.246
2022-02-05 19:46:14,331 INFO Server -> Train: Loss 1.289 | Accuracy = 53.246
2022-02-05 19:46:14,332 INFO ROUND 20
2022-02-05 19:46:14,332 INFO ROUND 20
2022-02-05 19:46:52,896 INFO [AFTER AVG]
2022-02-05 19:46:52,896 INFO [AFTER AVG]
2022-02-05 19:47:08,494 INFO Server -> Train: Loss 1.266 | Accuracy = 54.162
2022-02-05 19:47:08,494 INFO Server -> Train: Loss 1.266 | Accuracy = 54.162
2022-02-05 19:47:08,495 INFO ROUND 21
2022-02-05 19:47:08,495 INFO ROUND 21
2022-02-05 19:47:46,706 INFO [AFTER AVG]
2022-02-05 19:47:46,706 INFO [AFTER AVG]
2022-02-05 19:48:02,000 INFO Server -> Train: Loss 1.252 | Accuracy = 54.762
2022-02-05 19:48:02,000 INFO Server -> Train: Loss 1.252 | Accuracy = 54.762
2022-02-05 19:48:02,001 INFO ROUND 22
2022-02-05 19:48:02,001 INFO ROUND 22
2022-02-05 19:48:40,366 INFO [AFTER AVG]
2022-02-05 19:48:40,366 INFO [AFTER AVG]
2022-02-05 19:48:55,696 INFO Server -> Train: Loss 1.235 | Accuracy = 55.044
2022-02-05 19:48:55,696 INFO Server -> Train: Loss 1.235 | Accuracy = 55.044
2022-02-05 19:48:55,697 INFO ROUND 23
2022-02-05 19:48:55,697 INFO ROUND 23
2022-02-05 19:49:34,039 INFO [AFTER AVG]
2022-02-05 19:49:34,039 INFO [AFTER AVG]
2022-02-05 19:49:49,441 INFO Server -> Train: Loss 1.200 | Accuracy = 56.724
2022-02-05 19:49:49,441 INFO Server -> Train: Loss 1.200 | Accuracy = 56.724
2022-02-05 19:49:49,442 INFO ROUND 24
2022-02-05 19:49:49,442 INFO ROUND 24
2022-02-05 19:50:27,875 INFO [AFTER AVG]
2022-02-05 19:50:27,875 INFO [AFTER AVG]
2022-02-05 19:50:43,331 INFO Server -> Train: Loss 1.199 | Accuracy = 56.088
2022-02-05 19:50:43,331 INFO Server -> Train: Loss 1.199 | Accuracy = 56.088
2022-02-05 19:50:43,334 INFO ROUND 25
2022-02-05 19:50:43,334 INFO ROUND 25
2022-02-05 19:51:22,035 INFO [AFTER AVG]
2022-02-05 19:51:22,035 INFO [AFTER AVG]
2022-02-05 19:51:37,569 INFO Server -> Train: Loss 1.175 | Accuracy = 57.672
2022-02-05 19:51:37,569 INFO Server -> Train: Loss 1.175 | Accuracy = 57.672
2022-02-05 19:51:37,570 INFO ROUND 26
2022-02-05 19:51:37,570 INFO ROUND 26
2022-02-05 19:52:16,445 INFO [AFTER AVG]
2022-02-05 19:52:16,445 INFO [AFTER AVG]
2022-02-05 19:52:31,969 INFO Server -> Train: Loss 1.154 | Accuracy = 58.696
2022-02-05 19:52:31,969 INFO Server -> Train: Loss 1.154 | Accuracy = 58.696
2022-02-05 19:52:31,970 INFO ROUND 27
2022-02-05 19:52:31,970 INFO ROUND 27
2022-02-05 19:53:11,454 INFO [AFTER AVG]
2022-02-05 19:53:11,454 INFO [AFTER AVG]
2022-02-05 19:53:27,001 INFO Server -> Train: Loss 1.129 | Accuracy = 59.330
2022-02-05 19:53:27,001 INFO Server -> Train: Loss 1.129 | Accuracy = 59.330
2022-02-05 19:53:27,001 INFO ROUND 28
2022-02-05 19:53:27,001 INFO ROUND 28
2022-02-05 19:54:06,564 INFO [AFTER AVG]
2022-02-05 19:54:06,564 INFO [AFTER AVG]
2022-02-05 19:54:22,025 INFO Server -> Train: Loss 1.123 | Accuracy = 59.558
2022-02-05 19:54:22,025 INFO Server -> Train: Loss 1.123 | Accuracy = 59.558
2022-02-05 19:54:22,026 INFO ROUND 29
2022-02-05 19:54:22,026 INFO ROUND 29
2022-02-05 19:55:01,842 INFO [AFTER AVG]
2022-02-05 19:55:01,842 INFO [AFTER AVG]
2022-02-05 19:55:17,317 INFO Server -> Train: Loss 1.096 | Accuracy = 60.470
2022-02-05 19:55:17,317 INFO Server -> Train: Loss 1.096 | Accuracy = 60.470
2022-02-05 19:55:17,319 INFO ROUND 30
2022-02-05 19:55:17,319 INFO ROUND 30
2022-02-05 19:55:56,979 INFO [AFTER AVG]
2022-02-05 19:55:56,979 INFO [AFTER AVG]
2022-02-05 19:56:12,478 INFO Server -> Train: Loss 1.085 | Accuracy = 61.114
2022-02-05 19:56:12,478 INFO Server -> Train: Loss 1.085 | Accuracy = 61.114
2022-02-05 19:56:15,726 INFO Server -> Test: Loss 1.132 | Accuracy = 59.410
2022-02-05 19:56:15,726 INFO Server -> Test: Loss 1.132 | Accuracy = 59.410
2022-02-05 19:56:15,795 INFO ROUND 31
2022-02-05 19:56:15,795 INFO ROUND 31
2022-02-05 19:56:55,601 INFO [AFTER AVG]
2022-02-05 19:56:55,601 INFO [AFTER AVG]
2022-02-05 19:57:11,118 INFO Server -> Train: Loss 1.073 | Accuracy = 61.240
2022-02-05 19:57:11,118 INFO Server -> Train: Loss 1.073 | Accuracy = 61.240
2022-02-05 19:57:11,119 INFO ROUND 32
2022-02-05 19:57:11,119 INFO ROUND 32
2022-02-05 19:57:50,837 INFO [AFTER AVG]
2022-02-05 19:57:50,837 INFO [AFTER AVG]
2022-02-05 19:58:06,313 INFO Server -> Train: Loss 1.060 | Accuracy = 61.796
2022-02-05 19:58:06,313 INFO Server -> Train: Loss 1.060 | Accuracy = 61.796
2022-02-05 19:58:06,313 INFO ROUND 33
2022-02-05 19:58:06,313 INFO ROUND 33
2022-02-05 19:58:46,302 INFO [AFTER AVG]
2022-02-05 19:58:46,302 INFO [AFTER AVG]
2022-02-05 19:59:01,818 INFO Server -> Train: Loss 1.032 | Accuracy = 63.070
2022-02-05 19:59:01,818 INFO Server -> Train: Loss 1.032 | Accuracy = 63.070
2022-02-05 19:59:01,818 INFO ROUND 34
2022-02-05 19:59:01,818 INFO ROUND 34
2022-02-05 19:59:41,899 INFO [AFTER AVG]
2022-02-05 19:59:41,899 INFO [AFTER AVG]
2022-02-05 19:59:57,220 INFO Server -> Train: Loss 1.024 | Accuracy = 63.366
2022-02-05 19:59:57,220 INFO Server -> Train: Loss 1.024 | Accuracy = 63.366
2022-02-05 19:59:57,222 INFO ROUND 35
2022-02-05 19:59:57,222 INFO ROUND 35
2022-02-05 20:00:37,369 INFO [AFTER AVG]
2022-02-05 20:00:37,369 INFO [AFTER AVG]
2022-02-05 20:00:52,606 INFO Server -> Train: Loss 0.995 | Accuracy = 64.508
2022-02-05 20:00:52,606 INFO Server -> Train: Loss 0.995 | Accuracy = 64.508
2022-02-05 20:00:52,608 INFO ROUND 36
2022-02-05 20:00:52,608 INFO ROUND 36
2022-02-05 20:01:32,829 INFO [AFTER AVG]
2022-02-05 20:01:32,829 INFO [AFTER AVG]
2022-02-05 20:01:48,255 INFO Server -> Train: Loss 1.005 | Accuracy = 64.012
2022-02-05 20:01:48,255 INFO Server -> Train: Loss 1.005 | Accuracy = 64.012
2022-02-05 20:01:48,256 INFO ROUND 37
2022-02-05 20:01:48,256 INFO ROUND 37
2022-02-05 20:02:28,470 INFO [AFTER AVG]
2022-02-05 20:02:28,470 INFO [AFTER AVG]
2022-02-05 20:02:43,865 INFO Server -> Train: Loss 0.979 | Accuracy = 64.848
2022-02-05 20:02:43,865 INFO Server -> Train: Loss 0.979 | Accuracy = 64.848
2022-02-05 20:02:43,867 INFO ROUND 38
2022-02-05 20:02:43,867 INFO ROUND 38
2022-02-05 20:03:24,361 INFO [AFTER AVG]
2022-02-05 20:03:24,361 INFO [AFTER AVG]
2022-02-05 20:03:39,789 INFO Server -> Train: Loss 0.960 | Accuracy = 65.774
2022-02-05 20:03:39,789 INFO Server -> Train: Loss 0.960 | Accuracy = 65.774
2022-02-05 20:03:39,790 INFO ROUND 39
2022-02-05 20:03:39,790 INFO ROUND 39
2022-02-05 20:04:20,555 INFO [AFTER AVG]
2022-02-05 20:04:20,555 INFO [AFTER AVG]
2022-02-05 20:04:35,959 INFO Server -> Train: Loss 0.953 | Accuracy = 66.088
2022-02-05 20:04:35,959 INFO Server -> Train: Loss 0.953 | Accuracy = 66.088
2022-02-05 20:04:35,960 INFO ROUND 40
2022-02-05 20:04:35,960 INFO ROUND 40
2022-02-05 20:05:16,956 INFO [AFTER AVG]
2022-02-05 20:05:16,956 INFO [AFTER AVG]
2022-02-05 20:05:32,332 INFO Server -> Train: Loss 0.935 | Accuracy = 66.692
2022-02-05 20:05:32,332 INFO Server -> Train: Loss 0.935 | Accuracy = 66.692
2022-02-05 20:05:32,333 INFO ROUND 41
2022-02-05 20:05:32,333 INFO ROUND 41
2022-02-05 20:06:13,425 INFO [AFTER AVG]
2022-02-05 20:06:13,425 INFO [AFTER AVG]
2022-02-05 20:06:28,708 INFO Server -> Train: Loss 0.927 | Accuracy = 66.896
2022-02-05 20:06:28,708 INFO Server -> Train: Loss 0.927 | Accuracy = 66.896
2022-02-05 20:06:28,709 INFO ROUND 42
2022-02-05 20:06:28,709 INFO ROUND 42
2022-02-05 20:07:10,214 INFO [AFTER AVG]
2022-02-05 20:07:10,214 INFO [AFTER AVG]
2022-02-05 20:07:25,681 INFO Server -> Train: Loss 0.919 | Accuracy = 67.502
2022-02-05 20:07:25,681 INFO Server -> Train: Loss 0.919 | Accuracy = 67.502
2022-02-05 20:07:25,682 INFO ROUND 43
2022-02-05 20:07:25,682 INFO ROUND 43
2022-02-05 20:08:07,217 INFO [AFTER AVG]
2022-02-05 20:08:07,217 INFO [AFTER AVG]
2022-02-05 20:08:22,656 INFO Server -> Train: Loss 0.896 | Accuracy = 68.256
2022-02-05 20:08:22,656 INFO Server -> Train: Loss 0.896 | Accuracy = 68.256
2022-02-05 20:08:22,657 INFO ROUND 44
2022-02-05 20:08:22,657 INFO ROUND 44
2022-02-05 20:09:04,671 INFO [AFTER AVG]
2022-02-05 20:09:04,671 INFO [AFTER AVG]
2022-02-05 20:09:20,306 INFO Server -> Train: Loss 0.883 | Accuracy = 68.772
2022-02-05 20:09:20,306 INFO Server -> Train: Loss 0.883 | Accuracy = 68.772
2022-02-05 20:09:20,307 INFO ROUND 45
2022-02-05 20:09:20,307 INFO ROUND 45
2022-02-05 20:10:02,871 INFO [AFTER AVG]
2022-02-05 20:10:02,871 INFO [AFTER AVG]
2022-02-05 20:10:18,332 INFO Server -> Train: Loss 0.876 | Accuracy = 68.810
2022-02-05 20:10:18,332 INFO Server -> Train: Loss 0.876 | Accuracy = 68.810
2022-02-05 20:10:21,541 INFO Server -> Test: Loss 0.989 | Accuracy = 65.300
2022-02-05 20:10:21,541 INFO Server -> Test: Loss 0.989 | Accuracy = 65.300
2022-02-05 20:10:21,600 INFO ROUND 46
2022-02-05 20:10:21,600 INFO ROUND 46
2022-02-05 20:11:03,494 INFO [AFTER AVG]
2022-02-05 20:11:03,494 INFO [AFTER AVG]
2022-02-05 20:11:18,803 INFO Server -> Train: Loss 0.864 | Accuracy = 69.328
2022-02-05 20:11:18,803 INFO Server -> Train: Loss 0.864 | Accuracy = 69.328
2022-02-05 20:11:18,804 INFO ROUND 47
2022-02-05 20:11:18,804 INFO ROUND 47
2022-02-05 20:12:01,013 INFO [AFTER AVG]
2022-02-05 20:12:01,013 INFO [AFTER AVG]
2022-02-05 20:12:16,303 INFO Server -> Train: Loss 0.847 | Accuracy = 69.940
2022-02-05 20:12:16,303 INFO Server -> Train: Loss 0.847 | Accuracy = 69.940
2022-02-05 20:12:16,304 INFO ROUND 48
2022-02-05 20:12:16,304 INFO ROUND 48
2022-02-05 20:13:00,525 INFO [AFTER AVG]
2022-02-05 20:13:00,525 INFO [AFTER AVG]
2022-02-05 20:13:15,814 INFO Server -> Train: Loss 0.847 | Accuracy = 69.954
2022-02-05 20:13:15,814 INFO Server -> Train: Loss 0.847 | Accuracy = 69.954
2022-02-05 20:13:15,815 INFO ROUND 49
2022-02-05 20:13:15,815 INFO ROUND 49
2022-02-05 20:13:58,263 INFO [AFTER AVG]
2022-02-05 20:13:58,263 INFO [AFTER AVG]
2022-02-05 20:14:13,541 INFO Server -> Train: Loss 0.833 | Accuracy = 70.428
2022-02-05 20:14:13,541 INFO Server -> Train: Loss 0.833 | Accuracy = 70.428
2022-02-05 20:14:13,543 INFO ROUND 50
2022-02-05 20:14:13,543 INFO ROUND 50
2022-02-05 20:14:56,163 INFO [AFTER AVG]
2022-02-05 20:14:56,163 INFO [AFTER AVG]
2022-02-05 20:15:11,484 INFO Server -> Train: Loss 0.823 | Accuracy = 70.770
2022-02-05 20:15:11,484 INFO Server -> Train: Loss 0.823 | Accuracy = 70.770
2022-02-05 20:15:11,485 INFO ROUND 51
2022-02-05 20:15:11,485 INFO ROUND 51
2022-02-05 20:15:54,186 INFO [AFTER AVG]
2022-02-05 20:15:54,186 INFO [AFTER AVG]
2022-02-05 20:16:09,474 INFO Server -> Train: Loss 0.803 | Accuracy = 71.640
2022-02-05 20:16:09,474 INFO Server -> Train: Loss 0.803 | Accuracy = 71.640
2022-02-05 20:16:09,475 INFO ROUND 52
2022-02-05 20:16:09,475 INFO ROUND 52
2022-02-05 20:16:52,149 INFO [AFTER AVG]
2022-02-05 20:16:52,149 INFO [AFTER AVG]
2022-02-05 20:17:07,449 INFO Server -> Train: Loss 0.801 | Accuracy = 71.632
2022-02-05 20:17:07,449 INFO Server -> Train: Loss 0.801 | Accuracy = 71.632
2022-02-05 20:17:07,450 INFO ROUND 53
2022-02-05 20:17:07,450 INFO ROUND 53
2022-02-05 20:17:50,401 INFO [AFTER AVG]
2022-02-05 20:17:50,401 INFO [AFTER AVG]
2022-02-05 20:18:05,777 INFO Server -> Train: Loss 0.785 | Accuracy = 72.222
2022-02-05 20:18:05,777 INFO Server -> Train: Loss 0.785 | Accuracy = 72.222
2022-02-05 20:18:05,778 INFO ROUND 54
2022-02-05 20:18:05,778 INFO ROUND 54
2022-02-05 20:18:48,929 INFO [AFTER AVG]
2022-02-05 20:18:48,929 INFO [AFTER AVG]
2022-02-05 20:19:04,237 INFO Server -> Train: Loss 0.779 | Accuracy = 72.240
2022-02-05 20:19:04,237 INFO Server -> Train: Loss 0.779 | Accuracy = 72.240
2022-02-05 20:19:04,238 INFO ROUND 55
2022-02-05 20:19:04,238 INFO ROUND 55
2022-02-05 20:19:47,451 INFO [AFTER AVG]
2022-02-05 20:19:47,451 INFO [AFTER AVG]
2022-02-05 20:20:02,812 INFO Server -> Train: Loss 0.760 | Accuracy = 73.316
2022-02-05 20:20:02,812 INFO Server -> Train: Loss 0.760 | Accuracy = 73.316
2022-02-05 20:20:02,813 INFO ROUND 56
2022-02-05 20:20:02,813 INFO ROUND 56
2022-02-05 20:20:46,160 INFO [AFTER AVG]
2022-02-05 20:20:46,160 INFO [AFTER AVG]
2022-02-05 20:21:01,505 INFO Server -> Train: Loss 0.747 | Accuracy = 73.668
2022-02-05 20:21:01,505 INFO Server -> Train: Loss 0.747 | Accuracy = 73.668
2022-02-05 20:21:01,507 INFO ROUND 57
2022-02-05 20:21:01,507 INFO ROUND 57
2022-02-05 20:21:44,786 INFO [AFTER AVG]
2022-02-05 20:21:44,786 INFO [AFTER AVG]
2022-02-05 20:22:00,010 INFO Server -> Train: Loss 0.745 | Accuracy = 73.618
2022-02-05 20:22:00,010 INFO Server -> Train: Loss 0.745 | Accuracy = 73.618
2022-02-05 20:22:00,012 INFO ROUND 58
2022-02-05 20:22:00,012 INFO ROUND 58
2022-02-05 20:22:43,614 INFO [AFTER AVG]
2022-02-05 20:22:43,614 INFO [AFTER AVG]
2022-02-05 20:22:59,052 INFO Server -> Train: Loss 0.731 | Accuracy = 74.152
2022-02-05 20:22:59,052 INFO Server -> Train: Loss 0.731 | Accuracy = 74.152
2022-02-05 20:22:59,053 INFO ROUND 59
2022-02-05 20:22:59,053 INFO ROUND 59
2022-02-05 20:23:42,960 INFO [AFTER AVG]
2022-02-05 20:23:42,960 INFO [AFTER AVG]
2022-02-05 20:23:58,084 INFO Server -> Train: Loss 0.727 | Accuracy = 74.198
2022-02-05 20:23:58,084 INFO Server -> Train: Loss 0.727 | Accuracy = 74.198
2022-02-05 20:23:58,085 INFO ROUND 60
2022-02-05 20:23:58,085 INFO ROUND 60
2022-02-05 20:24:41,904 INFO [AFTER AVG]
2022-02-05 20:24:41,904 INFO [AFTER AVG]
2022-02-05 20:24:57,125 INFO Server -> Train: Loss 0.713 | Accuracy = 74.754
2022-02-05 20:24:57,125 INFO Server -> Train: Loss 0.713 | Accuracy = 74.754
2022-02-05 20:25:00,320 INFO Server -> Test: Loss 0.925 | Accuracy = 68.500
2022-02-05 20:25:00,320 INFO Server -> Test: Loss 0.925 | Accuracy = 68.500
2022-02-05 20:25:00,401 INFO ROUND 61
2022-02-05 20:25:00,401 INFO ROUND 61
2022-02-05 20:25:44,040 INFO [AFTER AVG]
2022-02-05 20:25:44,040 INFO [AFTER AVG]
2022-02-05 20:25:59,175 INFO Server -> Train: Loss 0.692 | Accuracy = 75.646
2022-02-05 20:25:59,175 INFO Server -> Train: Loss 0.692 | Accuracy = 75.646
2022-02-05 20:25:59,176 INFO ROUND 62
2022-02-05 20:25:59,176 INFO ROUND 62
2022-02-05 20:26:43,260 INFO [AFTER AVG]
2022-02-05 20:26:43,260 INFO [AFTER AVG]
2022-02-05 20:26:58,445 INFO Server -> Train: Loss 0.694 | Accuracy = 75.520
2022-02-05 20:26:58,445 INFO Server -> Train: Loss 0.694 | Accuracy = 75.520
2022-02-05 20:26:58,446 INFO ROUND 63
2022-02-05 20:26:58,446 INFO ROUND 63
2022-02-05 20:27:42,607 INFO [AFTER AVG]
2022-02-05 20:27:42,607 INFO [AFTER AVG]
2022-02-05 20:27:57,808 INFO Server -> Train: Loss 0.695 | Accuracy = 75.254
2022-02-05 20:27:57,808 INFO Server -> Train: Loss 0.695 | Accuracy = 75.254
2022-02-05 20:27:57,809 INFO ROUND 64
2022-02-05 20:27:57,809 INFO ROUND 64
2022-02-05 20:28:42,193 INFO [AFTER AVG]
2022-02-05 20:28:42,193 INFO [AFTER AVG]
2022-02-05 20:28:57,484 INFO Server -> Train: Loss 0.665 | Accuracy = 76.570
2022-02-05 20:28:57,484 INFO Server -> Train: Loss 0.665 | Accuracy = 76.570
2022-02-05 20:28:57,485 INFO ROUND 65
2022-02-05 20:28:57,485 INFO ROUND 65
2022-02-05 20:29:41,999 INFO [AFTER AVG]
2022-02-05 20:29:41,999 INFO [AFTER AVG]
2022-02-05 20:29:57,379 INFO Server -> Train: Loss 0.652 | Accuracy = 76.970
2022-02-05 20:29:57,379 INFO Server -> Train: Loss 0.652 | Accuracy = 76.970
2022-02-05 20:29:57,381 INFO ROUND 66
2022-02-05 20:29:57,381 INFO ROUND 66
2022-02-05 20:30:42,183 INFO [AFTER AVG]
2022-02-05 20:30:42,183 INFO [AFTER AVG]
2022-02-05 20:30:57,381 INFO Server -> Train: Loss 0.656 | Accuracy = 76.850
2022-02-05 20:30:57,381 INFO Server -> Train: Loss 0.656 | Accuracy = 76.850
2022-02-05 20:30:57,383 INFO ROUND 67
2022-02-05 20:30:57,383 INFO ROUND 67
2022-02-05 20:31:42,186 INFO [AFTER AVG]
2022-02-05 20:31:42,186 INFO [AFTER AVG]
2022-02-05 20:31:57,380 INFO Server -> Train: Loss 0.639 | Accuracy = 77.448
2022-02-05 20:31:57,380 INFO Server -> Train: Loss 0.639 | Accuracy = 77.448
2022-02-05 20:31:57,382 INFO ROUND 68
2022-02-05 20:31:57,382 INFO ROUND 68
2022-02-05 20:32:42,254 INFO [AFTER AVG]
2022-02-05 20:32:42,254 INFO [AFTER AVG]
2022-02-05 20:32:57,538 INFO Server -> Train: Loss 0.631 | Accuracy = 77.706
2022-02-05 20:32:57,538 INFO Server -> Train: Loss 0.631 | Accuracy = 77.706
2022-02-05 20:32:57,540 INFO ROUND 69
2022-02-05 20:32:57,540 INFO ROUND 69
2022-02-05 20:33:42,920 INFO [AFTER AVG]
2022-02-05 20:33:42,920 INFO [AFTER AVG]
2022-02-05 20:33:58,393 INFO Server -> Train: Loss 0.628 | Accuracy = 77.838
2022-02-05 20:33:58,393 INFO Server -> Train: Loss 0.628 | Accuracy = 77.838
2022-02-05 20:33:58,394 INFO ROUND 70
2022-02-05 20:33:58,394 INFO ROUND 70
2022-02-05 20:34:43,915 INFO [AFTER AVG]
2022-02-05 20:34:43,915 INFO [AFTER AVG]
2022-02-05 20:34:59,389 INFO Server -> Train: Loss 0.626 | Accuracy = 77.718
2022-02-05 20:34:59,389 INFO Server -> Train: Loss 0.626 | Accuracy = 77.718
2022-02-05 20:34:59,390 INFO ROUND 71
2022-02-05 20:34:59,390 INFO ROUND 71
2022-02-05 20:35:45,306 INFO [AFTER AVG]
2022-02-05 20:35:45,306 INFO [AFTER AVG]
2022-02-05 20:36:00,749 INFO Server -> Train: Loss 0.612 | Accuracy = 78.442
2022-02-05 20:36:00,749 INFO Server -> Train: Loss 0.612 | Accuracy = 78.442
2022-02-05 20:36:00,751 INFO ROUND 72
2022-02-05 20:36:00,751 INFO ROUND 72
2022-02-05 20:36:46,743 INFO [AFTER AVG]
2022-02-05 20:36:46,743 INFO [AFTER AVG]
2022-02-05 20:37:02,164 INFO Server -> Train: Loss 0.600 | Accuracy = 78.632
2022-02-05 20:37:02,164 INFO Server -> Train: Loss 0.600 | Accuracy = 78.632
2022-02-05 20:37:02,165 INFO ROUND 73
2022-02-05 20:37:02,165 INFO ROUND 73
2022-02-05 20:37:48,330 INFO [AFTER AVG]
2022-02-05 20:37:48,330 INFO [AFTER AVG]
2022-02-05 20:38:03,574 INFO Server -> Train: Loss 0.582 | Accuracy = 79.456
2022-02-05 20:38:03,574 INFO Server -> Train: Loss 0.582 | Accuracy = 79.456
2022-02-05 20:38:03,575 INFO ROUND 74
2022-02-05 20:38:03,575 INFO ROUND 74
2022-02-05 20:38:50,066 INFO [AFTER AVG]
2022-02-05 20:38:50,066 INFO [AFTER AVG]
2022-02-05 20:39:05,364 INFO Server -> Train: Loss 0.575 | Accuracy = 79.630
2022-02-05 20:39:05,364 INFO Server -> Train: Loss 0.575 | Accuracy = 79.630
2022-02-05 20:39:05,366 INFO ROUND 75
2022-02-05 20:39:05,366 INFO ROUND 75
2022-02-05 20:39:51,843 INFO [AFTER AVG]
2022-02-05 20:39:51,843 INFO [AFTER AVG]
2022-02-05 20:40:07,314 INFO Server -> Train: Loss 0.563 | Accuracy = 80.068
2022-02-05 20:40:07,314 INFO Server -> Train: Loss 0.563 | Accuracy = 80.068
2022-02-05 20:40:10,627 INFO Server -> Test: Loss 0.909 | Accuracy = 70.300
2022-02-05 20:40:10,627 INFO Server -> Test: Loss 0.909 | Accuracy = 70.300
2022-02-05 20:40:10,695 INFO ROUND 76
2022-02-05 20:40:10,695 INFO ROUND 76
2022-02-05 20:40:58,814 INFO [AFTER AVG]
2022-02-05 20:40:58,814 INFO [AFTER AVG]
2022-02-05 20:41:14,540 INFO Server -> Train: Loss 0.577 | Accuracy = 79.438
2022-02-05 20:41:14,540 INFO Server -> Train: Loss 0.577 | Accuracy = 79.438
2022-02-05 20:41:14,541 INFO ROUND 77
2022-02-05 20:41:14,541 INFO ROUND 77
2022-02-05 20:42:01,749 INFO [AFTER AVG]
2022-02-05 20:42:01,749 INFO [AFTER AVG]
2022-02-05 20:42:17,169 INFO Server -> Train: Loss 0.551 | Accuracy = 80.614
2022-02-05 20:42:17,169 INFO Server -> Train: Loss 0.551 | Accuracy = 80.614
2022-02-05 20:42:17,169 INFO ROUND 78
2022-02-05 20:42:17,169 INFO ROUND 78
2022-02-05 20:43:04,375 INFO [AFTER AVG]
2022-02-05 20:43:04,375 INFO [AFTER AVG]
2022-02-05 20:43:19,829 INFO Server -> Train: Loss 0.546 | Accuracy = 80.750
2022-02-05 20:43:19,829 INFO Server -> Train: Loss 0.546 | Accuracy = 80.750
2022-02-05 20:43:19,830 INFO ROUND 79
2022-02-05 20:43:19,830 INFO ROUND 79
2022-02-05 20:44:07,158 INFO [AFTER AVG]
2022-02-05 20:44:07,158 INFO [AFTER AVG]
2022-02-05 20:44:22,668 INFO Server -> Train: Loss 0.530 | Accuracy = 81.244
2022-02-05 20:44:22,668 INFO Server -> Train: Loss 0.530 | Accuracy = 81.244
2022-02-05 20:44:22,670 INFO ROUND 80
2022-02-05 20:44:22,670 INFO ROUND 80
2022-02-05 20:45:10,763 INFO [AFTER AVG]
2022-02-05 20:45:10,763 INFO [AFTER AVG]
2022-02-05 20:45:26,255 INFO Server -> Train: Loss 0.520 | Accuracy = 81.656
2022-02-05 20:45:26,255 INFO Server -> Train: Loss 0.520 | Accuracy = 81.656
2022-02-05 20:45:26,256 INFO ROUND 81
2022-02-05 20:45:26,256 INFO ROUND 81
2022-02-05 20:46:16,531 INFO [AFTER AVG]
2022-02-05 20:46:16,531 INFO [AFTER AVG]
2022-02-05 20:46:32,118 INFO Server -> Train: Loss 0.508 | Accuracy = 82.210
2022-02-05 20:46:32,118 INFO Server -> Train: Loss 0.508 | Accuracy = 82.210
2022-02-05 20:46:32,119 INFO ROUND 82
2022-02-05 20:46:32,119 INFO ROUND 82
2022-02-05 20:47:20,255 INFO [AFTER AVG]
2022-02-05 20:47:20,255 INFO [AFTER AVG]
2022-02-05 20:47:35,960 INFO Server -> Train: Loss 0.507 | Accuracy = 82.152
2022-02-05 20:47:35,960 INFO Server -> Train: Loss 0.507 | Accuracy = 82.152
2022-02-05 20:47:35,961 INFO ROUND 83
2022-02-05 20:47:35,961 INFO ROUND 83
2022-02-05 20:48:24,204 INFO [AFTER AVG]
2022-02-05 20:48:24,204 INFO [AFTER AVG]
2022-02-05 20:48:39,499 INFO Server -> Train: Loss 0.503 | Accuracy = 82.188
2022-02-05 20:48:39,499 INFO Server -> Train: Loss 0.503 | Accuracy = 82.188
2022-02-05 20:48:39,501 INFO ROUND 84
2022-02-05 20:48:39,501 INFO ROUND 84
2022-02-05 20:49:28,986 INFO [AFTER AVG]
2022-02-05 20:49:28,986 INFO [AFTER AVG]
2022-02-05 20:49:44,554 INFO Server -> Train: Loss 0.490 | Accuracy = 82.858
2022-02-05 20:49:44,554 INFO Server -> Train: Loss 0.490 | Accuracy = 82.858
2022-02-05 20:49:44,554 INFO ROUND 85
2022-02-05 20:49:44,554 INFO ROUND 85
2022-02-05 20:50:33,785 INFO [AFTER AVG]
2022-02-05 20:50:33,785 INFO [AFTER AVG]
2022-02-05 20:50:49,451 INFO Server -> Train: Loss 0.489 | Accuracy = 82.804
2022-02-05 20:50:49,451 INFO Server -> Train: Loss 0.489 | Accuracy = 82.804
2022-02-05 20:50:49,452 INFO ROUND 86
2022-02-05 20:50:49,452 INFO ROUND 86
2022-02-05 20:51:38,929 INFO [AFTER AVG]
2022-02-05 20:51:38,929 INFO [AFTER AVG]
2022-02-05 20:51:54,788 INFO Server -> Train: Loss 0.472 | Accuracy = 83.270
2022-02-05 20:51:54,788 INFO Server -> Train: Loss 0.472 | Accuracy = 83.270
2022-02-05 20:51:54,789 INFO ROUND 87
2022-02-05 20:51:54,789 INFO ROUND 87
2022-02-05 20:52:44,467 INFO [AFTER AVG]
2022-02-05 20:52:44,467 INFO [AFTER AVG]
2022-02-05 20:53:00,366 INFO Server -> Train: Loss 0.472 | Accuracy = 83.524
2022-02-05 20:53:00,366 INFO Server -> Train: Loss 0.472 | Accuracy = 83.524
2022-02-05 20:53:00,368 INFO ROUND 88
2022-02-05 20:53:00,368 INFO ROUND 88
2022-02-05 20:53:50,121 INFO [AFTER AVG]
2022-02-05 20:53:50,121 INFO [AFTER AVG]
2022-02-05 20:54:05,806 INFO Server -> Train: Loss 0.458 | Accuracy = 83.696
2022-02-05 20:54:05,806 INFO Server -> Train: Loss 0.458 | Accuracy = 83.696
2022-02-05 20:54:05,807 INFO ROUND 89
2022-02-05 20:54:05,807 INFO ROUND 89
2022-02-05 20:54:55,835 INFO [AFTER AVG]
2022-02-05 20:54:55,835 INFO [AFTER AVG]
2022-02-05 20:55:11,561 INFO Server -> Train: Loss 0.456 | Accuracy = 83.996
2022-02-05 20:55:11,561 INFO Server -> Train: Loss 0.456 | Accuracy = 83.996
2022-02-05 20:55:11,562 INFO ROUND 90
2022-02-05 20:55:11,562 INFO ROUND 90
2022-02-05 20:56:01,165 INFO [AFTER AVG]
2022-02-05 20:56:01,165 INFO [AFTER AVG]
2022-02-05 20:56:16,883 INFO Server -> Train: Loss 0.441 | Accuracy = 84.464
2022-02-05 20:56:16,883 INFO Server -> Train: Loss 0.441 | Accuracy = 84.464
2022-02-05 20:56:20,263 INFO Server -> Test: Loss 0.916 | Accuracy = 70.970
2022-02-05 20:56:20,263 INFO Server -> Test: Loss 0.916 | Accuracy = 70.970
2022-02-05 20:56:20,336 INFO ROUND 91
2022-02-05 20:56:20,336 INFO ROUND 91
2022-02-05 20:57:10,444 INFO [AFTER AVG]
2022-02-05 20:57:10,444 INFO [AFTER AVG]
2022-02-05 20:57:25,911 INFO Server -> Train: Loss 0.436 | Accuracy = 84.556
2022-02-05 20:57:25,911 INFO Server -> Train: Loss 0.436 | Accuracy = 84.556
2022-02-05 20:57:25,912 INFO ROUND 92
2022-02-05 20:57:25,912 INFO ROUND 92
2022-02-05 20:58:15,933 INFO [AFTER AVG]
2022-02-05 20:58:15,933 INFO [AFTER AVG]
2022-02-05 20:58:31,653 INFO Server -> Train: Loss 0.426 | Accuracy = 85.024
2022-02-05 20:58:31,653 INFO Server -> Train: Loss 0.426 | Accuracy = 85.024
2022-02-05 20:58:31,655 INFO ROUND 93
2022-02-05 20:58:31,655 INFO ROUND 93
2022-02-05 20:59:22,373 INFO [AFTER AVG]
2022-02-05 20:59:22,373 INFO [AFTER AVG]
2022-02-05 20:59:38,063 INFO Server -> Train: Loss 0.441 | Accuracy = 84.258
2022-02-05 20:59:38,063 INFO Server -> Train: Loss 0.441 | Accuracy = 84.258
2022-02-05 20:59:38,064 INFO ROUND 94
2022-02-05 20:59:38,064 INFO ROUND 94
2022-02-05 21:00:28,562 INFO [AFTER AVG]
2022-02-05 21:00:28,562 INFO [AFTER AVG]
2022-02-05 21:00:44,099 INFO Server -> Train: Loss 0.412 | Accuracy = 85.488
2022-02-05 21:00:44,099 INFO Server -> Train: Loss 0.412 | Accuracy = 85.488
2022-02-05 21:00:44,100 INFO ROUND 95
2022-02-05 21:00:44,100 INFO ROUND 95
2022-02-05 21:01:34,930 INFO [AFTER AVG]
2022-02-05 21:01:34,930 INFO [AFTER AVG]
2022-02-05 21:01:50,608 INFO Server -> Train: Loss 0.409 | Accuracy = 85.662
2022-02-05 21:01:50,608 INFO Server -> Train: Loss 0.409 | Accuracy = 85.662
2022-02-05 21:01:50,609 INFO ROUND 96
2022-02-05 21:01:50,609 INFO ROUND 96
2022-02-05 21:02:41,398 INFO [AFTER AVG]
2022-02-05 21:02:41,398 INFO [AFTER AVG]
2022-02-05 21:02:56,909 INFO Server -> Train: Loss 0.402 | Accuracy = 85.880
2022-02-05 21:02:56,909 INFO Server -> Train: Loss 0.402 | Accuracy = 85.880
2022-02-05 21:02:56,910 INFO ROUND 97
2022-02-05 21:02:56,910 INFO ROUND 97
2022-02-05 21:03:46,738 INFO [AFTER AVG]
2022-02-05 21:03:46,738 INFO [AFTER AVG]
2022-02-05 21:04:02,176 INFO Server -> Train: Loss 0.393 | Accuracy = 86.178
2022-02-05 21:04:02,176 INFO Server -> Train: Loss 0.393 | Accuracy = 86.178
2022-02-05 21:04:02,177 INFO ROUND 98
2022-02-05 21:04:02,177 INFO ROUND 98
2022-02-05 21:04:52,570 INFO [AFTER AVG]
2022-02-05 21:04:52,570 INFO [AFTER AVG]
2022-02-05 21:05:08,147 INFO Server -> Train: Loss 0.380 | Accuracy = 86.796
2022-02-05 21:05:08,147 INFO Server -> Train: Loss 0.380 | Accuracy = 86.796
2022-02-05 21:05:08,148 INFO ROUND 99
2022-02-05 21:05:08,148 INFO ROUND 99
2022-02-05 21:05:59,199 INFO [AFTER AVG]
2022-02-05 21:05:59,199 INFO [AFTER AVG]
2022-02-05 21:06:14,569 INFO Server -> Train: Loss 0.375 | Accuracy = 86.802
2022-02-05 21:06:14,569 INFO Server -> Train: Loss 0.375 | Accuracy = 86.802
2022-02-05 21:06:14,570 INFO ROUND 100
2022-02-05 21:06:14,570 INFO ROUND 100
2022-02-05 21:07:05,217 INFO [AFTER AVG]
2022-02-05 21:07:05,217 INFO [AFTER AVG]
2022-02-05 21:07:20,716 INFO Server -> Train: Loss 0.371 | Accuracy = 87.024
2022-02-05 21:07:20,716 INFO Server -> Train: Loss 0.371 | Accuracy = 87.024
2022-02-05 21:07:20,717 INFO ROUND 101
2022-02-05 21:07:20,717 INFO ROUND 101
2022-02-05 21:08:11,585 INFO [AFTER AVG]
2022-02-05 21:08:11,585 INFO [AFTER AVG]
2022-02-05 21:08:26,962 INFO Server -> Train: Loss 0.375 | Accuracy = 86.736
2022-02-05 21:08:26,962 INFO Server -> Train: Loss 0.375 | Accuracy = 86.736
2022-02-05 21:08:26,963 INFO ROUND 102
2022-02-05 21:08:26,963 INFO ROUND 102
2022-02-05 21:09:17,942 INFO [AFTER AVG]
2022-02-05 21:09:17,942 INFO [AFTER AVG]
2022-02-05 21:09:33,401 INFO Server -> Train: Loss 0.359 | Accuracy = 87.416
2022-02-05 21:09:33,401 INFO Server -> Train: Loss 0.359 | Accuracy = 87.416
2022-02-05 21:09:33,402 INFO ROUND 103
2022-02-05 21:09:33,402 INFO ROUND 103
2022-02-05 21:10:24,671 INFO [AFTER AVG]
2022-02-05 21:10:24,671 INFO [AFTER AVG]
2022-02-05 21:10:40,095 INFO Server -> Train: Loss 0.352 | Accuracy = 87.806
2022-02-05 21:10:40,095 INFO Server -> Train: Loss 0.352 | Accuracy = 87.806
2022-02-05 21:10:40,097 INFO ROUND 104
2022-02-05 21:10:40,097 INFO ROUND 104
2022-02-05 21:11:31,191 INFO [AFTER AVG]
2022-02-05 21:11:31,191 INFO [AFTER AVG]
2022-02-05 21:11:46,732 INFO Server -> Train: Loss 0.351 | Accuracy = 87.610
2022-02-05 21:11:46,732 INFO Server -> Train: Loss 0.351 | Accuracy = 87.610
2022-02-05 21:11:46,733 INFO ROUND 105
2022-02-05 21:11:46,733 INFO ROUND 105
2022-02-05 21:12:38,056 INFO [AFTER AVG]
2022-02-05 21:12:38,056 INFO [AFTER AVG]
2022-02-05 21:12:53,428 INFO Server -> Train: Loss 0.361 | Accuracy = 86.976
2022-02-05 21:12:53,428 INFO Server -> Train: Loss 0.361 | Accuracy = 86.976
2022-02-05 21:12:56,916 INFO Server -> Test: Loss 0.997 | Accuracy = 70.450
2022-02-05 21:12:56,916 INFO Server -> Test: Loss 0.997 | Accuracy = 70.450
2022-02-05 21:12:56,976 INFO ROUND 106
2022-02-05 21:12:56,976 INFO ROUND 106
2022-02-05 21:13:48,633 INFO [AFTER AVG]
2022-02-05 21:13:48,633 INFO [AFTER AVG]
2022-02-05 21:14:04,109 INFO Server -> Train: Loss 0.343 | Accuracy = 87.954
2022-02-05 21:14:04,109 INFO Server -> Train: Loss 0.343 | Accuracy = 87.954
2022-02-05 21:14:04,111 INFO ROUND 107
2022-02-05 21:14:04,111 INFO ROUND 107
2022-02-05 21:14:55,690 INFO [AFTER AVG]
2022-02-05 21:14:55,690 INFO [AFTER AVG]
2022-02-05 21:15:11,162 INFO Server -> Train: Loss 0.355 | Accuracy = 87.192
2022-02-05 21:15:11,162 INFO Server -> Train: Loss 0.355 | Accuracy = 87.192
2022-02-05 21:15:11,163 INFO ROUND 108
2022-02-05 21:15:11,163 INFO ROUND 108
2022-02-05 21:16:03,213 INFO [AFTER AVG]
2022-02-05 21:16:03,213 INFO [AFTER AVG]
2022-02-05 21:16:18,579 INFO Server -> Train: Loss 0.317 | Accuracy = 89.114
2022-02-05 21:16:18,579 INFO Server -> Train: Loss 0.317 | Accuracy = 89.114
2022-02-05 21:16:18,580 INFO ROUND 109
2022-02-05 21:16:18,580 INFO ROUND 109
2022-02-05 21:17:11,300 INFO [AFTER AVG]
2022-02-05 21:17:11,300 INFO [AFTER AVG]
2022-02-05 21:17:26,680 INFO Server -> Train: Loss 0.318 | Accuracy = 89.046
2022-02-05 21:17:26,680 INFO Server -> Train: Loss 0.318 | Accuracy = 89.046
2022-02-05 21:17:26,681 INFO ROUND 110
2022-02-05 21:17:26,681 INFO ROUND 110
2022-02-05 21:18:19,510 INFO [AFTER AVG]
2022-02-05 21:18:19,510 INFO [AFTER AVG]
2022-02-05 21:18:35,066 INFO Server -> Train: Loss 0.319 | Accuracy = 88.598
2022-02-05 21:18:35,066 INFO Server -> Train: Loss 0.319 | Accuracy = 88.598
2022-02-05 21:18:35,068 INFO ROUND 111
2022-02-05 21:18:35,068 INFO ROUND 111
2022-02-05 21:19:28,158 INFO [AFTER AVG]
2022-02-05 21:19:28,158 INFO [AFTER AVG]
2022-02-05 21:19:43,619 INFO Server -> Train: Loss 0.306 | Accuracy = 89.444
2022-02-05 21:19:43,619 INFO Server -> Train: Loss 0.306 | Accuracy = 89.444
2022-02-05 21:19:43,621 INFO ROUND 112
2022-02-05 21:19:43,621 INFO ROUND 112
2022-02-05 21:20:36,654 INFO [AFTER AVG]
2022-02-05 21:20:36,654 INFO [AFTER AVG]
2022-02-05 21:20:52,036 INFO Server -> Train: Loss 0.300 | Accuracy = 89.552
2022-02-05 21:20:52,036 INFO Server -> Train: Loss 0.300 | Accuracy = 89.552
2022-02-05 21:20:52,038 INFO ROUND 113
2022-02-05 21:20:52,038 INFO ROUND 113
2022-02-05 21:21:45,110 INFO [AFTER AVG]
2022-02-05 21:21:45,110 INFO [AFTER AVG]
2022-02-05 21:22:00,822 INFO Server -> Train: Loss 0.296 | Accuracy = 89.668
2022-02-05 21:22:00,822 INFO Server -> Train: Loss 0.296 | Accuracy = 89.668
2022-02-05 21:22:00,823 INFO ROUND 114
2022-02-05 21:22:00,823 INFO ROUND 114
2022-02-05 21:22:54,198 INFO [AFTER AVG]
2022-02-05 21:22:54,198 INFO [AFTER AVG]
2022-02-05 21:23:09,802 INFO Server -> Train: Loss 0.290 | Accuracy = 89.984
2022-02-05 21:23:09,802 INFO Server -> Train: Loss 0.290 | Accuracy = 89.984
2022-02-05 21:23:09,804 INFO ROUND 115
2022-02-05 21:23:09,804 INFO ROUND 115
2022-02-05 21:24:03,448 INFO [AFTER AVG]
2022-02-05 21:24:03,448 INFO [AFTER AVG]
2022-02-05 21:24:18,986 INFO Server -> Train: Loss 0.307 | Accuracy = 88.852
2022-02-05 21:24:18,986 INFO Server -> Train: Loss 0.307 | Accuracy = 88.852
2022-02-05 21:24:18,987 INFO ROUND 116
2022-02-05 21:24:18,987 INFO ROUND 116
2022-02-05 21:25:13,163 INFO [AFTER AVG]
2022-02-05 21:25:13,163 INFO [AFTER AVG]
2022-02-05 21:25:28,586 INFO Server -> Train: Loss 0.274 | Accuracy = 90.722
2022-02-05 21:25:28,586 INFO Server -> Train: Loss 0.274 | Accuracy = 90.722
2022-02-05 21:25:28,587 INFO ROUND 117
2022-02-05 21:25:28,587 INFO ROUND 117
2022-02-05 21:26:22,956 INFO [AFTER AVG]
2022-02-05 21:26:22,956 INFO [AFTER AVG]
2022-02-05 21:26:38,566 INFO Server -> Train: Loss 0.271 | Accuracy = 90.530
2022-02-05 21:26:38,566 INFO Server -> Train: Loss 0.271 | Accuracy = 90.530
2022-02-05 21:26:38,567 INFO ROUND 118
2022-02-05 21:26:38,567 INFO ROUND 118
2022-02-05 21:27:33,267 INFO [AFTER AVG]
2022-02-05 21:27:33,267 INFO [AFTER AVG]
2022-02-05 21:27:48,737 INFO Server -> Train: Loss 0.275 | Accuracy = 90.612
2022-02-05 21:27:48,737 INFO Server -> Train: Loss 0.275 | Accuracy = 90.612
2022-02-05 21:27:48,737 INFO ROUND 119
2022-02-05 21:27:48,737 INFO ROUND 119
2022-02-05 21:28:43,822 INFO [AFTER AVG]
2022-02-05 21:28:43,822 INFO [AFTER AVG]
2022-02-05 21:28:59,357 INFO Server -> Train: Loss 0.260 | Accuracy = 91.126
2022-02-05 21:28:59,357 INFO Server -> Train: Loss 0.260 | Accuracy = 91.126
2022-02-05 21:28:59,358 INFO ROUND 120
2022-02-05 21:28:59,358 INFO ROUND 120
2022-02-05 21:29:54,322 INFO [AFTER AVG]
2022-02-05 21:29:54,322 INFO [AFTER AVG]
2022-02-05 21:30:09,877 INFO Server -> Train: Loss 0.254 | Accuracy = 91.320
2022-02-05 21:30:09,877 INFO Server -> Train: Loss 0.254 | Accuracy = 91.320
2022-02-05 21:30:13,307 INFO Server -> Test: Loss 1.066 | Accuracy = 71.290
2022-02-05 21:30:13,307 INFO Server -> Test: Loss 1.066 | Accuracy = 71.290
2022-02-05 21:30:13,368 INFO ROUND 121
2022-02-05 21:30:13,368 INFO ROUND 121
2022-02-05 21:31:08,190 INFO [AFTER AVG]
2022-02-05 21:31:08,190 INFO [AFTER AVG]
2022-02-05 21:31:23,721 INFO Server -> Train: Loss 0.269 | Accuracy = 90.736
2022-02-05 21:31:23,721 INFO Server -> Train: Loss 0.269 | Accuracy = 90.736
2022-02-05 21:31:23,723 INFO ROUND 122
2022-02-05 21:31:23,723 INFO ROUND 122
2022-02-05 21:32:18,718 INFO [AFTER AVG]
2022-02-05 21:32:18,718 INFO [AFTER AVG]
2022-02-05 21:32:34,326 INFO Server -> Train: Loss 0.262 | Accuracy = 90.736
2022-02-05 21:32:34,326 INFO Server -> Train: Loss 0.262 | Accuracy = 90.736
2022-02-05 21:32:34,327 INFO ROUND 123
2022-02-05 21:32:34,327 INFO ROUND 123
2022-02-05 21:33:31,262 INFO [AFTER AVG]
2022-02-05 21:33:31,262 INFO [AFTER AVG]
2022-02-05 21:33:46,964 INFO Server -> Train: Loss 0.242 | Accuracy = 91.892
2022-02-05 21:33:46,964 INFO Server -> Train: Loss 0.242 | Accuracy = 91.892
2022-02-05 21:33:46,965 INFO ROUND 124
2022-02-05 21:33:46,965 INFO ROUND 124
2022-02-05 21:34:42,218 INFO [AFTER AVG]
2022-02-05 21:34:42,218 INFO [AFTER AVG]
2022-02-05 21:34:58,044 INFO Server -> Train: Loss 0.266 | Accuracy = 90.502
2022-02-05 21:34:58,044 INFO Server -> Train: Loss 0.266 | Accuracy = 90.502
2022-02-05 21:34:58,045 INFO ROUND 125
2022-02-05 21:34:58,045 INFO ROUND 125
2022-02-05 21:35:53,367 INFO [AFTER AVG]
2022-02-05 21:35:53,367 INFO [AFTER AVG]
2022-02-05 21:36:09,077 INFO Server -> Train: Loss 0.229 | Accuracy = 92.380
2022-02-05 21:36:09,077 INFO Server -> Train: Loss 0.229 | Accuracy = 92.380
2022-02-05 21:36:09,078 INFO ROUND 126
2022-02-05 21:36:09,078 INFO ROUND 126
2022-02-05 21:37:04,513 INFO [AFTER AVG]
2022-02-05 21:37:04,513 INFO [AFTER AVG]
2022-02-05 21:37:20,090 INFO Server -> Train: Loss 0.238 | Accuracy = 91.844
2022-02-05 21:37:20,090 INFO Server -> Train: Loss 0.238 | Accuracy = 91.844
2022-02-05 21:37:20,092 INFO ROUND 127
2022-02-05 21:37:20,092 INFO ROUND 127
2022-02-05 21:38:15,816 INFO [AFTER AVG]
2022-02-05 21:38:15,816 INFO [AFTER AVG]
2022-02-05 21:38:31,403 INFO Server -> Train: Loss 0.227 | Accuracy = 92.426
2022-02-05 21:38:31,403 INFO Server -> Train: Loss 0.227 | Accuracy = 92.426
2022-02-05 21:38:31,405 INFO ROUND 128
2022-02-05 21:38:31,405 INFO ROUND 128
2022-02-05 21:39:27,284 INFO [AFTER AVG]
2022-02-05 21:39:27,284 INFO [AFTER AVG]
2022-02-05 21:39:42,864 INFO Server -> Train: Loss 0.218 | Accuracy = 92.742
2022-02-05 21:39:42,864 INFO Server -> Train: Loss 0.218 | Accuracy = 92.742
2022-02-05 21:39:42,865 INFO ROUND 129
2022-02-05 21:39:42,865 INFO ROUND 129
2022-02-05 21:40:38,914 INFO [AFTER AVG]
2022-02-05 21:40:38,914 INFO [AFTER AVG]
2022-02-05 21:40:54,642 INFO Server -> Train: Loss 0.220 | Accuracy = 92.476
2022-02-05 21:40:54,642 INFO Server -> Train: Loss 0.220 | Accuracy = 92.476
2022-02-05 21:40:54,643 INFO ROUND 130
2022-02-05 21:40:54,643 INFO ROUND 130
2022-02-05 21:41:50,617 INFO [AFTER AVG]
2022-02-05 21:41:50,617 INFO [AFTER AVG]
2022-02-05 21:42:06,256 INFO Server -> Train: Loss 0.207 | Accuracy = 93.232
2022-02-05 21:42:06,256 INFO Server -> Train: Loss 0.207 | Accuracy = 93.232
2022-02-05 21:42:06,257 INFO ROUND 131
2022-02-05 21:42:06,257 INFO ROUND 131
2022-02-05 21:43:03,438 INFO [AFTER AVG]
2022-02-05 21:43:03,438 INFO [AFTER AVG]
2022-02-05 21:43:19,063 INFO Server -> Train: Loss 0.213 | Accuracy = 92.858
2022-02-05 21:43:19,063 INFO Server -> Train: Loss 0.213 | Accuracy = 92.858
2022-02-05 21:43:19,064 INFO ROUND 132
2022-02-05 21:43:19,064 INFO ROUND 132
2022-02-05 21:44:15,655 INFO [AFTER AVG]
2022-02-05 21:44:15,655 INFO [AFTER AVG]
2022-02-05 21:44:31,329 INFO Server -> Train: Loss 0.196 | Accuracy = 93.558
2022-02-05 21:44:31,329 INFO Server -> Train: Loss 0.196 | Accuracy = 93.558
2022-02-05 21:44:31,330 INFO ROUND 133
2022-02-05 21:44:31,330 INFO ROUND 133
2022-02-05 21:45:27,725 INFO [AFTER AVG]
2022-02-05 21:45:27,725 INFO [AFTER AVG]
2022-02-05 21:45:43,428 INFO Server -> Train: Loss 0.191 | Accuracy = 93.770
2022-02-05 21:45:43,428 INFO Server -> Train: Loss 0.191 | Accuracy = 93.770
2022-02-05 21:45:43,430 INFO ROUND 134
2022-02-05 21:45:43,430 INFO ROUND 134
2022-02-05 21:46:40,094 INFO [AFTER AVG]
2022-02-05 21:46:40,094 INFO [AFTER AVG]
2022-02-05 21:46:55,790 INFO Server -> Train: Loss 0.203 | Accuracy = 93.162
2022-02-05 21:46:55,790 INFO Server -> Train: Loss 0.203 | Accuracy = 93.162
2022-02-05 21:46:55,792 INFO ROUND 135
2022-02-05 21:46:55,792 INFO ROUND 135
2022-02-05 21:47:52,961 INFO [AFTER AVG]
2022-02-05 21:47:52,961 INFO [AFTER AVG]
2022-02-05 21:48:08,771 INFO Server -> Train: Loss 0.185 | Accuracy = 94.008
2022-02-05 21:48:08,771 INFO Server -> Train: Loss 0.185 | Accuracy = 94.008
2022-02-05 21:48:12,276 INFO Server -> Test: Loss 1.145 | Accuracy = 71.170
2022-02-05 21:48:12,276 INFO Server -> Test: Loss 1.145 | Accuracy = 71.170
2022-02-05 21:48:12,342 INFO ROUND 136
2022-02-05 21:48:12,342 INFO ROUND 136
2022-02-05 21:49:09,660 INFO [AFTER AVG]
2022-02-05 21:49:09,660 INFO [AFTER AVG]
2022-02-05 21:49:25,153 INFO Server -> Train: Loss 0.191 | Accuracy = 93.826
2022-02-05 21:49:25,153 INFO Server -> Train: Loss 0.191 | Accuracy = 93.826
2022-02-05 21:49:25,154 INFO ROUND 137
2022-02-05 21:49:25,154 INFO ROUND 137
2022-02-05 21:50:22,173 INFO [AFTER AVG]
2022-02-05 21:50:22,173 INFO [AFTER AVG]
2022-02-05 21:50:37,657 INFO Server -> Train: Loss 0.191 | Accuracy = 93.430
2022-02-05 21:50:37,657 INFO Server -> Train: Loss 0.191 | Accuracy = 93.430
2022-02-05 21:50:37,659 INFO ROUND 138
2022-02-05 21:50:37,659 INFO ROUND 138
2022-02-05 21:51:34,183 INFO [AFTER AVG]
2022-02-05 21:51:34,183 INFO [AFTER AVG]
2022-02-05 21:51:49,611 INFO Server -> Train: Loss 0.184 | Accuracy = 93.794
2022-02-05 21:51:49,611 INFO Server -> Train: Loss 0.184 | Accuracy = 93.794
2022-02-05 21:51:49,612 INFO ROUND 139
2022-02-05 21:51:49,612 INFO ROUND 139
2022-02-05 21:52:47,264 INFO [AFTER AVG]
2022-02-05 21:52:47,264 INFO [AFTER AVG]
2022-02-05 21:53:03,050 INFO Server -> Train: Loss 0.172 | Accuracy = 94.572
2022-02-05 21:53:03,050 INFO Server -> Train: Loss 0.172 | Accuracy = 94.572
2022-02-05 21:53:03,052 INFO ROUND 140
2022-02-05 21:53:03,052 INFO ROUND 140
2022-02-05 21:54:00,882 INFO [AFTER AVG]
2022-02-05 21:54:00,882 INFO [AFTER AVG]
2022-02-05 21:54:16,637 INFO Server -> Train: Loss 0.179 | Accuracy = 94.096
2022-02-05 21:54:16,637 INFO Server -> Train: Loss 0.179 | Accuracy = 94.096
2022-02-05 21:54:16,637 INFO ROUND 141
2022-02-05 21:54:16,637 INFO ROUND 141
2022-02-05 21:55:14,609 INFO [AFTER AVG]
2022-02-05 21:55:14,609 INFO [AFTER AVG]
2022-02-05 21:55:30,229 INFO Server -> Train: Loss 0.171 | Accuracy = 94.484
2022-02-05 21:55:30,229 INFO Server -> Train: Loss 0.171 | Accuracy = 94.484
2022-02-05 21:55:30,231 INFO ROUND 142
2022-02-05 21:55:30,231 INFO ROUND 142
2022-02-05 21:56:28,251 INFO [AFTER AVG]
2022-02-05 21:56:28,251 INFO [AFTER AVG]
2022-02-05 21:56:43,934 INFO Server -> Train: Loss 0.182 | Accuracy = 93.630
2022-02-05 21:56:43,934 INFO Server -> Train: Loss 0.182 | Accuracy = 93.630
2022-02-05 21:56:43,935 INFO ROUND 143
2022-02-05 21:56:43,935 INFO ROUND 143
2022-02-05 21:57:42,180 INFO [AFTER AVG]
2022-02-05 21:57:42,180 INFO [AFTER AVG]
2022-02-05 21:57:57,890 INFO Server -> Train: Loss 0.207 | Accuracy = 93.150
2022-02-05 21:57:57,890 INFO Server -> Train: Loss 0.207 | Accuracy = 93.150
2022-02-05 21:57:57,892 INFO ROUND 144
2022-02-05 21:57:57,892 INFO ROUND 144
2022-02-05 21:58:56,435 INFO [AFTER AVG]
2022-02-05 21:58:56,435 INFO [AFTER AVG]
2022-02-05 21:59:12,015 INFO Server -> Train: Loss 0.171 | Accuracy = 94.212
2022-02-05 21:59:12,015 INFO Server -> Train: Loss 0.171 | Accuracy = 94.212
2022-02-05 21:59:12,017 INFO ROUND 145
2022-02-05 21:59:12,017 INFO ROUND 145
2022-02-05 22:00:10,086 INFO [AFTER AVG]
2022-02-05 22:00:10,086 INFO [AFTER AVG]
2022-02-05 22:00:25,730 INFO Server -> Train: Loss 0.155 | Accuracy = 95.180
2022-02-05 22:00:25,730 INFO Server -> Train: Loss 0.155 | Accuracy = 95.180
2022-02-05 22:00:25,732 INFO ROUND 146
2022-02-05 22:00:25,732 INFO ROUND 146
2022-02-05 22:01:24,162 INFO [AFTER AVG]
2022-02-05 22:01:24,162 INFO [AFTER AVG]
2022-02-05 22:01:39,865 INFO Server -> Train: Loss 0.157 | Accuracy = 94.752
2022-02-05 22:01:39,865 INFO Server -> Train: Loss 0.157 | Accuracy = 94.752
2022-02-05 22:01:39,866 INFO ROUND 147
2022-02-05 22:01:39,866 INFO ROUND 147
2022-02-05 22:02:38,299 INFO [AFTER AVG]
2022-02-05 22:02:38,299 INFO [AFTER AVG]
2022-02-05 22:02:53,867 INFO Server -> Train: Loss 0.169 | Accuracy = 94.554
2022-02-05 22:02:53,867 INFO Server -> Train: Loss 0.169 | Accuracy = 94.554
2022-02-05 22:02:53,869 INFO ROUND 148
2022-02-05 22:02:53,869 INFO ROUND 148
2022-02-05 22:03:53,248 INFO [AFTER AVG]
2022-02-05 22:03:53,248 INFO [AFTER AVG]
2022-02-05 22:04:09,057 INFO Server -> Train: Loss 0.170 | Accuracy = 94.154
2022-02-05 22:04:09,057 INFO Server -> Train: Loss 0.170 | Accuracy = 94.154
2022-02-05 22:04:09,058 INFO ROUND 149
2022-02-05 22:04:09,058 INFO ROUND 149
2022-02-05 22:05:08,158 INFO [AFTER AVG]
2022-02-05 22:05:08,158 INFO [AFTER AVG]
2022-02-05 22:05:23,617 INFO Server -> Train: Loss 0.162 | Accuracy = 94.886
2022-02-05 22:05:23,617 INFO Server -> Train: Loss 0.162 | Accuracy = 94.886
2022-02-05 22:05:23,618 INFO ROUND 150
2022-02-05 22:05:23,618 INFO ROUND 150
2022-02-05 22:06:22,738 INFO [AFTER AVG]
2022-02-05 22:06:22,738 INFO [AFTER AVG]
2022-02-05 22:06:38,222 INFO Server -> Train: Loss 0.146 | Accuracy = 95.256
2022-02-05 22:06:38,222 INFO Server -> Train: Loss 0.146 | Accuracy = 95.256
2022-02-05 22:06:41,714 INFO Server -> Test: Loss 1.258 | Accuracy = 70.840
2022-02-05 22:06:41,714 INFO Server -> Test: Loss 1.258 | Accuracy = 70.840
2022-02-05 22:06:41,776 INFO ROUND 151
2022-02-05 22:06:41,776 INFO ROUND 151
2022-02-05 22:07:40,831 INFO [AFTER AVG]
2022-02-05 22:07:40,831 INFO [AFTER AVG]
2022-02-05 22:07:56,226 INFO Server -> Train: Loss 0.143 | Accuracy = 95.606
2022-02-05 22:07:56,226 INFO Server -> Train: Loss 0.143 | Accuracy = 95.606
2022-02-05 22:07:56,227 INFO ROUND 152
2022-02-05 22:07:56,227 INFO ROUND 152
2022-02-05 22:08:55,465 INFO [AFTER AVG]
2022-02-05 22:08:55,465 INFO [AFTER AVG]
2022-02-05 22:09:11,051 INFO Server -> Train: Loss 0.140 | Accuracy = 95.414
2022-02-05 22:09:11,051 INFO Server -> Train: Loss 0.140 | Accuracy = 95.414
2022-02-05 22:09:11,051 INFO ROUND 153
2022-02-05 22:09:11,051 INFO ROUND 153
2022-02-05 22:10:10,638 INFO [AFTER AVG]
2022-02-05 22:10:10,638 INFO [AFTER AVG]
2022-02-05 22:10:26,088 INFO Server -> Train: Loss 0.134 | Accuracy = 95.894
2022-02-05 22:10:26,088 INFO Server -> Train: Loss 0.134 | Accuracy = 95.894
2022-02-05 22:10:26,089 INFO ROUND 154
2022-02-05 22:10:26,089 INFO ROUND 154
2022-02-05 22:11:25,409 INFO [AFTER AVG]
2022-02-05 22:11:25,409 INFO [AFTER AVG]
2022-02-05 22:11:41,072 INFO Server -> Train: Loss 0.127 | Accuracy = 96.172
2022-02-05 22:11:41,072 INFO Server -> Train: Loss 0.127 | Accuracy = 96.172
2022-02-05 22:11:41,073 INFO ROUND 155
2022-02-05 22:11:41,073 INFO ROUND 155
2022-02-05 22:12:40,453 INFO [AFTER AVG]
2022-02-05 22:12:40,453 INFO [AFTER AVG]
2022-02-05 22:12:55,687 INFO Server -> Train: Loss 0.132 | Accuracy = 95.710
2022-02-05 22:12:55,687 INFO Server -> Train: Loss 0.132 | Accuracy = 95.710
2022-02-05 22:12:55,688 INFO ROUND 156
2022-02-05 22:12:55,688 INFO ROUND 156
2022-02-05 22:13:54,254 INFO [AFTER AVG]
2022-02-05 22:13:54,254 INFO [AFTER AVG]
2022-02-05 22:14:09,406 INFO Server -> Train: Loss 0.138 | Accuracy = 95.784
2022-02-05 22:14:09,406 INFO Server -> Train: Loss 0.138 | Accuracy = 95.784
2022-02-05 22:14:09,406 INFO ROUND 157
2022-02-05 22:14:09,406 INFO ROUND 157
2022-02-05 22:15:07,696 INFO [AFTER AVG]
2022-02-05 22:15:07,696 INFO [AFTER AVG]
2022-02-05 22:15:22,900 INFO Server -> Train: Loss 0.129 | Accuracy = 95.786
2022-02-05 22:15:22,900 INFO Server -> Train: Loss 0.129 | Accuracy = 95.786
2022-02-05 22:15:22,902 INFO ROUND 158
2022-02-05 22:15:22,902 INFO ROUND 158
2022-02-05 22:16:21,270 INFO [AFTER AVG]
2022-02-05 22:16:21,270 INFO [AFTER AVG]
2022-02-05 22:16:36,463 INFO Server -> Train: Loss 0.129 | Accuracy = 96.150
2022-02-05 22:16:36,463 INFO Server -> Train: Loss 0.129 | Accuracy = 96.150
2022-02-05 22:16:36,463 INFO ROUND 159
2022-02-05 22:16:36,463 INFO ROUND 159
2022-02-05 22:17:36,072 INFO [AFTER AVG]
2022-02-05 22:17:36,072 INFO [AFTER AVG]
2022-02-05 22:17:51,454 INFO Server -> Train: Loss 0.137 | Accuracy = 95.382
2022-02-05 22:17:51,454 INFO Server -> Train: Loss 0.137 | Accuracy = 95.382
2022-02-05 22:17:51,456 INFO ROUND 160
2022-02-05 22:17:51,456 INFO ROUND 160
2022-02-05 22:18:50,867 INFO [AFTER AVG]
2022-02-05 22:18:50,867 INFO [AFTER AVG]
2022-02-05 22:19:06,263 INFO Server -> Train: Loss 0.115 | Accuracy = 96.602
2022-02-05 22:19:06,263 INFO Server -> Train: Loss 0.115 | Accuracy = 96.602
2022-02-05 22:19:06,264 INFO ROUND 161
2022-02-05 22:19:06,264 INFO ROUND 161
2022-02-05 22:20:05,493 INFO [AFTER AVG]
2022-02-05 22:20:05,493 INFO [AFTER AVG]
2022-02-05 22:20:20,722 INFO Server -> Train: Loss 0.116 | Accuracy = 96.294
2022-02-05 22:20:20,722 INFO Server -> Train: Loss 0.116 | Accuracy = 96.294
2022-02-05 22:20:20,723 INFO ROUND 162
2022-02-05 22:20:20,723 INFO ROUND 162
2022-02-05 22:21:20,795 INFO [AFTER AVG]
2022-02-05 22:21:20,795 INFO [AFTER AVG]
2022-02-05 22:21:36,079 INFO Server -> Train: Loss 0.121 | Accuracy = 96.328
2022-02-05 22:21:36,079 INFO Server -> Train: Loss 0.121 | Accuracy = 96.328
2022-02-05 22:21:36,081 INFO ROUND 163
2022-02-05 22:21:36,081 INFO ROUND 163
2022-02-05 22:22:38,802 INFO [AFTER AVG]
2022-02-05 22:22:38,802 INFO [AFTER AVG]
2022-02-05 22:22:54,579 INFO Server -> Train: Loss 0.138 | Accuracy = 95.312
2022-02-05 22:22:54,579 INFO Server -> Train: Loss 0.138 | Accuracy = 95.312
2022-02-05 22:22:54,581 INFO ROUND 164
2022-02-05 22:22:54,581 INFO ROUND 164
2022-02-05 22:23:58,316 INFO [AFTER AVG]
2022-02-05 22:23:58,316 INFO [AFTER AVG]
2022-02-05 22:24:14,036 INFO Server -> Train: Loss 0.119 | Accuracy = 96.570
2022-02-05 22:24:14,036 INFO Server -> Train: Loss 0.119 | Accuracy = 96.570
2022-02-05 22:24:14,037 INFO ROUND 165
2022-02-05 22:24:14,037 INFO ROUND 165
2022-02-05 22:25:15,736 INFO [AFTER AVG]
2022-02-05 22:25:15,736 INFO [AFTER AVG]
2022-02-05 22:25:31,520 INFO Server -> Train: Loss 0.108 | Accuracy = 96.850
2022-02-05 22:25:31,520 INFO Server -> Train: Loss 0.108 | Accuracy = 96.850
2022-02-05 22:25:35,004 INFO Server -> Test: Loss 1.348 | Accuracy = 70.860
2022-02-05 22:25:35,004 INFO Server -> Test: Loss 1.348 | Accuracy = 70.860
2022-02-05 22:25:35,069 INFO ROUND 166
2022-02-05 22:25:35,069 INFO ROUND 166
2022-02-05 22:26:38,781 INFO [AFTER AVG]
2022-02-05 22:26:38,781 INFO [AFTER AVG]
2022-02-05 22:26:54,583 INFO Server -> Train: Loss 0.108 | Accuracy = 96.704
2022-02-05 22:26:54,583 INFO Server -> Train: Loss 0.108 | Accuracy = 96.704
2022-02-05 22:26:54,585 INFO ROUND 167
2022-02-05 22:26:54,585 INFO ROUND 167
2022-02-05 22:27:58,627 INFO [AFTER AVG]
2022-02-05 22:27:58,627 INFO [AFTER AVG]
2022-02-05 22:28:14,161 INFO Server -> Train: Loss 0.100 | Accuracy = 97.202
2022-02-05 22:28:14,161 INFO Server -> Train: Loss 0.100 | Accuracy = 97.202
2022-02-05 22:28:14,163 INFO ROUND 168
2022-02-05 22:28:14,163 INFO ROUND 168
2022-02-05 22:29:17,396 INFO [AFTER AVG]
2022-02-05 22:29:17,396 INFO [AFTER AVG]
2022-02-05 22:29:33,001 INFO Server -> Train: Loss 0.122 | Accuracy = 95.950
2022-02-05 22:29:33,001 INFO Server -> Train: Loss 0.122 | Accuracy = 95.950
2022-02-05 22:29:33,002 INFO ROUND 169
2022-02-05 22:29:33,002 INFO ROUND 169
2022-02-05 22:30:36,584 INFO [AFTER AVG]
2022-02-05 22:30:36,584 INFO [AFTER AVG]
2022-02-05 22:30:52,187 INFO Server -> Train: Loss 0.098 | Accuracy = 97.230
2022-02-05 22:30:52,187 INFO Server -> Train: Loss 0.098 | Accuracy = 97.230
2022-02-05 22:30:52,188 INFO ROUND 170
2022-02-05 22:30:52,188 INFO ROUND 170
2022-02-05 22:31:55,852 INFO [AFTER AVG]
2022-02-05 22:31:55,852 INFO [AFTER AVG]
2022-02-05 22:32:11,368 INFO Server -> Train: Loss 0.092 | Accuracy = 97.474
2022-02-05 22:32:11,368 INFO Server -> Train: Loss 0.092 | Accuracy = 97.474
2022-02-05 22:32:11,370 INFO ROUND 171
2022-02-05 22:32:11,370 INFO ROUND 171
2022-02-05 22:33:15,200 INFO [AFTER AVG]
2022-02-05 22:33:15,200 INFO [AFTER AVG]
2022-02-05 22:33:30,691 INFO Server -> Train: Loss 0.103 | Accuracy = 97.034
2022-02-05 22:33:30,691 INFO Server -> Train: Loss 0.103 | Accuracy = 97.034
2022-02-05 22:33:30,692 INFO ROUND 172
2022-02-05 22:33:30,692 INFO ROUND 172
2022-02-05 22:34:34,544 INFO [AFTER AVG]
2022-02-05 22:34:34,544 INFO [AFTER AVG]
2022-02-05 22:34:50,028 INFO Server -> Train: Loss 0.112 | Accuracy = 96.450
2022-02-05 22:34:50,028 INFO Server -> Train: Loss 0.112 | Accuracy = 96.450
2022-02-05 22:34:50,029 INFO ROUND 173
2022-02-05 22:34:50,029 INFO ROUND 173
2022-02-05 22:35:54,270 INFO [AFTER AVG]
2022-02-05 22:35:54,270 INFO [AFTER AVG]
2022-02-05 22:36:09,659 INFO Server -> Train: Loss 0.101 | Accuracy = 97.222
2022-02-05 22:36:09,659 INFO Server -> Train: Loss 0.101 | Accuracy = 97.222
2022-02-05 22:36:09,660 INFO ROUND 174
2022-02-05 22:36:09,660 INFO ROUND 174
2022-02-05 22:37:15,943 INFO [AFTER AVG]
2022-02-05 22:37:15,943 INFO [AFTER AVG]
2022-02-05 22:37:32,004 INFO Server -> Train: Loss 0.096 | Accuracy = 97.128
2022-02-05 22:37:32,004 INFO Server -> Train: Loss 0.096 | Accuracy = 97.128
2022-02-05 22:37:32,005 INFO ROUND 175
2022-02-05 22:37:32,005 INFO ROUND 175
2022-02-05 22:38:35,183 INFO [AFTER AVG]
2022-02-05 22:38:35,183 INFO [AFTER AVG]
2022-02-05 22:38:50,737 INFO Server -> Train: Loss 0.085 | Accuracy = 97.680
2022-02-05 22:38:50,737 INFO Server -> Train: Loss 0.085 | Accuracy = 97.680
2022-02-05 22:38:50,739 INFO ROUND 176
2022-02-05 22:38:50,739 INFO ROUND 176
2022-02-05 22:39:55,815 INFO [AFTER AVG]
2022-02-05 22:39:55,815 INFO [AFTER AVG]
2022-02-05 22:40:11,216 INFO Server -> Train: Loss 0.090 | Accuracy = 97.500
2022-02-05 22:40:11,216 INFO Server -> Train: Loss 0.090 | Accuracy = 97.500
2022-02-05 22:40:11,218 INFO ROUND 177
2022-02-05 22:40:11,218 INFO ROUND 177
2022-02-05 22:41:16,160 INFO [AFTER AVG]
2022-02-05 22:41:16,160 INFO [AFTER AVG]
2022-02-05 22:41:31,883 INFO Server -> Train: Loss 0.095 | Accuracy = 96.988
2022-02-05 22:41:31,883 INFO Server -> Train: Loss 0.095 | Accuracy = 96.988
2022-02-05 22:41:31,885 INFO ROUND 178
2022-02-05 22:41:31,885 INFO ROUND 178
2022-02-05 22:42:36,835 INFO [AFTER AVG]
2022-02-05 22:42:36,835 INFO [AFTER AVG]
2022-02-05 22:42:52,520 INFO Server -> Train: Loss 0.088 | Accuracy = 97.576
2022-02-05 22:42:52,520 INFO Server -> Train: Loss 0.088 | Accuracy = 97.576
2022-02-05 22:42:52,521 INFO ROUND 179
2022-02-05 22:42:52,521 INFO ROUND 179
2022-02-05 22:43:57,452 INFO [AFTER AVG]
2022-02-05 22:43:57,452 INFO [AFTER AVG]
2022-02-05 22:44:12,916 INFO Server -> Train: Loss 0.081 | Accuracy = 97.950
2022-02-05 22:44:12,916 INFO Server -> Train: Loss 0.081 | Accuracy = 97.950
2022-02-05 22:44:12,917 INFO ROUND 180
2022-02-05 22:44:12,917 INFO ROUND 180
2022-02-05 22:45:17,861 INFO [AFTER AVG]
2022-02-05 22:45:17,861 INFO [AFTER AVG]
2022-02-05 22:45:33,627 INFO Server -> Train: Loss 0.078 | Accuracy = 97.962
2022-02-05 22:45:33,627 INFO Server -> Train: Loss 0.078 | Accuracy = 97.962
2022-02-05 22:45:37,235 INFO Server -> Test: Loss 1.417 | Accuracy = 71.180
2022-02-05 22:45:37,235 INFO Server -> Test: Loss 1.417 | Accuracy = 71.180
2022-02-05 22:45:37,303 INFO ROUND 181
2022-02-05 22:45:37,303 INFO ROUND 181
2022-02-05 22:46:42,549 INFO [AFTER AVG]
2022-02-05 22:46:42,549 INFO [AFTER AVG]
2022-02-05 22:46:58,040 INFO Server -> Train: Loss 0.078 | Accuracy = 97.900
2022-02-05 22:46:58,040 INFO Server -> Train: Loss 0.078 | Accuracy = 97.900
2022-02-05 22:46:58,042 INFO ROUND 182
2022-02-05 22:46:58,042 INFO ROUND 182
2022-02-05 22:48:03,254 INFO [AFTER AVG]
2022-02-05 22:48:03,254 INFO [AFTER AVG]
2022-02-05 22:48:18,727 INFO Server -> Train: Loss 0.076 | Accuracy = 97.996
2022-02-05 22:48:18,727 INFO Server -> Train: Loss 0.076 | Accuracy = 97.996
2022-02-05 22:48:18,728 INFO ROUND 183
2022-02-05 22:48:18,728 INFO ROUND 183
2022-02-05 22:49:24,485 INFO [AFTER AVG]
2022-02-05 22:49:24,485 INFO [AFTER AVG]
2022-02-05 22:49:40,075 INFO Server -> Train: Loss 0.071 | Accuracy = 98.292
2022-02-05 22:49:40,075 INFO Server -> Train: Loss 0.071 | Accuracy = 98.292
2022-02-05 22:49:40,075 INFO ROUND 184
2022-02-05 22:49:40,075 INFO ROUND 184
2022-02-05 22:50:46,086 INFO [AFTER AVG]
2022-02-05 22:50:46,086 INFO [AFTER AVG]
2022-02-05 22:51:01,948 INFO Server -> Train: Loss 0.073 | Accuracy = 98.128
2022-02-05 22:51:01,948 INFO Server -> Train: Loss 0.073 | Accuracy = 98.128
2022-02-05 22:51:01,950 INFO ROUND 185
2022-02-05 22:51:01,950 INFO ROUND 185
2022-02-05 22:52:09,322 INFO [AFTER AVG]
2022-02-05 22:52:09,322 INFO [AFTER AVG]
2022-02-05 22:52:25,116 INFO Server -> Train: Loss 0.073 | Accuracy = 98.156
2022-02-05 22:52:25,116 INFO Server -> Train: Loss 0.073 | Accuracy = 98.156
2022-02-05 22:52:25,117 INFO ROUND 186
2022-02-05 22:52:25,117 INFO ROUND 186
2022-02-05 22:53:32,804 INFO [AFTER AVG]
2022-02-05 22:53:32,804 INFO [AFTER AVG]
2022-02-05 22:53:48,639 INFO Server -> Train: Loss 0.069 | Accuracy = 98.270
2022-02-05 22:53:48,639 INFO Server -> Train: Loss 0.069 | Accuracy = 98.270
2022-02-05 22:53:48,642 INFO ROUND 187
2022-02-05 22:53:48,642 INFO ROUND 187
2022-02-05 22:54:56,527 INFO [AFTER AVG]
2022-02-05 22:54:56,527 INFO [AFTER AVG]
2022-02-05 22:55:12,365 INFO Server -> Train: Loss 0.069 | Accuracy = 98.274
2022-02-05 22:55:12,365 INFO Server -> Train: Loss 0.069 | Accuracy = 98.274
2022-02-05 22:55:12,366 INFO ROUND 188
2022-02-05 22:55:12,366 INFO ROUND 188
2022-02-05 22:56:20,393 INFO [AFTER AVG]
2022-02-05 22:56:20,393 INFO [AFTER AVG]
2022-02-05 22:56:36,079 INFO Server -> Train: Loss 0.074 | Accuracy = 98.120
2022-02-05 22:56:36,079 INFO Server -> Train: Loss 0.074 | Accuracy = 98.120
2022-02-05 22:56:36,080 INFO ROUND 189
2022-02-05 22:56:36,080 INFO ROUND 189
2022-02-05 22:57:44,522 INFO [AFTER AVG]
2022-02-05 22:57:44,522 INFO [AFTER AVG]
2022-02-05 22:58:00,294 INFO Server -> Train: Loss 0.067 | Accuracy = 98.414
2022-02-05 22:58:00,294 INFO Server -> Train: Loss 0.067 | Accuracy = 98.414
2022-02-05 22:58:00,296 INFO ROUND 190
2022-02-05 22:58:00,296 INFO ROUND 190
2022-02-05 22:59:08,305 INFO [AFTER AVG]
2022-02-05 22:59:08,305 INFO [AFTER AVG]
2022-02-05 22:59:24,103 INFO Server -> Train: Loss 0.078 | Accuracy = 97.736
2022-02-05 22:59:24,103 INFO Server -> Train: Loss 0.078 | Accuracy = 97.736
2022-02-05 22:59:24,105 INFO ROUND 191
2022-02-05 22:59:24,105 INFO ROUND 191
2022-02-05 23:00:32,257 INFO [AFTER AVG]
2022-02-05 23:00:32,257 INFO [AFTER AVG]
2022-02-05 23:00:47,762 INFO Server -> Train: Loss 0.083 | Accuracy = 97.780
2022-02-05 23:00:47,762 INFO Server -> Train: Loss 0.083 | Accuracy = 97.780
2022-02-05 23:00:47,763 INFO ROUND 192
2022-02-05 23:00:47,763 INFO ROUND 192
2022-02-05 23:01:56,228 INFO [AFTER AVG]
2022-02-05 23:01:56,228 INFO [AFTER AVG]
2022-02-05 23:02:12,165 INFO Server -> Train: Loss 0.084 | Accuracy = 97.432
2022-02-05 23:02:12,165 INFO Server -> Train: Loss 0.084 | Accuracy = 97.432
2022-02-05 23:02:12,166 INFO ROUND 193
2022-02-05 23:02:12,166 INFO ROUND 193
2022-02-05 23:03:21,053 INFO [AFTER AVG]
2022-02-05 23:03:21,053 INFO [AFTER AVG]
2022-02-05 23:03:36,627 INFO Server -> Train: Loss 0.088 | Accuracy = 97.558
2022-02-05 23:03:36,627 INFO Server -> Train: Loss 0.088 | Accuracy = 97.558
2022-02-05 23:03:36,627 INFO ROUND 194
2022-02-05 23:03:36,627 INFO ROUND 194
2022-02-05 23:04:45,368 INFO [AFTER AVG]
2022-02-05 23:04:45,368 INFO [AFTER AVG]
2022-02-05 23:05:01,186 INFO Server -> Train: Loss 0.078 | Accuracy = 97.774
2022-02-05 23:05:01,186 INFO Server -> Train: Loss 0.078 | Accuracy = 97.774
2022-02-05 23:05:01,188 INFO ROUND 195
2022-02-05 23:05:01,188 INFO ROUND 195
2022-02-05 23:06:10,299 INFO [AFTER AVG]
2022-02-05 23:06:10,299 INFO [AFTER AVG]
2022-02-05 23:06:26,010 INFO Server -> Train: Loss 0.075 | Accuracy = 98.124
2022-02-05 23:06:26,010 INFO Server -> Train: Loss 0.075 | Accuracy = 98.124
2022-02-05 23:06:29,660 INFO Server -> Test: Loss 1.447 | Accuracy = 70.900
2022-02-05 23:06:29,660 INFO Server -> Test: Loss 1.447 | Accuracy = 70.900
2022-02-05 23:06:29,727 INFO ROUND 196
2022-02-05 23:06:29,727 INFO ROUND 196
2022-02-05 23:07:38,693 INFO [AFTER AVG]
2022-02-05 23:07:38,693 INFO [AFTER AVG]
2022-02-05 23:07:54,360 INFO Server -> Train: Loss 0.072 | Accuracy = 98.064
2022-02-05 23:07:54,360 INFO Server -> Train: Loss 0.072 | Accuracy = 98.064
2022-02-05 23:07:54,362 INFO ROUND 197
2022-02-05 23:07:54,362 INFO ROUND 197
2022-02-05 23:09:03,316 INFO [AFTER AVG]
2022-02-05 23:09:03,316 INFO [AFTER AVG]
2022-02-05 23:09:18,934 INFO Server -> Train: Loss 0.064 | Accuracy = 98.542
2022-02-05 23:09:18,934 INFO Server -> Train: Loss 0.064 | Accuracy = 98.542
2022-02-05 23:09:18,934 INFO ROUND 198
2022-02-05 23:09:18,934 INFO ROUND 198
2022-02-05 23:10:27,912 INFO [AFTER AVG]
2022-02-05 23:10:27,912 INFO [AFTER AVG]
2022-02-05 23:10:43,543 INFO Server -> Train: Loss 0.072 | Accuracy = 98.150
2022-02-05 23:10:43,543 INFO Server -> Train: Loss 0.072 | Accuracy = 98.150
2022-02-05 23:10:43,544 INFO ROUND 199
2022-02-05 23:10:43,544 INFO ROUND 199
2022-02-05 23:11:52,807 INFO [AFTER AVG]
2022-02-05 23:11:52,807 INFO [AFTER AVG]
2022-02-05 23:12:08,737 INFO Server -> Train: Loss 0.060 | Accuracy = 98.586
2022-02-05 23:12:08,737 INFO Server -> Train: Loss 0.060 | Accuracy = 98.586
2022-02-05 23:12:08,738 INFO ROUND 200
2022-02-05 23:12:08,738 INFO ROUND 200
2022-02-05 23:13:17,888 INFO [AFTER AVG]
2022-02-05 23:13:17,888 INFO [AFTER AVG]
2022-02-05 23:13:33,464 INFO Server -> Train: Loss 0.064 | Accuracy = 98.476
2022-02-05 23:13:33,464 INFO Server -> Train: Loss 0.064 | Accuracy = 98.476
2022-02-05 23:13:33,464 INFO ROUND 201
2022-02-05 23:13:33,464 INFO ROUND 201
2022-02-05 23:14:42,483 INFO [AFTER AVG]
2022-02-05 23:14:42,483 INFO [AFTER AVG]
2022-02-05 23:14:57,992 INFO Server -> Train: Loss 0.081 | Accuracy = 97.514
2022-02-05 23:14:57,992 INFO Server -> Train: Loss 0.081 | Accuracy = 97.514
2022-02-05 23:14:57,993 INFO ROUND 202
2022-02-05 23:14:57,993 INFO ROUND 202
2022-02-05 23:16:06,886 INFO [AFTER AVG]
2022-02-05 23:16:06,886 INFO [AFTER AVG]
2022-02-05 23:16:22,283 INFO Server -> Train: Loss 0.080 | Accuracy = 97.848
2022-02-05 23:16:22,283 INFO Server -> Train: Loss 0.080 | Accuracy = 97.848
2022-02-05 23:16:22,284 INFO ROUND 203
2022-02-05 23:16:22,284 INFO ROUND 203
2022-02-05 23:17:30,561 INFO [AFTER AVG]
2022-02-05 23:17:30,561 INFO [AFTER AVG]
2022-02-05 23:17:45,987 INFO Server -> Train: Loss 0.082 | Accuracy = 97.524
2022-02-05 23:17:45,987 INFO Server -> Train: Loss 0.082 | Accuracy = 97.524
2022-02-05 23:17:45,988 INFO ROUND 204
2022-02-05 23:17:45,988 INFO ROUND 204
2022-02-05 23:18:54,694 INFO [AFTER AVG]
2022-02-05 23:18:54,694 INFO [AFTER AVG]
2022-02-05 23:19:10,152 INFO Server -> Train: Loss 0.077 | Accuracy = 98.036
2022-02-05 23:19:10,152 INFO Server -> Train: Loss 0.077 | Accuracy = 98.036
2022-02-05 23:19:10,153 INFO ROUND 205
2022-02-05 23:19:10,153 INFO ROUND 205
2022-02-05 23:20:19,337 INFO [AFTER AVG]
2022-02-05 23:20:19,337 INFO [AFTER AVG]
2022-02-05 23:20:34,625 INFO Server -> Train: Loss 0.067 | Accuracy = 98.240
2022-02-05 23:20:34,625 INFO Server -> Train: Loss 0.067 | Accuracy = 98.240
2022-02-05 23:20:34,626 INFO ROUND 206
2022-02-05 23:20:34,626 INFO ROUND 206
2022-02-05 23:21:44,117 INFO [AFTER AVG]
2022-02-05 23:21:44,117 INFO [AFTER AVG]
2022-02-05 23:21:59,971 INFO Server -> Train: Loss 0.055 | Accuracy = 98.844
2022-02-05 23:21:59,971 INFO Server -> Train: Loss 0.055 | Accuracy = 98.844
2022-02-05 23:21:59,973 INFO ROUND 207
2022-02-05 23:21:59,973 INFO ROUND 207
2022-02-05 23:23:09,968 INFO [AFTER AVG]
2022-02-05 23:23:09,968 INFO [AFTER AVG]
2022-02-05 23:23:25,471 INFO Server -> Train: Loss 0.059 | Accuracy = 98.520
2022-02-05 23:23:25,471 INFO Server -> Train: Loss 0.059 | Accuracy = 98.520
2022-02-05 23:23:25,473 INFO ROUND 208
2022-02-05 23:23:25,473 INFO ROUND 208
2022-02-05 23:24:35,443 INFO [AFTER AVG]
2022-02-05 23:24:35,443 INFO [AFTER AVG]
2022-02-05 23:24:51,015 INFO Server -> Train: Loss 0.055 | Accuracy = 98.836
2022-02-05 23:24:51,015 INFO Server -> Train: Loss 0.055 | Accuracy = 98.836
2022-02-05 23:24:51,017 INFO ROUND 209
2022-02-05 23:24:51,017 INFO ROUND 209
2022-02-05 23:26:01,051 INFO [AFTER AVG]
2022-02-05 23:26:01,051 INFO [AFTER AVG]
2022-02-05 23:26:16,425 INFO Server -> Train: Loss 0.054 | Accuracy = 98.804
2022-02-05 23:26:16,425 INFO Server -> Train: Loss 0.054 | Accuracy = 98.804
2022-02-05 23:26:16,426 INFO ROUND 210
2022-02-05 23:26:16,426 INFO ROUND 210
2022-02-05 23:27:26,582 INFO [AFTER AVG]
2022-02-05 23:27:26,582 INFO [AFTER AVG]
2022-02-05 23:27:41,998 INFO Server -> Train: Loss 0.050 | Accuracy = 99.026
2022-02-05 23:27:41,998 INFO Server -> Train: Loss 0.050 | Accuracy = 99.026
2022-02-05 23:27:45,556 INFO Server -> Test: Loss 1.504 | Accuracy = 71.050
2022-02-05 23:27:45,556 INFO Server -> Test: Loss 1.504 | Accuracy = 71.050
2022-02-05 23:27:45,621 INFO ROUND 211
2022-02-05 23:27:45,621 INFO ROUND 211
2022-02-05 23:28:56,185 INFO [AFTER AVG]
2022-02-05 23:28:56,185 INFO [AFTER AVG]
2022-02-05 23:29:11,597 INFO Server -> Train: Loss 0.056 | Accuracy = 98.746
2022-02-05 23:29:11,597 INFO Server -> Train: Loss 0.056 | Accuracy = 98.746
2022-02-05 23:29:11,599 INFO ROUND 212
2022-02-05 23:29:11,599 INFO ROUND 212
2022-02-05 23:30:24,491 INFO [AFTER AVG]
2022-02-05 23:30:24,491 INFO [AFTER AVG]
2022-02-05 23:30:40,578 INFO Server -> Train: Loss 0.066 | Accuracy = 98.088
2022-02-05 23:30:40,578 INFO Server -> Train: Loss 0.066 | Accuracy = 98.088
2022-02-05 23:30:40,579 INFO ROUND 213
2022-02-05 23:30:40,579 INFO ROUND 213
2022-02-05 23:31:52,847 INFO [AFTER AVG]
2022-02-05 23:31:52,847 INFO [AFTER AVG]
2022-02-05 23:32:08,860 INFO Server -> Train: Loss 0.051 | Accuracy = 98.962
2022-02-05 23:32:08,860 INFO Server -> Train: Loss 0.051 | Accuracy = 98.962
2022-02-05 23:32:08,862 INFO ROUND 214
2022-02-05 23:32:08,862 INFO ROUND 214
2022-02-05 23:33:21,830 INFO [AFTER AVG]
2022-02-05 23:33:21,830 INFO [AFTER AVG]
2022-02-05 23:33:37,849 INFO Server -> Train: Loss 0.048 | Accuracy = 99.080
2022-02-05 23:33:37,849 INFO Server -> Train: Loss 0.048 | Accuracy = 99.080
2022-02-05 23:33:37,851 INFO ROUND 215
2022-02-05 23:33:37,851 INFO ROUND 215
2022-02-05 23:34:50,553 INFO [AFTER AVG]
2022-02-05 23:34:50,553 INFO [AFTER AVG]
2022-02-05 23:35:06,395 INFO Server -> Train: Loss 0.049 | Accuracy = 98.898
2022-02-05 23:35:06,395 INFO Server -> Train: Loss 0.049 | Accuracy = 98.898
2022-02-05 23:35:06,396 INFO ROUND 216
2022-02-05 23:35:06,396 INFO ROUND 216
2022-02-05 23:36:20,248 INFO [AFTER AVG]
2022-02-05 23:36:20,248 INFO [AFTER AVG]
2022-02-05 23:36:36,073 INFO Server -> Train: Loss 0.049 | Accuracy = 98.970
2022-02-05 23:36:36,073 INFO Server -> Train: Loss 0.049 | Accuracy = 98.970
2022-02-05 23:36:36,075 INFO ROUND 217
2022-02-05 23:36:36,075 INFO ROUND 217
2022-02-05 23:37:49,995 INFO [AFTER AVG]
2022-02-05 23:37:49,995 INFO [AFTER AVG]
2022-02-05 23:38:05,934 INFO Server -> Train: Loss 0.047 | Accuracy = 99.056
2022-02-05 23:38:05,934 INFO Server -> Train: Loss 0.047 | Accuracy = 99.056
2022-02-05 23:38:05,935 INFO ROUND 218
2022-02-05 23:38:05,935 INFO ROUND 218
2022-02-05 23:39:19,870 INFO [AFTER AVG]
2022-02-05 23:39:19,870 INFO [AFTER AVG]
2022-02-05 23:39:35,621 INFO Server -> Train: Loss 0.052 | Accuracy = 98.844
2022-02-05 23:39:35,621 INFO Server -> Train: Loss 0.052 | Accuracy = 98.844
2022-02-05 23:39:35,623 INFO ROUND 219
2022-02-05 23:39:35,623 INFO ROUND 219
2022-02-05 23:40:49,288 INFO [AFTER AVG]
2022-02-05 23:40:49,288 INFO [AFTER AVG]
2022-02-05 23:41:05,079 INFO Server -> Train: Loss 0.047 | Accuracy = 99.082
2022-02-05 23:41:05,079 INFO Server -> Train: Loss 0.047 | Accuracy = 99.082
2022-02-05 23:41:05,081 INFO ROUND 220
2022-02-05 23:41:05,081 INFO ROUND 220
2022-02-05 23:42:18,602 INFO [AFTER AVG]
2022-02-05 23:42:18,602 INFO [AFTER AVG]
2022-02-05 23:42:34,351 INFO Server -> Train: Loss 0.048 | Accuracy = 98.978
2022-02-05 23:42:34,351 INFO Server -> Train: Loss 0.048 | Accuracy = 98.978
2022-02-05 23:42:34,352 INFO ROUND 221
2022-02-05 23:42:34,352 INFO ROUND 221
2022-02-05 23:43:47,715 INFO [AFTER AVG]
2022-02-05 23:43:47,715 INFO [AFTER AVG]
2022-02-05 23:44:03,315 INFO Server -> Train: Loss 0.053 | Accuracy = 98.794
2022-02-05 23:44:03,315 INFO Server -> Train: Loss 0.053 | Accuracy = 98.794
2022-02-05 23:44:03,316 INFO ROUND 222
2022-02-05 23:44:03,316 INFO ROUND 222
2022-02-05 23:45:15,939 INFO [AFTER AVG]
2022-02-05 23:45:15,939 INFO [AFTER AVG]
2022-02-05 23:45:31,497 INFO Server -> Train: Loss 0.048 | Accuracy = 99.020
2022-02-05 23:45:31,497 INFO Server -> Train: Loss 0.048 | Accuracy = 99.020
2022-02-05 23:45:31,498 INFO ROUND 223
2022-02-05 23:45:31,498 INFO ROUND 223
2022-02-05 23:46:45,251 INFO [AFTER AVG]
2022-02-05 23:46:45,251 INFO [AFTER AVG]
2022-02-05 23:47:01,205 INFO Server -> Train: Loss 0.044 | Accuracy = 99.096
2022-02-05 23:47:01,205 INFO Server -> Train: Loss 0.044 | Accuracy = 99.096
2022-02-05 23:47:01,207 INFO ROUND 224
2022-02-05 23:47:01,207 INFO ROUND 224
2022-02-05 23:48:16,277 INFO [AFTER AVG]
2022-02-05 23:48:16,277 INFO [AFTER AVG]
2022-02-05 23:48:32,302 INFO Server -> Train: Loss 0.047 | Accuracy = 98.992
2022-02-05 23:48:32,302 INFO Server -> Train: Loss 0.047 | Accuracy = 98.992
2022-02-05 23:48:32,303 INFO ROUND 225
2022-02-05 23:48:32,303 INFO ROUND 225
2022-02-05 23:49:47,461 INFO [AFTER AVG]
2022-02-05 23:49:47,461 INFO [AFTER AVG]
2022-02-05 23:50:03,539 INFO Server -> Train: Loss 0.058 | Accuracy = 98.498
2022-02-05 23:50:03,539 INFO Server -> Train: Loss 0.058 | Accuracy = 98.498
2022-02-05 23:50:07,238 INFO Server -> Test: Loss 1.552 | Accuracy = 71.210
2022-02-05 23:50:07,238 INFO Server -> Test: Loss 1.552 | Accuracy = 71.210
2022-02-05 23:50:07,307 INFO ROUND 226
2022-02-05 23:50:07,307 INFO ROUND 226
