2022-02-05 19:19:51,553 INFO ('Client samples sizes:', array([1000, 1000, 1000, 1000, 1000, 1000, 1000, 1000, 1000, 1000, 1000,
       1000, 1000, 1000, 1000, 1000, 1000, 1000, 1000, 1000, 1000, 1000,
       1000, 1000, 1000, 1000, 1000, 1000, 1000, 1000, 1000, 1000, 1000,
       1000, 1000, 1000, 1000, 1000, 1000, 1000, 1000, 1000, 1000, 1000,
       1000, 1000, 1000, 1000, 1000, 1000]), 'total:', 50000)
2022-02-05 19:20:24,015 INFO ROUND 1
2022-02-05 19:20:37,628 INFO [AFTER AVG]
2022-02-05 19:20:47,893 INFO Server -> Train: Loss 2.291 | Accuracy = 10.000
2022-02-05 19:20:47,894 INFO ROUND 2
2022-02-05 19:21:01,333 INFO [AFTER AVG]
2022-02-05 19:21:11,714 INFO Server -> Train: Loss 2.256 | Accuracy = 17.254
2022-02-05 19:21:11,714 INFO ROUND 3
2022-02-05 19:21:25,064 INFO [AFTER AVG]
2022-02-05 19:21:35,488 INFO Server -> Train: Loss 2.176 | Accuracy = 18.624
2022-02-05 19:21:35,489 INFO ROUND 4
2022-02-05 19:21:49,061 INFO [AFTER AVG]
2022-02-05 19:21:59,438 INFO Server -> Train: Loss 2.084 | Accuracy = 23.926
2022-02-05 19:21:59,438 INFO ROUND 5
2022-02-05 19:22:12,844 INFO [AFTER AVG]
2022-02-05 19:22:23,095 INFO Server -> Train: Loss 2.014 | Accuracy = 28.180
2022-02-05 19:22:23,095 INFO ROUND 6
2022-02-05 19:22:36,478 INFO [AFTER AVG]
2022-02-05 19:22:46,693 INFO Server -> Train: Loss 1.972 | Accuracy = 28.642
2022-02-05 19:22:46,694 INFO ROUND 7
2022-02-05 19:23:00,009 INFO [AFTER AVG]
2022-02-05 19:23:10,218 INFO Server -> Train: Loss 1.942 | Accuracy = 29.840
2022-02-05 19:23:10,218 INFO ROUND 8
2022-02-05 19:23:23,647 INFO [AFTER AVG]
2022-02-05 19:23:33,878 INFO Server -> Train: Loss 1.913 | Accuracy = 30.792
2022-02-05 19:23:33,879 INFO ROUND 9
2022-02-05 19:23:47,329 INFO [AFTER AVG]
2022-02-05 19:23:57,485 INFO Server -> Train: Loss 1.879 | Accuracy = 32.486
2022-02-05 19:23:57,486 INFO ROUND 10
2022-02-05 19:24:10,807 INFO [AFTER AVG]
2022-02-05 19:24:21,027 INFO Server -> Train: Loss 1.852 | Accuracy = 33.078
2022-02-05 19:24:21,027 INFO ROUND 11
2022-02-05 19:24:34,391 INFO [AFTER AVG]
2022-02-05 19:24:44,537 INFO Server -> Train: Loss 1.827 | Accuracy = 32.148
2022-02-05 19:24:44,538 INFO ROUND 12
2022-02-05 19:24:58,051 INFO [AFTER AVG]
2022-02-05 19:25:08,071 INFO Server -> Train: Loss 1.790 | Accuracy = 35.420
2022-02-05 19:25:08,071 INFO ROUND 13
2022-02-05 19:25:21,501 INFO [AFTER AVG]
2022-02-05 19:25:31,630 INFO Server -> Train: Loss 1.755 | Accuracy = 36.402
2022-02-05 19:25:31,630 INFO ROUND 14
2022-02-05 19:25:44,956 INFO [AFTER AVG]
2022-02-05 19:25:55,270 INFO Server -> Train: Loss 1.736 | Accuracy = 36.764
2022-02-05 19:25:55,271 INFO ROUND 15
2022-02-05 19:26:08,856 INFO [AFTER AVG]
2022-02-05 19:26:19,025 INFO Server -> Train: Loss 1.708 | Accuracy = 36.980
2022-02-05 19:26:21,149 INFO Server -> Test: Loss 1.703 | Accuracy = 37.230
2022-02-05 19:26:21,194 INFO ROUND 16
2022-02-05 19:26:34,584 INFO [AFTER AVG]
2022-02-05 19:26:44,733 INFO Server -> Train: Loss 1.694 | Accuracy = 37.244
2022-02-05 19:26:44,734 INFO ROUND 17
2022-02-05 19:26:58,094 INFO [AFTER AVG]
2022-02-05 19:27:08,184 INFO Server -> Train: Loss 1.672 | Accuracy = 38.730
2022-02-05 19:27:08,185 INFO ROUND 18
2022-02-05 19:27:21,604 INFO [AFTER AVG]
2022-02-05 19:27:31,621 INFO Server -> Train: Loss 1.645 | Accuracy = 40.478
2022-02-05 19:27:31,621 INFO ROUND 19
2022-02-05 19:27:45,023 INFO [AFTER AVG]
2022-02-05 19:27:55,078 INFO Server -> Train: Loss 1.611 | Accuracy = 41.814
2022-02-05 19:27:55,079 INFO ROUND 20
2022-02-05 19:28:08,600 INFO [AFTER AVG]
2022-02-05 19:28:18,772 INFO Server -> Train: Loss 1.582 | Accuracy = 42.972
2022-02-05 19:28:18,772 INFO ROUND 21
2022-02-05 19:28:32,271 INFO [AFTER AVG]
2022-02-05 19:28:42,396 INFO Server -> Train: Loss 1.572 | Accuracy = 42.376
2022-02-05 19:28:42,399 INFO ROUND 22
2022-02-05 19:28:55,958 INFO [AFTER AVG]
2022-02-05 19:29:05,828 INFO Server -> Train: Loss 1.557 | Accuracy = 44.166
2022-02-05 19:29:05,829 INFO ROUND 23
2022-02-05 19:29:19,399 INFO [AFTER AVG]
2022-02-05 19:29:29,186 INFO Server -> Train: Loss 1.530 | Accuracy = 44.494
2022-02-05 19:29:29,187 INFO ROUND 24
2022-02-05 19:29:42,573 INFO [AFTER AVG]
2022-02-05 19:29:52,654 INFO Server -> Train: Loss 1.527 | Accuracy = 44.558
2022-02-05 19:29:52,654 INFO ROUND 25
2022-02-05 19:30:06,149 INFO [AFTER AVG]
2022-02-05 19:30:16,016 INFO Server -> Train: Loss 1.518 | Accuracy = 43.988
2022-02-05 19:30:16,017 INFO ROUND 26
2022-02-05 19:30:29,491 INFO [AFTER AVG]
2022-02-05 19:30:39,345 INFO Server -> Train: Loss 1.498 | Accuracy = 45.836
2022-02-05 19:30:39,346 INFO ROUND 27
2022-02-05 19:30:52,708 INFO [AFTER AVG]
2022-02-05 19:31:02,780 INFO Server -> Train: Loss 1.499 | Accuracy = 45.350
2022-02-05 19:31:02,781 INFO ROUND 28
2022-02-05 19:31:16,293 INFO [AFTER AVG]
2022-02-05 19:31:26,223 INFO Server -> Train: Loss 1.473 | Accuracy = 46.238
2022-02-05 19:31:26,224 INFO ROUND 29
2022-02-05 19:31:39,826 INFO [AFTER AVG]
2022-02-05 19:31:49,892 INFO Server -> Train: Loss 1.478 | Accuracy = 46.526
2022-02-05 19:31:49,893 INFO ROUND 30
2022-02-05 19:32:04,550 INFO [AFTER AVG]
2022-02-05 19:32:14,398 INFO Server -> Train: Loss 1.444 | Accuracy = 47.676
2022-02-05 19:32:16,504 INFO Server -> Test: Loss 1.447 | Accuracy = 47.760
2022-02-05 19:32:16,570 INFO ROUND 31
2022-02-05 19:32:30,166 INFO [AFTER AVG]
2022-02-05 19:32:39,870 INFO Server -> Train: Loss 1.431 | Accuracy = 48.658
2022-02-05 19:32:39,871 INFO ROUND 32
2022-02-05 19:32:53,664 INFO [AFTER AVG]
2022-02-05 19:33:03,665 INFO Server -> Train: Loss 1.426 | Accuracy = 48.602
2022-02-05 19:33:03,665 INFO ROUND 33
2022-02-05 19:33:17,194 INFO [AFTER AVG]
2022-02-05 19:33:26,984 INFO Server -> Train: Loss 1.411 | Accuracy = 49.360
2022-02-05 19:33:26,985 INFO ROUND 34
2022-02-05 19:33:40,646 INFO [AFTER AVG]
2022-02-05 19:33:50,491 INFO Server -> Train: Loss 1.424 | Accuracy = 48.114
2022-02-05 19:33:50,491 INFO ROUND 35
2022-02-05 19:34:04,081 INFO [AFTER AVG]
2022-02-05 19:34:14,010 INFO Server -> Train: Loss 1.392 | Accuracy = 49.756
2022-02-05 19:34:14,010 INFO ROUND 36
2022-02-05 19:34:27,599 INFO [AFTER AVG]
2022-02-05 19:34:37,401 INFO Server -> Train: Loss 1.412 | Accuracy = 48.190
2022-02-05 19:34:37,402 INFO ROUND 37
2022-02-05 19:34:51,169 INFO [AFTER AVG]
2022-02-05 19:35:01,157 INFO Server -> Train: Loss 1.398 | Accuracy = 49.496
2022-02-05 19:35:01,157 INFO ROUND 38
2022-02-05 19:35:14,801 INFO [AFTER AVG]
2022-02-05 19:35:24,820 INFO Server -> Train: Loss 1.407 | Accuracy = 48.804
2022-02-05 19:35:24,820 INFO ROUND 39
2022-02-05 19:35:38,521 INFO [AFTER AVG]
2022-02-05 19:35:48,379 INFO Server -> Train: Loss 1.377 | Accuracy = 50.730
2022-02-05 19:35:48,379 INFO ROUND 40
2022-02-05 19:36:01,992 INFO [AFTER AVG]
2022-02-05 19:36:11,943 INFO Server -> Train: Loss 1.350 | Accuracy = 51.234
2022-02-05 19:36:11,944 INFO ROUND 41
2022-02-05 19:36:25,863 INFO [AFTER AVG]
2022-02-05 19:36:35,699 INFO Server -> Train: Loss 1.342 | Accuracy = 51.620
2022-02-05 19:36:35,700 INFO ROUND 42
2022-02-05 19:36:49,590 INFO [AFTER AVG]
2022-02-05 19:36:59,639 INFO Server -> Train: Loss 1.364 | Accuracy = 50.716
2022-02-05 19:36:59,639 INFO ROUND 43
2022-02-05 19:37:13,471 INFO [AFTER AVG]
2022-02-05 19:37:23,285 INFO Server -> Train: Loss 1.335 | Accuracy = 52.332
2022-02-05 19:37:23,285 INFO ROUND 44
2022-02-05 19:37:37,013 INFO [AFTER AVG]
2022-02-05 19:37:46,836 INFO Server -> Train: Loss 1.323 | Accuracy = 52.316
2022-02-05 19:37:46,837 INFO ROUND 45
2022-02-05 19:38:00,639 INFO [AFTER AVG]
2022-02-05 19:38:10,554 INFO Server -> Train: Loss 1.329 | Accuracy = 52.182
2022-02-05 19:38:12,674 INFO Server -> Test: Loss 1.341 | Accuracy = 51.800
2022-02-05 19:38:12,735 INFO ROUND 46
2022-02-05 19:38:26,505 INFO [AFTER AVG]
2022-02-05 19:38:36,368 INFO Server -> Train: Loss 1.317 | Accuracy = 52.362
2022-02-05 19:38:36,369 INFO ROUND 47
2022-02-05 19:38:50,231 INFO [AFTER AVG]
2022-02-05 19:39:00,098 INFO Server -> Train: Loss 1.327 | Accuracy = 51.938
2022-02-05 19:39:00,100 INFO ROUND 48
2022-02-05 19:39:14,257 INFO [AFTER AVG]
2022-02-05 19:39:24,104 INFO Server -> Train: Loss 1.308 | Accuracy = 52.874
2022-02-05 19:39:24,105 INFO ROUND 49
2022-02-05 19:39:38,137 INFO [AFTER AVG]
2022-02-05 19:39:47,995 INFO Server -> Train: Loss 1.284 | Accuracy = 54.122
2022-02-05 19:39:47,996 INFO ROUND 50
2022-02-05 19:40:02,053 INFO [AFTER AVG]
2022-02-05 19:40:11,917 INFO Server -> Train: Loss 1.299 | Accuracy = 52.616
2022-02-05 19:40:11,917 INFO ROUND 51
2022-02-05 19:40:25,864 INFO [AFTER AVG]
2022-02-05 19:40:35,855 INFO Server -> Train: Loss 1.279 | Accuracy = 54.084
2022-02-05 19:40:35,855 INFO ROUND 52
2022-02-05 19:40:49,816 INFO [AFTER AVG]
2022-02-05 19:40:59,642 INFO Server -> Train: Loss 1.257 | Accuracy = 55.216
2022-02-05 19:40:59,642 INFO ROUND 53
2022-02-05 19:41:13,741 INFO [AFTER AVG]
2022-02-05 19:41:23,649 INFO Server -> Train: Loss 1.271 | Accuracy = 54.114
2022-02-05 19:41:23,649 INFO ROUND 54
2022-02-05 19:41:37,642 INFO [AFTER AVG]
2022-02-05 19:41:47,423 INFO Server -> Train: Loss 1.245 | Accuracy = 55.270
2022-02-05 19:41:47,424 INFO ROUND 55
2022-02-05 19:42:01,632 INFO [AFTER AVG]
2022-02-05 19:42:11,486 INFO Server -> Train: Loss 1.241 | Accuracy = 55.328
2022-02-05 19:42:11,487 INFO ROUND 56
2022-02-05 19:42:25,577 INFO [AFTER AVG]
2022-02-05 19:42:35,399 INFO Server -> Train: Loss 1.242 | Accuracy = 55.098
2022-02-05 19:42:35,400 INFO ROUND 57
2022-02-05 19:42:49,500 INFO [AFTER AVG]
2022-02-05 19:42:59,297 INFO Server -> Train: Loss 1.232 | Accuracy = 55.846
2022-02-05 19:42:59,297 INFO ROUND 58
2022-02-05 19:43:13,431 INFO [AFTER AVG]
2022-02-05 19:43:23,274 INFO Server -> Train: Loss 1.212 | Accuracy = 56.686
2022-02-05 19:43:23,275 INFO ROUND 59
2022-02-05 19:43:37,517 INFO [AFTER AVG]
2022-02-05 19:43:47,315 INFO Server -> Train: Loss 1.202 | Accuracy = 57.178
2022-02-05 19:43:47,316 INFO ROUND 60
2022-02-05 19:44:01,644 INFO [AFTER AVG]
2022-02-05 19:44:11,680 INFO Server -> Train: Loss 1.189 | Accuracy = 57.672
2022-02-05 19:44:13,807 INFO Server -> Test: Loss 1.212 | Accuracy = 56.970
2022-02-05 19:44:13,858 INFO ROUND 61
2022-02-05 19:44:28,164 INFO [AFTER AVG]
2022-02-05 19:44:38,068 INFO Server -> Train: Loss 1.187 | Accuracy = 57.782
2022-02-05 19:44:38,068 INFO ROUND 62
2022-02-05 19:44:52,502 INFO [AFTER AVG]
2022-02-05 19:45:02,319 INFO Server -> Train: Loss 1.205 | Accuracy = 56.710
2022-02-05 19:45:02,320 INFO ROUND 63
2022-02-05 19:45:16,604 INFO [AFTER AVG]
2022-02-05 19:45:26,334 INFO Server -> Train: Loss 1.185 | Accuracy = 58.016
2022-02-05 19:45:26,335 INFO ROUND 64
2022-02-05 19:45:40,664 INFO [AFTER AVG]
2022-02-05 19:45:50,498 INFO Server -> Train: Loss 1.175 | Accuracy = 57.914
2022-02-05 19:45:50,499 INFO ROUND 65
2022-02-05 19:46:04,914 INFO [AFTER AVG]
2022-02-05 19:46:14,834 INFO Server -> Train: Loss 1.163 | Accuracy = 59.090
2022-02-05 19:46:14,835 INFO ROUND 66
2022-02-05 19:46:29,360 INFO [AFTER AVG]
2022-02-05 19:46:39,297 INFO Server -> Train: Loss 1.158 | Accuracy = 59.014
2022-02-05 19:46:39,297 INFO ROUND 67
2022-02-05 19:46:53,997 INFO [AFTER AVG]
2022-02-05 19:47:03,731 INFO Server -> Train: Loss 1.158 | Accuracy = 58.814
2022-02-05 19:47:03,732 INFO ROUND 68
2022-02-05 19:47:18,107 INFO [AFTER AVG]
2022-02-05 19:47:28,025 INFO Server -> Train: Loss 1.144 | Accuracy = 59.662
2022-02-05 19:47:28,025 INFO ROUND 69
2022-02-05 19:47:42,587 INFO [AFTER AVG]
2022-02-05 19:47:52,339 INFO Server -> Train: Loss 1.136 | Accuracy = 59.596
2022-02-05 19:47:52,340 INFO ROUND 70
2022-02-05 19:48:07,043 INFO [AFTER AVG]
2022-02-05 19:48:16,806 INFO Server -> Train: Loss 1.137 | Accuracy = 59.880
2022-02-05 19:48:16,806 INFO ROUND 71
2022-02-05 19:48:31,375 INFO [AFTER AVG]
2022-02-05 19:48:41,102 INFO Server -> Train: Loss 1.122 | Accuracy = 60.450
2022-02-05 19:48:41,102 INFO ROUND 72
2022-02-05 19:48:55,758 INFO [AFTER AVG]
2022-02-05 19:49:05,538 INFO Server -> Train: Loss 1.130 | Accuracy = 60.082
2022-02-05 19:49:05,538 INFO ROUND 73
2022-02-05 19:49:20,073 INFO [AFTER AVG]
2022-02-05 19:49:29,833 INFO Server -> Train: Loss 1.113 | Accuracy = 60.480
2022-02-05 19:49:29,833 INFO ROUND 74
2022-02-05 19:49:44,540 INFO [AFTER AVG]
2022-02-05 19:49:54,284 INFO Server -> Train: Loss 1.110 | Accuracy = 60.962
2022-02-05 19:49:54,284 INFO ROUND 75
2022-02-05 19:50:09,222 INFO [AFTER AVG]
2022-02-05 19:50:19,134 INFO Server -> Train: Loss 1.090 | Accuracy = 61.602
2022-02-05 19:50:21,229 INFO Server -> Test: Loss 1.125 | Accuracy = 59.950
2022-02-05 19:50:21,276 INFO ROUND 76
2022-02-05 19:50:35,996 INFO [AFTER AVG]
2022-02-05 19:50:45,863 INFO Server -> Train: Loss 1.092 | Accuracy = 61.242
2022-02-05 19:50:45,863 INFO ROUND 77
2022-02-05 19:51:00,490 INFO [AFTER AVG]
2022-02-05 19:51:10,273 INFO Server -> Train: Loss 1.083 | Accuracy = 62.114
2022-02-05 19:51:10,274 INFO ROUND 78
2022-02-05 19:51:25,140 INFO [AFTER AVG]
2022-02-05 19:51:34,931 INFO Server -> Train: Loss 1.085 | Accuracy = 61.668
2022-02-05 19:51:34,932 INFO ROUND 79
2022-02-05 19:51:49,940 INFO [AFTER AVG]
2022-02-05 19:51:59,685 INFO Server -> Train: Loss 1.067 | Accuracy = 62.436
2022-02-05 19:51:59,686 INFO ROUND 80
2022-02-05 19:52:14,683 INFO [AFTER AVG]
2022-02-05 19:52:24,544 INFO Server -> Train: Loss 1.065 | Accuracy = 62.344
2022-02-05 19:52:24,544 INFO ROUND 81
2022-02-05 19:52:39,405 INFO [AFTER AVG]
2022-02-05 19:52:49,120 INFO Server -> Train: Loss 1.059 | Accuracy = 62.832
2022-02-05 19:52:49,120 INFO ROUND 82
2022-02-05 19:53:04,051 INFO [AFTER AVG]
2022-02-05 19:53:13,813 INFO Server -> Train: Loss 1.055 | Accuracy = 62.754
2022-02-05 19:53:13,814 INFO ROUND 83
2022-02-05 19:53:28,873 INFO [AFTER AVG]
2022-02-05 19:53:38,714 INFO Server -> Train: Loss 1.049 | Accuracy = 63.200
2022-02-05 19:53:38,714 INFO ROUND 84
2022-02-05 19:53:53,586 INFO [AFTER AVG]
2022-02-05 19:54:03,398 INFO Server -> Train: Loss 1.041 | Accuracy = 63.074
2022-02-05 19:54:03,398 INFO ROUND 85
2022-02-05 19:54:19,438 INFO [AFTER AVG]
2022-02-05 19:54:29,259 INFO Server -> Train: Loss 1.054 | Accuracy = 62.518
2022-02-05 19:54:29,259 INFO ROUND 86
2022-02-05 19:54:44,407 INFO [AFTER AVG]
2022-02-05 19:54:54,276 INFO Server -> Train: Loss 1.025 | Accuracy = 64.176
2022-02-05 19:54:54,277 INFO ROUND 87
2022-02-05 19:55:09,641 INFO [AFTER AVG]
2022-02-05 19:55:19,484 INFO Server -> Train: Loss 1.016 | Accuracy = 64.292
2022-02-05 19:55:19,485 INFO ROUND 88
2022-02-05 19:55:34,558 INFO [AFTER AVG]
2022-02-05 19:55:44,483 INFO Server -> Train: Loss 1.051 | Accuracy = 62.524
2022-02-05 19:55:44,484 INFO ROUND 89
2022-02-05 19:55:59,433 INFO [AFTER AVG]
2022-02-05 19:56:09,432 INFO Server -> Train: Loss 1.015 | Accuracy = 64.458
2022-02-05 19:56:09,432 INFO ROUND 90
2022-02-05 19:56:24,598 INFO [AFTER AVG]
2022-02-05 19:56:34,296 INFO Server -> Train: Loss 1.008 | Accuracy = 64.724
2022-02-05 19:56:36,401 INFO Server -> Test: Loss 1.059 | Accuracy = 62.180
2022-02-05 19:56:36,449 INFO ROUND 91
2022-02-05 19:56:51,886 INFO [AFTER AVG]
2022-02-05 19:57:01,784 INFO Server -> Train: Loss 1.020 | Accuracy = 64.134
2022-02-05 19:57:01,785 INFO ROUND 92
2022-02-05 19:57:17,015 INFO [AFTER AVG]
2022-02-05 19:57:26,972 INFO Server -> Train: Loss 1.016 | Accuracy = 64.188
2022-02-05 19:57:26,973 INFO ROUND 93
2022-02-05 19:57:42,099 INFO [AFTER AVG]
2022-02-05 19:57:52,006 INFO Server -> Train: Loss 1.007 | Accuracy = 64.240
2022-02-05 19:57:52,007 INFO ROUND 94
2022-02-05 19:58:07,492 INFO [AFTER AVG]
2022-02-05 19:58:17,318 INFO Server -> Train: Loss 0.985 | Accuracy = 65.200
2022-02-05 19:58:17,318 INFO ROUND 95
2022-02-05 19:58:32,755 INFO [AFTER AVG]
2022-02-05 19:58:42,444 INFO Server -> Train: Loss 1.030 | Accuracy = 62.898
2022-02-05 19:58:42,445 INFO ROUND 96
2022-02-05 19:58:57,771 INFO [AFTER AVG]
2022-02-05 19:59:07,618 INFO Server -> Train: Loss 0.978 | Accuracy = 65.912
2022-02-05 19:59:07,618 INFO ROUND 97
2022-02-05 19:59:22,881 INFO [AFTER AVG]
2022-02-05 19:59:32,713 INFO Server -> Train: Loss 0.973 | Accuracy = 65.752
2022-02-05 19:59:32,714 INFO ROUND 98
2022-02-05 19:59:47,988 INFO [AFTER AVG]
2022-02-05 19:59:57,686 INFO Server -> Train: Loss 0.973 | Accuracy = 65.872
2022-02-05 19:59:57,687 INFO ROUND 99
2022-02-05 20:00:13,262 INFO [AFTER AVG]
2022-02-05 20:00:22,972 INFO Server -> Train: Loss 0.992 | Accuracy = 64.942
2022-02-05 20:00:22,973 INFO ROUND 100
2022-02-05 20:00:38,416 INFO [AFTER AVG]
2022-02-05 20:00:48,195 INFO Server -> Train: Loss 0.955 | Accuracy = 66.912
2022-02-05 20:00:48,195 INFO ROUND 101
2022-02-05 20:01:03,731 INFO [AFTER AVG]
2022-02-05 20:01:13,641 INFO Server -> Train: Loss 0.948 | Accuracy = 66.910
2022-02-05 20:01:13,641 INFO ROUND 102
2022-02-05 20:01:29,124 INFO [AFTER AVG]
2022-02-05 20:01:38,930 INFO Server -> Train: Loss 0.951 | Accuracy = 66.534
2022-02-05 20:01:38,931 INFO ROUND 103
2022-02-05 20:01:54,602 INFO [AFTER AVG]
2022-02-05 20:02:04,203 INFO Server -> Train: Loss 0.955 | Accuracy = 66.492
2022-02-05 20:02:04,203 INFO ROUND 104
2022-02-05 20:02:19,813 INFO [AFTER AVG]
2022-02-05 20:02:29,690 INFO Server -> Train: Loss 0.936 | Accuracy = 67.524
2022-02-05 20:02:29,691 INFO ROUND 105
2022-02-05 20:02:45,223 INFO [AFTER AVG]
2022-02-05 20:02:55,003 INFO Server -> Train: Loss 0.966 | Accuracy = 65.712
2022-02-05 20:02:57,145 INFO Server -> Test: Loss 1.036 | Accuracy = 62.780
2022-02-05 20:02:57,194 INFO ROUND 106
2022-02-05 20:03:12,754 INFO [AFTER AVG]
2022-02-05 20:03:22,462 INFO Server -> Train: Loss 0.934 | Accuracy = 67.468
2022-02-05 20:03:22,463 INFO ROUND 107
2022-02-05 20:03:38,053 INFO [AFTER AVG]
2022-02-05 20:03:47,779 INFO Server -> Train: Loss 0.921 | Accuracy = 67.788
2022-02-05 20:03:47,780 INFO ROUND 108
2022-02-05 20:04:03,396 INFO [AFTER AVG]
2022-02-05 20:04:13,165 INFO Server -> Train: Loss 0.928 | Accuracy = 67.486
2022-02-05 20:04:13,165 INFO ROUND 109
2022-02-05 20:04:28,987 INFO [AFTER AVG]
2022-02-05 20:04:38,722 INFO Server -> Train: Loss 0.923 | Accuracy = 67.832
2022-02-05 20:04:38,722 INFO ROUND 110
2022-02-05 20:04:54,357 INFO [AFTER AVG]
2022-02-05 20:05:04,228 INFO Server -> Train: Loss 0.908 | Accuracy = 68.466
2022-02-05 20:05:04,228 INFO ROUND 111
2022-02-05 20:05:20,079 INFO [AFTER AVG]
2022-02-05 20:05:29,909 INFO Server -> Train: Loss 0.914 | Accuracy = 67.902
2022-02-05 20:05:29,910 INFO ROUND 112
2022-02-05 20:05:45,635 INFO [AFTER AVG]
2022-02-05 20:05:55,523 INFO Server -> Train: Loss 0.919 | Accuracy = 67.986
2022-02-05 20:05:55,523 INFO ROUND 113
2022-02-05 20:06:11,240 INFO [AFTER AVG]
2022-02-05 20:06:21,015 INFO Server -> Train: Loss 0.896 | Accuracy = 69.006
2022-02-05 20:06:21,016 INFO ROUND 114
2022-02-05 20:06:36,801 INFO [AFTER AVG]
2022-02-05 20:06:46,694 INFO Server -> Train: Loss 0.888 | Accuracy = 68.906
2022-02-05 20:06:46,694 INFO ROUND 115
2022-02-05 20:07:02,435 INFO [AFTER AVG]
2022-02-05 20:07:12,334 INFO Server -> Train: Loss 0.880 | Accuracy = 69.460
2022-02-05 20:07:12,335 INFO ROUND 116
2022-02-05 20:07:28,210 INFO [AFTER AVG]
2022-02-05 20:07:37,881 INFO Server -> Train: Loss 0.908 | Accuracy = 67.594
2022-02-05 20:07:37,882 INFO ROUND 117
2022-02-05 20:07:53,861 INFO [AFTER AVG]
2022-02-05 20:08:03,597 INFO Server -> Train: Loss 0.887 | Accuracy = 68.762
2022-02-05 20:08:03,597 INFO ROUND 118
2022-02-05 20:08:19,645 INFO [AFTER AVG]
2022-02-05 20:08:29,457 INFO Server -> Train: Loss 0.886 | Accuracy = 69.034
2022-02-05 20:08:29,457 INFO ROUND 119
2022-02-05 20:08:45,388 INFO [AFTER AVG]
2022-02-05 20:08:55,260 INFO Server -> Train: Loss 0.875 | Accuracy = 69.370
2022-02-05 20:08:55,260 INFO ROUND 120
2022-02-05 20:09:11,125 INFO [AFTER AVG]
2022-02-05 20:09:21,034 INFO Server -> Train: Loss 0.859 | Accuracy = 70.036
2022-02-05 20:09:23,189 INFO Server -> Test: Loss 0.953 | Accuracy = 66.520
2022-02-05 20:09:23,236 INFO ROUND 121
2022-02-05 20:09:39,284 INFO [AFTER AVG]
2022-02-05 20:09:48,897 INFO Server -> Train: Loss 0.901 | Accuracy = 67.746
2022-02-05 20:09:48,898 INFO ROUND 122
2022-02-05 20:10:05,092 INFO [AFTER AVG]
2022-02-05 20:10:14,966 INFO Server -> Train: Loss 0.870 | Accuracy = 69.904
2022-02-05 20:10:14,966 INFO ROUND 123
2022-02-05 20:10:31,033 INFO [AFTER AVG]
2022-02-05 20:10:40,791 INFO Server -> Train: Loss 0.871 | Accuracy = 69.352
2022-02-05 20:10:40,791 INFO ROUND 124
2022-02-05 20:10:56,856 INFO [AFTER AVG]
2022-02-05 20:11:06,622 INFO Server -> Train: Loss 0.853 | Accuracy = 70.442
2022-02-05 20:11:06,622 INFO ROUND 125
2022-02-05 20:11:22,750 INFO [AFTER AVG]
2022-02-05 20:11:32,455 INFO Server -> Train: Loss 0.844 | Accuracy = 70.650
2022-02-05 20:11:32,455 INFO ROUND 126
2022-02-05 20:11:48,841 INFO [AFTER AVG]
2022-02-05 20:11:58,394 INFO Server -> Train: Loss 0.841 | Accuracy = 70.658
2022-02-05 20:11:58,395 INFO ROUND 127
2022-02-05 20:12:14,696 INFO [AFTER AVG]
2022-02-05 20:12:24,353 INFO Server -> Train: Loss 0.840 | Accuracy = 70.764
2022-02-05 20:12:24,354 INFO ROUND 128
2022-02-05 20:12:40,618 INFO [AFTER AVG]
2022-02-05 20:12:50,236 INFO Server -> Train: Loss 0.838 | Accuracy = 70.566
2022-02-05 20:12:50,236 INFO ROUND 129
2022-02-05 20:13:06,457 INFO [AFTER AVG]
2022-02-05 20:13:16,410 INFO Server -> Train: Loss 0.824 | Accuracy = 71.318
2022-02-05 20:13:16,411 INFO ROUND 130
2022-02-05 20:13:32,724 INFO [AFTER AVG]
2022-02-05 20:13:42,470 INFO Server -> Train: Loss 0.853 | Accuracy = 69.758
2022-02-05 20:13:42,471 INFO ROUND 131
2022-02-05 20:13:58,764 INFO [AFTER AVG]
2022-02-05 20:14:08,599 INFO Server -> Train: Loss 0.819 | Accuracy = 71.560
2022-02-05 20:14:08,600 INFO ROUND 132
2022-02-05 20:14:25,093 INFO [AFTER AVG]
2022-02-05 20:14:34,827 INFO Server -> Train: Loss 0.809 | Accuracy = 72.050
2022-02-05 20:14:34,827 INFO ROUND 133
2022-02-05 20:14:51,232 INFO [AFTER AVG]
2022-02-05 20:15:01,000 INFO Server -> Train: Loss 0.830 | Accuracy = 71.088
2022-02-05 20:15:01,001 INFO ROUND 134
2022-02-05 20:15:17,323 INFO [AFTER AVG]
2022-02-05 20:15:27,185 INFO Server -> Train: Loss 0.806 | Accuracy = 71.954
2022-02-05 20:15:27,186 INFO ROUND 135
2022-02-05 20:15:43,667 INFO [AFTER AVG]
2022-02-05 20:15:53,473 INFO Server -> Train: Loss 0.809 | Accuracy = 71.512
2022-02-05 20:15:55,587 INFO Server -> Test: Loss 0.931 | Accuracy = 67.280
2022-02-05 20:15:55,634 INFO ROUND 136
2022-02-05 20:16:12,266 INFO [AFTER AVG]
2022-02-05 20:16:22,056 INFO Server -> Train: Loss 0.806 | Accuracy = 71.706
2022-02-05 20:16:22,056 INFO ROUND 137
2022-02-05 20:16:38,712 INFO [AFTER AVG]
2022-02-05 20:16:48,576 INFO Server -> Train: Loss 0.791 | Accuracy = 72.606
2022-02-05 20:16:48,576 INFO ROUND 138
2022-02-05 20:17:04,998 INFO [AFTER AVG]
2022-02-05 20:17:14,954 INFO Server -> Train: Loss 0.780 | Accuracy = 72.750
2022-02-05 20:17:14,954 INFO ROUND 139
2022-02-05 20:17:31,488 INFO [AFTER AVG]
2022-02-05 20:17:41,414 INFO Server -> Train: Loss 0.789 | Accuracy = 72.736
2022-02-05 20:17:41,414 INFO ROUND 140
2022-02-05 20:17:58,402 INFO [AFTER AVG]
2022-02-05 20:18:08,276 INFO Server -> Train: Loss 0.780 | Accuracy = 73.070
2022-02-05 20:18:08,277 INFO ROUND 141
2022-02-05 20:18:25,047 INFO [AFTER AVG]
2022-02-05 20:18:34,882 INFO Server -> Train: Loss 0.776 | Accuracy = 73.116
2022-02-05 20:18:34,882 INFO ROUND 142
2022-02-05 20:18:51,617 INFO [AFTER AVG]
2022-02-05 20:19:01,411 INFO Server -> Train: Loss 0.773 | Accuracy = 73.096
2022-02-05 20:19:01,411 INFO ROUND 143
2022-02-05 20:19:18,424 INFO [AFTER AVG]
2022-02-05 20:19:28,355 INFO Server -> Train: Loss 0.771 | Accuracy = 73.350
2022-02-05 20:19:28,356 INFO ROUND 144
2022-02-05 20:19:45,508 INFO [AFTER AVG]
2022-02-05 20:19:55,417 INFO Server -> Train: Loss 0.771 | Accuracy = 73.070
2022-02-05 20:19:55,418 INFO ROUND 145
2022-02-05 20:20:12,249 INFO [AFTER AVG]
2022-02-05 20:20:22,083 INFO Server -> Train: Loss 0.757 | Accuracy = 74.044
2022-02-05 20:20:22,083 INFO ROUND 146
2022-02-05 20:20:39,200 INFO [AFTER AVG]
2022-02-05 20:20:49,074 INFO Server -> Train: Loss 0.768 | Accuracy = 73.144
2022-02-05 20:20:49,075 INFO ROUND 147
2022-02-05 20:21:06,270 INFO [AFTER AVG]
2022-02-05 20:21:16,251 INFO Server -> Train: Loss 0.755 | Accuracy = 73.884
2022-02-05 20:21:16,253 INFO ROUND 148
2022-02-05 20:21:33,338 INFO [AFTER AVG]
2022-02-05 20:21:43,434 INFO Server -> Train: Loss 0.778 | Accuracy = 72.088
2022-02-05 20:21:43,435 INFO ROUND 149
2022-02-05 20:22:00,500 INFO [AFTER AVG]
2022-02-05 20:22:10,237 INFO Server -> Train: Loss 0.748 | Accuracy = 74.080
2022-02-05 20:22:10,238 INFO ROUND 150
2022-02-05 20:22:27,550 INFO [AFTER AVG]
2022-02-05 20:22:37,724 INFO Server -> Train: Loss 0.753 | Accuracy = 73.756
2022-02-05 20:22:40,184 INFO Server -> Test: Loss 0.903 | Accuracy = 68.390
2022-02-05 20:22:40,230 INFO ROUND 151
2022-02-05 20:22:58,370 INFO [AFTER AVG]
2022-02-05 20:23:08,219 INFO Server -> Train: Loss 0.751 | Accuracy = 73.794
2022-02-05 20:23:08,219 INFO ROUND 152
2022-02-05 20:23:25,359 INFO [AFTER AVG]
2022-02-05 20:23:35,202 INFO Server -> Train: Loss 0.735 | Accuracy = 74.620
2022-02-05 20:23:35,202 INFO ROUND 153
2022-02-05 20:23:52,414 INFO [AFTER AVG]
2022-02-05 20:24:02,396 INFO Server -> Train: Loss 0.732 | Accuracy = 74.556
2022-02-05 20:24:02,397 INFO ROUND 154
2022-02-05 20:24:19,606 INFO [AFTER AVG]
2022-02-05 20:24:29,490 INFO Server -> Train: Loss 0.721 | Accuracy = 75.006
2022-02-05 20:24:29,491 INFO ROUND 155
2022-02-05 20:24:46,670 INFO [AFTER AVG]
2022-02-05 20:24:56,670 INFO Server -> Train: Loss 0.723 | Accuracy = 75.114
2022-02-05 20:24:56,670 INFO ROUND 156
2022-02-05 20:25:13,872 INFO [AFTER AVG]
2022-02-05 20:25:23,952 INFO Server -> Train: Loss 0.718 | Accuracy = 75.174
2022-02-05 20:25:23,952 INFO ROUND 157
2022-02-05 20:25:41,145 INFO [AFTER AVG]
2022-02-05 20:25:51,021 INFO Server -> Train: Loss 0.741 | Accuracy = 73.680
2022-02-05 20:25:51,021 INFO ROUND 158
2022-02-05 20:26:08,592 INFO [AFTER AVG]
2022-02-05 20:26:18,396 INFO Server -> Train: Loss 0.717 | Accuracy = 74.874
2022-02-05 20:26:18,396 INFO ROUND 159
2022-02-05 20:26:35,827 INFO [AFTER AVG]
2022-02-05 20:26:45,905 INFO Server -> Train: Loss 0.711 | Accuracy = 75.134
2022-02-05 20:26:45,905 INFO ROUND 160
2022-02-05 20:27:03,361 INFO [AFTER AVG]
2022-02-05 20:27:13,346 INFO Server -> Train: Loss 0.706 | Accuracy = 75.532
2022-02-05 20:27:13,347 INFO ROUND 161
2022-02-05 20:27:30,896 INFO [AFTER AVG]
2022-02-05 20:27:40,924 INFO Server -> Train: Loss 0.700 | Accuracy = 75.642
2022-02-05 20:27:40,925 INFO ROUND 162
2022-02-05 20:27:58,421 INFO [AFTER AVG]
2022-02-05 20:28:08,369 INFO Server -> Train: Loss 0.700 | Accuracy = 75.730
2022-02-05 20:28:08,369 INFO ROUND 163
2022-02-05 20:28:25,820 INFO [AFTER AVG]
2022-02-05 20:28:35,738 INFO Server -> Train: Loss 0.692 | Accuracy = 76.028
2022-02-05 20:28:35,738 INFO ROUND 164
2022-02-05 20:28:53,288 INFO [AFTER AVG]
2022-02-05 20:29:03,213 INFO Server -> Train: Loss 0.681 | Accuracy = 76.606
2022-02-05 20:29:03,213 INFO ROUND 165
2022-02-05 20:29:20,955 INFO [AFTER AVG]
2022-02-05 20:29:30,779 INFO Server -> Train: Loss 0.703 | Accuracy = 75.416
2022-02-05 20:29:32,949 INFO Server -> Test: Loss 0.888 | Accuracy = 69.200
2022-02-05 20:29:32,996 INFO ROUND 166
2022-02-05 20:29:50,634 INFO [AFTER AVG]
2022-02-05 20:30:00,529 INFO Server -> Train: Loss 0.680 | Accuracy = 76.578
2022-02-05 20:30:00,530 INFO ROUND 167
2022-02-05 20:30:18,097 INFO [AFTER AVG]
2022-02-05 20:30:27,978 INFO Server -> Train: Loss 0.693 | Accuracy = 75.662
2022-02-05 20:30:27,979 INFO ROUND 168
2022-02-05 20:30:45,617 INFO [AFTER AVG]
2022-02-05 20:30:55,507 INFO Server -> Train: Loss 0.694 | Accuracy = 75.676
2022-02-05 20:30:55,507 INFO ROUND 169
2022-02-05 20:31:13,215 INFO [AFTER AVG]
2022-02-05 20:31:23,346 INFO Server -> Train: Loss 0.710 | Accuracy = 74.740
2022-02-05 20:31:23,346 INFO ROUND 170
2022-02-05 20:31:41,110 INFO [AFTER AVG]
2022-02-05 20:31:51,229 INFO Server -> Train: Loss 0.669 | Accuracy = 76.898
2022-02-05 20:31:51,230 INFO ROUND 171
2022-02-05 20:32:09,156 INFO [AFTER AVG]
2022-02-05 20:32:19,063 INFO Server -> Train: Loss 0.659 | Accuracy = 77.356
2022-02-05 20:32:19,063 INFO ROUND 172
2022-02-05 20:32:37,051 INFO [AFTER AVG]
2022-02-05 20:32:46,957 INFO Server -> Train: Loss 0.679 | Accuracy = 76.170
2022-02-05 20:32:46,958 INFO ROUND 173
2022-02-05 20:33:04,757 INFO [AFTER AVG]
2022-02-05 20:33:14,735 INFO Server -> Train: Loss 0.658 | Accuracy = 77.216
2022-02-05 20:33:14,736 INFO ROUND 174
2022-02-05 20:33:32,842 INFO [AFTER AVG]
2022-02-05 20:33:42,926 INFO Server -> Train: Loss 0.653 | Accuracy = 77.230
2022-02-05 20:33:42,927 INFO ROUND 175
2022-02-05 20:34:00,882 INFO [AFTER AVG]
2022-02-05 20:34:10,920 INFO Server -> Train: Loss 0.644 | Accuracy = 77.886
2022-02-05 20:34:10,920 INFO ROUND 176
2022-02-05 20:34:29,082 INFO [AFTER AVG]
2022-02-05 20:34:39,143 INFO Server -> Train: Loss 0.663 | Accuracy = 76.636
2022-02-05 20:34:39,143 INFO ROUND 177
2022-02-05 20:34:57,256 INFO [AFTER AVG]
2022-02-05 20:35:07,235 INFO Server -> Train: Loss 0.637 | Accuracy = 77.980
2022-02-05 20:35:07,235 INFO ROUND 178
2022-02-05 20:35:25,441 INFO [AFTER AVG]
2022-02-05 20:35:35,525 INFO Server -> Train: Loss 0.667 | Accuracy = 76.088
2022-02-05 20:35:35,525 INFO ROUND 179
2022-02-05 20:35:53,795 INFO [AFTER AVG]
2022-02-05 20:36:03,979 INFO Server -> Train: Loss 0.638 | Accuracy = 77.938
2022-02-05 20:36:03,980 INFO ROUND 180
2022-02-05 20:36:22,308 INFO [AFTER AVG]
2022-02-05 20:36:32,477 INFO Server -> Train: Loss 0.622 | Accuracy = 78.632
2022-02-05 20:36:34,724 INFO Server -> Test: Loss 0.840 | Accuracy = 70.750
2022-02-05 20:36:34,772 INFO ROUND 181
2022-02-05 20:36:53,265 INFO [AFTER AVG]
2022-02-05 20:37:03,391 INFO Server -> Train: Loss 0.627 | Accuracy = 78.158
2022-02-05 20:37:03,391 INFO ROUND 182
2022-02-05 20:37:21,489 INFO [AFTER AVG]
2022-02-05 20:37:31,723 INFO Server -> Train: Loss 0.621 | Accuracy = 78.624
2022-02-05 20:37:31,723 INFO ROUND 183
2022-02-05 20:37:49,992 INFO [AFTER AVG]
2022-02-05 20:38:00,060 INFO Server -> Train: Loss 0.629 | Accuracy = 78.008
2022-02-05 20:38:00,060 INFO ROUND 184
2022-02-05 20:38:18,486 INFO [AFTER AVG]
2022-02-05 20:38:28,493 INFO Server -> Train: Loss 0.609 | Accuracy = 78.812
2022-02-05 20:38:28,493 INFO ROUND 185
2022-02-05 20:38:46,843 INFO [AFTER AVG]
2022-02-05 20:38:56,821 INFO Server -> Train: Loss 0.603 | Accuracy = 79.154
2022-02-05 20:38:56,821 INFO ROUND 186
2022-02-05 20:39:15,286 INFO [AFTER AVG]
2022-02-05 20:39:25,364 INFO Server -> Train: Loss 0.597 | Accuracy = 79.456
2022-02-05 20:39:25,365 INFO ROUND 187
2022-02-05 20:39:44,079 INFO [AFTER AVG]
2022-02-05 20:39:54,425 INFO Server -> Train: Loss 0.603 | Accuracy = 79.080
2022-02-05 20:39:54,425 INFO ROUND 188
2022-02-05 20:40:13,915 INFO [AFTER AVG]
2022-02-05 20:40:24,716 INFO Server -> Train: Loss 0.618 | Accuracy = 78.126
2022-02-05 20:40:24,717 INFO ROUND 189
2022-02-05 20:40:43,791 INFO [AFTER AVG]
2022-02-05 20:40:53,832 INFO Server -> Train: Loss 0.598 | Accuracy = 79.462
2022-02-05 20:40:53,832 INFO ROUND 190
2022-02-05 20:41:12,275 INFO [AFTER AVG]
2022-02-05 20:41:22,393 INFO Server -> Train: Loss 0.587 | Accuracy = 79.888
2022-02-05 20:41:22,393 INFO ROUND 191
2022-02-05 20:41:41,021 INFO [AFTER AVG]
2022-02-05 20:41:51,365 INFO Server -> Train: Loss 0.593 | Accuracy = 79.384
2022-02-05 20:41:51,365 INFO ROUND 192
2022-02-05 20:42:09,870 INFO [AFTER AVG]
2022-02-05 20:42:19,740 INFO Server -> Train: Loss 0.597 | Accuracy = 79.172
2022-02-05 20:42:19,741 INFO ROUND 193
2022-02-05 20:42:38,438 INFO [AFTER AVG]
2022-02-05 20:42:48,551 INFO Server -> Train: Loss 0.586 | Accuracy = 79.814
2022-02-05 20:42:48,552 INFO ROUND 194
2022-02-05 20:43:07,229 INFO [AFTER AVG]
2022-02-05 20:43:17,334 INFO Server -> Train: Loss 0.573 | Accuracy = 80.202
2022-02-05 20:43:17,334 INFO ROUND 195
2022-02-05 20:43:36,062 INFO [AFTER AVG]
2022-02-05 20:43:46,112 INFO Server -> Train: Loss 0.589 | Accuracy = 79.286
2022-02-05 20:43:48,351 INFO Server -> Test: Loss 0.852 | Accuracy = 70.520
2022-02-05 20:43:48,398 INFO ROUND 196
2022-02-05 20:44:07,216 INFO [AFTER AVG]
2022-02-05 20:44:17,318 INFO Server -> Train: Loss 0.576 | Accuracy = 80.140
2022-02-05 20:44:17,319 INFO ROUND 197
2022-02-05 20:44:36,239 INFO [AFTER AVG]
2022-02-05 20:44:46,434 INFO Server -> Train: Loss 0.582 | Accuracy = 79.378
2022-02-05 20:44:46,434 INFO ROUND 198
2022-02-05 20:45:05,786 INFO [AFTER AVG]
2022-02-05 20:45:16,367 INFO Server -> Train: Loss 0.566 | Accuracy = 80.326
2022-02-05 20:45:16,368 INFO ROUND 199
2022-02-05 20:45:35,492 INFO [AFTER AVG]
2022-02-05 20:45:45,650 INFO Server -> Train: Loss 0.559 | Accuracy = 80.556
2022-02-05 20:45:45,650 INFO ROUND 200
2022-02-05 20:46:04,540 INFO [AFTER AVG]
2022-02-05 20:46:14,605 INFO Server -> Train: Loss 0.559 | Accuracy = 80.676
2022-02-05 20:46:14,606 INFO ROUND 201
2022-02-05 20:46:33,478 INFO [AFTER AVG]
2022-02-05 20:46:43,771 INFO Server -> Train: Loss 0.551 | Accuracy = 81.224
2022-02-05 20:46:43,772 INFO ROUND 202
2022-02-05 20:47:02,954 INFO [AFTER AVG]
2022-02-05 20:47:12,998 INFO Server -> Train: Loss 0.561 | Accuracy = 80.426
2022-02-05 20:47:12,998 INFO ROUND 203
2022-02-05 20:47:32,066 INFO [AFTER AVG]
2022-02-05 20:47:42,088 INFO Server -> Train: Loss 0.555 | Accuracy = 80.370
2022-02-05 20:47:42,089 INFO ROUND 204
2022-02-05 20:48:01,104 INFO [AFTER AVG]
2022-02-05 20:48:11,217 INFO Server -> Train: Loss 0.539 | Accuracy = 81.502
2022-02-05 20:48:11,217 INFO ROUND 205
2022-02-05 20:48:30,315 INFO [AFTER AVG]
2022-02-05 20:48:40,202 INFO Server -> Train: Loss 0.546 | Accuracy = 81.034
2022-02-05 20:48:40,203 INFO ROUND 206
2022-02-05 20:48:59,233 INFO [AFTER AVG]
2022-02-05 20:49:09,389 INFO Server -> Train: Loss 0.532 | Accuracy = 81.642
2022-02-05 20:49:09,390 INFO ROUND 207
2022-02-05 20:49:28,395 INFO [AFTER AVG]
2022-02-05 20:49:38,454 INFO Server -> Train: Loss 0.549 | Accuracy = 80.754
2022-02-05 20:49:38,454 INFO ROUND 208
2022-02-05 20:49:57,536 INFO [AFTER AVG]
2022-02-05 20:50:07,528 INFO Server -> Train: Loss 0.534 | Accuracy = 81.326
2022-02-05 20:50:07,529 INFO ROUND 209
2022-02-05 20:50:26,600 INFO [AFTER AVG]
2022-02-05 20:50:36,552 INFO Server -> Train: Loss 0.522 | Accuracy = 82.074
2022-02-05 20:50:36,552 INFO ROUND 210
2022-02-05 20:50:55,744 INFO [AFTER AVG]
2022-02-05 20:51:05,703 INFO Server -> Train: Loss 0.523 | Accuracy = 81.908
2022-02-05 20:51:07,945 INFO Server -> Test: Loss 0.835 | Accuracy = 71.690
2022-02-05 20:51:07,992 INFO ROUND 211
2022-02-05 20:51:27,304 INFO [AFTER AVG]
2022-02-05 20:51:37,164 INFO Server -> Train: Loss 0.528 | Accuracy = 81.576
2022-02-05 20:51:37,164 INFO ROUND 212
2022-02-05 20:51:56,708 INFO [AFTER AVG]
2022-02-05 20:52:07,012 INFO Server -> Train: Loss 0.509 | Accuracy = 82.520
2022-02-05 20:52:07,013 INFO ROUND 213
2022-02-05 20:52:26,558 INFO [AFTER AVG]
2022-02-05 20:52:36,767 INFO Server -> Train: Loss 0.541 | Accuracy = 80.816
2022-02-05 20:52:36,768 INFO ROUND 214
2022-02-05 20:52:56,403 INFO [AFTER AVG]
2022-02-05 20:53:06,532 INFO Server -> Train: Loss 0.502 | Accuracy = 82.792
2022-02-05 20:53:06,533 INFO ROUND 215
2022-02-05 20:53:26,007 INFO [AFTER AVG]
2022-02-05 20:53:36,011 INFO Server -> Train: Loss 0.498 | Accuracy = 82.728
2022-02-05 20:53:36,012 INFO ROUND 216
2022-02-05 20:53:55,243 INFO [AFTER AVG]
2022-02-05 20:54:05,307 INFO Server -> Train: Loss 0.494 | Accuracy = 83.178
2022-02-05 20:54:05,308 INFO ROUND 217
2022-02-05 20:54:24,671 INFO [AFTER AVG]
2022-02-05 20:54:34,770 INFO Server -> Train: Loss 0.507 | Accuracy = 82.244
2022-02-05 20:54:34,770 INFO ROUND 218
2022-02-05 20:54:54,295 INFO [AFTER AVG]
2022-02-05 20:55:04,377 INFO Server -> Train: Loss 0.512 | Accuracy = 82.090
2022-02-05 20:55:04,377 INFO ROUND 219
2022-02-05 20:55:24,014 INFO [AFTER AVG]
2022-02-05 20:55:34,370 INFO Server -> Train: Loss 0.488 | Accuracy = 83.426
2022-02-05 20:55:34,371 INFO ROUND 220
2022-02-05 20:55:53,929 INFO [AFTER AVG]
2022-02-05 20:56:03,968 INFO Server -> Train: Loss 0.493 | Accuracy = 82.566
2022-02-05 20:56:03,969 INFO ROUND 221
2022-02-05 20:56:23,428 INFO [AFTER AVG]
2022-02-05 20:56:33,418 INFO Server -> Train: Loss 0.489 | Accuracy = 82.818
2022-02-05 20:56:33,419 INFO ROUND 222
2022-02-05 20:56:53,113 INFO [AFTER AVG]
2022-02-05 20:57:03,099 INFO Server -> Train: Loss 0.473 | Accuracy = 83.838
2022-02-05 20:57:03,099 INFO ROUND 223
2022-02-05 20:57:22,694 INFO [AFTER AVG]
2022-02-05 20:57:32,843 INFO Server -> Train: Loss 0.491 | Accuracy = 82.934
2022-02-05 20:57:32,843 INFO ROUND 224
2022-02-05 20:57:52,520 INFO [AFTER AVG]
2022-02-05 20:58:02,610 INFO Server -> Train: Loss 0.471 | Accuracy = 83.940
2022-02-05 20:58:02,611 INFO ROUND 225
2022-02-05 20:58:22,221 INFO [AFTER AVG]
2022-02-05 20:58:32,325 INFO Server -> Train: Loss 0.464 | Accuracy = 84.048
2022-02-05 20:58:34,553 INFO Server -> Test: Loss 0.834 | Accuracy = 71.970
2022-02-05 20:58:34,599 INFO ROUND 226
2022-02-05 20:58:54,173 INFO [AFTER AVG]
2022-02-05 20:59:04,191 INFO Server -> Train: Loss 0.478 | Accuracy = 83.084
2022-02-05 20:59:04,191 INFO ROUND 227
2022-02-05 20:59:23,824 INFO [AFTER AVG]
2022-02-05 20:59:33,882 INFO Server -> Train: Loss 0.457 | Accuracy = 84.240
2022-02-05 20:59:33,883 INFO ROUND 228
2022-02-05 20:59:53,496 INFO [AFTER AVG]
2022-02-05 21:00:03,584 INFO Server -> Train: Loss 0.458 | Accuracy = 84.372
2022-02-05 21:00:03,584 INFO ROUND 229
2022-02-05 21:00:23,199 INFO [AFTER AVG]
2022-02-05 21:00:33,488 INFO Server -> Train: Loss 0.475 | Accuracy = 83.366
2022-02-05 21:00:33,489 INFO ROUND 230
2022-02-05 21:00:55,301 INFO [AFTER AVG]
2022-02-05 21:01:05,435 INFO Server -> Train: Loss 0.454 | Accuracy = 84.312
2022-02-05 21:01:05,436 INFO ROUND 231
2022-02-05 21:01:25,415 INFO [AFTER AVG]
2022-02-05 21:01:35,347 INFO Server -> Train: Loss 0.467 | Accuracy = 83.578
2022-02-05 21:01:35,348 INFO ROUND 232
2022-02-05 21:01:55,446 INFO [AFTER AVG]
2022-02-05 21:02:05,375 INFO Server -> Train: Loss 0.466 | Accuracy = 83.494
2022-02-05 21:02:05,375 INFO ROUND 233
2022-02-05 21:02:25,505 INFO [AFTER AVG]
2022-02-05 21:02:35,598 INFO Server -> Train: Loss 0.449 | Accuracy = 84.712
2022-02-05 21:02:35,598 INFO ROUND 234
2022-02-05 21:02:55,694 INFO [AFTER AVG]
2022-02-05 21:03:05,685 INFO Server -> Train: Loss 0.431 | Accuracy = 85.310
2022-02-05 21:03:05,685 INFO ROUND 235
2022-02-05 21:03:25,760 INFO [AFTER AVG]
2022-02-05 21:03:35,836 INFO Server -> Train: Loss 0.470 | Accuracy = 83.220
2022-02-05 21:03:35,836 INFO ROUND 236
2022-02-05 21:03:55,768 INFO [AFTER AVG]
2022-02-05 21:04:05,776 INFO Server -> Train: Loss 0.426 | Accuracy = 85.492
2022-02-05 21:04:05,777 INFO ROUND 237
2022-02-05 21:04:25,888 INFO [AFTER AVG]
2022-02-05 21:04:35,911 INFO Server -> Train: Loss 0.459 | Accuracy = 83.624
2022-02-05 21:04:35,912 INFO ROUND 238
2022-02-05 21:04:55,976 INFO [AFTER AVG]
2022-02-05 21:05:06,000 INFO Server -> Train: Loss 0.429 | Accuracy = 85.400
2022-02-05 21:05:06,000 INFO ROUND 239
2022-02-05 21:05:26,036 INFO [AFTER AVG]
2022-02-05 21:05:36,208 INFO Server -> Train: Loss 0.434 | Accuracy = 84.848
2022-02-05 21:05:36,209 INFO ROUND 240
2022-02-05 21:05:56,387 INFO [AFTER AVG]
2022-02-05 21:06:06,310 INFO Server -> Train: Loss 0.417 | Accuracy = 85.708
2022-02-05 21:06:08,551 INFO Server -> Test: Loss 0.847 | Accuracy = 71.890
2022-02-05 21:06:08,599 INFO ROUND 241
2022-02-05 21:06:28,655 INFO [AFTER AVG]
2022-02-05 21:06:38,680 INFO Server -> Train: Loss 0.426 | Accuracy = 85.104
2022-02-05 21:06:38,681 INFO ROUND 242
2022-02-05 21:06:58,916 INFO [AFTER AVG]
2022-02-05 21:07:08,945 INFO Server -> Train: Loss 0.419 | Accuracy = 85.684
2022-02-05 21:07:08,946 INFO ROUND 243
2022-02-05 21:07:29,111 INFO [AFTER AVG]
2022-02-05 21:07:39,101 INFO Server -> Train: Loss 0.400 | Accuracy = 86.380
2022-02-05 21:07:39,101 INFO ROUND 244
2022-02-05 21:07:59,381 INFO [AFTER AVG]
2022-02-05 21:08:09,359 INFO Server -> Train: Loss 0.406 | Accuracy = 86.046
2022-02-05 21:08:09,360 INFO ROUND 245
2022-02-05 21:08:29,711 INFO [AFTER AVG]
2022-02-05 21:08:39,652 INFO Server -> Train: Loss 0.396 | Accuracy = 86.476
2022-02-05 21:08:39,653 INFO ROUND 246
2022-02-05 21:09:00,101 INFO [AFTER AVG]
2022-02-05 21:09:10,114 INFO Server -> Train: Loss 0.448 | Accuracy = 83.722
2022-02-05 21:09:10,115 INFO ROUND 247
2022-02-05 21:09:30,537 INFO [AFTER AVG]
2022-02-05 21:09:40,586 INFO Server -> Train: Loss 0.399 | Accuracy = 86.426
2022-02-05 21:09:40,586 INFO ROUND 248
2022-02-05 21:10:00,993 INFO [AFTER AVG]
2022-02-05 21:10:10,952 INFO Server -> Train: Loss 0.436 | Accuracy = 84.092
2022-02-05 21:10:10,952 INFO ROUND 249
2022-02-05 21:10:31,057 INFO [AFTER AVG]
2022-02-05 21:10:41,014 INFO Server -> Train: Loss 0.404 | Accuracy = 86.162
2022-02-05 21:10:41,015 INFO ROUND 250
2022-02-05 21:11:01,332 INFO [AFTER AVG]
2022-02-05 21:11:11,320 INFO Server -> Train: Loss 0.400 | Accuracy = 86.022
2022-02-05 21:11:11,327 INFO ROUND 251
2022-02-05 21:11:31,559 INFO [AFTER AVG]
2022-02-05 21:11:41,633 INFO Server -> Train: Loss 0.386 | Accuracy = 87.062
2022-02-05 21:11:41,634 INFO ROUND 252
2022-02-05 21:12:01,910 INFO [AFTER AVG]
2022-02-05 21:12:11,892 INFO Server -> Train: Loss 0.384 | Accuracy = 86.772
2022-02-05 21:12:11,892 INFO ROUND 253
2022-02-05 21:12:32,278 INFO [AFTER AVG]
2022-02-05 21:12:42,317 INFO Server -> Train: Loss 0.380 | Accuracy = 86.948
2022-02-05 21:12:42,318 INFO ROUND 254
2022-02-05 21:13:02,763 INFO [AFTER AVG]
2022-02-05 21:13:12,672 INFO Server -> Train: Loss 0.370 | Accuracy = 87.402
2022-02-05 21:13:12,672 INFO ROUND 255
2022-02-05 21:13:33,025 INFO [AFTER AVG]
2022-02-05 21:13:43,005 INFO Server -> Train: Loss 0.368 | Accuracy = 87.482
2022-02-05 21:13:45,324 INFO Server -> Test: Loss 0.868 | Accuracy = 72.260
2022-02-05 21:13:45,371 INFO ROUND 256
2022-02-05 21:14:05,733 INFO [AFTER AVG]
2022-02-05 21:14:15,551 INFO Server -> Train: Loss 0.360 | Accuracy = 87.852
2022-02-05 21:14:15,551 INFO ROUND 257
2022-02-05 21:14:36,098 INFO [AFTER AVG]
2022-02-05 21:14:45,852 INFO Server -> Train: Loss 0.388 | Accuracy = 86.240
2022-02-05 21:14:45,852 INFO ROUND 258
2022-02-05 21:15:06,375 INFO [AFTER AVG]
2022-02-05 21:15:16,369 INFO Server -> Train: Loss 0.357 | Accuracy = 87.804
2022-02-05 21:15:16,370 INFO ROUND 259
2022-02-05 21:15:36,972 INFO [AFTER AVG]
2022-02-05 21:15:46,886 INFO Server -> Train: Loss 0.420 | Accuracy = 84.628
2022-02-05 21:15:46,887 INFO ROUND 260
2022-02-05 21:16:07,221 INFO [AFTER AVG]
2022-02-05 21:16:17,059 INFO Server -> Train: Loss 0.372 | Accuracy = 87.056
2022-02-05 21:16:17,059 INFO ROUND 261
2022-02-05 21:16:37,663 INFO [AFTER AVG]
2022-02-05 21:16:47,686 INFO Server -> Train: Loss 0.390 | Accuracy = 85.910
2022-02-05 21:16:47,686 INFO ROUND 262
2022-02-05 21:17:08,358 INFO [AFTER AVG]
2022-02-05 21:17:18,338 INFO Server -> Train: Loss 0.358 | Accuracy = 88.026
2022-02-05 21:17:18,339 INFO ROUND 263
2022-02-05 21:17:38,943 INFO [AFTER AVG]
2022-02-05 21:17:48,946 INFO Server -> Train: Loss 0.342 | Accuracy = 88.432
2022-02-05 21:17:48,947 INFO ROUND 264
2022-02-05 21:18:09,769 INFO [AFTER AVG]
2022-02-05 21:18:19,783 INFO Server -> Train: Loss 0.368 | Accuracy = 87.028
2022-02-05 21:18:19,784 INFO ROUND 265
2022-02-05 21:18:40,493 INFO [AFTER AVG]
2022-02-05 21:18:50,456 INFO Server -> Train: Loss 0.342 | Accuracy = 88.402
2022-02-05 21:18:50,457 INFO ROUND 266
2022-02-05 21:19:11,435 INFO [AFTER AVG]
2022-02-05 21:19:21,440 INFO Server -> Train: Loss 0.342 | Accuracy = 88.382
2022-02-05 21:19:21,441 INFO ROUND 267
2022-02-05 21:19:42,340 INFO [AFTER AVG]
2022-02-05 21:19:52,378 INFO Server -> Train: Loss 0.343 | Accuracy = 88.190
2022-02-05 21:19:52,379 INFO ROUND 268
2022-02-05 21:20:13,423 INFO [AFTER AVG]
2022-02-05 21:20:23,487 INFO Server -> Train: Loss 0.334 | Accuracy = 88.740
2022-02-05 21:20:23,487 INFO ROUND 269
2022-02-05 21:20:44,415 INFO [AFTER AVG]
2022-02-05 21:20:54,406 INFO Server -> Train: Loss 0.347 | Accuracy = 87.938
2022-02-05 21:20:54,407 INFO ROUND 270
2022-02-05 21:21:15,517 INFO [AFTER AVG]
2022-02-05 21:21:25,583 INFO Server -> Train: Loss 0.325 | Accuracy = 89.158
2022-02-05 21:21:27,868 INFO Server -> Test: Loss 0.885 | Accuracy = 72.030
2022-02-05 21:21:27,915 INFO ROUND 271
2022-02-05 21:21:49,242 INFO [AFTER AVG]
2022-02-05 21:21:59,443 INFO Server -> Train: Loss 0.329 | Accuracy = 88.686
2022-02-05 21:21:59,443 INFO ROUND 272
2022-02-05 21:22:20,527 INFO [AFTER AVG]
2022-02-05 21:22:30,326 INFO Server -> Train: Loss 0.333 | Accuracy = 88.326
2022-02-05 21:22:30,327 INFO ROUND 273
2022-02-05 21:22:51,495 INFO [AFTER AVG]
2022-02-05 21:23:01,513 INFO Server -> Train: Loss 0.360 | Accuracy = 87.180
2022-02-05 21:23:01,514 INFO ROUND 274
2022-02-05 21:23:22,979 INFO [AFTER AVG]
2022-02-05 21:23:32,797 INFO Server -> Train: Loss 0.331 | Accuracy = 88.696
2022-02-05 21:23:32,798 INFO ROUND 275
2022-02-05 21:23:54,021 INFO [AFTER AVG]
2022-02-05 21:24:04,008 INFO Server -> Train: Loss 0.319 | Accuracy = 89.240
2022-02-05 21:24:04,008 INFO ROUND 276
2022-02-05 21:24:25,066 INFO [AFTER AVG]
2022-02-05 21:24:35,077 INFO Server -> Train: Loss 0.321 | Accuracy = 88.936
2022-02-05 21:24:35,077 INFO ROUND 277
2022-02-05 21:24:56,481 INFO [AFTER AVG]
2022-02-05 21:25:06,225 INFO Server -> Train: Loss 0.305 | Accuracy = 89.722
2022-02-05 21:25:06,226 INFO ROUND 278
2022-02-05 21:25:27,609 INFO [AFTER AVG]
2022-02-05 21:25:37,441 INFO Server -> Train: Loss 0.302 | Accuracy = 89.826
2022-02-05 21:25:37,442 INFO ROUND 279
2022-02-05 21:25:58,845 INFO [AFTER AVG]
2022-02-05 21:26:08,719 INFO Server -> Train: Loss 0.304 | Accuracy = 89.536
2022-02-05 21:26:08,720 INFO ROUND 280
2022-02-05 21:26:30,076 INFO [AFTER AVG]
2022-02-05 21:26:39,832 INFO Server -> Train: Loss 0.296 | Accuracy = 90.020
2022-02-05 21:26:39,833 INFO ROUND 281
2022-02-05 21:27:01,572 INFO [AFTER AVG]
2022-02-05 21:27:11,495 INFO Server -> Train: Loss 0.309 | Accuracy = 89.610
2022-02-05 21:27:11,495 INFO ROUND 282
2022-02-05 21:27:32,867 INFO [AFTER AVG]
2022-02-05 21:27:42,810 INFO Server -> Train: Loss 0.291 | Accuracy = 90.466
2022-02-05 21:27:42,811 INFO ROUND 283
2022-02-05 21:28:04,280 INFO [AFTER AVG]
2022-02-05 21:28:14,259 INFO Server -> Train: Loss 0.313 | Accuracy = 88.930
2022-02-05 21:28:14,260 INFO ROUND 284
2022-02-05 21:28:35,871 INFO [AFTER AVG]
2022-02-05 21:28:45,855 INFO Server -> Train: Loss 0.288 | Accuracy = 90.614
2022-02-05 21:28:45,856 INFO ROUND 285
2022-02-05 21:29:07,460 INFO [AFTER AVG]
2022-02-05 21:29:17,554 INFO Server -> Train: Loss 0.282 | Accuracy = 90.664
2022-02-05 21:29:19,905 INFO Server -> Test: Loss 0.920 | Accuracy = 71.800
2022-02-05 21:29:19,969 INFO ROUND 286
2022-02-05 21:29:41,513 INFO [AFTER AVG]
2022-02-05 21:29:51,634 INFO Server -> Train: Loss 0.292 | Accuracy = 90.072
2022-02-05 21:29:51,635 INFO ROUND 287
2022-02-05 21:30:13,139 INFO [AFTER AVG]
2022-02-05 21:30:23,177 INFO Server -> Train: Loss 0.278 | Accuracy = 90.582
2022-02-05 21:30:23,178 INFO ROUND 288
2022-02-05 21:30:44,933 INFO [AFTER AVG]
2022-02-05 21:30:55,002 INFO Server -> Train: Loss 0.274 | Accuracy = 90.834
2022-02-05 21:30:55,003 INFO ROUND 289
2022-02-05 21:31:16,697 INFO [AFTER AVG]
2022-02-05 21:31:26,683 INFO Server -> Train: Loss 0.272 | Accuracy = 90.884
2022-02-05 21:31:26,683 INFO ROUND 290
2022-02-05 21:31:48,525 INFO [AFTER AVG]
2022-02-05 21:31:58,514 INFO Server -> Train: Loss 0.292 | Accuracy = 89.812
2022-02-05 21:31:58,515 INFO ROUND 291
2022-02-05 21:32:20,171 INFO [AFTER AVG]
2022-02-05 21:32:30,118 INFO Server -> Train: Loss 0.273 | Accuracy = 90.798
2022-02-05 21:32:30,118 INFO ROUND 292
2022-02-05 21:32:51,962 INFO [AFTER AVG]
2022-02-05 21:33:01,954 INFO Server -> Train: Loss 0.262 | Accuracy = 91.340
2022-02-05 21:33:01,955 INFO ROUND 293
2022-02-05 21:33:23,940 INFO [AFTER AVG]
2022-02-05 21:33:33,869 INFO Server -> Train: Loss 0.266 | Accuracy = 91.058
2022-02-05 21:33:33,869 INFO ROUND 294
2022-02-05 21:33:55,857 INFO [AFTER AVG]
2022-02-05 21:34:05,984 INFO Server -> Train: Loss 0.270 | Accuracy = 90.898
2022-02-05 21:34:05,985 INFO ROUND 295
2022-02-05 21:34:27,795 INFO [AFTER AVG]
2022-02-05 21:34:37,736 INFO Server -> Train: Loss 0.253 | Accuracy = 91.738
2022-02-05 21:34:37,737 INFO ROUND 296
2022-02-05 21:34:59,658 INFO [AFTER AVG]
2022-02-05 21:35:09,635 INFO Server -> Train: Loss 0.269 | Accuracy = 90.624
2022-02-05 21:35:09,636 INFO ROUND 297
2022-02-05 21:35:31,564 INFO [AFTER AVG]
2022-02-05 21:35:41,475 INFO Server -> Train: Loss 0.247 | Accuracy = 92.056
2022-02-05 21:35:41,475 INFO ROUND 298
2022-02-05 21:36:03,557 INFO [AFTER AVG]
2022-02-05 21:36:13,590 INFO Server -> Train: Loss 0.252 | Accuracy = 91.576
2022-02-05 21:36:13,591 INFO ROUND 299
2022-02-05 21:36:35,636 INFO [AFTER AVG]
2022-02-05 21:36:45,743 INFO Server -> Train: Loss 0.265 | Accuracy = 90.930
2022-02-05 21:36:45,743 INFO ROUND 300
2022-02-05 21:37:07,679 INFO [AFTER AVG]
2022-02-05 21:37:17,605 INFO Server -> Train: Loss 0.247 | Accuracy = 91.654
2022-02-05 21:37:19,922 INFO Server -> Test: Loss 0.971 | Accuracy = 71.850
2022-02-05 21:37:19,974 INFO ROUND 301
2022-02-05 21:37:42,233 INFO [AFTER AVG]
2022-02-05 21:37:52,132 INFO Server -> Train: Loss 0.248 | Accuracy = 91.614
2022-02-05 21:37:52,133 INFO ROUND 302
2022-02-05 21:38:14,415 INFO [AFTER AVG]
2022-02-05 21:38:24,397 INFO Server -> Train: Loss 0.244 | Accuracy = 91.642
2022-02-05 21:38:24,398 INFO ROUND 303
2022-02-05 21:38:46,768 INFO [AFTER AVG]
2022-02-05 21:38:56,686 INFO Server -> Train: Loss 0.244 | Accuracy = 91.838
2022-02-05 21:38:56,686 INFO ROUND 304
2022-02-05 21:39:19,199 INFO [AFTER AVG]
2022-02-05 21:39:29,203 INFO Server -> Train: Loss 0.237 | Accuracy = 92.136
2022-02-05 21:39:29,203 INFO ROUND 305
2022-02-05 21:39:51,773 INFO [AFTER AVG]
2022-02-05 21:40:02,060 INFO Server -> Train: Loss 0.240 | Accuracy = 91.970
2022-02-05 21:40:02,062 INFO ROUND 306
2022-02-05 21:40:24,616 INFO [AFTER AVG]
2022-02-05 21:40:35,051 INFO Server -> Train: Loss 0.228 | Accuracy = 92.478
2022-02-05 21:40:35,051 INFO ROUND 307
2022-02-05 21:40:57,733 INFO [AFTER AVG]
2022-02-05 21:41:08,152 INFO Server -> Train: Loss 0.224 | Accuracy = 92.714
2022-02-05 21:41:08,153 INFO ROUND 308
2022-02-05 21:41:30,804 INFO [AFTER AVG]
2022-02-05 21:41:40,853 INFO Server -> Train: Loss 0.232 | Accuracy = 92.148
2022-02-05 21:41:40,854 INFO ROUND 309
2022-02-05 21:42:03,772 INFO [AFTER AVG]
2022-02-05 21:42:13,877 INFO Server -> Train: Loss 0.222 | Accuracy = 92.708
2022-02-05 21:42:13,877 INFO ROUND 310
2022-02-05 21:42:36,669 INFO [AFTER AVG]
2022-02-05 21:42:46,887 INFO Server -> Train: Loss 0.212 | Accuracy = 93.202
2022-02-05 21:42:46,888 INFO ROUND 311
2022-02-05 21:43:09,646 INFO [AFTER AVG]
2022-02-05 21:43:19,885 INFO Server -> Train: Loss 0.238 | Accuracy = 91.702
2022-02-05 21:43:19,886 INFO ROUND 312
2022-02-05 21:43:42,777 INFO [AFTER AVG]
2022-02-05 21:43:53,084 INFO Server -> Train: Loss 0.223 | Accuracy = 92.500
2022-02-05 21:43:53,084 INFO ROUND 313
2022-02-05 21:44:15,747 INFO [AFTER AVG]
2022-02-05 21:44:25,902 INFO Server -> Train: Loss 0.211 | Accuracy = 93.152
2022-02-05 21:44:25,902 INFO ROUND 314
2022-02-05 21:44:48,913 INFO [AFTER AVG]
2022-02-05 21:44:59,082 INFO Server -> Train: Loss 0.230 | Accuracy = 92.082
2022-02-05 21:44:59,083 INFO ROUND 315
2022-02-05 21:45:21,893 INFO [AFTER AVG]
2022-02-05 21:45:32,021 INFO Server -> Train: Loss 0.210 | Accuracy = 93.150
2022-02-05 21:45:34,406 INFO Server -> Test: Loss 1.013 | Accuracy = 71.790
2022-02-05 21:45:34,453 INFO ROUND 316
2022-02-05 21:45:57,402 INFO [AFTER AVG]
2022-02-05 21:46:07,646 INFO Server -> Train: Loss 0.210 | Accuracy = 93.308
2022-02-05 21:46:07,646 INFO ROUND 317
2022-02-05 21:46:30,361 INFO [AFTER AVG]
2022-02-05 21:46:40,378 INFO Server -> Train: Loss 0.202 | Accuracy = 93.492
2022-02-05 21:46:40,379 INFO ROUND 318
2022-02-05 21:47:03,308 INFO [AFTER AVG]
2022-02-05 21:47:13,422 INFO Server -> Train: Loss 0.201 | Accuracy = 93.572
2022-02-05 21:47:13,423 INFO ROUND 319
2022-02-05 21:47:36,322 INFO [AFTER AVG]
2022-02-05 21:47:46,376 INFO Server -> Train: Loss 0.200 | Accuracy = 93.482
2022-02-05 21:47:46,377 INFO ROUND 320
2022-02-05 21:48:09,217 INFO [AFTER AVG]
2022-02-05 21:48:19,361 INFO Server -> Train: Loss 0.229 | Accuracy = 91.972
2022-02-05 21:48:19,362 INFO ROUND 321
2022-02-05 21:48:42,221 INFO [AFTER AVG]
2022-02-05 21:48:52,283 INFO Server -> Train: Loss 0.196 | Accuracy = 93.878
2022-02-05 21:48:52,284 INFO ROUND 322
2022-02-05 21:49:15,134 INFO [AFTER AVG]
2022-02-05 21:49:25,195 INFO Server -> Train: Loss 0.194 | Accuracy = 93.702
2022-02-05 21:49:25,195 INFO ROUND 323
2022-02-05 21:49:47,946 INFO [AFTER AVG]
2022-02-05 21:49:58,091 INFO Server -> Train: Loss 0.217 | Accuracy = 92.400
2022-02-05 21:49:58,091 INFO ROUND 324
2022-02-05 21:50:21,185 INFO [AFTER AVG]
2022-02-05 21:50:31,077 INFO Server -> Train: Loss 0.211 | Accuracy = 92.668
2022-02-05 21:50:31,077 INFO ROUND 325
2022-02-05 21:50:54,179 INFO [AFTER AVG]
2022-02-05 21:51:04,309 INFO Server -> Train: Loss 0.244 | Accuracy = 91.116
2022-02-05 21:51:04,309 INFO ROUND 326
2022-02-05 21:51:29,534 INFO [AFTER AVG]
2022-02-05 21:51:40,084 INFO Server -> Train: Loss 0.221 | Accuracy = 92.460
2022-02-05 21:51:40,084 INFO ROUND 327
2022-02-05 21:52:03,278 INFO [AFTER AVG]
2022-02-05 21:52:13,420 INFO Server -> Train: Loss 0.190 | Accuracy = 93.818
2022-02-05 21:52:13,421 INFO ROUND 328
2022-02-05 21:52:36,594 INFO [AFTER AVG]
2022-02-05 21:52:46,663 INFO Server -> Train: Loss 0.186 | Accuracy = 94.028
2022-02-05 21:52:46,664 INFO ROUND 329
2022-02-05 21:53:09,805 INFO [AFTER AVG]
2022-02-05 21:53:19,895 INFO Server -> Train: Loss 0.231 | Accuracy = 91.640
2022-02-05 21:53:19,895 INFO ROUND 330
2022-02-05 21:53:42,914 INFO [AFTER AVG]
2022-02-05 21:53:53,065 INFO Server -> Train: Loss 0.201 | Accuracy = 93.274
2022-02-05 21:53:55,390 INFO Server -> Test: Loss 1.064 | Accuracy = 71.620
2022-02-05 21:53:55,438 INFO ROUND 331
2022-02-05 21:54:18,518 INFO [AFTER AVG]
2022-02-05 21:54:28,435 INFO Server -> Train: Loss 0.179 | Accuracy = 94.324
2022-02-05 21:54:28,436 INFO ROUND 332
2022-02-05 21:54:51,712 INFO [AFTER AVG]
2022-02-05 21:55:01,863 INFO Server -> Train: Loss 0.176 | Accuracy = 94.458
2022-02-05 21:55:01,864 INFO ROUND 333
2022-02-05 21:55:25,023 INFO [AFTER AVG]
2022-02-05 21:55:35,273 INFO Server -> Train: Loss 0.173 | Accuracy = 94.536
2022-02-05 21:55:35,273 INFO ROUND 334
2022-02-05 21:55:58,308 INFO [AFTER AVG]
2022-02-05 21:56:08,443 INFO Server -> Train: Loss 0.166 | Accuracy = 94.766
2022-02-05 21:56:08,444 INFO ROUND 335
2022-02-05 21:56:31,694 INFO [AFTER AVG]
2022-02-05 21:56:41,811 INFO Server -> Train: Loss 0.211 | Accuracy = 92.400
2022-02-05 21:56:41,811 INFO ROUND 336
2022-02-05 21:57:05,232 INFO [AFTER AVG]
2022-02-05 21:57:15,356 INFO Server -> Train: Loss 0.181 | Accuracy = 94.144
2022-02-05 21:57:15,356 INFO ROUND 337
2022-02-05 21:57:38,640 INFO [AFTER AVG]
2022-02-05 21:57:48,889 INFO Server -> Train: Loss 0.175 | Accuracy = 94.454
2022-02-05 21:57:48,889 INFO ROUND 338
2022-02-05 21:58:12,402 INFO [AFTER AVG]
2022-02-05 21:58:22,807 INFO Server -> Train: Loss 0.172 | Accuracy = 94.604
2022-02-05 21:58:22,809 INFO ROUND 339
2022-02-05 21:58:46,422 INFO [AFTER AVG]
2022-02-05 21:58:56,589 INFO Server -> Train: Loss 0.182 | Accuracy = 93.988
2022-02-05 21:58:56,589 INFO ROUND 340
2022-02-05 21:59:20,194 INFO [AFTER AVG]
2022-02-05 21:59:30,384 INFO Server -> Train: Loss 0.168 | Accuracy = 94.502
2022-02-05 21:59:30,386 INFO ROUND 341
2022-02-05 21:59:53,963 INFO [AFTER AVG]
2022-02-05 22:00:04,189 INFO Server -> Train: Loss 0.177 | Accuracy = 94.136
2022-02-05 22:00:04,190 INFO ROUND 342
2022-02-05 22:00:27,646 INFO [AFTER AVG]
2022-02-05 22:00:37,863 INFO Server -> Train: Loss 0.165 | Accuracy = 94.766
2022-02-05 22:00:37,863 INFO ROUND 343
2022-02-05 22:01:01,398 INFO [AFTER AVG]
2022-02-05 22:01:11,632 INFO Server -> Train: Loss 0.157 | Accuracy = 95.154
2022-02-05 22:01:11,632 INFO ROUND 344
2022-02-05 22:01:35,226 INFO [AFTER AVG]
2022-02-05 22:01:45,765 INFO Server -> Train: Loss 0.206 | Accuracy = 92.488
2022-02-05 22:01:45,766 INFO ROUND 345
2022-02-05 22:02:09,292 INFO [AFTER AVG]
2022-02-05 22:02:19,746 INFO Server -> Train: Loss 0.193 | Accuracy = 93.256
2022-02-05 22:02:22,187 INFO Server -> Test: Loss 1.116 | Accuracy = 71.370
2022-02-05 22:02:22,234 INFO ROUND 346
2022-02-05 22:02:45,690 INFO [AFTER AVG]
2022-02-05 22:02:55,988 INFO Server -> Train: Loss 0.157 | Accuracy = 95.140
2022-02-05 22:02:55,988 INFO ROUND 347
2022-02-05 22:03:19,379 INFO [AFTER AVG]
2022-02-05 22:03:29,562 INFO Server -> Train: Loss 0.147 | Accuracy = 95.658
2022-02-05 22:03:29,563 INFO ROUND 348
2022-02-05 22:03:53,180 INFO [AFTER AVG]
2022-02-05 22:04:03,324 INFO Server -> Train: Loss 0.149 | Accuracy = 95.346
2022-02-05 22:04:03,324 INFO ROUND 349
2022-02-05 22:04:27,038 INFO [AFTER AVG]
2022-02-05 22:04:37,348 INFO Server -> Train: Loss 0.149 | Accuracy = 95.280
2022-02-05 22:04:37,348 INFO ROUND 350
2022-02-05 22:05:00,917 INFO [AFTER AVG]
2022-02-05 22:05:11,030 INFO Server -> Train: Loss 0.173 | Accuracy = 94.152
2022-02-05 22:05:11,031 INFO ROUND 351
2022-02-05 22:05:34,722 INFO [AFTER AVG]
2022-02-05 22:05:44,780 INFO Server -> Train: Loss 0.157 | Accuracy = 94.840
2022-02-05 22:05:44,780 INFO ROUND 352
2022-02-05 22:06:08,639 INFO [AFTER AVG]
2022-02-05 22:06:18,784 INFO Server -> Train: Loss 0.147 | Accuracy = 95.434
2022-02-05 22:06:18,784 INFO ROUND 353
2022-02-05 22:06:42,675 INFO [AFTER AVG]
2022-02-05 22:06:53,070 INFO Server -> Train: Loss 0.181 | Accuracy = 93.566
2022-02-05 22:06:53,071 INFO ROUND 354
2022-02-05 22:07:17,018 INFO [AFTER AVG]
2022-02-05 22:07:27,307 INFO Server -> Train: Loss 0.149 | Accuracy = 95.314
2022-02-05 22:07:27,308 INFO ROUND 355
2022-02-05 22:07:51,385 INFO [AFTER AVG]
2022-02-05 22:08:01,444 INFO Server -> Train: Loss 0.144 | Accuracy = 95.552
2022-02-05 22:08:01,445 INFO ROUND 356
2022-02-05 22:08:25,575 INFO [AFTER AVG]
2022-02-05 22:08:35,762 INFO Server -> Train: Loss 0.170 | Accuracy = 94.218
2022-02-05 22:08:35,762 INFO ROUND 357
2022-02-05 22:08:59,749 INFO [AFTER AVG]
2022-02-05 22:09:09,819 INFO Server -> Train: Loss 0.140 | Accuracy = 95.676
2022-02-05 22:09:09,820 INFO ROUND 358
2022-02-05 22:09:34,014 INFO [AFTER AVG]
2022-02-05 22:09:44,113 INFO Server -> Train: Loss 0.178 | Accuracy = 93.966
2022-02-05 22:09:44,113 INFO ROUND 359
2022-02-05 22:10:08,525 INFO [AFTER AVG]
2022-02-05 22:10:18,725 INFO Server -> Train: Loss 0.164 | Accuracy = 94.476
2022-02-05 22:10:18,726 INFO ROUND 360
2022-02-05 22:10:42,909 INFO [AFTER AVG]
2022-02-05 22:10:53,323 INFO Server -> Train: Loss 0.202 | Accuracy = 92.700
2022-02-05 22:10:55,763 INFO Server -> Test: Loss 1.236 | Accuracy = 70.480
2022-02-05 22:10:55,809 INFO ROUND 361
2022-02-05 22:11:20,195 INFO [AFTER AVG]
2022-02-05 22:11:30,442 INFO Server -> Train: Loss 0.137 | Accuracy = 95.962
2022-02-05 22:11:30,442 INFO ROUND 362
2022-02-05 22:11:55,090 INFO [AFTER AVG]
2022-02-05 22:12:05,370 INFO Server -> Train: Loss 0.128 | Accuracy = 96.252
2022-02-05 22:12:05,371 INFO ROUND 363
2022-02-05 22:12:30,348 INFO [AFTER AVG]
2022-02-05 22:12:40,576 INFO Server -> Train: Loss 0.138 | Accuracy = 95.700
2022-02-05 22:12:40,577 INFO ROUND 364
2022-02-05 22:13:05,424 INFO [AFTER AVG]
2022-02-05 22:13:15,572 INFO Server -> Train: Loss 0.137 | Accuracy = 95.698
2022-02-05 22:13:15,573 INFO ROUND 365
2022-02-05 22:13:39,909 INFO [AFTER AVG]
2022-02-05 22:13:50,098 INFO Server -> Train: Loss 0.129 | Accuracy = 96.134
2022-02-05 22:13:50,098 INFO ROUND 366
2022-02-05 22:14:14,619 INFO [AFTER AVG]
2022-02-05 22:14:24,841 INFO Server -> Train: Loss 0.125 | Accuracy = 96.254
2022-02-05 22:14:24,842 INFO ROUND 367
2022-02-05 22:14:49,308 INFO [AFTER AVG]
2022-02-05 22:14:59,679 INFO Server -> Train: Loss 0.121 | Accuracy = 96.364
2022-02-05 22:14:59,679 INFO ROUND 368
2022-02-05 22:15:24,387 INFO [AFTER AVG]
2022-02-05 22:15:34,713 INFO Server -> Train: Loss 0.155 | Accuracy = 94.654
2022-02-05 22:15:34,713 INFO ROUND 369
2022-02-05 22:15:59,133 INFO [AFTER AVG]
2022-02-05 22:16:09,745 INFO Server -> Train: Loss 0.123 | Accuracy = 96.476
2022-02-05 22:16:09,746 INFO ROUND 370
2022-02-05 22:16:34,596 INFO [AFTER AVG]
2022-02-05 22:16:44,939 INFO Server -> Train: Loss 0.122 | Accuracy = 96.374
2022-02-05 22:16:44,940 INFO ROUND 371
2022-02-05 22:17:09,904 INFO [AFTER AVG]
2022-02-05 22:17:19,988 INFO Server -> Train: Loss 0.126 | Accuracy = 96.078
2022-02-05 22:17:19,988 INFO ROUND 372
2022-02-05 22:17:44,618 INFO [AFTER AVG]
2022-02-05 22:17:54,902 INFO Server -> Train: Loss 0.118 | Accuracy = 96.656
2022-02-05 22:17:54,903 INFO ROUND 373
2022-02-05 22:18:19,523 INFO [AFTER AVG]
2022-02-05 22:18:29,649 INFO Server -> Train: Loss 0.119 | Accuracy = 96.416
2022-02-05 22:18:29,649 INFO ROUND 374
2022-02-05 22:18:54,284 INFO [AFTER AVG]
2022-02-05 22:19:04,336 INFO Server -> Train: Loss 0.142 | Accuracy = 95.174
2022-02-05 22:19:04,336 INFO ROUND 375
2022-02-05 22:19:29,211 INFO [AFTER AVG]
2022-02-05 22:19:39,287 INFO Server -> Train: Loss 0.113 | Accuracy = 96.700
2022-02-05 22:19:41,626 INFO Server -> Test: Loss 1.197 | Accuracy = 71.840
2022-02-05 22:19:41,675 INFO ROUND 376
2022-02-05 22:20:06,549 INFO [AFTER AVG]
2022-02-05 22:20:16,907 INFO Server -> Train: Loss 0.132 | Accuracy = 95.660
2022-02-05 22:20:16,908 INFO ROUND 377
2022-02-05 22:20:41,695 INFO [AFTER AVG]
2022-02-05 22:20:51,858 INFO Server -> Train: Loss 0.114 | Accuracy = 96.720
2022-02-05 22:20:51,858 INFO ROUND 378
2022-02-05 22:21:16,917 INFO [AFTER AVG]
2022-02-05 22:21:27,110 INFO Server -> Train: Loss 0.105 | Accuracy = 97.052
2022-02-05 22:21:27,110 INFO ROUND 379
2022-02-05 22:21:51,905 INFO [AFTER AVG]
2022-02-05 22:22:02,060 INFO Server -> Train: Loss 0.112 | Accuracy = 96.652
2022-02-05 22:22:02,061 INFO ROUND 380
2022-02-05 22:22:26,911 INFO [AFTER AVG]
2022-02-05 22:22:37,068 INFO Server -> Train: Loss 0.115 | Accuracy = 96.414
2022-02-05 22:22:37,069 INFO ROUND 381
2022-02-05 22:23:01,639 INFO [AFTER AVG]
2022-02-05 22:23:11,811 INFO Server -> Train: Loss 0.106 | Accuracy = 96.956
2022-02-05 22:23:11,812 INFO ROUND 382
2022-02-05 22:23:36,583 INFO [AFTER AVG]
2022-02-05 22:23:46,755 INFO Server -> Train: Loss 0.104 | Accuracy = 97.022
2022-02-05 22:23:46,756 INFO ROUND 383
2022-02-05 22:24:11,511 INFO [AFTER AVG]
2022-02-05 22:24:21,740 INFO Server -> Train: Loss 0.102 | Accuracy = 97.254
2022-02-05 22:24:21,740 INFO ROUND 384
2022-02-05 22:24:46,495 INFO [AFTER AVG]
2022-02-05 22:24:56,674 INFO Server -> Train: Loss 0.115 | Accuracy = 96.360
2022-02-05 22:24:56,675 INFO ROUND 385
2022-02-05 22:25:21,728 INFO [AFTER AVG]
2022-02-05 22:25:31,935 INFO Server -> Train: Loss 0.112 | Accuracy = 96.582
2022-02-05 22:25:31,935 INFO ROUND 386
2022-02-05 22:25:56,968 INFO [AFTER AVG]
2022-02-05 22:26:07,266 INFO Server -> Train: Loss 0.139 | Accuracy = 95.304
2022-02-05 22:26:07,266 INFO ROUND 387
2022-02-05 22:26:32,666 INFO [AFTER AVG]
2022-02-05 22:26:43,025 INFO Server -> Train: Loss 0.103 | Accuracy = 97.000
2022-02-05 22:26:43,026 INFO ROUND 388
2022-02-05 22:27:08,129 INFO [AFTER AVG]
2022-02-05 22:27:18,327 INFO Server -> Train: Loss 0.126 | Accuracy = 95.880
2022-02-05 22:27:18,328 INFO ROUND 389
2022-02-05 22:27:43,611 INFO [AFTER AVG]
2022-02-05 22:27:54,080 INFO Server -> Train: Loss 0.112 | Accuracy = 96.556
2022-02-05 22:27:54,080 INFO ROUND 390
2022-02-05 22:28:19,410 INFO [AFTER AVG]
2022-02-05 22:28:29,558 INFO Server -> Train: Loss 0.096 | Accuracy = 97.312
2022-02-05 22:28:32,030 INFO Server -> Test: Loss 1.237 | Accuracy = 71.960
2022-02-05 22:28:32,078 INFO ROUND 391
2022-02-05 22:28:57,304 INFO [AFTER AVG]
2022-02-05 22:29:07,525 INFO Server -> Train: Loss 0.094 | Accuracy = 97.456
2022-02-05 22:29:07,525 INFO ROUND 392
2022-02-05 22:29:32,819 INFO [AFTER AVG]
2022-02-05 22:29:42,891 INFO Server -> Train: Loss 0.102 | Accuracy = 97.018
2022-02-05 22:29:42,891 INFO ROUND 393
2022-02-05 22:30:08,260 INFO [AFTER AVG]
2022-02-05 22:30:18,455 INFO Server -> Train: Loss 0.096 | Accuracy = 97.404
2022-02-05 22:30:18,456 INFO ROUND 394
2022-02-05 22:30:43,467 INFO [AFTER AVG]
2022-02-05 22:30:53,564 INFO Server -> Train: Loss 0.091 | Accuracy = 97.494
2022-02-05 22:30:53,564 INFO ROUND 395
2022-02-05 22:31:18,929 INFO [AFTER AVG]
2022-02-05 22:31:29,180 INFO Server -> Train: Loss 0.097 | Accuracy = 97.188
2022-02-05 22:31:29,181 INFO ROUND 396
2022-02-05 22:31:54,849 INFO [AFTER AVG]
2022-02-05 22:32:04,956 INFO Server -> Train: Loss 0.088 | Accuracy = 97.640
2022-02-05 22:32:04,957 INFO ROUND 397
2022-02-05 22:32:30,008 INFO [AFTER AVG]
2022-02-05 22:32:40,153 INFO Server -> Train: Loss 0.093 | Accuracy = 97.352
2022-02-05 22:32:40,153 INFO ROUND 398
2022-02-05 22:33:05,386 INFO [AFTER AVG]
2022-02-05 22:33:15,683 INFO Server -> Train: Loss 0.089 | Accuracy = 97.604
2022-02-05 22:33:15,684 INFO ROUND 399
2022-02-05 22:33:41,083 INFO [AFTER AVG]
2022-02-05 22:33:51,397 INFO Server -> Train: Loss 0.088 | Accuracy = 97.718
2022-02-05 22:33:51,397 INFO ROUND 400
2022-02-05 22:34:16,888 INFO [AFTER AVG]
2022-02-05 22:34:27,073 INFO Server -> Train: Loss 0.090 | Accuracy = 97.482
2022-02-05 22:34:27,073 INFO ROUND 401
2022-02-05 22:34:52,595 INFO [AFTER AVG]
2022-02-05 22:35:02,945 INFO Server -> Train: Loss 0.088 | Accuracy = 97.722
2022-02-05 22:35:02,945 INFO ROUND 402
2022-02-05 22:35:28,719 INFO [AFTER AVG]
2022-02-05 22:35:39,079 INFO Server -> Train: Loss 0.081 | Accuracy = 97.884
2022-02-05 22:35:39,080 INFO ROUND 403
2022-02-05 22:36:04,761 INFO [AFTER AVG]
2022-02-05 22:36:15,100 INFO Server -> Train: Loss 0.083 | Accuracy = 97.876
2022-02-05 22:36:15,101 INFO ROUND 404
2022-02-05 22:36:40,687 INFO [AFTER AVG]
2022-02-05 22:36:51,094 INFO Server -> Train: Loss 0.080 | Accuracy = 97.972
2022-02-05 22:36:51,095 INFO ROUND 405
2022-02-05 22:37:17,012 INFO [AFTER AVG]
2022-02-05 22:37:27,348 INFO Server -> Train: Loss 0.117 | Accuracy = 96.026
2022-02-05 22:37:29,832 INFO Server -> Test: Loss 1.379 | Accuracy = 71.310
2022-02-05 22:37:29,887 INFO ROUND 406
2022-02-05 22:37:55,408 INFO [AFTER AVG]
2022-02-05 22:38:05,759 INFO Server -> Train: Loss 0.097 | Accuracy = 97.208
2022-02-05 22:38:05,760 INFO ROUND 407
2022-02-05 22:38:31,534 INFO [AFTER AVG]
2022-02-05 22:38:41,877 INFO Server -> Train: Loss 0.102 | Accuracy = 96.822
2022-02-05 22:38:41,878 INFO ROUND 408
2022-02-05 22:39:07,736 INFO [AFTER AVG]
2022-02-05 22:39:18,021 INFO Server -> Train: Loss 0.080 | Accuracy = 98.076
2022-02-05 22:39:18,021 INFO ROUND 409
2022-02-05 22:39:43,927 INFO [AFTER AVG]
2022-02-05 22:39:54,213 INFO Server -> Train: Loss 0.083 | Accuracy = 97.846
2022-02-05 22:39:54,213 INFO ROUND 410
2022-02-05 22:40:19,961 INFO [AFTER AVG]
2022-02-05 22:40:30,273 INFO Server -> Train: Loss 0.081 | Accuracy = 97.804
2022-02-05 22:40:30,274 INFO ROUND 411
2022-02-05 22:40:56,488 INFO [AFTER AVG]
2022-02-05 22:41:06,700 INFO Server -> Train: Loss 0.105 | Accuracy = 96.568
2022-02-05 22:41:06,701 INFO ROUND 412
2022-02-05 22:41:32,246 INFO [AFTER AVG]
2022-02-05 22:41:42,555 INFO Server -> Train: Loss 0.091 | Accuracy = 97.358
2022-02-05 22:41:42,555 INFO ROUND 413
2022-02-05 22:42:08,429 INFO [AFTER AVG]
2022-02-05 22:42:18,766 INFO Server -> Train: Loss 0.091 | Accuracy = 97.308
2022-02-05 22:42:18,766 INFO ROUND 414
