2022-02-07 11:14:25,086 INFO ('Client samples sizes:', array([1000, 1000, 1000, 1000, 1000, 1000, 1000, 1000, 1000, 1000, 1000,
       1000, 1000, 1000, 1000, 1000, 1000, 1000, 1000, 1000, 1000, 1000,
       1000, 1000, 1000, 1000, 1000, 1000, 1000, 1000, 1000, 1000, 1000,
       1000, 1000, 1000, 1000, 1000, 1000, 1000, 1000, 1000, 1000, 1000,
       1000, 1000, 1000, 1000, 1000, 1000]), 'total:', 50000)
2022-02-07 11:14:47,001 INFO ROUND 1
2022-02-07 11:15:10,488 INFO ROUND 2
2022-02-07 11:15:33,593 INFO ROUND 3
2022-02-07 11:15:57,074 INFO ROUND 4
2022-02-07 11:16:20,753 INFO ROUND 5
2022-02-07 11:16:53,604 INFO Server -> Train: Loss 2.046 | Accuracy = 20.442
2022-02-07 11:16:55,518 INFO Server -> Test: Loss 2.042 | Accuracy = 20.740
2022-02-07 11:16:55,548 INFO ROUND 6
2022-02-07 11:17:19,011 INFO ROUND 7
2022-02-07 11:17:42,872 INFO ROUND 8
2022-02-07 11:18:06,954 INFO ROUND 9
2022-02-07 11:18:31,101 INFO ROUND 10
2022-02-07 11:19:04,357 INFO Server -> Train: Loss 1.826 | Accuracy = 34.598
2022-02-07 11:19:06,252 INFO Server -> Test: Loss 1.820 | Accuracy = 34.390
2022-02-07 11:19:06,285 INFO ROUND 11
2022-02-07 11:19:30,215 INFO ROUND 12
2022-02-07 11:19:54,354 INFO ROUND 13
2022-02-07 11:20:18,421 INFO ROUND 14
2022-02-07 11:20:42,558 INFO ROUND 15
2022-02-07 11:21:15,936 INFO Server -> Train: Loss 1.656 | Accuracy = 40.546
2022-02-07 11:21:17,845 INFO Server -> Test: Loss 1.655 | Accuracy = 40.370
2022-02-07 11:21:17,878 INFO ROUND 16
2022-02-07 11:21:42,480 INFO ROUND 17
2022-02-07 11:22:07,207 INFO ROUND 18
2022-02-07 11:22:31,890 INFO ROUND 19
2022-02-07 11:22:56,717 INFO ROUND 20
2022-02-07 11:23:31,636 INFO Server -> Train: Loss 1.562 | Accuracy = 44.492
2022-02-07 11:23:33,520 INFO Server -> Test: Loss 1.564 | Accuracy = 44.340
2022-02-07 11:23:33,553 INFO ROUND 21
2022-02-07 11:23:58,363 INFO ROUND 22
2022-02-07 11:24:23,374 INFO ROUND 23
2022-02-07 11:24:48,415 INFO ROUND 24
2022-02-07 11:25:13,353 INFO ROUND 25
2022-02-07 11:25:47,435 INFO Server -> Train: Loss 1.522 | Accuracy = 44.388
2022-02-07 11:25:49,316 INFO Server -> Test: Loss 1.528 | Accuracy = 43.520
2022-02-07 11:25:49,348 INFO ROUND 26
2022-02-07 11:26:14,698 INFO ROUND 27
2022-02-07 11:26:40,240 INFO ROUND 28
2022-02-07 11:27:05,676 INFO ROUND 29
2022-02-07 11:27:31,067 INFO ROUND 30
2022-02-07 11:28:05,523 INFO Server -> Train: Loss 1.422 | Accuracy = 49.030
2022-02-07 11:28:07,376 INFO Server -> Test: Loss 1.427 | Accuracy = 48.420
2022-02-07 11:28:07,410 INFO ROUND 31
2022-02-07 11:28:33,347 INFO ROUND 32
2022-02-07 11:28:59,107 INFO ROUND 33
2022-02-07 11:29:25,269 INFO ROUND 34
2022-02-07 11:29:51,265 INFO ROUND 35
2022-02-07 11:30:26,535 INFO Server -> Train: Loss 1.396 | Accuracy = 49.362
2022-02-07 11:30:28,484 INFO Server -> Test: Loss 1.409 | Accuracy = 48.390
2022-02-07 11:30:28,516 INFO ROUND 36
2022-02-07 11:30:55,030 INFO ROUND 37
2022-02-07 11:31:21,385 INFO ROUND 38
2022-02-07 11:31:48,041 INFO ROUND 39
2022-02-07 11:32:14,661 INFO ROUND 40
2022-02-07 11:32:50,301 INFO Server -> Train: Loss 1.353 | Accuracy = 51.840
2022-02-07 11:32:52,217 INFO Server -> Test: Loss 1.369 | Accuracy = 51.220
2022-02-07 11:32:52,248 INFO ROUND 41
2022-02-07 11:33:19,259 INFO ROUND 42
2022-02-07 11:33:46,254 INFO ROUND 43
2022-02-07 11:34:13,430 INFO ROUND 44
2022-02-07 11:34:41,252 INFO ROUND 45
2022-02-07 11:35:17,711 INFO Server -> Train: Loss 1.277 | Accuracy = 54.484
2022-02-07 11:35:19,608 INFO Server -> Test: Loss 1.298 | Accuracy = 53.400
2022-02-07 11:35:19,640 INFO ROUND 46
2022-02-07 11:35:47,590 INFO ROUND 47
2022-02-07 11:36:15,709 INFO ROUND 48
2022-02-07 11:36:43,869 INFO ROUND 49
2022-02-07 11:37:11,897 INFO ROUND 50
2022-02-07 11:37:48,981 INFO Server -> Train: Loss 1.233 | Accuracy = 55.504
2022-02-07 11:37:50,899 INFO Server -> Test: Loss 1.260 | Accuracy = 54.250
2022-02-07 11:37:50,947 INFO ROUND 51
2022-02-07 11:38:19,305 INFO ROUND 52
2022-02-07 11:38:47,630 INFO ROUND 53
2022-02-07 11:39:17,651 INFO ROUND 54
2022-02-07 11:39:47,163 INFO ROUND 55
2022-02-07 11:40:24,782 INFO Server -> Train: Loss 1.191 | Accuracy = 57.110
2022-02-07 11:40:26,707 INFO Server -> Test: Loss 1.223 | Accuracy = 55.390
2022-02-07 11:40:26,739 INFO ROUND 56
2022-02-07 11:40:55,686 INFO ROUND 57
2022-02-07 11:41:24,636 INFO ROUND 58
2022-02-07 11:41:53,697 INFO ROUND 59
2022-02-07 11:42:22,805 INFO ROUND 60
2022-02-07 11:43:00,710 INFO Server -> Train: Loss 1.144 | Accuracy = 58.802
2022-02-07 11:43:02,650 INFO Server -> Test: Loss 1.185 | Accuracy = 57.070
2022-02-07 11:43:02,682 INFO ROUND 61
2022-02-07 11:43:32,243 INFO ROUND 62
2022-02-07 11:44:01,609 INFO ROUND 63
2022-02-07 11:44:31,329 INFO ROUND 64
2022-02-07 11:45:01,327 INFO ROUND 65
2022-02-07 11:45:40,074 INFO Server -> Train: Loss 1.086 | Accuracy = 61.458
2022-02-07 11:45:41,984 INFO Server -> Test: Loss 1.138 | Accuracy = 59.180
2022-02-07 11:45:42,021 INFO ROUND 66
2022-02-07 11:46:12,134 INFO ROUND 67
2022-02-07 11:46:42,029 INFO ROUND 68
2022-02-07 11:47:11,951 INFO ROUND 69
2022-02-07 11:47:42,330 INFO ROUND 70
2022-02-07 11:48:21,524 INFO Server -> Train: Loss 1.071 | Accuracy = 61.918
2022-02-07 11:48:23,456 INFO Server -> Test: Loss 1.128 | Accuracy = 59.990
2022-02-07 11:48:23,487 INFO ROUND 71
2022-02-07 11:48:53,987 INFO ROUND 72
2022-02-07 11:49:24,548 INFO ROUND 73
2022-02-07 11:49:55,524 INFO ROUND 74
2022-02-07 11:50:26,573 INFO ROUND 75
2022-02-07 11:51:06,515 INFO Server -> Train: Loss 1.053 | Accuracy = 62.090
2022-02-07 11:51:08,475 INFO Server -> Test: Loss 1.122 | Accuracy = 59.810
2022-02-07 11:51:08,507 INFO ROUND 76
2022-02-07 11:51:39,814 INFO ROUND 77
2022-02-07 11:52:11,111 INFO ROUND 78
2022-02-07 11:52:42,730 INFO ROUND 79
2022-02-07 11:53:14,165 INFO ROUND 80
2022-02-07 11:53:54,806 INFO Server -> Train: Loss 1.020 | Accuracy = 63.768
2022-02-07 11:53:56,747 INFO Server -> Test: Loss 1.099 | Accuracy = 60.910
2022-02-07 11:53:56,779 INFO ROUND 81
2022-02-07 11:54:28,544 INFO ROUND 82
2022-02-07 11:55:00,361 INFO ROUND 83
2022-02-07 11:55:32,370 INFO ROUND 84
2022-02-07 11:56:04,455 INFO ROUND 85
2022-02-07 11:56:45,515 INFO Server -> Train: Loss 0.988 | Accuracy = 64.574
2022-02-07 11:56:47,462 INFO Server -> Test: Loss 1.077 | Accuracy = 61.490
2022-02-07 11:56:47,497 INFO ROUND 86
2022-02-07 11:57:19,865 INFO ROUND 87
2022-02-07 11:57:52,341 INFO ROUND 88
2022-02-07 11:58:24,873 INFO ROUND 89
2022-02-07 11:58:59,083 INFO ROUND 90
2022-02-07 11:59:40,870 INFO Server -> Train: Loss 1.000 | Accuracy = 63.708
2022-02-07 11:59:42,842 INFO Server -> Test: Loss 1.101 | Accuracy = 60.350
2022-02-07 11:59:42,874 INFO ROUND 91
2022-02-07 12:00:16,148 INFO ROUND 92
2022-02-07 12:00:49,642 INFO ROUND 93
2022-02-07 12:01:23,013 INFO ROUND 94
2022-02-07 12:01:56,721 INFO ROUND 95
2022-02-07 12:02:39,505 INFO Server -> Train: Loss 0.914 | Accuracy = 67.436
2022-02-07 12:02:41,455 INFO Server -> Test: Loss 1.025 | Accuracy = 64.040
2022-02-07 12:02:41,489 INFO ROUND 96
2022-02-07 12:03:15,225 INFO ROUND 97
2022-02-07 12:03:48,987 INFO ROUND 98
2022-02-07 12:04:23,059 INFO ROUND 99
2022-02-07 12:04:57,244 INFO ROUND 100
2022-02-07 12:05:40,491 INFO Server -> Train: Loss 0.917 | Accuracy = 67.434
2022-02-07 12:05:42,458 INFO Server -> Test: Loss 1.045 | Accuracy = 62.740
2022-02-07 12:05:42,490 INFO ROUND 101
2022-02-07 12:06:16,893 INFO ROUND 102
2022-02-07 12:06:51,370 INFO ROUND 103
2022-02-07 12:07:25,878 INFO ROUND 104
2022-02-07 12:08:00,668 INFO ROUND 105
2022-02-07 12:08:44,468 INFO Server -> Train: Loss 0.884 | Accuracy = 68.550
2022-02-07 12:08:46,448 INFO Server -> Test: Loss 1.023 | Accuracy = 63.890
2022-02-07 12:08:46,482 INFO ROUND 106
2022-02-07 12:09:21,453 INFO ROUND 107
2022-02-07 12:09:56,375 INFO ROUND 108
2022-02-07 12:10:31,375 INFO ROUND 109
2022-02-07 12:11:06,869 INFO ROUND 110
2022-02-07 12:11:51,346 INFO Server -> Train: Loss 0.843 | Accuracy = 69.754
2022-02-07 12:11:53,337 INFO Server -> Test: Loss 0.996 | Accuracy = 64.990
2022-02-07 12:11:53,369 INFO ROUND 111
2022-02-07 12:12:28,945 INFO ROUND 112
2022-02-07 12:13:04,829 INFO ROUND 113
2022-02-07 12:13:40,683 INFO ROUND 114
2022-02-07 12:14:16,760 INFO ROUND 115
2022-02-07 12:15:01,746 INFO Server -> Train: Loss 0.822 | Accuracy = 70.638
2022-02-07 12:15:03,719 INFO Server -> Test: Loss 0.998 | Accuracy = 65.140
2022-02-07 12:15:03,750 INFO ROUND 116
2022-02-07 12:15:40,197 INFO ROUND 117
2022-02-07 12:16:16,710 INFO ROUND 118
2022-02-07 12:16:53,156 INFO ROUND 119
2022-02-07 12:17:29,788 INFO ROUND 120
2022-02-07 12:18:14,983 INFO Server -> Train: Loss 0.784 | Accuracy = 72.156
2022-02-07 12:18:17,033 INFO Server -> Test: Loss 0.976 | Accuracy = 66.250
2022-02-07 12:18:17,065 INFO ROUND 121
2022-02-07 12:18:53,853 INFO ROUND 122
2022-02-07 12:19:30,680 INFO ROUND 123
2022-02-07 12:20:07,867 INFO ROUND 124
2022-02-07 12:20:45,001 INFO ROUND 125
2022-02-07 12:21:31,140 INFO Server -> Train: Loss 0.777 | Accuracy = 72.344
2022-02-07 12:21:33,282 INFO Server -> Test: Loss 0.985 | Accuracy = 65.290
2022-02-07 12:21:33,315 INFO ROUND 126
2022-02-07 12:22:10,784 INFO ROUND 127
2022-02-07 12:22:48,413 INFO ROUND 128
2022-02-07 12:23:26,250 INFO ROUND 129
2022-02-07 12:24:04,138 INFO ROUND 130
2022-02-07 12:24:51,098 INFO Server -> Train: Loss 0.826 | Accuracy = 69.828
2022-02-07 12:24:53,129 INFO Server -> Test: Loss 1.044 | Accuracy = 63.590
2022-02-07 12:24:53,161 INFO ROUND 131
2022-02-07 12:25:33,735 INFO ROUND 132
2022-02-07 12:26:12,222 INFO ROUND 133
2022-02-07 12:26:50,743 INFO ROUND 134
2022-02-07 12:27:29,447 INFO ROUND 135
2022-02-07 12:28:16,639 INFO Server -> Train: Loss 0.724 | Accuracy = 74.362
2022-02-07 12:28:18,707 INFO Server -> Test: Loss 0.979 | Accuracy = 67.060
2022-02-07 12:28:18,740 INFO ROUND 136
2022-02-07 12:28:57,476 INFO ROUND 137
2022-02-07 12:29:36,402 INFO ROUND 138
2022-02-07 12:30:15,313 INFO ROUND 139
2022-02-07 12:30:54,362 INFO ROUND 140
2022-02-07 12:31:42,718 INFO Server -> Train: Loss 0.719 | Accuracy = 74.040
2022-02-07 12:31:44,861 INFO Server -> Test: Loss 1.000 | Accuracy = 66.040
2022-02-07 12:31:44,896 INFO ROUND 141
2022-02-07 12:32:24,508 INFO ROUND 142
2022-02-07 12:33:03,945 INFO ROUND 143
2022-02-07 12:33:43,653 INFO ROUND 144
2022-02-07 12:34:23,579 INFO ROUND 145
2022-02-07 12:35:12,330 INFO Server -> Train: Loss 0.671 | Accuracy = 76.380
2022-02-07 12:35:14,418 INFO Server -> Test: Loss 0.963 | Accuracy = 67.720
2022-02-07 12:35:14,450 INFO ROUND 146
2022-02-07 12:35:54,538 INFO ROUND 147
2022-02-07 12:36:34,642 INFO ROUND 148
2022-02-07 12:37:15,020 INFO ROUND 149
2022-02-07 12:37:55,354 INFO ROUND 150
2022-02-07 12:38:44,523 INFO Server -> Train: Loss 0.738 | Accuracy = 73.314
2022-02-07 12:38:46,582 INFO Server -> Test: Loss 1.071 | Accuracy = 64.750
2022-02-07 12:38:46,614 INFO ROUND 151
2022-02-07 12:39:27,005 INFO ROUND 152
2022-02-07 12:40:07,576 INFO ROUND 153
2022-02-07 12:40:48,230 INFO ROUND 154
2022-02-07 12:41:29,148 INFO ROUND 155
2022-02-07 12:42:19,172 INFO Server -> Train: Loss 0.646 | Accuracy = 76.930
2022-02-07 12:42:21,218 INFO Server -> Test: Loss 0.985 | Accuracy = 67.310
2022-02-07 12:42:21,251 INFO ROUND 156
2022-02-07 12:43:02,439 INFO ROUND 157
2022-02-07 12:43:43,648 INFO ROUND 158
2022-02-07 12:44:25,105 INFO ROUND 159
2022-02-07 12:45:06,872 INFO ROUND 160
2022-02-07 12:45:57,524 INFO Server -> Train: Loss 0.610 | Accuracy = 78.132
2022-02-07 12:45:59,727 INFO Server -> Test: Loss 0.990 | Accuracy = 67.590
2022-02-07 12:45:59,761 INFO ROUND 161
2022-02-07 12:46:41,779 INFO ROUND 162
2022-02-07 12:47:23,881 INFO ROUND 163
2022-02-07 12:48:05,727 INFO ROUND 164
2022-02-07 12:48:48,087 INFO ROUND 165
2022-02-07 12:49:39,371 INFO Server -> Train: Loss 0.643 | Accuracy = 76.664
2022-02-07 12:49:41,442 INFO Server -> Test: Loss 1.032 | Accuracy = 66.050
2022-02-07 12:49:41,474 INFO ROUND 166
2022-02-07 12:50:24,131 INFO ROUND 167
2022-02-07 12:51:06,558 INFO ROUND 168
2022-02-07 12:51:49,548 INFO ROUND 169
2022-02-07 12:52:32,353 INFO ROUND 170
2022-02-07 12:53:24,042 INFO Server -> Train: Loss 0.583 | Accuracy = 79.202
2022-02-07 12:53:26,131 INFO Server -> Test: Loss 0.993 | Accuracy = 67.660
2022-02-07 12:53:26,162 INFO ROUND 171
2022-02-07 12:54:09,256 INFO ROUND 172
2022-02-07 12:54:52,317 INFO ROUND 173
2022-02-07 12:55:35,579 INFO ROUND 174
2022-02-07 12:56:19,062 INFO ROUND 175
2022-02-07 12:57:11,367 INFO Server -> Train: Loss 0.588 | Accuracy = 78.954
2022-02-07 12:57:13,456 INFO Server -> Test: Loss 1.036 | Accuracy = 66.560
2022-02-07 12:57:13,503 INFO ROUND 176
2022-02-07 12:57:57,139 INFO ROUND 177
2022-02-07 12:58:40,806 INFO ROUND 178
2022-02-07 12:59:24,534 INFO ROUND 179
2022-02-07 13:00:08,702 INFO ROUND 180
2022-02-07 13:01:01,904 INFO Server -> Train: Loss 0.641 | Accuracy = 76.590
2022-02-07 13:01:04,022 INFO Server -> Test: Loss 1.113 | Accuracy = 65.160
2022-02-07 13:01:04,053 INFO ROUND 181
2022-02-07 13:01:48,510 INFO ROUND 182
2022-02-07 13:02:32,838 INFO ROUND 183
2022-02-07 13:03:19,849 INFO ROUND 184
2022-02-07 13:04:04,547 INFO ROUND 185
2022-02-07 13:04:58,255 INFO Server -> Train: Loss 0.650 | Accuracy = 75.992
2022-02-07 13:05:00,458 INFO Server -> Test: Loss 1.151 | Accuracy = 64.550
2022-02-07 13:05:00,490 INFO ROUND 186
2022-02-07 13:05:45,357 INFO ROUND 187
2022-02-07 13:06:30,427 INFO ROUND 188
2022-02-07 13:07:15,889 INFO ROUND 189
2022-02-07 13:08:01,143 INFO ROUND 190
2022-02-07 13:08:55,335 INFO Server -> Train: Loss 0.632 | Accuracy = 76.490
2022-02-07 13:08:57,446 INFO Server -> Test: Loss 1.117 | Accuracy = 64.790
2022-02-07 13:08:57,478 INFO ROUND 191
2022-02-07 13:09:43,260 INFO ROUND 192
2022-02-07 13:10:29,269 INFO ROUND 193
2022-02-07 13:11:15,148 INFO ROUND 194
2022-02-07 13:12:01,234 INFO ROUND 195
2022-02-07 13:12:56,011 INFO Server -> Train: Loss 0.529 | Accuracy = 80.796
2022-02-07 13:12:58,270 INFO Server -> Test: Loss 1.062 | Accuracy = 66.870
2022-02-07 13:12:58,301 INFO ROUND 196
2022-02-07 13:13:44,531 INFO ROUND 197
2022-02-07 13:14:30,694 INFO ROUND 198
2022-02-07 13:15:17,218 INFO ROUND 199
2022-02-07 13:16:03,447 INFO ROUND 200
2022-02-07 13:16:59,066 INFO Server -> Train: Loss 0.549 | Accuracy = 80.314
2022-02-07 13:17:01,219 INFO Server -> Test: Loss 1.131 | Accuracy = 65.940
2022-02-07 13:17:01,251 INFO ROUND 201
2022-02-07 13:17:48,046 INFO ROUND 202
2022-02-07 13:18:35,048 INFO ROUND 203
2022-02-07 13:19:21,866 INFO ROUND 204
2022-02-07 13:20:09,146 INFO ROUND 205
2022-02-07 13:21:05,554 INFO Server -> Train: Loss 0.500 | Accuracy = 82.298
2022-02-07 13:21:07,773 INFO Server -> Test: Loss 1.074 | Accuracy = 67.930
2022-02-07 13:21:07,806 INFO ROUND 206
2022-02-07 13:21:55,462 INFO ROUND 207
2022-02-07 13:22:43,341 INFO ROUND 208
2022-02-07 13:23:31,200 INFO ROUND 209
