2022-02-06 10:18:20,751 INFO ('Client samples sizes:', array([1000, 1000, 1000, 1000, 1000, 1000, 1000, 1000, 1000, 1000, 1000,
       1000, 1000, 1000, 1000, 1000, 1000, 1000, 1000, 1000, 1000, 1000,
       1000, 1000, 1000, 1000, 1000, 1000, 1000, 1000, 1000, 1000, 1000,
       1000, 1000, 1000, 1000, 1000, 1000, 1000, 1000, 1000, 1000, 1000,
       1000, 1000, 1000, 1000, 1000, 1000]), 'total:', 50000)
2022-02-06 10:18:36,134 INFO ROUND 1
2022-02-06 10:18:50,037 INFO [AFTER AVG]
2022-02-06 10:19:05,768 INFO Server -> Train: Loss 2.292 | Accuracy = 10.044
2022-02-06 10:19:05,770 INFO ROUND 2
2022-02-06 10:19:17,945 INFO [AFTER AVG]
2022-02-06 10:19:34,235 INFO Server -> Train: Loss 2.277 | Accuracy = 12.178
2022-02-06 10:19:34,235 INFO ROUND 3
2022-02-06 10:19:46,528 INFO [AFTER AVG]
2022-02-06 10:20:02,691 INFO Server -> Train: Loss 2.245 | Accuracy = 16.134
2022-02-06 10:20:02,693 INFO ROUND 4
2022-02-06 10:20:15,062 INFO [AFTER AVG]
2022-02-06 10:20:31,139 INFO Server -> Train: Loss 2.150 | Accuracy = 19.340
2022-02-06 10:20:31,141 INFO ROUND 5
2022-02-06 10:20:43,460 INFO [AFTER AVG]
2022-02-06 10:20:59,644 INFO Server -> Train: Loss 2.067 | Accuracy = 25.464
2022-02-06 10:20:59,645 INFO ROUND 6
2022-02-06 10:21:12,247 INFO [AFTER AVG]
2022-02-06 10:21:28,435 INFO Server -> Train: Loss 2.009 | Accuracy = 26.278
2022-02-06 10:21:28,437 INFO ROUND 7
2022-02-06 10:21:40,982 INFO [AFTER AVG]
2022-02-06 10:21:57,198 INFO Server -> Train: Loss 1.958 | Accuracy = 28.138
2022-02-06 10:21:57,199 INFO ROUND 8
2022-02-06 10:22:09,667 INFO [AFTER AVG]
2022-02-06 10:22:25,881 INFO Server -> Train: Loss 1.931 | Accuracy = 28.910
2022-02-06 10:22:25,883 INFO ROUND 9
2022-02-06 10:22:38,338 INFO [AFTER AVG]
2022-02-06 10:22:54,435 INFO Server -> Train: Loss 1.907 | Accuracy = 31.470
2022-02-06 10:22:54,437 INFO ROUND 10
2022-02-06 10:23:07,005 INFO [AFTER AVG]
2022-02-06 10:23:23,090 INFO Server -> Train: Loss 1.882 | Accuracy = 30.238
2022-02-06 10:23:23,091 INFO ROUND 11
2022-02-06 10:23:35,581 INFO [AFTER AVG]
2022-02-06 10:23:51,654 INFO Server -> Train: Loss 1.855 | Accuracy = 32.084
2022-02-06 10:23:51,655 INFO ROUND 12
2022-02-06 10:24:04,188 INFO [AFTER AVG]
2022-02-06 10:24:20,440 INFO Server -> Train: Loss 1.815 | Accuracy = 34.388
2022-02-06 10:24:20,441 INFO ROUND 13
2022-02-06 10:24:33,111 INFO [AFTER AVG]
2022-02-06 10:24:49,185 INFO Server -> Train: Loss 1.770 | Accuracy = 35.848
2022-02-06 10:24:49,185 INFO ROUND 14
2022-02-06 10:25:01,709 INFO [AFTER AVG]
2022-02-06 10:25:17,789 INFO Server -> Train: Loss 1.746 | Accuracy = 36.394
2022-02-06 10:25:17,790 INFO ROUND 15
2022-02-06 10:25:30,495 INFO [AFTER AVG]
2022-02-06 10:25:46,542 INFO Server -> Train: Loss 1.735 | Accuracy = 36.556
2022-02-06 10:25:49,904 INFO Server -> Test: Loss 1.728 | Accuracy = 37.120
2022-02-06 10:25:49,984 INFO ROUND 16
2022-02-06 10:26:02,678 INFO [AFTER AVG]
2022-02-06 10:26:18,556 INFO Server -> Train: Loss 1.696 | Accuracy = 38.788
2022-02-06 10:26:18,557 INFO ROUND 17
2022-02-06 10:26:31,210 INFO [AFTER AVG]
2022-02-06 10:26:47,298 INFO Server -> Train: Loss 1.699 | Accuracy = 37.434
2022-02-06 10:26:47,300 INFO ROUND 18
2022-02-06 10:26:59,938 INFO [AFTER AVG]
2022-02-06 10:27:16,018 INFO Server -> Train: Loss 1.650 | Accuracy = 40.094
2022-02-06 10:27:16,018 INFO ROUND 19
2022-02-06 10:27:28,777 INFO [AFTER AVG]
2022-02-06 10:27:44,886 INFO Server -> Train: Loss 1.641 | Accuracy = 39.918
2022-02-06 10:27:44,888 INFO ROUND 20
2022-02-06 10:27:57,474 INFO [AFTER AVG]
2022-02-06 10:28:13,535 INFO Server -> Train: Loss 1.664 | Accuracy = 36.698
2022-02-06 10:28:13,536 INFO ROUND 21
2022-02-06 10:28:26,134 INFO [AFTER AVG]
2022-02-06 10:28:42,083 INFO Server -> Train: Loss 1.613 | Accuracy = 41.570
2022-02-06 10:28:42,085 INFO ROUND 22
2022-02-06 10:28:54,732 INFO [AFTER AVG]
2022-02-06 10:29:10,681 INFO Server -> Train: Loss 1.594 | Accuracy = 41.868
2022-02-06 10:29:10,682 INFO ROUND 23
2022-02-06 10:29:23,201 INFO [AFTER AVG]
2022-02-06 10:29:39,178 INFO Server -> Train: Loss 1.593 | Accuracy = 41.456
2022-02-06 10:29:39,179 INFO ROUND 24
2022-02-06 10:29:51,893 INFO [AFTER AVG]
2022-02-06 10:30:07,717 INFO Server -> Train: Loss 1.584 | Accuracy = 41.562
2022-02-06 10:30:07,718 INFO ROUND 25
2022-02-06 10:30:20,404 INFO [AFTER AVG]
2022-02-06 10:30:36,532 INFO Server -> Train: Loss 1.547 | Accuracy = 44.078
2022-02-06 10:30:36,533 INFO ROUND 26
2022-02-06 10:30:49,123 INFO [AFTER AVG]
2022-02-06 10:31:05,062 INFO Server -> Train: Loss 1.544 | Accuracy = 43.660
2022-02-06 10:31:05,062 INFO ROUND 27
2022-02-06 10:31:17,716 INFO [AFTER AVG]
2022-02-06 10:31:33,796 INFO Server -> Train: Loss 1.521 | Accuracy = 45.018
2022-02-06 10:31:33,796 INFO ROUND 28
2022-02-06 10:31:46,353 INFO [AFTER AVG]
2022-02-06 10:32:02,290 INFO Server -> Train: Loss 1.516 | Accuracy = 44.750
2022-02-06 10:32:02,291 INFO ROUND 29
2022-02-06 10:32:14,968 INFO [AFTER AVG]
2022-02-06 10:32:31,138 INFO Server -> Train: Loss 1.515 | Accuracy = 44.240
2022-02-06 10:32:31,138 INFO ROUND 30
2022-02-06 10:32:43,904 INFO [AFTER AVG]
2022-02-06 10:32:59,878 INFO Server -> Train: Loss 1.492 | Accuracy = 46.018
2022-02-06 10:33:03,213 INFO Server -> Test: Loss 1.492 | Accuracy = 45.620
2022-02-06 10:33:03,278 INFO ROUND 31
2022-02-06 10:33:15,995 INFO [AFTER AVG]
2022-02-06 10:33:31,923 INFO Server -> Train: Loss 1.504 | Accuracy = 43.570
2022-02-06 10:33:31,924 INFO ROUND 32
2022-02-06 10:33:44,486 INFO [AFTER AVG]
2022-02-06 10:34:00,418 INFO Server -> Train: Loss 1.479 | Accuracy = 46.424
2022-02-06 10:34:00,420 INFO ROUND 33
2022-02-06 10:34:13,236 INFO [AFTER AVG]
2022-02-06 10:34:29,243 INFO Server -> Train: Loss 1.438 | Accuracy = 48.112
2022-02-06 10:34:29,244 INFO ROUND 34
2022-02-06 10:34:42,025 INFO [AFTER AVG]
2022-02-06 10:34:57,928 INFO Server -> Train: Loss 1.438 | Accuracy = 47.430
2022-02-06 10:34:57,929 INFO ROUND 35
2022-02-06 10:35:10,753 INFO [AFTER AVG]
2022-02-06 10:35:26,671 INFO Server -> Train: Loss 1.440 | Accuracy = 47.758
2022-02-06 10:35:26,673 INFO ROUND 36
2022-02-06 10:35:39,483 INFO [AFTER AVG]
2022-02-06 10:35:55,361 INFO Server -> Train: Loss 1.415 | Accuracy = 48.242
2022-02-06 10:35:55,362 INFO ROUND 37
2022-02-06 10:36:08,170 INFO [AFTER AVG]
2022-02-06 10:36:23,951 INFO Server -> Train: Loss 1.407 | Accuracy = 49.116
2022-02-06 10:36:23,953 INFO ROUND 38
2022-02-06 10:36:36,888 INFO [AFTER AVG]
2022-02-06 10:36:52,641 INFO Server -> Train: Loss 1.403 | Accuracy = 49.682
2022-02-06 10:36:52,643 INFO ROUND 39
2022-02-06 10:37:05,512 INFO [AFTER AVG]
2022-02-06 10:37:21,391 INFO Server -> Train: Loss 1.404 | Accuracy = 49.002
2022-02-06 10:37:21,392 INFO ROUND 40
2022-02-06 10:37:34,295 INFO [AFTER AVG]
2022-02-06 10:37:50,179 INFO Server -> Train: Loss 1.380 | Accuracy = 50.318
2022-02-06 10:37:50,180 INFO ROUND 41
2022-02-06 10:38:03,139 INFO [AFTER AVG]
2022-02-06 10:38:18,972 INFO Server -> Train: Loss 1.358 | Accuracy = 50.692
2022-02-06 10:38:18,973 INFO ROUND 42
2022-02-06 10:38:31,918 INFO [AFTER AVG]
2022-02-06 10:38:47,748 INFO Server -> Train: Loss 1.369 | Accuracy = 51.614
2022-02-06 10:38:47,749 INFO ROUND 43
2022-02-06 10:39:00,680 INFO [AFTER AVG]
2022-02-06 10:39:16,651 INFO Server -> Train: Loss 1.356 | Accuracy = 51.132
2022-02-06 10:39:16,652 INFO ROUND 44
2022-02-06 10:39:29,879 INFO [AFTER AVG]
2022-02-06 10:39:45,759 INFO Server -> Train: Loss 1.354 | Accuracy = 51.088
2022-02-06 10:39:45,760 INFO ROUND 45
2022-02-06 10:40:00,236 INFO [AFTER AVG]
2022-02-06 10:40:16,210 INFO Server -> Train: Loss 1.358 | Accuracy = 50.296
2022-02-06 10:40:19,550 INFO Server -> Test: Loss 1.367 | Accuracy = 50.170
2022-02-06 10:40:19,620 INFO ROUND 46
2022-02-06 10:40:32,869 INFO [AFTER AVG]
2022-02-06 10:40:48,716 INFO Server -> Train: Loss 1.343 | Accuracy = 51.190
2022-02-06 10:40:48,718 INFO ROUND 47
2022-02-06 10:41:01,614 INFO [AFTER AVG]
2022-02-06 10:41:17,344 INFO Server -> Train: Loss 1.322 | Accuracy = 52.358
2022-02-06 10:41:17,344 INFO ROUND 48
2022-02-06 10:41:30,377 INFO [AFTER AVG]
2022-02-06 10:41:46,133 INFO Server -> Train: Loss 1.328 | Accuracy = 52.034
2022-02-06 10:41:46,133 INFO ROUND 49
2022-02-06 10:41:59,111 INFO [AFTER AVG]
2022-02-06 10:42:14,853 INFO Server -> Train: Loss 1.332 | Accuracy = 51.260
2022-02-06 10:42:14,854 INFO ROUND 50
2022-02-06 10:42:27,891 INFO [AFTER AVG]
2022-02-06 10:42:43,618 INFO Server -> Train: Loss 1.315 | Accuracy = 52.664
2022-02-06 10:42:43,620 INFO ROUND 51
2022-02-06 10:42:56,561 INFO [AFTER AVG]
2022-02-06 10:43:12,359 INFO Server -> Train: Loss 1.289 | Accuracy = 54.142
2022-02-06 10:43:12,360 INFO ROUND 52
2022-02-06 10:43:25,311 INFO [AFTER AVG]
2022-02-06 10:43:41,286 INFO Server -> Train: Loss 1.286 | Accuracy = 53.772
2022-02-06 10:43:41,287 INFO ROUND 53
2022-02-06 10:43:54,348 INFO [AFTER AVG]
2022-02-06 10:44:10,052 INFO Server -> Train: Loss 1.265 | Accuracy = 54.904
2022-02-06 10:44:10,053 INFO ROUND 54
2022-02-06 10:44:23,175 INFO [AFTER AVG]
2022-02-06 10:44:39,102 INFO Server -> Train: Loss 1.258 | Accuracy = 55.238
2022-02-06 10:44:39,104 INFO ROUND 55
2022-02-06 10:44:52,263 INFO [AFTER AVG]
2022-02-06 10:45:08,058 INFO Server -> Train: Loss 1.264 | Accuracy = 54.968
2022-02-06 10:45:08,059 INFO ROUND 56
2022-02-06 10:45:21,203 INFO [AFTER AVG]
2022-02-06 10:45:37,177 INFO Server -> Train: Loss 1.241 | Accuracy = 56.034
2022-02-06 10:45:37,178 INFO ROUND 57
2022-02-06 10:45:50,320 INFO [AFTER AVG]
2022-02-06 10:46:06,277 INFO Server -> Train: Loss 1.242 | Accuracy = 56.352
2022-02-06 10:46:06,277 INFO ROUND 58
2022-02-06 10:46:19,588 INFO [AFTER AVG]
2022-02-06 10:46:35,333 INFO Server -> Train: Loss 1.249 | Accuracy = 54.706
2022-02-06 10:46:35,335 INFO ROUND 59
2022-02-06 10:46:48,559 INFO [AFTER AVG]
2022-02-06 10:47:04,424 INFO Server -> Train: Loss 1.245 | Accuracy = 56.034
2022-02-06 10:47:04,426 INFO ROUND 60
2022-02-06 10:47:17,669 INFO [AFTER AVG]
2022-02-06 10:47:33,516 INFO Server -> Train: Loss 1.243 | Accuracy = 55.584
2022-02-06 10:47:36,770 INFO Server -> Test: Loss 1.265 | Accuracy = 54.440
2022-02-06 10:47:36,837 INFO ROUND 61
2022-02-06 10:47:50,069 INFO [AFTER AVG]
2022-02-06 10:48:05,777 INFO Server -> Train: Loss 1.229 | Accuracy = 55.526
2022-02-06 10:48:05,779 INFO ROUND 62
2022-02-06 10:48:18,850 INFO [AFTER AVG]
2022-02-06 10:48:34,426 INFO Server -> Train: Loss 1.230 | Accuracy = 55.876
2022-02-06 10:48:34,427 INFO ROUND 63
2022-02-06 10:48:47,649 INFO [AFTER AVG]
2022-02-06 10:49:03,402 INFO Server -> Train: Loss 1.223 | Accuracy = 56.172
2022-02-06 10:49:03,404 INFO ROUND 64
2022-02-06 10:49:16,578 INFO [AFTER AVG]
2022-02-06 10:49:32,387 INFO Server -> Train: Loss 1.202 | Accuracy = 57.382
2022-02-06 10:49:32,388 INFO ROUND 65
2022-02-06 10:49:45,688 INFO [AFTER AVG]
2022-02-06 10:50:01,131 INFO Server -> Train: Loss 1.210 | Accuracy = 56.786
2022-02-06 10:50:01,132 INFO ROUND 66
2022-02-06 10:50:14,438 INFO [AFTER AVG]
2022-02-06 10:50:30,109 INFO Server -> Train: Loss 1.209 | Accuracy = 55.762
2022-02-06 10:50:30,110 INFO ROUND 67
2022-02-06 10:50:43,447 INFO [AFTER AVG]
2022-02-06 10:50:58,946 INFO Server -> Train: Loss 1.194 | Accuracy = 56.932
2022-02-06 10:50:58,947 INFO ROUND 68
2022-02-06 10:51:12,102 INFO [AFTER AVG]
2022-02-06 10:51:27,719 INFO Server -> Train: Loss 1.163 | Accuracy = 59.108
2022-02-06 10:51:27,720 INFO ROUND 69
2022-02-06 10:51:41,066 INFO [AFTER AVG]
2022-02-06 10:51:56,743 INFO Server -> Train: Loss 1.164 | Accuracy = 58.410
2022-02-06 10:51:56,744 INFO ROUND 70
2022-02-06 10:52:10,029 INFO [AFTER AVG]
2022-02-06 10:52:25,706 INFO Server -> Train: Loss 1.152 | Accuracy = 59.350
2022-02-06 10:52:25,707 INFO ROUND 71
2022-02-06 10:52:39,041 INFO [AFTER AVG]
2022-02-06 10:52:54,730 INFO Server -> Train: Loss 1.147 | Accuracy = 59.422
2022-02-06 10:52:54,732 INFO ROUND 72
2022-02-06 10:53:08,110 INFO [AFTER AVG]
2022-02-06 10:53:23,804 INFO Server -> Train: Loss 1.134 | Accuracy = 60.212
2022-02-06 10:53:23,806 INFO ROUND 73
2022-02-06 10:53:37,145 INFO [AFTER AVG]
2022-02-06 10:53:52,899 INFO Server -> Train: Loss 1.136 | Accuracy = 60.000
2022-02-06 10:53:52,901 INFO ROUND 74
2022-02-06 10:54:06,354 INFO [AFTER AVG]
2022-02-06 10:54:22,010 INFO Server -> Train: Loss 1.132 | Accuracy = 60.480
2022-02-06 10:54:22,011 INFO ROUND 75
2022-02-06 10:54:35,432 INFO [AFTER AVG]
2022-02-06 10:54:51,154 INFO Server -> Train: Loss 1.119 | Accuracy = 60.834
2022-02-06 10:54:54,489 INFO Server -> Test: Loss 1.153 | Accuracy = 59.390
2022-02-06 10:54:54,549 INFO ROUND 76
2022-02-06 10:55:08,051 INFO [AFTER AVG]
2022-02-06 10:55:23,606 INFO Server -> Train: Loss 1.124 | Accuracy = 60.248
2022-02-06 10:55:23,607 INFO ROUND 77
2022-02-06 10:55:37,063 INFO [AFTER AVG]
2022-02-06 10:55:52,706 INFO Server -> Train: Loss 1.115 | Accuracy = 60.858
2022-02-06 10:55:52,706 INFO ROUND 78
2022-02-06 10:56:06,072 INFO [AFTER AVG]
2022-02-06 10:56:21,570 INFO Server -> Train: Loss 1.118 | Accuracy = 60.166
2022-02-06 10:56:21,572 INFO ROUND 79
2022-02-06 10:56:35,106 INFO [AFTER AVG]
2022-02-06 10:56:50,646 INFO Server -> Train: Loss 1.124 | Accuracy = 60.254
2022-02-06 10:56:50,647 INFO ROUND 80
2022-02-06 10:57:04,136 INFO [AFTER AVG]
2022-02-06 10:57:19,653 INFO Server -> Train: Loss 1.095 | Accuracy = 61.476
2022-02-06 10:57:19,654 INFO ROUND 81
2022-02-06 10:57:33,128 INFO [AFTER AVG]
2022-02-06 10:57:48,793 INFO Server -> Train: Loss 1.088 | Accuracy = 62.114
2022-02-06 10:57:48,793 INFO ROUND 82
2022-02-06 10:58:02,287 INFO [AFTER AVG]
2022-02-06 10:58:18,013 INFO Server -> Train: Loss 1.084 | Accuracy = 61.998
2022-02-06 10:58:18,014 INFO ROUND 83
2022-02-06 10:58:31,491 INFO [AFTER AVG]
2022-02-06 10:58:47,046 INFO Server -> Train: Loss 1.088 | Accuracy = 61.592
2022-02-06 10:58:47,046 INFO ROUND 84
2022-02-06 10:59:00,482 INFO [AFTER AVG]
2022-02-06 10:59:16,094 INFO Server -> Train: Loss 1.086 | Accuracy = 61.622
2022-02-06 10:59:16,096 INFO ROUND 85
2022-02-06 10:59:29,744 INFO [AFTER AVG]
2022-02-06 10:59:45,439 INFO Server -> Train: Loss 1.079 | Accuracy = 62.298
2022-02-06 10:59:45,441 INFO ROUND 86
2022-02-06 10:59:59,126 INFO [AFTER AVG]
2022-02-06 11:00:14,881 INFO Server -> Train: Loss 1.068 | Accuracy = 62.252
2022-02-06 11:00:14,883 INFO ROUND 87
2022-02-06 11:00:28,403 INFO [AFTER AVG]
2022-02-06 11:00:44,207 INFO Server -> Train: Loss 1.048 | Accuracy = 63.206
2022-02-06 11:00:44,208 INFO ROUND 88
2022-02-06 11:00:57,798 INFO [AFTER AVG]
2022-02-06 11:01:13,446 INFO Server -> Train: Loss 1.040 | Accuracy = 63.496
2022-02-06 11:01:13,446 INFO ROUND 89
2022-02-06 11:01:27,063 INFO [AFTER AVG]
2022-02-06 11:01:42,786 INFO Server -> Train: Loss 1.063 | Accuracy = 62.562
2022-02-06 11:01:42,788 INFO ROUND 90
2022-02-06 11:01:56,372 INFO [AFTER AVG]
2022-02-06 11:02:12,181 INFO Server -> Train: Loss 1.060 | Accuracy = 62.760
2022-02-06 11:02:15,404 INFO Server -> Test: Loss 1.107 | Accuracy = 60.550
2022-02-06 11:02:15,467 INFO ROUND 91
2022-02-06 11:02:29,087 INFO [AFTER AVG]
2022-02-06 11:02:44,669 INFO Server -> Train: Loss 1.039 | Accuracy = 63.954
2022-02-06 11:02:44,669 INFO ROUND 92
2022-02-06 11:02:58,218 INFO [AFTER AVG]
2022-02-06 11:03:13,680 INFO Server -> Train: Loss 1.037 | Accuracy = 64.146
2022-02-06 11:03:13,681 INFO ROUND 93
2022-02-06 11:03:27,387 INFO [AFTER AVG]
2022-02-06 11:03:43,181 INFO Server -> Train: Loss 1.022 | Accuracy = 64.036
2022-02-06 11:03:43,182 INFO ROUND 94
2022-02-06 11:03:56,848 INFO [AFTER AVG]
2022-02-06 11:04:12,505 INFO Server -> Train: Loss 1.042 | Accuracy = 63.310
2022-02-06 11:04:12,505 INFO ROUND 95
2022-02-06 11:04:26,212 INFO [AFTER AVG]
2022-02-06 11:04:41,871 INFO Server -> Train: Loss 1.017 | Accuracy = 64.156
2022-02-06 11:04:41,872 INFO ROUND 96
2022-02-06 11:04:55,598 INFO [AFTER AVG]
2022-02-06 11:05:11,191 INFO Server -> Train: Loss 1.015 | Accuracy = 64.412
2022-02-06 11:05:11,192 INFO ROUND 97
2022-02-06 11:05:24,921 INFO [AFTER AVG]
2022-02-06 11:05:40,589 INFO Server -> Train: Loss 1.026 | Accuracy = 63.428
2022-02-06 11:05:40,590 INFO ROUND 98
2022-02-06 11:05:54,502 INFO [AFTER AVG]
2022-02-06 11:06:10,006 INFO Server -> Train: Loss 1.008 | Accuracy = 64.902
2022-02-06 11:06:10,008 INFO ROUND 99
2022-02-06 11:06:23,808 INFO [AFTER AVG]
2022-02-06 11:06:39,381 INFO Server -> Train: Loss 0.987 | Accuracy = 65.538
2022-02-06 11:06:39,382 INFO ROUND 100
2022-02-06 11:06:53,199 INFO [AFTER AVG]
2022-02-06 11:07:08,674 INFO Server -> Train: Loss 0.987 | Accuracy = 65.528
2022-02-06 11:07:08,675 INFO ROUND 101
2022-02-06 11:07:22,429 INFO [AFTER AVG]
2022-02-06 11:07:38,195 INFO Server -> Train: Loss 0.980 | Accuracy = 65.934
2022-02-06 11:07:38,196 INFO ROUND 102
2022-02-06 11:07:52,033 INFO [AFTER AVG]
2022-02-06 11:08:07,609 INFO Server -> Train: Loss 0.990 | Accuracy = 65.462
2022-02-06 11:08:07,611 INFO ROUND 103
2022-02-06 11:08:21,397 INFO [AFTER AVG]
2022-02-06 11:08:36,952 INFO Server -> Train: Loss 0.977 | Accuracy = 65.726
2022-02-06 11:08:36,954 INFO ROUND 104
2022-02-06 11:08:50,916 INFO [AFTER AVG]
2022-02-06 11:09:06,529 INFO Server -> Train: Loss 0.976 | Accuracy = 66.056
2022-02-06 11:09:06,531 INFO ROUND 105
2022-02-06 11:09:20,601 INFO [AFTER AVG]
2022-02-06 11:09:36,072 INFO Server -> Train: Loss 0.983 | Accuracy = 65.224
2022-02-06 11:09:39,316 INFO Server -> Test: Loss 1.046 | Accuracy = 62.420
2022-02-06 11:09:39,381 INFO ROUND 106
2022-02-06 11:09:53,417 INFO [AFTER AVG]
2022-02-06 11:10:09,145 INFO Server -> Train: Loss 0.969 | Accuracy = 66.096
2022-02-06 11:10:09,146 INFO ROUND 107
2022-02-06 11:10:23,046 INFO [AFTER AVG]
2022-02-06 11:10:38,559 INFO Server -> Train: Loss 0.947 | Accuracy = 67.222
2022-02-06 11:10:38,560 INFO ROUND 108
2022-02-06 11:10:52,520 INFO [AFTER AVG]
2022-02-06 11:11:08,254 INFO Server -> Train: Loss 0.949 | Accuracy = 66.692
2022-02-06 11:11:08,255 INFO ROUND 109
2022-02-06 11:11:22,292 INFO [AFTER AVG]
2022-02-06 11:11:37,718 INFO Server -> Train: Loss 0.937 | Accuracy = 67.312
2022-02-06 11:11:37,719 INFO ROUND 110
2022-02-06 11:11:51,606 INFO [AFTER AVG]
2022-02-06 11:12:07,091 INFO Server -> Train: Loss 0.937 | Accuracy = 67.022
2022-02-06 11:12:07,093 INFO ROUND 111
2022-02-06 11:12:21,119 INFO [AFTER AVG]
2022-02-06 11:12:36,756 INFO Server -> Train: Loss 0.933 | Accuracy = 67.340
2022-02-06 11:12:36,758 INFO ROUND 112
2022-02-06 11:12:50,761 INFO [AFTER AVG]
2022-02-06 11:13:06,257 INFO Server -> Train: Loss 0.924 | Accuracy = 67.836
2022-02-06 11:13:06,259 INFO ROUND 113
2022-02-06 11:13:20,217 INFO [AFTER AVG]
2022-02-06 11:13:35,823 INFO Server -> Train: Loss 0.923 | Accuracy = 68.266
2022-02-06 11:13:35,824 INFO ROUND 114
2022-02-06 11:13:49,976 INFO [AFTER AVG]
2022-02-06 11:14:05,564 INFO Server -> Train: Loss 0.914 | Accuracy = 67.954
2022-02-06 11:14:05,566 INFO ROUND 115
2022-02-06 11:14:19,623 INFO [AFTER AVG]
2022-02-06 11:14:35,369 INFO Server -> Train: Loss 0.949 | Accuracy = 66.194
2022-02-06 11:14:35,370 INFO ROUND 116
2022-02-06 11:14:49,537 INFO [AFTER AVG]
2022-02-06 11:15:05,112 INFO Server -> Train: Loss 0.910 | Accuracy = 68.512
2022-02-06 11:15:05,114 INFO ROUND 117
2022-02-06 11:15:19,407 INFO [AFTER AVG]
2022-02-06 11:15:35,174 INFO Server -> Train: Loss 0.902 | Accuracy = 68.266
2022-02-06 11:15:35,176 INFO ROUND 118
2022-02-06 11:15:49,445 INFO [AFTER AVG]
2022-02-06 11:16:05,117 INFO Server -> Train: Loss 0.931 | Accuracy = 66.836
2022-02-06 11:16:05,118 INFO ROUND 119
2022-02-06 11:16:19,415 INFO [AFTER AVG]
2022-02-06 11:16:35,152 INFO Server -> Train: Loss 0.903 | Accuracy = 68.400
2022-02-06 11:16:35,154 INFO ROUND 120
2022-02-06 11:16:49,422 INFO [AFTER AVG]
2022-02-06 11:17:05,151 INFO Server -> Train: Loss 0.887 | Accuracy = 69.334
2022-02-06 11:17:08,507 INFO Server -> Test: Loss 0.970 | Accuracy = 66.240
2022-02-06 11:17:08,570 INFO ROUND 121
2022-02-06 11:17:22,929 INFO [AFTER AVG]
2022-02-06 11:17:38,841 INFO Server -> Train: Loss 0.900 | Accuracy = 68.776
2022-02-06 11:17:38,843 INFO ROUND 122
2022-02-06 11:17:53,202 INFO [AFTER AVG]
2022-02-06 11:18:08,927 INFO Server -> Train: Loss 0.886 | Accuracy = 69.068
2022-02-06 11:18:08,928 INFO ROUND 123
2022-02-06 11:18:23,214 INFO [AFTER AVG]
2022-02-06 11:18:38,866 INFO Server -> Train: Loss 0.886 | Accuracy = 69.356
2022-02-06 11:18:38,867 INFO ROUND 124
2022-02-06 11:18:53,213 INFO [AFTER AVG]
2022-02-06 11:19:09,019 INFO Server -> Train: Loss 0.872 | Accuracy = 69.794
2022-02-06 11:19:09,021 INFO ROUND 125
2022-02-06 11:19:23,363 INFO [AFTER AVG]
2022-02-06 11:19:39,097 INFO Server -> Train: Loss 0.861 | Accuracy = 70.320
2022-02-06 11:19:39,098 INFO ROUND 126
2022-02-06 11:19:55,330 INFO [AFTER AVG]
2022-02-06 11:20:11,074 INFO Server -> Train: Loss 0.865 | Accuracy = 70.062
2022-02-06 11:20:11,075 INFO ROUND 127
2022-02-06 11:20:25,456 INFO [AFTER AVG]
2022-02-06 11:20:41,114 INFO Server -> Train: Loss 0.859 | Accuracy = 70.366
2022-02-06 11:20:41,114 INFO ROUND 128
2022-02-06 11:20:55,680 INFO [AFTER AVG]
2022-02-06 11:21:11,491 INFO Server -> Train: Loss 0.847 | Accuracy = 70.586
2022-02-06 11:21:11,492 INFO ROUND 129
2022-02-06 11:21:25,998 INFO [AFTER AVG]
2022-02-06 11:21:41,607 INFO Server -> Train: Loss 0.868 | Accuracy = 69.752
2022-02-06 11:21:41,609 INFO ROUND 130
2022-02-06 11:21:56,247 INFO [AFTER AVG]
2022-02-06 11:22:11,961 INFO Server -> Train: Loss 0.877 | Accuracy = 69.500
2022-02-06 11:22:11,963 INFO ROUND 131
2022-02-06 11:22:26,476 INFO [AFTER AVG]
2022-02-06 11:22:42,119 INFO Server -> Train: Loss 0.844 | Accuracy = 71.084
2022-02-06 11:22:42,121 INFO ROUND 132
2022-02-06 11:22:56,680 INFO [AFTER AVG]
2022-02-06 11:23:12,316 INFO Server -> Train: Loss 0.836 | Accuracy = 71.242
2022-02-06 11:23:12,318 INFO ROUND 133
2022-02-06 11:23:26,848 INFO [AFTER AVG]
2022-02-06 11:23:42,663 INFO Server -> Train: Loss 0.834 | Accuracy = 71.378
2022-02-06 11:23:42,664 INFO ROUND 134
2022-02-06 11:23:57,120 INFO [AFTER AVG]
2022-02-06 11:24:12,693 INFO Server -> Train: Loss 0.848 | Accuracy = 70.360
2022-02-06 11:24:12,694 INFO ROUND 135
2022-02-06 11:24:27,137 INFO [AFTER AVG]
2022-02-06 11:24:42,667 INFO Server -> Train: Loss 0.839 | Accuracy = 71.202
2022-02-06 11:24:45,949 INFO Server -> Test: Loss 0.940 | Accuracy = 67.540
2022-02-06 11:24:46,015 INFO ROUND 136
2022-02-06 11:25:00,681 INFO [AFTER AVG]
2022-02-06 11:25:16,320 INFO Server -> Train: Loss 0.830 | Accuracy = 70.976
2022-02-06 11:25:16,321 INFO ROUND 137
2022-02-06 11:25:30,871 INFO [AFTER AVG]
2022-02-06 11:25:46,609 INFO Server -> Train: Loss 0.823 | Accuracy = 71.574
2022-02-06 11:25:46,610 INFO ROUND 138
2022-02-06 11:26:01,127 INFO [AFTER AVG]
2022-02-06 11:26:16,778 INFO Server -> Train: Loss 0.845 | Accuracy = 70.232
2022-02-06 11:26:16,779 INFO ROUND 139
2022-02-06 11:26:31,307 INFO [AFTER AVG]
2022-02-06 11:26:46,825 INFO Server -> Train: Loss 0.812 | Accuracy = 71.650
2022-02-06 11:26:46,826 INFO ROUND 140
2022-02-06 11:27:01,538 INFO [AFTER AVG]
2022-02-06 11:27:17,202 INFO Server -> Train: Loss 0.823 | Accuracy = 71.514
2022-02-06 11:27:17,202 INFO ROUND 141
2022-02-06 11:27:31,788 INFO [AFTER AVG]
2022-02-06 11:27:47,562 INFO Server -> Train: Loss 0.814 | Accuracy = 72.364
2022-02-06 11:27:47,563 INFO ROUND 142
2022-02-06 11:28:02,178 INFO [AFTER AVG]
2022-02-06 11:28:17,809 INFO Server -> Train: Loss 0.823 | Accuracy = 71.410
2022-02-06 11:28:17,811 INFO ROUND 143
2022-02-06 11:28:32,347 INFO [AFTER AVG]
2022-02-06 11:28:48,201 INFO Server -> Train: Loss 0.806 | Accuracy = 72.482
2022-02-06 11:28:48,202 INFO ROUND 144
2022-02-06 11:29:02,853 INFO [AFTER AVG]
2022-02-06 11:29:18,570 INFO Server -> Train: Loss 0.812 | Accuracy = 71.466
2022-02-06 11:29:18,571 INFO ROUND 145
2022-02-06 11:29:33,231 INFO [AFTER AVG]
2022-02-06 11:29:49,081 INFO Server -> Train: Loss 0.807 | Accuracy = 71.266
2022-02-06 11:29:49,082 INFO ROUND 146
2022-02-06 11:30:03,813 INFO [AFTER AVG]
2022-02-06 11:30:19,458 INFO Server -> Train: Loss 0.788 | Accuracy = 72.636
2022-02-06 11:30:19,459 INFO ROUND 147
2022-02-06 11:30:34,145 INFO [AFTER AVG]
2022-02-06 11:30:49,868 INFO Server -> Train: Loss 0.789 | Accuracy = 72.910
2022-02-06 11:30:49,869 INFO ROUND 148
2022-02-06 11:31:04,476 INFO [AFTER AVG]
2022-02-06 11:31:20,002 INFO Server -> Train: Loss 0.775 | Accuracy = 72.830
2022-02-06 11:31:20,003 INFO ROUND 149
2022-02-06 11:31:34,674 INFO [AFTER AVG]
2022-02-06 11:31:50,488 INFO Server -> Train: Loss 0.781 | Accuracy = 73.284
2022-02-06 11:31:50,490 INFO ROUND 150
2022-02-06 11:32:05,179 INFO [AFTER AVG]
2022-02-06 11:32:20,705 INFO Server -> Train: Loss 0.775 | Accuracy = 73.370
2022-02-06 11:32:24,069 INFO Server -> Test: Loss 0.910 | Accuracy = 68.550
2022-02-06 11:32:24,153 INFO ROUND 151
2022-02-06 11:32:38,954 INFO [AFTER AVG]
2022-02-06 11:32:54,733 INFO Server -> Train: Loss 0.773 | Accuracy = 72.870
2022-02-06 11:32:54,734 INFO ROUND 152
2022-02-06 11:33:09,339 INFO [AFTER AVG]
2022-02-06 11:33:24,882 INFO Server -> Train: Loss 0.756 | Accuracy = 74.006
2022-02-06 11:33:24,882 INFO ROUND 153
2022-02-06 11:33:39,597 INFO [AFTER AVG]
2022-02-06 11:33:55,335 INFO Server -> Train: Loss 0.765 | Accuracy = 73.354
2022-02-06 11:33:55,337 INFO ROUND 154
2022-02-06 11:34:10,023 INFO [AFTER AVG]
2022-02-06 11:34:25,766 INFO Server -> Train: Loss 0.752 | Accuracy = 74.106
2022-02-06 11:34:25,766 INFO ROUND 155
2022-02-06 11:34:40,636 INFO [AFTER AVG]
2022-02-06 11:34:56,448 INFO Server -> Train: Loss 0.761 | Accuracy = 73.798
2022-02-06 11:34:56,450 INFO ROUND 156
2022-02-06 11:35:11,218 INFO [AFTER AVG]
2022-02-06 11:35:26,813 INFO Server -> Train: Loss 0.751 | Accuracy = 73.564
2022-02-06 11:35:26,815 INFO ROUND 157
2022-02-06 11:35:41,536 INFO [AFTER AVG]
2022-02-06 11:35:57,359 INFO Server -> Train: Loss 0.783 | Accuracy = 72.156
2022-02-06 11:35:57,360 INFO ROUND 158
2022-02-06 11:36:12,073 INFO [AFTER AVG]
2022-02-06 11:36:27,848 INFO Server -> Train: Loss 0.763 | Accuracy = 72.942
2022-02-06 11:36:27,849 INFO ROUND 159
2022-02-06 11:36:42,631 INFO [AFTER AVG]
2022-02-06 11:36:58,387 INFO Server -> Train: Loss 0.731 | Accuracy = 74.786
2022-02-06 11:36:58,388 INFO ROUND 160
2022-02-06 11:37:13,234 INFO [AFTER AVG]
2022-02-06 11:37:28,920 INFO Server -> Train: Loss 0.743 | Accuracy = 74.130
2022-02-06 11:37:28,921 INFO ROUND 161
2022-02-06 11:37:43,815 INFO [AFTER AVG]
2022-02-06 11:37:59,490 INFO Server -> Train: Loss 0.722 | Accuracy = 75.288
2022-02-06 11:37:59,491 INFO ROUND 162
2022-02-06 11:38:14,369 INFO [AFTER AVG]
2022-02-06 11:38:30,070 INFO Server -> Train: Loss 0.716 | Accuracy = 75.362
2022-02-06 11:38:30,071 INFO ROUND 163
2022-02-06 11:38:44,946 INFO [AFTER AVG]
2022-02-06 11:39:00,627 INFO Server -> Train: Loss 0.722 | Accuracy = 74.978
2022-02-06 11:39:00,629 INFO ROUND 164
2022-02-06 11:39:15,453 INFO [AFTER AVG]
2022-02-06 11:39:31,123 INFO Server -> Train: Loss 0.716 | Accuracy = 75.682
2022-02-06 11:39:31,123 INFO ROUND 165
2022-02-06 11:39:46,112 INFO [AFTER AVG]
2022-02-06 11:40:01,835 INFO Server -> Train: Loss 0.729 | Accuracy = 74.576
2022-02-06 11:40:05,149 INFO Server -> Test: Loss 0.893 | Accuracy = 69.110
2022-02-06 11:40:05,232 INFO ROUND 166
2022-02-06 11:40:20,158 INFO [AFTER AVG]
2022-02-06 11:40:35,689 INFO Server -> Train: Loss 0.711 | Accuracy = 75.634
2022-02-06 11:40:35,691 INFO ROUND 167
2022-02-06 11:40:50,614 INFO [AFTER AVG]
2022-02-06 11:41:06,138 INFO Server -> Train: Loss 0.701 | Accuracy = 75.740
2022-02-06 11:41:06,139 INFO ROUND 168
2022-02-06 11:41:21,013 INFO [AFTER AVG]
2022-02-06 11:41:36,503 INFO Server -> Train: Loss 0.706 | Accuracy = 75.738
2022-02-06 11:41:36,504 INFO ROUND 169
2022-02-06 11:41:51,431 INFO [AFTER AVG]
2022-02-06 11:42:07,124 INFO Server -> Train: Loss 0.718 | Accuracy = 74.636
2022-02-06 11:42:07,124 INFO ROUND 170
2022-02-06 11:42:22,123 INFO [AFTER AVG]
2022-02-06 11:42:37,845 INFO Server -> Train: Loss 0.694 | Accuracy = 76.424
2022-02-06 11:42:37,847 INFO ROUND 171
2022-02-06 11:42:53,024 INFO [AFTER AVG]
2022-02-06 11:43:08,745 INFO Server -> Train: Loss 0.684 | Accuracy = 76.390
2022-02-06 11:43:08,746 INFO ROUND 172
2022-02-06 11:43:24,001 INFO [AFTER AVG]
2022-02-06 11:43:39,682 INFO Server -> Train: Loss 0.692 | Accuracy = 76.368
2022-02-06 11:43:39,683 INFO ROUND 173
2022-02-06 11:43:54,835 INFO [AFTER AVG]
2022-02-06 11:44:10,432 INFO Server -> Train: Loss 0.681 | Accuracy = 76.824
2022-02-06 11:44:10,434 INFO ROUND 174
2022-02-06 11:44:25,586 INFO [AFTER AVG]
2022-02-06 11:44:41,165 INFO Server -> Train: Loss 0.686 | Accuracy = 75.958
2022-02-06 11:44:41,165 INFO ROUND 175
2022-02-06 11:44:56,300 INFO [AFTER AVG]
2022-02-06 11:45:11,872 INFO Server -> Train: Loss 0.700 | Accuracy = 75.108
2022-02-06 11:45:11,872 INFO ROUND 176
2022-02-06 11:45:27,088 INFO [AFTER AVG]
2022-02-06 11:45:42,668 INFO Server -> Train: Loss 0.678 | Accuracy = 76.300
2022-02-06 11:45:42,669 INFO ROUND 177
2022-02-06 11:45:57,900 INFO [AFTER AVG]
2022-02-06 11:46:13,548 INFO Server -> Train: Loss 0.671 | Accuracy = 77.012
2022-02-06 11:46:13,549 INFO ROUND 178
2022-02-06 11:46:28,838 INFO [AFTER AVG]
2022-02-06 11:46:44,578 INFO Server -> Train: Loss 0.663 | Accuracy = 76.758
2022-02-06 11:46:44,579 INFO ROUND 179
2022-02-06 11:46:59,877 INFO [AFTER AVG]
2022-02-06 11:47:15,423 INFO Server -> Train: Loss 0.660 | Accuracy = 77.374
2022-02-06 11:47:15,424 INFO ROUND 180
2022-02-06 11:47:30,643 INFO [AFTER AVG]
2022-02-06 11:47:46,149 INFO Server -> Train: Loss 0.655 | Accuracy = 77.284
2022-02-06 11:47:49,431 INFO Server -> Test: Loss 0.860 | Accuracy = 70.160
2022-02-06 11:47:49,512 INFO ROUND 181
2022-02-06 11:48:05,000 INFO [AFTER AVG]
2022-02-06 11:48:20,644 INFO Server -> Train: Loss 0.676 | Accuracy = 76.130
2022-02-06 11:48:20,645 INFO ROUND 182
2022-02-06 11:48:36,000 INFO [AFTER AVG]
2022-02-06 11:48:51,612 INFO Server -> Train: Loss 0.661 | Accuracy = 76.976
2022-02-06 11:48:51,613 INFO ROUND 183
2022-02-06 11:49:06,964 INFO [AFTER AVG]
2022-02-06 11:49:22,593 INFO Server -> Train: Loss 0.647 | Accuracy = 77.974
2022-02-06 11:49:22,594 INFO ROUND 184
2022-02-06 11:49:37,819 INFO [AFTER AVG]
2022-02-06 11:49:53,336 INFO Server -> Train: Loss 0.639 | Accuracy = 78.096
2022-02-06 11:49:53,338 INFO ROUND 185
2022-02-06 11:50:08,760 INFO [AFTER AVG]
2022-02-06 11:50:24,400 INFO Server -> Train: Loss 0.646 | Accuracy = 77.710
2022-02-06 11:50:24,401 INFO ROUND 186
2022-02-06 11:50:39,610 INFO [AFTER AVG]
2022-02-06 11:50:55,254 INFO Server -> Train: Loss 0.634 | Accuracy = 78.196
2022-02-06 11:50:55,256 INFO ROUND 187
2022-02-06 11:51:10,640 INFO [AFTER AVG]
2022-02-06 11:51:26,297 INFO Server -> Train: Loss 0.671 | Accuracy = 75.966
2022-02-06 11:51:26,297 INFO ROUND 188
2022-02-06 11:51:41,851 INFO [AFTER AVG]
2022-02-06 11:51:57,657 INFO Server -> Train: Loss 0.661 | Accuracy = 76.800
2022-02-06 11:51:57,658 INFO ROUND 189
2022-02-06 11:52:13,047 INFO [AFTER AVG]
2022-02-06 11:52:28,791 INFO Server -> Train: Loss 0.656 | Accuracy = 76.540
2022-02-06 11:52:28,792 INFO ROUND 190
2022-02-06 11:52:44,162 INFO [AFTER AVG]
2022-02-06 11:52:59,872 INFO Server -> Train: Loss 0.631 | Accuracy = 78.078
2022-02-06 11:52:59,873 INFO ROUND 191
2022-02-06 11:53:15,307 INFO [AFTER AVG]
2022-02-06 11:53:30,852 INFO Server -> Train: Loss 0.614 | Accuracy = 78.734
2022-02-06 11:53:30,853 INFO ROUND 192
2022-02-06 11:53:46,252 INFO [AFTER AVG]
2022-02-06 11:54:01,970 INFO Server -> Train: Loss 0.624 | Accuracy = 78.230
2022-02-06 11:54:01,970 INFO ROUND 193
2022-02-06 11:54:17,346 INFO [AFTER AVG]
2022-02-06 11:54:32,866 INFO Server -> Train: Loss 0.609 | Accuracy = 79.030
2022-02-06 11:54:32,866 INFO ROUND 194
2022-02-06 11:54:48,303 INFO [AFTER AVG]
2022-02-06 11:55:03,948 INFO Server -> Train: Loss 0.617 | Accuracy = 78.780
2022-02-06 11:55:03,950 INFO ROUND 195
2022-02-06 11:55:19,471 INFO [AFTER AVG]
2022-02-06 11:55:34,899 INFO Server -> Train: Loss 0.598 | Accuracy = 79.356
2022-02-06 11:55:38,265 INFO Server -> Test: Loss 0.838 | Accuracy = 71.250
2022-02-06 11:55:38,340 INFO ROUND 196
2022-02-06 11:55:53,921 INFO [AFTER AVG]
2022-02-06 11:56:09,542 INFO Server -> Train: Loss 0.608 | Accuracy = 78.814
2022-02-06 11:56:09,543 INFO ROUND 197
2022-02-06 11:56:25,070 INFO [AFTER AVG]
2022-02-06 11:56:40,750 INFO Server -> Train: Loss 0.598 | Accuracy = 79.194
2022-02-06 11:56:40,750 INFO ROUND 198
2022-02-06 11:56:56,464 INFO [AFTER AVG]
2022-02-06 11:57:11,941 INFO Server -> Train: Loss 0.579 | Accuracy = 80.106
2022-02-06 11:57:11,942 INFO ROUND 199
2022-02-06 11:57:27,692 INFO [AFTER AVG]
2022-02-06 11:57:43,218 INFO Server -> Train: Loss 0.579 | Accuracy = 79.862
2022-02-06 11:57:43,220 INFO ROUND 200
2022-02-06 11:57:58,926 INFO [AFTER AVG]
2022-02-06 11:58:14,471 INFO Server -> Train: Loss 0.602 | Accuracy = 78.832
2022-02-06 11:58:14,475 INFO ROUND 201
2022-02-06 11:58:30,136 INFO [AFTER AVG]
2022-02-06 11:58:45,665 INFO Server -> Train: Loss 0.583 | Accuracy = 79.698
2022-02-06 11:58:45,666 INFO ROUND 202
2022-02-06 11:59:01,361 INFO [AFTER AVG]
2022-02-06 11:59:17,044 INFO Server -> Train: Loss 0.600 | Accuracy = 78.726
2022-02-06 11:59:17,045 INFO ROUND 203
2022-02-06 11:59:32,804 INFO [AFTER AVG]
2022-02-06 11:59:48,344 INFO Server -> Train: Loss 0.568 | Accuracy = 80.154
2022-02-06 11:59:48,345 INFO ROUND 204
2022-02-06 12:00:04,130 INFO [AFTER AVG]
2022-02-06 12:00:19,754 INFO Server -> Train: Loss 0.594 | Accuracy = 79.062
2022-02-06 12:00:19,756 INFO ROUND 205
2022-02-06 12:00:35,381 INFO [AFTER AVG]
2022-02-06 12:00:51,045 INFO Server -> Train: Loss 0.563 | Accuracy = 80.750
2022-02-06 12:00:51,047 INFO ROUND 206
2022-02-06 12:01:06,764 INFO [AFTER AVG]
2022-02-06 12:01:22,229 INFO Server -> Train: Loss 0.573 | Accuracy = 79.954
2022-02-06 12:01:22,230 INFO ROUND 207
2022-02-06 12:01:37,867 INFO [AFTER AVG]
2022-02-06 12:01:53,428 INFO Server -> Train: Loss 0.567 | Accuracy = 80.584
2022-02-06 12:01:53,429 INFO ROUND 208
2022-02-06 12:02:09,411 INFO [AFTER AVG]
2022-02-06 12:02:24,935 INFO Server -> Train: Loss 0.554 | Accuracy = 80.666
2022-02-06 12:02:24,937 INFO ROUND 209
2022-02-06 12:02:40,888 INFO [AFTER AVG]
2022-02-06 12:02:56,527 INFO Server -> Train: Loss 0.556 | Accuracy = 80.630
2022-02-06 12:02:56,529 INFO ROUND 210
2022-02-06 12:03:12,385 INFO [AFTER AVG]
2022-02-06 12:03:28,167 INFO Server -> Train: Loss 0.579 | Accuracy = 79.632
2022-02-06 12:03:31,539 INFO Server -> Test: Loss 0.863 | Accuracy = 70.170
2022-02-06 12:03:31,600 INFO ROUND 211
2022-02-06 12:03:47,515 INFO [AFTER AVG]
2022-02-06 12:04:03,104 INFO Server -> Train: Loss 0.549 | Accuracy = 81.030
2022-02-06 12:04:03,106 INFO ROUND 212
2022-02-06 12:04:18,862 INFO [AFTER AVG]
2022-02-06 12:04:34,414 INFO Server -> Train: Loss 0.546 | Accuracy = 81.268
2022-02-06 12:04:34,415 INFO ROUND 213
2022-02-06 12:04:50,297 INFO [AFTER AVG]
2022-02-06 12:05:05,984 INFO Server -> Train: Loss 0.526 | Accuracy = 81.904
2022-02-06 12:05:05,985 INFO ROUND 214
2022-02-06 12:05:21,913 INFO [AFTER AVG]
2022-02-06 12:05:37,590 INFO Server -> Train: Loss 0.541 | Accuracy = 81.108
2022-02-06 12:05:37,591 INFO ROUND 215
2022-02-06 12:05:53,544 INFO [AFTER AVG]
2022-02-06 12:06:09,327 INFO Server -> Train: Loss 0.538 | Accuracy = 81.436
2022-02-06 12:06:09,327 INFO ROUND 216
2022-02-06 12:06:25,177 INFO [AFTER AVG]
2022-02-06 12:06:40,844 INFO Server -> Train: Loss 0.522 | Accuracy = 81.910
2022-02-06 12:06:40,845 INFO ROUND 217
2022-02-06 12:06:56,761 INFO [AFTER AVG]
2022-02-06 12:07:12,407 INFO Server -> Train: Loss 0.524 | Accuracy = 81.646
2022-02-06 12:07:12,409 INFO ROUND 218
2022-02-06 12:07:28,399 INFO [AFTER AVG]
2022-02-06 12:07:43,948 INFO Server -> Train: Loss 0.518 | Accuracy = 82.072
2022-02-06 12:07:43,949 INFO ROUND 219
2022-02-06 12:08:01,975 INFO [AFTER AVG]
2022-02-06 12:08:17,752 INFO Server -> Train: Loss 0.527 | Accuracy = 81.810
2022-02-06 12:08:17,753 INFO ROUND 220
2022-02-06 12:08:33,799 INFO [AFTER AVG]
2022-02-06 12:08:49,352 INFO Server -> Train: Loss 0.526 | Accuracy = 81.764
2022-02-06 12:08:49,353 INFO ROUND 221
2022-02-06 12:09:05,387 INFO [AFTER AVG]
2022-02-06 12:09:21,107 INFO Server -> Train: Loss 0.514 | Accuracy = 82.422
2022-02-06 12:09:21,108 INFO ROUND 222
2022-02-06 12:09:37,108 INFO [AFTER AVG]
2022-02-06 12:09:52,775 INFO Server -> Train: Loss 0.524 | Accuracy = 81.554
2022-02-06 12:09:52,776 INFO ROUND 223
2022-02-06 12:10:08,756 INFO [AFTER AVG]
2022-02-06 12:10:24,196 INFO Server -> Train: Loss 0.499 | Accuracy = 83.146
2022-02-06 12:10:24,197 INFO ROUND 224
2022-02-06 12:10:40,070 INFO [AFTER AVG]
2022-02-06 12:10:55,635 INFO Server -> Train: Loss 0.490 | Accuracy = 83.256
2022-02-06 12:10:55,637 INFO ROUND 225
2022-02-06 12:11:11,476 INFO [AFTER AVG]
2022-02-06 12:11:27,057 INFO Server -> Train: Loss 0.510 | Accuracy = 81.914
2022-02-06 12:11:30,387 INFO Server -> Test: Loss 0.857 | Accuracy = 71.270
2022-02-06 12:11:30,459 INFO ROUND 226
2022-02-06 12:11:46,450 INFO [AFTER AVG]
2022-02-06 12:12:01,913 INFO Server -> Train: Loss 0.530 | Accuracy = 80.962
2022-02-06 12:12:01,914 INFO ROUND 227
2022-02-06 12:12:17,811 INFO [AFTER AVG]
2022-02-06 12:12:33,320 INFO Server -> Train: Loss 0.491 | Accuracy = 83.018
2022-02-06 12:12:33,322 INFO ROUND 228
2022-02-06 12:12:49,254 INFO [AFTER AVG]
2022-02-06 12:13:04,924 INFO Server -> Train: Loss 0.510 | Accuracy = 82.216
2022-02-06 12:13:04,927 INFO ROUND 229
2022-02-06 12:13:20,798 INFO [AFTER AVG]
2022-02-06 12:13:36,326 INFO Server -> Train: Loss 0.485 | Accuracy = 83.264
2022-02-06 12:13:36,326 INFO ROUND 230
2022-02-06 12:13:52,231 INFO [AFTER AVG]
2022-02-06 12:14:07,741 INFO Server -> Train: Loss 0.488 | Accuracy = 82.882
2022-02-06 12:14:07,741 INFO ROUND 231
2022-02-06 12:14:23,614 INFO [AFTER AVG]
2022-02-06 12:14:39,106 INFO Server -> Train: Loss 0.522 | Accuracy = 81.162
2022-02-06 12:14:39,107 INFO ROUND 232
2022-02-06 12:14:55,121 INFO [AFTER AVG]
2022-02-06 12:15:10,602 INFO Server -> Train: Loss 0.486 | Accuracy = 83.644
2022-02-06 12:15:10,603 INFO ROUND 233
2022-02-06 12:15:26,611 INFO [AFTER AVG]
2022-02-06 12:15:41,999 INFO Server -> Train: Loss 0.479 | Accuracy = 83.056
2022-02-06 12:15:41,999 INFO ROUND 234
2022-02-06 12:15:57,983 INFO [AFTER AVG]
2022-02-06 12:16:13,432 INFO Server -> Train: Loss 0.465 | Accuracy = 83.916
2022-02-06 12:16:13,433 INFO ROUND 235
2022-02-06 12:16:29,406 INFO [AFTER AVG]
2022-02-06 12:16:44,894 INFO Server -> Train: Loss 0.452 | Accuracy = 84.622
2022-02-06 12:16:44,895 INFO ROUND 236
2022-02-06 12:17:00,884 INFO [AFTER AVG]
2022-02-06 12:17:16,482 INFO Server -> Train: Loss 0.446 | Accuracy = 84.826
2022-02-06 12:17:16,483 INFO ROUND 237
2022-02-06 12:17:32,537 INFO [AFTER AVG]
2022-02-06 12:17:47,937 INFO Server -> Train: Loss 0.449 | Accuracy = 84.598
2022-02-06 12:17:47,938 INFO ROUND 238
2022-02-06 12:18:03,954 INFO [AFTER AVG]
2022-02-06 12:18:19,427 INFO Server -> Train: Loss 0.451 | Accuracy = 84.606
2022-02-06 12:18:19,428 INFO ROUND 239
2022-02-06 12:18:35,590 INFO [AFTER AVG]
2022-02-06 12:18:51,111 INFO Server -> Train: Loss 0.439 | Accuracy = 84.862
2022-02-06 12:18:51,112 INFO ROUND 240
2022-02-06 12:19:07,293 INFO [AFTER AVG]
2022-02-06 12:19:22,860 INFO Server -> Train: Loss 0.442 | Accuracy = 84.734
2022-02-06 12:19:26,213 INFO Server -> Test: Loss 0.847 | Accuracy = 71.920
2022-02-06 12:19:26,283 INFO ROUND 241
2022-02-06 12:19:42,609 INFO [AFTER AVG]
2022-02-06 12:19:58,103 INFO Server -> Train: Loss 0.448 | Accuracy = 84.374
2022-02-06 12:19:58,104 INFO ROUND 242
2022-02-06 12:20:14,252 INFO [AFTER AVG]
2022-02-06 12:20:29,899 INFO Server -> Train: Loss 0.455 | Accuracy = 84.034
2022-02-06 12:20:29,900 INFO ROUND 243
2022-02-06 12:20:46,065 INFO [AFTER AVG]
2022-02-06 12:21:01,510 INFO Server -> Train: Loss 0.424 | Accuracy = 85.628
2022-02-06 12:21:01,511 INFO ROUND 244
2022-02-06 12:21:17,577 INFO [AFTER AVG]
2022-02-06 12:21:33,006 INFO Server -> Train: Loss 0.442 | Accuracy = 84.678
2022-02-06 12:21:33,008 INFO ROUND 245
2022-02-06 12:21:49,290 INFO [AFTER AVG]
2022-02-06 12:22:04,777 INFO Server -> Train: Loss 0.427 | Accuracy = 85.590
2022-02-06 12:22:04,778 INFO ROUND 246
2022-02-06 12:22:20,977 INFO [AFTER AVG]
2022-02-06 12:22:36,416 INFO Server -> Train: Loss 0.426 | Accuracy = 85.188
2022-02-06 12:22:36,417 INFO ROUND 247
2022-02-06 12:22:52,666 INFO [AFTER AVG]
2022-02-06 12:23:08,086 INFO Server -> Train: Loss 0.443 | Accuracy = 84.314
2022-02-06 12:23:08,086 INFO ROUND 248
2022-02-06 12:23:24,428 INFO [AFTER AVG]
2022-02-06 12:23:40,089 INFO Server -> Train: Loss 0.431 | Accuracy = 85.138
2022-02-06 12:23:40,090 INFO ROUND 249
2022-02-06 12:23:56,433 INFO [AFTER AVG]
2022-02-06 12:24:11,938 INFO Server -> Train: Loss 0.434 | Accuracy = 84.946
2022-02-06 12:24:11,938 INFO ROUND 250
2022-02-06 12:24:28,243 INFO [AFTER AVG]
2022-02-06 12:24:43,772 INFO Server -> Train: Loss 0.419 | Accuracy = 85.494
2022-02-06 12:24:43,774 INFO ROUND 251
2022-02-06 12:25:00,103 INFO [AFTER AVG]
2022-02-06 12:25:15,740 INFO Server -> Train: Loss 0.408 | Accuracy = 86.040
2022-02-06 12:25:15,742 INFO ROUND 252
2022-02-06 12:25:32,038 INFO [AFTER AVG]
2022-02-06 12:25:47,775 INFO Server -> Train: Loss 0.402 | Accuracy = 86.266
2022-02-06 12:25:47,776 INFO ROUND 253
2022-02-06 12:26:04,174 INFO [AFTER AVG]
2022-02-06 12:26:19,660 INFO Server -> Train: Loss 0.397 | Accuracy = 86.712
2022-02-06 12:26:19,661 INFO ROUND 254
2022-02-06 12:26:36,154 INFO [AFTER AVG]
2022-02-06 12:26:51,851 INFO Server -> Train: Loss 0.391 | Accuracy = 86.604
2022-02-06 12:26:51,853 INFO ROUND 255
2022-02-06 12:27:08,300 INFO [AFTER AVG]
2022-02-06 12:27:23,820 INFO Server -> Train: Loss 0.399 | Accuracy = 86.430
2022-02-06 12:27:27,124 INFO Server -> Test: Loss 0.866 | Accuracy = 71.360
2022-02-06 12:27:27,188 INFO ROUND 256
2022-02-06 12:27:43,894 INFO [AFTER AVG]
2022-02-06 12:27:59,538 INFO Server -> Train: Loss 0.402 | Accuracy = 85.910
2022-02-06 12:27:59,539 INFO ROUND 257
2022-02-06 12:28:16,009 INFO [AFTER AVG]
2022-02-06 12:28:31,659 INFO Server -> Train: Loss 0.421 | Accuracy = 84.954
2022-02-06 12:28:31,659 INFO ROUND 258
2022-02-06 12:28:48,185 INFO [AFTER AVG]
2022-02-06 12:29:03,796 INFO Server -> Train: Loss 0.381 | Accuracy = 86.988
2022-02-06 12:29:03,797 INFO ROUND 259
2022-02-06 12:29:20,304 INFO [AFTER AVG]
2022-02-06 12:29:35,758 INFO Server -> Train: Loss 0.373 | Accuracy = 87.260
2022-02-06 12:29:35,758 INFO ROUND 260
2022-02-06 12:29:52,348 INFO [AFTER AVG]
2022-02-06 12:30:07,874 INFO Server -> Train: Loss 0.381 | Accuracy = 87.038
2022-02-06 12:30:07,875 INFO ROUND 261
2022-02-06 12:30:24,410 INFO [AFTER AVG]
2022-02-06 12:30:39,983 INFO Server -> Train: Loss 0.378 | Accuracy = 86.944
2022-02-06 12:30:39,984 INFO ROUND 262
2022-02-06 12:30:56,711 INFO [AFTER AVG]
2022-02-06 12:31:12,081 INFO Server -> Train: Loss 0.358 | Accuracy = 87.732
2022-02-06 12:31:12,083 INFO ROUND 263
2022-02-06 12:31:28,757 INFO [AFTER AVG]
2022-02-06 12:31:44,703 INFO Server -> Train: Loss 0.358 | Accuracy = 87.926
2022-02-06 12:31:44,704 INFO ROUND 264
2022-02-06 12:32:01,417 INFO [AFTER AVG]
2022-02-06 12:32:16,999 INFO Server -> Train: Loss 0.365 | Accuracy = 87.602
2022-02-06 12:32:17,000 INFO ROUND 265
2022-02-06 12:32:33,782 INFO [AFTER AVG]
2022-02-06 12:32:49,265 INFO Server -> Train: Loss 0.400 | Accuracy = 85.470
2022-02-06 12:32:49,266 INFO ROUND 266
2022-02-06 12:33:05,797 INFO [AFTER AVG]
2022-02-06 12:33:21,092 INFO Server -> Train: Loss 0.362 | Accuracy = 87.714
2022-02-06 12:33:21,093 INFO ROUND 267
2022-02-06 12:33:37,577 INFO [AFTER AVG]
2022-02-06 12:33:52,938 INFO Server -> Train: Loss 0.349 | Accuracy = 88.302
2022-02-06 12:33:52,940 INFO ROUND 268
2022-02-06 12:34:09,714 INFO [AFTER AVG]
2022-02-06 12:34:25,021 INFO Server -> Train: Loss 0.349 | Accuracy = 88.240
2022-02-06 12:34:25,021 INFO ROUND 269
2022-02-06 12:34:41,750 INFO [AFTER AVG]
2022-02-06 12:34:57,310 INFO Server -> Train: Loss 0.349 | Accuracy = 88.468
2022-02-06 12:34:57,311 INFO ROUND 270
2022-02-06 12:35:13,929 INFO [AFTER AVG]
2022-02-06 12:35:29,364 INFO Server -> Train: Loss 0.341 | Accuracy = 88.494
2022-02-06 12:35:32,778 INFO Server -> Test: Loss 0.875 | Accuracy = 72.020
2022-02-06 12:35:32,838 INFO ROUND 271
2022-02-06 12:35:49,742 INFO [AFTER AVG]
2022-02-06 12:36:05,247 INFO Server -> Train: Loss 0.379 | Accuracy = 86.136
2022-02-06 12:36:05,248 INFO ROUND 272
2022-02-06 12:36:22,014 INFO [AFTER AVG]
2022-02-06 12:36:37,638 INFO Server -> Train: Loss 0.336 | Accuracy = 88.562
2022-02-06 12:36:37,639 INFO ROUND 273
2022-02-06 12:36:54,648 INFO [AFTER AVG]
2022-02-06 12:37:10,362 INFO Server -> Train: Loss 0.340 | Accuracy = 88.260
2022-02-06 12:37:10,364 INFO ROUND 274
2022-02-06 12:37:27,438 INFO [AFTER AVG]
2022-02-06 12:37:43,191 INFO Server -> Train: Loss 0.337 | Accuracy = 88.400
2022-02-06 12:37:43,192 INFO ROUND 275
2022-02-06 12:38:00,233 INFO [AFTER AVG]
2022-02-06 12:38:15,813 INFO Server -> Train: Loss 0.331 | Accuracy = 88.724
2022-02-06 12:38:15,815 INFO ROUND 276
2022-02-06 12:38:32,876 INFO [AFTER AVG]
2022-02-06 12:38:48,520 INFO Server -> Train: Loss 0.330 | Accuracy = 88.962
2022-02-06 12:38:48,522 INFO ROUND 277
2022-02-06 12:39:05,620 INFO [AFTER AVG]
2022-02-06 12:39:21,219 INFO Server -> Train: Loss 0.342 | Accuracy = 87.956
2022-02-06 12:39:21,219 INFO ROUND 278
2022-02-06 12:39:38,332 INFO [AFTER AVG]
2022-02-06 12:39:53,945 INFO Server -> Train: Loss 0.321 | Accuracy = 89.038
2022-02-06 12:39:53,946 INFO ROUND 279
2022-02-06 12:40:11,027 INFO [AFTER AVG]
2022-02-06 12:40:26,701 INFO Server -> Train: Loss 0.321 | Accuracy = 89.144
2022-02-06 12:40:26,703 INFO ROUND 280
2022-02-06 12:40:43,958 INFO [AFTER AVG]
2022-02-06 12:40:59,430 INFO Server -> Train: Loss 0.315 | Accuracy = 89.304
2022-02-06 12:40:59,432 INFO ROUND 281
2022-02-06 12:41:16,519 INFO [AFTER AVG]
2022-02-06 12:41:31,968 INFO Server -> Train: Loss 0.341 | Accuracy = 87.920
2022-02-06 12:41:31,969 INFO ROUND 282
2022-02-06 12:41:48,926 INFO [AFTER AVG]
2022-02-06 12:42:04,315 INFO Server -> Train: Loss 0.331 | Accuracy = 88.160
2022-02-06 12:42:04,317 INFO ROUND 283
2022-02-06 12:42:21,462 INFO [AFTER AVG]
2022-02-06 12:42:36,906 INFO Server -> Train: Loss 0.337 | Accuracy = 87.952
2022-02-06 12:42:36,907 INFO ROUND 284
2022-02-06 12:42:54,155 INFO [AFTER AVG]
2022-02-06 12:43:09,655 INFO Server -> Train: Loss 0.312 | Accuracy = 89.126
2022-02-06 12:43:09,656 INFO ROUND 285
2022-02-06 12:43:26,790 INFO [AFTER AVG]
2022-02-06 12:43:42,358 INFO Server -> Train: Loss 0.302 | Accuracy = 89.864
2022-02-06 12:43:45,786 INFO Server -> Test: Loss 0.901 | Accuracy = 72.000
2022-02-06 12:43:45,847 INFO ROUND 286
2022-02-06 12:44:03,028 INFO [AFTER AVG]
2022-02-06 12:44:18,524 INFO Server -> Train: Loss 0.314 | Accuracy = 88.952
2022-02-06 12:44:18,526 INFO ROUND 287
2022-02-06 12:44:35,883 INFO [AFTER AVG]
2022-02-06 12:44:51,565 INFO Server -> Train: Loss 0.310 | Accuracy = 89.598
2022-02-06 12:44:51,567 INFO ROUND 288
2022-02-06 12:45:09,019 INFO [AFTER AVG]
2022-02-06 12:45:24,608 INFO Server -> Train: Loss 0.285 | Accuracy = 90.460
2022-02-06 12:45:24,610 INFO ROUND 289
2022-02-06 12:45:42,158 INFO [AFTER AVG]
2022-02-06 12:45:57,866 INFO Server -> Train: Loss 0.294 | Accuracy = 90.158
2022-02-06 12:45:57,867 INFO ROUND 290
2022-02-06 12:46:15,372 INFO [AFTER AVG]
2022-02-06 12:46:31,020 INFO Server -> Train: Loss 0.287 | Accuracy = 90.338
2022-02-06 12:46:31,021 INFO ROUND 291
2022-02-06 12:46:48,586 INFO [AFTER AVG]
2022-02-06 12:47:04,263 INFO Server -> Train: Loss 0.286 | Accuracy = 90.312
2022-02-06 12:47:04,263 INFO ROUND 292
2022-02-06 12:47:21,776 INFO [AFTER AVG]
2022-02-06 12:47:37,605 INFO Server -> Train: Loss 0.279 | Accuracy = 90.754
2022-02-06 12:47:37,607 INFO ROUND 293
2022-02-06 12:47:55,158 INFO [AFTER AVG]
2022-02-06 12:48:10,683 INFO Server -> Train: Loss 0.289 | Accuracy = 89.998
2022-02-06 12:48:10,684 INFO ROUND 294
2022-02-06 12:48:28,153 INFO [AFTER AVG]
2022-02-06 12:48:43,843 INFO Server -> Train: Loss 0.278 | Accuracy = 90.580
2022-02-06 12:48:43,845 INFO ROUND 295
2022-02-06 12:49:01,344 INFO [AFTER AVG]
2022-02-06 12:49:17,026 INFO Server -> Train: Loss 0.268 | Accuracy = 91.208
2022-02-06 12:49:17,027 INFO ROUND 296
2022-02-06 12:49:34,715 INFO [AFTER AVG]
2022-02-06 12:49:50,407 INFO Server -> Train: Loss 0.295 | Accuracy = 89.724
2022-02-06 12:49:50,409 INFO ROUND 297
2022-02-06 12:50:08,050 INFO [AFTER AVG]
2022-02-06 12:50:23,520 INFO Server -> Train: Loss 0.275 | Accuracy = 90.784
2022-02-06 12:50:23,521 INFO ROUND 298
2022-02-06 12:50:41,258 INFO [AFTER AVG]
2022-02-06 12:50:57,041 INFO Server -> Train: Loss 0.264 | Accuracy = 91.136
2022-02-06 12:50:57,042 INFO ROUND 299
2022-02-06 12:51:14,610 INFO [AFTER AVG]
2022-02-06 12:51:30,151 INFO Server -> Train: Loss 0.263 | Accuracy = 91.302
2022-02-06 12:51:30,153 INFO ROUND 300
2022-02-06 12:51:47,919 INFO [AFTER AVG]
2022-02-06 12:52:03,663 INFO Server -> Train: Loss 0.264 | Accuracy = 90.868
2022-02-06 12:52:07,124 INFO Server -> Test: Loss 0.958 | Accuracy = 72.090
2022-02-06 12:52:07,184 INFO ROUND 301
2022-02-06 12:52:24,804 INFO [AFTER AVG]
2022-02-06 12:52:40,483 INFO Server -> Train: Loss 0.261 | Accuracy = 91.468
2022-02-06 12:52:40,484 INFO ROUND 302
2022-02-06 12:52:58,362 INFO [AFTER AVG]
2022-02-06 12:53:13,931 INFO Server -> Train: Loss 0.251 | Accuracy = 91.776
2022-02-06 12:53:13,932 INFO ROUND 303
2022-02-06 12:53:31,551 INFO [AFTER AVG]
2022-02-06 12:53:46,913 INFO Server -> Train: Loss 0.259 | Accuracy = 91.114
2022-02-06 12:53:46,914 INFO ROUND 304
2022-02-06 12:54:04,508 INFO [AFTER AVG]
2022-02-06 12:54:20,084 INFO Server -> Train: Loss 0.252 | Accuracy = 91.450
2022-02-06 12:54:20,084 INFO ROUND 305
2022-02-06 12:54:37,906 INFO [AFTER AVG]
2022-02-06 12:54:53,709 INFO Server -> Train: Loss 0.269 | Accuracy = 90.518
2022-02-06 12:54:53,711 INFO ROUND 306
2022-02-06 12:55:11,528 INFO [AFTER AVG]
2022-02-06 12:55:27,212 INFO Server -> Train: Loss 0.244 | Accuracy = 92.064
2022-02-06 12:55:27,212 INFO ROUND 307
2022-02-06 12:55:45,046 INFO [AFTER AVG]
2022-02-06 12:56:00,848 INFO Server -> Train: Loss 0.249 | Accuracy = 91.560
2022-02-06 12:56:00,849 INFO ROUND 308
2022-02-06 12:56:18,571 INFO [AFTER AVG]
2022-02-06 12:56:34,231 INFO Server -> Train: Loss 0.234 | Accuracy = 92.292
2022-02-06 12:56:34,233 INFO ROUND 309
2022-02-06 12:56:51,999 INFO [AFTER AVG]
2022-02-06 12:57:07,622 INFO Server -> Train: Loss 0.237 | Accuracy = 92.006
2022-02-06 12:57:07,623 INFO ROUND 310
2022-02-06 12:57:25,155 INFO [AFTER AVG]
2022-02-06 12:57:40,639 INFO Server -> Train: Loss 0.281 | Accuracy = 89.804
2022-02-06 12:57:40,640 INFO ROUND 311
2022-02-06 12:57:58,083 INFO [AFTER AVG]
2022-02-06 12:58:13,759 INFO Server -> Train: Loss 0.250 | Accuracy = 91.500
2022-02-06 12:58:13,761 INFO ROUND 312
2022-02-06 12:58:31,452 INFO [AFTER AVG]
2022-02-06 12:58:46,915 INFO Server -> Train: Loss 0.247 | Accuracy = 91.606
2022-02-06 12:58:46,916 INFO ROUND 313
2022-02-06 12:59:04,520 INFO [AFTER AVG]
2022-02-06 12:59:20,088 INFO Server -> Train: Loss 0.233 | Accuracy = 92.366
2022-02-06 12:59:20,089 INFO ROUND 314
2022-02-06 12:59:37,769 INFO [AFTER AVG]
2022-02-06 12:59:53,311 INFO Server -> Train: Loss 0.227 | Accuracy = 92.520
2022-02-06 12:59:53,312 INFO ROUND 315
2022-02-06 13:00:11,047 INFO [AFTER AVG]
2022-02-06 13:00:26,612 INFO Server -> Train: Loss 0.231 | Accuracy = 92.172
2022-02-06 13:00:29,961 INFO Server -> Test: Loss 0.996 | Accuracy = 71.750
2022-02-06 13:00:30,021 INFO ROUND 316
2022-02-06 13:00:47,785 INFO [AFTER AVG]
2022-02-06 13:01:03,276 INFO Server -> Train: Loss 0.220 | Accuracy = 92.892
2022-02-06 13:01:03,276 INFO ROUND 317
2022-02-06 13:01:20,909 INFO [AFTER AVG]
2022-02-06 13:01:36,496 INFO Server -> Train: Loss 0.220 | Accuracy = 92.648
2022-02-06 13:01:36,498 INFO ROUND 318
2022-02-06 13:01:54,430 INFO [AFTER AVG]
2022-02-06 13:02:09,876 INFO Server -> Train: Loss 0.227 | Accuracy = 92.240
2022-02-06 13:02:09,876 INFO ROUND 319
2022-02-06 13:02:27,704 INFO [AFTER AVG]
2022-02-06 13:02:43,244 INFO Server -> Train: Loss 0.213 | Accuracy = 93.196
2022-02-06 13:02:43,245 INFO ROUND 320
2022-02-06 13:03:01,055 INFO [AFTER AVG]
2022-02-06 13:03:16,773 INFO Server -> Train: Loss 0.208 | Accuracy = 93.180
2022-02-06 13:03:16,775 INFO ROUND 321
2022-02-06 13:03:34,667 INFO [AFTER AVG]
2022-02-06 13:03:50,125 INFO Server -> Train: Loss 0.209 | Accuracy = 93.182
2022-02-06 13:03:50,126 INFO ROUND 322
2022-02-06 13:04:07,875 INFO [AFTER AVG]
2022-02-06 13:04:23,306 INFO Server -> Train: Loss 0.211 | Accuracy = 92.972
2022-02-06 13:04:23,306 INFO ROUND 323
2022-02-06 13:04:41,057 INFO [AFTER AVG]
2022-02-06 13:04:56,597 INFO Server -> Train: Loss 0.217 | Accuracy = 92.624
2022-02-06 13:04:56,598 INFO ROUND 324
2022-02-06 13:05:14,458 INFO [AFTER AVG]
2022-02-06 13:05:29,857 INFO Server -> Train: Loss 0.205 | Accuracy = 93.250
2022-02-06 13:05:29,858 INFO ROUND 325
2022-02-06 13:05:47,614 INFO [AFTER AVG]
2022-02-06 13:06:03,188 INFO Server -> Train: Loss 0.206 | Accuracy = 93.286
2022-02-06 13:06:03,189 INFO ROUND 326
2022-02-06 13:06:20,983 INFO [AFTER AVG]
2022-02-06 13:06:36,550 INFO Server -> Train: Loss 0.218 | Accuracy = 92.614
2022-02-06 13:06:36,550 INFO ROUND 327
2022-02-06 13:06:54,347 INFO [AFTER AVG]
2022-02-06 13:07:09,959 INFO Server -> Train: Loss 0.230 | Accuracy = 91.786
2022-02-06 13:07:09,960 INFO ROUND 328
2022-02-06 13:07:27,705 INFO [AFTER AVG]
2022-02-06 13:07:43,280 INFO Server -> Train: Loss 0.225 | Accuracy = 92.260
2022-02-06 13:07:43,282 INFO ROUND 329
2022-02-06 13:08:01,087 INFO [AFTER AVG]
2022-02-06 13:08:16,651 INFO Server -> Train: Loss 0.250 | Accuracy = 90.906
2022-02-06 13:08:16,653 INFO ROUND 330
2022-02-06 13:08:34,538 INFO [AFTER AVG]
2022-02-06 13:08:50,097 INFO Server -> Train: Loss 0.213 | Accuracy = 92.810
2022-02-06 13:08:53,466 INFO Server -> Test: Loss 1.017 | Accuracy = 71.950
2022-02-06 13:08:53,536 INFO ROUND 331
2022-02-06 13:09:11,267 INFO [AFTER AVG]
2022-02-06 13:09:26,479 INFO Server -> Train: Loss 0.186 | Accuracy = 94.096
2022-02-06 13:09:26,481 INFO ROUND 332
2022-02-06 13:09:44,202 INFO [AFTER AVG]
2022-02-06 13:09:59,479 INFO Server -> Train: Loss 0.182 | Accuracy = 94.232
2022-02-06 13:09:59,479 INFO ROUND 333
2022-02-06 13:10:17,555 INFO [AFTER AVG]
2022-02-06 13:10:32,795 INFO Server -> Train: Loss 0.207 | Accuracy = 92.776
2022-02-06 13:10:32,796 INFO ROUND 334
2022-02-06 13:10:51,590 INFO [AFTER AVG]
2022-02-06 13:11:07,246 INFO Server -> Train: Loss 0.204 | Accuracy = 93.112
2022-02-06 13:11:07,247 INFO ROUND 335
2022-02-06 13:11:26,639 INFO [AFTER AVG]
2022-02-06 13:11:42,154 INFO Server -> Train: Loss 0.182 | Accuracy = 94.260
2022-02-06 13:11:42,155 INFO ROUND 336
2022-02-06 13:12:00,117 INFO [AFTER AVG]
2022-02-06 13:12:15,456 INFO Server -> Train: Loss 0.177 | Accuracy = 94.324
2022-02-06 13:12:15,458 INFO ROUND 337
2022-02-06 13:12:33,537 INFO [AFTER AVG]
2022-02-06 13:12:48,906 INFO Server -> Train: Loss 0.174 | Accuracy = 94.380
2022-02-06 13:12:48,908 INFO ROUND 338
2022-02-06 13:13:06,936 INFO [AFTER AVG]
2022-02-06 13:13:22,413 INFO Server -> Train: Loss 0.191 | Accuracy = 93.446
2022-02-06 13:13:22,416 INFO ROUND 339
2022-02-06 13:13:40,405 INFO [AFTER AVG]
2022-02-06 13:13:56,040 INFO Server -> Train: Loss 0.192 | Accuracy = 93.402
2022-02-06 13:13:56,042 INFO ROUND 340
2022-02-06 13:14:14,065 INFO [AFTER AVG]
2022-02-06 13:14:29,510 INFO Server -> Train: Loss 0.171 | Accuracy = 94.488
2022-02-06 13:14:29,511 INFO ROUND 341
2022-02-06 13:14:47,496 INFO [AFTER AVG]
2022-02-06 13:15:03,098 INFO Server -> Train: Loss 0.169 | Accuracy = 94.606
2022-02-06 13:15:03,099 INFO ROUND 342
2022-02-06 13:15:21,052 INFO [AFTER AVG]
2022-02-06 13:15:36,576 INFO Server -> Train: Loss 0.206 | Accuracy = 92.716
2022-02-06 13:15:36,578 INFO ROUND 343
2022-02-06 13:15:54,643 INFO [AFTER AVG]
2022-02-06 13:16:10,035 INFO Server -> Train: Loss 0.175 | Accuracy = 94.394
2022-02-06 13:16:10,036 INFO ROUND 344
2022-02-06 13:16:28,036 INFO [AFTER AVG]
2022-02-06 13:16:43,434 INFO Server -> Train: Loss 0.166 | Accuracy = 94.778
2022-02-06 13:16:43,436 INFO ROUND 345
2022-02-06 13:17:01,498 INFO [AFTER AVG]
2022-02-06 13:17:17,026 INFO Server -> Train: Loss 0.180 | Accuracy = 93.990
2022-02-06 13:17:20,403 INFO Server -> Test: Loss 1.105 | Accuracy = 71.410
2022-02-06 13:17:20,471 INFO ROUND 346
2022-02-06 13:17:38,506 INFO [AFTER AVG]
2022-02-06 13:17:53,824 INFO Server -> Train: Loss 0.171 | Accuracy = 94.328
2022-02-06 13:17:53,825 INFO ROUND 347
2022-02-06 13:18:11,807 INFO [AFTER AVG]
2022-02-06 13:18:27,280 INFO Server -> Train: Loss 0.163 | Accuracy = 94.738
2022-02-06 13:18:27,281 INFO ROUND 348
2022-02-06 13:18:45,542 INFO [AFTER AVG]
2022-02-06 13:19:00,982 INFO Server -> Train: Loss 0.159 | Accuracy = 95.056
2022-02-06 13:19:00,984 INFO ROUND 349
2022-02-06 13:19:19,166 INFO [AFTER AVG]
2022-02-06 13:19:34,564 INFO Server -> Train: Loss 0.152 | Accuracy = 95.352
2022-02-06 13:19:34,564 INFO ROUND 350
2022-02-06 13:19:52,697 INFO [AFTER AVG]
2022-02-06 13:20:08,136 INFO Server -> Train: Loss 0.146 | Accuracy = 95.644
2022-02-06 13:20:08,137 INFO ROUND 351
2022-02-06 13:20:26,523 INFO [AFTER AVG]
2022-02-06 13:20:42,013 INFO Server -> Train: Loss 0.152 | Accuracy = 95.264
2022-02-06 13:20:42,015 INFO ROUND 352
2022-02-06 13:21:00,299 INFO [AFTER AVG]
2022-02-06 13:21:15,815 INFO Server -> Train: Loss 0.157 | Accuracy = 94.870
2022-02-06 13:21:15,816 INFO ROUND 353
2022-02-06 13:21:34,069 INFO [AFTER AVG]
2022-02-06 13:21:49,358 INFO Server -> Train: Loss 0.157 | Accuracy = 94.902
2022-02-06 13:21:49,360 INFO ROUND 354
2022-02-06 13:22:07,624 INFO [AFTER AVG]
2022-02-06 13:22:23,089 INFO Server -> Train: Loss 0.147 | Accuracy = 95.572
2022-02-06 13:22:23,091 INFO ROUND 355
2022-02-06 13:22:41,451 INFO [AFTER AVG]
2022-02-06 13:22:56,772 INFO Server -> Train: Loss 0.146 | Accuracy = 95.564
2022-02-06 13:22:56,773 INFO ROUND 356
2022-02-06 13:23:14,933 INFO [AFTER AVG]
2022-02-06 13:23:30,255 INFO Server -> Train: Loss 0.147 | Accuracy = 95.412
2022-02-06 13:23:30,256 INFO ROUND 357
2022-02-06 13:23:48,619 INFO [AFTER AVG]
2022-02-06 13:24:04,008 INFO Server -> Train: Loss 0.157 | Accuracy = 94.916
2022-02-06 13:24:04,010 INFO ROUND 358
2022-02-06 13:24:22,265 INFO [AFTER AVG]
2022-02-06 13:24:37,576 INFO Server -> Train: Loss 0.145 | Accuracy = 95.556
2022-02-06 13:24:37,577 INFO ROUND 359
2022-02-06 13:24:55,903 INFO [AFTER AVG]
2022-02-06 13:25:11,295 INFO Server -> Train: Loss 0.150 | Accuracy = 95.096
2022-02-06 13:25:11,295 INFO ROUND 360
2022-02-06 13:25:29,735 INFO [AFTER AVG]
2022-02-06 13:25:45,086 INFO Server -> Train: Loss 0.152 | Accuracy = 95.030
2022-02-06 13:25:48,443 INFO Server -> Test: Loss 1.135 | Accuracy = 71.600
2022-02-06 13:25:48,508 INFO ROUND 361
2022-02-06 13:26:06,900 INFO [AFTER AVG]
2022-02-06 13:26:22,353 INFO Server -> Train: Loss 0.135 | Accuracy = 95.980
2022-02-06 13:26:22,354 INFO ROUND 362
2022-02-06 13:26:40,762 INFO [AFTER AVG]
2022-02-06 13:26:56,208 INFO Server -> Train: Loss 0.145 | Accuracy = 95.322
2022-02-06 13:26:56,210 INFO ROUND 363
2022-02-06 13:27:14,509 INFO [AFTER AVG]
2022-02-06 13:27:29,838 INFO Server -> Train: Loss 0.150 | Accuracy = 95.136
2022-02-06 13:27:29,838 INFO ROUND 364
2022-02-06 13:27:48,211 INFO [AFTER AVG]
2022-02-06 13:28:03,555 INFO Server -> Train: Loss 0.137 | Accuracy = 95.788
2022-02-06 13:28:03,557 INFO ROUND 365
2022-02-06 13:28:21,788 INFO [AFTER AVG]
2022-02-06 13:28:37,261 INFO Server -> Train: Loss 0.136 | Accuracy = 95.886
2022-02-06 13:28:37,262 INFO ROUND 366
2022-02-06 13:28:55,760 INFO [AFTER AVG]
2022-02-06 13:29:11,286 INFO Server -> Train: Loss 0.151 | Accuracy = 94.996
2022-02-06 13:29:11,287 INFO ROUND 367
2022-02-06 13:29:29,618 INFO [AFTER AVG]
2022-02-06 13:29:45,120 INFO Server -> Train: Loss 0.135 | Accuracy = 95.960
2022-02-06 13:29:45,121 INFO ROUND 368
2022-02-06 13:30:03,612 INFO [AFTER AVG]
2022-02-06 13:30:19,000 INFO Server -> Train: Loss 0.130 | Accuracy = 95.956
2022-02-06 13:30:19,002 INFO ROUND 369
2022-02-06 13:30:37,440 INFO [AFTER AVG]
2022-02-06 13:30:52,839 INFO Server -> Train: Loss 0.126 | Accuracy = 96.140
2022-02-06 13:30:52,840 INFO ROUND 370
2022-02-06 13:31:11,365 INFO [AFTER AVG]
2022-02-06 13:31:26,941 INFO Server -> Train: Loss 0.131 | Accuracy = 95.994
2022-02-06 13:31:26,942 INFO ROUND 371
2022-02-06 13:31:45,475 INFO [AFTER AVG]
2022-02-06 13:32:00,978 INFO Server -> Train: Loss 0.120 | Accuracy = 96.540
2022-02-06 13:32:00,979 INFO ROUND 372
2022-02-06 13:32:20,095 INFO [AFTER AVG]
2022-02-06 13:32:35,554 INFO Server -> Train: Loss 0.148 | Accuracy = 94.836
2022-02-06 13:32:35,556 INFO ROUND 373
2022-02-06 13:32:54,677 INFO [AFTER AVG]
2022-02-06 13:33:10,264 INFO Server -> Train: Loss 0.130 | Accuracy = 96.098
2022-02-06 13:33:10,266 INFO ROUND 374
2022-02-06 13:33:28,782 INFO [AFTER AVG]
2022-02-06 13:33:44,222 INFO Server -> Train: Loss 0.125 | Accuracy = 96.110
2022-02-06 13:33:44,223 INFO ROUND 375
2022-02-06 13:34:02,838 INFO [AFTER AVG]
2022-02-06 13:34:18,230 INFO Server -> Train: Loss 0.119 | Accuracy = 96.494
2022-02-06 13:34:21,585 INFO Server -> Test: Loss 1.173 | Accuracy = 71.870
2022-02-06 13:34:21,647 INFO ROUND 376
2022-02-06 13:34:40,268 INFO [AFTER AVG]
2022-02-06 13:34:55,614 INFO Server -> Train: Loss 0.134 | Accuracy = 95.702
2022-02-06 13:34:55,616 INFO ROUND 377
2022-02-06 13:35:14,176 INFO [AFTER AVG]
2022-02-06 13:35:29,727 INFO Server -> Train: Loss 0.117 | Accuracy = 96.506
2022-02-06 13:35:29,727 INFO ROUND 378
2022-02-06 13:35:48,483 INFO [AFTER AVG]
2022-02-06 13:36:03,981 INFO Server -> Train: Loss 0.111 | Accuracy = 96.878
2022-02-06 13:36:03,983 INFO ROUND 379
2022-02-06 13:36:22,426 INFO [AFTER AVG]
2022-02-06 13:36:37,808 INFO Server -> Train: Loss 0.116 | Accuracy = 96.552
2022-02-06 13:36:37,809 INFO ROUND 380
2022-02-06 13:36:56,282 INFO [AFTER AVG]
2022-02-06 13:37:11,762 INFO Server -> Train: Loss 0.134 | Accuracy = 95.426
2022-02-06 13:37:11,762 INFO ROUND 381
2022-02-06 13:37:30,471 INFO [AFTER AVG]
2022-02-06 13:37:45,879 INFO Server -> Train: Loss 0.117 | Accuracy = 96.368
2022-02-06 13:37:45,880 INFO ROUND 382
2022-02-06 13:38:04,520 INFO [AFTER AVG]
2022-02-06 13:38:20,053 INFO Server -> Train: Loss 0.106 | Accuracy = 96.960
2022-02-06 13:38:20,055 INFO ROUND 383
2022-02-06 13:38:38,749 INFO [AFTER AVG]
2022-02-06 13:38:54,215 INFO Server -> Train: Loss 0.114 | Accuracy = 96.488
2022-02-06 13:38:54,215 INFO ROUND 384
2022-02-06 13:39:12,790 INFO [AFTER AVG]
2022-02-06 13:39:28,225 INFO Server -> Train: Loss 0.117 | Accuracy = 96.314
2022-02-06 13:39:28,226 INFO ROUND 385
2022-02-06 13:39:46,852 INFO [AFTER AVG]
2022-02-06 13:40:02,232 INFO Server -> Train: Loss 0.109 | Accuracy = 96.734
2022-02-06 13:40:02,234 INFO ROUND 386
2022-02-06 13:40:21,023 INFO [AFTER AVG]
2022-02-06 13:40:36,677 INFO Server -> Train: Loss 0.104 | Accuracy = 97.048
2022-02-06 13:40:36,678 INFO ROUND 387
2022-02-06 13:40:55,805 INFO [AFTER AVG]
2022-02-06 13:41:11,628 INFO Server -> Train: Loss 0.129 | Accuracy = 95.694
2022-02-06 13:41:11,629 INFO ROUND 388
2022-02-06 13:41:31,016 INFO [AFTER AVG]
2022-02-06 13:41:46,706 INFO Server -> Train: Loss 0.113 | Accuracy = 96.534
2022-02-06 13:41:46,708 INFO ROUND 389
2022-02-06 13:42:05,974 INFO [AFTER AVG]
2022-02-06 13:42:21,490 INFO Server -> Train: Loss 0.140 | Accuracy = 95.232
2022-02-06 13:42:21,492 INFO ROUND 390
2022-02-06 13:42:40,711 INFO [AFTER AVG]
2022-02-06 13:42:56,277 INFO Server -> Train: Loss 0.106 | Accuracy = 97.130
2022-02-06 13:42:59,737 INFO Server -> Test: Loss 1.195 | Accuracy = 71.500
2022-02-06 13:42:59,802 INFO ROUND 391
2022-02-06 13:43:19,203 INFO [AFTER AVG]
2022-02-06 13:43:34,857 INFO Server -> Train: Loss 0.107 | Accuracy = 96.862
2022-02-06 13:43:34,858 INFO ROUND 392
2022-02-06 13:43:54,242 INFO [AFTER AVG]
2022-02-06 13:44:09,959 INFO Server -> Train: Loss 0.099 | Accuracy = 97.212
2022-02-06 13:44:09,960 INFO ROUND 393
2022-02-06 13:44:29,225 INFO [AFTER AVG]
2022-02-06 13:44:44,655 INFO Server -> Train: Loss 0.113 | Accuracy = 96.340
2022-02-06 13:44:44,656 INFO ROUND 394
2022-02-06 13:45:03,826 INFO [AFTER AVG]
2022-02-06 13:45:19,365 INFO Server -> Train: Loss 0.103 | Accuracy = 97.044
2022-02-06 13:45:19,366 INFO ROUND 395
2022-02-06 13:45:38,762 INFO [AFTER AVG]
2022-02-06 13:45:54,211 INFO Server -> Train: Loss 0.100 | Accuracy = 97.206
2022-02-06 13:45:54,213 INFO ROUND 396
2022-02-06 13:46:13,217 INFO [AFTER AVG]
2022-02-06 13:46:28,738 INFO Server -> Train: Loss 0.104 | Accuracy = 96.926
2022-02-06 13:46:28,738 INFO ROUND 397
2022-02-06 13:46:47,732 INFO [AFTER AVG]
2022-02-06 13:47:03,133 INFO Server -> Train: Loss 0.096 | Accuracy = 97.254
2022-02-06 13:47:03,135 INFO ROUND 398
2022-02-06 13:47:22,180 INFO [AFTER AVG]
2022-02-06 13:47:37,727 INFO Server -> Train: Loss 0.124 | Accuracy = 95.776
2022-02-06 13:47:37,727 INFO ROUND 399
2022-02-06 13:47:56,798 INFO [AFTER AVG]
2022-02-06 13:48:12,109 INFO Server -> Train: Loss 0.100 | Accuracy = 97.110
2022-02-06 13:48:12,110 INFO ROUND 400
2022-02-06 13:48:31,210 INFO [AFTER AVG]
2022-02-06 13:48:46,648 INFO Server -> Train: Loss 0.091 | Accuracy = 97.500
2022-02-06 13:48:46,648 INFO ROUND 401
2022-02-06 13:49:05,693 INFO [AFTER AVG]
2022-02-06 13:49:21,019 INFO Server -> Train: Loss 0.087 | Accuracy = 97.646
2022-02-06 13:49:21,020 INFO ROUND 402
2022-02-06 13:49:40,458 INFO [AFTER AVG]
2022-02-06 13:49:55,949 INFO Server -> Train: Loss 0.085 | Accuracy = 97.794
2022-02-06 13:49:55,950 INFO ROUND 403
2022-02-06 13:50:15,107 INFO [AFTER AVG]
2022-02-06 13:50:30,566 INFO Server -> Train: Loss 0.098 | Accuracy = 96.992
2022-02-06 13:50:30,567 INFO ROUND 404
2022-02-06 13:50:49,772 INFO [AFTER AVG]
2022-02-06 13:51:05,228 INFO Server -> Train: Loss 0.127 | Accuracy = 95.654
2022-02-06 13:51:05,230 INFO ROUND 405
2022-02-06 13:51:24,447 INFO [AFTER AVG]
2022-02-06 13:51:39,993 INFO Server -> Train: Loss 0.112 | Accuracy = 96.468
2022-02-06 13:51:43,435 INFO Server -> Test: Loss 1.251 | Accuracy = 71.180
2022-02-06 13:51:43,515 INFO ROUND 406
2022-02-06 13:52:02,903 INFO [AFTER AVG]
2022-02-06 13:52:18,377 INFO Server -> Train: Loss 0.088 | Accuracy = 97.546
2022-02-06 13:52:18,378 INFO ROUND 407
2022-02-06 13:52:37,710 INFO [AFTER AVG]
2022-02-06 13:52:53,110 INFO Server -> Train: Loss 0.108 | Accuracy = 96.544
2022-02-06 13:52:53,110 INFO ROUND 408
2022-02-06 13:53:12,334 INFO [AFTER AVG]
2022-02-06 13:53:27,852 INFO Server -> Train: Loss 0.091 | Accuracy = 97.572
2022-02-06 13:53:27,854 INFO ROUND 409
2022-02-06 13:53:47,193 INFO [AFTER AVG]
2022-02-06 13:54:02,627 INFO Server -> Train: Loss 0.086 | Accuracy = 97.650
2022-02-06 13:54:02,627 INFO ROUND 410
2022-02-06 13:54:22,017 INFO [AFTER AVG]
2022-02-06 13:54:37,442 INFO Server -> Train: Loss 0.088 | Accuracy = 97.554
2022-02-06 13:54:37,444 INFO ROUND 411
2022-02-06 13:54:56,750 INFO [AFTER AVG]
2022-02-06 13:55:12,017 INFO Server -> Train: Loss 0.084 | Accuracy = 97.796
2022-02-06 13:55:12,018 INFO ROUND 412
2022-02-06 13:55:31,427 INFO [AFTER AVG]
2022-02-06 13:55:46,792 INFO Server -> Train: Loss 0.111 | Accuracy = 96.394
2022-02-06 13:55:46,793 INFO ROUND 413
2022-02-06 13:56:06,134 INFO [AFTER AVG]
2022-02-06 13:56:21,436 INFO Server -> Train: Loss 0.090 | Accuracy = 97.508
2022-02-06 13:56:21,437 INFO ROUND 414
2022-02-06 13:56:40,937 INFO [AFTER AVG]
2022-02-06 13:56:56,365 INFO Server -> Train: Loss 0.076 | Accuracy = 98.042
2022-02-06 13:56:56,367 INFO ROUND 415
2022-02-06 13:57:15,564 INFO [AFTER AVG]
2022-02-06 13:57:31,223 INFO Server -> Train: Loss 0.078 | Accuracy = 98.010
2022-02-06 13:57:31,224 INFO ROUND 416
2022-02-06 13:57:50,646 INFO [AFTER AVG]
2022-02-06 13:58:06,067 INFO Server -> Train: Loss 0.080 | Accuracy = 97.806
2022-02-06 13:58:06,068 INFO ROUND 417
2022-02-06 13:58:25,462 INFO [AFTER AVG]
2022-02-06 13:58:40,912 INFO Server -> Train: Loss 0.085 | Accuracy = 97.602
2022-02-06 13:58:40,914 INFO ROUND 418
2022-02-06 13:59:00,250 INFO [AFTER AVG]
2022-02-06 13:59:15,557 INFO Server -> Train: Loss 0.078 | Accuracy = 97.960
2022-02-06 13:59:15,558 INFO ROUND 419
2022-02-06 13:59:34,979 INFO [AFTER AVG]
2022-02-06 13:59:50,377 INFO Server -> Train: Loss 0.079 | Accuracy = 97.770
2022-02-06 13:59:50,378 INFO ROUND 420
2022-02-06 14:00:09,997 INFO [AFTER AVG]
2022-02-06 14:00:25,535 INFO Server -> Train: Loss 0.082 | Accuracy = 97.672
2022-02-06 14:00:28,998 INFO Server -> Test: Loss 1.333 | Accuracy = 71.720
2022-02-06 14:00:29,072 INFO ROUND 421
2022-02-06 14:00:48,585 INFO [AFTER AVG]
2022-02-06 14:01:03,914 INFO Server -> Train: Loss 0.075 | Accuracy = 98.058
2022-02-06 14:01:03,915 INFO ROUND 422
2022-02-06 14:01:23,518 INFO [AFTER AVG]
2022-02-06 14:01:38,989 INFO Server -> Train: Loss 0.069 | Accuracy = 98.296
2022-02-06 14:01:38,992 INFO ROUND 423
2022-02-06 14:01:58,386 INFO [AFTER AVG]
2022-02-06 14:02:13,998 INFO Server -> Train: Loss 0.071 | Accuracy = 98.256
2022-02-06 14:02:14,000 INFO ROUND 424
2022-02-06 14:02:33,434 INFO [AFTER AVG]
2022-02-06 14:02:48,867 INFO Server -> Train: Loss 0.068 | Accuracy = 98.312
2022-02-06 14:02:48,868 INFO ROUND 425
2022-02-06 14:03:08,480 INFO [AFTER AVG]
2022-02-06 14:03:23,929 INFO Server -> Train: Loss 0.067 | Accuracy = 98.318
2022-02-06 14:03:23,930 INFO ROUND 426
2022-02-06 14:03:43,375 INFO [AFTER AVG]
2022-02-06 14:03:58,720 INFO Server -> Train: Loss 0.072 | Accuracy = 98.074
2022-02-06 14:03:58,720 INFO ROUND 427
2022-02-06 14:04:18,257 INFO [AFTER AVG]
2022-02-06 14:04:33,559 INFO Server -> Train: Loss 0.067 | Accuracy = 98.266
2022-02-06 14:04:33,560 INFO ROUND 428
2022-02-06 14:04:53,060 INFO [AFTER AVG]
2022-02-06 14:05:08,432 INFO Server -> Train: Loss 0.069 | Accuracy = 98.240
2022-02-06 14:05:08,433 INFO ROUND 429
2022-02-06 14:05:27,874 INFO [AFTER AVG]
2022-02-06 14:05:43,419 INFO Server -> Train: Loss 0.079 | Accuracy = 97.780
2022-02-06 14:05:43,421 INFO ROUND 430
2022-02-06 14:06:02,836 INFO [AFTER AVG]
2022-02-06 14:06:18,195 INFO Server -> Train: Loss 0.090 | Accuracy = 97.108
2022-02-06 14:06:18,196 INFO ROUND 431
2022-02-06 14:06:38,086 INFO [AFTER AVG]
2022-02-06 14:06:53,611 INFO Server -> Train: Loss 0.111 | Accuracy = 96.112
2022-02-06 14:06:53,612 INFO ROUND 432
2022-02-06 14:07:13,550 INFO [AFTER AVG]
2022-02-06 14:07:29,017 INFO Server -> Train: Loss 0.081 | Accuracy = 97.754
2022-02-06 14:07:29,018 INFO ROUND 433
2022-02-06 14:07:48,804 INFO [AFTER AVG]
2022-02-06 14:08:04,378 INFO Server -> Train: Loss 0.068 | Accuracy = 98.366
2022-02-06 14:08:04,379 INFO ROUND 434
2022-02-06 14:08:24,143 INFO [AFTER AVG]
2022-02-06 14:08:39,784 INFO Server -> Train: Loss 0.065 | Accuracy = 98.540
2022-02-06 14:08:39,785 INFO ROUND 435
2022-02-06 14:08:59,527 INFO [AFTER AVG]
2022-02-06 14:09:15,045 INFO Server -> Train: Loss 0.063 | Accuracy = 98.566
2022-02-06 14:09:18,513 INFO Server -> Test: Loss 1.328 | Accuracy = 71.930
2022-02-06 14:09:18,577 INFO ROUND 436
2022-02-06 14:09:38,341 INFO [AFTER AVG]
2022-02-06 14:09:53,873 INFO Server -> Train: Loss 0.063 | Accuracy = 98.492
2022-02-06 14:09:53,874 INFO ROUND 437
2022-02-06 14:10:13,771 INFO [AFTER AVG]
2022-02-06 14:10:29,300 INFO Server -> Train: Loss 0.057 | Accuracy = 98.804
2022-02-06 14:10:29,301 INFO ROUND 438
2022-02-06 14:10:49,382 INFO [AFTER AVG]
2022-02-06 14:11:04,960 INFO Server -> Train: Loss 0.059 | Accuracy = 98.684
2022-02-06 14:11:04,960 INFO ROUND 439
2022-02-06 14:11:24,867 INFO [AFTER AVG]
2022-02-06 14:11:40,304 INFO Server -> Train: Loss 0.061 | Accuracy = 98.552
2022-02-06 14:11:40,304 INFO ROUND 440
2022-02-06 14:12:00,039 INFO [AFTER AVG]
2022-02-06 14:12:15,454 INFO Server -> Train: Loss 0.061 | Accuracy = 98.584
2022-02-06 14:12:15,454 INFO ROUND 441
2022-02-06 14:12:35,273 INFO [AFTER AVG]
2022-02-06 14:12:50,825 INFO Server -> Train: Loss 0.063 | Accuracy = 98.404
2022-02-06 14:12:50,826 INFO ROUND 442
2022-02-06 14:13:10,596 INFO [AFTER AVG]
2022-02-06 14:13:26,036 INFO Server -> Train: Loss 0.067 | Accuracy = 98.274
2022-02-06 14:13:26,037 INFO ROUND 443
2022-02-06 14:13:45,810 INFO [AFTER AVG]
2022-02-06 14:14:01,219 INFO Server -> Train: Loss 0.063 | Accuracy = 98.456
2022-02-06 14:14:01,220 INFO ROUND 444
2022-02-06 14:14:21,045 INFO [AFTER AVG]
2022-02-06 14:14:36,531 INFO Server -> Train: Loss 0.061 | Accuracy = 98.542
2022-02-06 14:14:36,532 INFO ROUND 445
2022-02-06 14:14:56,255 INFO [AFTER AVG]
2022-02-06 14:15:11,745 INFO Server -> Train: Loss 0.055 | Accuracy = 98.920
2022-02-06 14:15:11,747 INFO ROUND 446
2022-02-06 14:15:31,674 INFO [AFTER AVG]
2022-02-06 14:15:46,984 INFO Server -> Train: Loss 0.079 | Accuracy = 97.638
2022-02-06 14:15:46,985 INFO ROUND 447
2022-02-06 14:16:06,830 INFO [AFTER AVG]
2022-02-06 14:16:22,298 INFO Server -> Train: Loss 0.073 | Accuracy = 97.928
2022-02-06 14:16:22,299 INFO ROUND 448
2022-02-06 14:16:42,015 INFO [AFTER AVG]
